17 Feb 2017, 11:58:01.834 [   INFO] [   FXGL.SystemLogger] [                     main] System Logger is initialized
17 Feb 2017, 11:58:01.871 [  FINER] [   FXGL.SystemLogger] [                     main] Logging System Info
17 Feb 2017, 11:58:01.872 [  FINER] [   FXGL.SystemLogger] [                     main] CPU cores: 4
17 Feb 2017, 11:58:01.874 [  FINER] [   FXGL.SystemLogger] [                     main] Free Memory: 115MB
17 Feb 2017, 11:58:01.875 [  FINER] [   FXGL.SystemLogger] [                     main] Max Memory: 1796MB
17 Feb 2017, 11:58:01.876 [  FINER] [   FXGL.SystemLogger] [                     main] Total Memory: 123MB
17 Feb 2017, 11:58:01.876 [  FINER] [   FXGL.SystemLogger] [                     main] System Properties:
17 Feb 2017, 11:58:01.878 [  FINER] [   FXGL.SystemLogger] [                     main] sun.cpu.isalist=amd64
17 Feb 2017, 11:58:01.878 [  FINER] [   FXGL.SystemLogger] [                     main] sun.desktop=windows
17 Feb 2017, 11:58:01.879 [  FINER] [   FXGL.SystemLogger] [                     main] sun.io.unicode.encoding=UnicodeLittle
17 Feb 2017, 11:58:01.879 [  FINER] [   FXGL.SystemLogger] [                     main] sun.cpu.endian=little
17 Feb 2017, 11:58:01.879 [  FINER] [   FXGL.SystemLogger] [                     main] java.vendor.url.bug=http://bugreport.sun.com/bugreport/
17 Feb 2017, 11:58:01.880 [  FINER] [   FXGL.SystemLogger] [                     main] file.separator=\
17 Feb 2017, 11:58:01.880 [  FINER] [   FXGL.SystemLogger] [                     main] java.vendor=Oracle Corporation
17 Feb 2017, 11:58:01.880 [  FINER] [   FXGL.SystemLogger] [                     main] sun.boot.class.path=C:\Program Files\Java\jdk1.8.0_60\jre\lib\resources.jar;C:\Program Files\Java\jdk1.8.0_60\jre\lib\rt.jar;C:\Program Files\Java\jdk1.8.0_60\jre\lib\sunrsasign.jar;C:\Program Files\Java\jdk1.8.0_60\jre\lib\jsse.jar;C:\Program Files\Java\jdk1.8.0_60\jre\lib\jce.jar;C:\Program Files\Java\jdk1.8.0_60\jre\lib\charsets.jar;C:\Program Files\Java\jdk1.8.0_60\jre\lib\jfr.jar;C:\Program Files\Java\jdk1.8.0_60\jre\classes
17 Feb 2017, 11:58:01.881 [  FINER] [   FXGL.SystemLogger] [                     main] java.ext.dirs=C:\Program Files\Java\jdk1.8.0_60\jre\lib\ext;C:\WINDOWS\Sun\Java\lib\ext
17 Feb 2017, 11:58:01.881 [  FINER] [   FXGL.SystemLogger] [                     main] java.version=1.8.0_60
17 Feb 2017, 11:58:01.881 [  FINER] [   FXGL.SystemLogger] [                     main] java.vm.info=mixed mode
17 Feb 2017, 11:58:01.882 [  FINER] [   FXGL.SystemLogger] [                     main] awt.toolkit=sun.awt.windows.WToolkit
17 Feb 2017, 11:58:01.882 [  FINER] [   FXGL.SystemLogger] [                     main] user.language=en
17 Feb 2017, 11:58:01.885 [  FINER] [   FXGL.SystemLogger] [                     main] java.specification.vendor=Oracle Corporation
17 Feb 2017, 11:58:01.885 [  FINER] [   FXGL.SystemLogger] [                     main] sun.java.command=com.intellij.rt.execution.application.AppMain com.gamedesign.pacman.PacmanApp
17 Feb 2017, 11:58:01.886 [  FINER] [   FXGL.SystemLogger] [                     main] java.home=C:\Program Files\Java\jdk1.8.0_60\jre
17 Feb 2017, 11:58:01.887 [  FINER] [   FXGL.SystemLogger] [                     main] sun.arch.data.model=64
17 Feb 2017, 11:58:01.890 [  FINER] [   FXGL.SystemLogger] [                     main] java.vm.specification.version=1.8
17 Feb 2017, 11:58:01.891 [  FINER] [   FXGL.SystemLogger] [                     main] java.class.path=C:\Program Files\Java\jdk1.8.0_60\jre\lib\charsets.jar;C:\Program Files\Java\jdk1.8.0_60\jre\lib\deploy.jar;C:\Program Files\Java\jdk1.8.0_60\jre\lib\ext\access-bridge-64.jar;C:\Program Files\Java\jdk1.8.0_60\jre\lib\ext\cldrdata.jar;C:\Program Files\Java\jdk1.8.0_60\jre\lib\ext\dnsns.jar;C:\Program Files\Java\jdk1.8.0_60\jre\lib\ext\jaccess.jar;C:\Program Files\Java\jdk1.8.0_60\jre\lib\ext\jfxrt.jar;C:\Program Files\Java\jdk1.8.0_60\jre\lib\ext\localedata.jar;C:\Program Files\Java\jdk1.8.0_60\jre\lib\ext\nashorn.jar;C:\Program Files\Java\jdk1.8.0_60\jre\lib\ext\sunec.jar;C:\Program Files\Java\jdk1.8.0_60\jre\lib\ext\sunjce_provider.jar;C:\Program Files\Java\jdk1.8.0_60\jre\lib\ext\sunmscapi.jar;C:\Program Files\Java\jdk1.8.0_60\jre\lib\ext\sunpkcs11.jar;C:\Program Files\Java\jdk1.8.0_60\jre\lib\ext\zipfs.jar;C:\Program Files\Java\jdk1.8.0_60\jre\lib\javaws.jar;C:\Program Files\Java\jdk1.8.0_60\jre\lib\jce.jar;C:\Program Files\Java\jdk1.8.0_60\jre\lib\jfr.jar;C:\Program Files\Java\jdk1.8.0_60\jre\lib\jfxswt.jar;C:\Program Files\Java\jdk1.8.0_60\jre\lib\jsse.jar;C:\Program Files\Java\jdk1.8.0_60\jre\lib\management-agent.jar;C:\Program Files\Java\jdk1.8.0_60\jre\lib\plugin.jar;C:\Program Files\Java\jdk1.8.0_60\jre\lib\resources.jar;C:\Program Files\Java\jdk1.8.0_60\jre\lib\rt.jar;C:\Computer Science\Game Design\3rd\Pacman\out\production\Pacman;C:\Computer Science\Game Design\3rd\Pacman\lib\fxgl-0.2.9-uber.jar;C:\Program Files (x86)\JetBrains\IntelliJ IDEA Community Edition 15.0.3\lib\idea_rt.jar
17 Feb 2017, 11:58:01.891 [  FINER] [   FXGL.SystemLogger] [                     main] user.name=hwe10174
17 Feb 2017, 11:58:01.895 [  FINER] [   FXGL.SystemLogger] [                     main] file.encoding=UTF-8
17 Feb 2017, 11:58:01.897 [  FINER] [   FXGL.SystemLogger] [                     main] idea.launcher.bin.path=C:\Program Files (x86)\JetBrains\IntelliJ IDEA Community Edition 15.0.3\bin
17 Feb 2017, 11:58:01.898 [  FINER] [   FXGL.SystemLogger] [                     main] java.specification.version=1.8
17 Feb 2017, 11:58:01.898 [  FINER] [   FXGL.SystemLogger] [                     main] java.awt.printerjob=sun.awt.windows.WPrinterJob
17 Feb 2017, 11:58:01.900 [  FINER] [   FXGL.SystemLogger] [                     main] user.timezone=America/New_York
17 Feb 2017, 11:58:01.902 [  FINER] [   FXGL.SystemLogger] [                     main] user.home=C:\Users\hwe10174
17 Feb 2017, 11:58:01.902 [  FINER] [   FXGL.SystemLogger] [                     main] os.version=6.1
17 Feb 2017, 11:58:01.903 [  FINER] [   FXGL.SystemLogger] [                     main] sun.management.compiler=HotSpot 64-Bit Tiered Compilers
17 Feb 2017, 11:58:01.910 [  FINER] [   FXGL.SystemLogger] [                     main] java.specification.name=Java Platform API Specification
17 Feb 2017, 11:58:01.911 [  FINER] [   FXGL.SystemLogger] [                     main] java.class.version=52.0
17 Feb 2017, 11:58:01.911 [  FINER] [   FXGL.SystemLogger] [                     main] java.library.path=C:\Program Files\Java\jdk1.8.0_60\bin;C:\WINDOWS\Sun\Java\bin;C:\WINDOWS\system32;C:\WINDOWS;C:\WINDOWS\system32;C:\WINDOWS;C:\WINDOWS\System32\Wbem;C:\WINDOWS\System32\WindowsPowerShell\v1.0\;C:\Program Files (x86)\QuickTime\QTSystem\;C:\Program Files (x86)\Common Files\Netop\;C:\Program Files (x86)\Netop\Vision\XL\;C:\Program Files\Intel\WiFi\bin\;C:\Program Files\Common Files\Intel\WirelessCommon\;C:\WINDOWS\system32;C:\WINDOWS;C:\WINDOWS\System32\Wbem;C:\WINDOWS\System32\WindowsPowerShell\v1.0\;C:\Program Files (x86)\QuickTime\QTSystem\;C:\Program Files (x86)\Common Files\Netop\;C:\Program Files (x86)\Netop\Vision\XL\;C:\Program Files\Intel\WiFi\bin\;C:\Program Files\Common Files\Intel\WirelessCommon\;C:\Program Files\Java\jdk1.8.0_60\bin;C:\Users\hwe10174\AppData\Local\Programs\Git\cmd;C:\Users\hwe10174\Downloads\gradle-3.1\bin;.
17 Feb 2017, 11:58:01.912 [  FINER] [   FXGL.SystemLogger] [                     main] sun.jnu.encoding=Cp1252
17 Feb 2017, 11:58:01.912 [  FINER] [   FXGL.SystemLogger] [                     main] os.name=Windows 7
17 Feb 2017, 11:58:01.913 [  FINER] [   FXGL.SystemLogger] [                     main] user.variant=
17 Feb 2017, 11:58:01.914 [  FINER] [   FXGL.SystemLogger] [                     main] java.vm.specification.vendor=Oracle Corporation
17 Feb 2017, 11:58:01.914 [  FINER] [   FXGL.SystemLogger] [                     main] java.io.tmpdir=C:\Users\hwe10174\AppData\Local\Temp\
17 Feb 2017, 11:58:01.915 [  FINER] [   FXGL.SystemLogger] [                     main] line.separator=

17 Feb 2017, 11:58:01.915 [  FINER] [   FXGL.SystemLogger] [                     main] java.endorsed.dirs=C:\Program Files\Java\jdk1.8.0_60\jre\lib\endorsed
17 Feb 2017, 11:58:01.915 [  FINER] [   FXGL.SystemLogger] [                     main] os.arch=amd64
17 Feb 2017, 11:58:01.916 [  FINER] [   FXGL.SystemLogger] [                     main] java.awt.graphicsenv=sun.awt.Win32GraphicsEnvironment
17 Feb 2017, 11:58:01.917 [  FINER] [   FXGL.SystemLogger] [                     main] java.runtime.version=1.8.0_60-b27
17 Feb 2017, 11:58:01.918 [  FINER] [   FXGL.SystemLogger] [                     main] java.vm.specification.name=Java Virtual Machine Specification
17 Feb 2017, 11:58:01.919 [  FINER] [   FXGL.SystemLogger] [                     main] user.dir=C:\Computer Science\Game Design\3rd\Pacman
17 Feb 2017, 11:58:01.919 [  FINER] [   FXGL.SystemLogger] [                     main] user.country=US
17 Feb 2017, 11:58:01.919 [  FINER] [   FXGL.SystemLogger] [                     main] user.script=
17 Feb 2017, 11:58:01.920 [  FINER] [   FXGL.SystemLogger] [                     main] sun.java.launcher=SUN_STANDARD
17 Feb 2017, 11:58:01.920 [  FINER] [   FXGL.SystemLogger] [                     main] sun.os.patch.level=Service Pack 1
17 Feb 2017, 11:58:01.920 [  FINER] [   FXGL.SystemLogger] [                     main] idea.launcher.port=7533
17 Feb 2017, 11:58:01.921 [  FINER] [   FXGL.SystemLogger] [                     main] java.vm.name=Java HotSpot(TM) 64-Bit Server VM
17 Feb 2017, 11:58:01.921 [  FINER] [   FXGL.SystemLogger] [                     main] file.encoding.pkg=sun.io
17 Feb 2017, 11:58:01.921 [  FINER] [   FXGL.SystemLogger] [                     main] path.separator=;
17 Feb 2017, 11:58:01.922 [  FINER] [   FXGL.SystemLogger] [                     main] java.vm.vendor=Oracle Corporation
17 Feb 2017, 11:58:01.925 [  FINER] [   FXGL.SystemLogger] [                     main] java.vendor.url=http://java.oracle.com/
17 Feb 2017, 11:58:01.925 [  FINER] [   FXGL.SystemLogger] [                     main] sun.boot.library.path=C:\Program Files\Java\jdk1.8.0_60\jre\bin
17 Feb 2017, 11:58:01.927 [  FINER] [   FXGL.SystemLogger] [                     main] java.vm.version=25.60-b23
17 Feb 2017, 11:58:01.930 [  FINER] [   FXGL.SystemLogger] [                     main] java.runtime.name=Java(TM) SE Runtime Environment
17 Feb 2017, 11:58:01.939 [   INFO] [   FXGL.SystemLogger] [                     main] FXGL-0.2.9
17 Feb 2017, 11:58:01.940 [   INFO] [   FXGL.SystemLogger] [                     main] Source code and latest versions at: https://github.com/AlmasB/FXGL
17 Feb 2017, 11:58:01.941 [   INFO] [   FXGL.SystemLogger] [                     main]              Join the FXGL chat at: https://gitter.im/AlmasB/FXGL
17 Feb 2017, 11:58:02.250 [  FINER] [   FXGL.SystemLogger] [JavaFX Application Thread] Starting JavaFX
17 Feb 2017, 11:58:02.251 [  FINER] [   FXGL.SystemLogger] [          JavaFX-Launcher] Initializing FXGL
17 Feb 2017, 11:58:02.283 [  FINER] [   FXGL.SystemLogger] [JavaFX Application Thread] Starting FXGL
17 Feb 2017, 11:58:02.832 [  FINER] [   FXGL.SystemLogger] [     FXGL Launcher Thread] Configuring FXGL
17 Feb 2017, 11:58:02.832 [  FINER] [   FXGL.SystemLogger] [     FXGL Launcher Thread] Initializing system properties
17 Feb 2017, 11:58:02.931 [  FINER] [   FXGL.SystemLogger] [     FXGL Launcher Thread] sound.notification = system/notification.wav
17 Feb 2017, 11:58:02.932 [  FINER] [   FXGL.SystemLogger] [     FXGL Launcher Thread] url.storage = https://raw.githubusercontent.com/AlmasB/git-server/master/storage/
17 Feb 2017, 11:58:02.933 [  FINER] [   FXGL.SystemLogger] [     FXGL Launcher Thread] asset.cache.size = 35
17 Feb 2017, 11:58:02.933 [  FINER] [   FXGL.SystemLogger] [     FXGL Launcher Thread] fs.profiledir = profiles/
17 Feb 2017, 11:58:02.933 [  FINER] [   FXGL.SystemLogger] [     FXGL Launcher Thread] url.pom = https://raw.githubusercontent.com/AlmasB/FXGL/master/pom.xml
17 Feb 2017, 11:58:02.934 [  FINER] [   FXGL.SystemLogger] [     FXGL Launcher Thread] dev.showbbox = false
17 Feb 2017, 11:58:02.934 [  FINER] [   FXGL.SystemLogger] [     FXGL Launcher Thread] fs.datafile.ext = .dat
17 Feb 2017, 11:58:02.934 [  FINER] [   FXGL.SystemLogger] [     FXGL Launcher Thread] sound.menu.back = menu/back.wav
17 Feb 2017, 11:58:02.935 [  FINER] [   FXGL.SystemLogger] [     FXGL Launcher Thread] sound.menu.select = menu/select.wav
17 Feb 2017, 11:58:02.935 [  FINER] [   FXGL.SystemLogger] [     FXGL Launcher Thread] url.github = https://github.com/AlmasB/FXGL
17 Feb 2017, 11:58:02.935 [  FINER] [   FXGL.SystemLogger] [     FXGL Launcher Thread] url.surveymonkey = https://www.surveymonkey.co.uk/r/BH6LLPM
17 Feb 2017, 11:58:02.936 [  FINER] [   FXGL.SystemLogger] [     FXGL Launcher Thread] physics.ppm = 50.0
17 Feb 2017, 11:58:02.936 [  FINER] [   FXGL.SystemLogger] [     FXGL Launcher Thread] ui.css = fxgl.css
17 Feb 2017, 11:58:02.936 [  FINER] [   FXGL.SystemLogger] [     FXGL Launcher Thread] version.check.days = 7
17 Feb 2017, 11:58:02.937 [  FINER] [   FXGL.SystemLogger] [     FXGL Launcher Thread] fs.savefile.ext = .sav
17 Feb 2017, 11:58:02.937 [  FINER] [   FXGL.SystemLogger] [     FXGL Launcher Thread] pooling.initialSize = 128
17 Feb 2017, 11:58:02.937 [  FINER] [   FXGL.SystemLogger] [     FXGL Launcher Thread] ui.font = Copperplate_Gothic_Light_Regular.ttf
17 Feb 2017, 11:58:02.938 [  FINER] [   FXGL.SystemLogger] [     FXGL Launcher Thread] fs.savedir = saves/
17 Feb 2017, 11:58:02.938 [  FINER] [   FXGL.SystemLogger] [     FXGL Launcher Thread] fs.profilename = user.profile
17 Feb 2017, 11:58:02.938 [  FINER] [   FXGL.SystemLogger] [     FXGL Launcher Thread] ui.icon.name = fxgl_icon.png
17 Feb 2017, 11:58:02.939 [  FINER] [   FXGL.SystemLogger] [     FXGL Launcher Thread] url.googleforms = https://goo.gl/forms/6wrMnOBxTE1fEpOy2
17 Feb 2017, 11:58:02.940 [  FINER] [   FXGL.SystemLogger] [     FXGL Launcher Thread] sound.menu.press = menu/press.wav
17 Feb 2017, 11:58:02.940 [  FINER] [   FXGL.SystemLogger] [     FXGL Launcher Thread] Initializing user properties
17 Feb 2017, 11:58:02.941 [   INFO] [   FXGL.SystemLogger] [     FXGL Launcher Thread] User properties not found. Using system
17 Feb 2017, 11:58:02.941 [  FINER] [   FXGL.SystemLogger] [     FXGL Launcher Thread] Initializing app settings
17 Feb 2017, 11:58:02.959 [  FINER] [   FXGL.SystemLogger] [     FXGL Launcher Thread] Logging settings
Title: Pacman
Version: 0.1
Width: 960
Height: 840
Fullscreen: false
Intro: false
Menus: false
Profiling: false
App Mode: DEVELOPER
Menu Style: FXGL_DEFAULT
Menu Key: ESCAPE
Services: []
17 Feb 2017, 11:58:04.951 [  FINER] [   FXGL.SystemLogger] [     FXGL Launcher Thread] FXGL configuration complete
17 Feb 2017, 11:58:04.952 [   INFO] [   FXGL.SystemLogger] [     FXGL Launcher Thread] FXGL configuration took:  2.119 sec
17 Feb 2017, 11:58:04.958 [  FINER] [   FXGL.SystemLogger] [JavaFX Application Thread] Running task: UpdaterTask
17 Feb 2017, 11:58:09.246 [  FINER] [   FXGL.SystemLogger] [     FXGL Launcher Thread] Running task: PreInitTask
17 Feb 2017, 11:58:09.420 [  FINER] [   FXGL.SystemLogger] [     FXGL Launcher Thread] Running task: InitScenesTask
17 Feb 2017, 11:58:09.655 [  FINER] [   FXGL.SystemLogger] [     FXGL Launcher Thread] Running task: InitEventHandlersTask
17 Feb 2017, 11:58:09.697 [  FINER] [   FXGL.SystemLogger] [     FXGL Launcher Thread] Running task: InitProfilerTask
17 Feb 2017, 11:58:09.705 [  FINER] [   FXGL.SystemLogger] [     FXGL Launcher Thread] Pausing main loop
17 Feb 2017, 11:58:09.708 [  FINER] [   FXGL.SystemLogger] [     FXGL Launcher Thread] Resetting FXGL application
17 Feb 2017, 11:58:09.845 [   INFO] [   FXGL.SystemLogger] [     FXGL Launcher Thread] Game configuration took:  0.601 sec
17 Feb 2017, 11:58:10.442 [   INFO] [   FXGL.SystemLogger] [ FXGL Background Thread 1] Game initialization took: 0.597 sec
17 Feb 2017, 11:58:10.443 [  FINER] [   FXGL.SystemLogger] [JavaFX Application Thread] Resuming main loop
17 Feb 2017, 12:01:43.090 [  FINER] [   FXGL.SystemLogger] [JavaFX Application Thread] Pausing main loop
17 Feb 2017, 12:01:44.135 [  FINER] [   FXGL.SystemLogger] [JavaFX Application Thread] Resuming main loop
17 Feb 2017, 12:01:44.136 [  FINER] [   FXGL.SystemLogger] [JavaFX Application Thread] Exiting Normally
17 Feb 2017, 12:01:44.144 [  FINER] [   FXGL.SystemLogger] [JavaFX Application Thread] Exiting FXGL
17 Feb 2017, 12:01:44.145 [  FINER] [   FXGL.SystemLogger] [JavaFX Application Thread] Logger is closing
