18 Jan 2017, 11:24:20.987 [   INFO] [   FXGL.SystemLogger] [                     main] System Logger is initialized
18 Jan 2017, 11:24:21.010 [  FINER] [   FXGL.SystemLogger] [                     main] Logging System Info
18 Jan 2017, 11:24:21.011 [  FINER] [   FXGL.SystemLogger] [                     main] CPU cores: 4
18 Jan 2017, 11:24:21.014 [  FINER] [   FXGL.SystemLogger] [                     main] Free Memory: 115MB
18 Jan 2017, 11:24:21.016 [  FINER] [   FXGL.SystemLogger] [                     main] Max Memory: 1796MB
18 Jan 2017, 11:24:21.016 [  FINER] [   FXGL.SystemLogger] [                     main] Total Memory: 123MB
18 Jan 2017, 11:24:21.017 [  FINER] [   FXGL.SystemLogger] [                     main] System Properties:
18 Jan 2017, 11:24:21.019 [  FINER] [   FXGL.SystemLogger] [                     main] sun.cpu.isalist=amd64
18 Jan 2017, 11:24:21.020 [  FINER] [   FXGL.SystemLogger] [                     main] sun.desktop=windows
18 Jan 2017, 11:24:21.020 [  FINER] [   FXGL.SystemLogger] [                     main] sun.io.unicode.encoding=UnicodeLittle
18 Jan 2017, 11:24:21.021 [  FINER] [   FXGL.SystemLogger] [                     main] sun.cpu.endian=little
18 Jan 2017, 11:24:21.021 [  FINER] [   FXGL.SystemLogger] [                     main] java.vendor.url.bug=http://bugreport.sun.com/bugreport/
18 Jan 2017, 11:24:21.022 [  FINER] [   FXGL.SystemLogger] [                     main] file.separator=\
18 Jan 2017, 11:24:21.022 [  FINER] [   FXGL.SystemLogger] [                     main] java.vendor=Oracle Corporation
18 Jan 2017, 11:24:21.023 [  FINER] [   FXGL.SystemLogger] [                     main] sun.boot.class.path=C:\Program Files\Java\jdk1.8.0_60\jre\lib\resources.jar;C:\Program Files\Java\jdk1.8.0_60\jre\lib\rt.jar;C:\Program Files\Java\jdk1.8.0_60\jre\lib\sunrsasign.jar;C:\Program Files\Java\jdk1.8.0_60\jre\lib\jsse.jar;C:\Program Files\Java\jdk1.8.0_60\jre\lib\jce.jar;C:\Program Files\Java\jdk1.8.0_60\jre\lib\charsets.jar;C:\Program Files\Java\jdk1.8.0_60\jre\lib\jfr.jar;C:\Program Files\Java\jdk1.8.0_60\jre\classes
18 Jan 2017, 11:24:21.023 [  FINER] [   FXGL.SystemLogger] [                     main] java.ext.dirs=C:\Program Files\Java\jdk1.8.0_60\jre\lib\ext;C:\WINDOWS\Sun\Java\lib\ext
18 Jan 2017, 11:24:21.024 [  FINER] [   FXGL.SystemLogger] [                     main] java.version=1.8.0_60
18 Jan 2017, 11:24:21.024 [  FINER] [   FXGL.SystemLogger] [                     main] java.vm.info=mixed mode
18 Jan 2017, 11:24:21.025 [  FINER] [   FXGL.SystemLogger] [                     main] awt.toolkit=sun.awt.windows.WToolkit
18 Jan 2017, 11:24:21.026 [  FINER] [   FXGL.SystemLogger] [                     main] user.language=en
18 Jan 2017, 11:24:21.026 [  FINER] [   FXGL.SystemLogger] [                     main] java.specification.vendor=Oracle Corporation
18 Jan 2017, 11:24:21.026 [  FINER] [   FXGL.SystemLogger] [                     main] sun.java.command=com.intellij.rt.execution.application.AppMain com.gamedesign.pacman.PacmanApp
18 Jan 2017, 11:24:21.027 [  FINER] [   FXGL.SystemLogger] [                     main] java.home=C:\Program Files\Java\jdk1.8.0_60\jre
18 Jan 2017, 11:24:21.027 [  FINER] [   FXGL.SystemLogger] [                     main] sun.arch.data.model=64
18 Jan 2017, 11:24:21.028 [  FINER] [   FXGL.SystemLogger] [                     main] java.vm.specification.version=1.8
18 Jan 2017, 11:24:21.028 [  FINER] [   FXGL.SystemLogger] [                     main] java.class.path=C:\Program Files\Java\jdk1.8.0_60\jre\lib\charsets.jar;C:\Program Files\Java\jdk1.8.0_60\jre\lib\deploy.jar;C:\Program Files\Java\jdk1.8.0_60\jre\lib\ext\access-bridge-64.jar;C:\Program Files\Java\jdk1.8.0_60\jre\lib\ext\cldrdata.jar;C:\Program Files\Java\jdk1.8.0_60\jre\lib\ext\dnsns.jar;C:\Program Files\Java\jdk1.8.0_60\jre\lib\ext\jaccess.jar;C:\Program Files\Java\jdk1.8.0_60\jre\lib\ext\jfxrt.jar;C:\Program Files\Java\jdk1.8.0_60\jre\lib\ext\localedata.jar;C:\Program Files\Java\jdk1.8.0_60\jre\lib\ext\nashorn.jar;C:\Program Files\Java\jdk1.8.0_60\jre\lib\ext\sunec.jar;C:\Program Files\Java\jdk1.8.0_60\jre\lib\ext\sunjce_provider.jar;C:\Program Files\Java\jdk1.8.0_60\jre\lib\ext\sunmscapi.jar;C:\Program Files\Java\jdk1.8.0_60\jre\lib\ext\sunpkcs11.jar;C:\Program Files\Java\jdk1.8.0_60\jre\lib\ext\zipfs.jar;C:\Program Files\Java\jdk1.8.0_60\jre\lib\javaws.jar;C:\Program Files\Java\jdk1.8.0_60\jre\lib\jce.jar;C:\Program Files\Java\jdk1.8.0_60\jre\lib\jfr.jar;C:\Program Files\Java\jdk1.8.0_60\jre\lib\jfxswt.jar;C:\Program Files\Java\jdk1.8.0_60\jre\lib\jsse.jar;C:\Program Files\Java\jdk1.8.0_60\jre\lib\management-agent.jar;C:\Program Files\Java\jdk1.8.0_60\jre\lib\plugin.jar;C:\Program Files\Java\jdk1.8.0_60\jre\lib\resources.jar;C:\Program Files\Java\jdk1.8.0_60\jre\lib\rt.jar;C:\Computer Science\Game Design\3rd\Pacman\out\production\Pacman;C:\Computer Science\Game Design\3rd\Pacman\lib\fxgl-0.2.9-uber.jar;C:\Program Files (x86)\JetBrains\IntelliJ IDEA Community Edition 15.0.3\lib\idea_rt.jar
18 Jan 2017, 11:24:21.028 [  FINER] [   FXGL.SystemLogger] [                     main] user.name=hwe10174
18 Jan 2017, 11:24:21.029 [  FINER] [   FXGL.SystemLogger] [                     main] file.encoding=UTF-8
18 Jan 2017, 11:24:21.029 [  FINER] [   FXGL.SystemLogger] [                     main] idea.launcher.bin.path=C:\Program Files (x86)\JetBrains\IntelliJ IDEA Community Edition 15.0.3\bin
18 Jan 2017, 11:24:21.030 [  FINER] [   FXGL.SystemLogger] [                     main] java.specification.version=1.8
18 Jan 2017, 11:24:21.030 [  FINER] [   FXGL.SystemLogger] [                     main] java.awt.printerjob=sun.awt.windows.WPrinterJob
18 Jan 2017, 11:24:21.030 [  FINER] [   FXGL.SystemLogger] [                     main] user.timezone=America/New_York
18 Jan 2017, 11:24:21.031 [  FINER] [   FXGL.SystemLogger] [                     main] user.home=C:\Users\hwe10174
18 Jan 2017, 11:24:21.031 [  FINER] [   FXGL.SystemLogger] [                     main] os.version=6.1
18 Jan 2017, 11:24:21.032 [  FINER] [   FXGL.SystemLogger] [                     main] sun.management.compiler=HotSpot 64-Bit Tiered Compilers
18 Jan 2017, 11:24:21.032 [  FINER] [   FXGL.SystemLogger] [                     main] java.specification.name=Java Platform API Specification
18 Jan 2017, 11:24:21.033 [  FINER] [   FXGL.SystemLogger] [                     main] java.class.version=52.0
18 Jan 2017, 11:24:21.033 [  FINER] [   FXGL.SystemLogger] [                     main] java.library.path=C:\Program Files\Java\jdk1.8.0_60\bin;C:\WINDOWS\Sun\Java\bin;C:\WINDOWS\system32;C:\WINDOWS;C:\WINDOWS\system32;C:\WINDOWS;C:\WINDOWS\System32\Wbem;C:\WINDOWS\System32\WindowsPowerShell\v1.0\;C:\Program Files (x86)\QuickTime\QTSystem\;C:\Program Files (x86)\Common Files\Netop\;C:\Program Files (x86)\Netop\Vision\XL\;C:\Program Files\Intel\WiFi\bin\;C:\Program Files\Common Files\Intel\WirelessCommon\;C:\WINDOWS\system32;C:\WINDOWS;C:\WINDOWS\System32\Wbem;C:\WINDOWS\System32\WindowsPowerShell\v1.0\;C:\Program Files (x86)\QuickTime\QTSystem\;C:\Program Files (x86)\Common Files\Netop\;C:\Program Files (x86)\Netop\Vision\XL\;C:\Program Files\Intel\WiFi\bin\;C:\Program Files\Common Files\Intel\WirelessCommon\;C:\Program Files\Java\jdk1.8.0_60\bin;C:\Users\hwe10174\AppData\Local\Programs\Git\cmd;C:\Users\hwe10174\Downloads\gradle-3.1\bin;.
18 Jan 2017, 11:24:21.033 [  FINER] [   FXGL.SystemLogger] [                     main] sun.jnu.encoding=Cp1252
18 Jan 2017, 11:24:21.034 [  FINER] [   FXGL.SystemLogger] [                     main] os.name=Windows 7
18 Jan 2017, 11:24:21.034 [  FINER] [   FXGL.SystemLogger] [                     main] user.variant=
18 Jan 2017, 11:24:21.035 [  FINER] [   FXGL.SystemLogger] [                     main] java.vm.specification.vendor=Oracle Corporation
18 Jan 2017, 11:24:21.035 [  FINER] [   FXGL.SystemLogger] [                     main] java.io.tmpdir=C:\Users\hwe10174\AppData\Local\Temp\
18 Jan 2017, 11:24:21.035 [  FINER] [   FXGL.SystemLogger] [                     main] line.separator=

18 Jan 2017, 11:24:21.036 [  FINER] [   FXGL.SystemLogger] [                     main] java.endorsed.dirs=C:\Program Files\Java\jdk1.8.0_60\jre\lib\endorsed
18 Jan 2017, 11:24:21.037 [  FINER] [   FXGL.SystemLogger] [                     main] os.arch=amd64
18 Jan 2017, 11:24:21.037 [  FINER] [   FXGL.SystemLogger] [                     main] java.awt.graphicsenv=sun.awt.Win32GraphicsEnvironment
18 Jan 2017, 11:24:21.037 [  FINER] [   FXGL.SystemLogger] [                     main] java.runtime.version=1.8.0_60-b27
18 Jan 2017, 11:24:21.038 [  FINER] [   FXGL.SystemLogger] [                     main] java.vm.specification.name=Java Virtual Machine Specification
18 Jan 2017, 11:24:21.038 [  FINER] [   FXGL.SystemLogger] [                     main] user.dir=C:\Computer Science\Game Design\3rd\Pacman
18 Jan 2017, 11:24:21.038 [  FINER] [   FXGL.SystemLogger] [                     main] user.country=US
18 Jan 2017, 11:24:21.038 [  FINER] [   FXGL.SystemLogger] [                     main] user.script=
18 Jan 2017, 11:24:21.039 [  FINER] [   FXGL.SystemLogger] [                     main] sun.java.launcher=SUN_STANDARD
18 Jan 2017, 11:24:21.039 [  FINER] [   FXGL.SystemLogger] [                     main] sun.os.patch.level=Service Pack 1
18 Jan 2017, 11:24:21.039 [  FINER] [   FXGL.SystemLogger] [                     main] idea.launcher.port=7533
18 Jan 2017, 11:24:21.040 [  FINER] [   FXGL.SystemLogger] [                     main] java.vm.name=Java HotSpot(TM) 64-Bit Server VM
18 Jan 2017, 11:24:21.040 [  FINER] [   FXGL.SystemLogger] [                     main] file.encoding.pkg=sun.io
18 Jan 2017, 11:24:21.040 [  FINER] [   FXGL.SystemLogger] [                     main] path.separator=;
18 Jan 2017, 11:24:21.041 [  FINER] [   FXGL.SystemLogger] [                     main] java.vm.vendor=Oracle Corporation
18 Jan 2017, 11:24:21.041 [  FINER] [   FXGL.SystemLogger] [                     main] java.vendor.url=http://java.oracle.com/
18 Jan 2017, 11:24:21.041 [  FINER] [   FXGL.SystemLogger] [                     main] sun.boot.library.path=C:\Program Files\Java\jdk1.8.0_60\jre\bin
18 Jan 2017, 11:24:21.042 [  FINER] [   FXGL.SystemLogger] [                     main] java.vm.version=25.60-b23
18 Jan 2017, 11:24:21.042 [  FINER] [   FXGL.SystemLogger] [                     main] java.runtime.name=Java(TM) SE Runtime Environment
18 Jan 2017, 11:24:21.052 [   INFO] [   FXGL.SystemLogger] [                     main] FXGL-0.2.9
18 Jan 2017, 11:24:21.053 [   INFO] [   FXGL.SystemLogger] [                     main] Source code and latest versions at: https://github.com/AlmasB/FXGL
18 Jan 2017, 11:24:21.053 [   INFO] [   FXGL.SystemLogger] [                     main]              Join the FXGL chat at: https://gitter.im/AlmasB/FXGL
18 Jan 2017, 11:24:21.330 [  FINER] [   FXGL.SystemLogger] [JavaFX Application Thread] Starting JavaFX
18 Jan 2017, 11:24:21.332 [  FINER] [   FXGL.SystemLogger] [          JavaFX-Launcher] Initializing FXGL
18 Jan 2017, 11:24:21.359 [  FINER] [   FXGL.SystemLogger] [JavaFX Application Thread] Starting FXGL
18 Jan 2017, 11:24:21.878 [  FINER] [   FXGL.SystemLogger] [     FXGL Launcher Thread] Configuring FXGL
18 Jan 2017, 11:24:21.878 [  FINER] [   FXGL.SystemLogger] [     FXGL Launcher Thread] Initializing system properties
18 Jan 2017, 11:24:21.933 [  FINER] [   FXGL.SystemLogger] [     FXGL Launcher Thread] sound.notification = system/notification.wav
18 Jan 2017, 11:24:21.933 [  FINER] [   FXGL.SystemLogger] [     FXGL Launcher Thread] url.storage = https://raw.githubusercontent.com/AlmasB/git-server/master/storage/
18 Jan 2017, 11:24:21.934 [  FINER] [   FXGL.SystemLogger] [     FXGL Launcher Thread] asset.cache.size = 35
18 Jan 2017, 11:24:21.934 [  FINER] [   FXGL.SystemLogger] [     FXGL Launcher Thread] fs.profiledir = profiles/
18 Jan 2017, 11:24:21.934 [  FINER] [   FXGL.SystemLogger] [     FXGL Launcher Thread] url.pom = https://raw.githubusercontent.com/AlmasB/FXGL/master/pom.xml
18 Jan 2017, 11:24:21.935 [  FINER] [   FXGL.SystemLogger] [     FXGL Launcher Thread] dev.showbbox = false
18 Jan 2017, 11:24:21.935 [  FINER] [   FXGL.SystemLogger] [     FXGL Launcher Thread] fs.datafile.ext = .dat
18 Jan 2017, 11:24:21.936 [  FINER] [   FXGL.SystemLogger] [     FXGL Launcher Thread] sound.menu.back = menu/back.wav
18 Jan 2017, 11:24:21.936 [  FINER] [   FXGL.SystemLogger] [     FXGL Launcher Thread] sound.menu.select = menu/select.wav
18 Jan 2017, 11:24:21.936 [  FINER] [   FXGL.SystemLogger] [     FXGL Launcher Thread] url.github = https://github.com/AlmasB/FXGL
18 Jan 2017, 11:24:21.937 [  FINER] [   FXGL.SystemLogger] [     FXGL Launcher Thread] url.surveymonkey = https://www.surveymonkey.co.uk/r/BH6LLPM
18 Jan 2017, 11:24:21.938 [  FINER] [   FXGL.SystemLogger] [     FXGL Launcher Thread] physics.ppm = 50.0
18 Jan 2017, 11:24:21.938 [  FINER] [   FXGL.SystemLogger] [     FXGL Launcher Thread] ui.css = fxgl.css
18 Jan 2017, 11:24:21.938 [  FINER] [   FXGL.SystemLogger] [     FXGL Launcher Thread] version.check.days = 7
18 Jan 2017, 11:24:21.940 [  FINER] [   FXGL.SystemLogger] [     FXGL Launcher Thread] fs.savefile.ext = .sav
18 Jan 2017, 11:24:21.940 [  FINER] [   FXGL.SystemLogger] [     FXGL Launcher Thread] pooling.initialSize = 128
18 Jan 2017, 11:24:21.941 [  FINER] [   FXGL.SystemLogger] [     FXGL Launcher Thread] ui.font = Copperplate_Gothic_Light_Regular.ttf
18 Jan 2017, 11:24:21.941 [  FINER] [   FXGL.SystemLogger] [     FXGL Launcher Thread] fs.savedir = saves/
18 Jan 2017, 11:24:21.941 [  FINER] [   FXGL.SystemLogger] [     FXGL Launcher Thread] fs.profilename = user.profile
18 Jan 2017, 11:24:21.942 [  FINER] [   FXGL.SystemLogger] [     FXGL Launcher Thread] ui.icon.name = fxgl_icon.png
18 Jan 2017, 11:24:21.942 [  FINER] [   FXGL.SystemLogger] [     FXGL Launcher Thread] url.googleforms = https://goo.gl/forms/6wrMnOBxTE1fEpOy2
18 Jan 2017, 11:24:21.942 [  FINER] [   FXGL.SystemLogger] [     FXGL Launcher Thread] sound.menu.press = menu/press.wav
18 Jan 2017, 11:24:21.943 [  FINER] [   FXGL.SystemLogger] [     FXGL Launcher Thread] Initializing user properties
18 Jan 2017, 11:24:21.943 [   INFO] [   FXGL.SystemLogger] [     FXGL Launcher Thread] User properties not found. Using system
18 Jan 2017, 11:24:21.944 [  FINER] [   FXGL.SystemLogger] [     FXGL Launcher Thread] Initializing app settings
18 Jan 2017, 11:24:21.957 [  FINER] [   FXGL.SystemLogger] [     FXGL Launcher Thread] Logging settings
Title: Pacman
Version: 0.1
Width: 1040
Height: 840
Fullscreen: false
Intro: false
Menus: false
Profiling: false
App Mode: DEVELOPER
Menu Style: FXGL_DEFAULT
Menu Key: ESCAPE
Services: []
18 Jan 2017, 11:24:23.385 [  FINER] [   FXGL.SystemLogger] [     FXGL Launcher Thread] FXGL configuration complete
18 Jan 2017, 11:24:23.385 [   INFO] [   FXGL.SystemLogger] [     FXGL Launcher Thread] FXGL configuration took:  1.507 sec
18 Jan 2017, 11:24:23.387 [  FINER] [   FXGL.SystemLogger] [JavaFX Application Thread] Running task: UpdaterTask
18 Jan 2017, 11:24:25.187 [  FINER] [   FXGL.SystemLogger] [     FXGL Launcher Thread] Running task: PreInitTask
18 Jan 2017, 11:24:25.308 [  FINER] [   FXGL.SystemLogger] [     FXGL Launcher Thread] Running task: InitScenesTask
18 Jan 2017, 11:24:25.417 [  FINER] [   FXGL.SystemLogger] [     FXGL Launcher Thread] Running task: InitEventHandlersTask
18 Jan 2017, 11:24:25.449 [  FINER] [   FXGL.SystemLogger] [     FXGL Launcher Thread] Running task: InitProfilerTask
18 Jan 2017, 11:24:25.454 [  FINER] [   FXGL.SystemLogger] [     FXGL Launcher Thread] Pausing main loop
18 Jan 2017, 11:24:25.457 [  FINER] [   FXGL.SystemLogger] [     FXGL Launcher Thread] Resetting FXGL application
18 Jan 2017, 11:24:25.565 [   INFO] [   FXGL.SystemLogger] [     FXGL Launcher Thread] Game configuration took:  0.379 sec
18 Jan 2017, 11:24:25.602 [   INFO] [   FXGL.SystemLogger] [ FXGL Background Thread 1] Game initialization took: 0.037 sec
18 Jan 2017, 11:24:25.737 [  FINER] [   FXGL.SystemLogger] [JavaFX Application Thread] Resuming main loop
18 Jan 2017, 12:35:47.756 [  FINER] [   FXGL.SystemLogger] [JavaFX Application Thread] Pausing main loop
18 Jan 2017, 12:35:49.165 [  FINER] [   FXGL.SystemLogger] [JavaFX Application Thread] Resuming main loop
18 Jan 2017, 12:35:49.167 [  FINER] [   FXGL.SystemLogger] [JavaFX Application Thread] Exiting Normally
18 Jan 2017, 12:35:49.198 [  FINER] [   FXGL.SystemLogger] [JavaFX Application Thread] Exiting FXGL
18 Jan 2017, 12:35:49.199 [  FINER] [   FXGL.SystemLogger] [JavaFX Application Thread] Logger is closing
