14 Feb 2017, 11:24:06.604 [   INFO] [   FXGL.SystemLogger] [                     main] System Logger is initialized
14 Feb 2017, 11:24:06.627 [  FINER] [   FXGL.SystemLogger] [                     main] Logging System Info
14 Feb 2017, 11:24:06.628 [  FINER] [   FXGL.SystemLogger] [                     main] CPU cores: 4
14 Feb 2017, 11:24:06.630 [  FINER] [   FXGL.SystemLogger] [                     main] Free Memory: 115MB
14 Feb 2017, 11:24:06.630 [  FINER] [   FXGL.SystemLogger] [                     main] Max Memory: 1796MB
14 Feb 2017, 11:24:06.631 [  FINER] [   FXGL.SystemLogger] [                     main] Total Memory: 123MB
14 Feb 2017, 11:24:06.631 [  FINER] [   FXGL.SystemLogger] [                     main] System Properties:
14 Feb 2017, 11:24:06.633 [  FINER] [   FXGL.SystemLogger] [                     main] sun.cpu.isalist=amd64
14 Feb 2017, 11:24:06.633 [  FINER] [   FXGL.SystemLogger] [                     main] sun.desktop=windows
14 Feb 2017, 11:24:06.634 [  FINER] [   FXGL.SystemLogger] [                     main] sun.io.unicode.encoding=UnicodeLittle
14 Feb 2017, 11:24:06.634 [  FINER] [   FXGL.SystemLogger] [                     main] sun.cpu.endian=little
14 Feb 2017, 11:24:06.635 [  FINER] [   FXGL.SystemLogger] [                     main] java.vendor.url.bug=http://bugreport.sun.com/bugreport/
14 Feb 2017, 11:24:06.635 [  FINER] [   FXGL.SystemLogger] [                     main] file.separator=\
14 Feb 2017, 11:24:06.635 [  FINER] [   FXGL.SystemLogger] [                     main] java.vendor=Oracle Corporation
14 Feb 2017, 11:24:06.636 [  FINER] [   FXGL.SystemLogger] [                     main] sun.boot.class.path=C:\Program Files\Java\jdk1.8.0_60\jre\lib\resources.jar;C:\Program Files\Java\jdk1.8.0_60\jre\lib\rt.jar;C:\Program Files\Java\jdk1.8.0_60\jre\lib\sunrsasign.jar;C:\Program Files\Java\jdk1.8.0_60\jre\lib\jsse.jar;C:\Program Files\Java\jdk1.8.0_60\jre\lib\jce.jar;C:\Program Files\Java\jdk1.8.0_60\jre\lib\charsets.jar;C:\Program Files\Java\jdk1.8.0_60\jre\lib\jfr.jar;C:\Program Files\Java\jdk1.8.0_60\jre\classes
14 Feb 2017, 11:24:06.636 [  FINER] [   FXGL.SystemLogger] [                     main] java.ext.dirs=C:\Program Files\Java\jdk1.8.0_60\jre\lib\ext;C:\WINDOWS\Sun\Java\lib\ext
14 Feb 2017, 11:24:06.636 [  FINER] [   FXGL.SystemLogger] [                     main] java.version=1.8.0_60
14 Feb 2017, 11:24:06.637 [  FINER] [   FXGL.SystemLogger] [                     main] java.vm.info=mixed mode
14 Feb 2017, 11:24:06.637 [  FINER] [   FXGL.SystemLogger] [                     main] awt.toolkit=sun.awt.windows.WToolkit
14 Feb 2017, 11:24:06.638 [  FINER] [   FXGL.SystemLogger] [                     main] user.language=en
14 Feb 2017, 11:24:06.638 [  FINER] [   FXGL.SystemLogger] [                     main] java.specification.vendor=Oracle Corporation
14 Feb 2017, 11:24:06.638 [  FINER] [   FXGL.SystemLogger] [                     main] sun.java.command=com.intellij.rt.execution.application.AppMain com.gamedesign.pacman.PacmanApp
14 Feb 2017, 11:24:06.639 [  FINER] [   FXGL.SystemLogger] [                     main] java.home=C:\Program Files\Java\jdk1.8.0_60\jre
14 Feb 2017, 11:24:06.639 [  FINER] [   FXGL.SystemLogger] [                     main] sun.arch.data.model=64
14 Feb 2017, 11:24:06.639 [  FINER] [   FXGL.SystemLogger] [                     main] java.vm.specification.version=1.8
14 Feb 2017, 11:24:06.640 [  FINER] [   FXGL.SystemLogger] [                     main] java.class.path=C:\Program Files\Java\jdk1.8.0_60\jre\lib\charsets.jar;C:\Program Files\Java\jdk1.8.0_60\jre\lib\deploy.jar;C:\Program Files\Java\jdk1.8.0_60\jre\lib\ext\access-bridge-64.jar;C:\Program Files\Java\jdk1.8.0_60\jre\lib\ext\cldrdata.jar;C:\Program Files\Java\jdk1.8.0_60\jre\lib\ext\dnsns.jar;C:\Program Files\Java\jdk1.8.0_60\jre\lib\ext\jaccess.jar;C:\Program Files\Java\jdk1.8.0_60\jre\lib\ext\jfxrt.jar;C:\Program Files\Java\jdk1.8.0_60\jre\lib\ext\localedata.jar;C:\Program Files\Java\jdk1.8.0_60\jre\lib\ext\nashorn.jar;C:\Program Files\Java\jdk1.8.0_60\jre\lib\ext\sunec.jar;C:\Program Files\Java\jdk1.8.0_60\jre\lib\ext\sunjce_provider.jar;C:\Program Files\Java\jdk1.8.0_60\jre\lib\ext\sunmscapi.jar;C:\Program Files\Java\jdk1.8.0_60\jre\lib\ext\sunpkcs11.jar;C:\Program Files\Java\jdk1.8.0_60\jre\lib\ext\zipfs.jar;C:\Program Files\Java\jdk1.8.0_60\jre\lib\javaws.jar;C:\Program Files\Java\jdk1.8.0_60\jre\lib\jce.jar;C:\Program Files\Java\jdk1.8.0_60\jre\lib\jfr.jar;C:\Program Files\Java\jdk1.8.0_60\jre\lib\jfxswt.jar;C:\Program Files\Java\jdk1.8.0_60\jre\lib\jsse.jar;C:\Program Files\Java\jdk1.8.0_60\jre\lib\management-agent.jar;C:\Program Files\Java\jdk1.8.0_60\jre\lib\plugin.jar;C:\Program Files\Java\jdk1.8.0_60\jre\lib\resources.jar;C:\Program Files\Java\jdk1.8.0_60\jre\lib\rt.jar;C:\Computer Science\Game Design\3rd\Pacman\out\production\Pacman;C:\Computer Science\Game Design\3rd\Pacman\lib\fxgl-0.2.9-uber.jar;C:\Program Files (x86)\JetBrains\IntelliJ IDEA Community Edition 15.0.3\lib\idea_rt.jar
14 Feb 2017, 11:24:06.640 [  FINER] [   FXGL.SystemLogger] [                     main] user.name=hwe10174
14 Feb 2017, 11:24:06.641 [  FINER] [   FXGL.SystemLogger] [                     main] file.encoding=UTF-8
14 Feb 2017, 11:24:06.641 [  FINER] [   FXGL.SystemLogger] [                     main] idea.launcher.bin.path=C:\Program Files (x86)\JetBrains\IntelliJ IDEA Community Edition 15.0.3\bin
14 Feb 2017, 11:24:06.641 [  FINER] [   FXGL.SystemLogger] [                     main] java.specification.version=1.8
14 Feb 2017, 11:24:06.642 [  FINER] [   FXGL.SystemLogger] [                     main] java.awt.printerjob=sun.awt.windows.WPrinterJob
14 Feb 2017, 11:24:06.642 [  FINER] [   FXGL.SystemLogger] [                     main] user.timezone=America/New_York
14 Feb 2017, 11:24:06.642 [  FINER] [   FXGL.SystemLogger] [                     main] user.home=C:\Users\hwe10174
14 Feb 2017, 11:24:06.643 [  FINER] [   FXGL.SystemLogger] [                     main] os.version=6.1
14 Feb 2017, 11:24:06.643 [  FINER] [   FXGL.SystemLogger] [                     main] sun.management.compiler=HotSpot 64-Bit Tiered Compilers
14 Feb 2017, 11:24:06.643 [  FINER] [   FXGL.SystemLogger] [                     main] java.specification.name=Java Platform API Specification
14 Feb 2017, 11:24:06.643 [  FINER] [   FXGL.SystemLogger] [                     main] java.class.version=52.0
14 Feb 2017, 11:24:06.644 [  FINER] [   FXGL.SystemLogger] [                     main] java.library.path=C:\Program Files\Java\jdk1.8.0_60\bin;C:\WINDOWS\Sun\Java\bin;C:\WINDOWS\system32;C:\WINDOWS;C:\WINDOWS\system32;C:\WINDOWS;C:\WINDOWS\System32\Wbem;C:\WINDOWS\System32\WindowsPowerShell\v1.0\;C:\Program Files (x86)\QuickTime\QTSystem\;C:\Program Files (x86)\Common Files\Netop\;C:\Program Files (x86)\Netop\Vision\XL\;C:\Program Files\Intel\WiFi\bin\;C:\Program Files\Common Files\Intel\WirelessCommon\;C:\WINDOWS\system32;C:\WINDOWS;C:\WINDOWS\System32\Wbem;C:\WINDOWS\System32\WindowsPowerShell\v1.0\;C:\Program Files (x86)\QuickTime\QTSystem\;C:\Program Files (x86)\Common Files\Netop\;C:\Program Files (x86)\Netop\Vision\XL\;C:\Program Files\Intel\WiFi\bin\;C:\Program Files\Common Files\Intel\WirelessCommon\;C:\Program Files\Java\jdk1.8.0_60\bin;C:\Users\hwe10174\AppData\Local\Programs\Git\cmd;C:\Users\hwe10174\Downloads\gradle-3.1\bin;.
14 Feb 2017, 11:24:06.644 [  FINER] [   FXGL.SystemLogger] [                     main] sun.jnu.encoding=Cp1252
14 Feb 2017, 11:24:06.644 [  FINER] [   FXGL.SystemLogger] [                     main] os.name=Windows 7
14 Feb 2017, 11:24:06.644 [  FINER] [   FXGL.SystemLogger] [                     main] user.variant=
14 Feb 2017, 11:24:06.645 [  FINER] [   FXGL.SystemLogger] [                     main] java.vm.specification.vendor=Oracle Corporation
14 Feb 2017, 11:24:06.645 [  FINER] [   FXGL.SystemLogger] [                     main] java.io.tmpdir=C:\Users\hwe10174\AppData\Local\Temp\
14 Feb 2017, 11:24:06.645 [  FINER] [   FXGL.SystemLogger] [                     main] line.separator=

14 Feb 2017, 11:24:06.645 [  FINER] [   FXGL.SystemLogger] [                     main] java.endorsed.dirs=C:\Program Files\Java\jdk1.8.0_60\jre\lib\endorsed
14 Feb 2017, 11:24:06.646 [  FINER] [   FXGL.SystemLogger] [                     main] os.arch=amd64
14 Feb 2017, 11:24:06.646 [  FINER] [   FXGL.SystemLogger] [                     main] java.awt.graphicsenv=sun.awt.Win32GraphicsEnvironment
14 Feb 2017, 11:24:06.646 [  FINER] [   FXGL.SystemLogger] [                     main] java.runtime.version=1.8.0_60-b27
14 Feb 2017, 11:24:06.647 [  FINER] [   FXGL.SystemLogger] [                     main] java.vm.specification.name=Java Virtual Machine Specification
14 Feb 2017, 11:24:06.647 [  FINER] [   FXGL.SystemLogger] [                     main] user.dir=C:\Computer Science\Game Design\3rd\Pacman
14 Feb 2017, 11:24:06.647 [  FINER] [   FXGL.SystemLogger] [                     main] user.country=US
14 Feb 2017, 11:24:06.648 [  FINER] [   FXGL.SystemLogger] [                     main] user.script=
14 Feb 2017, 11:24:06.648 [  FINER] [   FXGL.SystemLogger] [                     main] sun.java.launcher=SUN_STANDARD
14 Feb 2017, 11:24:06.648 [  FINER] [   FXGL.SystemLogger] [                     main] sun.os.patch.level=Service Pack 1
14 Feb 2017, 11:24:06.649 [  FINER] [   FXGL.SystemLogger] [                     main] idea.launcher.port=7536
14 Feb 2017, 11:24:06.649 [  FINER] [   FXGL.SystemLogger] [                     main] java.vm.name=Java HotSpot(TM) 64-Bit Server VM
14 Feb 2017, 11:24:06.649 [  FINER] [   FXGL.SystemLogger] [                     main] file.encoding.pkg=sun.io
14 Feb 2017, 11:24:06.650 [  FINER] [   FXGL.SystemLogger] [                     main] path.separator=;
14 Feb 2017, 11:24:06.650 [  FINER] [   FXGL.SystemLogger] [                     main] java.vm.vendor=Oracle Corporation
14 Feb 2017, 11:24:06.650 [  FINER] [   FXGL.SystemLogger] [                     main] java.vendor.url=http://java.oracle.com/
14 Feb 2017, 11:24:06.651 [  FINER] [   FXGL.SystemLogger] [                     main] sun.boot.library.path=C:\Program Files\Java\jdk1.8.0_60\jre\bin
14 Feb 2017, 11:24:06.651 [  FINER] [   FXGL.SystemLogger] [                     main] java.vm.version=25.60-b23
14 Feb 2017, 11:24:06.651 [  FINER] [   FXGL.SystemLogger] [                     main] java.runtime.name=Java(TM) SE Runtime Environment
14 Feb 2017, 11:24:06.658 [   INFO] [   FXGL.SystemLogger] [                     main] FXGL-0.2.9
14 Feb 2017, 11:24:06.660 [   INFO] [   FXGL.SystemLogger] [                     main] Source code and latest versions at: https://github.com/AlmasB/FXGL
14 Feb 2017, 11:24:06.660 [   INFO] [   FXGL.SystemLogger] [                     main]              Join the FXGL chat at: https://gitter.im/AlmasB/FXGL
14 Feb 2017, 11:24:06.898 [  FINER] [   FXGL.SystemLogger] [JavaFX Application Thread] Starting JavaFX
14 Feb 2017, 11:24:06.900 [  FINER] [   FXGL.SystemLogger] [          JavaFX-Launcher] Initializing FXGL
14 Feb 2017, 11:24:06.940 [  FINER] [   FXGL.SystemLogger] [JavaFX Application Thread] Starting FXGL
14 Feb 2017, 11:24:07.410 [  FINER] [   FXGL.SystemLogger] [     FXGL Launcher Thread] Configuring FXGL
14 Feb 2017, 11:24:07.410 [  FINER] [   FXGL.SystemLogger] [     FXGL Launcher Thread] Initializing system properties
14 Feb 2017, 11:24:07.473 [  FINER] [   FXGL.SystemLogger] [     FXGL Launcher Thread] sound.notification = system/notification.wav
14 Feb 2017, 11:24:07.474 [  FINER] [   FXGL.SystemLogger] [     FXGL Launcher Thread] url.storage = https://raw.githubusercontent.com/AlmasB/git-server/master/storage/
14 Feb 2017, 11:24:07.475 [  FINER] [   FXGL.SystemLogger] [     FXGL Launcher Thread] asset.cache.size = 35
14 Feb 2017, 11:24:07.475 [  FINER] [   FXGL.SystemLogger] [     FXGL Launcher Thread] fs.profiledir = profiles/
14 Feb 2017, 11:24:07.476 [  FINER] [   FXGL.SystemLogger] [     FXGL Launcher Thread] url.pom = https://raw.githubusercontent.com/AlmasB/FXGL/master/pom.xml
14 Feb 2017, 11:24:07.476 [  FINER] [   FXGL.SystemLogger] [     FXGL Launcher Thread] dev.showbbox = false
14 Feb 2017, 11:24:07.476 [  FINER] [   FXGL.SystemLogger] [     FXGL Launcher Thread] fs.datafile.ext = .dat
14 Feb 2017, 11:24:07.477 [  FINER] [   FXGL.SystemLogger] [     FXGL Launcher Thread] sound.menu.back = menu/back.wav
14 Feb 2017, 11:24:07.477 [  FINER] [   FXGL.SystemLogger] [     FXGL Launcher Thread] sound.menu.select = menu/select.wav
14 Feb 2017, 11:24:07.478 [  FINER] [   FXGL.SystemLogger] [     FXGL Launcher Thread] url.github = https://github.com/AlmasB/FXGL
14 Feb 2017, 11:24:07.478 [  FINER] [   FXGL.SystemLogger] [     FXGL Launcher Thread] url.surveymonkey = https://www.surveymonkey.co.uk/r/BH6LLPM
14 Feb 2017, 11:24:07.479 [  FINER] [   FXGL.SystemLogger] [     FXGL Launcher Thread] physics.ppm = 50.0
14 Feb 2017, 11:24:07.482 [  FINER] [   FXGL.SystemLogger] [     FXGL Launcher Thread] ui.css = fxgl.css
14 Feb 2017, 11:24:07.483 [  FINER] [   FXGL.SystemLogger] [     FXGL Launcher Thread] version.check.days = 7
14 Feb 2017, 11:24:07.483 [  FINER] [   FXGL.SystemLogger] [     FXGL Launcher Thread] fs.savefile.ext = .sav
14 Feb 2017, 11:24:07.483 [  FINER] [   FXGL.SystemLogger] [     FXGL Launcher Thread] pooling.initialSize = 128
14 Feb 2017, 11:24:07.484 [  FINER] [   FXGL.SystemLogger] [     FXGL Launcher Thread] ui.font = Copperplate_Gothic_Light_Regular.ttf
14 Feb 2017, 11:24:07.484 [  FINER] [   FXGL.SystemLogger] [     FXGL Launcher Thread] fs.savedir = saves/
14 Feb 2017, 11:24:07.484 [  FINER] [   FXGL.SystemLogger] [     FXGL Launcher Thread] fs.profilename = user.profile
14 Feb 2017, 11:24:07.485 [  FINER] [   FXGL.SystemLogger] [     FXGL Launcher Thread] ui.icon.name = fxgl_icon.png
14 Feb 2017, 11:24:07.485 [  FINER] [   FXGL.SystemLogger] [     FXGL Launcher Thread] url.googleforms = https://goo.gl/forms/6wrMnOBxTE1fEpOy2
14 Feb 2017, 11:24:07.486 [  FINER] [   FXGL.SystemLogger] [     FXGL Launcher Thread] sound.menu.press = menu/press.wav
14 Feb 2017, 11:24:07.486 [  FINER] [   FXGL.SystemLogger] [     FXGL Launcher Thread] Initializing user properties
14 Feb 2017, 11:24:07.487 [   INFO] [   FXGL.SystemLogger] [     FXGL Launcher Thread] User properties not found. Using system
14 Feb 2017, 11:24:07.487 [  FINER] [   FXGL.SystemLogger] [     FXGL Launcher Thread] Initializing app settings
14 Feb 2017, 11:24:07.499 [  FINER] [   FXGL.SystemLogger] [     FXGL Launcher Thread] Logging settings
Title: Pacman
Version: 0.1
Width: 960
Height: 840
Fullscreen: false
Intro: false
Menus: false
Profiling: false
App Mode: DEVELOPER
Menu Style: FXGL_DEFAULT
Menu Key: ESCAPE
Services: []
14 Feb 2017, 11:24:08.638 [  FINER] [   FXGL.SystemLogger] [     FXGL Launcher Thread] FXGL configuration complete
14 Feb 2017, 11:24:08.638 [   INFO] [   FXGL.SystemLogger] [     FXGL Launcher Thread] FXGL configuration took:  1.228 sec
14 Feb 2017, 11:24:08.651 [  FINER] [   FXGL.SystemLogger] [JavaFX Application Thread] Running task: UpdaterTask
14 Feb 2017, 11:24:10.756 [  FINER] [   FXGL.SystemLogger] [     FXGL Launcher Thread] Running task: PreInitTask
14 Feb 2017, 11:24:10.883 [  FINER] [   FXGL.SystemLogger] [     FXGL Launcher Thread] Running task: InitScenesTask
14 Feb 2017, 11:24:10.986 [  FINER] [   FXGL.SystemLogger] [     FXGL Launcher Thread] Running task: InitEventHandlersTask
14 Feb 2017, 11:24:11.011 [  FINER] [   FXGL.SystemLogger] [     FXGL Launcher Thread] Running task: InitProfilerTask
14 Feb 2017, 11:24:11.015 [  FINER] [   FXGL.SystemLogger] [     FXGL Launcher Thread] Pausing main loop
14 Feb 2017, 11:24:11.020 [  FINER] [   FXGL.SystemLogger] [     FXGL Launcher Thread] Resetting FXGL application
14 Feb 2017, 11:24:11.140 [   INFO] [   FXGL.SystemLogger] [     FXGL Launcher Thread] Game configuration took:  0.384 sec
14 Feb 2017, 11:24:11.555 [   INFO] [   FXGL.SystemLogger] [ FXGL Background Thread 1] Game initialization took: 0.415 sec
14 Feb 2017, 11:24:11.557 [  FINER] [   FXGL.SystemLogger] [JavaFX Application Thread] Resuming main loop
14 Feb 2017, 11:24:22.464 [  FINER] [   FXGL.SystemLogger] [JavaFX Application Thread] Pausing main loop
14 Feb 2017, 11:24:24.977 [  FINER] [   FXGL.SystemLogger] [JavaFX Application Thread] Exiting Normally
14 Feb 2017, 11:24:24.984 [  FINER] [   FXGL.SystemLogger] [JavaFX Application Thread] Exiting FXGL
14 Feb 2017, 11:24:24.984 [  FINER] [   FXGL.SystemLogger] [JavaFX Application Thread] Logger is closing
