24 Jan 2017, 11:29:38.192 [   INFO] [   FXGL.SystemLogger] [                     main] System Logger is initialized
24 Jan 2017, 11:29:38.274 [  FINER] [   FXGL.SystemLogger] [                     main] Logging System Info
24 Jan 2017, 11:29:38.274 [  FINER] [   FXGL.SystemLogger] [                     main] CPU cores: 4
24 Jan 2017, 11:29:38.277 [  FINER] [   FXGL.SystemLogger] [                     main] Free Memory: 115MB
24 Jan 2017, 11:29:38.278 [  FINER] [   FXGL.SystemLogger] [                     main] Max Memory: 1796MB
24 Jan 2017, 11:29:38.278 [  FINER] [   FXGL.SystemLogger] [                     main] Total Memory: 123MB
24 Jan 2017, 11:29:38.279 [  FINER] [   FXGL.SystemLogger] [                     main] System Properties:
24 Jan 2017, 11:29:38.281 [  FINER] [   FXGL.SystemLogger] [                     main] sun.cpu.isalist=amd64
24 Jan 2017, 11:29:38.281 [  FINER] [   FXGL.SystemLogger] [                     main] sun.desktop=windows
24 Jan 2017, 11:29:38.282 [  FINER] [   FXGL.SystemLogger] [                     main] sun.io.unicode.encoding=UnicodeLittle
24 Jan 2017, 11:29:38.282 [  FINER] [   FXGL.SystemLogger] [                     main] sun.cpu.endian=little
24 Jan 2017, 11:29:38.283 [  FINER] [   FXGL.SystemLogger] [                     main] java.vendor.url.bug=http://bugreport.sun.com/bugreport/
24 Jan 2017, 11:29:38.283 [  FINER] [   FXGL.SystemLogger] [                     main] file.separator=\
24 Jan 2017, 11:29:38.284 [  FINER] [   FXGL.SystemLogger] [                     main] java.vendor=Oracle Corporation
24 Jan 2017, 11:29:38.284 [  FINER] [   FXGL.SystemLogger] [                     main] sun.boot.class.path=C:\Program Files\Java\jdk1.8.0_60\jre\lib\resources.jar;C:\Program Files\Java\jdk1.8.0_60\jre\lib\rt.jar;C:\Program Files\Java\jdk1.8.0_60\jre\lib\sunrsasign.jar;C:\Program Files\Java\jdk1.8.0_60\jre\lib\jsse.jar;C:\Program Files\Java\jdk1.8.0_60\jre\lib\jce.jar;C:\Program Files\Java\jdk1.8.0_60\jre\lib\charsets.jar;C:\Program Files\Java\jdk1.8.0_60\jre\lib\jfr.jar;C:\Program Files\Java\jdk1.8.0_60\jre\classes
24 Jan 2017, 11:29:38.284 [  FINER] [   FXGL.SystemLogger] [                     main] java.ext.dirs=C:\Program Files\Java\jdk1.8.0_60\jre\lib\ext;C:\WINDOWS\Sun\Java\lib\ext
24 Jan 2017, 11:29:38.285 [  FINER] [   FXGL.SystemLogger] [                     main] java.version=1.8.0_60
24 Jan 2017, 11:29:38.285 [  FINER] [   FXGL.SystemLogger] [                     main] java.vm.info=mixed mode
24 Jan 2017, 11:29:38.286 [  FINER] [   FXGL.SystemLogger] [                     main] awt.toolkit=sun.awt.windows.WToolkit
24 Jan 2017, 11:29:38.286 [  FINER] [   FXGL.SystemLogger] [                     main] user.language=en
24 Jan 2017, 11:29:38.287 [  FINER] [   FXGL.SystemLogger] [                     main] java.specification.vendor=Oracle Corporation
24 Jan 2017, 11:29:38.288 [  FINER] [   FXGL.SystemLogger] [                     main] sun.java.command=com.intellij.rt.execution.application.AppMain com.gamedesign.pacman.PacmanApp
24 Jan 2017, 11:29:38.288 [  FINER] [   FXGL.SystemLogger] [                     main] java.home=C:\Program Files\Java\jdk1.8.0_60\jre
24 Jan 2017, 11:29:38.290 [  FINER] [   FXGL.SystemLogger] [                     main] sun.arch.data.model=64
24 Jan 2017, 11:29:38.290 [  FINER] [   FXGL.SystemLogger] [                     main] java.vm.specification.version=1.8
24 Jan 2017, 11:29:38.291 [  FINER] [   FXGL.SystemLogger] [                     main] java.class.path=C:\Program Files\Java\jdk1.8.0_60\jre\lib\charsets.jar;C:\Program Files\Java\jdk1.8.0_60\jre\lib\deploy.jar;C:\Program Files\Java\jdk1.8.0_60\jre\lib\ext\access-bridge-64.jar;C:\Program Files\Java\jdk1.8.0_60\jre\lib\ext\cldrdata.jar;C:\Program Files\Java\jdk1.8.0_60\jre\lib\ext\dnsns.jar;C:\Program Files\Java\jdk1.8.0_60\jre\lib\ext\jaccess.jar;C:\Program Files\Java\jdk1.8.0_60\jre\lib\ext\jfxrt.jar;C:\Program Files\Java\jdk1.8.0_60\jre\lib\ext\localedata.jar;C:\Program Files\Java\jdk1.8.0_60\jre\lib\ext\nashorn.jar;C:\Program Files\Java\jdk1.8.0_60\jre\lib\ext\sunec.jar;C:\Program Files\Java\jdk1.8.0_60\jre\lib\ext\sunjce_provider.jar;C:\Program Files\Java\jdk1.8.0_60\jre\lib\ext\sunmscapi.jar;C:\Program Files\Java\jdk1.8.0_60\jre\lib\ext\sunpkcs11.jar;C:\Program Files\Java\jdk1.8.0_60\jre\lib\ext\zipfs.jar;C:\Program Files\Java\jdk1.8.0_60\jre\lib\javaws.jar;C:\Program Files\Java\jdk1.8.0_60\jre\lib\jce.jar;C:\Program Files\Java\jdk1.8.0_60\jre\lib\jfr.jar;C:\Program Files\Java\jdk1.8.0_60\jre\lib\jfxswt.jar;C:\Program Files\Java\jdk1.8.0_60\jre\lib\jsse.jar;C:\Program Files\Java\jdk1.8.0_60\jre\lib\management-agent.jar;C:\Program Files\Java\jdk1.8.0_60\jre\lib\plugin.jar;C:\Program Files\Java\jdk1.8.0_60\jre\lib\resources.jar;C:\Program Files\Java\jdk1.8.0_60\jre\lib\rt.jar;C:\Computer Science\Game Design\3rd\Pacman\out\production\Pacman;C:\Computer Science\Game Design\3rd\Pacman\lib\fxgl-0.2.9-uber.jar;C:\Program Files (x86)\JetBrains\IntelliJ IDEA Community Edition 15.0.3\lib\idea_rt.jar
24 Jan 2017, 11:29:38.291 [  FINER] [   FXGL.SystemLogger] [                     main] user.name=hwe10174
24 Jan 2017, 11:29:38.292 [  FINER] [   FXGL.SystemLogger] [                     main] file.encoding=UTF-8
24 Jan 2017, 11:29:38.292 [  FINER] [   FXGL.SystemLogger] [                     main] idea.launcher.bin.path=C:\Program Files (x86)\JetBrains\IntelliJ IDEA Community Edition 15.0.3\bin
24 Jan 2017, 11:29:38.292 [  FINER] [   FXGL.SystemLogger] [                     main] java.specification.version=1.8
24 Jan 2017, 11:29:38.293 [  FINER] [   FXGL.SystemLogger] [                     main] java.awt.printerjob=sun.awt.windows.WPrinterJob
24 Jan 2017, 11:29:38.293 [  FINER] [   FXGL.SystemLogger] [                     main] user.timezone=America/New_York
24 Jan 2017, 11:29:38.293 [  FINER] [   FXGL.SystemLogger] [                     main] user.home=C:\Users\hwe10174
24 Jan 2017, 11:29:38.294 [  FINER] [   FXGL.SystemLogger] [                     main] os.version=6.1
24 Jan 2017, 11:29:38.294 [  FINER] [   FXGL.SystemLogger] [                     main] sun.management.compiler=HotSpot 64-Bit Tiered Compilers
24 Jan 2017, 11:29:38.294 [  FINER] [   FXGL.SystemLogger] [                     main] java.specification.name=Java Platform API Specification
24 Jan 2017, 11:29:38.295 [  FINER] [   FXGL.SystemLogger] [                     main] java.class.version=52.0
24 Jan 2017, 11:29:38.295 [  FINER] [   FXGL.SystemLogger] [                     main] java.library.path=C:\Program Files\Java\jdk1.8.0_60\bin;C:\WINDOWS\Sun\Java\bin;C:\WINDOWS\system32;C:\WINDOWS;C:\WINDOWS\system32;C:\WINDOWS;C:\WINDOWS\System32\Wbem;C:\WINDOWS\System32\WindowsPowerShell\v1.0\;C:\Program Files (x86)\QuickTime\QTSystem\;C:\Program Files (x86)\Common Files\Netop\;C:\Program Files (x86)\Netop\Vision\XL\;C:\Program Files\Intel\WiFi\bin\;C:\Program Files\Common Files\Intel\WirelessCommon\;C:\WINDOWS\system32;C:\WINDOWS;C:\WINDOWS\System32\Wbem;C:\WINDOWS\System32\WindowsPowerShell\v1.0\;C:\Program Files (x86)\QuickTime\QTSystem\;C:\Program Files (x86)\Common Files\Netop\;C:\Program Files (x86)\Netop\Vision\XL\;C:\Program Files\Intel\WiFi\bin\;C:\Program Files\Common Files\Intel\WirelessCommon\;C:\Program Files\Java\jdk1.8.0_60\bin;C:\Users\hwe10174\AppData\Local\Programs\Git\cmd;C:\Users\hwe10174\Downloads\gradle-3.1\bin;.
24 Jan 2017, 11:29:38.295 [  FINER] [   FXGL.SystemLogger] [                     main] sun.jnu.encoding=Cp1252
24 Jan 2017, 11:29:38.296 [  FINER] [   FXGL.SystemLogger] [                     main] os.name=Windows 7
24 Jan 2017, 11:29:38.296 [  FINER] [   FXGL.SystemLogger] [                     main] user.variant=
24 Jan 2017, 11:29:38.296 [  FINER] [   FXGL.SystemLogger] [                     main] java.vm.specification.vendor=Oracle Corporation
24 Jan 2017, 11:29:38.297 [  FINER] [   FXGL.SystemLogger] [                     main] java.io.tmpdir=C:\Users\hwe10174\AppData\Local\Temp\
24 Jan 2017, 11:29:38.297 [  FINER] [   FXGL.SystemLogger] [                     main] line.separator=

24 Jan 2017, 11:29:38.297 [  FINER] [   FXGL.SystemLogger] [                     main] java.endorsed.dirs=C:\Program Files\Java\jdk1.8.0_60\jre\lib\endorsed
24 Jan 2017, 11:29:38.297 [  FINER] [   FXGL.SystemLogger] [                     main] os.arch=amd64
24 Jan 2017, 11:29:38.298 [  FINER] [   FXGL.SystemLogger] [                     main] java.awt.graphicsenv=sun.awt.Win32GraphicsEnvironment
24 Jan 2017, 11:29:38.300 [  FINER] [   FXGL.SystemLogger] [                     main] java.runtime.version=1.8.0_60-b27
24 Jan 2017, 11:29:38.301 [  FINER] [   FXGL.SystemLogger] [                     main] java.vm.specification.name=Java Virtual Machine Specification
24 Jan 2017, 11:29:38.301 [  FINER] [   FXGL.SystemLogger] [                     main] user.dir=C:\Computer Science\Game Design\3rd\Pacman
24 Jan 2017, 11:29:38.301 [  FINER] [   FXGL.SystemLogger] [                     main] user.country=US
24 Jan 2017, 11:29:38.301 [  FINER] [   FXGL.SystemLogger] [                     main] user.script=
24 Jan 2017, 11:29:38.302 [  FINER] [   FXGL.SystemLogger] [                     main] sun.java.launcher=SUN_STANDARD
24 Jan 2017, 11:29:38.302 [  FINER] [   FXGL.SystemLogger] [                     main] sun.os.patch.level=Service Pack 1
24 Jan 2017, 11:29:38.302 [  FINER] [   FXGL.SystemLogger] [                     main] idea.launcher.port=7532
24 Jan 2017, 11:29:38.302 [  FINER] [   FXGL.SystemLogger] [                     main] java.vm.name=Java HotSpot(TM) 64-Bit Server VM
24 Jan 2017, 11:29:38.303 [  FINER] [   FXGL.SystemLogger] [                     main] file.encoding.pkg=sun.io
24 Jan 2017, 11:29:38.303 [  FINER] [   FXGL.SystemLogger] [                     main] path.separator=;
24 Jan 2017, 11:29:38.303 [  FINER] [   FXGL.SystemLogger] [                     main] java.vm.vendor=Oracle Corporation
24 Jan 2017, 11:29:38.304 [  FINER] [   FXGL.SystemLogger] [                     main] java.vendor.url=http://java.oracle.com/
24 Jan 2017, 11:29:38.304 [  FINER] [   FXGL.SystemLogger] [                     main] sun.boot.library.path=C:\Program Files\Java\jdk1.8.0_60\jre\bin
24 Jan 2017, 11:29:38.304 [  FINER] [   FXGL.SystemLogger] [                     main] java.vm.version=25.60-b23
24 Jan 2017, 11:29:38.305 [  FINER] [   FXGL.SystemLogger] [                     main] java.runtime.name=Java(TM) SE Runtime Environment
24 Jan 2017, 11:29:38.321 [   INFO] [   FXGL.SystemLogger] [                     main] FXGL-0.2.9
24 Jan 2017, 11:29:38.322 [   INFO] [   FXGL.SystemLogger] [                     main] Source code and latest versions at: https://github.com/AlmasB/FXGL
24 Jan 2017, 11:29:38.323 [   INFO] [   FXGL.SystemLogger] [                     main]              Join the FXGL chat at: https://gitter.im/AlmasB/FXGL
24 Jan 2017, 11:29:38.761 [  FINER] [   FXGL.SystemLogger] [JavaFX Application Thread] Starting JavaFX
24 Jan 2017, 11:29:38.763 [  FINER] [   FXGL.SystemLogger] [          JavaFX-Launcher] Initializing FXGL
24 Jan 2017, 11:29:38.793 [  FINER] [   FXGL.SystemLogger] [JavaFX Application Thread] Starting FXGL
24 Jan 2017, 11:29:39.399 [  FINER] [   FXGL.SystemLogger] [     FXGL Launcher Thread] Configuring FXGL
24 Jan 2017, 11:29:39.400 [  FINER] [   FXGL.SystemLogger] [     FXGL Launcher Thread] Initializing system properties
24 Jan 2017, 11:29:39.478 [  FINER] [   FXGL.SystemLogger] [     FXGL Launcher Thread] sound.notification = system/notification.wav
24 Jan 2017, 11:29:39.479 [  FINER] [   FXGL.SystemLogger] [     FXGL Launcher Thread] url.storage = https://raw.githubusercontent.com/AlmasB/git-server/master/storage/
24 Jan 2017, 11:29:39.479 [  FINER] [   FXGL.SystemLogger] [     FXGL Launcher Thread] asset.cache.size = 35
24 Jan 2017, 11:29:39.480 [  FINER] [   FXGL.SystemLogger] [     FXGL Launcher Thread] fs.profiledir = profiles/
24 Jan 2017, 11:29:39.480 [  FINER] [   FXGL.SystemLogger] [     FXGL Launcher Thread] url.pom = https://raw.githubusercontent.com/AlmasB/FXGL/master/pom.xml
24 Jan 2017, 11:29:39.481 [  FINER] [   FXGL.SystemLogger] [     FXGL Launcher Thread] dev.showbbox = false
24 Jan 2017, 11:29:39.481 [  FINER] [   FXGL.SystemLogger] [     FXGL Launcher Thread] fs.datafile.ext = .dat
24 Jan 2017, 11:29:39.481 [  FINER] [   FXGL.SystemLogger] [     FXGL Launcher Thread] sound.menu.back = menu/back.wav
24 Jan 2017, 11:29:39.484 [  FINER] [   FXGL.SystemLogger] [     FXGL Launcher Thread] sound.menu.select = menu/select.wav
24 Jan 2017, 11:29:39.485 [  FINER] [   FXGL.SystemLogger] [     FXGL Launcher Thread] url.github = https://github.com/AlmasB/FXGL
24 Jan 2017, 11:29:39.486 [  FINER] [   FXGL.SystemLogger] [     FXGL Launcher Thread] url.surveymonkey = https://www.surveymonkey.co.uk/r/BH6LLPM
24 Jan 2017, 11:29:39.486 [  FINER] [   FXGL.SystemLogger] [     FXGL Launcher Thread] physics.ppm = 50.0
24 Jan 2017, 11:29:39.487 [  FINER] [   FXGL.SystemLogger] [     FXGL Launcher Thread] ui.css = fxgl.css
24 Jan 2017, 11:29:39.487 [  FINER] [   FXGL.SystemLogger] [     FXGL Launcher Thread] version.check.days = 7
24 Jan 2017, 11:29:39.487 [  FINER] [   FXGL.SystemLogger] [     FXGL Launcher Thread] fs.savefile.ext = .sav
24 Jan 2017, 11:29:39.488 [  FINER] [   FXGL.SystemLogger] [     FXGL Launcher Thread] pooling.initialSize = 128
24 Jan 2017, 11:29:39.488 [  FINER] [   FXGL.SystemLogger] [     FXGL Launcher Thread] ui.font = Copperplate_Gothic_Light_Regular.ttf
24 Jan 2017, 11:29:39.488 [  FINER] [   FXGL.SystemLogger] [     FXGL Launcher Thread] fs.savedir = saves/
24 Jan 2017, 11:29:39.489 [  FINER] [   FXGL.SystemLogger] [     FXGL Launcher Thread] fs.profilename = user.profile
24 Jan 2017, 11:29:39.489 [  FINER] [   FXGL.SystemLogger] [     FXGL Launcher Thread] ui.icon.name = fxgl_icon.png
24 Jan 2017, 11:29:39.490 [  FINER] [   FXGL.SystemLogger] [     FXGL Launcher Thread] url.googleforms = https://goo.gl/forms/6wrMnOBxTE1fEpOy2
24 Jan 2017, 11:29:39.492 [  FINER] [   FXGL.SystemLogger] [     FXGL Launcher Thread] sound.menu.press = menu/press.wav
24 Jan 2017, 11:29:39.492 [  FINER] [   FXGL.SystemLogger] [     FXGL Launcher Thread] Initializing user properties
24 Jan 2017, 11:29:39.493 [   INFO] [   FXGL.SystemLogger] [     FXGL Launcher Thread] User properties not found. Using system
24 Jan 2017, 11:29:39.494 [  FINER] [   FXGL.SystemLogger] [     FXGL Launcher Thread] Initializing app settings
24 Jan 2017, 11:29:39.514 [  FINER] [   FXGL.SystemLogger] [     FXGL Launcher Thread] Logging settings
Title: Pacman
Version: 0.1
Width: 1040
Height: 840
Fullscreen: false
Intro: false
Menus: false
Profiling: false
App Mode: DEVELOPER
Menu Style: FXGL_DEFAULT
Menu Key: ESCAPE
Services: []
24 Jan 2017, 11:29:40.788 [  FINER] [   FXGL.SystemLogger] [     FXGL Launcher Thread] FXGL configuration complete
24 Jan 2017, 11:29:40.789 [   INFO] [   FXGL.SystemLogger] [     FXGL Launcher Thread] FXGL configuration took:  1.388 sec
24 Jan 2017, 11:29:40.796 [  FINER] [   FXGL.SystemLogger] [JavaFX Application Thread] Running task: UpdaterTask
24 Jan 2017, 11:29:40.801 [  FINER] [   FXGL.SystemLogger] [     FXGL Launcher Thread] Running task: PreInitTask
24 Jan 2017, 11:29:40.900 [  FINER] [   FXGL.SystemLogger] [     FXGL Launcher Thread] Running task: InitScenesTask
24 Jan 2017, 11:29:41.228 [  FINER] [   FXGL.SystemLogger] [     FXGL Launcher Thread] Running task: InitEventHandlersTask
24 Jan 2017, 11:29:41.265 [  FINER] [   FXGL.SystemLogger] [     FXGL Launcher Thread] Running task: InitProfilerTask
24 Jan 2017, 11:29:41.271 [  FINER] [   FXGL.SystemLogger] [     FXGL Launcher Thread] Pausing main loop
24 Jan 2017, 11:29:41.276 [  FINER] [   FXGL.SystemLogger] [     FXGL Launcher Thread] Resetting FXGL application
24 Jan 2017, 11:29:41.414 [   INFO] [   FXGL.SystemLogger] [     FXGL Launcher Thread] Game configuration took:  0.613 sec
24 Jan 2017, 11:29:41.618 [   INFO] [   FXGL.SystemLogger] [ FXGL Background Thread 1] Game initialization took: 0.204 sec
24 Jan 2017, 11:29:41.682 [  FINER] [   FXGL.SystemLogger] [JavaFX Application Thread] Resuming main loop
24 Jan 2017, 11:29:55.698 [  FINER] [   FXGL.SystemLogger] [JavaFX Application Thread] Pausing main loop
24 Jan 2017, 11:29:57.123 [  FINER] [   FXGL.SystemLogger] [JavaFX Application Thread] Resuming main loop
24 Jan 2017, 11:29:57.125 [  FINER] [   FXGL.SystemLogger] [JavaFX Application Thread] Exiting Normally
24 Jan 2017, 11:29:57.146 [  FINER] [   FXGL.SystemLogger] [JavaFX Application Thread] Exiting FXGL
24 Jan 2017, 11:29:57.146 [  FINER] [   FXGL.SystemLogger] [JavaFX Application Thread] Logger is closing
