06 Feb 2017, 11:10:23.623 [   INFO] [   FXGL.SystemLogger] [                     main] System Logger is initialized
06 Feb 2017, 11:10:23.645 [  FINER] [   FXGL.SystemLogger] [                     main] Logging System Info
06 Feb 2017, 11:10:23.645 [  FINER] [   FXGL.SystemLogger] [                     main] CPU cores: 4
06 Feb 2017, 11:10:23.648 [  FINER] [   FXGL.SystemLogger] [                     main] Free Memory: 115MB
06 Feb 2017, 11:10:23.649 [  FINER] [   FXGL.SystemLogger] [                     main] Max Memory: 1796MB
06 Feb 2017, 11:10:23.649 [  FINER] [   FXGL.SystemLogger] [                     main] Total Memory: 123MB
06 Feb 2017, 11:10:23.650 [  FINER] [   FXGL.SystemLogger] [                     main] System Properties:
06 Feb 2017, 11:10:23.652 [  FINER] [   FXGL.SystemLogger] [                     main] sun.cpu.isalist=amd64
06 Feb 2017, 11:10:23.652 [  FINER] [   FXGL.SystemLogger] [                     main] sun.desktop=windows
06 Feb 2017, 11:10:23.652 [  FINER] [   FXGL.SystemLogger] [                     main] sun.io.unicode.encoding=UnicodeLittle
06 Feb 2017, 11:10:23.653 [  FINER] [   FXGL.SystemLogger] [                     main] sun.cpu.endian=little
06 Feb 2017, 11:10:23.653 [  FINER] [   FXGL.SystemLogger] [                     main] java.vendor.url.bug=http://bugreport.sun.com/bugreport/
06 Feb 2017, 11:10:23.654 [  FINER] [   FXGL.SystemLogger] [                     main] file.separator=\
06 Feb 2017, 11:10:23.654 [  FINER] [   FXGL.SystemLogger] [                     main] java.vendor=Oracle Corporation
06 Feb 2017, 11:10:23.654 [  FINER] [   FXGL.SystemLogger] [                     main] sun.boot.class.path=C:\Program Files\Java\jdk1.8.0_60\jre\lib\resources.jar;C:\Program Files\Java\jdk1.8.0_60\jre\lib\rt.jar;C:\Program Files\Java\jdk1.8.0_60\jre\lib\sunrsasign.jar;C:\Program Files\Java\jdk1.8.0_60\jre\lib\jsse.jar;C:\Program Files\Java\jdk1.8.0_60\jre\lib\jce.jar;C:\Program Files\Java\jdk1.8.0_60\jre\lib\charsets.jar;C:\Program Files\Java\jdk1.8.0_60\jre\lib\jfr.jar;C:\Program Files\Java\jdk1.8.0_60\jre\classes
06 Feb 2017, 11:10:23.656 [  FINER] [   FXGL.SystemLogger] [                     main] java.ext.dirs=C:\Program Files\Java\jdk1.8.0_60\jre\lib\ext;C:\WINDOWS\Sun\Java\lib\ext
06 Feb 2017, 11:10:23.657 [  FINER] [   FXGL.SystemLogger] [                     main] java.version=1.8.0_60
06 Feb 2017, 11:10:23.657 [  FINER] [   FXGL.SystemLogger] [                     main] java.vm.info=mixed mode
06 Feb 2017, 11:10:23.657 [  FINER] [   FXGL.SystemLogger] [                     main] awt.toolkit=sun.awt.windows.WToolkit
06 Feb 2017, 11:10:23.658 [  FINER] [   FXGL.SystemLogger] [                     main] user.language=en
06 Feb 2017, 11:10:23.658 [  FINER] [   FXGL.SystemLogger] [                     main] java.specification.vendor=Oracle Corporation
06 Feb 2017, 11:10:23.659 [  FINER] [   FXGL.SystemLogger] [                     main] sun.java.command=com.intellij.rt.execution.application.AppMain com.gamedesign.pacman.PacmanApp
06 Feb 2017, 11:10:23.659 [  FINER] [   FXGL.SystemLogger] [                     main] java.home=C:\Program Files\Java\jdk1.8.0_60\jre
06 Feb 2017, 11:10:23.659 [  FINER] [   FXGL.SystemLogger] [                     main] sun.arch.data.model=64
06 Feb 2017, 11:10:23.660 [  FINER] [   FXGL.SystemLogger] [                     main] java.vm.specification.version=1.8
06 Feb 2017, 11:10:23.660 [  FINER] [   FXGL.SystemLogger] [                     main] java.class.path=C:\Program Files\Java\jdk1.8.0_60\jre\lib\charsets.jar;C:\Program Files\Java\jdk1.8.0_60\jre\lib\deploy.jar;C:\Program Files\Java\jdk1.8.0_60\jre\lib\ext\access-bridge-64.jar;C:\Program Files\Java\jdk1.8.0_60\jre\lib\ext\cldrdata.jar;C:\Program Files\Java\jdk1.8.0_60\jre\lib\ext\dnsns.jar;C:\Program Files\Java\jdk1.8.0_60\jre\lib\ext\jaccess.jar;C:\Program Files\Java\jdk1.8.0_60\jre\lib\ext\jfxrt.jar;C:\Program Files\Java\jdk1.8.0_60\jre\lib\ext\localedata.jar;C:\Program Files\Java\jdk1.8.0_60\jre\lib\ext\nashorn.jar;C:\Program Files\Java\jdk1.8.0_60\jre\lib\ext\sunec.jar;C:\Program Files\Java\jdk1.8.0_60\jre\lib\ext\sunjce_provider.jar;C:\Program Files\Java\jdk1.8.0_60\jre\lib\ext\sunmscapi.jar;C:\Program Files\Java\jdk1.8.0_60\jre\lib\ext\sunpkcs11.jar;C:\Program Files\Java\jdk1.8.0_60\jre\lib\ext\zipfs.jar;C:\Program Files\Java\jdk1.8.0_60\jre\lib\javaws.jar;C:\Program Files\Java\jdk1.8.0_60\jre\lib\jce.jar;C:\Program Files\Java\jdk1.8.0_60\jre\lib\jfr.jar;C:\Program Files\Java\jdk1.8.0_60\jre\lib\jfxswt.jar;C:\Program Files\Java\jdk1.8.0_60\jre\lib\jsse.jar;C:\Program Files\Java\jdk1.8.0_60\jre\lib\management-agent.jar;C:\Program Files\Java\jdk1.8.0_60\jre\lib\plugin.jar;C:\Program Files\Java\jdk1.8.0_60\jre\lib\resources.jar;C:\Program Files\Java\jdk1.8.0_60\jre\lib\rt.jar;C:\Computer Science\Game Design\3rd\Pacman\out\production\Pacman;C:\Computer Science\Game Design\3rd\Pacman\lib\fxgl-0.2.9-uber.jar;C:\Program Files (x86)\JetBrains\IntelliJ IDEA Community Edition 15.0.3\lib\idea_rt.jar
06 Feb 2017, 11:10:23.661 [  FINER] [   FXGL.SystemLogger] [                     main] user.name=hwe10174
06 Feb 2017, 11:10:23.661 [  FINER] [   FXGL.SystemLogger] [                     main] file.encoding=UTF-8
06 Feb 2017, 11:10:23.662 [  FINER] [   FXGL.SystemLogger] [                     main] idea.launcher.bin.path=C:\Program Files (x86)\JetBrains\IntelliJ IDEA Community Edition 15.0.3\bin
06 Feb 2017, 11:10:23.662 [  FINER] [   FXGL.SystemLogger] [                     main] java.specification.version=1.8
06 Feb 2017, 11:10:23.662 [  FINER] [   FXGL.SystemLogger] [                     main] java.awt.printerjob=sun.awt.windows.WPrinterJob
06 Feb 2017, 11:10:23.663 [  FINER] [   FXGL.SystemLogger] [                     main] user.timezone=America/New_York
06 Feb 2017, 11:10:23.663 [  FINER] [   FXGL.SystemLogger] [                     main] user.home=C:\Users\hwe10174
06 Feb 2017, 11:10:23.664 [  FINER] [   FXGL.SystemLogger] [                     main] os.version=6.1
06 Feb 2017, 11:10:23.664 [  FINER] [   FXGL.SystemLogger] [                     main] sun.management.compiler=HotSpot 64-Bit Tiered Compilers
06 Feb 2017, 11:10:23.664 [  FINER] [   FXGL.SystemLogger] [                     main] java.specification.name=Java Platform API Specification
06 Feb 2017, 11:10:23.665 [  FINER] [   FXGL.SystemLogger] [                     main] java.class.version=52.0
06 Feb 2017, 11:10:23.665 [  FINER] [   FXGL.SystemLogger] [                     main] java.library.path=C:\Program Files\Java\jdk1.8.0_60\bin;C:\WINDOWS\Sun\Java\bin;C:\WINDOWS\system32;C:\WINDOWS;C:\WINDOWS\system32;C:\WINDOWS;C:\WINDOWS\System32\Wbem;C:\WINDOWS\System32\WindowsPowerShell\v1.0\;C:\Program Files (x86)\QuickTime\QTSystem\;C:\Program Files (x86)\Common Files\Netop\;C:\Program Files (x86)\Netop\Vision\XL\;C:\Program Files\Intel\WiFi\bin\;C:\Program Files\Common Files\Intel\WirelessCommon\;C:\WINDOWS\system32;C:\WINDOWS;C:\WINDOWS\System32\Wbem;C:\WINDOWS\System32\WindowsPowerShell\v1.0\;C:\Program Files (x86)\QuickTime\QTSystem\;C:\Program Files (x86)\Common Files\Netop\;C:\Program Files (x86)\Netop\Vision\XL\;C:\Program Files\Intel\WiFi\bin\;C:\Program Files\Common Files\Intel\WirelessCommon\;C:\Program Files\Java\jdk1.8.0_60\bin;C:\Users\hwe10174\AppData\Local\Programs\Git\cmd;C:\Users\hwe10174\Downloads\gradle-3.1\bin;.
06 Feb 2017, 11:10:23.666 [  FINER] [   FXGL.SystemLogger] [                     main] sun.jnu.encoding=Cp1252
06 Feb 2017, 11:10:23.666 [  FINER] [   FXGL.SystemLogger] [                     main] os.name=Windows 7
06 Feb 2017, 11:10:23.666 [  FINER] [   FXGL.SystemLogger] [                     main] user.variant=
06 Feb 2017, 11:10:23.667 [  FINER] [   FXGL.SystemLogger] [                     main] java.vm.specification.vendor=Oracle Corporation
06 Feb 2017, 11:10:23.668 [  FINER] [   FXGL.SystemLogger] [                     main] java.io.tmpdir=C:\Users\hwe10174\AppData\Local\Temp\
06 Feb 2017, 11:10:23.668 [  FINER] [   FXGL.SystemLogger] [                     main] line.separator=

06 Feb 2017, 11:10:23.668 [  FINER] [   FXGL.SystemLogger] [                     main] java.endorsed.dirs=C:\Program Files\Java\jdk1.8.0_60\jre\lib\endorsed
06 Feb 2017, 11:10:23.669 [  FINER] [   FXGL.SystemLogger] [                     main] os.arch=amd64
06 Feb 2017, 11:10:23.669 [  FINER] [   FXGL.SystemLogger] [                     main] java.awt.graphicsenv=sun.awt.Win32GraphicsEnvironment
06 Feb 2017, 11:10:23.670 [  FINER] [   FXGL.SystemLogger] [                     main] java.runtime.version=1.8.0_60-b27
06 Feb 2017, 11:10:23.671 [  FINER] [   FXGL.SystemLogger] [                     main] java.vm.specification.name=Java Virtual Machine Specification
06 Feb 2017, 11:10:23.671 [  FINER] [   FXGL.SystemLogger] [                     main] user.dir=C:\Computer Science\Game Design\3rd\Pacman
06 Feb 2017, 11:10:23.672 [  FINER] [   FXGL.SystemLogger] [                     main] user.country=US
06 Feb 2017, 11:10:23.672 [  FINER] [   FXGL.SystemLogger] [                     main] user.script=
06 Feb 2017, 11:10:23.672 [  FINER] [   FXGL.SystemLogger] [                     main] sun.java.launcher=SUN_STANDARD
06 Feb 2017, 11:10:23.673 [  FINER] [   FXGL.SystemLogger] [                     main] sun.os.patch.level=Service Pack 1
06 Feb 2017, 11:10:23.676 [  FINER] [   FXGL.SystemLogger] [                     main] idea.launcher.port=7535
06 Feb 2017, 11:10:23.676 [  FINER] [   FXGL.SystemLogger] [                     main] java.vm.name=Java HotSpot(TM) 64-Bit Server VM
06 Feb 2017, 11:10:23.677 [  FINER] [   FXGL.SystemLogger] [                     main] file.encoding.pkg=sun.io
06 Feb 2017, 11:10:23.677 [  FINER] [   FXGL.SystemLogger] [                     main] path.separator=;
06 Feb 2017, 11:10:23.678 [  FINER] [   FXGL.SystemLogger] [                     main] java.vm.vendor=Oracle Corporation
06 Feb 2017, 11:10:23.678 [  FINER] [   FXGL.SystemLogger] [                     main] java.vendor.url=http://java.oracle.com/
06 Feb 2017, 11:10:23.680 [  FINER] [   FXGL.SystemLogger] [                     main] sun.boot.library.path=C:\Program Files\Java\jdk1.8.0_60\jre\bin
06 Feb 2017, 11:10:23.681 [  FINER] [   FXGL.SystemLogger] [                     main] java.vm.version=25.60-b23
06 Feb 2017, 11:10:23.681 [  FINER] [   FXGL.SystemLogger] [                     main] java.runtime.name=Java(TM) SE Runtime Environment
06 Feb 2017, 11:10:23.687 [   INFO] [   FXGL.SystemLogger] [                     main] FXGL-0.2.9
06 Feb 2017, 11:10:23.688 [   INFO] [   FXGL.SystemLogger] [                     main] Source code and latest versions at: https://github.com/AlmasB/FXGL
06 Feb 2017, 11:10:23.689 [   INFO] [   FXGL.SystemLogger] [                     main]              Join the FXGL chat at: https://gitter.im/AlmasB/FXGL
06 Feb 2017, 11:10:23.921 [  FINER] [   FXGL.SystemLogger] [JavaFX Application Thread] Starting JavaFX
06 Feb 2017, 11:10:23.922 [  FINER] [   FXGL.SystemLogger] [          JavaFX-Launcher] Initializing FXGL
06 Feb 2017, 11:10:23.961 [  FINER] [   FXGL.SystemLogger] [JavaFX Application Thread] Starting FXGL
06 Feb 2017, 11:10:24.336 [  FINER] [   FXGL.SystemLogger] [     FXGL Launcher Thread] Configuring FXGL
06 Feb 2017, 11:10:24.337 [  FINER] [   FXGL.SystemLogger] [     FXGL Launcher Thread] Initializing system properties
06 Feb 2017, 11:10:24.402 [  FINER] [   FXGL.SystemLogger] [     FXGL Launcher Thread] sound.notification = system/notification.wav
06 Feb 2017, 11:10:24.403 [  FINER] [   FXGL.SystemLogger] [     FXGL Launcher Thread] url.storage = https://raw.githubusercontent.com/AlmasB/git-server/master/storage/
06 Feb 2017, 11:10:24.403 [  FINER] [   FXGL.SystemLogger] [     FXGL Launcher Thread] asset.cache.size = 35
06 Feb 2017, 11:10:24.404 [  FINER] [   FXGL.SystemLogger] [     FXGL Launcher Thread] fs.profiledir = profiles/
06 Feb 2017, 11:10:24.404 [  FINER] [   FXGL.SystemLogger] [     FXGL Launcher Thread] url.pom = https://raw.githubusercontent.com/AlmasB/FXGL/master/pom.xml
06 Feb 2017, 11:10:24.404 [  FINER] [   FXGL.SystemLogger] [     FXGL Launcher Thread] dev.showbbox = false
06 Feb 2017, 11:10:24.405 [  FINER] [   FXGL.SystemLogger] [     FXGL Launcher Thread] fs.datafile.ext = .dat
06 Feb 2017, 11:10:24.405 [  FINER] [   FXGL.SystemLogger] [     FXGL Launcher Thread] sound.menu.back = menu/back.wav
06 Feb 2017, 11:10:24.406 [  FINER] [   FXGL.SystemLogger] [     FXGL Launcher Thread] sound.menu.select = menu/select.wav
06 Feb 2017, 11:10:24.406 [  FINER] [   FXGL.SystemLogger] [     FXGL Launcher Thread] url.github = https://github.com/AlmasB/FXGL
06 Feb 2017, 11:10:24.407 [  FINER] [   FXGL.SystemLogger] [     FXGL Launcher Thread] url.surveymonkey = https://www.surveymonkey.co.uk/r/BH6LLPM
06 Feb 2017, 11:10:24.407 [  FINER] [   FXGL.SystemLogger] [     FXGL Launcher Thread] physics.ppm = 50.0
06 Feb 2017, 11:10:24.408 [  FINER] [   FXGL.SystemLogger] [     FXGL Launcher Thread] ui.css = fxgl.css
06 Feb 2017, 11:10:24.408 [  FINER] [   FXGL.SystemLogger] [     FXGL Launcher Thread] version.check.days = 7
06 Feb 2017, 11:10:24.408 [  FINER] [   FXGL.SystemLogger] [     FXGL Launcher Thread] fs.savefile.ext = .sav
06 Feb 2017, 11:10:24.409 [  FINER] [   FXGL.SystemLogger] [     FXGL Launcher Thread] pooling.initialSize = 128
06 Feb 2017, 11:10:24.409 [  FINER] [   FXGL.SystemLogger] [     FXGL Launcher Thread] ui.font = Copperplate_Gothic_Light_Regular.ttf
06 Feb 2017, 11:10:24.409 [  FINER] [   FXGL.SystemLogger] [     FXGL Launcher Thread] fs.savedir = saves/
06 Feb 2017, 11:10:24.410 [  FINER] [   FXGL.SystemLogger] [     FXGL Launcher Thread] fs.profilename = user.profile
06 Feb 2017, 11:10:24.410 [  FINER] [   FXGL.SystemLogger] [     FXGL Launcher Thread] ui.icon.name = fxgl_icon.png
06 Feb 2017, 11:10:24.410 [  FINER] [   FXGL.SystemLogger] [     FXGL Launcher Thread] url.googleforms = https://goo.gl/forms/6wrMnOBxTE1fEpOy2
06 Feb 2017, 11:10:24.411 [  FINER] [   FXGL.SystemLogger] [     FXGL Launcher Thread] sound.menu.press = menu/press.wav
06 Feb 2017, 11:10:24.411 [  FINER] [   FXGL.SystemLogger] [     FXGL Launcher Thread] Initializing user properties
06 Feb 2017, 11:10:24.412 [   INFO] [   FXGL.SystemLogger] [     FXGL Launcher Thread] User properties not found. Using system
06 Feb 2017, 11:10:24.412 [  FINER] [   FXGL.SystemLogger] [     FXGL Launcher Thread] Initializing app settings
06 Feb 2017, 11:10:24.424 [  FINER] [   FXGL.SystemLogger] [     FXGL Launcher Thread] Logging settings
Title: Pacman
Version: 0.1
Width: 960
Height: 840
Fullscreen: false
Intro: false
Menus: false
Profiling: false
App Mode: DEVELOPER
Menu Style: FXGL_DEFAULT
Menu Key: ESCAPE
Services: []
06 Feb 2017, 11:10:25.871 [  FINER] [   FXGL.SystemLogger] [     FXGL Launcher Thread] FXGL configuration complete
06 Feb 2017, 11:10:25.872 [   INFO] [   FXGL.SystemLogger] [     FXGL Launcher Thread] FXGL configuration took:  1.535 sec
06 Feb 2017, 11:10:25.881 [  FINER] [   FXGL.SystemLogger] [JavaFX Application Thread] Running task: UpdaterTask
06 Feb 2017, 11:10:28.038 [  FINER] [   FXGL.SystemLogger] [     FXGL Launcher Thread] Running task: PreInitTask
06 Feb 2017, 11:10:28.169 [  FINER] [   FXGL.SystemLogger] [     FXGL Launcher Thread] Running task: InitScenesTask
06 Feb 2017, 11:10:28.276 [  FINER] [   FXGL.SystemLogger] [     FXGL Launcher Thread] Running task: InitEventHandlersTask
06 Feb 2017, 11:10:28.304 [  FINER] [   FXGL.SystemLogger] [     FXGL Launcher Thread] Running task: InitProfilerTask
06 Feb 2017, 11:10:28.308 [  FINER] [   FXGL.SystemLogger] [     FXGL Launcher Thread] Pausing main loop
06 Feb 2017, 11:10:28.311 [  FINER] [   FXGL.SystemLogger] [     FXGL Launcher Thread] Resetting FXGL application
06 Feb 2017, 11:10:28.421 [   INFO] [   FXGL.SystemLogger] [     FXGL Launcher Thread] Game configuration took:  0.383 sec
06 Feb 2017, 11:10:28.893 [   INFO] [   FXGL.SystemLogger] [ FXGL Background Thread 1] Game initialization took: 0.473 sec
06 Feb 2017, 11:10:28.896 [  FINER] [   FXGL.SystemLogger] [JavaFX Application Thread] Resuming main loop
06 Feb 2017, 11:10:37.798 [  FINER] [   FXGL.SystemLogger] [JavaFX Application Thread] Pausing main loop
06 Feb 2017, 11:10:39.594 [  FINER] [   FXGL.SystemLogger] [JavaFX Application Thread] Resuming main loop
06 Feb 2017, 11:10:39.595 [  FINER] [   FXGL.SystemLogger] [JavaFX Application Thread] Exiting Normally
06 Feb 2017, 11:10:39.613 [  FINER] [   FXGL.SystemLogger] [JavaFX Application Thread] Exiting FXGL
06 Feb 2017, 11:10:39.613 [  FINER] [   FXGL.SystemLogger] [JavaFX Application Thread] Logger is closing
