17 Feb 2017, 12:03:22.374 [   INFO] [   FXGL.SystemLogger] [                     main] System Logger is initialized
17 Feb 2017, 12:03:22.396 [  FINER] [   FXGL.SystemLogger] [                     main] Logging System Info
17 Feb 2017, 12:03:22.396 [  FINER] [   FXGL.SystemLogger] [                     main] CPU cores: 4
17 Feb 2017, 12:03:22.399 [  FINER] [   FXGL.SystemLogger] [                     main] Free Memory: 115MB
17 Feb 2017, 12:03:22.400 [  FINER] [   FXGL.SystemLogger] [                     main] Max Memory: 1796MB
17 Feb 2017, 12:03:22.400 [  FINER] [   FXGL.SystemLogger] [                     main] Total Memory: 123MB
17 Feb 2017, 12:03:22.401 [  FINER] [   FXGL.SystemLogger] [                     main] System Properties:
17 Feb 2017, 12:03:22.403 [  FINER] [   FXGL.SystemLogger] [                     main] sun.cpu.isalist=amd64
17 Feb 2017, 12:03:22.404 [  FINER] [   FXGL.SystemLogger] [                     main] sun.desktop=windows
17 Feb 2017, 12:03:22.404 [  FINER] [   FXGL.SystemLogger] [                     main] sun.io.unicode.encoding=UnicodeLittle
17 Feb 2017, 12:03:22.404 [  FINER] [   FXGL.SystemLogger] [                     main] sun.cpu.endian=little
17 Feb 2017, 12:03:22.405 [  FINER] [   FXGL.SystemLogger] [                     main] java.vendor.url.bug=http://bugreport.sun.com/bugreport/
17 Feb 2017, 12:03:22.405 [  FINER] [   FXGL.SystemLogger] [                     main] file.separator=\
17 Feb 2017, 12:03:22.406 [  FINER] [   FXGL.SystemLogger] [                     main] java.vendor=Oracle Corporation
17 Feb 2017, 12:03:22.406 [  FINER] [   FXGL.SystemLogger] [                     main] sun.boot.class.path=C:\Program Files\Java\jdk1.8.0_60\jre\lib\resources.jar;C:\Program Files\Java\jdk1.8.0_60\jre\lib\rt.jar;C:\Program Files\Java\jdk1.8.0_60\jre\lib\sunrsasign.jar;C:\Program Files\Java\jdk1.8.0_60\jre\lib\jsse.jar;C:\Program Files\Java\jdk1.8.0_60\jre\lib\jce.jar;C:\Program Files\Java\jdk1.8.0_60\jre\lib\charsets.jar;C:\Program Files\Java\jdk1.8.0_60\jre\lib\jfr.jar;C:\Program Files\Java\jdk1.8.0_60\jre\classes
17 Feb 2017, 12:03:22.406 [  FINER] [   FXGL.SystemLogger] [                     main] java.ext.dirs=C:\Program Files\Java\jdk1.8.0_60\jre\lib\ext;C:\WINDOWS\Sun\Java\lib\ext
17 Feb 2017, 12:03:22.407 [  FINER] [   FXGL.SystemLogger] [                     main] java.version=1.8.0_60
17 Feb 2017, 12:03:22.407 [  FINER] [   FXGL.SystemLogger] [                     main] java.vm.info=mixed mode
17 Feb 2017, 12:03:22.407 [  FINER] [   FXGL.SystemLogger] [                     main] awt.toolkit=sun.awt.windows.WToolkit
17 Feb 2017, 12:03:22.408 [  FINER] [   FXGL.SystemLogger] [                     main] user.language=en
17 Feb 2017, 12:03:22.408 [  FINER] [   FXGL.SystemLogger] [                     main] java.specification.vendor=Oracle Corporation
17 Feb 2017, 12:03:22.409 [  FINER] [   FXGL.SystemLogger] [                     main] sun.java.command=com.intellij.rt.execution.application.AppMain com.gamedesign.pacman.PacmanApp
17 Feb 2017, 12:03:22.409 [  FINER] [   FXGL.SystemLogger] [                     main] java.home=C:\Program Files\Java\jdk1.8.0_60\jre
17 Feb 2017, 12:03:22.409 [  FINER] [   FXGL.SystemLogger] [                     main] sun.arch.data.model=64
17 Feb 2017, 12:03:22.410 [  FINER] [   FXGL.SystemLogger] [                     main] java.vm.specification.version=1.8
17 Feb 2017, 12:03:22.410 [  FINER] [   FXGL.SystemLogger] [                     main] java.class.path=C:\Program Files\Java\jdk1.8.0_60\jre\lib\charsets.jar;C:\Program Files\Java\jdk1.8.0_60\jre\lib\deploy.jar;C:\Program Files\Java\jdk1.8.0_60\jre\lib\ext\access-bridge-64.jar;C:\Program Files\Java\jdk1.8.0_60\jre\lib\ext\cldrdata.jar;C:\Program Files\Java\jdk1.8.0_60\jre\lib\ext\dnsns.jar;C:\Program Files\Java\jdk1.8.0_60\jre\lib\ext\jaccess.jar;C:\Program Files\Java\jdk1.8.0_60\jre\lib\ext\jfxrt.jar;C:\Program Files\Java\jdk1.8.0_60\jre\lib\ext\localedata.jar;C:\Program Files\Java\jdk1.8.0_60\jre\lib\ext\nashorn.jar;C:\Program Files\Java\jdk1.8.0_60\jre\lib\ext\sunec.jar;C:\Program Files\Java\jdk1.8.0_60\jre\lib\ext\sunjce_provider.jar;C:\Program Files\Java\jdk1.8.0_60\jre\lib\ext\sunmscapi.jar;C:\Program Files\Java\jdk1.8.0_60\jre\lib\ext\sunpkcs11.jar;C:\Program Files\Java\jdk1.8.0_60\jre\lib\ext\zipfs.jar;C:\Program Files\Java\jdk1.8.0_60\jre\lib\javaws.jar;C:\Program Files\Java\jdk1.8.0_60\jre\lib\jce.jar;C:\Program Files\Java\jdk1.8.0_60\jre\lib\jfr.jar;C:\Program Files\Java\jdk1.8.0_60\jre\lib\jfxswt.jar;C:\Program Files\Java\jdk1.8.0_60\jre\lib\jsse.jar;C:\Program Files\Java\jdk1.8.0_60\jre\lib\management-agent.jar;C:\Program Files\Java\jdk1.8.0_60\jre\lib\plugin.jar;C:\Program Files\Java\jdk1.8.0_60\jre\lib\resources.jar;C:\Program Files\Java\jdk1.8.0_60\jre\lib\rt.jar;C:\Computer Science\Game Design\3rd\Pacman\out\production\Pacman;C:\Computer Science\Game Design\3rd\Pacman\lib\fxgl-0.2.9-uber.jar;C:\Program Files (x86)\JetBrains\IntelliJ IDEA Community Edition 15.0.3\lib\idea_rt.jar
17 Feb 2017, 12:03:22.410 [  FINER] [   FXGL.SystemLogger] [                     main] user.name=hwe10174
17 Feb 2017, 12:03:22.411 [  FINER] [   FXGL.SystemLogger] [                     main] file.encoding=UTF-8
17 Feb 2017, 12:03:22.411 [  FINER] [   FXGL.SystemLogger] [                     main] idea.launcher.bin.path=C:\Program Files (x86)\JetBrains\IntelliJ IDEA Community Edition 15.0.3\bin
17 Feb 2017, 12:03:22.412 [  FINER] [   FXGL.SystemLogger] [                     main] java.specification.version=1.8
17 Feb 2017, 12:03:22.412 [  FINER] [   FXGL.SystemLogger] [                     main] java.awt.printerjob=sun.awt.windows.WPrinterJob
17 Feb 2017, 12:03:22.412 [  FINER] [   FXGL.SystemLogger] [                     main] user.timezone=America/New_York
17 Feb 2017, 12:03:22.413 [  FINER] [   FXGL.SystemLogger] [                     main] user.home=C:\Users\hwe10174
17 Feb 2017, 12:03:22.413 [  FINER] [   FXGL.SystemLogger] [                     main] os.version=6.1
17 Feb 2017, 12:03:22.414 [  FINER] [   FXGL.SystemLogger] [                     main] sun.management.compiler=HotSpot 64-Bit Tiered Compilers
17 Feb 2017, 12:03:22.414 [  FINER] [   FXGL.SystemLogger] [                     main] java.specification.name=Java Platform API Specification
17 Feb 2017, 12:03:22.415 [  FINER] [   FXGL.SystemLogger] [                     main] java.class.version=52.0
17 Feb 2017, 12:03:22.415 [  FINER] [   FXGL.SystemLogger] [                     main] java.library.path=C:\Program Files\Java\jdk1.8.0_60\bin;C:\WINDOWS\Sun\Java\bin;C:\WINDOWS\system32;C:\WINDOWS;C:\WINDOWS\system32;C:\WINDOWS;C:\WINDOWS\System32\Wbem;C:\WINDOWS\System32\WindowsPowerShell\v1.0\;C:\Program Files (x86)\QuickTime\QTSystem\;C:\Program Files (x86)\Common Files\Netop\;C:\Program Files (x86)\Netop\Vision\XL\;C:\Program Files\Intel\WiFi\bin\;C:\Program Files\Common Files\Intel\WirelessCommon\;C:\WINDOWS\system32;C:\WINDOWS;C:\WINDOWS\System32\Wbem;C:\WINDOWS\System32\WindowsPowerShell\v1.0\;C:\Program Files (x86)\QuickTime\QTSystem\;C:\Program Files (x86)\Common Files\Netop\;C:\Program Files (x86)\Netop\Vision\XL\;C:\Program Files\Intel\WiFi\bin\;C:\Program Files\Common Files\Intel\WirelessCommon\;C:\Program Files\Java\jdk1.8.0_60\bin;C:\Users\hwe10174\AppData\Local\Programs\Git\cmd;C:\Users\hwe10174\Downloads\gradle-3.1\bin;.
17 Feb 2017, 12:03:22.415 [  FINER] [   FXGL.SystemLogger] [                     main] sun.jnu.encoding=Cp1252
17 Feb 2017, 12:03:22.416 [  FINER] [   FXGL.SystemLogger] [                     main] os.name=Windows 7
17 Feb 2017, 12:03:22.416 [  FINER] [   FXGL.SystemLogger] [                     main] user.variant=
17 Feb 2017, 12:03:22.417 [  FINER] [   FXGL.SystemLogger] [                     main] java.vm.specification.vendor=Oracle Corporation
17 Feb 2017, 12:03:22.418 [  FINER] [   FXGL.SystemLogger] [                     main] java.io.tmpdir=C:\Users\hwe10174\AppData\Local\Temp\
17 Feb 2017, 12:03:22.418 [  FINER] [   FXGL.SystemLogger] [                     main] line.separator=

17 Feb 2017, 12:03:22.418 [  FINER] [   FXGL.SystemLogger] [                     main] java.endorsed.dirs=C:\Program Files\Java\jdk1.8.0_60\jre\lib\endorsed
17 Feb 2017, 12:03:22.419 [  FINER] [   FXGL.SystemLogger] [                     main] os.arch=amd64
17 Feb 2017, 12:03:22.420 [  FINER] [   FXGL.SystemLogger] [                     main] java.awt.graphicsenv=sun.awt.Win32GraphicsEnvironment
17 Feb 2017, 12:03:22.421 [  FINER] [   FXGL.SystemLogger] [                     main] java.runtime.version=1.8.0_60-b27
17 Feb 2017, 12:03:22.421 [  FINER] [   FXGL.SystemLogger] [                     main] java.vm.specification.name=Java Virtual Machine Specification
17 Feb 2017, 12:03:22.426 [  FINER] [   FXGL.SystemLogger] [                     main] user.dir=C:\Computer Science\Game Design\3rd\Pacman
17 Feb 2017, 12:03:22.428 [  FINER] [   FXGL.SystemLogger] [                     main] user.country=US
17 Feb 2017, 12:03:22.429 [  FINER] [   FXGL.SystemLogger] [                     main] user.script=
17 Feb 2017, 12:03:22.429 [  FINER] [   FXGL.SystemLogger] [                     main] sun.java.launcher=SUN_STANDARD
17 Feb 2017, 12:03:22.429 [  FINER] [   FXGL.SystemLogger] [                     main] sun.os.patch.level=Service Pack 1
17 Feb 2017, 12:03:22.430 [  FINER] [   FXGL.SystemLogger] [                     main] idea.launcher.port=7535
17 Feb 2017, 12:03:22.430 [  FINER] [   FXGL.SystemLogger] [                     main] java.vm.name=Java HotSpot(TM) 64-Bit Server VM
17 Feb 2017, 12:03:22.430 [  FINER] [   FXGL.SystemLogger] [                     main] file.encoding.pkg=sun.io
17 Feb 2017, 12:03:22.431 [  FINER] [   FXGL.SystemLogger] [                     main] path.separator=;
17 Feb 2017, 12:03:22.431 [  FINER] [   FXGL.SystemLogger] [                     main] java.vm.vendor=Oracle Corporation
17 Feb 2017, 12:03:22.432 [  FINER] [   FXGL.SystemLogger] [                     main] java.vendor.url=http://java.oracle.com/
17 Feb 2017, 12:03:22.432 [  FINER] [   FXGL.SystemLogger] [                     main] sun.boot.library.path=C:\Program Files\Java\jdk1.8.0_60\jre\bin
17 Feb 2017, 12:03:22.432 [  FINER] [   FXGL.SystemLogger] [                     main] java.vm.version=25.60-b23
17 Feb 2017, 12:03:22.433 [  FINER] [   FXGL.SystemLogger] [                     main] java.runtime.name=Java(TM) SE Runtime Environment
17 Feb 2017, 12:03:22.443 [   INFO] [   FXGL.SystemLogger] [                     main] FXGL-0.2.9
17 Feb 2017, 12:03:22.444 [   INFO] [   FXGL.SystemLogger] [                     main] Source code and latest versions at: https://github.com/AlmasB/FXGL
17 Feb 2017, 12:03:22.445 [   INFO] [   FXGL.SystemLogger] [                     main]              Join the FXGL chat at: https://gitter.im/AlmasB/FXGL
17 Feb 2017, 12:03:22.669 [  FINER] [   FXGL.SystemLogger] [JavaFX Application Thread] Starting JavaFX
17 Feb 2017, 12:03:22.671 [  FINER] [   FXGL.SystemLogger] [          JavaFX-Launcher] Initializing FXGL
17 Feb 2017, 12:03:22.694 [  FINER] [   FXGL.SystemLogger] [JavaFX Application Thread] Starting FXGL
17 Feb 2017, 12:03:23.101 [  FINER] [   FXGL.SystemLogger] [     FXGL Launcher Thread] Configuring FXGL
17 Feb 2017, 12:03:23.101 [  FINER] [   FXGL.SystemLogger] [     FXGL Launcher Thread] Initializing system properties
17 Feb 2017, 12:03:23.179 [  FINER] [   FXGL.SystemLogger] [     FXGL Launcher Thread] sound.notification = system/notification.wav
17 Feb 2017, 12:03:23.180 [  FINER] [   FXGL.SystemLogger] [     FXGL Launcher Thread] url.storage = https://raw.githubusercontent.com/AlmasB/git-server/master/storage/
17 Feb 2017, 12:03:23.180 [  FINER] [   FXGL.SystemLogger] [     FXGL Launcher Thread] asset.cache.size = 35
17 Feb 2017, 12:03:23.181 [  FINER] [   FXGL.SystemLogger] [     FXGL Launcher Thread] fs.profiledir = profiles/
17 Feb 2017, 12:03:23.181 [  FINER] [   FXGL.SystemLogger] [     FXGL Launcher Thread] url.pom = https://raw.githubusercontent.com/AlmasB/FXGL/master/pom.xml
17 Feb 2017, 12:03:23.182 [  FINER] [   FXGL.SystemLogger] [     FXGL Launcher Thread] dev.showbbox = false
17 Feb 2017, 12:03:23.182 [  FINER] [   FXGL.SystemLogger] [     FXGL Launcher Thread] fs.datafile.ext = .dat
17 Feb 2017, 12:03:23.182 [  FINER] [   FXGL.SystemLogger] [     FXGL Launcher Thread] sound.menu.back = menu/back.wav
17 Feb 2017, 12:03:23.183 [  FINER] [   FXGL.SystemLogger] [     FXGL Launcher Thread] sound.menu.select = menu/select.wav
17 Feb 2017, 12:03:23.183 [  FINER] [   FXGL.SystemLogger] [     FXGL Launcher Thread] url.github = https://github.com/AlmasB/FXGL
17 Feb 2017, 12:03:23.184 [  FINER] [   FXGL.SystemLogger] [     FXGL Launcher Thread] url.surveymonkey = https://www.surveymonkey.co.uk/r/BH6LLPM
17 Feb 2017, 12:03:23.184 [  FINER] [   FXGL.SystemLogger] [     FXGL Launcher Thread] physics.ppm = 50.0
17 Feb 2017, 12:03:23.185 [  FINER] [   FXGL.SystemLogger] [     FXGL Launcher Thread] ui.css = fxgl.css
17 Feb 2017, 12:03:23.185 [  FINER] [   FXGL.SystemLogger] [     FXGL Launcher Thread] version.check.days = 7
17 Feb 2017, 12:03:23.185 [  FINER] [   FXGL.SystemLogger] [     FXGL Launcher Thread] fs.savefile.ext = .sav
17 Feb 2017, 12:03:23.186 [  FINER] [   FXGL.SystemLogger] [     FXGL Launcher Thread] pooling.initialSize = 128
17 Feb 2017, 12:03:23.186 [  FINER] [   FXGL.SystemLogger] [     FXGL Launcher Thread] ui.font = Copperplate_Gothic_Light_Regular.ttf
17 Feb 2017, 12:03:23.187 [  FINER] [   FXGL.SystemLogger] [     FXGL Launcher Thread] fs.savedir = saves/
17 Feb 2017, 12:03:23.187 [  FINER] [   FXGL.SystemLogger] [     FXGL Launcher Thread] fs.profilename = user.profile
17 Feb 2017, 12:03:23.187 [  FINER] [   FXGL.SystemLogger] [     FXGL Launcher Thread] ui.icon.name = fxgl_icon.png
17 Feb 2017, 12:03:23.190 [  FINER] [   FXGL.SystemLogger] [     FXGL Launcher Thread] url.googleforms = https://goo.gl/forms/6wrMnOBxTE1fEpOy2
17 Feb 2017, 12:03:23.190 [  FINER] [   FXGL.SystemLogger] [     FXGL Launcher Thread] sound.menu.press = menu/press.wav
17 Feb 2017, 12:03:23.191 [  FINER] [   FXGL.SystemLogger] [     FXGL Launcher Thread] Initializing user properties
17 Feb 2017, 12:03:23.192 [   INFO] [   FXGL.SystemLogger] [     FXGL Launcher Thread] User properties not found. Using system
17 Feb 2017, 12:03:23.193 [  FINER] [   FXGL.SystemLogger] [     FXGL Launcher Thread] Initializing app settings
17 Feb 2017, 12:03:23.206 [  FINER] [   FXGL.SystemLogger] [     FXGL Launcher Thread] Logging settings
Title: Pacman
Version: 0.1
Width: 960
Height: 840
Fullscreen: false
Intro: false
Menus: false
Profiling: false
App Mode: DEVELOPER
Menu Style: FXGL_DEFAULT
Menu Key: ESCAPE
Services: []
17 Feb 2017, 12:03:24.601 [  FINER] [   FXGL.SystemLogger] [     FXGL Launcher Thread] FXGL configuration complete
17 Feb 2017, 12:03:24.601 [   INFO] [   FXGL.SystemLogger] [     FXGL Launcher Thread] FXGL configuration took:  1.500 sec
17 Feb 2017, 12:03:24.608 [  FINER] [   FXGL.SystemLogger] [JavaFX Application Thread] Running task: UpdaterTask
17 Feb 2017, 12:03:27.332 [  FINER] [   FXGL.SystemLogger] [     FXGL Launcher Thread] Running task: PreInitTask
17 Feb 2017, 12:03:27.443 [  FINER] [   FXGL.SystemLogger] [     FXGL Launcher Thread] Running task: InitScenesTask
17 Feb 2017, 12:03:27.557 [  FINER] [   FXGL.SystemLogger] [     FXGL Launcher Thread] Running task: InitEventHandlersTask
17 Feb 2017, 12:03:27.593 [  FINER] [   FXGL.SystemLogger] [     FXGL Launcher Thread] Running task: InitProfilerTask
17 Feb 2017, 12:03:27.598 [  FINER] [   FXGL.SystemLogger] [     FXGL Launcher Thread] Pausing main loop
17 Feb 2017, 12:03:27.602 [  FINER] [   FXGL.SystemLogger] [     FXGL Launcher Thread] Resetting FXGL application
17 Feb 2017, 12:03:27.716 [   INFO] [   FXGL.SystemLogger] [     FXGL Launcher Thread] Game configuration took:  0.385 sec
17 Feb 2017, 12:03:28.143 [   INFO] [   FXGL.SystemLogger] [ FXGL Background Thread 1] Game initialization took: 0.427 sec
17 Feb 2017, 12:03:28.144 [  FINER] [   FXGL.SystemLogger] [JavaFX Application Thread] Resuming main loop
17 Feb 2017, 12:04:49.301 [  FINER] [   FXGL.SystemLogger] [JavaFX Application Thread] Pausing main loop
17 Feb 2017, 12:04:50.586 [  FINER] [   FXGL.SystemLogger] [JavaFX Application Thread] Resuming main loop
17 Feb 2017, 12:04:50.587 [  FINER] [   FXGL.SystemLogger] [JavaFX Application Thread] Exiting Normally
17 Feb 2017, 12:04:50.599 [  FINER] [   FXGL.SystemLogger] [JavaFX Application Thread] Exiting FXGL
17 Feb 2017, 12:04:50.599 [  FINER] [   FXGL.SystemLogger] [JavaFX Application Thread] Logger is closing
