27 Feb 2017, 11:12:42.104 [   INFO] [   FXGL.SystemLogger] [                     main] System Logger is initialized
27 Feb 2017, 11:12:42.129 [  FINER] [   FXGL.SystemLogger] [                     main] Logging System Info
27 Feb 2017, 11:12:42.130 [  FINER] [   FXGL.SystemLogger] [                     main] CPU cores: 4
27 Feb 2017, 11:12:42.133 [  FINER] [   FXGL.SystemLogger] [                     main] Free Memory: 115MB
27 Feb 2017, 11:12:42.134 [  FINER] [   FXGL.SystemLogger] [                     main] Max Memory: 1796MB
27 Feb 2017, 11:12:42.134 [  FINER] [   FXGL.SystemLogger] [                     main] Total Memory: 123MB
27 Feb 2017, 11:12:42.135 [  FINER] [   FXGL.SystemLogger] [                     main] System Properties:
27 Feb 2017, 11:12:42.137 [  FINER] [   FXGL.SystemLogger] [                     main] sun.cpu.isalist=amd64
27 Feb 2017, 11:12:42.138 [  FINER] [   FXGL.SystemLogger] [                     main] sun.desktop=windows
27 Feb 2017, 11:12:42.138 [  FINER] [   FXGL.SystemLogger] [                     main] sun.io.unicode.encoding=UnicodeLittle
27 Feb 2017, 11:12:42.138 [  FINER] [   FXGL.SystemLogger] [                     main] sun.cpu.endian=little
27 Feb 2017, 11:12:42.139 [  FINER] [   FXGL.SystemLogger] [                     main] java.vendor.url.bug=http://bugreport.sun.com/bugreport/
27 Feb 2017, 11:12:42.139 [  FINER] [   FXGL.SystemLogger] [                     main] file.separator=\
27 Feb 2017, 11:12:42.140 [  FINER] [   FXGL.SystemLogger] [                     main] java.vendor=Oracle Corporation
27 Feb 2017, 11:12:42.140 [  FINER] [   FXGL.SystemLogger] [                     main] sun.boot.class.path=C:\Program Files\Java\jdk1.8.0_60\jre\lib\resources.jar;C:\Program Files\Java\jdk1.8.0_60\jre\lib\rt.jar;C:\Program Files\Java\jdk1.8.0_60\jre\lib\sunrsasign.jar;C:\Program Files\Java\jdk1.8.0_60\jre\lib\jsse.jar;C:\Program Files\Java\jdk1.8.0_60\jre\lib\jce.jar;C:\Program Files\Java\jdk1.8.0_60\jre\lib\charsets.jar;C:\Program Files\Java\jdk1.8.0_60\jre\lib\jfr.jar;C:\Program Files\Java\jdk1.8.0_60\jre\classes
27 Feb 2017, 11:12:42.140 [  FINER] [   FXGL.SystemLogger] [                     main] java.ext.dirs=C:\Program Files\Java\jdk1.8.0_60\jre\lib\ext;C:\WINDOWS\Sun\Java\lib\ext
27 Feb 2017, 11:12:42.144 [  FINER] [   FXGL.SystemLogger] [                     main] java.version=1.8.0_60
27 Feb 2017, 11:12:42.144 [  FINER] [   FXGL.SystemLogger] [                     main] java.vm.info=mixed mode
27 Feb 2017, 11:12:42.145 [  FINER] [   FXGL.SystemLogger] [                     main] awt.toolkit=sun.awt.windows.WToolkit
27 Feb 2017, 11:12:42.145 [  FINER] [   FXGL.SystemLogger] [                     main] user.language=en
27 Feb 2017, 11:12:42.145 [  FINER] [   FXGL.SystemLogger] [                     main] java.specification.vendor=Oracle Corporation
27 Feb 2017, 11:12:42.146 [  FINER] [   FXGL.SystemLogger] [                     main] sun.java.command=com.intellij.rt.execution.application.AppMain com.gamedesign.pacman.PacmanApp
27 Feb 2017, 11:12:42.146 [  FINER] [   FXGL.SystemLogger] [                     main] java.home=C:\Program Files\Java\jdk1.8.0_60\jre
27 Feb 2017, 11:12:42.146 [  FINER] [   FXGL.SystemLogger] [                     main] sun.arch.data.model=64
27 Feb 2017, 11:12:42.147 [  FINER] [   FXGL.SystemLogger] [                     main] java.vm.specification.version=1.8
27 Feb 2017, 11:12:42.147 [  FINER] [   FXGL.SystemLogger] [                     main] java.class.path=C:\Program Files\Java\jdk1.8.0_60\jre\lib\charsets.jar;C:\Program Files\Java\jdk1.8.0_60\jre\lib\deploy.jar;C:\Program Files\Java\jdk1.8.0_60\jre\lib\ext\access-bridge-64.jar;C:\Program Files\Java\jdk1.8.0_60\jre\lib\ext\cldrdata.jar;C:\Program Files\Java\jdk1.8.0_60\jre\lib\ext\dnsns.jar;C:\Program Files\Java\jdk1.8.0_60\jre\lib\ext\jaccess.jar;C:\Program Files\Java\jdk1.8.0_60\jre\lib\ext\jfxrt.jar;C:\Program Files\Java\jdk1.8.0_60\jre\lib\ext\localedata.jar;C:\Program Files\Java\jdk1.8.0_60\jre\lib\ext\nashorn.jar;C:\Program Files\Java\jdk1.8.0_60\jre\lib\ext\sunec.jar;C:\Program Files\Java\jdk1.8.0_60\jre\lib\ext\sunjce_provider.jar;C:\Program Files\Java\jdk1.8.0_60\jre\lib\ext\sunmscapi.jar;C:\Program Files\Java\jdk1.8.0_60\jre\lib\ext\sunpkcs11.jar;C:\Program Files\Java\jdk1.8.0_60\jre\lib\ext\zipfs.jar;C:\Program Files\Java\jdk1.8.0_60\jre\lib\javaws.jar;C:\Program Files\Java\jdk1.8.0_60\jre\lib\jce.jar;C:\Program Files\Java\jdk1.8.0_60\jre\lib\jfr.jar;C:\Program Files\Java\jdk1.8.0_60\jre\lib\jfxswt.jar;C:\Program Files\Java\jdk1.8.0_60\jre\lib\jsse.jar;C:\Program Files\Java\jdk1.8.0_60\jre\lib\management-agent.jar;C:\Program Files\Java\jdk1.8.0_60\jre\lib\plugin.jar;C:\Program Files\Java\jdk1.8.0_60\jre\lib\resources.jar;C:\Program Files\Java\jdk1.8.0_60\jre\lib\rt.jar;C:\Computer Science\Game Design\3rd\Pacman\out\production\Pacman;C:\Computer Science\Game Design\3rd\Pacman\lib\fxgl-0.2.9-uber.jar;C:\Program Files (x86)\JetBrains\IntelliJ IDEA Community Edition 15.0.3\lib\idea_rt.jar
27 Feb 2017, 11:12:42.148 [  FINER] [   FXGL.SystemLogger] [                     main] user.name=hwe10174
27 Feb 2017, 11:12:42.148 [  FINER] [   FXGL.SystemLogger] [                     main] file.encoding=UTF-8
27 Feb 2017, 11:12:42.149 [  FINER] [   FXGL.SystemLogger] [                     main] idea.launcher.bin.path=C:\Program Files (x86)\JetBrains\IntelliJ IDEA Community Edition 15.0.3\bin
27 Feb 2017, 11:12:42.149 [  FINER] [   FXGL.SystemLogger] [                     main] java.specification.version=1.8
27 Feb 2017, 11:12:42.150 [  FINER] [   FXGL.SystemLogger] [                     main] java.awt.printerjob=sun.awt.windows.WPrinterJob
27 Feb 2017, 11:12:42.150 [  FINER] [   FXGL.SystemLogger] [                     main] user.timezone=America/New_York
27 Feb 2017, 11:12:42.150 [  FINER] [   FXGL.SystemLogger] [                     main] user.home=C:\Users\hwe10174
27 Feb 2017, 11:12:42.151 [  FINER] [   FXGL.SystemLogger] [                     main] os.version=6.1
27 Feb 2017, 11:12:42.151 [  FINER] [   FXGL.SystemLogger] [                     main] sun.management.compiler=HotSpot 64-Bit Tiered Compilers
27 Feb 2017, 11:12:42.151 [  FINER] [   FXGL.SystemLogger] [                     main] java.specification.name=Java Platform API Specification
27 Feb 2017, 11:12:42.152 [  FINER] [   FXGL.SystemLogger] [                     main] java.class.version=52.0
27 Feb 2017, 11:12:42.152 [  FINER] [   FXGL.SystemLogger] [                     main] java.library.path=C:\Program Files\Java\jdk1.8.0_60\bin;C:\WINDOWS\Sun\Java\bin;C:\WINDOWS\system32;C:\WINDOWS;C:\WINDOWS\system32;C:\WINDOWS;C:\WINDOWS\System32\Wbem;C:\WINDOWS\System32\WindowsPowerShell\v1.0\;C:\Program Files (x86)\QuickTime\QTSystem\;C:\Program Files (x86)\Common Files\Netop\;C:\Program Files (x86)\Netop\Vision\XL\;C:\Program Files\Intel\WiFi\bin\;C:\Program Files\Common Files\Intel\WirelessCommon\;C:\WINDOWS\system32;C:\WINDOWS;C:\WINDOWS\System32\Wbem;C:\WINDOWS\System32\WindowsPowerShell\v1.0\;C:\Program Files (x86)\QuickTime\QTSystem\;C:\Program Files (x86)\Common Files\Netop\;C:\Program Files (x86)\Netop\Vision\XL\;C:\Program Files\Intel\WiFi\bin\;C:\Program Files\Common Files\Intel\WirelessCommon\;C:\Program Files\Java\jdk1.8.0_60\bin;C:\Users\hwe10174\AppData\Local\Programs\Git\cmd;C:\Users\hwe10174\Downloads\gradle-3.1\bin;.
27 Feb 2017, 11:12:42.152 [  FINER] [   FXGL.SystemLogger] [                     main] sun.jnu.encoding=Cp1252
27 Feb 2017, 11:12:42.153 [  FINER] [   FXGL.SystemLogger] [                     main] os.name=Windows 7
27 Feb 2017, 11:12:42.153 [  FINER] [   FXGL.SystemLogger] [                     main] user.variant=
27 Feb 2017, 11:12:42.153 [  FINER] [   FXGL.SystemLogger] [                     main] java.vm.specification.vendor=Oracle Corporation
27 Feb 2017, 11:12:42.154 [  FINER] [   FXGL.SystemLogger] [                     main] java.io.tmpdir=C:\Users\hwe10174\AppData\Local\Temp\
27 Feb 2017, 11:12:42.154 [  FINER] [   FXGL.SystemLogger] [                     main] line.separator=

27 Feb 2017, 11:12:42.154 [  FINER] [   FXGL.SystemLogger] [                     main] java.endorsed.dirs=C:\Program Files\Java\jdk1.8.0_60\jre\lib\endorsed
27 Feb 2017, 11:12:42.155 [  FINER] [   FXGL.SystemLogger] [                     main] os.arch=amd64
27 Feb 2017, 11:12:42.155 [  FINER] [   FXGL.SystemLogger] [                     main] java.awt.graphicsenv=sun.awt.Win32GraphicsEnvironment
27 Feb 2017, 11:12:42.157 [  FINER] [   FXGL.SystemLogger] [                     main] java.runtime.version=1.8.0_60-b27
27 Feb 2017, 11:12:42.158 [  FINER] [   FXGL.SystemLogger] [                     main] java.vm.specification.name=Java Virtual Machine Specification
27 Feb 2017, 11:12:42.158 [  FINER] [   FXGL.SystemLogger] [                     main] user.dir=C:\Computer Science\Game Design\3rd\Pacman
27 Feb 2017, 11:12:42.159 [  FINER] [   FXGL.SystemLogger] [                     main] user.country=US
27 Feb 2017, 11:12:42.159 [  FINER] [   FXGL.SystemLogger] [                     main] user.script=
27 Feb 2017, 11:12:42.160 [  FINER] [   FXGL.SystemLogger] [                     main] sun.java.launcher=SUN_STANDARD
27 Feb 2017, 11:12:42.160 [  FINER] [   FXGL.SystemLogger] [                     main] sun.os.patch.level=Service Pack 1
27 Feb 2017, 11:12:42.160 [  FINER] [   FXGL.SystemLogger] [                     main] idea.launcher.port=7533
27 Feb 2017, 11:12:42.161 [  FINER] [   FXGL.SystemLogger] [                     main] java.vm.name=Java HotSpot(TM) 64-Bit Server VM
27 Feb 2017, 11:12:42.161 [  FINER] [   FXGL.SystemLogger] [                     main] file.encoding.pkg=sun.io
27 Feb 2017, 11:12:42.161 [  FINER] [   FXGL.SystemLogger] [                     main] path.separator=;
27 Feb 2017, 11:12:42.162 [  FINER] [   FXGL.SystemLogger] [                     main] java.vm.vendor=Oracle Corporation
27 Feb 2017, 11:12:42.162 [  FINER] [   FXGL.SystemLogger] [                     main] java.vendor.url=http://java.oracle.com/
27 Feb 2017, 11:12:42.163 [  FINER] [   FXGL.SystemLogger] [                     main] sun.boot.library.path=C:\Program Files\Java\jdk1.8.0_60\jre\bin
27 Feb 2017, 11:12:42.163 [  FINER] [   FXGL.SystemLogger] [                     main] java.vm.version=25.60-b23
27 Feb 2017, 11:12:42.166 [  FINER] [   FXGL.SystemLogger] [                     main] java.runtime.name=Java(TM) SE Runtime Environment
27 Feb 2017, 11:12:42.173 [   INFO] [   FXGL.SystemLogger] [                     main] FXGL-0.2.9
27 Feb 2017, 11:12:42.174 [   INFO] [   FXGL.SystemLogger] [                     main] Source code and latest versions at: https://github.com/AlmasB/FXGL
27 Feb 2017, 11:12:42.174 [   INFO] [   FXGL.SystemLogger] [                     main]              Join the FXGL chat at: https://gitter.im/AlmasB/FXGL
27 Feb 2017, 11:12:42.380 [  FINER] [   FXGL.SystemLogger] [JavaFX Application Thread] Starting JavaFX
27 Feb 2017, 11:12:42.381 [  FINER] [   FXGL.SystemLogger] [          JavaFX-Launcher] Initializing FXGL
27 Feb 2017, 11:12:42.410 [  FINER] [   FXGL.SystemLogger] [JavaFX Application Thread] Starting FXGL
27 Feb 2017, 11:12:42.813 [  FINER] [   FXGL.SystemLogger] [     FXGL Launcher Thread] Configuring FXGL
27 Feb 2017, 11:12:42.814 [  FINER] [   FXGL.SystemLogger] [     FXGL Launcher Thread] Initializing system properties
27 Feb 2017, 11:12:42.872 [  FINER] [   FXGL.SystemLogger] [     FXGL Launcher Thread] sound.notification = system/notification.wav
27 Feb 2017, 11:12:42.873 [  FINER] [   FXGL.SystemLogger] [     FXGL Launcher Thread] url.storage = https://raw.githubusercontent.com/AlmasB/git-server/master/storage/
27 Feb 2017, 11:12:42.873 [  FINER] [   FXGL.SystemLogger] [     FXGL Launcher Thread] asset.cache.size = 35
27 Feb 2017, 11:12:42.874 [  FINER] [   FXGL.SystemLogger] [     FXGL Launcher Thread] fs.profiledir = profiles/
27 Feb 2017, 11:12:42.874 [  FINER] [   FXGL.SystemLogger] [     FXGL Launcher Thread] url.pom = https://raw.githubusercontent.com/AlmasB/FXGL/master/pom.xml
27 Feb 2017, 11:12:42.875 [  FINER] [   FXGL.SystemLogger] [     FXGL Launcher Thread] dev.showbbox = false
27 Feb 2017, 11:12:42.875 [  FINER] [   FXGL.SystemLogger] [     FXGL Launcher Thread] fs.datafile.ext = .dat
27 Feb 2017, 11:12:42.875 [  FINER] [   FXGL.SystemLogger] [     FXGL Launcher Thread] sound.menu.back = menu/back.wav
27 Feb 2017, 11:12:42.876 [  FINER] [   FXGL.SystemLogger] [     FXGL Launcher Thread] sound.menu.select = menu/select.wav
27 Feb 2017, 11:12:42.876 [  FINER] [   FXGL.SystemLogger] [     FXGL Launcher Thread] url.github = https://github.com/AlmasB/FXGL
27 Feb 2017, 11:12:42.877 [  FINER] [   FXGL.SystemLogger] [     FXGL Launcher Thread] url.surveymonkey = https://www.surveymonkey.co.uk/r/BH6LLPM
27 Feb 2017, 11:12:42.877 [  FINER] [   FXGL.SystemLogger] [     FXGL Launcher Thread] physics.ppm = 50.0
27 Feb 2017, 11:12:42.878 [  FINER] [   FXGL.SystemLogger] [     FXGL Launcher Thread] ui.css = fxgl.css
27 Feb 2017, 11:12:42.878 [  FINER] [   FXGL.SystemLogger] [     FXGL Launcher Thread] version.check.days = 7
27 Feb 2017, 11:12:42.878 [  FINER] [   FXGL.SystemLogger] [     FXGL Launcher Thread] fs.savefile.ext = .sav
27 Feb 2017, 11:12:42.879 [  FINER] [   FXGL.SystemLogger] [     FXGL Launcher Thread] pooling.initialSize = 128
27 Feb 2017, 11:12:42.879 [  FINER] [   FXGL.SystemLogger] [     FXGL Launcher Thread] ui.font = Copperplate_Gothic_Light_Regular.ttf
27 Feb 2017, 11:12:42.880 [  FINER] [   FXGL.SystemLogger] [     FXGL Launcher Thread] fs.savedir = saves/
27 Feb 2017, 11:12:42.880 [  FINER] [   FXGL.SystemLogger] [     FXGL Launcher Thread] fs.profilename = user.profile
27 Feb 2017, 11:12:42.880 [  FINER] [   FXGL.SystemLogger] [     FXGL Launcher Thread] ui.icon.name = fxgl_icon.png
27 Feb 2017, 11:12:42.881 [  FINER] [   FXGL.SystemLogger] [     FXGL Launcher Thread] url.googleforms = https://goo.gl/forms/6wrMnOBxTE1fEpOy2
27 Feb 2017, 11:12:42.881 [  FINER] [   FXGL.SystemLogger] [     FXGL Launcher Thread] sound.menu.press = menu/press.wav
27 Feb 2017, 11:12:42.881 [  FINER] [   FXGL.SystemLogger] [     FXGL Launcher Thread] Initializing user properties
27 Feb 2017, 11:12:42.882 [   INFO] [   FXGL.SystemLogger] [     FXGL Launcher Thread] User properties not found. Using system
27 Feb 2017, 11:12:42.883 [  FINER] [   FXGL.SystemLogger] [     FXGL Launcher Thread] Initializing app settings
27 Feb 2017, 11:12:42.910 [  FINER] [   FXGL.SystemLogger] [     FXGL Launcher Thread] Logging settings
Title: Pacman
Version: 0.1
Width: 960
Height: 840
Fullscreen: false
Intro: false
Menus: false
Profiling: false
App Mode: DEVELOPER
Menu Style: FXGL_DEFAULT
Menu Key: ESCAPE
Services: []
27 Feb 2017, 11:12:44.255 [  FINER] [   FXGL.SystemLogger] [     FXGL Launcher Thread] FXGL configuration complete
27 Feb 2017, 11:12:44.255 [   INFO] [   FXGL.SystemLogger] [     FXGL Launcher Thread] FXGL configuration took:  1.441 sec
27 Feb 2017, 11:12:44.264 [  FINER] [   FXGL.SystemLogger] [JavaFX Application Thread] Running task: UpdaterTask
27 Feb 2017, 11:12:45.937 [  FINER] [   FXGL.SystemLogger] [     FXGL Launcher Thread] Running task: PreInitTask
27 Feb 2017, 11:12:46.099 [  FINER] [   FXGL.SystemLogger] [     FXGL Launcher Thread] Running task: InitScenesTask
27 Feb 2017, 11:12:46.231 [  FINER] [   FXGL.SystemLogger] [     FXGL Launcher Thread] Running task: InitEventHandlersTask
27 Feb 2017, 11:12:46.265 [  FINER] [   FXGL.SystemLogger] [     FXGL Launcher Thread] Running task: InitProfilerTask
27 Feb 2017, 11:12:46.270 [  FINER] [   FXGL.SystemLogger] [     FXGL Launcher Thread] Pausing main loop
27 Feb 2017, 11:12:46.274 [  FINER] [   FXGL.SystemLogger] [     FXGL Launcher Thread] Resetting FXGL application
27 Feb 2017, 11:12:46.386 [   INFO] [   FXGL.SystemLogger] [     FXGL Launcher Thread] Game configuration took:  0.449 sec
27 Feb 2017, 11:12:46.855 [   INFO] [   FXGL.SystemLogger] [ FXGL Background Thread 1] Game initialization took: 0.469 sec
27 Feb 2017, 11:12:46.856 [  FINER] [   FXGL.SystemLogger] [JavaFX Application Thread] Resuming main loop
27 Feb 2017, 11:21:11.012 [  FINER] [   FXGL.SystemLogger] [JavaFX Application Thread] Pausing main loop
27 Feb 2017, 11:21:13.101 [  FINER] [   FXGL.SystemLogger] [JavaFX Application Thread] Resuming main loop
27 Feb 2017, 11:21:13.102 [  FINER] [   FXGL.SystemLogger] [JavaFX Application Thread] Exiting Normally
27 Feb 2017, 11:21:13.121 [  FINER] [   FXGL.SystemLogger] [JavaFX Application Thread] Exiting FXGL
27 Feb 2017, 11:21:13.122 [  FINER] [   FXGL.SystemLogger] [JavaFX Application Thread] Logger is closing
