18 Jan 2017, 11:00:14.270 [   INFO] [   FXGL.SystemLogger] [                     main] System Logger is initialized
18 Jan 2017, 11:00:14.286 [  FINER] [   FXGL.SystemLogger] [                     main] Logging System Info
18 Jan 2017, 11:00:14.286 [  FINER] [   FXGL.SystemLogger] [                     main] CPU cores: 4
18 Jan 2017, 11:00:14.289 [  FINER] [   FXGL.SystemLogger] [                     main] Free Memory: 112MB
18 Jan 2017, 11:00:14.290 [  FINER] [   FXGL.SystemLogger] [                     main] Max Memory: 1796MB
18 Jan 2017, 11:00:14.291 [  FINER] [   FXGL.SystemLogger] [                     main] Total Memory: 123MB
18 Jan 2017, 11:00:14.292 [  FINER] [   FXGL.SystemLogger] [                     main] System Properties:
18 Jan 2017, 11:00:14.295 [  FINER] [   FXGL.SystemLogger] [                     main] sun.cpu.isalist=amd64
18 Jan 2017, 11:00:14.296 [  FINER] [   FXGL.SystemLogger] [                     main] sun.desktop=windows
18 Jan 2017, 11:00:14.297 [  FINER] [   FXGL.SystemLogger] [                     main] sun.io.unicode.encoding=UnicodeLittle
18 Jan 2017, 11:00:14.297 [  FINER] [   FXGL.SystemLogger] [                     main] sun.cpu.endian=little
18 Jan 2017, 11:00:14.297 [  FINER] [   FXGL.SystemLogger] [                     main] java.vendor.url.bug=http://bugreport.sun.com/bugreport/
18 Jan 2017, 11:00:14.298 [  FINER] [   FXGL.SystemLogger] [                     main] file.separator=\
18 Jan 2017, 11:00:14.298 [  FINER] [   FXGL.SystemLogger] [                     main] java.vendor=Oracle Corporation
18 Jan 2017, 11:00:14.299 [  FINER] [   FXGL.SystemLogger] [                     main] sun.boot.class.path=C:\Program Files\Java\jdk1.8.0_60\jre\lib\resources.jar;C:\Program Files\Java\jdk1.8.0_60\jre\lib\rt.jar;C:\Program Files\Java\jdk1.8.0_60\jre\lib\sunrsasign.jar;C:\Program Files\Java\jdk1.8.0_60\jre\lib\jsse.jar;C:\Program Files\Java\jdk1.8.0_60\jre\lib\jce.jar;C:\Program Files\Java\jdk1.8.0_60\jre\lib\charsets.jar;C:\Program Files\Java\jdk1.8.0_60\jre\lib\jfr.jar;C:\Program Files\Java\jdk1.8.0_60\jre\classes
18 Jan 2017, 11:00:14.299 [  FINER] [   FXGL.SystemLogger] [                     main] java.ext.dirs=C:\Program Files\Java\jdk1.8.0_60\jre\lib\ext;C:\WINDOWS\Sun\Java\lib\ext
18 Jan 2017, 11:00:14.300 [  FINER] [   FXGL.SystemLogger] [                     main] java.version=1.8.0_60
18 Jan 2017, 11:00:14.300 [  FINER] [   FXGL.SystemLogger] [                     main] java.vm.info=mixed mode
18 Jan 2017, 11:00:14.301 [  FINER] [   FXGL.SystemLogger] [                     main] awt.toolkit=sun.awt.windows.WToolkit
18 Jan 2017, 11:00:14.301 [  FINER] [   FXGL.SystemLogger] [                     main] user.language=en
18 Jan 2017, 11:00:14.302 [  FINER] [   FXGL.SystemLogger] [                     main] java.specification.vendor=Oracle Corporation
18 Jan 2017, 11:00:14.302 [  FINER] [   FXGL.SystemLogger] [                     main] sun.java.command=com.intellij.rt.execution.application.AppMain com.gamedesign.pacman.PacmanApp
18 Jan 2017, 11:00:14.302 [  FINER] [   FXGL.SystemLogger] [                     main] java.home=C:\Program Files\Java\jdk1.8.0_60\jre
18 Jan 2017, 11:00:14.303 [  FINER] [   FXGL.SystemLogger] [                     main] sun.arch.data.model=64
18 Jan 2017, 11:00:14.303 [  FINER] [   FXGL.SystemLogger] [                     main] java.vm.specification.version=1.8
18 Jan 2017, 11:00:14.303 [  FINER] [   FXGL.SystemLogger] [                     main] java.class.path=C:\Program Files\Java\jdk1.8.0_60\jre\lib\charsets.jar;C:\Program Files\Java\jdk1.8.0_60\jre\lib\deploy.jar;C:\Program Files\Java\jdk1.8.0_60\jre\lib\ext\access-bridge-64.jar;C:\Program Files\Java\jdk1.8.0_60\jre\lib\ext\cldrdata.jar;C:\Program Files\Java\jdk1.8.0_60\jre\lib\ext\dnsns.jar;C:\Program Files\Java\jdk1.8.0_60\jre\lib\ext\jaccess.jar;C:\Program Files\Java\jdk1.8.0_60\jre\lib\ext\jfxrt.jar;C:\Program Files\Java\jdk1.8.0_60\jre\lib\ext\localedata.jar;C:\Program Files\Java\jdk1.8.0_60\jre\lib\ext\nashorn.jar;C:\Program Files\Java\jdk1.8.0_60\jre\lib\ext\sunec.jar;C:\Program Files\Java\jdk1.8.0_60\jre\lib\ext\sunjce_provider.jar;C:\Program Files\Java\jdk1.8.0_60\jre\lib\ext\sunmscapi.jar;C:\Program Files\Java\jdk1.8.0_60\jre\lib\ext\sunpkcs11.jar;C:\Program Files\Java\jdk1.8.0_60\jre\lib\ext\zipfs.jar;C:\Program Files\Java\jdk1.8.0_60\jre\lib\javaws.jar;C:\Program Files\Java\jdk1.8.0_60\jre\lib\jce.jar;C:\Program Files\Java\jdk1.8.0_60\jre\lib\jfr.jar;C:\Program Files\Java\jdk1.8.0_60\jre\lib\jfxswt.jar;C:\Program Files\Java\jdk1.8.0_60\jre\lib\jsse.jar;C:\Program Files\Java\jdk1.8.0_60\jre\lib\management-agent.jar;C:\Program Files\Java\jdk1.8.0_60\jre\lib\plugin.jar;C:\Program Files\Java\jdk1.8.0_60\jre\lib\resources.jar;C:\Program Files\Java\jdk1.8.0_60\jre\lib\rt.jar;C:\Computer Science\Game Design\3rd\Pacman\out\production\Pacman;C:\Computer Science\Game Design\3rd\Pacman\lib\fxgl-0.2.9-uber.jar;C:\Program Files (x86)\JetBrains\IntelliJ IDEA Community Edition 15.0.3\lib\idea_rt.jar
18 Jan 2017, 11:00:14.304 [  FINER] [   FXGL.SystemLogger] [                     main] user.name=hwe10174
18 Jan 2017, 11:00:14.304 [  FINER] [   FXGL.SystemLogger] [                     main] file.encoding=UTF-8
18 Jan 2017, 11:00:14.305 [  FINER] [   FXGL.SystemLogger] [                     main] idea.launcher.bin.path=C:\Program Files (x86)\JetBrains\IntelliJ IDEA Community Edition 15.0.3\bin
18 Jan 2017, 11:00:14.305 [  FINER] [   FXGL.SystemLogger] [                     main] java.specification.version=1.8
18 Jan 2017, 11:00:14.305 [  FINER] [   FXGL.SystemLogger] [                     main] java.awt.printerjob=sun.awt.windows.WPrinterJob
18 Jan 2017, 11:00:14.306 [  FINER] [   FXGL.SystemLogger] [                     main] user.timezone=America/New_York
18 Jan 2017, 11:00:14.306 [  FINER] [   FXGL.SystemLogger] [                     main] user.home=C:\Users\hwe10174
18 Jan 2017, 11:00:14.308 [  FINER] [   FXGL.SystemLogger] [                     main] os.version=6.1
18 Jan 2017, 11:00:14.309 [  FINER] [   FXGL.SystemLogger] [                     main] sun.management.compiler=HotSpot 64-Bit Tiered Compilers
18 Jan 2017, 11:00:14.309 [  FINER] [   FXGL.SystemLogger] [                     main] java.specification.name=Java Platform API Specification
18 Jan 2017, 11:00:14.309 [  FINER] [   FXGL.SystemLogger] [                     main] java.class.version=52.0
18 Jan 2017, 11:00:14.310 [  FINER] [   FXGL.SystemLogger] [                     main] java.library.path=C:\Program Files\Java\jdk1.8.0_60\bin;C:\WINDOWS\Sun\Java\bin;C:\WINDOWS\system32;C:\WINDOWS;C:\WINDOWS\system32;C:\WINDOWS;C:\WINDOWS\System32\Wbem;C:\WINDOWS\System32\WindowsPowerShell\v1.0\;C:\Program Files (x86)\QuickTime\QTSystem\;C:\Program Files (x86)\Common Files\Netop\;C:\Program Files (x86)\Netop\Vision\XL\;C:\Program Files\Intel\WiFi\bin\;C:\Program Files\Common Files\Intel\WirelessCommon\;C:\WINDOWS\system32;C:\WINDOWS;C:\WINDOWS\System32\Wbem;C:\WINDOWS\System32\WindowsPowerShell\v1.0\;C:\Program Files (x86)\QuickTime\QTSystem\;C:\Program Files (x86)\Common Files\Netop\;C:\Program Files (x86)\Netop\Vision\XL\;C:\Program Files\Intel\WiFi\bin\;C:\Program Files\Common Files\Intel\WirelessCommon\;C:\Program Files\Java\jdk1.8.0_60\bin;C:\Users\hwe10174\AppData\Local\Programs\Git\cmd;C:\Users\hwe10174\Downloads\gradle-3.1\bin;.
18 Jan 2017, 11:00:14.310 [  FINER] [   FXGL.SystemLogger] [                     main] sun.jnu.encoding=Cp1252
18 Jan 2017, 11:00:14.310 [  FINER] [   FXGL.SystemLogger] [                     main] os.name=Windows 7
18 Jan 2017, 11:00:14.311 [  FINER] [   FXGL.SystemLogger] [                     main] user.variant=
18 Jan 2017, 11:00:14.311 [  FINER] [   FXGL.SystemLogger] [                     main] java.vm.specification.vendor=Oracle Corporation
18 Jan 2017, 11:00:14.311 [  FINER] [   FXGL.SystemLogger] [                     main] java.io.tmpdir=C:\Users\hwe10174\AppData\Local\Temp\
18 Jan 2017, 11:00:14.312 [  FINER] [   FXGL.SystemLogger] [                     main] line.separator=

18 Jan 2017, 11:00:14.312 [  FINER] [   FXGL.SystemLogger] [                     main] java.endorsed.dirs=C:\Program Files\Java\jdk1.8.0_60\jre\lib\endorsed
18 Jan 2017, 11:00:14.312 [  FINER] [   FXGL.SystemLogger] [                     main] os.arch=amd64
18 Jan 2017, 11:00:14.313 [  FINER] [   FXGL.SystemLogger] [                     main] java.awt.graphicsenv=sun.awt.Win32GraphicsEnvironment
18 Jan 2017, 11:00:14.313 [  FINER] [   FXGL.SystemLogger] [                     main] java.runtime.version=1.8.0_60-b27
18 Jan 2017, 11:00:14.313 [  FINER] [   FXGL.SystemLogger] [                     main] java.vm.specification.name=Java Virtual Machine Specification
18 Jan 2017, 11:00:14.313 [  FINER] [   FXGL.SystemLogger] [                     main] user.dir=C:\Computer Science\Game Design\3rd\Pacman
18 Jan 2017, 11:00:14.314 [  FINER] [   FXGL.SystemLogger] [                     main] user.country=US
18 Jan 2017, 11:00:14.314 [  FINER] [   FXGL.SystemLogger] [                     main] user.script=
18 Jan 2017, 11:00:14.314 [  FINER] [   FXGL.SystemLogger] [                     main] sun.java.launcher=SUN_STANDARD
18 Jan 2017, 11:00:14.315 [  FINER] [   FXGL.SystemLogger] [                     main] sun.os.patch.level=Service Pack 1
18 Jan 2017, 11:00:14.315 [  FINER] [   FXGL.SystemLogger] [                     main] idea.launcher.port=7532
18 Jan 2017, 11:00:14.315 [  FINER] [   FXGL.SystemLogger] [                     main] java.vm.name=Java HotSpot(TM) 64-Bit Server VM
18 Jan 2017, 11:00:14.318 [  FINER] [   FXGL.SystemLogger] [                     main] file.encoding.pkg=sun.io
18 Jan 2017, 11:00:14.319 [  FINER] [   FXGL.SystemLogger] [                     main] path.separator=;
18 Jan 2017, 11:00:14.319 [  FINER] [   FXGL.SystemLogger] [                     main] java.vm.vendor=Oracle Corporation
18 Jan 2017, 11:00:14.321 [  FINER] [   FXGL.SystemLogger] [                     main] java.vendor.url=http://java.oracle.com/
18 Jan 2017, 11:00:14.322 [  FINER] [   FXGL.SystemLogger] [                     main] sun.boot.library.path=C:\Program Files\Java\jdk1.8.0_60\jre\bin
18 Jan 2017, 11:00:14.322 [  FINER] [   FXGL.SystemLogger] [                     main] java.vm.version=25.60-b23
18 Jan 2017, 11:00:14.322 [  FINER] [   FXGL.SystemLogger] [                     main] java.runtime.name=Java(TM) SE Runtime Environment
18 Jan 2017, 11:00:14.331 [   INFO] [   FXGL.SystemLogger] [                     main] FXGL-0.2.9
18 Jan 2017, 11:00:14.332 [   INFO] [   FXGL.SystemLogger] [                     main] Source code and latest versions at: https://github.com/AlmasB/FXGL
18 Jan 2017, 11:00:14.333 [   INFO] [   FXGL.SystemLogger] [                     main]              Join the FXGL chat at: https://gitter.im/AlmasB/FXGL
18 Jan 2017, 11:00:14.658 [  FINER] [   FXGL.SystemLogger] [JavaFX Application Thread] Starting JavaFX
18 Jan 2017, 11:00:14.659 [  FINER] [   FXGL.SystemLogger] [          JavaFX-Launcher] Initializing FXGL
18 Jan 2017, 11:00:14.735 [  FINER] [   FXGL.SystemLogger] [JavaFX Application Thread] Starting FXGL
18 Jan 2017, 11:00:15.273 [  FINER] [   FXGL.SystemLogger] [     FXGL Launcher Thread] Configuring FXGL
18 Jan 2017, 11:00:15.273 [  FINER] [   FXGL.SystemLogger] [     FXGL Launcher Thread] Initializing system properties
18 Jan 2017, 11:00:15.322 [  FINER] [   FXGL.SystemLogger] [     FXGL Launcher Thread] sound.notification = system/notification.wav
18 Jan 2017, 11:00:15.323 [  FINER] [   FXGL.SystemLogger] [     FXGL Launcher Thread] url.storage = https://raw.githubusercontent.com/AlmasB/git-server/master/storage/
18 Jan 2017, 11:00:15.323 [  FINER] [   FXGL.SystemLogger] [     FXGL Launcher Thread] asset.cache.size = 35
18 Jan 2017, 11:00:15.323 [  FINER] [   FXGL.SystemLogger] [     FXGL Launcher Thread] fs.profiledir = profiles/
18 Jan 2017, 11:00:15.324 [  FINER] [   FXGL.SystemLogger] [     FXGL Launcher Thread] url.pom = https://raw.githubusercontent.com/AlmasB/FXGL/master/pom.xml
18 Jan 2017, 11:00:15.324 [  FINER] [   FXGL.SystemLogger] [     FXGL Launcher Thread] dev.showbbox = false
18 Jan 2017, 11:00:15.325 [  FINER] [   FXGL.SystemLogger] [     FXGL Launcher Thread] fs.datafile.ext = .dat
18 Jan 2017, 11:00:15.325 [  FINER] [   FXGL.SystemLogger] [     FXGL Launcher Thread] sound.menu.back = menu/back.wav
18 Jan 2017, 11:00:15.326 [  FINER] [   FXGL.SystemLogger] [     FXGL Launcher Thread] sound.menu.select = menu/select.wav
18 Jan 2017, 11:00:15.326 [  FINER] [   FXGL.SystemLogger] [     FXGL Launcher Thread] url.github = https://github.com/AlmasB/FXGL
18 Jan 2017, 11:00:15.327 [  FINER] [   FXGL.SystemLogger] [     FXGL Launcher Thread] url.surveymonkey = https://www.surveymonkey.co.uk/r/BH6LLPM
18 Jan 2017, 11:00:15.327 [  FINER] [   FXGL.SystemLogger] [     FXGL Launcher Thread] physics.ppm = 50.0
18 Jan 2017, 11:00:15.329 [  FINER] [   FXGL.SystemLogger] [     FXGL Launcher Thread] ui.css = fxgl.css
18 Jan 2017, 11:00:15.329 [  FINER] [   FXGL.SystemLogger] [     FXGL Launcher Thread] version.check.days = 7
18 Jan 2017, 11:00:15.330 [  FINER] [   FXGL.SystemLogger] [     FXGL Launcher Thread] fs.savefile.ext = .sav
18 Jan 2017, 11:00:15.330 [  FINER] [   FXGL.SystemLogger] [     FXGL Launcher Thread] pooling.initialSize = 128
18 Jan 2017, 11:00:15.330 [  FINER] [   FXGL.SystemLogger] [     FXGL Launcher Thread] ui.font = Copperplate_Gothic_Light_Regular.ttf
18 Jan 2017, 11:00:15.331 [  FINER] [   FXGL.SystemLogger] [     FXGL Launcher Thread] fs.savedir = saves/
18 Jan 2017, 11:00:15.331 [  FINER] [   FXGL.SystemLogger] [     FXGL Launcher Thread] fs.profilename = user.profile
18 Jan 2017, 11:00:15.332 [  FINER] [   FXGL.SystemLogger] [     FXGL Launcher Thread] ui.icon.name = fxgl_icon.png
18 Jan 2017, 11:00:15.332 [  FINER] [   FXGL.SystemLogger] [     FXGL Launcher Thread] url.googleforms = https://goo.gl/forms/6wrMnOBxTE1fEpOy2
18 Jan 2017, 11:00:15.332 [  FINER] [   FXGL.SystemLogger] [     FXGL Launcher Thread] sound.menu.press = menu/press.wav
18 Jan 2017, 11:00:15.332 [  FINER] [   FXGL.SystemLogger] [     FXGL Launcher Thread] Initializing user properties
18 Jan 2017, 11:00:15.333 [   INFO] [   FXGL.SystemLogger] [     FXGL Launcher Thread] User properties not found. Using system
18 Jan 2017, 11:00:15.334 [  FINER] [   FXGL.SystemLogger] [     FXGL Launcher Thread] Initializing app settings
18 Jan 2017, 11:00:15.346 [  FINER] [   FXGL.SystemLogger] [     FXGL Launcher Thread] Logging settings
Title: Untitled
Version: 0.0
Width: 800
Height: 600
Fullscreen: false
Intro: true
Menus: true
Profiling: true
App Mode: DEVELOPER
Menu Style: FXGL_DEFAULT
Menu Key: ESCAPE
Services: []
18 Jan 2017, 11:00:16.562 [  FINER] [   FXGL.SystemLogger] [     FXGL Launcher Thread] FXGL configuration complete
18 Jan 2017, 11:00:16.562 [   INFO] [   FXGL.SystemLogger] [     FXGL Launcher Thread] FXGL configuration took:  1.289 sec
18 Jan 2017, 11:00:16.574 [  FINER] [   FXGL.SystemLogger] [JavaFX Application Thread] Running task: UpdaterTask
18 Jan 2017, 11:00:19.286 [  FINER] [   FXGL.SystemLogger] [     FXGL Launcher Thread] Running task: PreInitTask
18 Jan 2017, 11:00:19.400 [  FINER] [   FXGL.SystemLogger] [     FXGL Launcher Thread] Running task: InitScenesTask
18 Jan 2017, 11:00:19.615 [  FINER] [   FXGL.SystemLogger] [     FXGL Launcher Thread] Running task: InitEventHandlersTask
18 Jan 2017, 11:00:19.645 [  FINER] [   FXGL.SystemLogger] [     FXGL Launcher Thread] Running task: InitProfilerTask
18 Jan 2017, 11:00:19.685 [   INFO] [   FXGL.SystemLogger] [     FXGL Launcher Thread] Game configuration took:  0.400 sec
