09 Feb 2017, 11:12:13.640 [   INFO] [   FXGL.SystemLogger] [                     main] System Logger is initialized
09 Feb 2017, 11:12:13.657 [  FINER] [   FXGL.SystemLogger] [                     main] Logging System Info
09 Feb 2017, 11:12:13.657 [  FINER] [   FXGL.SystemLogger] [                     main] CPU cores: 4
09 Feb 2017, 11:12:13.659 [  FINER] [   FXGL.SystemLogger] [                     main] Free Memory: 115MB
09 Feb 2017, 11:12:13.660 [  FINER] [   FXGL.SystemLogger] [                     main] Max Memory: 1796MB
09 Feb 2017, 11:12:13.661 [  FINER] [   FXGL.SystemLogger] [                     main] Total Memory: 123MB
09 Feb 2017, 11:12:13.661 [  FINER] [   FXGL.SystemLogger] [                     main] System Properties:
09 Feb 2017, 11:12:13.663 [  FINER] [   FXGL.SystemLogger] [                     main] sun.cpu.isalist=amd64
09 Feb 2017, 11:12:13.664 [  FINER] [   FXGL.SystemLogger] [                     main] sun.desktop=windows
09 Feb 2017, 11:12:13.664 [  FINER] [   FXGL.SystemLogger] [                     main] sun.io.unicode.encoding=UnicodeLittle
09 Feb 2017, 11:12:13.664 [  FINER] [   FXGL.SystemLogger] [                     main] sun.cpu.endian=little
09 Feb 2017, 11:12:13.665 [  FINER] [   FXGL.SystemLogger] [                     main] java.vendor.url.bug=http://bugreport.sun.com/bugreport/
09 Feb 2017, 11:12:13.665 [  FINER] [   FXGL.SystemLogger] [                     main] file.separator=\
09 Feb 2017, 11:12:13.667 [  FINER] [   FXGL.SystemLogger] [                     main] java.vendor=Oracle Corporation
09 Feb 2017, 11:12:13.668 [  FINER] [   FXGL.SystemLogger] [                     main] sun.boot.class.path=C:\Program Files\Java\jdk1.8.0_60\jre\lib\resources.jar;C:\Program Files\Java\jdk1.8.0_60\jre\lib\rt.jar;C:\Program Files\Java\jdk1.8.0_60\jre\lib\sunrsasign.jar;C:\Program Files\Java\jdk1.8.0_60\jre\lib\jsse.jar;C:\Program Files\Java\jdk1.8.0_60\jre\lib\jce.jar;C:\Program Files\Java\jdk1.8.0_60\jre\lib\charsets.jar;C:\Program Files\Java\jdk1.8.0_60\jre\lib\jfr.jar;C:\Program Files\Java\jdk1.8.0_60\jre\classes
09 Feb 2017, 11:12:13.668 [  FINER] [   FXGL.SystemLogger] [                     main] java.ext.dirs=C:\Program Files\Java\jdk1.8.0_60\jre\lib\ext;C:\WINDOWS\Sun\Java\lib\ext
09 Feb 2017, 11:12:13.668 [  FINER] [   FXGL.SystemLogger] [                     main] java.version=1.8.0_60
09 Feb 2017, 11:12:13.669 [  FINER] [   FXGL.SystemLogger] [                     main] java.vm.info=mixed mode
09 Feb 2017, 11:12:13.669 [  FINER] [   FXGL.SystemLogger] [                     main] awt.toolkit=sun.awt.windows.WToolkit
09 Feb 2017, 11:12:13.670 [  FINER] [   FXGL.SystemLogger] [                     main] user.language=en
09 Feb 2017, 11:12:13.670 [  FINER] [   FXGL.SystemLogger] [                     main] java.specification.vendor=Oracle Corporation
09 Feb 2017, 11:12:13.671 [  FINER] [   FXGL.SystemLogger] [                     main] sun.java.command=com.intellij.rt.execution.application.AppMain com.gamedesign.pacman.PacmanApp
09 Feb 2017, 11:12:13.671 [  FINER] [   FXGL.SystemLogger] [                     main] java.home=C:\Program Files\Java\jdk1.8.0_60\jre
09 Feb 2017, 11:12:13.671 [  FINER] [   FXGL.SystemLogger] [                     main] sun.arch.data.model=64
09 Feb 2017, 11:12:13.672 [  FINER] [   FXGL.SystemLogger] [                     main] java.vm.specification.version=1.8
09 Feb 2017, 11:12:13.672 [  FINER] [   FXGL.SystemLogger] [                     main] java.class.path=C:\Program Files\Java\jdk1.8.0_60\jre\lib\charsets.jar;C:\Program Files\Java\jdk1.8.0_60\jre\lib\deploy.jar;C:\Program Files\Java\jdk1.8.0_60\jre\lib\ext\access-bridge-64.jar;C:\Program Files\Java\jdk1.8.0_60\jre\lib\ext\cldrdata.jar;C:\Program Files\Java\jdk1.8.0_60\jre\lib\ext\dnsns.jar;C:\Program Files\Java\jdk1.8.0_60\jre\lib\ext\jaccess.jar;C:\Program Files\Java\jdk1.8.0_60\jre\lib\ext\jfxrt.jar;C:\Program Files\Java\jdk1.8.0_60\jre\lib\ext\localedata.jar;C:\Program Files\Java\jdk1.8.0_60\jre\lib\ext\nashorn.jar;C:\Program Files\Java\jdk1.8.0_60\jre\lib\ext\sunec.jar;C:\Program Files\Java\jdk1.8.0_60\jre\lib\ext\sunjce_provider.jar;C:\Program Files\Java\jdk1.8.0_60\jre\lib\ext\sunmscapi.jar;C:\Program Files\Java\jdk1.8.0_60\jre\lib\ext\sunpkcs11.jar;C:\Program Files\Java\jdk1.8.0_60\jre\lib\ext\zipfs.jar;C:\Program Files\Java\jdk1.8.0_60\jre\lib\javaws.jar;C:\Program Files\Java\jdk1.8.0_60\jre\lib\jce.jar;C:\Program Files\Java\jdk1.8.0_60\jre\lib\jfr.jar;C:\Program Files\Java\jdk1.8.0_60\jre\lib\jfxswt.jar;C:\Program Files\Java\jdk1.8.0_60\jre\lib\jsse.jar;C:\Program Files\Java\jdk1.8.0_60\jre\lib\management-agent.jar;C:\Program Files\Java\jdk1.8.0_60\jre\lib\plugin.jar;C:\Program Files\Java\jdk1.8.0_60\jre\lib\resources.jar;C:\Program Files\Java\jdk1.8.0_60\jre\lib\rt.jar;C:\Computer Science\Game Design\3rd\Pacman\out\production\Pacman;C:\Computer Science\Game Design\3rd\Pacman\lib\fxgl-0.2.9-uber.jar;C:\Program Files (x86)\JetBrains\IntelliJ IDEA Community Edition 15.0.3\lib\idea_rt.jar
09 Feb 2017, 11:12:13.673 [  FINER] [   FXGL.SystemLogger] [                     main] user.name=hwe10174
09 Feb 2017, 11:12:13.673 [  FINER] [   FXGL.SystemLogger] [                     main] file.encoding=UTF-8
09 Feb 2017, 11:12:13.673 [  FINER] [   FXGL.SystemLogger] [                     main] idea.launcher.bin.path=C:\Program Files (x86)\JetBrains\IntelliJ IDEA Community Edition 15.0.3\bin
09 Feb 2017, 11:12:13.674 [  FINER] [   FXGL.SystemLogger] [                     main] java.specification.version=1.8
09 Feb 2017, 11:12:13.674 [  FINER] [   FXGL.SystemLogger] [                     main] java.awt.printerjob=sun.awt.windows.WPrinterJob
09 Feb 2017, 11:12:13.674 [  FINER] [   FXGL.SystemLogger] [                     main] user.timezone=America/New_York
09 Feb 2017, 11:12:13.675 [  FINER] [   FXGL.SystemLogger] [                     main] user.home=C:\Users\hwe10174
09 Feb 2017, 11:12:13.675 [  FINER] [   FXGL.SystemLogger] [                     main] os.version=6.1
09 Feb 2017, 11:12:13.675 [  FINER] [   FXGL.SystemLogger] [                     main] sun.management.compiler=HotSpot 64-Bit Tiered Compilers
09 Feb 2017, 11:12:13.675 [  FINER] [   FXGL.SystemLogger] [                     main] java.specification.name=Java Platform API Specification
09 Feb 2017, 11:12:13.676 [  FINER] [   FXGL.SystemLogger] [                     main] java.class.version=52.0
09 Feb 2017, 11:12:13.676 [  FINER] [   FXGL.SystemLogger] [                     main] java.library.path=C:\Program Files\Java\jdk1.8.0_60\bin;C:\WINDOWS\Sun\Java\bin;C:\WINDOWS\system32;C:\WINDOWS;C:\WINDOWS\system32;C:\WINDOWS;C:\WINDOWS\System32\Wbem;C:\WINDOWS\System32\WindowsPowerShell\v1.0\;C:\Program Files (x86)\QuickTime\QTSystem\;C:\Program Files (x86)\Common Files\Netop\;C:\Program Files (x86)\Netop\Vision\XL\;C:\Program Files\Intel\WiFi\bin\;C:\Program Files\Common Files\Intel\WirelessCommon\;C:\WINDOWS\system32;C:\WINDOWS;C:\WINDOWS\System32\Wbem;C:\WINDOWS\System32\WindowsPowerShell\v1.0\;C:\Program Files (x86)\QuickTime\QTSystem\;C:\Program Files (x86)\Common Files\Netop\;C:\Program Files (x86)\Netop\Vision\XL\;C:\Program Files\Intel\WiFi\bin\;C:\Program Files\Common Files\Intel\WirelessCommon\;C:\Program Files\Java\jdk1.8.0_60\bin;C:\Users\hwe10174\AppData\Local\Programs\Git\cmd;C:\Users\hwe10174\Downloads\gradle-3.1\bin;.
09 Feb 2017, 11:12:13.676 [  FINER] [   FXGL.SystemLogger] [                     main] sun.jnu.encoding=Cp1252
09 Feb 2017, 11:12:13.677 [  FINER] [   FXGL.SystemLogger] [                     main] os.name=Windows 7
09 Feb 2017, 11:12:13.677 [  FINER] [   FXGL.SystemLogger] [                     main] user.variant=
09 Feb 2017, 11:12:13.677 [  FINER] [   FXGL.SystemLogger] [                     main] java.vm.specification.vendor=Oracle Corporation
09 Feb 2017, 11:12:13.677 [  FINER] [   FXGL.SystemLogger] [                     main] java.io.tmpdir=C:\Users\hwe10174\AppData\Local\Temp\
09 Feb 2017, 11:12:13.677 [  FINER] [   FXGL.SystemLogger] [                     main] line.separator=

09 Feb 2017, 11:12:13.678 [  FINER] [   FXGL.SystemLogger] [                     main] java.endorsed.dirs=C:\Program Files\Java\jdk1.8.0_60\jre\lib\endorsed
09 Feb 2017, 11:12:13.678 [  FINER] [   FXGL.SystemLogger] [                     main] os.arch=amd64
09 Feb 2017, 11:12:13.678 [  FINER] [   FXGL.SystemLogger] [                     main] java.awt.graphicsenv=sun.awt.Win32GraphicsEnvironment
09 Feb 2017, 11:12:13.679 [  FINER] [   FXGL.SystemLogger] [                     main] java.runtime.version=1.8.0_60-b27
09 Feb 2017, 11:12:13.679 [  FINER] [   FXGL.SystemLogger] [                     main] java.vm.specification.name=Java Virtual Machine Specification
09 Feb 2017, 11:12:13.679 [  FINER] [   FXGL.SystemLogger] [                     main] user.dir=C:\Computer Science\Game Design\3rd\Pacman
09 Feb 2017, 11:12:13.680 [  FINER] [   FXGL.SystemLogger] [                     main] user.country=US
09 Feb 2017, 11:12:13.680 [  FINER] [   FXGL.SystemLogger] [                     main] user.script=
09 Feb 2017, 11:12:13.680 [  FINER] [   FXGL.SystemLogger] [                     main] sun.java.launcher=SUN_STANDARD
09 Feb 2017, 11:12:13.681 [  FINER] [   FXGL.SystemLogger] [                     main] sun.os.patch.level=Service Pack 1
09 Feb 2017, 11:12:13.681 [  FINER] [   FXGL.SystemLogger] [                     main] idea.launcher.port=7533
09 Feb 2017, 11:12:13.681 [  FINER] [   FXGL.SystemLogger] [                     main] java.vm.name=Java HotSpot(TM) 64-Bit Server VM
09 Feb 2017, 11:12:13.682 [  FINER] [   FXGL.SystemLogger] [                     main] file.encoding.pkg=sun.io
09 Feb 2017, 11:12:13.682 [  FINER] [   FXGL.SystemLogger] [                     main] path.separator=;
09 Feb 2017, 11:12:13.682 [  FINER] [   FXGL.SystemLogger] [                     main] java.vm.vendor=Oracle Corporation
09 Feb 2017, 11:12:13.682 [  FINER] [   FXGL.SystemLogger] [                     main] java.vendor.url=http://java.oracle.com/
09 Feb 2017, 11:12:13.683 [  FINER] [   FXGL.SystemLogger] [                     main] sun.boot.library.path=C:\Program Files\Java\jdk1.8.0_60\jre\bin
09 Feb 2017, 11:12:13.683 [  FINER] [   FXGL.SystemLogger] [                     main] java.vm.version=25.60-b23
09 Feb 2017, 11:12:13.683 [  FINER] [   FXGL.SystemLogger] [                     main] java.runtime.name=Java(TM) SE Runtime Environment
09 Feb 2017, 11:12:13.691 [   INFO] [   FXGL.SystemLogger] [                     main] FXGL-0.2.9
09 Feb 2017, 11:12:13.691 [   INFO] [   FXGL.SystemLogger] [                     main] Source code and latest versions at: https://github.com/AlmasB/FXGL
09 Feb 2017, 11:12:13.692 [   INFO] [   FXGL.SystemLogger] [                     main]              Join the FXGL chat at: https://gitter.im/AlmasB/FXGL
09 Feb 2017, 11:12:13.915 [  FINER] [   FXGL.SystemLogger] [JavaFX Application Thread] Starting JavaFX
09 Feb 2017, 11:12:13.917 [  FINER] [   FXGL.SystemLogger] [          JavaFX-Launcher] Initializing FXGL
09 Feb 2017, 11:12:13.950 [  FINER] [   FXGL.SystemLogger] [JavaFX Application Thread] Starting FXGL
09 Feb 2017, 11:12:14.362 [  FINER] [   FXGL.SystemLogger] [     FXGL Launcher Thread] Configuring FXGL
09 Feb 2017, 11:12:14.363 [  FINER] [   FXGL.SystemLogger] [     FXGL Launcher Thread] Initializing system properties
09 Feb 2017, 11:12:14.442 [  FINER] [   FXGL.SystemLogger] [     FXGL Launcher Thread] sound.notification = system/notification.wav
09 Feb 2017, 11:12:14.442 [  FINER] [   FXGL.SystemLogger] [     FXGL Launcher Thread] url.storage = https://raw.githubusercontent.com/AlmasB/git-server/master/storage/
09 Feb 2017, 11:12:14.443 [  FINER] [   FXGL.SystemLogger] [     FXGL Launcher Thread] asset.cache.size = 35
09 Feb 2017, 11:12:14.443 [  FINER] [   FXGL.SystemLogger] [     FXGL Launcher Thread] fs.profiledir = profiles/
09 Feb 2017, 11:12:14.443 [  FINER] [   FXGL.SystemLogger] [     FXGL Launcher Thread] url.pom = https://raw.githubusercontent.com/AlmasB/FXGL/master/pom.xml
09 Feb 2017, 11:12:14.444 [  FINER] [   FXGL.SystemLogger] [     FXGL Launcher Thread] dev.showbbox = false
09 Feb 2017, 11:12:14.444 [  FINER] [   FXGL.SystemLogger] [     FXGL Launcher Thread] fs.datafile.ext = .dat
09 Feb 2017, 11:12:14.447 [  FINER] [   FXGL.SystemLogger] [     FXGL Launcher Thread] sound.menu.back = menu/back.wav
09 Feb 2017, 11:12:14.448 [  FINER] [   FXGL.SystemLogger] [     FXGL Launcher Thread] sound.menu.select = menu/select.wav
09 Feb 2017, 11:12:14.449 [  FINER] [   FXGL.SystemLogger] [     FXGL Launcher Thread] url.github = https://github.com/AlmasB/FXGL
09 Feb 2017, 11:12:14.449 [  FINER] [   FXGL.SystemLogger] [     FXGL Launcher Thread] url.surveymonkey = https://www.surveymonkey.co.uk/r/BH6LLPM
09 Feb 2017, 11:12:14.450 [  FINER] [   FXGL.SystemLogger] [     FXGL Launcher Thread] physics.ppm = 50.0
09 Feb 2017, 11:12:14.450 [  FINER] [   FXGL.SystemLogger] [     FXGL Launcher Thread] ui.css = fxgl.css
09 Feb 2017, 11:12:14.450 [  FINER] [   FXGL.SystemLogger] [     FXGL Launcher Thread] version.check.days = 7
09 Feb 2017, 11:12:14.452 [  FINER] [   FXGL.SystemLogger] [     FXGL Launcher Thread] fs.savefile.ext = .sav
09 Feb 2017, 11:12:14.452 [  FINER] [   FXGL.SystemLogger] [     FXGL Launcher Thread] pooling.initialSize = 128
09 Feb 2017, 11:12:14.452 [  FINER] [   FXGL.SystemLogger] [     FXGL Launcher Thread] ui.font = Copperplate_Gothic_Light_Regular.ttf
09 Feb 2017, 11:12:14.453 [  FINER] [   FXGL.SystemLogger] [     FXGL Launcher Thread] fs.savedir = saves/
09 Feb 2017, 11:12:14.453 [  FINER] [   FXGL.SystemLogger] [     FXGL Launcher Thread] fs.profilename = user.profile
09 Feb 2017, 11:12:14.453 [  FINER] [   FXGL.SystemLogger] [     FXGL Launcher Thread] ui.icon.name = fxgl_icon.png
09 Feb 2017, 11:12:14.454 [  FINER] [   FXGL.SystemLogger] [     FXGL Launcher Thread] url.googleforms = https://goo.gl/forms/6wrMnOBxTE1fEpOy2
09 Feb 2017, 11:12:14.454 [  FINER] [   FXGL.SystemLogger] [     FXGL Launcher Thread] sound.menu.press = menu/press.wav
09 Feb 2017, 11:12:14.454 [  FINER] [   FXGL.SystemLogger] [     FXGL Launcher Thread] Initializing user properties
09 Feb 2017, 11:12:14.455 [   INFO] [   FXGL.SystemLogger] [     FXGL Launcher Thread] User properties not found. Using system
09 Feb 2017, 11:12:14.455 [  FINER] [   FXGL.SystemLogger] [     FXGL Launcher Thread] Initializing app settings
09 Feb 2017, 11:12:14.478 [  FINER] [   FXGL.SystemLogger] [     FXGL Launcher Thread] Logging settings
Title: Pacman
Version: 0.1
Width: 960
Height: 840
Fullscreen: false
Intro: false
Menus: false
Profiling: false
App Mode: DEVELOPER
Menu Style: FXGL_DEFAULT
Menu Key: ESCAPE
Services: []
09 Feb 2017, 11:12:15.804 [  FINER] [   FXGL.SystemLogger] [     FXGL Launcher Thread] FXGL configuration complete
09 Feb 2017, 11:12:15.804 [   INFO] [   FXGL.SystemLogger] [     FXGL Launcher Thread] FXGL configuration took:  1.441 sec
09 Feb 2017, 11:12:15.805 [  FINER] [   FXGL.SystemLogger] [JavaFX Application Thread] Running task: UpdaterTask
09 Feb 2017, 11:12:17.179 [  FINER] [   FXGL.SystemLogger] [     FXGL Launcher Thread] Running task: PreInitTask
09 Feb 2017, 11:12:17.311 [  FINER] [   FXGL.SystemLogger] [     FXGL Launcher Thread] Running task: InitScenesTask
09 Feb 2017, 11:12:17.425 [  FINER] [   FXGL.SystemLogger] [     FXGL Launcher Thread] Running task: InitEventHandlersTask
09 Feb 2017, 11:12:17.458 [  FINER] [   FXGL.SystemLogger] [     FXGL Launcher Thread] Running task: InitProfilerTask
09 Feb 2017, 11:12:17.462 [  FINER] [   FXGL.SystemLogger] [     FXGL Launcher Thread] Pausing main loop
09 Feb 2017, 11:12:17.466 [  FINER] [   FXGL.SystemLogger] [     FXGL Launcher Thread] Resetting FXGL application
09 Feb 2017, 11:12:17.594 [   INFO] [   FXGL.SystemLogger] [     FXGL Launcher Thread] Game configuration took:  0.416 sec
09 Feb 2017, 11:12:18.031 [   INFO] [   FXGL.SystemLogger] [ FXGL Background Thread 1] Game initialization took: 0.434 sec
09 Feb 2017, 11:12:18.035 [  FINER] [   FXGL.SystemLogger] [JavaFX Application Thread] Resuming main loop
09 Feb 2017, 11:13:30.507 [  FINER] [   FXGL.SystemLogger] [JavaFX Application Thread] Pausing main loop
09 Feb 2017, 11:13:32.773 [  FINER] [   FXGL.SystemLogger] [JavaFX Application Thread] Resuming main loop
09 Feb 2017, 11:13:32.775 [  FINER] [   FXGL.SystemLogger] [JavaFX Application Thread] Exiting Normally
09 Feb 2017, 11:13:32.795 [  FINER] [   FXGL.SystemLogger] [JavaFX Application Thread] Exiting FXGL
09 Feb 2017, 11:13:32.796 [  FINER] [   FXGL.SystemLogger] [JavaFX Application Thread] Logger is closing
