06 Feb 2017, 11:09:07.721 [   INFO] [   FXGL.SystemLogger] [                     main] System Logger is initialized
06 Feb 2017, 11:09:07.743 [  FINER] [   FXGL.SystemLogger] [                     main] Logging System Info
06 Feb 2017, 11:09:07.744 [  FINER] [   FXGL.SystemLogger] [                     main] CPU cores: 4
06 Feb 2017, 11:09:07.747 [  FINER] [   FXGL.SystemLogger] [                     main] Free Memory: 115MB
06 Feb 2017, 11:09:07.747 [  FINER] [   FXGL.SystemLogger] [                     main] Max Memory: 1796MB
06 Feb 2017, 11:09:07.748 [  FINER] [   FXGL.SystemLogger] [                     main] Total Memory: 123MB
06 Feb 2017, 11:09:07.749 [  FINER] [   FXGL.SystemLogger] [                     main] System Properties:
06 Feb 2017, 11:09:07.750 [  FINER] [   FXGL.SystemLogger] [                     main] sun.cpu.isalist=amd64
06 Feb 2017, 11:09:07.751 [  FINER] [   FXGL.SystemLogger] [                     main] sun.desktop=windows
06 Feb 2017, 11:09:07.751 [  FINER] [   FXGL.SystemLogger] [                     main] sun.io.unicode.encoding=UnicodeLittle
06 Feb 2017, 11:09:07.752 [  FINER] [   FXGL.SystemLogger] [                     main] sun.cpu.endian=little
06 Feb 2017, 11:09:07.752 [  FINER] [   FXGL.SystemLogger] [                     main] java.vendor.url.bug=http://bugreport.sun.com/bugreport/
06 Feb 2017, 11:09:07.753 [  FINER] [   FXGL.SystemLogger] [                     main] file.separator=\
06 Feb 2017, 11:09:07.753 [  FINER] [   FXGL.SystemLogger] [                     main] java.vendor=Oracle Corporation
06 Feb 2017, 11:09:07.755 [  FINER] [   FXGL.SystemLogger] [                     main] sun.boot.class.path=C:\Program Files\Java\jdk1.8.0_60\jre\lib\resources.jar;C:\Program Files\Java\jdk1.8.0_60\jre\lib\rt.jar;C:\Program Files\Java\jdk1.8.0_60\jre\lib\sunrsasign.jar;C:\Program Files\Java\jdk1.8.0_60\jre\lib\jsse.jar;C:\Program Files\Java\jdk1.8.0_60\jre\lib\jce.jar;C:\Program Files\Java\jdk1.8.0_60\jre\lib\charsets.jar;C:\Program Files\Java\jdk1.8.0_60\jre\lib\jfr.jar;C:\Program Files\Java\jdk1.8.0_60\jre\classes
06 Feb 2017, 11:09:07.756 [  FINER] [   FXGL.SystemLogger] [                     main] java.ext.dirs=C:\Program Files\Java\jdk1.8.0_60\jre\lib\ext;C:\WINDOWS\Sun\Java\lib\ext
06 Feb 2017, 11:09:07.756 [  FINER] [   FXGL.SystemLogger] [                     main] java.version=1.8.0_60
06 Feb 2017, 11:09:07.772 [  FINER] [   FXGL.SystemLogger] [                     main] java.vm.info=mixed mode
06 Feb 2017, 11:09:07.788 [  FINER] [   FXGL.SystemLogger] [                     main] awt.toolkit=sun.awt.windows.WToolkit
06 Feb 2017, 11:09:07.788 [  FINER] [   FXGL.SystemLogger] [                     main] user.language=en
06 Feb 2017, 11:09:07.788 [  FINER] [   FXGL.SystemLogger] [                     main] java.specification.vendor=Oracle Corporation
06 Feb 2017, 11:09:07.788 [  FINER] [   FXGL.SystemLogger] [                     main] sun.java.command=com.intellij.rt.execution.application.AppMain com.gamedesign.pacman.PacmanApp
06 Feb 2017, 11:09:07.788 [  FINER] [   FXGL.SystemLogger] [                     main] java.home=C:\Program Files\Java\jdk1.8.0_60\jre
06 Feb 2017, 11:09:07.788 [  FINER] [   FXGL.SystemLogger] [                     main] sun.arch.data.model=64
06 Feb 2017, 11:09:07.788 [  FINER] [   FXGL.SystemLogger] [                     main] java.vm.specification.version=1.8
06 Feb 2017, 11:09:07.788 [  FINER] [   FXGL.SystemLogger] [                     main] java.class.path=C:\Program Files\Java\jdk1.8.0_60\jre\lib\charsets.jar;C:\Program Files\Java\jdk1.8.0_60\jre\lib\deploy.jar;C:\Program Files\Java\jdk1.8.0_60\jre\lib\ext\access-bridge-64.jar;C:\Program Files\Java\jdk1.8.0_60\jre\lib\ext\cldrdata.jar;C:\Program Files\Java\jdk1.8.0_60\jre\lib\ext\dnsns.jar;C:\Program Files\Java\jdk1.8.0_60\jre\lib\ext\jaccess.jar;C:\Program Files\Java\jdk1.8.0_60\jre\lib\ext\jfxrt.jar;C:\Program Files\Java\jdk1.8.0_60\jre\lib\ext\localedata.jar;C:\Program Files\Java\jdk1.8.0_60\jre\lib\ext\nashorn.jar;C:\Program Files\Java\jdk1.8.0_60\jre\lib\ext\sunec.jar;C:\Program Files\Java\jdk1.8.0_60\jre\lib\ext\sunjce_provider.jar;C:\Program Files\Java\jdk1.8.0_60\jre\lib\ext\sunmscapi.jar;C:\Program Files\Java\jdk1.8.0_60\jre\lib\ext\sunpkcs11.jar;C:\Program Files\Java\jdk1.8.0_60\jre\lib\ext\zipfs.jar;C:\Program Files\Java\jdk1.8.0_60\jre\lib\javaws.jar;C:\Program Files\Java\jdk1.8.0_60\jre\lib\jce.jar;C:\Program Files\Java\jdk1.8.0_60\jre\lib\jfr.jar;C:\Program Files\Java\jdk1.8.0_60\jre\lib\jfxswt.jar;C:\Program Files\Java\jdk1.8.0_60\jre\lib\jsse.jar;C:\Program Files\Java\jdk1.8.0_60\jre\lib\management-agent.jar;C:\Program Files\Java\jdk1.8.0_60\jre\lib\plugin.jar;C:\Program Files\Java\jdk1.8.0_60\jre\lib\resources.jar;C:\Program Files\Java\jdk1.8.0_60\jre\lib\rt.jar;C:\Computer Science\Game Design\3rd\Pacman\out\production\Pacman;C:\Computer Science\Game Design\3rd\Pacman\lib\fxgl-0.2.9-uber.jar;C:\Program Files (x86)\JetBrains\IntelliJ IDEA Community Edition 15.0.3\lib\idea_rt.jar
06 Feb 2017, 11:09:07.788 [  FINER] [   FXGL.SystemLogger] [                     main] user.name=hwe10174
06 Feb 2017, 11:09:07.788 [  FINER] [   FXGL.SystemLogger] [                     main] file.encoding=UTF-8
06 Feb 2017, 11:09:07.788 [  FINER] [   FXGL.SystemLogger] [                     main] idea.launcher.bin.path=C:\Program Files (x86)\JetBrains\IntelliJ IDEA Community Edition 15.0.3\bin
06 Feb 2017, 11:09:07.788 [  FINER] [   FXGL.SystemLogger] [                     main] java.specification.version=1.8
06 Feb 2017, 11:09:07.788 [  FINER] [   FXGL.SystemLogger] [                     main] java.awt.printerjob=sun.awt.windows.WPrinterJob
06 Feb 2017, 11:09:07.788 [  FINER] [   FXGL.SystemLogger] [                     main] user.timezone=America/New_York
06 Feb 2017, 11:09:07.788 [  FINER] [   FXGL.SystemLogger] [                     main] user.home=C:\Users\hwe10174
06 Feb 2017, 11:09:07.788 [  FINER] [   FXGL.SystemLogger] [                     main] os.version=6.1
06 Feb 2017, 11:09:07.788 [  FINER] [   FXGL.SystemLogger] [                     main] sun.management.compiler=HotSpot 64-Bit Tiered Compilers
06 Feb 2017, 11:09:07.788 [  FINER] [   FXGL.SystemLogger] [                     main] java.specification.name=Java Platform API Specification
06 Feb 2017, 11:09:07.788 [  FINER] [   FXGL.SystemLogger] [                     main] java.class.version=52.0
06 Feb 2017, 11:09:07.788 [  FINER] [   FXGL.SystemLogger] [                     main] java.library.path=C:\Program Files\Java\jdk1.8.0_60\bin;C:\WINDOWS\Sun\Java\bin;C:\WINDOWS\system32;C:\WINDOWS;C:\WINDOWS\system32;C:\WINDOWS;C:\WINDOWS\System32\Wbem;C:\WINDOWS\System32\WindowsPowerShell\v1.0\;C:\Program Files (x86)\QuickTime\QTSystem\;C:\Program Files (x86)\Common Files\Netop\;C:\Program Files (x86)\Netop\Vision\XL\;C:\Program Files\Intel\WiFi\bin\;C:\Program Files\Common Files\Intel\WirelessCommon\;C:\WINDOWS\system32;C:\WINDOWS;C:\WINDOWS\System32\Wbem;C:\WINDOWS\System32\WindowsPowerShell\v1.0\;C:\Program Files (x86)\QuickTime\QTSystem\;C:\Program Files (x86)\Common Files\Netop\;C:\Program Files (x86)\Netop\Vision\XL\;C:\Program Files\Intel\WiFi\bin\;C:\Program Files\Common Files\Intel\WirelessCommon\;C:\Program Files\Java\jdk1.8.0_60\bin;C:\Users\hwe10174\AppData\Local\Programs\Git\cmd;C:\Users\hwe10174\Downloads\gradle-3.1\bin;.
06 Feb 2017, 11:09:07.788 [  FINER] [   FXGL.SystemLogger] [                     main] sun.jnu.encoding=Cp1252
06 Feb 2017, 11:09:07.788 [  FINER] [   FXGL.SystemLogger] [                     main] os.name=Windows 7
06 Feb 2017, 11:09:07.788 [  FINER] [   FXGL.SystemLogger] [                     main] user.variant=
06 Feb 2017, 11:09:07.788 [  FINER] [   FXGL.SystemLogger] [                     main] java.vm.specification.vendor=Oracle Corporation
06 Feb 2017, 11:09:07.788 [  FINER] [   FXGL.SystemLogger] [                     main] java.io.tmpdir=C:\Users\hwe10174\AppData\Local\Temp\
06 Feb 2017, 11:09:07.788 [  FINER] [   FXGL.SystemLogger] [                     main] line.separator=

06 Feb 2017, 11:09:07.788 [  FINER] [   FXGL.SystemLogger] [                     main] java.endorsed.dirs=C:\Program Files\Java\jdk1.8.0_60\jre\lib\endorsed
06 Feb 2017, 11:09:07.788 [  FINER] [   FXGL.SystemLogger] [                     main] os.arch=amd64
06 Feb 2017, 11:09:07.788 [  FINER] [   FXGL.SystemLogger] [                     main] java.awt.graphicsenv=sun.awt.Win32GraphicsEnvironment
06 Feb 2017, 11:09:07.788 [  FINER] [   FXGL.SystemLogger] [                     main] java.runtime.version=1.8.0_60-b27
06 Feb 2017, 11:09:07.788 [  FINER] [   FXGL.SystemLogger] [                     main] java.vm.specification.name=Java Virtual Machine Specification
06 Feb 2017, 11:09:07.788 [  FINER] [   FXGL.SystemLogger] [                     main] user.dir=C:\Computer Science\Game Design\3rd\Pacman
06 Feb 2017, 11:09:07.788 [  FINER] [   FXGL.SystemLogger] [                     main] user.country=US
06 Feb 2017, 11:09:07.788 [  FINER] [   FXGL.SystemLogger] [                     main] user.script=
06 Feb 2017, 11:09:07.788 [  FINER] [   FXGL.SystemLogger] [                     main] sun.java.launcher=SUN_STANDARD
06 Feb 2017, 11:09:07.788 [  FINER] [   FXGL.SystemLogger] [                     main] sun.os.patch.level=Service Pack 1
06 Feb 2017, 11:09:07.788 [  FINER] [   FXGL.SystemLogger] [                     main] idea.launcher.port=7534
06 Feb 2017, 11:09:07.788 [  FINER] [   FXGL.SystemLogger] [                     main] java.vm.name=Java HotSpot(TM) 64-Bit Server VM
06 Feb 2017, 11:09:07.789 [  FINER] [   FXGL.SystemLogger] [                     main] file.encoding.pkg=sun.io
06 Feb 2017, 11:09:07.789 [  FINER] [   FXGL.SystemLogger] [                     main] path.separator=;
06 Feb 2017, 11:09:07.789 [  FINER] [   FXGL.SystemLogger] [                     main] java.vm.vendor=Oracle Corporation
06 Feb 2017, 11:09:07.789 [  FINER] [   FXGL.SystemLogger] [                     main] java.vendor.url=http://java.oracle.com/
06 Feb 2017, 11:09:07.789 [  FINER] [   FXGL.SystemLogger] [                     main] sun.boot.library.path=C:\Program Files\Java\jdk1.8.0_60\jre\bin
06 Feb 2017, 11:09:07.789 [  FINER] [   FXGL.SystemLogger] [                     main] java.vm.version=25.60-b23
06 Feb 2017, 11:09:07.789 [  FINER] [   FXGL.SystemLogger] [                     main] java.runtime.name=Java(TM) SE Runtime Environment
06 Feb 2017, 11:09:07.789 [   INFO] [   FXGL.SystemLogger] [                     main] FXGL-0.2.9
06 Feb 2017, 11:09:07.790 [   INFO] [   FXGL.SystemLogger] [                     main] Source code and latest versions at: https://github.com/AlmasB/FXGL
06 Feb 2017, 11:09:07.790 [   INFO] [   FXGL.SystemLogger] [                     main]              Join the FXGL chat at: https://gitter.im/AlmasB/FXGL
06 Feb 2017, 11:09:08.021 [  FINER] [   FXGL.SystemLogger] [JavaFX Application Thread] Starting JavaFX
06 Feb 2017, 11:09:08.023 [  FINER] [   FXGL.SystemLogger] [          JavaFX-Launcher] Initializing FXGL
06 Feb 2017, 11:09:08.055 [  FINER] [   FXGL.SystemLogger] [JavaFX Application Thread] Starting FXGL
06 Feb 2017, 11:09:08.495 [  FINER] [   FXGL.SystemLogger] [     FXGL Launcher Thread] Configuring FXGL
06 Feb 2017, 11:09:08.495 [  FINER] [   FXGL.SystemLogger] [     FXGL Launcher Thread] Initializing system properties
06 Feb 2017, 11:09:08.562 [  FINER] [   FXGL.SystemLogger] [     FXGL Launcher Thread] sound.notification = system/notification.wav
06 Feb 2017, 11:09:08.563 [  FINER] [   FXGL.SystemLogger] [     FXGL Launcher Thread] url.storage = https://raw.githubusercontent.com/AlmasB/git-server/master/storage/
06 Feb 2017, 11:09:08.563 [  FINER] [   FXGL.SystemLogger] [     FXGL Launcher Thread] asset.cache.size = 35
06 Feb 2017, 11:09:08.564 [  FINER] [   FXGL.SystemLogger] [     FXGL Launcher Thread] fs.profiledir = profiles/
06 Feb 2017, 11:09:08.564 [  FINER] [   FXGL.SystemLogger] [     FXGL Launcher Thread] url.pom = https://raw.githubusercontent.com/AlmasB/FXGL/master/pom.xml
06 Feb 2017, 11:09:08.564 [  FINER] [   FXGL.SystemLogger] [     FXGL Launcher Thread] dev.showbbox = false
06 Feb 2017, 11:09:08.565 [  FINER] [   FXGL.SystemLogger] [     FXGL Launcher Thread] fs.datafile.ext = .dat
06 Feb 2017, 11:09:08.565 [  FINER] [   FXGL.SystemLogger] [     FXGL Launcher Thread] sound.menu.back = menu/back.wav
06 Feb 2017, 11:09:08.566 [  FINER] [   FXGL.SystemLogger] [     FXGL Launcher Thread] sound.menu.select = menu/select.wav
06 Feb 2017, 11:09:08.566 [  FINER] [   FXGL.SystemLogger] [     FXGL Launcher Thread] url.github = https://github.com/AlmasB/FXGL
06 Feb 2017, 11:09:08.567 [  FINER] [   FXGL.SystemLogger] [     FXGL Launcher Thread] url.surveymonkey = https://www.surveymonkey.co.uk/r/BH6LLPM
06 Feb 2017, 11:09:08.567 [  FINER] [   FXGL.SystemLogger] [     FXGL Launcher Thread] physics.ppm = 50.0
06 Feb 2017, 11:09:08.568 [  FINER] [   FXGL.SystemLogger] [     FXGL Launcher Thread] ui.css = fxgl.css
06 Feb 2017, 11:09:08.571 [  FINER] [   FXGL.SystemLogger] [     FXGL Launcher Thread] version.check.days = 7
06 Feb 2017, 11:09:08.572 [  FINER] [   FXGL.SystemLogger] [     FXGL Launcher Thread] fs.savefile.ext = .sav
06 Feb 2017, 11:09:08.572 [  FINER] [   FXGL.SystemLogger] [     FXGL Launcher Thread] pooling.initialSize = 128
06 Feb 2017, 11:09:08.573 [  FINER] [   FXGL.SystemLogger] [     FXGL Launcher Thread] ui.font = Copperplate_Gothic_Light_Regular.ttf
06 Feb 2017, 11:09:08.573 [  FINER] [   FXGL.SystemLogger] [     FXGL Launcher Thread] fs.savedir = saves/
06 Feb 2017, 11:09:08.573 [  FINER] [   FXGL.SystemLogger] [     FXGL Launcher Thread] fs.profilename = user.profile
06 Feb 2017, 11:09:08.574 [  FINER] [   FXGL.SystemLogger] [     FXGL Launcher Thread] ui.icon.name = fxgl_icon.png
06 Feb 2017, 11:09:08.574 [  FINER] [   FXGL.SystemLogger] [     FXGL Launcher Thread] url.googleforms = https://goo.gl/forms/6wrMnOBxTE1fEpOy2
06 Feb 2017, 11:09:08.575 [  FINER] [   FXGL.SystemLogger] [     FXGL Launcher Thread] sound.menu.press = menu/press.wav
06 Feb 2017, 11:09:08.576 [  FINER] [   FXGL.SystemLogger] [     FXGL Launcher Thread] Initializing user properties
06 Feb 2017, 11:09:08.576 [   INFO] [   FXGL.SystemLogger] [     FXGL Launcher Thread] User properties not found. Using system
06 Feb 2017, 11:09:08.577 [  FINER] [   FXGL.SystemLogger] [     FXGL Launcher Thread] Initializing app settings
06 Feb 2017, 11:09:08.591 [  FINER] [   FXGL.SystemLogger] [     FXGL Launcher Thread] Logging settings
Title: Pacman
Version: 0.1
Width: 960
Height: 840
Fullscreen: false
Intro: false
Menus: false
Profiling: false
App Mode: DEVELOPER
Menu Style: FXGL_DEFAULT
Menu Key: ESCAPE
Services: []
06 Feb 2017, 11:09:09.948 [  FINER] [   FXGL.SystemLogger] [     FXGL Launcher Thread] FXGL configuration complete
06 Feb 2017, 11:09:09.948 [   INFO] [   FXGL.SystemLogger] [     FXGL Launcher Thread] FXGL configuration took:  1.453 sec
06 Feb 2017, 11:09:09.953 [  FINER] [   FXGL.SystemLogger] [JavaFX Application Thread] Running task: UpdaterTask
06 Feb 2017, 11:09:11.191 [  FINER] [   FXGL.SystemLogger] [     FXGL Launcher Thread] Running task: PreInitTask
06 Feb 2017, 11:09:11.326 [  FINER] [   FXGL.SystemLogger] [     FXGL Launcher Thread] Running task: InitScenesTask
06 Feb 2017, 11:09:11.432 [  FINER] [   FXGL.SystemLogger] [     FXGL Launcher Thread] Running task: InitEventHandlersTask
06 Feb 2017, 11:09:11.463 [  FINER] [   FXGL.SystemLogger] [     FXGL Launcher Thread] Running task: InitProfilerTask
06 Feb 2017, 11:09:11.467 [  FINER] [   FXGL.SystemLogger] [     FXGL Launcher Thread] Pausing main loop
06 Feb 2017, 11:09:11.471 [  FINER] [   FXGL.SystemLogger] [     FXGL Launcher Thread] Resetting FXGL application
06 Feb 2017, 11:09:11.576 [   INFO] [   FXGL.SystemLogger] [     FXGL Launcher Thread] Game configuration took:  0.385 sec
06 Feb 2017, 11:09:12.040 [   INFO] [   FXGL.SystemLogger] [ FXGL Background Thread 1] Game initialization took: 0.464 sec
06 Feb 2017, 11:09:12.041 [  FINER] [   FXGL.SystemLogger] [JavaFX Application Thread] Resuming main loop
06 Feb 2017, 11:09:33.020 [  FINER] [   FXGL.SystemLogger] [JavaFX Application Thread] Pausing main loop
06 Feb 2017, 11:09:37.120 [  FINER] [   FXGL.SystemLogger] [JavaFX Application Thread] Resuming main loop
06 Feb 2017, 11:09:37.122 [  FINER] [   FXGL.SystemLogger] [JavaFX Application Thread] Exiting Normally
06 Feb 2017, 11:09:37.142 [  FINER] [   FXGL.SystemLogger] [JavaFX Application Thread] Exiting FXGL
06 Feb 2017, 11:09:37.143 [  FINER] [   FXGL.SystemLogger] [JavaFX Application Thread] Logger is closing
