03 Feb 2017, 11:17:17.396 [   INFO] [   FXGL.SystemLogger] [                     main] System Logger is initialized
03 Feb 2017, 11:17:17.413 [  FINER] [   FXGL.SystemLogger] [                     main] Logging System Info
03 Feb 2017, 11:17:17.413 [  FINER] [   FXGL.SystemLogger] [                     main] CPU cores: 4
03 Feb 2017, 11:17:17.415 [  FINER] [   FXGL.SystemLogger] [                     main] Free Memory: 116MB
03 Feb 2017, 11:17:17.416 [  FINER] [   FXGL.SystemLogger] [                     main] Max Memory: 1796MB
03 Feb 2017, 11:17:17.416 [  FINER] [   FXGL.SystemLogger] [                     main] Total Memory: 123MB
03 Feb 2017, 11:17:17.417 [  FINER] [   FXGL.SystemLogger] [                     main] System Properties:
03 Feb 2017, 11:17:17.419 [  FINER] [   FXGL.SystemLogger] [                     main] sun.cpu.isalist=amd64
03 Feb 2017, 11:17:17.419 [  FINER] [   FXGL.SystemLogger] [                     main] sun.desktop=windows
03 Feb 2017, 11:17:17.420 [  FINER] [   FXGL.SystemLogger] [                     main] sun.io.unicode.encoding=UnicodeLittle
03 Feb 2017, 11:17:17.420 [  FINER] [   FXGL.SystemLogger] [                     main] sun.cpu.endian=little
03 Feb 2017, 11:17:17.420 [  FINER] [   FXGL.SystemLogger] [                     main] java.vendor.url.bug=http://bugreport.sun.com/bugreport/
03 Feb 2017, 11:17:17.421 [  FINER] [   FXGL.SystemLogger] [                     main] file.separator=\
03 Feb 2017, 11:17:17.421 [  FINER] [   FXGL.SystemLogger] [                     main] java.vendor=Oracle Corporation
03 Feb 2017, 11:17:17.422 [  FINER] [   FXGL.SystemLogger] [                     main] sun.boot.class.path=C:\Program Files\Java\jdk1.8.0_60\jre\lib\resources.jar;C:\Program Files\Java\jdk1.8.0_60\jre\lib\rt.jar;C:\Program Files\Java\jdk1.8.0_60\jre\lib\sunrsasign.jar;C:\Program Files\Java\jdk1.8.0_60\jre\lib\jsse.jar;C:\Program Files\Java\jdk1.8.0_60\jre\lib\jce.jar;C:\Program Files\Java\jdk1.8.0_60\jre\lib\charsets.jar;C:\Program Files\Java\jdk1.8.0_60\jre\lib\jfr.jar;C:\Program Files\Java\jdk1.8.0_60\jre\classes
03 Feb 2017, 11:17:17.422 [  FINER] [   FXGL.SystemLogger] [                     main] java.ext.dirs=C:\Program Files\Java\jdk1.8.0_60\jre\lib\ext;C:\WINDOWS\Sun\Java\lib\ext
03 Feb 2017, 11:17:17.423 [  FINER] [   FXGL.SystemLogger] [                     main] java.version=1.8.0_60
03 Feb 2017, 11:17:17.423 [  FINER] [   FXGL.SystemLogger] [                     main] java.vm.info=mixed mode
03 Feb 2017, 11:17:17.423 [  FINER] [   FXGL.SystemLogger] [                     main] awt.toolkit=sun.awt.windows.WToolkit
03 Feb 2017, 11:17:17.426 [  FINER] [   FXGL.SystemLogger] [                     main] user.language=en
03 Feb 2017, 11:17:17.428 [  FINER] [   FXGL.SystemLogger] [                     main] java.specification.vendor=Oracle Corporation
03 Feb 2017, 11:17:17.429 [  FINER] [   FXGL.SystemLogger] [                     main] sun.java.command=com.intellij.rt.execution.application.AppMain com.gamedesign.pacman.PacmanApp
03 Feb 2017, 11:17:17.436 [  FINER] [   FXGL.SystemLogger] [                     main] java.home=C:\Program Files\Java\jdk1.8.0_60\jre
03 Feb 2017, 11:17:17.437 [  FINER] [   FXGL.SystemLogger] [                     main] sun.arch.data.model=64
03 Feb 2017, 11:17:17.437 [  FINER] [   FXGL.SystemLogger] [                     main] java.vm.specification.version=1.8
03 Feb 2017, 11:17:17.439 [  FINER] [   FXGL.SystemLogger] [                     main] java.class.path=C:\Program Files\Java\jdk1.8.0_60\jre\lib\charsets.jar;C:\Program Files\Java\jdk1.8.0_60\jre\lib\deploy.jar;C:\Program Files\Java\jdk1.8.0_60\jre\lib\ext\access-bridge-64.jar;C:\Program Files\Java\jdk1.8.0_60\jre\lib\ext\cldrdata.jar;C:\Program Files\Java\jdk1.8.0_60\jre\lib\ext\dnsns.jar;C:\Program Files\Java\jdk1.8.0_60\jre\lib\ext\jaccess.jar;C:\Program Files\Java\jdk1.8.0_60\jre\lib\ext\jfxrt.jar;C:\Program Files\Java\jdk1.8.0_60\jre\lib\ext\localedata.jar;C:\Program Files\Java\jdk1.8.0_60\jre\lib\ext\nashorn.jar;C:\Program Files\Java\jdk1.8.0_60\jre\lib\ext\sunec.jar;C:\Program Files\Java\jdk1.8.0_60\jre\lib\ext\sunjce_provider.jar;C:\Program Files\Java\jdk1.8.0_60\jre\lib\ext\sunmscapi.jar;C:\Program Files\Java\jdk1.8.0_60\jre\lib\ext\sunpkcs11.jar;C:\Program Files\Java\jdk1.8.0_60\jre\lib\ext\zipfs.jar;C:\Program Files\Java\jdk1.8.0_60\jre\lib\javaws.jar;C:\Program Files\Java\jdk1.8.0_60\jre\lib\jce.jar;C:\Program Files\Java\jdk1.8.0_60\jre\lib\jfr.jar;C:\Program Files\Java\jdk1.8.0_60\jre\lib\jfxswt.jar;C:\Program Files\Java\jdk1.8.0_60\jre\lib\jsse.jar;C:\Program Files\Java\jdk1.8.0_60\jre\lib\management-agent.jar;C:\Program Files\Java\jdk1.8.0_60\jre\lib\plugin.jar;C:\Program Files\Java\jdk1.8.0_60\jre\lib\resources.jar;C:\Program Files\Java\jdk1.8.0_60\jre\lib\rt.jar;C:\Computer Science\Game Design\3rd\Pacman\out\production\Pacman;C:\Computer Science\Game Design\3rd\Pacman\lib\fxgl-0.2.9-uber.jar;C:\Program Files (x86)\JetBrains\IntelliJ IDEA Community Edition 15.0.3\lib\idea_rt.jar
03 Feb 2017, 11:17:17.440 [  FINER] [   FXGL.SystemLogger] [                     main] user.name=hwe10174
03 Feb 2017, 11:17:17.440 [  FINER] [   FXGL.SystemLogger] [                     main] file.encoding=UTF-8
03 Feb 2017, 11:17:17.440 [  FINER] [   FXGL.SystemLogger] [                     main] idea.launcher.bin.path=C:\Program Files (x86)\JetBrains\IntelliJ IDEA Community Edition 15.0.3\bin
03 Feb 2017, 11:17:17.441 [  FINER] [   FXGL.SystemLogger] [                     main] java.specification.version=1.8
03 Feb 2017, 11:17:17.441 [  FINER] [   FXGL.SystemLogger] [                     main] java.awt.printerjob=sun.awt.windows.WPrinterJob
03 Feb 2017, 11:17:17.441 [  FINER] [   FXGL.SystemLogger] [                     main] user.timezone=America/New_York
03 Feb 2017, 11:17:17.443 [  FINER] [   FXGL.SystemLogger] [                     main] user.home=C:\Users\hwe10174
03 Feb 2017, 11:17:17.444 [  FINER] [   FXGL.SystemLogger] [                     main] os.version=6.1
03 Feb 2017, 11:17:17.445 [  FINER] [   FXGL.SystemLogger] [                     main] sun.management.compiler=HotSpot 64-Bit Tiered Compilers
03 Feb 2017, 11:17:17.455 [  FINER] [   FXGL.SystemLogger] [                     main] java.specification.name=Java Platform API Specification
03 Feb 2017, 11:17:17.455 [  FINER] [   FXGL.SystemLogger] [                     main] java.class.version=52.0
03 Feb 2017, 11:17:17.456 [  FINER] [   FXGL.SystemLogger] [                     main] java.library.path=C:\Program Files\Java\jdk1.8.0_60\bin;C:\WINDOWS\Sun\Java\bin;C:\WINDOWS\system32;C:\WINDOWS;C:\WINDOWS\system32;C:\WINDOWS;C:\WINDOWS\System32\Wbem;C:\WINDOWS\System32\WindowsPowerShell\v1.0\;C:\Program Files (x86)\QuickTime\QTSystem\;C:\Program Files (x86)\Common Files\Netop\;C:\Program Files (x86)\Netop\Vision\XL\;C:\Program Files\Intel\WiFi\bin\;C:\Program Files\Common Files\Intel\WirelessCommon\;C:\WINDOWS\system32;C:\WINDOWS;C:\WINDOWS\System32\Wbem;C:\WINDOWS\System32\WindowsPowerShell\v1.0\;C:\Program Files (x86)\QuickTime\QTSystem\;C:\Program Files (x86)\Common Files\Netop\;C:\Program Files (x86)\Netop\Vision\XL\;C:\Program Files\Intel\WiFi\bin\;C:\Program Files\Common Files\Intel\WirelessCommon\;C:\Program Files\Java\jdk1.8.0_60\bin;C:\Users\hwe10174\AppData\Local\Programs\Git\cmd;C:\Users\hwe10174\Downloads\gradle-3.1\bin;.
03 Feb 2017, 11:17:17.456 [  FINER] [   FXGL.SystemLogger] [                     main] sun.jnu.encoding=Cp1252
03 Feb 2017, 11:17:17.456 [  FINER] [   FXGL.SystemLogger] [                     main] os.name=Windows 7
03 Feb 2017, 11:17:17.457 [  FINER] [   FXGL.SystemLogger] [                     main] user.variant=
03 Feb 2017, 11:17:17.457 [  FINER] [   FXGL.SystemLogger] [                     main] java.vm.specification.vendor=Oracle Corporation
03 Feb 2017, 11:17:17.460 [  FINER] [   FXGL.SystemLogger] [                     main] java.io.tmpdir=C:\Users\hwe10174\AppData\Local\Temp\
03 Feb 2017, 11:17:17.460 [  FINER] [   FXGL.SystemLogger] [                     main] line.separator=

03 Feb 2017, 11:17:17.461 [  FINER] [   FXGL.SystemLogger] [                     main] java.endorsed.dirs=C:\Program Files\Java\jdk1.8.0_60\jre\lib\endorsed
03 Feb 2017, 11:17:17.461 [  FINER] [   FXGL.SystemLogger] [                     main] os.arch=amd64
03 Feb 2017, 11:17:17.462 [  FINER] [   FXGL.SystemLogger] [                     main] java.awt.graphicsenv=sun.awt.Win32GraphicsEnvironment
03 Feb 2017, 11:17:17.462 [  FINER] [   FXGL.SystemLogger] [                     main] java.runtime.version=1.8.0_60-b27
03 Feb 2017, 11:17:17.466 [  FINER] [   FXGL.SystemLogger] [                     main] java.vm.specification.name=Java Virtual Machine Specification
03 Feb 2017, 11:17:17.466 [  FINER] [   FXGL.SystemLogger] [                     main] user.dir=C:\Computer Science\Game Design\3rd\Pacman
03 Feb 2017, 11:17:17.466 [  FINER] [   FXGL.SystemLogger] [                     main] user.country=US
03 Feb 2017, 11:17:17.467 [  FINER] [   FXGL.SystemLogger] [                     main] user.script=
03 Feb 2017, 11:17:17.467 [  FINER] [   FXGL.SystemLogger] [                     main] sun.java.launcher=SUN_STANDARD
03 Feb 2017, 11:17:17.467 [  FINER] [   FXGL.SystemLogger] [                     main] sun.os.patch.level=Service Pack 1
03 Feb 2017, 11:17:17.468 [  FINER] [   FXGL.SystemLogger] [                     main] idea.launcher.port=7533
03 Feb 2017, 11:17:17.468 [  FINER] [   FXGL.SystemLogger] [                     main] java.vm.name=Java HotSpot(TM) 64-Bit Server VM
03 Feb 2017, 11:17:17.468 [  FINER] [   FXGL.SystemLogger] [                     main] file.encoding.pkg=sun.io
03 Feb 2017, 11:17:17.468 [  FINER] [   FXGL.SystemLogger] [                     main] path.separator=;
03 Feb 2017, 11:17:17.469 [  FINER] [   FXGL.SystemLogger] [                     main] java.vm.vendor=Oracle Corporation
03 Feb 2017, 11:17:17.470 [  FINER] [   FXGL.SystemLogger] [                     main] java.vendor.url=http://java.oracle.com/
03 Feb 2017, 11:17:17.470 [  FINER] [   FXGL.SystemLogger] [                     main] sun.boot.library.path=C:\Program Files\Java\jdk1.8.0_60\jre\bin
03 Feb 2017, 11:17:17.470 [  FINER] [   FXGL.SystemLogger] [                     main] java.vm.version=25.60-b23
03 Feb 2017, 11:17:17.471 [  FINER] [   FXGL.SystemLogger] [                     main] java.runtime.name=Java(TM) SE Runtime Environment
03 Feb 2017, 11:17:17.478 [   INFO] [   FXGL.SystemLogger] [                     main] FXGL-0.2.9
03 Feb 2017, 11:17:17.478 [   INFO] [   FXGL.SystemLogger] [                     main] Source code and latest versions at: https://github.com/AlmasB/FXGL
03 Feb 2017, 11:17:17.479 [   INFO] [   FXGL.SystemLogger] [                     main]              Join the FXGL chat at: https://gitter.im/AlmasB/FXGL
03 Feb 2017, 11:17:17.700 [  FINER] [   FXGL.SystemLogger] [JavaFX Application Thread] Starting JavaFX
03 Feb 2017, 11:17:17.701 [  FINER] [   FXGL.SystemLogger] [          JavaFX-Launcher] Initializing FXGL
03 Feb 2017, 11:17:17.725 [  FINER] [   FXGL.SystemLogger] [JavaFX Application Thread] Starting FXGL
03 Feb 2017, 11:17:18.119 [  FINER] [   FXGL.SystemLogger] [     FXGL Launcher Thread] Configuring FXGL
03 Feb 2017, 11:17:18.119 [  FINER] [   FXGL.SystemLogger] [     FXGL Launcher Thread] Initializing system properties
03 Feb 2017, 11:17:18.173 [  FINER] [   FXGL.SystemLogger] [     FXGL Launcher Thread] sound.notification = system/notification.wav
03 Feb 2017, 11:17:18.173 [  FINER] [   FXGL.SystemLogger] [     FXGL Launcher Thread] url.storage = https://raw.githubusercontent.com/AlmasB/git-server/master/storage/
03 Feb 2017, 11:17:18.174 [  FINER] [   FXGL.SystemLogger] [     FXGL Launcher Thread] asset.cache.size = 35
03 Feb 2017, 11:17:18.174 [  FINER] [   FXGL.SystemLogger] [     FXGL Launcher Thread] fs.profiledir = profiles/
03 Feb 2017, 11:17:18.174 [  FINER] [   FXGL.SystemLogger] [     FXGL Launcher Thread] url.pom = https://raw.githubusercontent.com/AlmasB/FXGL/master/pom.xml
03 Feb 2017, 11:17:18.175 [  FINER] [   FXGL.SystemLogger] [     FXGL Launcher Thread] dev.showbbox = false
03 Feb 2017, 11:17:18.175 [  FINER] [   FXGL.SystemLogger] [     FXGL Launcher Thread] fs.datafile.ext = .dat
03 Feb 2017, 11:17:18.175 [  FINER] [   FXGL.SystemLogger] [     FXGL Launcher Thread] sound.menu.back = menu/back.wav
03 Feb 2017, 11:17:18.179 [  FINER] [   FXGL.SystemLogger] [     FXGL Launcher Thread] sound.menu.select = menu/select.wav
03 Feb 2017, 11:17:18.179 [  FINER] [   FXGL.SystemLogger] [     FXGL Launcher Thread] url.github = https://github.com/AlmasB/FXGL
03 Feb 2017, 11:17:18.180 [  FINER] [   FXGL.SystemLogger] [     FXGL Launcher Thread] url.surveymonkey = https://www.surveymonkey.co.uk/r/BH6LLPM
03 Feb 2017, 11:17:18.180 [  FINER] [   FXGL.SystemLogger] [     FXGL Launcher Thread] physics.ppm = 50.0
03 Feb 2017, 11:17:18.180 [  FINER] [   FXGL.SystemLogger] [     FXGL Launcher Thread] ui.css = fxgl.css
03 Feb 2017, 11:17:18.181 [  FINER] [   FXGL.SystemLogger] [     FXGL Launcher Thread] version.check.days = 7
03 Feb 2017, 11:17:18.181 [  FINER] [   FXGL.SystemLogger] [     FXGL Launcher Thread] fs.savefile.ext = .sav
03 Feb 2017, 11:17:18.181 [  FINER] [   FXGL.SystemLogger] [     FXGL Launcher Thread] pooling.initialSize = 128
03 Feb 2017, 11:17:18.182 [  FINER] [   FXGL.SystemLogger] [     FXGL Launcher Thread] ui.font = Copperplate_Gothic_Light_Regular.ttf
03 Feb 2017, 11:17:18.182 [  FINER] [   FXGL.SystemLogger] [     FXGL Launcher Thread] fs.savedir = saves/
03 Feb 2017, 11:17:18.182 [  FINER] [   FXGL.SystemLogger] [     FXGL Launcher Thread] fs.profilename = user.profile
03 Feb 2017, 11:17:18.183 [  FINER] [   FXGL.SystemLogger] [     FXGL Launcher Thread] ui.icon.name = fxgl_icon.png
03 Feb 2017, 11:17:18.183 [  FINER] [   FXGL.SystemLogger] [     FXGL Launcher Thread] url.googleforms = https://goo.gl/forms/6wrMnOBxTE1fEpOy2
03 Feb 2017, 11:17:18.184 [  FINER] [   FXGL.SystemLogger] [     FXGL Launcher Thread] sound.menu.press = menu/press.wav
03 Feb 2017, 11:17:18.184 [  FINER] [   FXGL.SystemLogger] [     FXGL Launcher Thread] Initializing user properties
03 Feb 2017, 11:17:18.184 [   INFO] [   FXGL.SystemLogger] [     FXGL Launcher Thread] User properties not found. Using system
03 Feb 2017, 11:17:18.185 [  FINER] [   FXGL.SystemLogger] [     FXGL Launcher Thread] Initializing app settings
03 Feb 2017, 11:17:18.198 [  FINER] [   FXGL.SystemLogger] [     FXGL Launcher Thread] Logging settings
Title: Pacman
Version: 0.1
Width: 1040
Height: 840
Fullscreen: false
Intro: false
Menus: false
Profiling: false
App Mode: DEVELOPER
Menu Style: FXGL_DEFAULT
Menu Key: ESCAPE
Services: []
03 Feb 2017, 11:17:19.455 [  FINER] [   FXGL.SystemLogger] [     FXGL Launcher Thread] FXGL configuration complete
03 Feb 2017, 11:17:19.455 [   INFO] [   FXGL.SystemLogger] [     FXGL Launcher Thread] FXGL configuration took:  1.336 sec
03 Feb 2017, 11:17:19.456 [  FINER] [   FXGL.SystemLogger] [JavaFX Application Thread] Running task: UpdaterTask
03 Feb 2017, 11:17:21.354 [  FINER] [   FXGL.SystemLogger] [     FXGL Launcher Thread] Running task: PreInitTask
03 Feb 2017, 11:17:21.486 [  FINER] [   FXGL.SystemLogger] [     FXGL Launcher Thread] Running task: InitScenesTask
03 Feb 2017, 11:17:21.614 [  FINER] [   FXGL.SystemLogger] [     FXGL Launcher Thread] Running task: InitEventHandlersTask
03 Feb 2017, 11:17:21.653 [  FINER] [   FXGL.SystemLogger] [     FXGL Launcher Thread] Running task: InitProfilerTask
03 Feb 2017, 11:17:21.657 [  FINER] [   FXGL.SystemLogger] [     FXGL Launcher Thread] Pausing main loop
03 Feb 2017, 11:17:21.661 [  FINER] [   FXGL.SystemLogger] [     FXGL Launcher Thread] Resetting FXGL application
03 Feb 2017, 11:17:21.786 [   INFO] [   FXGL.SystemLogger] [     FXGL Launcher Thread] Game configuration took:  0.432 sec
03 Feb 2017, 11:17:22.221 [  FINER] [   FXGL.SystemLogger] [JavaFX Application Thread] Pausing main loop
03 Feb 2017, 11:17:35.263 [  FINER] [   FXGL.SystemLogger] [JavaFX Application Thread] Exiting Normally
03 Feb 2017, 11:17:35.286 [  FINER] [   FXGL.SystemLogger] [JavaFX Application Thread] Exiting FXGL
03 Feb 2017, 11:17:35.287 [  FINER] [   FXGL.SystemLogger] [JavaFX Application Thread] Logger is closing
