23 Jan 2017, 11:17:17.940 [   INFO] [   FXGL.SystemLogger] [                     main] System Logger is initialized
23 Jan 2017, 11:17:17.963 [  FINER] [   FXGL.SystemLogger] [                     main] Logging System Info
23 Jan 2017, 11:17:17.964 [  FINER] [   FXGL.SystemLogger] [                     main] CPU cores: 4
23 Jan 2017, 11:17:17.968 [  FINER] [   FXGL.SystemLogger] [                     main] Free Memory: 115MB
23 Jan 2017, 11:17:17.969 [  FINER] [   FXGL.SystemLogger] [                     main] Max Memory: 1796MB
23 Jan 2017, 11:17:17.970 [  FINER] [   FXGL.SystemLogger] [                     main] Total Memory: 123MB
23 Jan 2017, 11:17:17.971 [  FINER] [   FXGL.SystemLogger] [                     main] System Properties:
23 Jan 2017, 11:17:17.974 [  FINER] [   FXGL.SystemLogger] [                     main] sun.cpu.isalist=amd64
23 Jan 2017, 11:17:17.975 [  FINER] [   FXGL.SystemLogger] [                     main] sun.desktop=windows
23 Jan 2017, 11:17:17.975 [  FINER] [   FXGL.SystemLogger] [                     main] sun.io.unicode.encoding=UnicodeLittle
23 Jan 2017, 11:17:17.976 [  FINER] [   FXGL.SystemLogger] [                     main] sun.cpu.endian=little
23 Jan 2017, 11:17:17.976 [  FINER] [   FXGL.SystemLogger] [                     main] java.vendor.url.bug=http://bugreport.sun.com/bugreport/
23 Jan 2017, 11:17:17.976 [  FINER] [   FXGL.SystemLogger] [                     main] file.separator=\
23 Jan 2017, 11:17:17.977 [  FINER] [   FXGL.SystemLogger] [                     main] java.vendor=Oracle Corporation
23 Jan 2017, 11:17:17.977 [  FINER] [   FXGL.SystemLogger] [                     main] sun.boot.class.path=C:\Program Files\Java\jdk1.8.0_60\jre\lib\resources.jar;C:\Program Files\Java\jdk1.8.0_60\jre\lib\rt.jar;C:\Program Files\Java\jdk1.8.0_60\jre\lib\sunrsasign.jar;C:\Program Files\Java\jdk1.8.0_60\jre\lib\jsse.jar;C:\Program Files\Java\jdk1.8.0_60\jre\lib\jce.jar;C:\Program Files\Java\jdk1.8.0_60\jre\lib\charsets.jar;C:\Program Files\Java\jdk1.8.0_60\jre\lib\jfr.jar;C:\Program Files\Java\jdk1.8.0_60\jre\classes
23 Jan 2017, 11:17:17.978 [  FINER] [   FXGL.SystemLogger] [                     main] java.ext.dirs=C:\Program Files\Java\jdk1.8.0_60\jre\lib\ext;C:\WINDOWS\Sun\Java\lib\ext
23 Jan 2017, 11:17:17.978 [  FINER] [   FXGL.SystemLogger] [                     main] java.version=1.8.0_60
23 Jan 2017, 11:17:17.979 [  FINER] [   FXGL.SystemLogger] [                     main] java.vm.info=mixed mode
23 Jan 2017, 11:17:17.979 [  FINER] [   FXGL.SystemLogger] [                     main] awt.toolkit=sun.awt.windows.WToolkit
23 Jan 2017, 11:17:17.979 [  FINER] [   FXGL.SystemLogger] [                     main] user.language=en
23 Jan 2017, 11:17:17.980 [  FINER] [   FXGL.SystemLogger] [                     main] java.specification.vendor=Oracle Corporation
23 Jan 2017, 11:17:17.980 [  FINER] [   FXGL.SystemLogger] [                     main] sun.java.command=com.intellij.rt.execution.application.AppMain com.gamedesign.pacman.PacmanApp
23 Jan 2017, 11:17:17.980 [  FINER] [   FXGL.SystemLogger] [                     main] java.home=C:\Program Files\Java\jdk1.8.0_60\jre
23 Jan 2017, 11:17:17.981 [  FINER] [   FXGL.SystemLogger] [                     main] sun.arch.data.model=64
23 Jan 2017, 11:17:17.981 [  FINER] [   FXGL.SystemLogger] [                     main] java.vm.specification.version=1.8
23 Jan 2017, 11:17:17.981 [  FINER] [   FXGL.SystemLogger] [                     main] java.class.path=C:\Program Files\Java\jdk1.8.0_60\jre\lib\charsets.jar;C:\Program Files\Java\jdk1.8.0_60\jre\lib\deploy.jar;C:\Program Files\Java\jdk1.8.0_60\jre\lib\ext\access-bridge-64.jar;C:\Program Files\Java\jdk1.8.0_60\jre\lib\ext\cldrdata.jar;C:\Program Files\Java\jdk1.8.0_60\jre\lib\ext\dnsns.jar;C:\Program Files\Java\jdk1.8.0_60\jre\lib\ext\jaccess.jar;C:\Program Files\Java\jdk1.8.0_60\jre\lib\ext\jfxrt.jar;C:\Program Files\Java\jdk1.8.0_60\jre\lib\ext\localedata.jar;C:\Program Files\Java\jdk1.8.0_60\jre\lib\ext\nashorn.jar;C:\Program Files\Java\jdk1.8.0_60\jre\lib\ext\sunec.jar;C:\Program Files\Java\jdk1.8.0_60\jre\lib\ext\sunjce_provider.jar;C:\Program Files\Java\jdk1.8.0_60\jre\lib\ext\sunmscapi.jar;C:\Program Files\Java\jdk1.8.0_60\jre\lib\ext\sunpkcs11.jar;C:\Program Files\Java\jdk1.8.0_60\jre\lib\ext\zipfs.jar;C:\Program Files\Java\jdk1.8.0_60\jre\lib\javaws.jar;C:\Program Files\Java\jdk1.8.0_60\jre\lib\jce.jar;C:\Program Files\Java\jdk1.8.0_60\jre\lib\jfr.jar;C:\Program Files\Java\jdk1.8.0_60\jre\lib\jfxswt.jar;C:\Program Files\Java\jdk1.8.0_60\jre\lib\jsse.jar;C:\Program Files\Java\jdk1.8.0_60\jre\lib\management-agent.jar;C:\Program Files\Java\jdk1.8.0_60\jre\lib\plugin.jar;C:\Program Files\Java\jdk1.8.0_60\jre\lib\resources.jar;C:\Program Files\Java\jdk1.8.0_60\jre\lib\rt.jar;C:\Computer Science\Game Design\3rd\Pacman\out\production\Pacman;C:\Computer Science\Game Design\3rd\Pacman\lib\fxgl-0.2.9-uber.jar;C:\Program Files (x86)\JetBrains\IntelliJ IDEA Community Edition 15.0.3\lib\idea_rt.jar
23 Jan 2017, 11:17:17.982 [  FINER] [   FXGL.SystemLogger] [                     main] user.name=hwe10174
23 Jan 2017, 11:17:17.982 [  FINER] [   FXGL.SystemLogger] [                     main] file.encoding=UTF-8
23 Jan 2017, 11:17:17.982 [  FINER] [   FXGL.SystemLogger] [                     main] idea.launcher.bin.path=C:\Program Files (x86)\JetBrains\IntelliJ IDEA Community Edition 15.0.3\bin
23 Jan 2017, 11:17:17.983 [  FINER] [   FXGL.SystemLogger] [                     main] java.specification.version=1.8
23 Jan 2017, 11:17:17.983 [  FINER] [   FXGL.SystemLogger] [                     main] java.awt.printerjob=sun.awt.windows.WPrinterJob
23 Jan 2017, 11:17:17.983 [  FINER] [   FXGL.SystemLogger] [                     main] user.timezone=America/New_York
23 Jan 2017, 11:17:17.984 [  FINER] [   FXGL.SystemLogger] [                     main] user.home=C:\Users\hwe10174
23 Jan 2017, 11:17:17.984 [  FINER] [   FXGL.SystemLogger] [                     main] os.version=6.1
23 Jan 2017, 11:17:17.985 [  FINER] [   FXGL.SystemLogger] [                     main] sun.management.compiler=HotSpot 64-Bit Tiered Compilers
23 Jan 2017, 11:17:17.985 [  FINER] [   FXGL.SystemLogger] [                     main] java.specification.name=Java Platform API Specification
23 Jan 2017, 11:17:17.985 [  FINER] [   FXGL.SystemLogger] [                     main] java.class.version=52.0
23 Jan 2017, 11:17:17.986 [  FINER] [   FXGL.SystemLogger] [                     main] java.library.path=C:\Program Files\Java\jdk1.8.0_60\bin;C:\WINDOWS\Sun\Java\bin;C:\WINDOWS\system32;C:\WINDOWS;C:\WINDOWS\system32;C:\WINDOWS;C:\WINDOWS\System32\Wbem;C:\WINDOWS\System32\WindowsPowerShell\v1.0\;C:\Program Files (x86)\QuickTime\QTSystem\;C:\Program Files (x86)\Common Files\Netop\;C:\Program Files (x86)\Netop\Vision\XL\;C:\Program Files\Intel\WiFi\bin\;C:\Program Files\Common Files\Intel\WirelessCommon\;C:\WINDOWS\system32;C:\WINDOWS;C:\WINDOWS\System32\Wbem;C:\WINDOWS\System32\WindowsPowerShell\v1.0\;C:\Program Files (x86)\QuickTime\QTSystem\;C:\Program Files (x86)\Common Files\Netop\;C:\Program Files (x86)\Netop\Vision\XL\;C:\Program Files\Intel\WiFi\bin\;C:\Program Files\Common Files\Intel\WirelessCommon\;C:\Program Files\Java\jdk1.8.0_60\bin;C:\Users\hwe10174\AppData\Local\Programs\Git\cmd;C:\Users\hwe10174\Downloads\gradle-3.1\bin;.
23 Jan 2017, 11:17:17.986 [  FINER] [   FXGL.SystemLogger] [                     main] sun.jnu.encoding=Cp1252
23 Jan 2017, 11:17:17.986 [  FINER] [   FXGL.SystemLogger] [                     main] os.name=Windows 7
23 Jan 2017, 11:17:17.986 [  FINER] [   FXGL.SystemLogger] [                     main] user.variant=
23 Jan 2017, 11:17:17.990 [  FINER] [   FXGL.SystemLogger] [                     main] java.vm.specification.vendor=Oracle Corporation
23 Jan 2017, 11:17:17.990 [  FINER] [   FXGL.SystemLogger] [                     main] java.io.tmpdir=C:\Users\hwe10174\AppData\Local\Temp\
23 Jan 2017, 11:17:17.990 [  FINER] [   FXGL.SystemLogger] [                     main] line.separator=

23 Jan 2017, 11:17:17.991 [  FINER] [   FXGL.SystemLogger] [                     main] java.endorsed.dirs=C:\Program Files\Java\jdk1.8.0_60\jre\lib\endorsed
23 Jan 2017, 11:17:17.991 [  FINER] [   FXGL.SystemLogger] [                     main] os.arch=amd64
23 Jan 2017, 11:17:17.992 [  FINER] [   FXGL.SystemLogger] [                     main] java.awt.graphicsenv=sun.awt.Win32GraphicsEnvironment
23 Jan 2017, 11:17:17.992 [  FINER] [   FXGL.SystemLogger] [                     main] java.runtime.version=1.8.0_60-b27
23 Jan 2017, 11:17:17.992 [  FINER] [   FXGL.SystemLogger] [                     main] java.vm.specification.name=Java Virtual Machine Specification
23 Jan 2017, 11:17:17.993 [  FINER] [   FXGL.SystemLogger] [                     main] user.dir=C:\Computer Science\Game Design\3rd\Pacman
23 Jan 2017, 11:17:17.993 [  FINER] [   FXGL.SystemLogger] [                     main] user.country=US
23 Jan 2017, 11:17:17.995 [  FINER] [   FXGL.SystemLogger] [                     main] user.script=
23 Jan 2017, 11:17:17.995 [  FINER] [   FXGL.SystemLogger] [                     main] sun.java.launcher=SUN_STANDARD
23 Jan 2017, 11:17:17.996 [  FINER] [   FXGL.SystemLogger] [                     main] sun.os.patch.level=Service Pack 1
23 Jan 2017, 11:17:17.996 [  FINER] [   FXGL.SystemLogger] [                     main] idea.launcher.port=7535
23 Jan 2017, 11:17:17.997 [  FINER] [   FXGL.SystemLogger] [                     main] java.vm.name=Java HotSpot(TM) 64-Bit Server VM
23 Jan 2017, 11:17:17.997 [  FINER] [   FXGL.SystemLogger] [                     main] file.encoding.pkg=sun.io
23 Jan 2017, 11:17:17.997 [  FINER] [   FXGL.SystemLogger] [                     main] path.separator=;
23 Jan 2017, 11:17:17.998 [  FINER] [   FXGL.SystemLogger] [                     main] java.vm.vendor=Oracle Corporation
23 Jan 2017, 11:17:17.998 [  FINER] [   FXGL.SystemLogger] [                     main] java.vendor.url=http://java.oracle.com/
23 Jan 2017, 11:17:17.998 [  FINER] [   FXGL.SystemLogger] [                     main] sun.boot.library.path=C:\Program Files\Java\jdk1.8.0_60\jre\bin
23 Jan 2017, 11:17:17.999 [  FINER] [   FXGL.SystemLogger] [                     main] java.vm.version=25.60-b23
23 Jan 2017, 11:17:18.000 [  FINER] [   FXGL.SystemLogger] [                     main] java.runtime.name=Java(TM) SE Runtime Environment
23 Jan 2017, 11:17:18.007 [   INFO] [   FXGL.SystemLogger] [                     main] FXGL-0.2.9
23 Jan 2017, 11:17:18.007 [   INFO] [   FXGL.SystemLogger] [                     main] Source code and latest versions at: https://github.com/AlmasB/FXGL
23 Jan 2017, 11:17:18.008 [   INFO] [   FXGL.SystemLogger] [                     main]              Join the FXGL chat at: https://gitter.im/AlmasB/FXGL
23 Jan 2017, 11:17:18.265 [  FINER] [   FXGL.SystemLogger] [JavaFX Application Thread] Starting JavaFX
23 Jan 2017, 11:17:18.266 [  FINER] [   FXGL.SystemLogger] [          JavaFX-Launcher] Initializing FXGL
23 Jan 2017, 11:17:18.286 [  FINER] [   FXGL.SystemLogger] [JavaFX Application Thread] Starting FXGL
23 Jan 2017, 11:17:18.765 [  FINER] [   FXGL.SystemLogger] [     FXGL Launcher Thread] Configuring FXGL
23 Jan 2017, 11:17:18.766 [  FINER] [   FXGL.SystemLogger] [     FXGL Launcher Thread] Initializing system properties
23 Jan 2017, 11:17:18.814 [  FINER] [   FXGL.SystemLogger] [     FXGL Launcher Thread] sound.notification = system/notification.wav
23 Jan 2017, 11:17:18.815 [  FINER] [   FXGL.SystemLogger] [     FXGL Launcher Thread] url.storage = https://raw.githubusercontent.com/AlmasB/git-server/master/storage/
23 Jan 2017, 11:17:18.815 [  FINER] [   FXGL.SystemLogger] [     FXGL Launcher Thread] asset.cache.size = 35
23 Jan 2017, 11:17:18.815 [  FINER] [   FXGL.SystemLogger] [     FXGL Launcher Thread] fs.profiledir = profiles/
23 Jan 2017, 11:17:18.816 [  FINER] [   FXGL.SystemLogger] [     FXGL Launcher Thread] url.pom = https://raw.githubusercontent.com/AlmasB/FXGL/master/pom.xml
23 Jan 2017, 11:17:18.817 [  FINER] [   FXGL.SystemLogger] [     FXGL Launcher Thread] dev.showbbox = false
23 Jan 2017, 11:17:18.817 [  FINER] [   FXGL.SystemLogger] [     FXGL Launcher Thread] fs.datafile.ext = .dat
23 Jan 2017, 11:17:18.818 [  FINER] [   FXGL.SystemLogger] [     FXGL Launcher Thread] sound.menu.back = menu/back.wav
23 Jan 2017, 11:17:18.818 [  FINER] [   FXGL.SystemLogger] [     FXGL Launcher Thread] sound.menu.select = menu/select.wav
23 Jan 2017, 11:17:18.819 [  FINER] [   FXGL.SystemLogger] [     FXGL Launcher Thread] url.github = https://github.com/AlmasB/FXGL
23 Jan 2017, 11:17:18.819 [  FINER] [   FXGL.SystemLogger] [     FXGL Launcher Thread] url.surveymonkey = https://www.surveymonkey.co.uk/r/BH6LLPM
23 Jan 2017, 11:17:18.819 [  FINER] [   FXGL.SystemLogger] [     FXGL Launcher Thread] physics.ppm = 50.0
23 Jan 2017, 11:17:18.820 [  FINER] [   FXGL.SystemLogger] [     FXGL Launcher Thread] ui.css = fxgl.css
23 Jan 2017, 11:17:18.820 [  FINER] [   FXGL.SystemLogger] [     FXGL Launcher Thread] version.check.days = 7
23 Jan 2017, 11:17:18.820 [  FINER] [   FXGL.SystemLogger] [     FXGL Launcher Thread] fs.savefile.ext = .sav
23 Jan 2017, 11:17:18.821 [  FINER] [   FXGL.SystemLogger] [     FXGL Launcher Thread] pooling.initialSize = 128
23 Jan 2017, 11:17:18.821 [  FINER] [   FXGL.SystemLogger] [     FXGL Launcher Thread] ui.font = Copperplate_Gothic_Light_Regular.ttf
23 Jan 2017, 11:17:18.821 [  FINER] [   FXGL.SystemLogger] [     FXGL Launcher Thread] fs.savedir = saves/
23 Jan 2017, 11:17:18.822 [  FINER] [   FXGL.SystemLogger] [     FXGL Launcher Thread] fs.profilename = user.profile
23 Jan 2017, 11:17:18.822 [  FINER] [   FXGL.SystemLogger] [     FXGL Launcher Thread] ui.icon.name = fxgl_icon.png
23 Jan 2017, 11:17:18.822 [  FINER] [   FXGL.SystemLogger] [     FXGL Launcher Thread] url.googleforms = https://goo.gl/forms/6wrMnOBxTE1fEpOy2
23 Jan 2017, 11:17:18.823 [  FINER] [   FXGL.SystemLogger] [     FXGL Launcher Thread] sound.menu.press = menu/press.wav
23 Jan 2017, 11:17:18.823 [  FINER] [   FXGL.SystemLogger] [     FXGL Launcher Thread] Initializing user properties
23 Jan 2017, 11:17:18.824 [   INFO] [   FXGL.SystemLogger] [     FXGL Launcher Thread] User properties not found. Using system
23 Jan 2017, 11:17:18.824 [  FINER] [   FXGL.SystemLogger] [     FXGL Launcher Thread] Initializing app settings
23 Jan 2017, 11:17:18.840 [  FINER] [   FXGL.SystemLogger] [     FXGL Launcher Thread] Logging settings
Title: Pacman
Version: 0.1
Width: 1040
Height: 840
Fullscreen: false
Intro: false
Menus: false
Profiling: false
App Mode: DEVELOPER
Menu Style: FXGL_DEFAULT
Menu Key: ESCAPE
Services: []
23 Jan 2017, 11:17:20.051 [  FINER] [   FXGL.SystemLogger] [     FXGL Launcher Thread] FXGL configuration complete
23 Jan 2017, 11:17:20.052 [   INFO] [   FXGL.SystemLogger] [     FXGL Launcher Thread] FXGL configuration took:  1.286 sec
23 Jan 2017, 11:17:20.053 [  FINER] [   FXGL.SystemLogger] [JavaFX Application Thread] Running task: UpdaterTask
23 Jan 2017, 11:17:20.057 [  FINER] [   FXGL.SystemLogger] [     FXGL Launcher Thread] Running task: PreInitTask
23 Jan 2017, 11:17:20.163 [  FINER] [   FXGL.SystemLogger] [     FXGL Launcher Thread] Running task: InitScenesTask
23 Jan 2017, 11:17:20.448 [  FINER] [   FXGL.SystemLogger] [     FXGL Launcher Thread] Running task: InitEventHandlersTask
23 Jan 2017, 11:17:20.480 [  FINER] [   FXGL.SystemLogger] [     FXGL Launcher Thread] Running task: InitProfilerTask
23 Jan 2017, 11:17:20.485 [  FINER] [   FXGL.SystemLogger] [     FXGL Launcher Thread] Pausing main loop
23 Jan 2017, 11:17:20.489 [  FINER] [   FXGL.SystemLogger] [     FXGL Launcher Thread] Resetting FXGL application
23 Jan 2017, 11:17:20.585 [   INFO] [   FXGL.SystemLogger] [     FXGL Launcher Thread] Game configuration took:  0.528 sec
23 Jan 2017, 11:17:20.608 [   INFO] [   FXGL.SystemLogger] [ FXGL Background Thread 1] Game initialization took: 0.023 sec
23 Jan 2017, 11:17:20.789 [  FINER] [   FXGL.SystemLogger] [JavaFX Application Thread] Resuming main loop
23 Jan 2017, 11:17:30.999 [  FINER] [   FXGL.SystemLogger] [JavaFX Application Thread] Pausing main loop
23 Jan 2017, 11:17:31.955 [  FINER] [   FXGL.SystemLogger] [JavaFX Application Thread] Resuming main loop
23 Jan 2017, 11:17:31.956 [  FINER] [   FXGL.SystemLogger] [JavaFX Application Thread] Exiting Normally
23 Jan 2017, 11:17:31.967 [  FINER] [   FXGL.SystemLogger] [JavaFX Application Thread] Exiting FXGL
23 Jan 2017, 11:17:31.967 [  FINER] [   FXGL.SystemLogger] [JavaFX Application Thread] Logger is closing
