14 Feb 2017, 11:27:21.420 [   INFO] [   FXGL.SystemLogger] [                     main] System Logger is initialized
14 Feb 2017, 11:27:21.440 [  FINER] [   FXGL.SystemLogger] [                     main] Logging System Info
14 Feb 2017, 11:27:21.440 [  FINER] [   FXGL.SystemLogger] [                     main] CPU cores: 4
14 Feb 2017, 11:27:21.443 [  FINER] [   FXGL.SystemLogger] [                     main] Free Memory: 115MB
14 Feb 2017, 11:27:21.444 [  FINER] [   FXGL.SystemLogger] [                     main] Max Memory: 1796MB
14 Feb 2017, 11:27:21.444 [  FINER] [   FXGL.SystemLogger] [                     main] Total Memory: 123MB
14 Feb 2017, 11:27:21.445 [  FINER] [   FXGL.SystemLogger] [                     main] System Properties:
14 Feb 2017, 11:27:21.447 [  FINER] [   FXGL.SystemLogger] [                     main] sun.cpu.isalist=amd64
14 Feb 2017, 11:27:21.447 [  FINER] [   FXGL.SystemLogger] [                     main] sun.desktop=windows
14 Feb 2017, 11:27:21.447 [  FINER] [   FXGL.SystemLogger] [                     main] sun.io.unicode.encoding=UnicodeLittle
14 Feb 2017, 11:27:21.448 [  FINER] [   FXGL.SystemLogger] [                     main] sun.cpu.endian=little
14 Feb 2017, 11:27:21.448 [  FINER] [   FXGL.SystemLogger] [                     main] java.vendor.url.bug=http://bugreport.sun.com/bugreport/
14 Feb 2017, 11:27:21.449 [  FINER] [   FXGL.SystemLogger] [                     main] file.separator=\
14 Feb 2017, 11:27:21.451 [  FINER] [   FXGL.SystemLogger] [                     main] java.vendor=Oracle Corporation
14 Feb 2017, 11:27:21.451 [  FINER] [   FXGL.SystemLogger] [                     main] sun.boot.class.path=C:\Program Files\Java\jdk1.8.0_60\jre\lib\resources.jar;C:\Program Files\Java\jdk1.8.0_60\jre\lib\rt.jar;C:\Program Files\Java\jdk1.8.0_60\jre\lib\sunrsasign.jar;C:\Program Files\Java\jdk1.8.0_60\jre\lib\jsse.jar;C:\Program Files\Java\jdk1.8.0_60\jre\lib\jce.jar;C:\Program Files\Java\jdk1.8.0_60\jre\lib\charsets.jar;C:\Program Files\Java\jdk1.8.0_60\jre\lib\jfr.jar;C:\Program Files\Java\jdk1.8.0_60\jre\classes
14 Feb 2017, 11:27:21.453 [  FINER] [   FXGL.SystemLogger] [                     main] java.ext.dirs=C:\Program Files\Java\jdk1.8.0_60\jre\lib\ext;C:\WINDOWS\Sun\Java\lib\ext
14 Feb 2017, 11:27:21.454 [  FINER] [   FXGL.SystemLogger] [                     main] java.version=1.8.0_60
14 Feb 2017, 11:27:21.455 [  FINER] [   FXGL.SystemLogger] [                     main] java.vm.info=mixed mode
14 Feb 2017, 11:27:21.456 [  FINER] [   FXGL.SystemLogger] [                     main] awt.toolkit=sun.awt.windows.WToolkit
14 Feb 2017, 11:27:21.456 [  FINER] [   FXGL.SystemLogger] [                     main] user.language=en
14 Feb 2017, 11:27:21.457 [  FINER] [   FXGL.SystemLogger] [                     main] java.specification.vendor=Oracle Corporation
14 Feb 2017, 11:27:21.457 [  FINER] [   FXGL.SystemLogger] [                     main] sun.java.command=com.intellij.rt.execution.application.AppMain com.gamedesign.pacman.PacmanApp
14 Feb 2017, 11:27:21.458 [  FINER] [   FXGL.SystemLogger] [                     main] java.home=C:\Program Files\Java\jdk1.8.0_60\jre
14 Feb 2017, 11:27:21.458 [  FINER] [   FXGL.SystemLogger] [                     main] sun.arch.data.model=64
14 Feb 2017, 11:27:21.459 [  FINER] [   FXGL.SystemLogger] [                     main] java.vm.specification.version=1.8
14 Feb 2017, 11:27:21.460 [  FINER] [   FXGL.SystemLogger] [                     main] java.class.path=C:\Program Files\Java\jdk1.8.0_60\jre\lib\charsets.jar;C:\Program Files\Java\jdk1.8.0_60\jre\lib\deploy.jar;C:\Program Files\Java\jdk1.8.0_60\jre\lib\ext\access-bridge-64.jar;C:\Program Files\Java\jdk1.8.0_60\jre\lib\ext\cldrdata.jar;C:\Program Files\Java\jdk1.8.0_60\jre\lib\ext\dnsns.jar;C:\Program Files\Java\jdk1.8.0_60\jre\lib\ext\jaccess.jar;C:\Program Files\Java\jdk1.8.0_60\jre\lib\ext\jfxrt.jar;C:\Program Files\Java\jdk1.8.0_60\jre\lib\ext\localedata.jar;C:\Program Files\Java\jdk1.8.0_60\jre\lib\ext\nashorn.jar;C:\Program Files\Java\jdk1.8.0_60\jre\lib\ext\sunec.jar;C:\Program Files\Java\jdk1.8.0_60\jre\lib\ext\sunjce_provider.jar;C:\Program Files\Java\jdk1.8.0_60\jre\lib\ext\sunmscapi.jar;C:\Program Files\Java\jdk1.8.0_60\jre\lib\ext\sunpkcs11.jar;C:\Program Files\Java\jdk1.8.0_60\jre\lib\ext\zipfs.jar;C:\Program Files\Java\jdk1.8.0_60\jre\lib\javaws.jar;C:\Program Files\Java\jdk1.8.0_60\jre\lib\jce.jar;C:\Program Files\Java\jdk1.8.0_60\jre\lib\jfr.jar;C:\Program Files\Java\jdk1.8.0_60\jre\lib\jfxswt.jar;C:\Program Files\Java\jdk1.8.0_60\jre\lib\jsse.jar;C:\Program Files\Java\jdk1.8.0_60\jre\lib\management-agent.jar;C:\Program Files\Java\jdk1.8.0_60\jre\lib\plugin.jar;C:\Program Files\Java\jdk1.8.0_60\jre\lib\resources.jar;C:\Program Files\Java\jdk1.8.0_60\jre\lib\rt.jar;C:\Computer Science\Game Design\3rd\Pacman\out\production\Pacman;C:\Computer Science\Game Design\3rd\Pacman\lib\fxgl-0.2.9-uber.jar;C:\Program Files (x86)\JetBrains\IntelliJ IDEA Community Edition 15.0.3\lib\idea_rt.jar
14 Feb 2017, 11:27:21.461 [  FINER] [   FXGL.SystemLogger] [                     main] user.name=hwe10174
14 Feb 2017, 11:27:21.463 [  FINER] [   FXGL.SystemLogger] [                     main] file.encoding=UTF-8
14 Feb 2017, 11:27:21.480 [  FINER] [   FXGL.SystemLogger] [                     main] idea.launcher.bin.path=C:\Program Files (x86)\JetBrains\IntelliJ IDEA Community Edition 15.0.3\bin
14 Feb 2017, 11:27:21.480 [  FINER] [   FXGL.SystemLogger] [                     main] java.specification.version=1.8
14 Feb 2017, 11:27:21.480 [  FINER] [   FXGL.SystemLogger] [                     main] java.awt.printerjob=sun.awt.windows.WPrinterJob
14 Feb 2017, 11:27:21.481 [  FINER] [   FXGL.SystemLogger] [                     main] user.timezone=America/New_York
14 Feb 2017, 11:27:21.481 [  FINER] [   FXGL.SystemLogger] [                     main] user.home=C:\Users\hwe10174
14 Feb 2017, 11:27:21.481 [  FINER] [   FXGL.SystemLogger] [                     main] os.version=6.1
14 Feb 2017, 11:27:21.482 [  FINER] [   FXGL.SystemLogger] [                     main] sun.management.compiler=HotSpot 64-Bit Tiered Compilers
14 Feb 2017, 11:27:21.482 [  FINER] [   FXGL.SystemLogger] [                     main] java.specification.name=Java Platform API Specification
14 Feb 2017, 11:27:21.482 [  FINER] [   FXGL.SystemLogger] [                     main] java.class.version=52.0
14 Feb 2017, 11:27:21.483 [  FINER] [   FXGL.SystemLogger] [                     main] java.library.path=C:\Program Files\Java\jdk1.8.0_60\bin;C:\WINDOWS\Sun\Java\bin;C:\WINDOWS\system32;C:\WINDOWS;C:\WINDOWS\system32;C:\WINDOWS;C:\WINDOWS\System32\Wbem;C:\WINDOWS\System32\WindowsPowerShell\v1.0\;C:\Program Files (x86)\QuickTime\QTSystem\;C:\Program Files (x86)\Common Files\Netop\;C:\Program Files (x86)\Netop\Vision\XL\;C:\Program Files\Intel\WiFi\bin\;C:\Program Files\Common Files\Intel\WirelessCommon\;C:\WINDOWS\system32;C:\WINDOWS;C:\WINDOWS\System32\Wbem;C:\WINDOWS\System32\WindowsPowerShell\v1.0\;C:\Program Files (x86)\QuickTime\QTSystem\;C:\Program Files (x86)\Common Files\Netop\;C:\Program Files (x86)\Netop\Vision\XL\;C:\Program Files\Intel\WiFi\bin\;C:\Program Files\Common Files\Intel\WirelessCommon\;C:\Program Files\Java\jdk1.8.0_60\bin;C:\Users\hwe10174\AppData\Local\Programs\Git\cmd;C:\Users\hwe10174\Downloads\gradle-3.1\bin;.
14 Feb 2017, 11:27:21.483 [  FINER] [   FXGL.SystemLogger] [                     main] sun.jnu.encoding=Cp1252
14 Feb 2017, 11:27:21.483 [  FINER] [   FXGL.SystemLogger] [                     main] os.name=Windows 7
14 Feb 2017, 11:27:21.483 [  FINER] [   FXGL.SystemLogger] [                     main] user.variant=
14 Feb 2017, 11:27:21.486 [  FINER] [   FXGL.SystemLogger] [                     main] java.vm.specification.vendor=Oracle Corporation
14 Feb 2017, 11:27:21.487 [  FINER] [   FXGL.SystemLogger] [                     main] java.io.tmpdir=C:\Users\hwe10174\AppData\Local\Temp\
14 Feb 2017, 11:27:21.487 [  FINER] [   FXGL.SystemLogger] [                     main] line.separator=

14 Feb 2017, 11:27:21.487 [  FINER] [   FXGL.SystemLogger] [                     main] java.endorsed.dirs=C:\Program Files\Java\jdk1.8.0_60\jre\lib\endorsed
14 Feb 2017, 11:27:21.488 [  FINER] [   FXGL.SystemLogger] [                     main] os.arch=amd64
14 Feb 2017, 11:27:21.490 [  FINER] [   FXGL.SystemLogger] [                     main] java.awt.graphicsenv=sun.awt.Win32GraphicsEnvironment
14 Feb 2017, 11:27:21.490 [  FINER] [   FXGL.SystemLogger] [                     main] java.runtime.version=1.8.0_60-b27
14 Feb 2017, 11:27:21.493 [  FINER] [   FXGL.SystemLogger] [                     main] java.vm.specification.name=Java Virtual Machine Specification
14 Feb 2017, 11:27:21.494 [  FINER] [   FXGL.SystemLogger] [                     main] user.dir=C:\Computer Science\Game Design\3rd\Pacman
14 Feb 2017, 11:27:21.499 [  FINER] [   FXGL.SystemLogger] [                     main] user.country=US
14 Feb 2017, 11:27:21.500 [  FINER] [   FXGL.SystemLogger] [                     main] user.script=
14 Feb 2017, 11:27:21.500 [  FINER] [   FXGL.SystemLogger] [                     main] sun.java.launcher=SUN_STANDARD
14 Feb 2017, 11:27:21.500 [  FINER] [   FXGL.SystemLogger] [                     main] sun.os.patch.level=Service Pack 1
14 Feb 2017, 11:27:21.501 [  FINER] [   FXGL.SystemLogger] [                     main] idea.launcher.port=7538
14 Feb 2017, 11:27:21.501 [  FINER] [   FXGL.SystemLogger] [                     main] java.vm.name=Java HotSpot(TM) 64-Bit Server VM
14 Feb 2017, 11:27:21.501 [  FINER] [   FXGL.SystemLogger] [                     main] file.encoding.pkg=sun.io
14 Feb 2017, 11:27:21.502 [  FINER] [   FXGL.SystemLogger] [                     main] path.separator=;
14 Feb 2017, 11:27:21.502 [  FINER] [   FXGL.SystemLogger] [                     main] java.vm.vendor=Oracle Corporation
14 Feb 2017, 11:27:21.502 [  FINER] [   FXGL.SystemLogger] [                     main] java.vendor.url=http://java.oracle.com/
14 Feb 2017, 11:27:21.503 [  FINER] [   FXGL.SystemLogger] [                     main] sun.boot.library.path=C:\Program Files\Java\jdk1.8.0_60\jre\bin
14 Feb 2017, 11:27:21.503 [  FINER] [   FXGL.SystemLogger] [                     main] java.vm.version=25.60-b23
14 Feb 2017, 11:27:21.503 [  FINER] [   FXGL.SystemLogger] [                     main] java.runtime.name=Java(TM) SE Runtime Environment
14 Feb 2017, 11:27:21.508 [   INFO] [   FXGL.SystemLogger] [                     main] FXGL-0.2.9
14 Feb 2017, 11:27:21.509 [   INFO] [   FXGL.SystemLogger] [                     main] Source code and latest versions at: https://github.com/AlmasB/FXGL
14 Feb 2017, 11:27:21.510 [   INFO] [   FXGL.SystemLogger] [                     main]              Join the FXGL chat at: https://gitter.im/AlmasB/FXGL
14 Feb 2017, 11:27:21.713 [  FINER] [   FXGL.SystemLogger] [JavaFX Application Thread] Starting JavaFX
14 Feb 2017, 11:27:21.715 [  FINER] [   FXGL.SystemLogger] [          JavaFX-Launcher] Initializing FXGL
14 Feb 2017, 11:27:21.748 [  FINER] [   FXGL.SystemLogger] [JavaFX Application Thread] Starting FXGL
14 Feb 2017, 11:27:22.133 [  FINER] [   FXGL.SystemLogger] [     FXGL Launcher Thread] Configuring FXGL
14 Feb 2017, 11:27:22.134 [  FINER] [   FXGL.SystemLogger] [     FXGL Launcher Thread] Initializing system properties
14 Feb 2017, 11:27:22.213 [  FINER] [   FXGL.SystemLogger] [     FXGL Launcher Thread] sound.notification = system/notification.wav
14 Feb 2017, 11:27:22.214 [  FINER] [   FXGL.SystemLogger] [     FXGL Launcher Thread] url.storage = https://raw.githubusercontent.com/AlmasB/git-server/master/storage/
14 Feb 2017, 11:27:22.214 [  FINER] [   FXGL.SystemLogger] [     FXGL Launcher Thread] asset.cache.size = 35
14 Feb 2017, 11:27:22.214 [  FINER] [   FXGL.SystemLogger] [     FXGL Launcher Thread] fs.profiledir = profiles/
14 Feb 2017, 11:27:22.215 [  FINER] [   FXGL.SystemLogger] [     FXGL Launcher Thread] url.pom = https://raw.githubusercontent.com/AlmasB/FXGL/master/pom.xml
14 Feb 2017, 11:27:22.215 [  FINER] [   FXGL.SystemLogger] [     FXGL Launcher Thread] dev.showbbox = false
14 Feb 2017, 11:27:22.217 [  FINER] [   FXGL.SystemLogger] [     FXGL Launcher Thread] fs.datafile.ext = .dat
14 Feb 2017, 11:27:22.218 [  FINER] [   FXGL.SystemLogger] [     FXGL Launcher Thread] sound.menu.back = menu/back.wav
14 Feb 2017, 11:27:22.218 [  FINER] [   FXGL.SystemLogger] [     FXGL Launcher Thread] sound.menu.select = menu/select.wav
14 Feb 2017, 11:27:22.218 [  FINER] [   FXGL.SystemLogger] [     FXGL Launcher Thread] url.github = https://github.com/AlmasB/FXGL
14 Feb 2017, 11:27:22.219 [  FINER] [   FXGL.SystemLogger] [     FXGL Launcher Thread] url.surveymonkey = https://www.surveymonkey.co.uk/r/BH6LLPM
14 Feb 2017, 11:27:22.219 [  FINER] [   FXGL.SystemLogger] [     FXGL Launcher Thread] physics.ppm = 50.0
14 Feb 2017, 11:27:22.220 [  FINER] [   FXGL.SystemLogger] [     FXGL Launcher Thread] ui.css = fxgl.css
14 Feb 2017, 11:27:22.220 [  FINER] [   FXGL.SystemLogger] [     FXGL Launcher Thread] version.check.days = 7
14 Feb 2017, 11:27:22.220 [  FINER] [   FXGL.SystemLogger] [     FXGL Launcher Thread] fs.savefile.ext = .sav
14 Feb 2017, 11:27:22.221 [  FINER] [   FXGL.SystemLogger] [     FXGL Launcher Thread] pooling.initialSize = 128
14 Feb 2017, 11:27:22.221 [  FINER] [   FXGL.SystemLogger] [     FXGL Launcher Thread] ui.font = Copperplate_Gothic_Light_Regular.ttf
14 Feb 2017, 11:27:22.221 [  FINER] [   FXGL.SystemLogger] [     FXGL Launcher Thread] fs.savedir = saves/
14 Feb 2017, 11:27:22.222 [  FINER] [   FXGL.SystemLogger] [     FXGL Launcher Thread] fs.profilename = user.profile
14 Feb 2017, 11:27:22.222 [  FINER] [   FXGL.SystemLogger] [     FXGL Launcher Thread] ui.icon.name = fxgl_icon.png
14 Feb 2017, 11:27:22.222 [  FINER] [   FXGL.SystemLogger] [     FXGL Launcher Thread] url.googleforms = https://goo.gl/forms/6wrMnOBxTE1fEpOy2
14 Feb 2017, 11:27:22.222 [  FINER] [   FXGL.SystemLogger] [     FXGL Launcher Thread] sound.menu.press = menu/press.wav
14 Feb 2017, 11:27:22.223 [  FINER] [   FXGL.SystemLogger] [     FXGL Launcher Thread] Initializing user properties
14 Feb 2017, 11:27:22.223 [   INFO] [   FXGL.SystemLogger] [     FXGL Launcher Thread] User properties not found. Using system
14 Feb 2017, 11:27:22.224 [  FINER] [   FXGL.SystemLogger] [     FXGL Launcher Thread] Initializing app settings
14 Feb 2017, 11:27:22.239 [  FINER] [   FXGL.SystemLogger] [     FXGL Launcher Thread] Logging settings
Title: Pacman
Version: 0.1
Width: 960
Height: 840
Fullscreen: false
Intro: false
Menus: false
Profiling: false
App Mode: DEVELOPER
Menu Style: FXGL_DEFAULT
Menu Key: ESCAPE
Services: []
14 Feb 2017, 11:27:23.371 [  FINER] [   FXGL.SystemLogger] [     FXGL Launcher Thread] FXGL configuration complete
14 Feb 2017, 11:27:23.371 [   INFO] [   FXGL.SystemLogger] [     FXGL Launcher Thread] FXGL configuration took:  1.237 sec
14 Feb 2017, 11:27:23.373 [  FINER] [   FXGL.SystemLogger] [JavaFX Application Thread] Running task: UpdaterTask
14 Feb 2017, 11:27:24.714 [  FINER] [   FXGL.SystemLogger] [     FXGL Launcher Thread] Running task: PreInitTask
14 Feb 2017, 11:27:24.806 [  FINER] [   FXGL.SystemLogger] [     FXGL Launcher Thread] Running task: InitScenesTask
14 Feb 2017, 11:27:24.916 [  FINER] [   FXGL.SystemLogger] [     FXGL Launcher Thread] Running task: InitEventHandlersTask
14 Feb 2017, 11:27:24.948 [  FINER] [   FXGL.SystemLogger] [     FXGL Launcher Thread] Running task: InitProfilerTask
14 Feb 2017, 11:27:24.952 [  FINER] [   FXGL.SystemLogger] [     FXGL Launcher Thread] Pausing main loop
14 Feb 2017, 11:27:24.956 [  FINER] [   FXGL.SystemLogger] [     FXGL Launcher Thread] Resetting FXGL application
14 Feb 2017, 11:27:25.063 [   INFO] [   FXGL.SystemLogger] [     FXGL Launcher Thread] Game configuration took:  0.348 sec
14 Feb 2017, 11:27:25.529 [   INFO] [   FXGL.SystemLogger] [ FXGL Background Thread 1] Game initialization took: 0.466 sec
14 Feb 2017, 11:27:25.530 [  FINER] [   FXGL.SystemLogger] [JavaFX Application Thread] Resuming main loop
14 Feb 2017, 11:27:37.108 [  FINER] [   FXGL.SystemLogger] [JavaFX Application Thread] Pausing main loop
14 Feb 2017, 11:27:38.582 [  FINER] [   FXGL.SystemLogger] [JavaFX Application Thread] Exiting Normally
14 Feb 2017, 11:27:38.594 [  FINER] [   FXGL.SystemLogger] [JavaFX Application Thread] Exiting FXGL
14 Feb 2017, 11:27:38.594 [  FINER] [   FXGL.SystemLogger] [JavaFX Application Thread] Logger is closing
