19 Jan 2017, 10:43:59.551 [   INFO] [   FXGL.SystemLogger] [                     main] System Logger is initialized
19 Jan 2017, 10:43:59.588 [  FINER] [   FXGL.SystemLogger] [                     main] Logging System Info
19 Jan 2017, 10:43:59.588 [  FINER] [   FXGL.SystemLogger] [                     main] CPU cores: 4
19 Jan 2017, 10:43:59.594 [  FINER] [   FXGL.SystemLogger] [                     main] Free Memory: 115MB
19 Jan 2017, 10:43:59.594 [  FINER] [   FXGL.SystemLogger] [                     main] Max Memory: 1796MB
19 Jan 2017, 10:43:59.595 [  FINER] [   FXGL.SystemLogger] [                     main] Total Memory: 123MB
19 Jan 2017, 10:43:59.596 [  FINER] [   FXGL.SystemLogger] [                     main] System Properties:
19 Jan 2017, 10:43:59.598 [  FINER] [   FXGL.SystemLogger] [                     main] sun.cpu.isalist=amd64
19 Jan 2017, 10:43:59.598 [  FINER] [   FXGL.SystemLogger] [                     main] sun.desktop=windows
19 Jan 2017, 10:43:59.599 [  FINER] [   FXGL.SystemLogger] [                     main] sun.io.unicode.encoding=UnicodeLittle
19 Jan 2017, 10:43:59.599 [  FINER] [   FXGL.SystemLogger] [                     main] sun.cpu.endian=little
19 Jan 2017, 10:43:59.599 [  FINER] [   FXGL.SystemLogger] [                     main] java.vendor.url.bug=http://bugreport.sun.com/bugreport/
19 Jan 2017, 10:43:59.600 [  FINER] [   FXGL.SystemLogger] [                     main] file.separator=\
19 Jan 2017, 10:43:59.600 [  FINER] [   FXGL.SystemLogger] [                     main] java.vendor=Oracle Corporation
19 Jan 2017, 10:43:59.601 [  FINER] [   FXGL.SystemLogger] [                     main] sun.boot.class.path=C:\Program Files\Java\jdk1.8.0_60\jre\lib\resources.jar;C:\Program Files\Java\jdk1.8.0_60\jre\lib\rt.jar;C:\Program Files\Java\jdk1.8.0_60\jre\lib\sunrsasign.jar;C:\Program Files\Java\jdk1.8.0_60\jre\lib\jsse.jar;C:\Program Files\Java\jdk1.8.0_60\jre\lib\jce.jar;C:\Program Files\Java\jdk1.8.0_60\jre\lib\charsets.jar;C:\Program Files\Java\jdk1.8.0_60\jre\lib\jfr.jar;C:\Program Files\Java\jdk1.8.0_60\jre\classes
19 Jan 2017, 10:43:59.601 [  FINER] [   FXGL.SystemLogger] [                     main] java.ext.dirs=C:\Program Files\Java\jdk1.8.0_60\jre\lib\ext;C:\WINDOWS\Sun\Java\lib\ext
19 Jan 2017, 10:43:59.601 [  FINER] [   FXGL.SystemLogger] [                     main] java.version=1.8.0_60
19 Jan 2017, 10:43:59.602 [  FINER] [   FXGL.SystemLogger] [                     main] java.vm.info=mixed mode
19 Jan 2017, 10:43:59.602 [  FINER] [   FXGL.SystemLogger] [                     main] awt.toolkit=sun.awt.windows.WToolkit
19 Jan 2017, 10:43:59.603 [  FINER] [   FXGL.SystemLogger] [                     main] user.language=en
19 Jan 2017, 10:43:59.603 [  FINER] [   FXGL.SystemLogger] [                     main] java.specification.vendor=Oracle Corporation
19 Jan 2017, 10:43:59.603 [  FINER] [   FXGL.SystemLogger] [                     main] sun.java.command=com.intellij.rt.execution.application.AppMain com.gamedesign.pacman.PacmanApp
19 Jan 2017, 10:43:59.603 [  FINER] [   FXGL.SystemLogger] [                     main] java.home=C:\Program Files\Java\jdk1.8.0_60\jre
19 Jan 2017, 10:43:59.604 [  FINER] [   FXGL.SystemLogger] [                     main] sun.arch.data.model=64
19 Jan 2017, 10:43:59.604 [  FINER] [   FXGL.SystemLogger] [                     main] java.vm.specification.version=1.8
19 Jan 2017, 10:43:59.604 [  FINER] [   FXGL.SystemLogger] [                     main] java.class.path=C:\Program Files\Java\jdk1.8.0_60\jre\lib\charsets.jar;C:\Program Files\Java\jdk1.8.0_60\jre\lib\deploy.jar;C:\Program Files\Java\jdk1.8.0_60\jre\lib\ext\access-bridge-64.jar;C:\Program Files\Java\jdk1.8.0_60\jre\lib\ext\cldrdata.jar;C:\Program Files\Java\jdk1.8.0_60\jre\lib\ext\dnsns.jar;C:\Program Files\Java\jdk1.8.0_60\jre\lib\ext\jaccess.jar;C:\Program Files\Java\jdk1.8.0_60\jre\lib\ext\jfxrt.jar;C:\Program Files\Java\jdk1.8.0_60\jre\lib\ext\localedata.jar;C:\Program Files\Java\jdk1.8.0_60\jre\lib\ext\nashorn.jar;C:\Program Files\Java\jdk1.8.0_60\jre\lib\ext\sunec.jar;C:\Program Files\Java\jdk1.8.0_60\jre\lib\ext\sunjce_provider.jar;C:\Program Files\Java\jdk1.8.0_60\jre\lib\ext\sunmscapi.jar;C:\Program Files\Java\jdk1.8.0_60\jre\lib\ext\sunpkcs11.jar;C:\Program Files\Java\jdk1.8.0_60\jre\lib\ext\zipfs.jar;C:\Program Files\Java\jdk1.8.0_60\jre\lib\javaws.jar;C:\Program Files\Java\jdk1.8.0_60\jre\lib\jce.jar;C:\Program Files\Java\jdk1.8.0_60\jre\lib\jfr.jar;C:\Program Files\Java\jdk1.8.0_60\jre\lib\jfxswt.jar;C:\Program Files\Java\jdk1.8.0_60\jre\lib\jsse.jar;C:\Program Files\Java\jdk1.8.0_60\jre\lib\management-agent.jar;C:\Program Files\Java\jdk1.8.0_60\jre\lib\plugin.jar;C:\Program Files\Java\jdk1.8.0_60\jre\lib\resources.jar;C:\Program Files\Java\jdk1.8.0_60\jre\lib\rt.jar;C:\Computer Science\Game Design\3rd\Pacman\out\production\Pacman;C:\Computer Science\Game Design\3rd\Pacman\lib\fxgl-0.2.9-uber.jar;C:\Program Files (x86)\JetBrains\IntelliJ IDEA Community Edition 15.0.3\lib\idea_rt.jar
19 Jan 2017, 10:43:59.605 [  FINER] [   FXGL.SystemLogger] [                     main] user.name=hwe10174
19 Jan 2017, 10:43:59.605 [  FINER] [   FXGL.SystemLogger] [                     main] file.encoding=UTF-8
19 Jan 2017, 10:43:59.606 [  FINER] [   FXGL.SystemLogger] [                     main] idea.launcher.bin.path=C:\Program Files (x86)\JetBrains\IntelliJ IDEA Community Edition 15.0.3\bin
19 Jan 2017, 10:43:59.606 [  FINER] [   FXGL.SystemLogger] [                     main] java.specification.version=1.8
19 Jan 2017, 10:43:59.606 [  FINER] [   FXGL.SystemLogger] [                     main] java.awt.printerjob=sun.awt.windows.WPrinterJob
19 Jan 2017, 10:43:59.606 [  FINER] [   FXGL.SystemLogger] [                     main] user.timezone=America/New_York
19 Jan 2017, 10:43:59.607 [  FINER] [   FXGL.SystemLogger] [                     main] user.home=C:\Users\hwe10174
19 Jan 2017, 10:43:59.607 [  FINER] [   FXGL.SystemLogger] [                     main] os.version=6.1
19 Jan 2017, 10:43:59.607 [  FINER] [   FXGL.SystemLogger] [                     main] sun.management.compiler=HotSpot 64-Bit Tiered Compilers
19 Jan 2017, 10:43:59.607 [  FINER] [   FXGL.SystemLogger] [                     main] java.specification.name=Java Platform API Specification
19 Jan 2017, 10:43:59.608 [  FINER] [   FXGL.SystemLogger] [                     main] java.class.version=52.0
19 Jan 2017, 10:43:59.608 [  FINER] [   FXGL.SystemLogger] [                     main] java.library.path=C:\Program Files\Java\jdk1.8.0_60\bin;C:\WINDOWS\Sun\Java\bin;C:\WINDOWS\system32;C:\WINDOWS;C:\WINDOWS\system32;C:\WINDOWS;C:\WINDOWS\System32\Wbem;C:\WINDOWS\System32\WindowsPowerShell\v1.0\;C:\Program Files (x86)\QuickTime\QTSystem\;C:\Program Files (x86)\Common Files\Netop\;C:\Program Files (x86)\Netop\Vision\XL\;C:\Program Files\Intel\WiFi\bin\;C:\Program Files\Common Files\Intel\WirelessCommon\;C:\WINDOWS\system32;C:\WINDOWS;C:\WINDOWS\System32\Wbem;C:\WINDOWS\System32\WindowsPowerShell\v1.0\;C:\Program Files (x86)\QuickTime\QTSystem\;C:\Program Files (x86)\Common Files\Netop\;C:\Program Files (x86)\Netop\Vision\XL\;C:\Program Files\Intel\WiFi\bin\;C:\Program Files\Common Files\Intel\WirelessCommon\;C:\Program Files\Java\jdk1.8.0_60\bin;C:\Users\hwe10174\AppData\Local\Programs\Git\cmd;C:\Users\hwe10174\Downloads\gradle-3.1\bin;.
19 Jan 2017, 10:43:59.608 [  FINER] [   FXGL.SystemLogger] [                     main] sun.jnu.encoding=Cp1252
19 Jan 2017, 10:43:59.608 [  FINER] [   FXGL.SystemLogger] [                     main] os.name=Windows 7
19 Jan 2017, 10:43:59.609 [  FINER] [   FXGL.SystemLogger] [                     main] user.variant=
19 Jan 2017, 10:43:59.609 [  FINER] [   FXGL.SystemLogger] [                     main] java.vm.specification.vendor=Oracle Corporation
19 Jan 2017, 10:43:59.609 [  FINER] [   FXGL.SystemLogger] [                     main] java.io.tmpdir=C:\Users\hwe10174\AppData\Local\Temp\
19 Jan 2017, 10:43:59.609 [  FINER] [   FXGL.SystemLogger] [                     main] line.separator=

19 Jan 2017, 10:43:59.610 [  FINER] [   FXGL.SystemLogger] [                     main] java.endorsed.dirs=C:\Program Files\Java\jdk1.8.0_60\jre\lib\endorsed
19 Jan 2017, 10:43:59.610 [  FINER] [   FXGL.SystemLogger] [                     main] os.arch=amd64
19 Jan 2017, 10:43:59.610 [  FINER] [   FXGL.SystemLogger] [                     main] java.awt.graphicsenv=sun.awt.Win32GraphicsEnvironment
19 Jan 2017, 10:43:59.611 [  FINER] [   FXGL.SystemLogger] [                     main] java.runtime.version=1.8.0_60-b27
19 Jan 2017, 10:43:59.611 [  FINER] [   FXGL.SystemLogger] [                     main] java.vm.specification.name=Java Virtual Machine Specification
19 Jan 2017, 10:43:59.611 [  FINER] [   FXGL.SystemLogger] [                     main] user.dir=C:\Computer Science\Game Design\3rd\Pacman
19 Jan 2017, 10:43:59.611 [  FINER] [   FXGL.SystemLogger] [                     main] user.country=US
19 Jan 2017, 10:43:59.612 [  FINER] [   FXGL.SystemLogger] [                     main] user.script=
19 Jan 2017, 10:43:59.612 [  FINER] [   FXGL.SystemLogger] [                     main] sun.java.launcher=SUN_STANDARD
19 Jan 2017, 10:43:59.612 [  FINER] [   FXGL.SystemLogger] [                     main] sun.os.patch.level=Service Pack 1
19 Jan 2017, 10:43:59.612 [  FINER] [   FXGL.SystemLogger] [                     main] idea.launcher.port=7533
19 Jan 2017, 10:43:59.613 [  FINER] [   FXGL.SystemLogger] [                     main] java.vm.name=Java HotSpot(TM) 64-Bit Server VM
19 Jan 2017, 10:43:59.613 [  FINER] [   FXGL.SystemLogger] [                     main] file.encoding.pkg=sun.io
19 Jan 2017, 10:43:59.613 [  FINER] [   FXGL.SystemLogger] [                     main] path.separator=;
19 Jan 2017, 10:43:59.614 [  FINER] [   FXGL.SystemLogger] [                     main] java.vm.vendor=Oracle Corporation
19 Jan 2017, 10:43:59.614 [  FINER] [   FXGL.SystemLogger] [                     main] java.vendor.url=http://java.oracle.com/
19 Jan 2017, 10:43:59.614 [  FINER] [   FXGL.SystemLogger] [                     main] sun.boot.library.path=C:\Program Files\Java\jdk1.8.0_60\jre\bin
19 Jan 2017, 10:43:59.615 [  FINER] [   FXGL.SystemLogger] [                     main] java.vm.version=25.60-b23
19 Jan 2017, 10:43:59.615 [  FINER] [   FXGL.SystemLogger] [                     main] java.runtime.name=Java(TM) SE Runtime Environment
19 Jan 2017, 10:43:59.628 [   INFO] [   FXGL.SystemLogger] [                     main] FXGL-0.2.9
19 Jan 2017, 10:43:59.629 [   INFO] [   FXGL.SystemLogger] [                     main] Source code and latest versions at: https://github.com/AlmasB/FXGL
19 Jan 2017, 10:43:59.630 [   INFO] [   FXGL.SystemLogger] [                     main]              Join the FXGL chat at: https://gitter.im/AlmasB/FXGL
19 Jan 2017, 10:43:59.847 [  FINER] [   FXGL.SystemLogger] [JavaFX Application Thread] Starting JavaFX
19 Jan 2017, 10:43:59.848 [  FINER] [   FXGL.SystemLogger] [          JavaFX-Launcher] Initializing FXGL
19 Jan 2017, 10:43:59.872 [  FINER] [   FXGL.SystemLogger] [JavaFX Application Thread] Starting FXGL
19 Jan 2017, 10:44:00.409 [  FINER] [   FXGL.SystemLogger] [     FXGL Launcher Thread] Configuring FXGL
19 Jan 2017, 10:44:00.409 [  FINER] [   FXGL.SystemLogger] [     FXGL Launcher Thread] Initializing system properties
19 Jan 2017, 10:44:00.520 [  FINER] [   FXGL.SystemLogger] [     FXGL Launcher Thread] sound.notification = system/notification.wav
19 Jan 2017, 10:44:00.521 [  FINER] [   FXGL.SystemLogger] [     FXGL Launcher Thread] url.storage = https://raw.githubusercontent.com/AlmasB/git-server/master/storage/
19 Jan 2017, 10:44:00.522 [  FINER] [   FXGL.SystemLogger] [     FXGL Launcher Thread] asset.cache.size = 35
19 Jan 2017, 10:44:00.522 [  FINER] [   FXGL.SystemLogger] [     FXGL Launcher Thread] fs.profiledir = profiles/
19 Jan 2017, 10:44:00.523 [  FINER] [   FXGL.SystemLogger] [     FXGL Launcher Thread] url.pom = https://raw.githubusercontent.com/AlmasB/FXGL/master/pom.xml
19 Jan 2017, 10:44:00.523 [  FINER] [   FXGL.SystemLogger] [     FXGL Launcher Thread] dev.showbbox = false
19 Jan 2017, 10:44:00.525 [  FINER] [   FXGL.SystemLogger] [     FXGL Launcher Thread] fs.datafile.ext = .dat
19 Jan 2017, 10:44:00.525 [  FINER] [   FXGL.SystemLogger] [     FXGL Launcher Thread] sound.menu.back = menu/back.wav
19 Jan 2017, 10:44:00.526 [  FINER] [   FXGL.SystemLogger] [     FXGL Launcher Thread] sound.menu.select = menu/select.wav
19 Jan 2017, 10:44:00.527 [  FINER] [   FXGL.SystemLogger] [     FXGL Launcher Thread] url.github = https://github.com/AlmasB/FXGL
19 Jan 2017, 10:44:00.527 [  FINER] [   FXGL.SystemLogger] [     FXGL Launcher Thread] url.surveymonkey = https://www.surveymonkey.co.uk/r/BH6LLPM
19 Jan 2017, 10:44:00.528 [  FINER] [   FXGL.SystemLogger] [     FXGL Launcher Thread] physics.ppm = 50.0
19 Jan 2017, 10:44:00.528 [  FINER] [   FXGL.SystemLogger] [     FXGL Launcher Thread] ui.css = fxgl.css
19 Jan 2017, 10:44:00.528 [  FINER] [   FXGL.SystemLogger] [     FXGL Launcher Thread] version.check.days = 7
19 Jan 2017, 10:44:00.529 [  FINER] [   FXGL.SystemLogger] [     FXGL Launcher Thread] fs.savefile.ext = .sav
19 Jan 2017, 10:44:00.529 [  FINER] [   FXGL.SystemLogger] [     FXGL Launcher Thread] pooling.initialSize = 128
19 Jan 2017, 10:44:00.529 [  FINER] [   FXGL.SystemLogger] [     FXGL Launcher Thread] ui.font = Copperplate_Gothic_Light_Regular.ttf
19 Jan 2017, 10:44:00.530 [  FINER] [   FXGL.SystemLogger] [     FXGL Launcher Thread] fs.savedir = saves/
19 Jan 2017, 10:44:00.530 [  FINER] [   FXGL.SystemLogger] [     FXGL Launcher Thread] fs.profilename = user.profile
19 Jan 2017, 10:44:00.530 [  FINER] [   FXGL.SystemLogger] [     FXGL Launcher Thread] ui.icon.name = fxgl_icon.png
19 Jan 2017, 10:44:00.531 [  FINER] [   FXGL.SystemLogger] [     FXGL Launcher Thread] url.googleforms = https://goo.gl/forms/6wrMnOBxTE1fEpOy2
19 Jan 2017, 10:44:00.531 [  FINER] [   FXGL.SystemLogger] [     FXGL Launcher Thread] sound.menu.press = menu/press.wav
19 Jan 2017, 10:44:00.532 [  FINER] [   FXGL.SystemLogger] [     FXGL Launcher Thread] Initializing user properties
19 Jan 2017, 10:44:00.532 [   INFO] [   FXGL.SystemLogger] [     FXGL Launcher Thread] User properties not found. Using system
19 Jan 2017, 10:44:00.533 [  FINER] [   FXGL.SystemLogger] [     FXGL Launcher Thread] Initializing app settings
19 Jan 2017, 10:44:00.550 [  FINER] [   FXGL.SystemLogger] [     FXGL Launcher Thread] Logging settings
Title: Pacman
Version: 0.1
Width: 1040
Height: 840
Fullscreen: false
Intro: false
Menus: false
Profiling: false
App Mode: DEVELOPER
Menu Style: FXGL_DEFAULT
Menu Key: ESCAPE
Services: []
19 Jan 2017, 10:44:01.869 [  FINER] [   FXGL.SystemLogger] [     FXGL Launcher Thread] FXGL configuration complete
19 Jan 2017, 10:44:01.869 [   INFO] [   FXGL.SystemLogger] [     FXGL Launcher Thread] FXGL configuration took:  1.459 sec
19 Jan 2017, 10:44:01.874 [  FINER] [   FXGL.SystemLogger] [JavaFX Application Thread] Running task: UpdaterTask
19 Jan 2017, 10:44:01.879 [  FINER] [   FXGL.SystemLogger] [     FXGL Launcher Thread] Running task: PreInitTask
19 Jan 2017, 10:44:01.984 [  FINER] [   FXGL.SystemLogger] [     FXGL Launcher Thread] Running task: InitScenesTask
19 Jan 2017, 10:44:02.265 [  FINER] [   FXGL.SystemLogger] [     FXGL Launcher Thread] Running task: InitEventHandlersTask
19 Jan 2017, 10:44:02.310 [  FINER] [   FXGL.SystemLogger] [     FXGL Launcher Thread] Running task: InitProfilerTask
19 Jan 2017, 10:44:02.315 [  FINER] [   FXGL.SystemLogger] [     FXGL Launcher Thread] Pausing main loop
19 Jan 2017, 10:44:02.319 [  FINER] [   FXGL.SystemLogger] [     FXGL Launcher Thread] Resetting FXGL application
19 Jan 2017, 10:44:02.420 [   INFO] [   FXGL.SystemLogger] [     FXGL Launcher Thread] Game configuration took:  0.541 sec
19 Jan 2017, 10:44:02.470 [   INFO] [   FXGL.SystemLogger] [ FXGL Background Thread 1] Game initialization took: 0.049 sec
19 Jan 2017, 10:44:02.627 [  FINER] [   FXGL.SystemLogger] [JavaFX Application Thread] Resuming main loop
19 Jan 2017, 10:44:32.422 [  FINER] [   FXGL.SystemLogger] [JavaFX Application Thread] Pausing main loop
19 Jan 2017, 10:44:33.776 [  FINER] [   FXGL.SystemLogger] [JavaFX Application Thread] Resuming main loop
19 Jan 2017, 10:44:33.778 [  FINER] [   FXGL.SystemLogger] [JavaFX Application Thread] Exiting Normally
19 Jan 2017, 10:44:33.802 [  FINER] [   FXGL.SystemLogger] [JavaFX Application Thread] Exiting FXGL
19 Jan 2017, 10:44:33.803 [  FINER] [   FXGL.SystemLogger] [JavaFX Application Thread] Logger is closing
