16 Feb 2017, 15:07:51.164 [   INFO] [   FXGL.SystemLogger] [                     main] System Logger is initialized
16 Feb 2017, 15:07:51.189 [  FINER] [   FXGL.SystemLogger] [                     main] Logging System Info
16 Feb 2017, 15:07:51.190 [  FINER] [   FXGL.SystemLogger] [                     main] CPU cores: 4
16 Feb 2017, 15:07:51.198 [  FINER] [   FXGL.SystemLogger] [                     main] Free Memory: 115MB
16 Feb 2017, 15:07:51.214 [  FINER] [   FXGL.SystemLogger] [                     main] Max Memory: 1796MB
16 Feb 2017, 15:07:51.230 [  FINER] [   FXGL.SystemLogger] [                     main] Total Memory: 123MB
16 Feb 2017, 15:07:51.230 [  FINER] [   FXGL.SystemLogger] [                     main] System Properties:
16 Feb 2017, 15:07:51.230 [  FINER] [   FXGL.SystemLogger] [                     main] sun.cpu.isalist=amd64
16 Feb 2017, 15:07:51.230 [  FINER] [   FXGL.SystemLogger] [                     main] sun.desktop=windows
16 Feb 2017, 15:07:51.230 [  FINER] [   FXGL.SystemLogger] [                     main] sun.io.unicode.encoding=UnicodeLittle
16 Feb 2017, 15:07:51.230 [  FINER] [   FXGL.SystemLogger] [                     main] sun.cpu.endian=little
16 Feb 2017, 15:07:51.230 [  FINER] [   FXGL.SystemLogger] [                     main] java.vendor.url.bug=http://bugreport.sun.com/bugreport/
16 Feb 2017, 15:07:51.230 [  FINER] [   FXGL.SystemLogger] [                     main] file.separator=\
16 Feb 2017, 15:07:51.230 [  FINER] [   FXGL.SystemLogger] [                     main] java.vendor=Oracle Corporation
16 Feb 2017, 15:07:51.230 [  FINER] [   FXGL.SystemLogger] [                     main] sun.boot.class.path=C:\Program Files\Java\jdk1.8.0_60\jre\lib\resources.jar;C:\Program Files\Java\jdk1.8.0_60\jre\lib\rt.jar;C:\Program Files\Java\jdk1.8.0_60\jre\lib\sunrsasign.jar;C:\Program Files\Java\jdk1.8.0_60\jre\lib\jsse.jar;C:\Program Files\Java\jdk1.8.0_60\jre\lib\jce.jar;C:\Program Files\Java\jdk1.8.0_60\jre\lib\charsets.jar;C:\Program Files\Java\jdk1.8.0_60\jre\lib\jfr.jar;C:\Program Files\Java\jdk1.8.0_60\jre\classes
16 Feb 2017, 15:07:51.230 [  FINER] [   FXGL.SystemLogger] [                     main] java.ext.dirs=C:\Program Files\Java\jdk1.8.0_60\jre\lib\ext;C:\WINDOWS\Sun\Java\lib\ext
16 Feb 2017, 15:07:51.230 [  FINER] [   FXGL.SystemLogger] [                     main] java.version=1.8.0_60
16 Feb 2017, 15:07:51.230 [  FINER] [   FXGL.SystemLogger] [                     main] java.vm.info=mixed mode
16 Feb 2017, 15:07:51.230 [  FINER] [   FXGL.SystemLogger] [                     main] awt.toolkit=sun.awt.windows.WToolkit
16 Feb 2017, 15:07:51.230 [  FINER] [   FXGL.SystemLogger] [                     main] user.language=en
16 Feb 2017, 15:07:51.230 [  FINER] [   FXGL.SystemLogger] [                     main] java.specification.vendor=Oracle Corporation
16 Feb 2017, 15:07:51.230 [  FINER] [   FXGL.SystemLogger] [                     main] sun.java.command=com.intellij.rt.execution.application.AppMain com.gamedesign.pacman.PacmanApp
16 Feb 2017, 15:07:51.230 [  FINER] [   FXGL.SystemLogger] [                     main] java.home=C:\Program Files\Java\jdk1.8.0_60\jre
16 Feb 2017, 15:07:51.230 [  FINER] [   FXGL.SystemLogger] [                     main] sun.arch.data.model=64
16 Feb 2017, 15:07:51.230 [  FINER] [   FXGL.SystemLogger] [                     main] java.vm.specification.version=1.8
16 Feb 2017, 15:07:51.230 [  FINER] [   FXGL.SystemLogger] [                     main] java.class.path=C:\Program Files\Java\jdk1.8.0_60\jre\lib\charsets.jar;C:\Program Files\Java\jdk1.8.0_60\jre\lib\deploy.jar;C:\Program Files\Java\jdk1.8.0_60\jre\lib\ext\access-bridge-64.jar;C:\Program Files\Java\jdk1.8.0_60\jre\lib\ext\cldrdata.jar;C:\Program Files\Java\jdk1.8.0_60\jre\lib\ext\dnsns.jar;C:\Program Files\Java\jdk1.8.0_60\jre\lib\ext\jaccess.jar;C:\Program Files\Java\jdk1.8.0_60\jre\lib\ext\jfxrt.jar;C:\Program Files\Java\jdk1.8.0_60\jre\lib\ext\localedata.jar;C:\Program Files\Java\jdk1.8.0_60\jre\lib\ext\nashorn.jar;C:\Program Files\Java\jdk1.8.0_60\jre\lib\ext\sunec.jar;C:\Program Files\Java\jdk1.8.0_60\jre\lib\ext\sunjce_provider.jar;C:\Program Files\Java\jdk1.8.0_60\jre\lib\ext\sunmscapi.jar;C:\Program Files\Java\jdk1.8.0_60\jre\lib\ext\sunpkcs11.jar;C:\Program Files\Java\jdk1.8.0_60\jre\lib\ext\zipfs.jar;C:\Program Files\Java\jdk1.8.0_60\jre\lib\javaws.jar;C:\Program Files\Java\jdk1.8.0_60\jre\lib\jce.jar;C:\Program Files\Java\jdk1.8.0_60\jre\lib\jfr.jar;C:\Program Files\Java\jdk1.8.0_60\jre\lib\jfxswt.jar;C:\Program Files\Java\jdk1.8.0_60\jre\lib\jsse.jar;C:\Program Files\Java\jdk1.8.0_60\jre\lib\management-agent.jar;C:\Program Files\Java\jdk1.8.0_60\jre\lib\plugin.jar;C:\Program Files\Java\jdk1.8.0_60\jre\lib\resources.jar;C:\Program Files\Java\jdk1.8.0_60\jre\lib\rt.jar;C:\Computer Science\Game Design\3rd\Pacman\out\production\Pacman;C:\Computer Science\Game Design\3rd\Pacman\lib\fxgl-0.2.9-uber.jar;C:\Program Files (x86)\JetBrains\IntelliJ IDEA Community Edition 15.0.3\lib\idea_rt.jar
16 Feb 2017, 15:07:51.230 [  FINER] [   FXGL.SystemLogger] [                     main] user.name=hwe10174
16 Feb 2017, 15:07:51.230 [  FINER] [   FXGL.SystemLogger] [                     main] file.encoding=UTF-8
16 Feb 2017, 15:07:51.230 [  FINER] [   FXGL.SystemLogger] [                     main] idea.launcher.bin.path=C:\Program Files (x86)\JetBrains\IntelliJ IDEA Community Edition 15.0.3\bin
16 Feb 2017, 15:07:51.230 [  FINER] [   FXGL.SystemLogger] [                     main] java.specification.version=1.8
16 Feb 2017, 15:07:51.230 [  FINER] [   FXGL.SystemLogger] [                     main] java.awt.printerjob=sun.awt.windows.WPrinterJob
16 Feb 2017, 15:07:51.230 [  FINER] [   FXGL.SystemLogger] [                     main] user.timezone=America/New_York
16 Feb 2017, 15:07:51.230 [  FINER] [   FXGL.SystemLogger] [                     main] user.home=C:\Users\hwe10174
16 Feb 2017, 15:07:51.230 [  FINER] [   FXGL.SystemLogger] [                     main] os.version=6.1
16 Feb 2017, 15:07:51.230 [  FINER] [   FXGL.SystemLogger] [                     main] sun.management.compiler=HotSpot 64-Bit Tiered Compilers
16 Feb 2017, 15:07:51.230 [  FINER] [   FXGL.SystemLogger] [                     main] java.specification.name=Java Platform API Specification
16 Feb 2017, 15:07:51.231 [  FINER] [   FXGL.SystemLogger] [                     main] java.class.version=52.0
16 Feb 2017, 15:07:51.231 [  FINER] [   FXGL.SystemLogger] [                     main] java.library.path=C:\Program Files\Java\jdk1.8.0_60\bin;C:\WINDOWS\Sun\Java\bin;C:\WINDOWS\system32;C:\WINDOWS;C:\WINDOWS\system32;C:\WINDOWS;C:\WINDOWS\System32\Wbem;C:\WINDOWS\System32\WindowsPowerShell\v1.0\;C:\Program Files (x86)\QuickTime\QTSystem\;C:\Program Files (x86)\Common Files\Netop\;C:\Program Files (x86)\Netop\Vision\XL\;C:\Program Files\Intel\WiFi\bin\;C:\Program Files\Common Files\Intel\WirelessCommon\;C:\WINDOWS\system32;C:\WINDOWS;C:\WINDOWS\System32\Wbem;C:\WINDOWS\System32\WindowsPowerShell\v1.0\;C:\Program Files (x86)\QuickTime\QTSystem\;C:\Program Files (x86)\Common Files\Netop\;C:\Program Files (x86)\Netop\Vision\XL\;C:\Program Files\Intel\WiFi\bin\;C:\Program Files\Common Files\Intel\WirelessCommon\;C:\Program Files\Java\jdk1.8.0_60\bin;C:\Users\hwe10174\AppData\Local\Programs\Git\cmd;C:\Users\hwe10174\Downloads\gradle-3.1\bin;.
16 Feb 2017, 15:07:51.231 [  FINER] [   FXGL.SystemLogger] [                     main] sun.jnu.encoding=Cp1252
16 Feb 2017, 15:07:51.231 [  FINER] [   FXGL.SystemLogger] [                     main] os.name=Windows 7
16 Feb 2017, 15:07:51.231 [  FINER] [   FXGL.SystemLogger] [                     main] user.variant=
16 Feb 2017, 15:07:51.231 [  FINER] [   FXGL.SystemLogger] [                     main] java.vm.specification.vendor=Oracle Corporation
16 Feb 2017, 15:07:51.231 [  FINER] [   FXGL.SystemLogger] [                     main] java.io.tmpdir=C:\Users\hwe10174\AppData\Local\Temp\
16 Feb 2017, 15:07:51.231 [  FINER] [   FXGL.SystemLogger] [                     main] line.separator=

16 Feb 2017, 15:07:51.231 [  FINER] [   FXGL.SystemLogger] [                     main] java.endorsed.dirs=C:\Program Files\Java\jdk1.8.0_60\jre\lib\endorsed
16 Feb 2017, 15:07:51.231 [  FINER] [   FXGL.SystemLogger] [                     main] os.arch=amd64
16 Feb 2017, 15:07:51.231 [  FINER] [   FXGL.SystemLogger] [                     main] java.awt.graphicsenv=sun.awt.Win32GraphicsEnvironment
16 Feb 2017, 15:07:51.231 [  FINER] [   FXGL.SystemLogger] [                     main] java.runtime.version=1.8.0_60-b27
16 Feb 2017, 15:07:51.231 [  FINER] [   FXGL.SystemLogger] [                     main] java.vm.specification.name=Java Virtual Machine Specification
16 Feb 2017, 15:07:51.231 [  FINER] [   FXGL.SystemLogger] [                     main] user.dir=C:\Computer Science\Game Design\3rd\Pacman
16 Feb 2017, 15:07:51.231 [  FINER] [   FXGL.SystemLogger] [                     main] user.country=US
16 Feb 2017, 15:07:51.231 [  FINER] [   FXGL.SystemLogger] [                     main] user.script=
16 Feb 2017, 15:07:51.231 [  FINER] [   FXGL.SystemLogger] [                     main] sun.java.launcher=SUN_STANDARD
16 Feb 2017, 15:07:51.231 [  FINER] [   FXGL.SystemLogger] [                     main] sun.os.patch.level=Service Pack 1
16 Feb 2017, 15:07:51.231 [  FINER] [   FXGL.SystemLogger] [                     main] idea.launcher.port=7545
16 Feb 2017, 15:07:51.231 [  FINER] [   FXGL.SystemLogger] [                     main] java.vm.name=Java HotSpot(TM) 64-Bit Server VM
16 Feb 2017, 15:07:51.231 [  FINER] [   FXGL.SystemLogger] [                     main] file.encoding.pkg=sun.io
16 Feb 2017, 15:07:51.231 [  FINER] [   FXGL.SystemLogger] [                     main] path.separator=;
16 Feb 2017, 15:07:51.231 [  FINER] [   FXGL.SystemLogger] [                     main] java.vm.vendor=Oracle Corporation
16 Feb 2017, 15:07:51.231 [  FINER] [   FXGL.SystemLogger] [                     main] java.vendor.url=http://java.oracle.com/
16 Feb 2017, 15:07:51.231 [  FINER] [   FXGL.SystemLogger] [                     main] sun.boot.library.path=C:\Program Files\Java\jdk1.8.0_60\jre\bin
16 Feb 2017, 15:07:51.231 [  FINER] [   FXGL.SystemLogger] [                     main] java.vm.version=25.60-b23
16 Feb 2017, 15:07:51.231 [  FINER] [   FXGL.SystemLogger] [                     main] java.runtime.name=Java(TM) SE Runtime Environment
16 Feb 2017, 15:07:51.242 [   INFO] [   FXGL.SystemLogger] [                     main] FXGL-0.2.9
16 Feb 2017, 15:07:51.243 [   INFO] [   FXGL.SystemLogger] [                     main] Source code and latest versions at: https://github.com/AlmasB/FXGL
16 Feb 2017, 15:07:51.243 [   INFO] [   FXGL.SystemLogger] [                     main]              Join the FXGL chat at: https://gitter.im/AlmasB/FXGL
16 Feb 2017, 15:07:51.471 [  FINER] [   FXGL.SystemLogger] [JavaFX Application Thread] Starting JavaFX
16 Feb 2017, 15:07:51.472 [  FINER] [   FXGL.SystemLogger] [          JavaFX-Launcher] Initializing FXGL
16 Feb 2017, 15:07:51.504 [  FINER] [   FXGL.SystemLogger] [JavaFX Application Thread] Starting FXGL
16 Feb 2017, 15:07:52.030 [  FINER] [   FXGL.SystemLogger] [     FXGL Launcher Thread] Configuring FXGL
16 Feb 2017, 15:07:52.031 [  FINER] [   FXGL.SystemLogger] [     FXGL Launcher Thread] Initializing system properties
16 Feb 2017, 15:07:52.115 [  FINER] [   FXGL.SystemLogger] [     FXGL Launcher Thread] sound.notification = system/notification.wav
16 Feb 2017, 15:07:52.115 [  FINER] [   FXGL.SystemLogger] [     FXGL Launcher Thread] url.storage = https://raw.githubusercontent.com/AlmasB/git-server/master/storage/
16 Feb 2017, 15:07:52.116 [  FINER] [   FXGL.SystemLogger] [     FXGL Launcher Thread] asset.cache.size = 35
16 Feb 2017, 15:07:52.116 [  FINER] [   FXGL.SystemLogger] [     FXGL Launcher Thread] fs.profiledir = profiles/
16 Feb 2017, 15:07:52.118 [  FINER] [   FXGL.SystemLogger] [     FXGL Launcher Thread] url.pom = https://raw.githubusercontent.com/AlmasB/FXGL/master/pom.xml
16 Feb 2017, 15:07:52.118 [  FINER] [   FXGL.SystemLogger] [     FXGL Launcher Thread] dev.showbbox = false
16 Feb 2017, 15:07:52.119 [  FINER] [   FXGL.SystemLogger] [     FXGL Launcher Thread] fs.datafile.ext = .dat
16 Feb 2017, 15:07:52.120 [  FINER] [   FXGL.SystemLogger] [     FXGL Launcher Thread] sound.menu.back = menu/back.wav
16 Feb 2017, 15:07:52.121 [  FINER] [   FXGL.SystemLogger] [     FXGL Launcher Thread] sound.menu.select = menu/select.wav
16 Feb 2017, 15:07:52.122 [  FINER] [   FXGL.SystemLogger] [     FXGL Launcher Thread] url.github = https://github.com/AlmasB/FXGL
16 Feb 2017, 15:07:52.126 [  FINER] [   FXGL.SystemLogger] [     FXGL Launcher Thread] url.surveymonkey = https://www.surveymonkey.co.uk/r/BH6LLPM
16 Feb 2017, 15:07:52.127 [  FINER] [   FXGL.SystemLogger] [     FXGL Launcher Thread] physics.ppm = 50.0
16 Feb 2017, 15:07:52.127 [  FINER] [   FXGL.SystemLogger] [     FXGL Launcher Thread] ui.css = fxgl.css
16 Feb 2017, 15:07:52.128 [  FINER] [   FXGL.SystemLogger] [     FXGL Launcher Thread] version.check.days = 7
16 Feb 2017, 15:07:52.128 [  FINER] [   FXGL.SystemLogger] [     FXGL Launcher Thread] fs.savefile.ext = .sav
16 Feb 2017, 15:07:52.129 [  FINER] [   FXGL.SystemLogger] [     FXGL Launcher Thread] pooling.initialSize = 128
16 Feb 2017, 15:07:52.129 [  FINER] [   FXGL.SystemLogger] [     FXGL Launcher Thread] ui.font = Copperplate_Gothic_Light_Regular.ttf
16 Feb 2017, 15:07:52.129 [  FINER] [   FXGL.SystemLogger] [     FXGL Launcher Thread] fs.savedir = saves/
16 Feb 2017, 15:07:52.130 [  FINER] [   FXGL.SystemLogger] [     FXGL Launcher Thread] fs.profilename = user.profile
16 Feb 2017, 15:07:52.130 [  FINER] [   FXGL.SystemLogger] [     FXGL Launcher Thread] ui.icon.name = fxgl_icon.png
16 Feb 2017, 15:07:52.131 [  FINER] [   FXGL.SystemLogger] [     FXGL Launcher Thread] url.googleforms = https://goo.gl/forms/6wrMnOBxTE1fEpOy2
16 Feb 2017, 15:07:52.131 [  FINER] [   FXGL.SystemLogger] [     FXGL Launcher Thread] sound.menu.press = menu/press.wav
16 Feb 2017, 15:07:52.131 [  FINER] [   FXGL.SystemLogger] [     FXGL Launcher Thread] Initializing user properties
16 Feb 2017, 15:07:52.132 [   INFO] [   FXGL.SystemLogger] [     FXGL Launcher Thread] User properties not found. Using system
16 Feb 2017, 15:07:52.133 [  FINER] [   FXGL.SystemLogger] [     FXGL Launcher Thread] Initializing app settings
16 Feb 2017, 15:07:52.155 [  FINER] [   FXGL.SystemLogger] [     FXGL Launcher Thread] Logging settings
Title: Pacman
Version: 0.1
Width: 960
Height: 840
Fullscreen: false
Intro: false
Menus: false
Profiling: false
App Mode: DEVELOPER
Menu Style: FXGL_DEFAULT
Menu Key: ESCAPE
Services: []
16 Feb 2017, 15:07:53.521 [  FINER] [   FXGL.SystemLogger] [     FXGL Launcher Thread] FXGL configuration complete
16 Feb 2017, 15:07:53.521 [   INFO] [   FXGL.SystemLogger] [     FXGL Launcher Thread] FXGL configuration took:  1.490 sec
16 Feb 2017, 15:07:53.523 [  FINER] [   FXGL.SystemLogger] [JavaFX Application Thread] Running task: UpdaterTask
16 Feb 2017, 15:07:54.497 [  FINER] [   FXGL.SystemLogger] [     FXGL Launcher Thread] Running task: PreInitTask
16 Feb 2017, 15:07:54.627 [  FINER] [   FXGL.SystemLogger] [     FXGL Launcher Thread] Running task: InitScenesTask
16 Feb 2017, 15:07:54.738 [  FINER] [   FXGL.SystemLogger] [     FXGL Launcher Thread] Running task: InitEventHandlersTask
16 Feb 2017, 15:07:54.770 [  FINER] [   FXGL.SystemLogger] [     FXGL Launcher Thread] Running task: InitProfilerTask
16 Feb 2017, 15:07:54.775 [  FINER] [   FXGL.SystemLogger] [     FXGL Launcher Thread] Pausing main loop
16 Feb 2017, 15:07:54.778 [  FINER] [   FXGL.SystemLogger] [     FXGL Launcher Thread] Resetting FXGL application
16 Feb 2017, 15:07:54.822 [   INFO] [   FXGL.SystemLogger] [     FXGL Launcher Thread] Game configuration took:  0.326 sec
16 Feb 2017, 15:07:55.225 [   INFO] [   FXGL.SystemLogger] [ FXGL Background Thread 1] Game initialization took: 0.402 sec
16 Feb 2017, 15:07:55.226 [  FINER] [   FXGL.SystemLogger] [JavaFX Application Thread] Resuming main loop
16 Feb 2017, 15:08:00.227 [  FINER] [   FXGL.SystemLogger] [JavaFX Application Thread] Pausing main loop
16 Feb 2017, 15:08:01.196 [  FINER] [   FXGL.SystemLogger] [JavaFX Application Thread] Resuming main loop
16 Feb 2017, 15:08:01.197 [  FINER] [   FXGL.SystemLogger] [JavaFX Application Thread] Exiting Normally
16 Feb 2017, 15:08:01.206 [  FINER] [   FXGL.SystemLogger] [JavaFX Application Thread] Exiting FXGL
16 Feb 2017, 15:08:01.207 [  FINER] [   FXGL.SystemLogger] [JavaFX Application Thread] Logger is closing
