16 Feb 2017, 15:07:09.526 [   INFO] [   FXGL.SystemLogger] [                     main] System Logger is initialized
16 Feb 2017, 15:07:09.559 [  FINER] [   FXGL.SystemLogger] [                     main] Logging System Info
16 Feb 2017, 15:07:09.560 [  FINER] [   FXGL.SystemLogger] [                     main] CPU cores: 4
16 Feb 2017, 15:07:09.562 [  FINER] [   FXGL.SystemLogger] [                     main] Free Memory: 115MB
16 Feb 2017, 15:07:09.563 [  FINER] [   FXGL.SystemLogger] [                     main] Max Memory: 1796MB
16 Feb 2017, 15:07:09.563 [  FINER] [   FXGL.SystemLogger] [                     main] Total Memory: 123MB
16 Feb 2017, 15:07:09.564 [  FINER] [   FXGL.SystemLogger] [                     main] System Properties:
16 Feb 2017, 15:07:09.566 [  FINER] [   FXGL.SystemLogger] [                     main] sun.cpu.isalist=amd64
16 Feb 2017, 15:07:09.566 [  FINER] [   FXGL.SystemLogger] [                     main] sun.desktop=windows
16 Feb 2017, 15:07:09.567 [  FINER] [   FXGL.SystemLogger] [                     main] sun.io.unicode.encoding=UnicodeLittle
16 Feb 2017, 15:07:09.567 [  FINER] [   FXGL.SystemLogger] [                     main] sun.cpu.endian=little
16 Feb 2017, 15:07:09.568 [  FINER] [   FXGL.SystemLogger] [                     main] java.vendor.url.bug=http://bugreport.sun.com/bugreport/
16 Feb 2017, 15:07:09.568 [  FINER] [   FXGL.SystemLogger] [                     main] file.separator=\
16 Feb 2017, 15:07:09.569 [  FINER] [   FXGL.SystemLogger] [                     main] java.vendor=Oracle Corporation
16 Feb 2017, 15:07:09.569 [  FINER] [   FXGL.SystemLogger] [                     main] sun.boot.class.path=C:\Program Files\Java\jdk1.8.0_60\jre\lib\resources.jar;C:\Program Files\Java\jdk1.8.0_60\jre\lib\rt.jar;C:\Program Files\Java\jdk1.8.0_60\jre\lib\sunrsasign.jar;C:\Program Files\Java\jdk1.8.0_60\jre\lib\jsse.jar;C:\Program Files\Java\jdk1.8.0_60\jre\lib\jce.jar;C:\Program Files\Java\jdk1.8.0_60\jre\lib\charsets.jar;C:\Program Files\Java\jdk1.8.0_60\jre\lib\jfr.jar;C:\Program Files\Java\jdk1.8.0_60\jre\classes
16 Feb 2017, 15:07:09.569 [  FINER] [   FXGL.SystemLogger] [                     main] java.ext.dirs=C:\Program Files\Java\jdk1.8.0_60\jre\lib\ext;C:\WINDOWS\Sun\Java\lib\ext
16 Feb 2017, 15:07:09.570 [  FINER] [   FXGL.SystemLogger] [                     main] java.version=1.8.0_60
16 Feb 2017, 15:07:09.571 [  FINER] [   FXGL.SystemLogger] [                     main] java.vm.info=mixed mode
16 Feb 2017, 15:07:09.571 [  FINER] [   FXGL.SystemLogger] [                     main] awt.toolkit=sun.awt.windows.WToolkit
16 Feb 2017, 15:07:09.571 [  FINER] [   FXGL.SystemLogger] [                     main] user.language=en
16 Feb 2017, 15:07:09.572 [  FINER] [   FXGL.SystemLogger] [                     main] java.specification.vendor=Oracle Corporation
16 Feb 2017, 15:07:09.572 [  FINER] [   FXGL.SystemLogger] [                     main] sun.java.command=com.intellij.rt.execution.application.AppMain com.gamedesign.pacman.PacmanApp
16 Feb 2017, 15:07:09.573 [  FINER] [   FXGL.SystemLogger] [                     main] java.home=C:\Program Files\Java\jdk1.8.0_60\jre
16 Feb 2017, 15:07:09.573 [  FINER] [   FXGL.SystemLogger] [                     main] sun.arch.data.model=64
16 Feb 2017, 15:07:09.574 [  FINER] [   FXGL.SystemLogger] [                     main] java.vm.specification.version=1.8
16 Feb 2017, 15:07:09.574 [  FINER] [   FXGL.SystemLogger] [                     main] java.class.path=C:\Program Files\Java\jdk1.8.0_60\jre\lib\charsets.jar;C:\Program Files\Java\jdk1.8.0_60\jre\lib\deploy.jar;C:\Program Files\Java\jdk1.8.0_60\jre\lib\ext\access-bridge-64.jar;C:\Program Files\Java\jdk1.8.0_60\jre\lib\ext\cldrdata.jar;C:\Program Files\Java\jdk1.8.0_60\jre\lib\ext\dnsns.jar;C:\Program Files\Java\jdk1.8.0_60\jre\lib\ext\jaccess.jar;C:\Program Files\Java\jdk1.8.0_60\jre\lib\ext\jfxrt.jar;C:\Program Files\Java\jdk1.8.0_60\jre\lib\ext\localedata.jar;C:\Program Files\Java\jdk1.8.0_60\jre\lib\ext\nashorn.jar;C:\Program Files\Java\jdk1.8.0_60\jre\lib\ext\sunec.jar;C:\Program Files\Java\jdk1.8.0_60\jre\lib\ext\sunjce_provider.jar;C:\Program Files\Java\jdk1.8.0_60\jre\lib\ext\sunmscapi.jar;C:\Program Files\Java\jdk1.8.0_60\jre\lib\ext\sunpkcs11.jar;C:\Program Files\Java\jdk1.8.0_60\jre\lib\ext\zipfs.jar;C:\Program Files\Java\jdk1.8.0_60\jre\lib\javaws.jar;C:\Program Files\Java\jdk1.8.0_60\jre\lib\jce.jar;C:\Program Files\Java\jdk1.8.0_60\jre\lib\jfr.jar;C:\Program Files\Java\jdk1.8.0_60\jre\lib\jfxswt.jar;C:\Program Files\Java\jdk1.8.0_60\jre\lib\jsse.jar;C:\Program Files\Java\jdk1.8.0_60\jre\lib\management-agent.jar;C:\Program Files\Java\jdk1.8.0_60\jre\lib\plugin.jar;C:\Program Files\Java\jdk1.8.0_60\jre\lib\resources.jar;C:\Program Files\Java\jdk1.8.0_60\jre\lib\rt.jar;C:\Computer Science\Game Design\3rd\Pacman\out\production\Pacman;C:\Computer Science\Game Design\3rd\Pacman\lib\fxgl-0.2.9-uber.jar;C:\Program Files (x86)\JetBrains\IntelliJ IDEA Community Edition 15.0.3\lib\idea_rt.jar
16 Feb 2017, 15:07:09.575 [  FINER] [   FXGL.SystemLogger] [                     main] user.name=hwe10174
16 Feb 2017, 15:07:09.578 [  FINER] [   FXGL.SystemLogger] [                     main] file.encoding=UTF-8
16 Feb 2017, 15:07:09.580 [  FINER] [   FXGL.SystemLogger] [                     main] idea.launcher.bin.path=C:\Program Files (x86)\JetBrains\IntelliJ IDEA Community Edition 15.0.3\bin
16 Feb 2017, 15:07:09.580 [  FINER] [   FXGL.SystemLogger] [                     main] java.specification.version=1.8
16 Feb 2017, 15:07:09.581 [  FINER] [   FXGL.SystemLogger] [                     main] java.awt.printerjob=sun.awt.windows.WPrinterJob
16 Feb 2017, 15:07:09.582 [  FINER] [   FXGL.SystemLogger] [                     main] user.timezone=America/New_York
16 Feb 2017, 15:07:09.582 [  FINER] [   FXGL.SystemLogger] [                     main] user.home=C:\Users\hwe10174
16 Feb 2017, 15:07:09.583 [  FINER] [   FXGL.SystemLogger] [                     main] os.version=6.1
16 Feb 2017, 15:07:09.583 [  FINER] [   FXGL.SystemLogger] [                     main] sun.management.compiler=HotSpot 64-Bit Tiered Compilers
16 Feb 2017, 15:07:09.584 [  FINER] [   FXGL.SystemLogger] [                     main] java.specification.name=Java Platform API Specification
16 Feb 2017, 15:07:09.584 [  FINER] [   FXGL.SystemLogger] [                     main] java.class.version=52.0
16 Feb 2017, 15:07:09.585 [  FINER] [   FXGL.SystemLogger] [                     main] java.library.path=C:\Program Files\Java\jdk1.8.0_60\bin;C:\WINDOWS\Sun\Java\bin;C:\WINDOWS\system32;C:\WINDOWS;C:\WINDOWS\system32;C:\WINDOWS;C:\WINDOWS\System32\Wbem;C:\WINDOWS\System32\WindowsPowerShell\v1.0\;C:\Program Files (x86)\QuickTime\QTSystem\;C:\Program Files (x86)\Common Files\Netop\;C:\Program Files (x86)\Netop\Vision\XL\;C:\Program Files\Intel\WiFi\bin\;C:\Program Files\Common Files\Intel\WirelessCommon\;C:\WINDOWS\system32;C:\WINDOWS;C:\WINDOWS\System32\Wbem;C:\WINDOWS\System32\WindowsPowerShell\v1.0\;C:\Program Files (x86)\QuickTime\QTSystem\;C:\Program Files (x86)\Common Files\Netop\;C:\Program Files (x86)\Netop\Vision\XL\;C:\Program Files\Intel\WiFi\bin\;C:\Program Files\Common Files\Intel\WirelessCommon\;C:\Program Files\Java\jdk1.8.0_60\bin;C:\Users\hwe10174\AppData\Local\Programs\Git\cmd;C:\Users\hwe10174\Downloads\gradle-3.1\bin;.
16 Feb 2017, 15:07:09.585 [  FINER] [   FXGL.SystemLogger] [                     main] sun.jnu.encoding=Cp1252
16 Feb 2017, 15:07:09.585 [  FINER] [   FXGL.SystemLogger] [                     main] os.name=Windows 7
16 Feb 2017, 15:07:09.586 [  FINER] [   FXGL.SystemLogger] [                     main] user.variant=
16 Feb 2017, 15:07:09.586 [  FINER] [   FXGL.SystemLogger] [                     main] java.vm.specification.vendor=Oracle Corporation
16 Feb 2017, 15:07:09.587 [  FINER] [   FXGL.SystemLogger] [                     main] java.io.tmpdir=C:\Users\hwe10174\AppData\Local\Temp\
16 Feb 2017, 15:07:09.587 [  FINER] [   FXGL.SystemLogger] [                     main] line.separator=

16 Feb 2017, 15:07:09.587 [  FINER] [   FXGL.SystemLogger] [                     main] java.endorsed.dirs=C:\Program Files\Java\jdk1.8.0_60\jre\lib\endorsed
16 Feb 2017, 15:07:09.588 [  FINER] [   FXGL.SystemLogger] [                     main] os.arch=amd64
16 Feb 2017, 15:07:09.588 [  FINER] [   FXGL.SystemLogger] [                     main] java.awt.graphicsenv=sun.awt.Win32GraphicsEnvironment
16 Feb 2017, 15:07:09.589 [  FINER] [   FXGL.SystemLogger] [                     main] java.runtime.version=1.8.0_60-b27
16 Feb 2017, 15:07:09.589 [  FINER] [   FXGL.SystemLogger] [                     main] java.vm.specification.name=Java Virtual Machine Specification
16 Feb 2017, 15:07:09.589 [  FINER] [   FXGL.SystemLogger] [                     main] user.dir=C:\Computer Science\Game Design\3rd\Pacman
16 Feb 2017, 15:07:09.590 [  FINER] [   FXGL.SystemLogger] [                     main] user.country=US
16 Feb 2017, 15:07:09.590 [  FINER] [   FXGL.SystemLogger] [                     main] user.script=
16 Feb 2017, 15:07:09.590 [  FINER] [   FXGL.SystemLogger] [                     main] sun.java.launcher=SUN_STANDARD
16 Feb 2017, 15:07:09.591 [  FINER] [   FXGL.SystemLogger] [                     main] sun.os.patch.level=Service Pack 1
16 Feb 2017, 15:07:09.591 [  FINER] [   FXGL.SystemLogger] [                     main] idea.launcher.port=7543
16 Feb 2017, 15:07:09.592 [  FINER] [   FXGL.SystemLogger] [                     main] java.vm.name=Java HotSpot(TM) 64-Bit Server VM
16 Feb 2017, 15:07:09.592 [  FINER] [   FXGL.SystemLogger] [                     main] file.encoding.pkg=sun.io
16 Feb 2017, 15:07:09.592 [  FINER] [   FXGL.SystemLogger] [                     main] path.separator=;
16 Feb 2017, 15:07:09.592 [  FINER] [   FXGL.SystemLogger] [                     main] java.vm.vendor=Oracle Corporation
16 Feb 2017, 15:07:09.593 [  FINER] [   FXGL.SystemLogger] [                     main] java.vendor.url=http://java.oracle.com/
16 Feb 2017, 15:07:09.593 [  FINER] [   FXGL.SystemLogger] [                     main] sun.boot.library.path=C:\Program Files\Java\jdk1.8.0_60\jre\bin
16 Feb 2017, 15:07:09.594 [  FINER] [   FXGL.SystemLogger] [                     main] java.vm.version=25.60-b23
16 Feb 2017, 15:07:09.594 [  FINER] [   FXGL.SystemLogger] [                     main] java.runtime.name=Java(TM) SE Runtime Environment
16 Feb 2017, 15:07:09.602 [   INFO] [   FXGL.SystemLogger] [                     main] FXGL-0.2.9
16 Feb 2017, 15:07:09.603 [   INFO] [   FXGL.SystemLogger] [                     main] Source code and latest versions at: https://github.com/AlmasB/FXGL
16 Feb 2017, 15:07:09.604 [   INFO] [   FXGL.SystemLogger] [                     main]              Join the FXGL chat at: https://gitter.im/AlmasB/FXGL
16 Feb 2017, 15:07:09.802 [  FINER] [   FXGL.SystemLogger] [JavaFX Application Thread] Starting JavaFX
16 Feb 2017, 15:07:09.804 [  FINER] [   FXGL.SystemLogger] [          JavaFX-Launcher] Initializing FXGL
16 Feb 2017, 15:07:09.842 [  FINER] [   FXGL.SystemLogger] [JavaFX Application Thread] Starting FXGL
16 Feb 2017, 15:07:10.239 [  FINER] [   FXGL.SystemLogger] [     FXGL Launcher Thread] Configuring FXGL
16 Feb 2017, 15:07:10.239 [  FINER] [   FXGL.SystemLogger] [     FXGL Launcher Thread] Initializing system properties
16 Feb 2017, 15:07:10.295 [  FINER] [   FXGL.SystemLogger] [     FXGL Launcher Thread] sound.notification = system/notification.wav
16 Feb 2017, 15:07:10.295 [  FINER] [   FXGL.SystemLogger] [     FXGL Launcher Thread] url.storage = https://raw.githubusercontent.com/AlmasB/git-server/master/storage/
16 Feb 2017, 15:07:10.295 [  FINER] [   FXGL.SystemLogger] [     FXGL Launcher Thread] asset.cache.size = 35
16 Feb 2017, 15:07:10.296 [  FINER] [   FXGL.SystemLogger] [     FXGL Launcher Thread] fs.profiledir = profiles/
16 Feb 2017, 15:07:10.296 [  FINER] [   FXGL.SystemLogger] [     FXGL Launcher Thread] url.pom = https://raw.githubusercontent.com/AlmasB/FXGL/master/pom.xml
16 Feb 2017, 15:07:10.296 [  FINER] [   FXGL.SystemLogger] [     FXGL Launcher Thread] dev.showbbox = false
16 Feb 2017, 15:07:10.297 [  FINER] [   FXGL.SystemLogger] [     FXGL Launcher Thread] fs.datafile.ext = .dat
16 Feb 2017, 15:07:10.297 [  FINER] [   FXGL.SystemLogger] [     FXGL Launcher Thread] sound.menu.back = menu/back.wav
16 Feb 2017, 15:07:10.297 [  FINER] [   FXGL.SystemLogger] [     FXGL Launcher Thread] sound.menu.select = menu/select.wav
16 Feb 2017, 15:07:10.298 [  FINER] [   FXGL.SystemLogger] [     FXGL Launcher Thread] url.github = https://github.com/AlmasB/FXGL
16 Feb 2017, 15:07:10.298 [  FINER] [   FXGL.SystemLogger] [     FXGL Launcher Thread] url.surveymonkey = https://www.surveymonkey.co.uk/r/BH6LLPM
16 Feb 2017, 15:07:10.299 [  FINER] [   FXGL.SystemLogger] [     FXGL Launcher Thread] physics.ppm = 50.0
16 Feb 2017, 15:07:10.299 [  FINER] [   FXGL.SystemLogger] [     FXGL Launcher Thread] ui.css = fxgl.css
16 Feb 2017, 15:07:10.299 [  FINER] [   FXGL.SystemLogger] [     FXGL Launcher Thread] version.check.days = 7
16 Feb 2017, 15:07:10.300 [  FINER] [   FXGL.SystemLogger] [     FXGL Launcher Thread] fs.savefile.ext = .sav
16 Feb 2017, 15:07:10.300 [  FINER] [   FXGL.SystemLogger] [     FXGL Launcher Thread] pooling.initialSize = 128
16 Feb 2017, 15:07:10.300 [  FINER] [   FXGL.SystemLogger] [     FXGL Launcher Thread] ui.font = Copperplate_Gothic_Light_Regular.ttf
16 Feb 2017, 15:07:10.301 [  FINER] [   FXGL.SystemLogger] [     FXGL Launcher Thread] fs.savedir = saves/
16 Feb 2017, 15:07:10.301 [  FINER] [   FXGL.SystemLogger] [     FXGL Launcher Thread] fs.profilename = user.profile
16 Feb 2017, 15:07:10.303 [  FINER] [   FXGL.SystemLogger] [     FXGL Launcher Thread] ui.icon.name = fxgl_icon.png
16 Feb 2017, 15:07:10.303 [  FINER] [   FXGL.SystemLogger] [     FXGL Launcher Thread] url.googleforms = https://goo.gl/forms/6wrMnOBxTE1fEpOy2
16 Feb 2017, 15:07:10.304 [  FINER] [   FXGL.SystemLogger] [     FXGL Launcher Thread] sound.menu.press = menu/press.wav
16 Feb 2017, 15:07:10.304 [  FINER] [   FXGL.SystemLogger] [     FXGL Launcher Thread] Initializing user properties
16 Feb 2017, 15:07:10.304 [   INFO] [   FXGL.SystemLogger] [     FXGL Launcher Thread] User properties not found. Using system
16 Feb 2017, 15:07:10.305 [  FINER] [   FXGL.SystemLogger] [     FXGL Launcher Thread] Initializing app settings
16 Feb 2017, 15:07:10.318 [  FINER] [   FXGL.SystemLogger] [     FXGL Launcher Thread] Logging settings
Title: Pacman
Version: 0.1
Width: 960
Height: 840
Fullscreen: false
Intro: false
Menus: false
Profiling: false
App Mode: DEVELOPER
Menu Style: FXGL_DEFAULT
Menu Key: ESCAPE
Services: []
16 Feb 2017, 15:07:11.663 [  FINER] [   FXGL.SystemLogger] [     FXGL Launcher Thread] FXGL configuration complete
16 Feb 2017, 15:07:11.664 [   INFO] [   FXGL.SystemLogger] [     FXGL Launcher Thread] FXGL configuration took:  1.424 sec
16 Feb 2017, 15:07:11.667 [  FINER] [   FXGL.SystemLogger] [JavaFX Application Thread] Running task: UpdaterTask
16 Feb 2017, 15:07:13.747 [  FINER] [   FXGL.SystemLogger] [     FXGL Launcher Thread] Running task: PreInitTask
16 Feb 2017, 15:07:13.866 [  FINER] [   FXGL.SystemLogger] [     FXGL Launcher Thread] Running task: InitScenesTask
16 Feb 2017, 15:07:13.975 [  FINER] [   FXGL.SystemLogger] [     FXGL Launcher Thread] Running task: InitEventHandlersTask
16 Feb 2017, 15:07:14.010 [  FINER] [   FXGL.SystemLogger] [     FXGL Launcher Thread] Running task: InitProfilerTask
16 Feb 2017, 15:07:14.015 [  FINER] [   FXGL.SystemLogger] [     FXGL Launcher Thread] Pausing main loop
16 Feb 2017, 15:07:14.017 [  FINER] [   FXGL.SystemLogger] [     FXGL Launcher Thread] Resetting FXGL application
16 Feb 2017, 15:07:14.127 [   INFO] [   FXGL.SystemLogger] [     FXGL Launcher Thread] Game configuration took:  0.380 sec
16 Feb 2017, 15:07:14.561 [   INFO] [   FXGL.SystemLogger] [ FXGL Background Thread 1] Game initialization took: 0.434 sec
16 Feb 2017, 15:07:14.562 [  FINER] [   FXGL.SystemLogger] [JavaFX Application Thread] Resuming main loop
16 Feb 2017, 15:07:18.528 [  FINER] [   FXGL.SystemLogger] [JavaFX Application Thread] Pausing main loop
16 Feb 2017, 15:07:19.258 [  FINER] [   FXGL.SystemLogger] [JavaFX Application Thread] Resuming main loop
16 Feb 2017, 15:07:19.258 [  FINER] [   FXGL.SystemLogger] [JavaFX Application Thread] Exiting Normally
16 Feb 2017, 15:07:19.264 [  FINER] [   FXGL.SystemLogger] [JavaFX Application Thread] Exiting FXGL
16 Feb 2017, 15:07:19.265 [  FINER] [   FXGL.SystemLogger] [JavaFX Application Thread] Logger is closing
