01 Mar 2017, 09:50:15.487 [   INFO] [   FXGL.SystemLogger] [                     main] System Logger is initialized
01 Mar 2017, 09:50:15.506 [  FINER] [   FXGL.SystemLogger] [                     main] Logging System Info
01 Mar 2017, 09:50:15.506 [  FINER] [   FXGL.SystemLogger] [                     main] CPU cores: 4
01 Mar 2017, 09:50:15.509 [  FINER] [   FXGL.SystemLogger] [                     main] Free Memory: 115MB
01 Mar 2017, 09:50:15.509 [  FINER] [   FXGL.SystemLogger] [                     main] Max Memory: 1796MB
01 Mar 2017, 09:50:15.509 [  FINER] [   FXGL.SystemLogger] [                     main] Total Memory: 123MB
01 Mar 2017, 09:50:15.510 [  FINER] [   FXGL.SystemLogger] [                     main] System Properties:
01 Mar 2017, 09:50:15.511 [  FINER] [   FXGL.SystemLogger] [                     main] sun.cpu.isalist=amd64
01 Mar 2017, 09:50:15.512 [  FINER] [   FXGL.SystemLogger] [                     main] sun.desktop=windows
01 Mar 2017, 09:50:15.512 [  FINER] [   FXGL.SystemLogger] [                     main] sun.io.unicode.encoding=UnicodeLittle
01 Mar 2017, 09:50:15.513 [  FINER] [   FXGL.SystemLogger] [                     main] sun.cpu.endian=little
01 Mar 2017, 09:50:15.513 [  FINER] [   FXGL.SystemLogger] [                     main] java.vendor.url.bug=http://bugreport.sun.com/bugreport/
01 Mar 2017, 09:50:15.513 [  FINER] [   FXGL.SystemLogger] [                     main] file.separator=\
01 Mar 2017, 09:50:15.514 [  FINER] [   FXGL.SystemLogger] [                     main] java.vendor=Oracle Corporation
01 Mar 2017, 09:50:15.514 [  FINER] [   FXGL.SystemLogger] [                     main] sun.boot.class.path=C:\Program Files\Java\jdk1.8.0_60\jre\lib\resources.jar;C:\Program Files\Java\jdk1.8.0_60\jre\lib\rt.jar;C:\Program Files\Java\jdk1.8.0_60\jre\lib\sunrsasign.jar;C:\Program Files\Java\jdk1.8.0_60\jre\lib\jsse.jar;C:\Program Files\Java\jdk1.8.0_60\jre\lib\jce.jar;C:\Program Files\Java\jdk1.8.0_60\jre\lib\charsets.jar;C:\Program Files\Java\jdk1.8.0_60\jre\lib\jfr.jar;C:\Program Files\Java\jdk1.8.0_60\jre\classes
01 Mar 2017, 09:50:15.514 [  FINER] [   FXGL.SystemLogger] [                     main] java.ext.dirs=C:\Program Files\Java\jdk1.8.0_60\jre\lib\ext;C:\WINDOWS\Sun\Java\lib\ext
01 Mar 2017, 09:50:15.514 [  FINER] [   FXGL.SystemLogger] [                     main] java.version=1.8.0_60
01 Mar 2017, 09:50:15.515 [  FINER] [   FXGL.SystemLogger] [                     main] java.vm.info=mixed mode
01 Mar 2017, 09:50:15.515 [  FINER] [   FXGL.SystemLogger] [                     main] awt.toolkit=sun.awt.windows.WToolkit
01 Mar 2017, 09:50:15.515 [  FINER] [   FXGL.SystemLogger] [                     main] user.language=en
01 Mar 2017, 09:50:15.515 [  FINER] [   FXGL.SystemLogger] [                     main] java.specification.vendor=Oracle Corporation
01 Mar 2017, 09:50:15.516 [  FINER] [   FXGL.SystemLogger] [                     main] sun.java.command=com.intellij.rt.execution.application.AppMain com.gamedesign.pacman.PacmanApp
01 Mar 2017, 09:50:15.516 [  FINER] [   FXGL.SystemLogger] [                     main] java.home=C:\Program Files\Java\jdk1.8.0_60\jre
01 Mar 2017, 09:50:15.516 [  FINER] [   FXGL.SystemLogger] [                     main] sun.arch.data.model=64
01 Mar 2017, 09:50:15.517 [  FINER] [   FXGL.SystemLogger] [                     main] java.vm.specification.version=1.8
01 Mar 2017, 09:50:15.517 [  FINER] [   FXGL.SystemLogger] [                     main] java.class.path=C:\Program Files\Java\jdk1.8.0_60\jre\lib\charsets.jar;C:\Program Files\Java\jdk1.8.0_60\jre\lib\deploy.jar;C:\Program Files\Java\jdk1.8.0_60\jre\lib\ext\access-bridge-64.jar;C:\Program Files\Java\jdk1.8.0_60\jre\lib\ext\cldrdata.jar;C:\Program Files\Java\jdk1.8.0_60\jre\lib\ext\dnsns.jar;C:\Program Files\Java\jdk1.8.0_60\jre\lib\ext\jaccess.jar;C:\Program Files\Java\jdk1.8.0_60\jre\lib\ext\jfxrt.jar;C:\Program Files\Java\jdk1.8.0_60\jre\lib\ext\localedata.jar;C:\Program Files\Java\jdk1.8.0_60\jre\lib\ext\nashorn.jar;C:\Program Files\Java\jdk1.8.0_60\jre\lib\ext\sunec.jar;C:\Program Files\Java\jdk1.8.0_60\jre\lib\ext\sunjce_provider.jar;C:\Program Files\Java\jdk1.8.0_60\jre\lib\ext\sunmscapi.jar;C:\Program Files\Java\jdk1.8.0_60\jre\lib\ext\sunpkcs11.jar;C:\Program Files\Java\jdk1.8.0_60\jre\lib\ext\zipfs.jar;C:\Program Files\Java\jdk1.8.0_60\jre\lib\javaws.jar;C:\Program Files\Java\jdk1.8.0_60\jre\lib\jce.jar;C:\Program Files\Java\jdk1.8.0_60\jre\lib\jfr.jar;C:\Program Files\Java\jdk1.8.0_60\jre\lib\jfxswt.jar;C:\Program Files\Java\jdk1.8.0_60\jre\lib\jsse.jar;C:\Program Files\Java\jdk1.8.0_60\jre\lib\management-agent.jar;C:\Program Files\Java\jdk1.8.0_60\jre\lib\plugin.jar;C:\Program Files\Java\jdk1.8.0_60\jre\lib\resources.jar;C:\Program Files\Java\jdk1.8.0_60\jre\lib\rt.jar;C:\Computer Science\Game Design\3rd\Pacman\out\production\Pacman;C:\Computer Science\Game Design\3rd\Pacman\lib\fxgl-0.2.9-uber.jar;C:\Program Files (x86)\JetBrains\IntelliJ IDEA Community Edition 15.0.3\lib\idea_rt.jar
01 Mar 2017, 09:50:15.517 [  FINER] [   FXGL.SystemLogger] [                     main] user.name=hwe10174
01 Mar 2017, 09:50:15.518 [  FINER] [   FXGL.SystemLogger] [                     main] file.encoding=UTF-8
01 Mar 2017, 09:50:15.518 [  FINER] [   FXGL.SystemLogger] [                     main] idea.launcher.bin.path=C:\Program Files (x86)\JetBrains\IntelliJ IDEA Community Edition 15.0.3\bin
01 Mar 2017, 09:50:15.519 [  FINER] [   FXGL.SystemLogger] [                     main] java.specification.version=1.8
01 Mar 2017, 09:50:15.519 [  FINER] [   FXGL.SystemLogger] [                     main] java.awt.printerjob=sun.awt.windows.WPrinterJob
01 Mar 2017, 09:50:15.520 [  FINER] [   FXGL.SystemLogger] [                     main] user.timezone=America/New_York
01 Mar 2017, 09:50:15.520 [  FINER] [   FXGL.SystemLogger] [                     main] user.home=C:\Users\hwe10174
01 Mar 2017, 09:50:15.521 [  FINER] [   FXGL.SystemLogger] [                     main] os.version=6.1
01 Mar 2017, 09:50:15.521 [  FINER] [   FXGL.SystemLogger] [                     main] sun.management.compiler=HotSpot 64-Bit Tiered Compilers
01 Mar 2017, 09:50:15.522 [  FINER] [   FXGL.SystemLogger] [                     main] java.specification.name=Java Platform API Specification
01 Mar 2017, 09:50:15.522 [  FINER] [   FXGL.SystemLogger] [                     main] java.class.version=52.0
01 Mar 2017, 09:50:15.522 [  FINER] [   FXGL.SystemLogger] [                     main] java.library.path=C:\Program Files\Java\jdk1.8.0_60\bin;C:\WINDOWS\Sun\Java\bin;C:\WINDOWS\system32;C:\WINDOWS;C:\WINDOWS\system32;C:\WINDOWS;C:\WINDOWS\System32\Wbem;C:\WINDOWS\System32\WindowsPowerShell\v1.0\;C:\Program Files (x86)\QuickTime\QTSystem\;C:\Program Files (x86)\Common Files\Netop\;C:\Program Files (x86)\Netop\Vision\XL\;C:\Program Files\Intel\WiFi\bin\;C:\Program Files\Common Files\Intel\WirelessCommon\;C:\WINDOWS\system32;C:\WINDOWS;C:\WINDOWS\System32\Wbem;C:\WINDOWS\System32\WindowsPowerShell\v1.0\;C:\Program Files (x86)\QuickTime\QTSystem\;C:\Program Files (x86)\Common Files\Netop\;C:\Program Files (x86)\Netop\Vision\XL\;C:\Program Files\Intel\WiFi\bin\;C:\Program Files\Common Files\Intel\WirelessCommon\;C:\Program Files\Java\jdk1.8.0_60\bin;C:\Users\hwe10174\AppData\Local\Programs\Git\cmd;C:\Users\hwe10174\Downloads\gradle-3.1\bin;.
01 Mar 2017, 09:50:15.523 [  FINER] [   FXGL.SystemLogger] [                     main] sun.jnu.encoding=Cp1252
01 Mar 2017, 09:50:15.523 [  FINER] [   FXGL.SystemLogger] [                     main] os.name=Windows 7
01 Mar 2017, 09:50:15.524 [  FINER] [   FXGL.SystemLogger] [                     main] user.variant=
01 Mar 2017, 09:50:15.524 [  FINER] [   FXGL.SystemLogger] [                     main] java.vm.specification.vendor=Oracle Corporation
01 Mar 2017, 09:50:15.524 [  FINER] [   FXGL.SystemLogger] [                     main] java.io.tmpdir=C:\Users\hwe10174\AppData\Local\Temp\
01 Mar 2017, 09:50:15.524 [  FINER] [   FXGL.SystemLogger] [                     main] line.separator=

01 Mar 2017, 09:50:15.525 [  FINER] [   FXGL.SystemLogger] [                     main] java.endorsed.dirs=C:\Program Files\Java\jdk1.8.0_60\jre\lib\endorsed
01 Mar 2017, 09:50:15.525 [  FINER] [   FXGL.SystemLogger] [                     main] os.arch=amd64
01 Mar 2017, 09:50:15.526 [  FINER] [   FXGL.SystemLogger] [                     main] java.awt.graphicsenv=sun.awt.Win32GraphicsEnvironment
01 Mar 2017, 09:50:15.527 [  FINER] [   FXGL.SystemLogger] [                     main] java.runtime.version=1.8.0_60-b27
01 Mar 2017, 09:50:15.527 [  FINER] [   FXGL.SystemLogger] [                     main] java.vm.specification.name=Java Virtual Machine Specification
01 Mar 2017, 09:50:15.527 [  FINER] [   FXGL.SystemLogger] [                     main] user.dir=C:\Computer Science\Game Design\3rd\Pacman
01 Mar 2017, 09:50:15.528 [  FINER] [   FXGL.SystemLogger] [                     main] user.country=US
01 Mar 2017, 09:50:15.528 [  FINER] [   FXGL.SystemLogger] [                     main] user.script=
01 Mar 2017, 09:50:15.529 [  FINER] [   FXGL.SystemLogger] [                     main] sun.java.launcher=SUN_STANDARD
01 Mar 2017, 09:50:15.529 [  FINER] [   FXGL.SystemLogger] [                     main] sun.os.patch.level=Service Pack 1
01 Mar 2017, 09:50:15.529 [  FINER] [   FXGL.SystemLogger] [                     main] idea.launcher.port=7532
01 Mar 2017, 09:50:15.530 [  FINER] [   FXGL.SystemLogger] [                     main] java.vm.name=Java HotSpot(TM) 64-Bit Server VM
01 Mar 2017, 09:50:15.530 [  FINER] [   FXGL.SystemLogger] [                     main] file.encoding.pkg=sun.io
01 Mar 2017, 09:50:15.530 [  FINER] [   FXGL.SystemLogger] [                     main] path.separator=;
01 Mar 2017, 09:50:15.530 [  FINER] [   FXGL.SystemLogger] [                     main] java.vm.vendor=Oracle Corporation
01 Mar 2017, 09:50:15.531 [  FINER] [   FXGL.SystemLogger] [                     main] java.vendor.url=http://java.oracle.com/
01 Mar 2017, 09:50:15.531 [  FINER] [   FXGL.SystemLogger] [                     main] sun.boot.library.path=C:\Program Files\Java\jdk1.8.0_60\jre\bin
01 Mar 2017, 09:50:15.531 [  FINER] [   FXGL.SystemLogger] [                     main] java.vm.version=25.60-b23
01 Mar 2017, 09:50:15.532 [  FINER] [   FXGL.SystemLogger] [                     main] java.runtime.name=Java(TM) SE Runtime Environment
01 Mar 2017, 09:50:15.539 [   INFO] [   FXGL.SystemLogger] [                     main] FXGL-0.2.9
01 Mar 2017, 09:50:15.539 [   INFO] [   FXGL.SystemLogger] [                     main] Source code and latest versions at: https://github.com/AlmasB/FXGL
01 Mar 2017, 09:50:15.540 [   INFO] [   FXGL.SystemLogger] [                     main]              Join the FXGL chat at: https://gitter.im/AlmasB/FXGL
01 Mar 2017, 09:50:15.895 [  FINER] [   FXGL.SystemLogger] [JavaFX Application Thread] Starting JavaFX
01 Mar 2017, 09:50:15.897 [  FINER] [   FXGL.SystemLogger] [          JavaFX-Launcher] Initializing FXGL
01 Mar 2017, 09:50:15.950 [  FINER] [   FXGL.SystemLogger] [JavaFX Application Thread] Starting FXGL
01 Mar 2017, 09:50:16.439 [  FINER] [   FXGL.SystemLogger] [     FXGL Launcher Thread] Configuring FXGL
01 Mar 2017, 09:50:16.439 [  FINER] [   FXGL.SystemLogger] [     FXGL Launcher Thread] Initializing system properties
01 Mar 2017, 09:50:16.508 [  FINER] [   FXGL.SystemLogger] [     FXGL Launcher Thread] sound.notification = system/notification.wav
01 Mar 2017, 09:50:16.509 [  FINER] [   FXGL.SystemLogger] [     FXGL Launcher Thread] url.storage = https://raw.githubusercontent.com/AlmasB/git-server/master/storage/
01 Mar 2017, 09:50:16.509 [  FINER] [   FXGL.SystemLogger] [     FXGL Launcher Thread] asset.cache.size = 35
01 Mar 2017, 09:50:16.510 [  FINER] [   FXGL.SystemLogger] [     FXGL Launcher Thread] fs.profiledir = profiles/
01 Mar 2017, 09:50:16.510 [  FINER] [   FXGL.SystemLogger] [     FXGL Launcher Thread] url.pom = https://raw.githubusercontent.com/AlmasB/FXGL/master/pom.xml
01 Mar 2017, 09:50:16.510 [  FINER] [   FXGL.SystemLogger] [     FXGL Launcher Thread] dev.showbbox = false
01 Mar 2017, 09:50:16.511 [  FINER] [   FXGL.SystemLogger] [     FXGL Launcher Thread] fs.datafile.ext = .dat
01 Mar 2017, 09:50:16.511 [  FINER] [   FXGL.SystemLogger] [     FXGL Launcher Thread] sound.menu.back = menu/back.wav
01 Mar 2017, 09:50:16.511 [  FINER] [   FXGL.SystemLogger] [     FXGL Launcher Thread] sound.menu.select = menu/select.wav
01 Mar 2017, 09:50:16.511 [  FINER] [   FXGL.SystemLogger] [     FXGL Launcher Thread] url.github = https://github.com/AlmasB/FXGL
01 Mar 2017, 09:50:16.512 [  FINER] [   FXGL.SystemLogger] [     FXGL Launcher Thread] url.surveymonkey = https://www.surveymonkey.co.uk/r/BH6LLPM
01 Mar 2017, 09:50:16.512 [  FINER] [   FXGL.SystemLogger] [     FXGL Launcher Thread] physics.ppm = 50.0
01 Mar 2017, 09:50:16.512 [  FINER] [   FXGL.SystemLogger] [     FXGL Launcher Thread] ui.css = fxgl.css
01 Mar 2017, 09:50:16.513 [  FINER] [   FXGL.SystemLogger] [     FXGL Launcher Thread] version.check.days = 7
01 Mar 2017, 09:50:16.513 [  FINER] [   FXGL.SystemLogger] [     FXGL Launcher Thread] fs.savefile.ext = .sav
01 Mar 2017, 09:50:16.513 [  FINER] [   FXGL.SystemLogger] [     FXGL Launcher Thread] pooling.initialSize = 128
01 Mar 2017, 09:50:16.514 [  FINER] [   FXGL.SystemLogger] [     FXGL Launcher Thread] ui.font = Copperplate_Gothic_Light_Regular.ttf
01 Mar 2017, 09:50:16.514 [  FINER] [   FXGL.SystemLogger] [     FXGL Launcher Thread] fs.savedir = saves/
01 Mar 2017, 09:50:16.514 [  FINER] [   FXGL.SystemLogger] [     FXGL Launcher Thread] fs.profilename = user.profile
01 Mar 2017, 09:50:16.514 [  FINER] [   FXGL.SystemLogger] [     FXGL Launcher Thread] ui.icon.name = fxgl_icon.png
01 Mar 2017, 09:50:16.515 [  FINER] [   FXGL.SystemLogger] [     FXGL Launcher Thread] url.googleforms = https://goo.gl/forms/6wrMnOBxTE1fEpOy2
01 Mar 2017, 09:50:16.515 [  FINER] [   FXGL.SystemLogger] [     FXGL Launcher Thread] sound.menu.press = menu/press.wav
01 Mar 2017, 09:50:16.515 [  FINER] [   FXGL.SystemLogger] [     FXGL Launcher Thread] Initializing user properties
01 Mar 2017, 09:50:16.515 [   INFO] [   FXGL.SystemLogger] [     FXGL Launcher Thread] User properties not found. Using system
01 Mar 2017, 09:50:16.516 [  FINER] [   FXGL.SystemLogger] [     FXGL Launcher Thread] Initializing app settings
01 Mar 2017, 09:50:16.527 [  FINER] [   FXGL.SystemLogger] [     FXGL Launcher Thread] Logging settings
Title: Pacman
Version: 0.1
Width: 960
Height: 840
Fullscreen: false
Intro: false
Menus: false
Profiling: false
App Mode: DEVELOPER
Menu Style: FXGL_DEFAULT
Menu Key: ESCAPE
Services: []
01 Mar 2017, 09:50:17.762 [  FINER] [   FXGL.SystemLogger] [     FXGL Launcher Thread] FXGL configuration complete
01 Mar 2017, 09:50:17.762 [   INFO] [   FXGL.SystemLogger] [     FXGL Launcher Thread] FXGL configuration took:  1.323 sec
01 Mar 2017, 09:50:17.770 [  FINER] [   FXGL.SystemLogger] [JavaFX Application Thread] Running task: UpdaterTask
01 Mar 2017, 09:50:19.931 [  FINER] [   FXGL.SystemLogger] [     FXGL Launcher Thread] Running task: PreInitTask
01 Mar 2017, 09:50:20.101 [  FINER] [   FXGL.SystemLogger] [     FXGL Launcher Thread] Running task: InitScenesTask
01 Mar 2017, 09:50:20.247 [  FINER] [   FXGL.SystemLogger] [     FXGL Launcher Thread] Running task: InitEventHandlersTask
01 Mar 2017, 09:50:20.278 [  FINER] [   FXGL.SystemLogger] [     FXGL Launcher Thread] Running task: InitProfilerTask
01 Mar 2017, 09:50:20.283 [  FINER] [   FXGL.SystemLogger] [     FXGL Launcher Thread] Pausing main loop
01 Mar 2017, 09:50:20.287 [  FINER] [   FXGL.SystemLogger] [     FXGL Launcher Thread] Resetting FXGL application
01 Mar 2017, 09:50:20.394 [   INFO] [   FXGL.SystemLogger] [     FXGL Launcher Thread] Game configuration took:  0.463 sec
01 Mar 2017, 09:50:20.832 [   INFO] [   FXGL.SystemLogger] [ FXGL Background Thread 1] Game initialization took: 0.438 sec
01 Mar 2017, 09:50:20.834 [  FINER] [   FXGL.SystemLogger] [JavaFX Application Thread] Resuming main loop
01 Mar 2017, 09:53:49.670 [  FINER] [   FXGL.SystemLogger] [JavaFX Application Thread] Pausing main loop
01 Mar 2017, 09:53:54.605 [  FINER] [   FXGL.SystemLogger] [JavaFX Application Thread] Resuming main loop
01 Mar 2017, 09:53:54.605 [  FINER] [   FXGL.SystemLogger] [JavaFX Application Thread] Exiting Normally
01 Mar 2017, 09:53:54.613 [  FINER] [   FXGL.SystemLogger] [JavaFX Application Thread] Exiting FXGL
01 Mar 2017, 09:53:54.614 [  FINER] [   FXGL.SystemLogger] [JavaFX Application Thread] Logger is closing
