06 Feb 2017, 11:14:03.688 [   INFO] [   FXGL.SystemLogger] [                     main] System Logger is initialized
06 Feb 2017, 11:14:03.716 [  FINER] [   FXGL.SystemLogger] [                     main] Logging System Info
06 Feb 2017, 11:14:03.716 [  FINER] [   FXGL.SystemLogger] [                     main] CPU cores: 4
06 Feb 2017, 11:14:03.720 [  FINER] [   FXGL.SystemLogger] [                     main] Free Memory: 115MB
06 Feb 2017, 11:14:03.721 [  FINER] [   FXGL.SystemLogger] [                     main] Max Memory: 1796MB
06 Feb 2017, 11:14:03.721 [  FINER] [   FXGL.SystemLogger] [                     main] Total Memory: 123MB
06 Feb 2017, 11:14:03.722 [  FINER] [   FXGL.SystemLogger] [                     main] System Properties:
06 Feb 2017, 11:14:03.724 [  FINER] [   FXGL.SystemLogger] [                     main] sun.cpu.isalist=amd64
06 Feb 2017, 11:14:03.725 [  FINER] [   FXGL.SystemLogger] [                     main] sun.desktop=windows
06 Feb 2017, 11:14:03.725 [  FINER] [   FXGL.SystemLogger] [                     main] sun.io.unicode.encoding=UnicodeLittle
06 Feb 2017, 11:14:03.725 [  FINER] [   FXGL.SystemLogger] [                     main] sun.cpu.endian=little
06 Feb 2017, 11:14:03.726 [  FINER] [   FXGL.SystemLogger] [                     main] java.vendor.url.bug=http://bugreport.sun.com/bugreport/
06 Feb 2017, 11:14:03.726 [  FINER] [   FXGL.SystemLogger] [                     main] file.separator=\
06 Feb 2017, 11:14:03.726 [  FINER] [   FXGL.SystemLogger] [                     main] java.vendor=Oracle Corporation
06 Feb 2017, 11:14:03.727 [  FINER] [   FXGL.SystemLogger] [                     main] sun.boot.class.path=C:\Program Files\Java\jdk1.8.0_60\jre\lib\resources.jar;C:\Program Files\Java\jdk1.8.0_60\jre\lib\rt.jar;C:\Program Files\Java\jdk1.8.0_60\jre\lib\sunrsasign.jar;C:\Program Files\Java\jdk1.8.0_60\jre\lib\jsse.jar;C:\Program Files\Java\jdk1.8.0_60\jre\lib\jce.jar;C:\Program Files\Java\jdk1.8.0_60\jre\lib\charsets.jar;C:\Program Files\Java\jdk1.8.0_60\jre\lib\jfr.jar;C:\Program Files\Java\jdk1.8.0_60\jre\classes
06 Feb 2017, 11:14:03.727 [  FINER] [   FXGL.SystemLogger] [                     main] java.ext.dirs=C:\Program Files\Java\jdk1.8.0_60\jre\lib\ext;C:\WINDOWS\Sun\Java\lib\ext
06 Feb 2017, 11:14:03.728 [  FINER] [   FXGL.SystemLogger] [                     main] java.version=1.8.0_60
06 Feb 2017, 11:14:03.728 [  FINER] [   FXGL.SystemLogger] [                     main] java.vm.info=mixed mode
06 Feb 2017, 11:14:03.728 [  FINER] [   FXGL.SystemLogger] [                     main] awt.toolkit=sun.awt.windows.WToolkit
06 Feb 2017, 11:14:03.729 [  FINER] [   FXGL.SystemLogger] [                     main] user.language=en
06 Feb 2017, 11:14:03.729 [  FINER] [   FXGL.SystemLogger] [                     main] java.specification.vendor=Oracle Corporation
06 Feb 2017, 11:14:03.730 [  FINER] [   FXGL.SystemLogger] [                     main] sun.java.command=com.intellij.rt.execution.application.AppMain com.gamedesign.pacman.PacmanApp
06 Feb 2017, 11:14:03.730 [  FINER] [   FXGL.SystemLogger] [                     main] java.home=C:\Program Files\Java\jdk1.8.0_60\jre
06 Feb 2017, 11:14:03.731 [  FINER] [   FXGL.SystemLogger] [                     main] sun.arch.data.model=64
06 Feb 2017, 11:14:03.731 [  FINER] [   FXGL.SystemLogger] [                     main] java.vm.specification.version=1.8
06 Feb 2017, 11:14:03.731 [  FINER] [   FXGL.SystemLogger] [                     main] java.class.path=C:\Program Files\Java\jdk1.8.0_60\jre\lib\charsets.jar;C:\Program Files\Java\jdk1.8.0_60\jre\lib\deploy.jar;C:\Program Files\Java\jdk1.8.0_60\jre\lib\ext\access-bridge-64.jar;C:\Program Files\Java\jdk1.8.0_60\jre\lib\ext\cldrdata.jar;C:\Program Files\Java\jdk1.8.0_60\jre\lib\ext\dnsns.jar;C:\Program Files\Java\jdk1.8.0_60\jre\lib\ext\jaccess.jar;C:\Program Files\Java\jdk1.8.0_60\jre\lib\ext\jfxrt.jar;C:\Program Files\Java\jdk1.8.0_60\jre\lib\ext\localedata.jar;C:\Program Files\Java\jdk1.8.0_60\jre\lib\ext\nashorn.jar;C:\Program Files\Java\jdk1.8.0_60\jre\lib\ext\sunec.jar;C:\Program Files\Java\jdk1.8.0_60\jre\lib\ext\sunjce_provider.jar;C:\Program Files\Java\jdk1.8.0_60\jre\lib\ext\sunmscapi.jar;C:\Program Files\Java\jdk1.8.0_60\jre\lib\ext\sunpkcs11.jar;C:\Program Files\Java\jdk1.8.0_60\jre\lib\ext\zipfs.jar;C:\Program Files\Java\jdk1.8.0_60\jre\lib\javaws.jar;C:\Program Files\Java\jdk1.8.0_60\jre\lib\jce.jar;C:\Program Files\Java\jdk1.8.0_60\jre\lib\jfr.jar;C:\Program Files\Java\jdk1.8.0_60\jre\lib\jfxswt.jar;C:\Program Files\Java\jdk1.8.0_60\jre\lib\jsse.jar;C:\Program Files\Java\jdk1.8.0_60\jre\lib\management-agent.jar;C:\Program Files\Java\jdk1.8.0_60\jre\lib\plugin.jar;C:\Program Files\Java\jdk1.8.0_60\jre\lib\resources.jar;C:\Program Files\Java\jdk1.8.0_60\jre\lib\rt.jar;C:\Computer Science\Game Design\3rd\Pacman\out\production\Pacman;C:\Computer Science\Game Design\3rd\Pacman\lib\fxgl-0.2.9-uber.jar;C:\Program Files (x86)\JetBrains\IntelliJ IDEA Community Edition 15.0.3\lib\idea_rt.jar
06 Feb 2017, 11:14:03.732 [  FINER] [   FXGL.SystemLogger] [                     main] user.name=hwe10174
06 Feb 2017, 11:14:03.733 [  FINER] [   FXGL.SystemLogger] [                     main] file.encoding=UTF-8
06 Feb 2017, 11:14:03.733 [  FINER] [   FXGL.SystemLogger] [                     main] idea.launcher.bin.path=C:\Program Files (x86)\JetBrains\IntelliJ IDEA Community Edition 15.0.3\bin
06 Feb 2017, 11:14:03.733 [  FINER] [   FXGL.SystemLogger] [                     main] java.specification.version=1.8
06 Feb 2017, 11:14:03.734 [  FINER] [   FXGL.SystemLogger] [                     main] java.awt.printerjob=sun.awt.windows.WPrinterJob
06 Feb 2017, 11:14:03.734 [  FINER] [   FXGL.SystemLogger] [                     main] user.timezone=America/New_York
06 Feb 2017, 11:14:03.734 [  FINER] [   FXGL.SystemLogger] [                     main] user.home=C:\Users\hwe10174
06 Feb 2017, 11:14:03.735 [  FINER] [   FXGL.SystemLogger] [                     main] os.version=6.1
06 Feb 2017, 11:14:03.735 [  FINER] [   FXGL.SystemLogger] [                     main] sun.management.compiler=HotSpot 64-Bit Tiered Compilers
06 Feb 2017, 11:14:03.736 [  FINER] [   FXGL.SystemLogger] [                     main] java.specification.name=Java Platform API Specification
06 Feb 2017, 11:14:03.736 [  FINER] [   FXGL.SystemLogger] [                     main] java.class.version=52.0
06 Feb 2017, 11:14:03.737 [  FINER] [   FXGL.SystemLogger] [                     main] java.library.path=C:\Program Files\Java\jdk1.8.0_60\bin;C:\WINDOWS\Sun\Java\bin;C:\WINDOWS\system32;C:\WINDOWS;C:\WINDOWS\system32;C:\WINDOWS;C:\WINDOWS\System32\Wbem;C:\WINDOWS\System32\WindowsPowerShell\v1.0\;C:\Program Files (x86)\QuickTime\QTSystem\;C:\Program Files (x86)\Common Files\Netop\;C:\Program Files (x86)\Netop\Vision\XL\;C:\Program Files\Intel\WiFi\bin\;C:\Program Files\Common Files\Intel\WirelessCommon\;C:\WINDOWS\system32;C:\WINDOWS;C:\WINDOWS\System32\Wbem;C:\WINDOWS\System32\WindowsPowerShell\v1.0\;C:\Program Files (x86)\QuickTime\QTSystem\;C:\Program Files (x86)\Common Files\Netop\;C:\Program Files (x86)\Netop\Vision\XL\;C:\Program Files\Intel\WiFi\bin\;C:\Program Files\Common Files\Intel\WirelessCommon\;C:\Program Files\Java\jdk1.8.0_60\bin;C:\Users\hwe10174\AppData\Local\Programs\Git\cmd;C:\Users\hwe10174\Downloads\gradle-3.1\bin;.
06 Feb 2017, 11:14:03.738 [  FINER] [   FXGL.SystemLogger] [                     main] sun.jnu.encoding=Cp1252
06 Feb 2017, 11:14:03.738 [  FINER] [   FXGL.SystemLogger] [                     main] os.name=Windows 7
06 Feb 2017, 11:14:03.738 [  FINER] [   FXGL.SystemLogger] [                     main] user.variant=
06 Feb 2017, 11:14:03.739 [  FINER] [   FXGL.SystemLogger] [                     main] java.vm.specification.vendor=Oracle Corporation
06 Feb 2017, 11:14:03.739 [  FINER] [   FXGL.SystemLogger] [                     main] java.io.tmpdir=C:\Users\hwe10174\AppData\Local\Temp\
06 Feb 2017, 11:14:03.739 [  FINER] [   FXGL.SystemLogger] [                     main] line.separator=

06 Feb 2017, 11:14:03.740 [  FINER] [   FXGL.SystemLogger] [                     main] java.endorsed.dirs=C:\Program Files\Java\jdk1.8.0_60\jre\lib\endorsed
06 Feb 2017, 11:14:03.741 [  FINER] [   FXGL.SystemLogger] [                     main] os.arch=amd64
06 Feb 2017, 11:14:03.744 [  FINER] [   FXGL.SystemLogger] [                     main] java.awt.graphicsenv=sun.awt.Win32GraphicsEnvironment
06 Feb 2017, 11:14:03.744 [  FINER] [   FXGL.SystemLogger] [                     main] java.runtime.version=1.8.0_60-b27
06 Feb 2017, 11:14:03.744 [  FINER] [   FXGL.SystemLogger] [                     main] java.vm.specification.name=Java Virtual Machine Specification
06 Feb 2017, 11:14:03.745 [  FINER] [   FXGL.SystemLogger] [                     main] user.dir=C:\Computer Science\Game Design\3rd\Pacman
06 Feb 2017, 11:14:03.754 [  FINER] [   FXGL.SystemLogger] [                     main] user.country=US
06 Feb 2017, 11:14:03.754 [  FINER] [   FXGL.SystemLogger] [                     main] user.script=
06 Feb 2017, 11:14:03.755 [  FINER] [   FXGL.SystemLogger] [                     main] sun.java.launcher=SUN_STANDARD
06 Feb 2017, 11:14:03.755 [  FINER] [   FXGL.SystemLogger] [                     main] sun.os.patch.level=Service Pack 1
06 Feb 2017, 11:14:03.755 [  FINER] [   FXGL.SystemLogger] [                     main] idea.launcher.port=7536
06 Feb 2017, 11:14:03.756 [  FINER] [   FXGL.SystemLogger] [                     main] java.vm.name=Java HotSpot(TM) 64-Bit Server VM
06 Feb 2017, 11:14:03.756 [  FINER] [   FXGL.SystemLogger] [                     main] file.encoding.pkg=sun.io
06 Feb 2017, 11:14:03.756 [  FINER] [   FXGL.SystemLogger] [                     main] path.separator=;
06 Feb 2017, 11:14:03.757 [  FINER] [   FXGL.SystemLogger] [                     main] java.vm.vendor=Oracle Corporation
06 Feb 2017, 11:14:03.758 [  FINER] [   FXGL.SystemLogger] [                     main] java.vendor.url=http://java.oracle.com/
06 Feb 2017, 11:14:03.759 [  FINER] [   FXGL.SystemLogger] [                     main] sun.boot.library.path=C:\Program Files\Java\jdk1.8.0_60\jre\bin
06 Feb 2017, 11:14:03.759 [  FINER] [   FXGL.SystemLogger] [                     main] java.vm.version=25.60-b23
06 Feb 2017, 11:14:03.761 [  FINER] [   FXGL.SystemLogger] [                     main] java.runtime.name=Java(TM) SE Runtime Environment
06 Feb 2017, 11:14:03.767 [   INFO] [   FXGL.SystemLogger] [                     main] FXGL-0.2.9
06 Feb 2017, 11:14:03.767 [   INFO] [   FXGL.SystemLogger] [                     main] Source code and latest versions at: https://github.com/AlmasB/FXGL
06 Feb 2017, 11:14:03.768 [   INFO] [   FXGL.SystemLogger] [                     main]              Join the FXGL chat at: https://gitter.im/AlmasB/FXGL
06 Feb 2017, 11:14:04.030 [  FINER] [   FXGL.SystemLogger] [JavaFX Application Thread] Starting JavaFX
06 Feb 2017, 11:14:04.032 [  FINER] [   FXGL.SystemLogger] [          JavaFX-Launcher] Initializing FXGL
06 Feb 2017, 11:14:04.067 [  FINER] [   FXGL.SystemLogger] [JavaFX Application Thread] Starting FXGL
06 Feb 2017, 11:14:04.449 [  FINER] [   FXGL.SystemLogger] [     FXGL Launcher Thread] Configuring FXGL
06 Feb 2017, 11:14:04.450 [  FINER] [   FXGL.SystemLogger] [     FXGL Launcher Thread] Initializing system properties
06 Feb 2017, 11:14:04.512 [  FINER] [   FXGL.SystemLogger] [     FXGL Launcher Thread] sound.notification = system/notification.wav
06 Feb 2017, 11:14:04.513 [  FINER] [   FXGL.SystemLogger] [     FXGL Launcher Thread] url.storage = https://raw.githubusercontent.com/AlmasB/git-server/master/storage/
06 Feb 2017, 11:14:04.513 [  FINER] [   FXGL.SystemLogger] [     FXGL Launcher Thread] asset.cache.size = 35
06 Feb 2017, 11:14:04.514 [  FINER] [   FXGL.SystemLogger] [     FXGL Launcher Thread] fs.profiledir = profiles/
06 Feb 2017, 11:14:04.514 [  FINER] [   FXGL.SystemLogger] [     FXGL Launcher Thread] url.pom = https://raw.githubusercontent.com/AlmasB/FXGL/master/pom.xml
06 Feb 2017, 11:14:04.515 [  FINER] [   FXGL.SystemLogger] [     FXGL Launcher Thread] dev.showbbox = false
06 Feb 2017, 11:14:04.515 [  FINER] [   FXGL.SystemLogger] [     FXGL Launcher Thread] fs.datafile.ext = .dat
06 Feb 2017, 11:14:04.516 [  FINER] [   FXGL.SystemLogger] [     FXGL Launcher Thread] sound.menu.back = menu/back.wav
06 Feb 2017, 11:14:04.516 [  FINER] [   FXGL.SystemLogger] [     FXGL Launcher Thread] sound.menu.select = menu/select.wav
06 Feb 2017, 11:14:04.517 [  FINER] [   FXGL.SystemLogger] [     FXGL Launcher Thread] url.github = https://github.com/AlmasB/FXGL
06 Feb 2017, 11:14:04.517 [  FINER] [   FXGL.SystemLogger] [     FXGL Launcher Thread] url.surveymonkey = https://www.surveymonkey.co.uk/r/BH6LLPM
06 Feb 2017, 11:14:04.518 [  FINER] [   FXGL.SystemLogger] [     FXGL Launcher Thread] physics.ppm = 50.0
06 Feb 2017, 11:14:04.518 [  FINER] [   FXGL.SystemLogger] [     FXGL Launcher Thread] ui.css = fxgl.css
06 Feb 2017, 11:14:04.518 [  FINER] [   FXGL.SystemLogger] [     FXGL Launcher Thread] version.check.days = 7
06 Feb 2017, 11:14:04.519 [  FINER] [   FXGL.SystemLogger] [     FXGL Launcher Thread] fs.savefile.ext = .sav
06 Feb 2017, 11:14:04.520 [  FINER] [   FXGL.SystemLogger] [     FXGL Launcher Thread] pooling.initialSize = 128
06 Feb 2017, 11:14:04.520 [  FINER] [   FXGL.SystemLogger] [     FXGL Launcher Thread] ui.font = Copperplate_Gothic_Light_Regular.ttf
06 Feb 2017, 11:14:04.521 [  FINER] [   FXGL.SystemLogger] [     FXGL Launcher Thread] fs.savedir = saves/
06 Feb 2017, 11:14:04.521 [  FINER] [   FXGL.SystemLogger] [     FXGL Launcher Thread] fs.profilename = user.profile
06 Feb 2017, 11:14:04.522 [  FINER] [   FXGL.SystemLogger] [     FXGL Launcher Thread] ui.icon.name = fxgl_icon.png
06 Feb 2017, 11:14:04.523 [  FINER] [   FXGL.SystemLogger] [     FXGL Launcher Thread] url.googleforms = https://goo.gl/forms/6wrMnOBxTE1fEpOy2
06 Feb 2017, 11:14:04.523 [  FINER] [   FXGL.SystemLogger] [     FXGL Launcher Thread] sound.menu.press = menu/press.wav
06 Feb 2017, 11:14:04.524 [  FINER] [   FXGL.SystemLogger] [     FXGL Launcher Thread] Initializing user properties
06 Feb 2017, 11:14:04.524 [   INFO] [   FXGL.SystemLogger] [     FXGL Launcher Thread] User properties not found. Using system
06 Feb 2017, 11:14:04.525 [  FINER] [   FXGL.SystemLogger] [     FXGL Launcher Thread] Initializing app settings
06 Feb 2017, 11:14:04.538 [  FINER] [   FXGL.SystemLogger] [     FXGL Launcher Thread] Logging settings
Title: Pacman
Version: 0.1
Width: 960
Height: 840
Fullscreen: false
Intro: false
Menus: false
Profiling: false
App Mode: DEVELOPER
Menu Style: FXGL_DEFAULT
Menu Key: ESCAPE
Services: []
06 Feb 2017, 11:14:05.688 [  FINER] [   FXGL.SystemLogger] [     FXGL Launcher Thread] FXGL configuration complete
06 Feb 2017, 11:14:05.689 [   INFO] [   FXGL.SystemLogger] [     FXGL Launcher Thread] FXGL configuration took:  1.239 sec
06 Feb 2017, 11:14:05.703 [  FINER] [   FXGL.SystemLogger] [JavaFX Application Thread] Running task: UpdaterTask
06 Feb 2017, 11:14:07.626 [  FINER] [   FXGL.SystemLogger] [     FXGL Launcher Thread] Running task: PreInitTask
06 Feb 2017, 11:14:07.765 [  FINER] [   FXGL.SystemLogger] [     FXGL Launcher Thread] Running task: InitScenesTask
06 Feb 2017, 11:14:07.877 [  FINER] [   FXGL.SystemLogger] [     FXGL Launcher Thread] Running task: InitEventHandlersTask
06 Feb 2017, 11:14:07.905 [  FINER] [   FXGL.SystemLogger] [     FXGL Launcher Thread] Running task: InitProfilerTask
06 Feb 2017, 11:14:07.909 [  FINER] [   FXGL.SystemLogger] [     FXGL Launcher Thread] Pausing main loop
06 Feb 2017, 11:14:07.912 [  FINER] [   FXGL.SystemLogger] [     FXGL Launcher Thread] Resetting FXGL application
06 Feb 2017, 11:14:08.013 [   INFO] [   FXGL.SystemLogger] [     FXGL Launcher Thread] Game configuration took:  0.387 sec
06 Feb 2017, 11:14:08.513 [   INFO] [   FXGL.SystemLogger] [ FXGL Background Thread 1] Game initialization took: 0.501 sec
06 Feb 2017, 11:14:08.515 [  FINER] [   FXGL.SystemLogger] [JavaFX Application Thread] Resuming main loop
06 Feb 2017, 11:14:29.428 [  FINER] [   FXGL.SystemLogger] [JavaFX Application Thread] Pausing main loop
06 Feb 2017, 11:14:31.269 [  FINER] [   FXGL.SystemLogger] [JavaFX Application Thread] Resuming main loop
06 Feb 2017, 11:14:31.269 [  FINER] [   FXGL.SystemLogger] [JavaFX Application Thread] Exiting Normally
06 Feb 2017, 11:14:31.278 [  FINER] [   FXGL.SystemLogger] [JavaFX Application Thread] Exiting FXGL
06 Feb 2017, 11:14:31.279 [  FINER] [   FXGL.SystemLogger] [JavaFX Application Thread] Logger is closing
