26 Jan 2017, 11:09:29.085 [   INFO] [   FXGL.SystemLogger] [                     main] System Logger is initialized
26 Jan 2017, 11:09:29.109 [  FINER] [   FXGL.SystemLogger] [                     main] Logging System Info
26 Jan 2017, 11:09:29.109 [  FINER] [   FXGL.SystemLogger] [                     main] CPU cores: 4
26 Jan 2017, 11:09:29.111 [  FINER] [   FXGL.SystemLogger] [                     main] Free Memory: 115MB
26 Jan 2017, 11:09:29.111 [  FINER] [   FXGL.SystemLogger] [                     main] Max Memory: 1796MB
26 Jan 2017, 11:09:29.111 [  FINER] [   FXGL.SystemLogger] [                     main] Total Memory: 123MB
26 Jan 2017, 11:09:29.112 [  FINER] [   FXGL.SystemLogger] [                     main] System Properties:
26 Jan 2017, 11:09:29.113 [  FINER] [   FXGL.SystemLogger] [                     main] sun.cpu.isalist=amd64
26 Jan 2017, 11:09:29.114 [  FINER] [   FXGL.SystemLogger] [                     main] sun.desktop=windows
26 Jan 2017, 11:09:29.114 [  FINER] [   FXGL.SystemLogger] [                     main] sun.io.unicode.encoding=UnicodeLittle
26 Jan 2017, 11:09:29.114 [  FINER] [   FXGL.SystemLogger] [                     main] sun.cpu.endian=little
26 Jan 2017, 11:09:29.114 [  FINER] [   FXGL.SystemLogger] [                     main] java.vendor.url.bug=http://bugreport.sun.com/bugreport/
26 Jan 2017, 11:09:29.114 [  FINER] [   FXGL.SystemLogger] [                     main] file.separator=\
26 Jan 2017, 11:09:29.115 [  FINER] [   FXGL.SystemLogger] [                     main] java.vendor=Oracle Corporation
26 Jan 2017, 11:09:29.115 [  FINER] [   FXGL.SystemLogger] [                     main] sun.boot.class.path=C:\Program Files\Java\jdk1.8.0_60\jre\lib\resources.jar;C:\Program Files\Java\jdk1.8.0_60\jre\lib\rt.jar;C:\Program Files\Java\jdk1.8.0_60\jre\lib\sunrsasign.jar;C:\Program Files\Java\jdk1.8.0_60\jre\lib\jsse.jar;C:\Program Files\Java\jdk1.8.0_60\jre\lib\jce.jar;C:\Program Files\Java\jdk1.8.0_60\jre\lib\charsets.jar;C:\Program Files\Java\jdk1.8.0_60\jre\lib\jfr.jar;C:\Program Files\Java\jdk1.8.0_60\jre\classes
26 Jan 2017, 11:09:29.115 [  FINER] [   FXGL.SystemLogger] [                     main] java.ext.dirs=C:\Program Files\Java\jdk1.8.0_60\jre\lib\ext;C:\WINDOWS\Sun\Java\lib\ext
26 Jan 2017, 11:09:29.115 [  FINER] [   FXGL.SystemLogger] [                     main] java.version=1.8.0_60
26 Jan 2017, 11:09:29.116 [  FINER] [   FXGL.SystemLogger] [                     main] java.vm.info=mixed mode
26 Jan 2017, 11:09:29.116 [  FINER] [   FXGL.SystemLogger] [                     main] awt.toolkit=sun.awt.windows.WToolkit
26 Jan 2017, 11:09:29.116 [  FINER] [   FXGL.SystemLogger] [                     main] user.language=en
26 Jan 2017, 11:09:29.117 [  FINER] [   FXGL.SystemLogger] [                     main] java.specification.vendor=Oracle Corporation
26 Jan 2017, 11:09:29.117 [  FINER] [   FXGL.SystemLogger] [                     main] sun.java.command=com.intellij.rt.execution.application.AppMain com.gamedesign.pacman.PacmanApp
26 Jan 2017, 11:09:29.117 [  FINER] [   FXGL.SystemLogger] [                     main] java.home=C:\Program Files\Java\jdk1.8.0_60\jre
26 Jan 2017, 11:09:29.118 [  FINER] [   FXGL.SystemLogger] [                     main] sun.arch.data.model=64
26 Jan 2017, 11:09:29.118 [  FINER] [   FXGL.SystemLogger] [                     main] java.vm.specification.version=1.8
26 Jan 2017, 11:09:29.119 [  FINER] [   FXGL.SystemLogger] [                     main] java.class.path=C:\Program Files\Java\jdk1.8.0_60\jre\lib\charsets.jar;C:\Program Files\Java\jdk1.8.0_60\jre\lib\deploy.jar;C:\Program Files\Java\jdk1.8.0_60\jre\lib\ext\access-bridge-64.jar;C:\Program Files\Java\jdk1.8.0_60\jre\lib\ext\cldrdata.jar;C:\Program Files\Java\jdk1.8.0_60\jre\lib\ext\dnsns.jar;C:\Program Files\Java\jdk1.8.0_60\jre\lib\ext\jaccess.jar;C:\Program Files\Java\jdk1.8.0_60\jre\lib\ext\jfxrt.jar;C:\Program Files\Java\jdk1.8.0_60\jre\lib\ext\localedata.jar;C:\Program Files\Java\jdk1.8.0_60\jre\lib\ext\nashorn.jar;C:\Program Files\Java\jdk1.8.0_60\jre\lib\ext\sunec.jar;C:\Program Files\Java\jdk1.8.0_60\jre\lib\ext\sunjce_provider.jar;C:\Program Files\Java\jdk1.8.0_60\jre\lib\ext\sunmscapi.jar;C:\Program Files\Java\jdk1.8.0_60\jre\lib\ext\sunpkcs11.jar;C:\Program Files\Java\jdk1.8.0_60\jre\lib\ext\zipfs.jar;C:\Program Files\Java\jdk1.8.0_60\jre\lib\javaws.jar;C:\Program Files\Java\jdk1.8.0_60\jre\lib\jce.jar;C:\Program Files\Java\jdk1.8.0_60\jre\lib\jfr.jar;C:\Program Files\Java\jdk1.8.0_60\jre\lib\jfxswt.jar;C:\Program Files\Java\jdk1.8.0_60\jre\lib\jsse.jar;C:\Program Files\Java\jdk1.8.0_60\jre\lib\management-agent.jar;C:\Program Files\Java\jdk1.8.0_60\jre\lib\plugin.jar;C:\Program Files\Java\jdk1.8.0_60\jre\lib\resources.jar;C:\Program Files\Java\jdk1.8.0_60\jre\lib\rt.jar;C:\Computer Science\Game Design\3rd\Pacman\out\production\Pacman;C:\Computer Science\Game Design\3rd\Pacman\lib\fxgl-0.2.9-uber.jar;C:\Program Files (x86)\JetBrains\IntelliJ IDEA Community Edition 15.0.3\lib\idea_rt.jar
26 Jan 2017, 11:09:29.119 [  FINER] [   FXGL.SystemLogger] [                     main] user.name=hwe10174
26 Jan 2017, 11:09:29.120 [  FINER] [   FXGL.SystemLogger] [                     main] file.encoding=UTF-8
26 Jan 2017, 11:09:29.121 [  FINER] [   FXGL.SystemLogger] [                     main] idea.launcher.bin.path=C:\Program Files (x86)\JetBrains\IntelliJ IDEA Community Edition 15.0.3\bin
26 Jan 2017, 11:09:29.121 [  FINER] [   FXGL.SystemLogger] [                     main] java.specification.version=1.8
26 Jan 2017, 11:09:29.121 [  FINER] [   FXGL.SystemLogger] [                     main] java.awt.printerjob=sun.awt.windows.WPrinterJob
26 Jan 2017, 11:09:29.122 [  FINER] [   FXGL.SystemLogger] [                     main] user.timezone=America/New_York
26 Jan 2017, 11:09:29.122 [  FINER] [   FXGL.SystemLogger] [                     main] user.home=C:\Users\hwe10174
26 Jan 2017, 11:09:29.122 [  FINER] [   FXGL.SystemLogger] [                     main] os.version=6.1
26 Jan 2017, 11:09:29.123 [  FINER] [   FXGL.SystemLogger] [                     main] sun.management.compiler=HotSpot 64-Bit Tiered Compilers
26 Jan 2017, 11:09:29.123 [  FINER] [   FXGL.SystemLogger] [                     main] java.specification.name=Java Platform API Specification
26 Jan 2017, 11:09:29.124 [  FINER] [   FXGL.SystemLogger] [                     main] java.class.version=52.0
26 Jan 2017, 11:09:29.124 [  FINER] [   FXGL.SystemLogger] [                     main] java.library.path=C:\Program Files\Java\jdk1.8.0_60\bin;C:\WINDOWS\Sun\Java\bin;C:\WINDOWS\system32;C:\WINDOWS;C:\WINDOWS\system32;C:\WINDOWS;C:\WINDOWS\System32\Wbem;C:\WINDOWS\System32\WindowsPowerShell\v1.0\;C:\Program Files (x86)\QuickTime\QTSystem\;C:\Program Files (x86)\Common Files\Netop\;C:\Program Files (x86)\Netop\Vision\XL\;C:\Program Files\Intel\WiFi\bin\;C:\Program Files\Common Files\Intel\WirelessCommon\;C:\WINDOWS\system32;C:\WINDOWS;C:\WINDOWS\System32\Wbem;C:\WINDOWS\System32\WindowsPowerShell\v1.0\;C:\Program Files (x86)\QuickTime\QTSystem\;C:\Program Files (x86)\Common Files\Netop\;C:\Program Files (x86)\Netop\Vision\XL\;C:\Program Files\Intel\WiFi\bin\;C:\Program Files\Common Files\Intel\WirelessCommon\;C:\Program Files\Java\jdk1.8.0_60\bin;C:\Users\hwe10174\AppData\Local\Programs\Git\cmd;C:\Users\hwe10174\Downloads\gradle-3.1\bin;.
26 Jan 2017, 11:09:29.124 [  FINER] [   FXGL.SystemLogger] [                     main] sun.jnu.encoding=Cp1252
26 Jan 2017, 11:09:29.125 [  FINER] [   FXGL.SystemLogger] [                     main] os.name=Windows 7
26 Jan 2017, 11:09:29.125 [  FINER] [   FXGL.SystemLogger] [                     main] user.variant=
26 Jan 2017, 11:09:29.125 [  FINER] [   FXGL.SystemLogger] [                     main] java.vm.specification.vendor=Oracle Corporation
26 Jan 2017, 11:09:29.126 [  FINER] [   FXGL.SystemLogger] [                     main] java.io.tmpdir=C:\Users\hwe10174\AppData\Local\Temp\
26 Jan 2017, 11:09:29.126 [  FINER] [   FXGL.SystemLogger] [                     main] line.separator=

26 Jan 2017, 11:09:29.126 [  FINER] [   FXGL.SystemLogger] [                     main] java.endorsed.dirs=C:\Program Files\Java\jdk1.8.0_60\jre\lib\endorsed
26 Jan 2017, 11:09:29.127 [  FINER] [   FXGL.SystemLogger] [                     main] os.arch=amd64
26 Jan 2017, 11:09:29.127 [  FINER] [   FXGL.SystemLogger] [                     main] java.awt.graphicsenv=sun.awt.Win32GraphicsEnvironment
26 Jan 2017, 11:09:29.127 [  FINER] [   FXGL.SystemLogger] [                     main] java.runtime.version=1.8.0_60-b27
26 Jan 2017, 11:09:29.128 [  FINER] [   FXGL.SystemLogger] [                     main] java.vm.specification.name=Java Virtual Machine Specification
26 Jan 2017, 11:09:29.128 [  FINER] [   FXGL.SystemLogger] [                     main] user.dir=C:\Computer Science\Game Design\3rd\Pacman
26 Jan 2017, 11:09:29.129 [  FINER] [   FXGL.SystemLogger] [                     main] user.country=US
26 Jan 2017, 11:09:29.129 [  FINER] [   FXGL.SystemLogger] [                     main] user.script=
26 Jan 2017, 11:09:29.129 [  FINER] [   FXGL.SystemLogger] [                     main] sun.java.launcher=SUN_STANDARD
26 Jan 2017, 11:09:29.130 [  FINER] [   FXGL.SystemLogger] [                     main] sun.os.patch.level=Service Pack 1
26 Jan 2017, 11:09:29.130 [  FINER] [   FXGL.SystemLogger] [                     main] idea.launcher.port=7532
26 Jan 2017, 11:09:29.130 [  FINER] [   FXGL.SystemLogger] [                     main] java.vm.name=Java HotSpot(TM) 64-Bit Server VM
26 Jan 2017, 11:09:29.131 [  FINER] [   FXGL.SystemLogger] [                     main] file.encoding.pkg=sun.io
26 Jan 2017, 11:09:29.131 [  FINER] [   FXGL.SystemLogger] [                     main] path.separator=;
26 Jan 2017, 11:09:29.132 [  FINER] [   FXGL.SystemLogger] [                     main] java.vm.vendor=Oracle Corporation
26 Jan 2017, 11:09:29.132 [  FINER] [   FXGL.SystemLogger] [                     main] java.vendor.url=http://java.oracle.com/
26 Jan 2017, 11:09:29.132 [  FINER] [   FXGL.SystemLogger] [                     main] sun.boot.library.path=C:\Program Files\Java\jdk1.8.0_60\jre\bin
26 Jan 2017, 11:09:29.133 [  FINER] [   FXGL.SystemLogger] [                     main] java.vm.version=25.60-b23
26 Jan 2017, 11:09:29.133 [  FINER] [   FXGL.SystemLogger] [                     main] java.runtime.name=Java(TM) SE Runtime Environment
26 Jan 2017, 11:09:29.139 [   INFO] [   FXGL.SystemLogger] [                     main] FXGL-0.2.9
26 Jan 2017, 11:09:29.140 [   INFO] [   FXGL.SystemLogger] [                     main] Source code and latest versions at: https://github.com/AlmasB/FXGL
26 Jan 2017, 11:09:29.141 [   INFO] [   FXGL.SystemLogger] [                     main]              Join the FXGL chat at: https://gitter.im/AlmasB/FXGL
26 Jan 2017, 11:09:29.335 [  FINER] [   FXGL.SystemLogger] [JavaFX Application Thread] Starting JavaFX
26 Jan 2017, 11:09:29.337 [  FINER] [   FXGL.SystemLogger] [          JavaFX-Launcher] Initializing FXGL
26 Jan 2017, 11:09:29.360 [  FINER] [   FXGL.SystemLogger] [JavaFX Application Thread] Starting FXGL
26 Jan 2017, 11:09:29.737 [  FINER] [   FXGL.SystemLogger] [     FXGL Launcher Thread] Configuring FXGL
26 Jan 2017, 11:09:29.738 [  FINER] [   FXGL.SystemLogger] [     FXGL Launcher Thread] Initializing system properties
26 Jan 2017, 11:09:29.802 [  FINER] [   FXGL.SystemLogger] [     FXGL Launcher Thread] sound.notification = system/notification.wav
26 Jan 2017, 11:09:29.803 [  FINER] [   FXGL.SystemLogger] [     FXGL Launcher Thread] url.storage = https://raw.githubusercontent.com/AlmasB/git-server/master/storage/
26 Jan 2017, 11:09:29.803 [  FINER] [   FXGL.SystemLogger] [     FXGL Launcher Thread] asset.cache.size = 35
26 Jan 2017, 11:09:29.803 [  FINER] [   FXGL.SystemLogger] [     FXGL Launcher Thread] fs.profiledir = profiles/
26 Jan 2017, 11:09:29.804 [  FINER] [   FXGL.SystemLogger] [     FXGL Launcher Thread] url.pom = https://raw.githubusercontent.com/AlmasB/FXGL/master/pom.xml
26 Jan 2017, 11:09:29.804 [  FINER] [   FXGL.SystemLogger] [     FXGL Launcher Thread] dev.showbbox = false
26 Jan 2017, 11:09:29.804 [  FINER] [   FXGL.SystemLogger] [     FXGL Launcher Thread] fs.datafile.ext = .dat
26 Jan 2017, 11:09:29.805 [  FINER] [   FXGL.SystemLogger] [     FXGL Launcher Thread] sound.menu.back = menu/back.wav
26 Jan 2017, 11:09:29.805 [  FINER] [   FXGL.SystemLogger] [     FXGL Launcher Thread] sound.menu.select = menu/select.wav
26 Jan 2017, 11:09:29.805 [  FINER] [   FXGL.SystemLogger] [     FXGL Launcher Thread] url.github = https://github.com/AlmasB/FXGL
26 Jan 2017, 11:09:29.806 [  FINER] [   FXGL.SystemLogger] [     FXGL Launcher Thread] url.surveymonkey = https://www.surveymonkey.co.uk/r/BH6LLPM
26 Jan 2017, 11:09:29.806 [  FINER] [   FXGL.SystemLogger] [     FXGL Launcher Thread] physics.ppm = 50.0
26 Jan 2017, 11:09:29.806 [  FINER] [   FXGL.SystemLogger] [     FXGL Launcher Thread] ui.css = fxgl.css
26 Jan 2017, 11:09:29.807 [  FINER] [   FXGL.SystemLogger] [     FXGL Launcher Thread] version.check.days = 7
26 Jan 2017, 11:09:29.807 [  FINER] [   FXGL.SystemLogger] [     FXGL Launcher Thread] fs.savefile.ext = .sav
26 Jan 2017, 11:09:29.807 [  FINER] [   FXGL.SystemLogger] [     FXGL Launcher Thread] pooling.initialSize = 128
26 Jan 2017, 11:09:29.808 [  FINER] [   FXGL.SystemLogger] [     FXGL Launcher Thread] ui.font = Copperplate_Gothic_Light_Regular.ttf
26 Jan 2017, 11:09:29.808 [  FINER] [   FXGL.SystemLogger] [     FXGL Launcher Thread] fs.savedir = saves/
26 Jan 2017, 11:09:29.808 [  FINER] [   FXGL.SystemLogger] [     FXGL Launcher Thread] fs.profilename = user.profile
26 Jan 2017, 11:09:29.809 [  FINER] [   FXGL.SystemLogger] [     FXGL Launcher Thread] ui.icon.name = fxgl_icon.png
26 Jan 2017, 11:09:29.809 [  FINER] [   FXGL.SystemLogger] [     FXGL Launcher Thread] url.googleforms = https://goo.gl/forms/6wrMnOBxTE1fEpOy2
26 Jan 2017, 11:09:29.809 [  FINER] [   FXGL.SystemLogger] [     FXGL Launcher Thread] sound.menu.press = menu/press.wav
26 Jan 2017, 11:09:29.810 [  FINER] [   FXGL.SystemLogger] [     FXGL Launcher Thread] Initializing user properties
26 Jan 2017, 11:09:29.810 [   INFO] [   FXGL.SystemLogger] [     FXGL Launcher Thread] User properties not found. Using system
26 Jan 2017, 11:09:29.811 [  FINER] [   FXGL.SystemLogger] [     FXGL Launcher Thread] Initializing app settings
26 Jan 2017, 11:09:29.824 [  FINER] [   FXGL.SystemLogger] [     FXGL Launcher Thread] Logging settings
Title: Pacman
Version: 0.1
Width: 1040
Height: 840
Fullscreen: false
Intro: false
Menus: false
Profiling: false
App Mode: DEVELOPER
Menu Style: FXGL_DEFAULT
Menu Key: ESCAPE
Services: []
26 Jan 2017, 11:09:31.098 [  FINER] [   FXGL.SystemLogger] [     FXGL Launcher Thread] FXGL configuration complete
26 Jan 2017, 11:09:31.099 [   INFO] [   FXGL.SystemLogger] [     FXGL Launcher Thread] FXGL configuration took:  1.361 sec
26 Jan 2017, 11:09:31.100 [  FINER] [   FXGL.SystemLogger] [JavaFX Application Thread] Running task: UpdaterTask
26 Jan 2017, 11:09:39.937 [  FINER] [   FXGL.SystemLogger] [     FXGL Launcher Thread] Running task: PreInitTask
26 Jan 2017, 11:09:40.083 [  FINER] [   FXGL.SystemLogger] [     FXGL Launcher Thread] Running task: InitScenesTask
26 Jan 2017, 11:09:40.188 [  FINER] [   FXGL.SystemLogger] [     FXGL Launcher Thread] Running task: InitEventHandlersTask
26 Jan 2017, 11:09:40.222 [  FINER] [   FXGL.SystemLogger] [     FXGL Launcher Thread] Running task: InitProfilerTask
26 Jan 2017, 11:09:40.228 [  FINER] [   FXGL.SystemLogger] [     FXGL Launcher Thread] Pausing main loop
26 Jan 2017, 11:09:40.232 [  FINER] [   FXGL.SystemLogger] [     FXGL Launcher Thread] Resetting FXGL application
26 Jan 2017, 11:09:40.332 [   INFO] [   FXGL.SystemLogger] [     FXGL Launcher Thread] Game configuration took:  0.396 sec
26 Jan 2017, 11:09:40.750 [   INFO] [   FXGL.SystemLogger] [ FXGL Background Thread 1] Game initialization took: 0.416 sec
26 Jan 2017, 11:09:40.757 [  FINER] [   FXGL.SystemLogger] [JavaFX Application Thread] Resuming main loop
26 Jan 2017, 11:10:29.798 [  FINER] [   FXGL.SystemLogger] [JavaFX Application Thread] Pausing main loop
26 Jan 2017, 11:10:33.147 [  FINER] [   FXGL.SystemLogger] [JavaFX Application Thread] Resuming main loop
26 Jan 2017, 11:10:33.149 [  FINER] [   FXGL.SystemLogger] [JavaFX Application Thread] Exiting Normally
26 Jan 2017, 11:10:33.167 [  FINER] [   FXGL.SystemLogger] [JavaFX Application Thread] Exiting FXGL
26 Jan 2017, 11:10:33.167 [  FINER] [   FXGL.SystemLogger] [JavaFX Application Thread] Logger is closing
