23 Jan 2017, 11:12:47.113 [   INFO] [   FXGL.SystemLogger] [                     main] System Logger is initialized
23 Jan 2017, 11:12:47.149 [  FINER] [   FXGL.SystemLogger] [                     main] Logging System Info
23 Jan 2017, 11:12:47.150 [  FINER] [   FXGL.SystemLogger] [                     main] CPU cores: 4
23 Jan 2017, 11:12:47.154 [  FINER] [   FXGL.SystemLogger] [                     main] Free Memory: 115MB
23 Jan 2017, 11:12:47.155 [  FINER] [   FXGL.SystemLogger] [                     main] Max Memory: 1796MB
23 Jan 2017, 11:12:47.155 [  FINER] [   FXGL.SystemLogger] [                     main] Total Memory: 123MB
23 Jan 2017, 11:12:47.156 [  FINER] [   FXGL.SystemLogger] [                     main] System Properties:
23 Jan 2017, 11:12:47.158 [  FINER] [   FXGL.SystemLogger] [                     main] sun.cpu.isalist=amd64
23 Jan 2017, 11:12:47.158 [  FINER] [   FXGL.SystemLogger] [                     main] sun.desktop=windows
23 Jan 2017, 11:12:47.159 [  FINER] [   FXGL.SystemLogger] [                     main] sun.io.unicode.encoding=UnicodeLittle
23 Jan 2017, 11:12:47.159 [  FINER] [   FXGL.SystemLogger] [                     main] sun.cpu.endian=little
23 Jan 2017, 11:12:47.160 [  FINER] [   FXGL.SystemLogger] [                     main] java.vendor.url.bug=http://bugreport.sun.com/bugreport/
23 Jan 2017, 11:12:47.160 [  FINER] [   FXGL.SystemLogger] [                     main] file.separator=\
23 Jan 2017, 11:12:47.161 [  FINER] [   FXGL.SystemLogger] [                     main] java.vendor=Oracle Corporation
23 Jan 2017, 11:12:47.161 [  FINER] [   FXGL.SystemLogger] [                     main] sun.boot.class.path=C:\Program Files\Java\jdk1.8.0_60\jre\lib\resources.jar;C:\Program Files\Java\jdk1.8.0_60\jre\lib\rt.jar;C:\Program Files\Java\jdk1.8.0_60\jre\lib\sunrsasign.jar;C:\Program Files\Java\jdk1.8.0_60\jre\lib\jsse.jar;C:\Program Files\Java\jdk1.8.0_60\jre\lib\jce.jar;C:\Program Files\Java\jdk1.8.0_60\jre\lib\charsets.jar;C:\Program Files\Java\jdk1.8.0_60\jre\lib\jfr.jar;C:\Program Files\Java\jdk1.8.0_60\jre\classes
23 Jan 2017, 11:12:47.161 [  FINER] [   FXGL.SystemLogger] [                     main] java.ext.dirs=C:\Program Files\Java\jdk1.8.0_60\jre\lib\ext;C:\WINDOWS\Sun\Java\lib\ext
23 Jan 2017, 11:12:47.162 [  FINER] [   FXGL.SystemLogger] [                     main] java.version=1.8.0_60
23 Jan 2017, 11:12:47.162 [  FINER] [   FXGL.SystemLogger] [                     main] java.vm.info=mixed mode
23 Jan 2017, 11:12:47.162 [  FINER] [   FXGL.SystemLogger] [                     main] awt.toolkit=sun.awt.windows.WToolkit
23 Jan 2017, 11:12:47.163 [  FINER] [   FXGL.SystemLogger] [                     main] user.language=en
23 Jan 2017, 11:12:47.163 [  FINER] [   FXGL.SystemLogger] [                     main] java.specification.vendor=Oracle Corporation
23 Jan 2017, 11:12:47.163 [  FINER] [   FXGL.SystemLogger] [                     main] sun.java.command=com.intellij.rt.execution.application.AppMain com.gamedesign.pacman.PacmanApp
23 Jan 2017, 11:12:47.164 [  FINER] [   FXGL.SystemLogger] [                     main] java.home=C:\Program Files\Java\jdk1.8.0_60\jre
23 Jan 2017, 11:12:47.164 [  FINER] [   FXGL.SystemLogger] [                     main] sun.arch.data.model=64
23 Jan 2017, 11:12:47.165 [  FINER] [   FXGL.SystemLogger] [                     main] java.vm.specification.version=1.8
23 Jan 2017, 11:12:47.165 [  FINER] [   FXGL.SystemLogger] [                     main] java.class.path=C:\Program Files\Java\jdk1.8.0_60\jre\lib\charsets.jar;C:\Program Files\Java\jdk1.8.0_60\jre\lib\deploy.jar;C:\Program Files\Java\jdk1.8.0_60\jre\lib\ext\access-bridge-64.jar;C:\Program Files\Java\jdk1.8.0_60\jre\lib\ext\cldrdata.jar;C:\Program Files\Java\jdk1.8.0_60\jre\lib\ext\dnsns.jar;C:\Program Files\Java\jdk1.8.0_60\jre\lib\ext\jaccess.jar;C:\Program Files\Java\jdk1.8.0_60\jre\lib\ext\jfxrt.jar;C:\Program Files\Java\jdk1.8.0_60\jre\lib\ext\localedata.jar;C:\Program Files\Java\jdk1.8.0_60\jre\lib\ext\nashorn.jar;C:\Program Files\Java\jdk1.8.0_60\jre\lib\ext\sunec.jar;C:\Program Files\Java\jdk1.8.0_60\jre\lib\ext\sunjce_provider.jar;C:\Program Files\Java\jdk1.8.0_60\jre\lib\ext\sunmscapi.jar;C:\Program Files\Java\jdk1.8.0_60\jre\lib\ext\sunpkcs11.jar;C:\Program Files\Java\jdk1.8.0_60\jre\lib\ext\zipfs.jar;C:\Program Files\Java\jdk1.8.0_60\jre\lib\javaws.jar;C:\Program Files\Java\jdk1.8.0_60\jre\lib\jce.jar;C:\Program Files\Java\jdk1.8.0_60\jre\lib\jfr.jar;C:\Program Files\Java\jdk1.8.0_60\jre\lib\jfxswt.jar;C:\Program Files\Java\jdk1.8.0_60\jre\lib\jsse.jar;C:\Program Files\Java\jdk1.8.0_60\jre\lib\management-agent.jar;C:\Program Files\Java\jdk1.8.0_60\jre\lib\plugin.jar;C:\Program Files\Java\jdk1.8.0_60\jre\lib\resources.jar;C:\Program Files\Java\jdk1.8.0_60\jre\lib\rt.jar;C:\Computer Science\Game Design\3rd\Pacman\out\production\Pacman;C:\Computer Science\Game Design\3rd\Pacman\lib\fxgl-0.2.9-uber.jar;C:\Program Files (x86)\JetBrains\IntelliJ IDEA Community Edition 15.0.3\lib\idea_rt.jar
23 Jan 2017, 11:12:47.166 [  FINER] [   FXGL.SystemLogger] [                     main] user.name=hwe10174
23 Jan 2017, 11:12:47.166 [  FINER] [   FXGL.SystemLogger] [                     main] file.encoding=UTF-8
23 Jan 2017, 11:12:47.167 [  FINER] [   FXGL.SystemLogger] [                     main] idea.launcher.bin.path=C:\Program Files (x86)\JetBrains\IntelliJ IDEA Community Edition 15.0.3\bin
23 Jan 2017, 11:12:47.167 [  FINER] [   FXGL.SystemLogger] [                     main] java.specification.version=1.8
23 Jan 2017, 11:12:47.168 [  FINER] [   FXGL.SystemLogger] [                     main] java.awt.printerjob=sun.awt.windows.WPrinterJob
23 Jan 2017, 11:12:47.168 [  FINER] [   FXGL.SystemLogger] [                     main] user.timezone=America/New_York
23 Jan 2017, 11:12:47.168 [  FINER] [   FXGL.SystemLogger] [                     main] user.home=C:\Users\hwe10174
23 Jan 2017, 11:12:47.169 [  FINER] [   FXGL.SystemLogger] [                     main] os.version=6.1
23 Jan 2017, 11:12:47.169 [  FINER] [   FXGL.SystemLogger] [                     main] sun.management.compiler=HotSpot 64-Bit Tiered Compilers
23 Jan 2017, 11:12:47.170 [  FINER] [   FXGL.SystemLogger] [                     main] java.specification.name=Java Platform API Specification
23 Jan 2017, 11:12:47.170 [  FINER] [   FXGL.SystemLogger] [                     main] java.class.version=52.0
23 Jan 2017, 11:12:47.170 [  FINER] [   FXGL.SystemLogger] [                     main] java.library.path=C:\Program Files\Java\jdk1.8.0_60\bin;C:\WINDOWS\Sun\Java\bin;C:\WINDOWS\system32;C:\WINDOWS;C:\WINDOWS\system32;C:\WINDOWS;C:\WINDOWS\System32\Wbem;C:\WINDOWS\System32\WindowsPowerShell\v1.0\;C:\Program Files (x86)\QuickTime\QTSystem\;C:\Program Files (x86)\Common Files\Netop\;C:\Program Files (x86)\Netop\Vision\XL\;C:\Program Files\Intel\WiFi\bin\;C:\Program Files\Common Files\Intel\WirelessCommon\;C:\WINDOWS\system32;C:\WINDOWS;C:\WINDOWS\System32\Wbem;C:\WINDOWS\System32\WindowsPowerShell\v1.0\;C:\Program Files (x86)\QuickTime\QTSystem\;C:\Program Files (x86)\Common Files\Netop\;C:\Program Files (x86)\Netop\Vision\XL\;C:\Program Files\Intel\WiFi\bin\;C:\Program Files\Common Files\Intel\WirelessCommon\;C:\Program Files\Java\jdk1.8.0_60\bin;C:\Users\hwe10174\AppData\Local\Programs\Git\cmd;C:\Users\hwe10174\Downloads\gradle-3.1\bin;.
23 Jan 2017, 11:12:47.171 [  FINER] [   FXGL.SystemLogger] [                     main] sun.jnu.encoding=Cp1252
23 Jan 2017, 11:12:47.171 [  FINER] [   FXGL.SystemLogger] [                     main] os.name=Windows 7
23 Jan 2017, 11:12:47.171 [  FINER] [   FXGL.SystemLogger] [                     main] user.variant=
23 Jan 2017, 11:12:47.175 [  FINER] [   FXGL.SystemLogger] [                     main] java.vm.specification.vendor=Oracle Corporation
23 Jan 2017, 11:12:47.176 [  FINER] [   FXGL.SystemLogger] [                     main] java.io.tmpdir=C:\Users\hwe10174\AppData\Local\Temp\
23 Jan 2017, 11:12:47.176 [  FINER] [   FXGL.SystemLogger] [                     main] line.separator=

23 Jan 2017, 11:12:47.176 [  FINER] [   FXGL.SystemLogger] [                     main] java.endorsed.dirs=C:\Program Files\Java\jdk1.8.0_60\jre\lib\endorsed
23 Jan 2017, 11:12:47.177 [  FINER] [   FXGL.SystemLogger] [                     main] os.arch=amd64
23 Jan 2017, 11:12:47.177 [  FINER] [   FXGL.SystemLogger] [                     main] java.awt.graphicsenv=sun.awt.Win32GraphicsEnvironment
23 Jan 2017, 11:12:47.178 [  FINER] [   FXGL.SystemLogger] [                     main] java.runtime.version=1.8.0_60-b27
23 Jan 2017, 11:12:47.178 [  FINER] [   FXGL.SystemLogger] [                     main] java.vm.specification.name=Java Virtual Machine Specification
23 Jan 2017, 11:12:47.178 [  FINER] [   FXGL.SystemLogger] [                     main] user.dir=C:\Computer Science\Game Design\3rd\Pacman
23 Jan 2017, 11:12:47.179 [  FINER] [   FXGL.SystemLogger] [                     main] user.country=US
23 Jan 2017, 11:12:47.179 [  FINER] [   FXGL.SystemLogger] [                     main] user.script=
23 Jan 2017, 11:12:47.179 [  FINER] [   FXGL.SystemLogger] [                     main] sun.java.launcher=SUN_STANDARD
23 Jan 2017, 11:12:47.186 [  FINER] [   FXGL.SystemLogger] [                     main] sun.os.patch.level=Service Pack 1
23 Jan 2017, 11:12:47.188 [  FINER] [   FXGL.SystemLogger] [                     main] idea.launcher.port=7532
23 Jan 2017, 11:12:47.189 [  FINER] [   FXGL.SystemLogger] [                     main] java.vm.name=Java HotSpot(TM) 64-Bit Server VM
23 Jan 2017, 11:12:47.189 [  FINER] [   FXGL.SystemLogger] [                     main] file.encoding.pkg=sun.io
23 Jan 2017, 11:12:47.189 [  FINER] [   FXGL.SystemLogger] [                     main] path.separator=;
23 Jan 2017, 11:12:47.190 [  FINER] [   FXGL.SystemLogger] [                     main] java.vm.vendor=Oracle Corporation
23 Jan 2017, 11:12:47.190 [  FINER] [   FXGL.SystemLogger] [                     main] java.vendor.url=http://java.oracle.com/
23 Jan 2017, 11:12:47.191 [  FINER] [   FXGL.SystemLogger] [                     main] sun.boot.library.path=C:\Program Files\Java\jdk1.8.0_60\jre\bin
23 Jan 2017, 11:12:47.191 [  FINER] [   FXGL.SystemLogger] [                     main] java.vm.version=25.60-b23
23 Jan 2017, 11:12:47.191 [  FINER] [   FXGL.SystemLogger] [                     main] java.runtime.name=Java(TM) SE Runtime Environment
23 Jan 2017, 11:12:47.202 [   INFO] [   FXGL.SystemLogger] [                     main] FXGL-0.2.9
23 Jan 2017, 11:12:47.205 [   INFO] [   FXGL.SystemLogger] [                     main] Source code and latest versions at: https://github.com/AlmasB/FXGL
23 Jan 2017, 11:12:47.206 [   INFO] [   FXGL.SystemLogger] [                     main]              Join the FXGL chat at: https://gitter.im/AlmasB/FXGL
23 Jan 2017, 11:12:47.801 [  FINER] [   FXGL.SystemLogger] [JavaFX Application Thread] Starting JavaFX
23 Jan 2017, 11:12:47.802 [  FINER] [   FXGL.SystemLogger] [          JavaFX-Launcher] Initializing FXGL
23 Jan 2017, 11:12:47.840 [  FINER] [   FXGL.SystemLogger] [JavaFX Application Thread] Starting FXGL
23 Jan 2017, 11:12:48.389 [  FINER] [   FXGL.SystemLogger] [     FXGL Launcher Thread] Configuring FXGL
23 Jan 2017, 11:12:48.390 [  FINER] [   FXGL.SystemLogger] [     FXGL Launcher Thread] Initializing system properties
23 Jan 2017, 11:12:48.463 [  FINER] [   FXGL.SystemLogger] [     FXGL Launcher Thread] sound.notification = system/notification.wav
23 Jan 2017, 11:12:48.463 [  FINER] [   FXGL.SystemLogger] [     FXGL Launcher Thread] url.storage = https://raw.githubusercontent.com/AlmasB/git-server/master/storage/
23 Jan 2017, 11:12:48.463 [  FINER] [   FXGL.SystemLogger] [     FXGL Launcher Thread] asset.cache.size = 35
23 Jan 2017, 11:12:48.464 [  FINER] [   FXGL.SystemLogger] [     FXGL Launcher Thread] fs.profiledir = profiles/
23 Jan 2017, 11:12:48.464 [  FINER] [   FXGL.SystemLogger] [     FXGL Launcher Thread] url.pom = https://raw.githubusercontent.com/AlmasB/FXGL/master/pom.xml
23 Jan 2017, 11:12:48.466 [  FINER] [   FXGL.SystemLogger] [     FXGL Launcher Thread] dev.showbbox = false
23 Jan 2017, 11:12:48.466 [  FINER] [   FXGL.SystemLogger] [     FXGL Launcher Thread] fs.datafile.ext = .dat
23 Jan 2017, 11:12:48.466 [  FINER] [   FXGL.SystemLogger] [     FXGL Launcher Thread] sound.menu.back = menu/back.wav
23 Jan 2017, 11:12:48.467 [  FINER] [   FXGL.SystemLogger] [     FXGL Launcher Thread] sound.menu.select = menu/select.wav
23 Jan 2017, 11:12:48.467 [  FINER] [   FXGL.SystemLogger] [     FXGL Launcher Thread] url.github = https://github.com/AlmasB/FXGL
23 Jan 2017, 11:12:48.468 [  FINER] [   FXGL.SystemLogger] [     FXGL Launcher Thread] url.surveymonkey = https://www.surveymonkey.co.uk/r/BH6LLPM
23 Jan 2017, 11:12:48.468 [  FINER] [   FXGL.SystemLogger] [     FXGL Launcher Thread] physics.ppm = 50.0
23 Jan 2017, 11:12:48.468 [  FINER] [   FXGL.SystemLogger] [     FXGL Launcher Thread] ui.css = fxgl.css
23 Jan 2017, 11:12:48.469 [  FINER] [   FXGL.SystemLogger] [     FXGL Launcher Thread] version.check.days = 7
23 Jan 2017, 11:12:48.469 [  FINER] [   FXGL.SystemLogger] [     FXGL Launcher Thread] fs.savefile.ext = .sav
23 Jan 2017, 11:12:48.469 [  FINER] [   FXGL.SystemLogger] [     FXGL Launcher Thread] pooling.initialSize = 128
23 Jan 2017, 11:12:48.469 [  FINER] [   FXGL.SystemLogger] [     FXGL Launcher Thread] ui.font = Copperplate_Gothic_Light_Regular.ttf
23 Jan 2017, 11:12:48.470 [  FINER] [   FXGL.SystemLogger] [     FXGL Launcher Thread] fs.savedir = saves/
23 Jan 2017, 11:12:48.470 [  FINER] [   FXGL.SystemLogger] [     FXGL Launcher Thread] fs.profilename = user.profile
23 Jan 2017, 11:12:48.470 [  FINER] [   FXGL.SystemLogger] [     FXGL Launcher Thread] ui.icon.name = fxgl_icon.png
23 Jan 2017, 11:12:48.471 [  FINER] [   FXGL.SystemLogger] [     FXGL Launcher Thread] url.googleforms = https://goo.gl/forms/6wrMnOBxTE1fEpOy2
23 Jan 2017, 11:12:48.471 [  FINER] [   FXGL.SystemLogger] [     FXGL Launcher Thread] sound.menu.press = menu/press.wav
23 Jan 2017, 11:12:48.471 [  FINER] [   FXGL.SystemLogger] [     FXGL Launcher Thread] Initializing user properties
23 Jan 2017, 11:12:48.472 [   INFO] [   FXGL.SystemLogger] [     FXGL Launcher Thread] User properties not found. Using system
23 Jan 2017, 11:12:48.472 [  FINER] [   FXGL.SystemLogger] [     FXGL Launcher Thread] Initializing app settings
23 Jan 2017, 11:12:48.482 [  FINER] [   FXGL.SystemLogger] [     FXGL Launcher Thread] Logging settings
Title: Pacman
Version: 0.1
Width: 1040
Height: 840
Fullscreen: false
Intro: false
Menus: false
Profiling: false
App Mode: DEVELOPER
Menu Style: FXGL_DEFAULT
Menu Key: ESCAPE
Services: []
23 Jan 2017, 11:12:49.587 [  FINER] [   FXGL.SystemLogger] [     FXGL Launcher Thread] FXGL configuration complete
23 Jan 2017, 11:12:49.587 [   INFO] [   FXGL.SystemLogger] [     FXGL Launcher Thread] FXGL configuration took:  1.197 sec
23 Jan 2017, 11:12:49.627 [  FINER] [   FXGL.SystemLogger] [JavaFX Application Thread] Running task: UpdaterTask
23 Jan 2017, 11:12:49.632 [  FINER] [   FXGL.SystemLogger] [     FXGL Launcher Thread] Running task: PreInitTask
23 Jan 2017, 11:12:49.739 [ SEVERE] [   FXGL.SystemLogger] [     FXGL Launcher Thread] Exception during system configuration:
23 Jan 2017, 11:12:49.740 [ SEVERE] [   FXGL.SystemLogger] [     FXGL Launcher Thread] 

Exception occurred: java.lang.IndexOutOfBoundsException : Index: 0, Size: 0
E: java.util.ArrayList.rangeCheck(ArrayList.java:653)
E: java.util.ArrayList.get(ArrayList.java:429)
E: com.gamedesign.pacman.PacmanApp.player(PacmanApp.java:19)
E: com.gamedesign.pacman.PacmanApp.initInput(PacmanApp.java:40)
E: com.almasb.fxgl.app.PreInitTask.run(PreInitTask.kt:60)
E: com.almasb.fxgl.app.FXGLApplication.runTask(FXGLApplication.java:145)
E: com.almasb.fxgl.app.GameApplication.configureApp(GameApplication.java:359)
E: com.almasb.fxgl.app.FXGLApplication.lambda$start$1(FXGLApplication.java:177)
E: java.lang.Thread.run(Thread.java:745)

23 Jan 2017, 11:12:49.741 [ SEVERE] [   FXGL.SystemLogger] [     FXGL Launcher Thread] System will now exit
23 Jan 2017, 11:12:49.741 [  FINER] [   FXGL.SystemLogger] [     FXGL Launcher Thread] Logger is closing
