15 Feb 2017, 11:20:10.984 [   INFO] [   FXGL.SystemLogger] [                     main] System Logger is initialized
15 Feb 2017, 11:20:10.996 [  FINER] [   FXGL.SystemLogger] [                     main] Logging System Info
15 Feb 2017, 11:20:10.997 [  FINER] [   FXGL.SystemLogger] [                     main] CPU cores: 4
15 Feb 2017, 11:20:10.998 [  FINER] [   FXGL.SystemLogger] [                     main] Free Memory: 115MB
15 Feb 2017, 11:20:10.999 [  FINER] [   FXGL.SystemLogger] [                     main] Max Memory: 1796MB
15 Feb 2017, 11:20:10.999 [  FINER] [   FXGL.SystemLogger] [                     main] Total Memory: 123MB
15 Feb 2017, 11:20:10.999 [  FINER] [   FXGL.SystemLogger] [                     main] System Properties:
15 Feb 2017, 11:20:11.000 [  FINER] [   FXGL.SystemLogger] [                     main] sun.cpu.isalist=amd64
15 Feb 2017, 11:20:11.001 [  FINER] [   FXGL.SystemLogger] [                     main] sun.desktop=windows
15 Feb 2017, 11:20:11.001 [  FINER] [   FXGL.SystemLogger] [                     main] sun.io.unicode.encoding=UnicodeLittle
15 Feb 2017, 11:20:11.001 [  FINER] [   FXGL.SystemLogger] [                     main] sun.cpu.endian=little
15 Feb 2017, 11:20:11.002 [  FINER] [   FXGL.SystemLogger] [                     main] java.vendor.url.bug=http://bugreport.sun.com/bugreport/
15 Feb 2017, 11:20:11.002 [  FINER] [   FXGL.SystemLogger] [                     main] file.separator=\
15 Feb 2017, 11:20:11.002 [  FINER] [   FXGL.SystemLogger] [                     main] java.vendor=Oracle Corporation
15 Feb 2017, 11:20:11.003 [  FINER] [   FXGL.SystemLogger] [                     main] sun.boot.class.path=C:\Program Files\Java\jdk1.8.0_60\jre\lib\resources.jar;C:\Program Files\Java\jdk1.8.0_60\jre\lib\rt.jar;C:\Program Files\Java\jdk1.8.0_60\jre\lib\sunrsasign.jar;C:\Program Files\Java\jdk1.8.0_60\jre\lib\jsse.jar;C:\Program Files\Java\jdk1.8.0_60\jre\lib\jce.jar;C:\Program Files\Java\jdk1.8.0_60\jre\lib\charsets.jar;C:\Program Files\Java\jdk1.8.0_60\jre\lib\jfr.jar;C:\Program Files\Java\jdk1.8.0_60\jre\classes
15 Feb 2017, 11:20:11.003 [  FINER] [   FXGL.SystemLogger] [                     main] java.ext.dirs=C:\Program Files\Java\jdk1.8.0_60\jre\lib\ext;C:\WINDOWS\Sun\Java\lib\ext
15 Feb 2017, 11:20:11.003 [  FINER] [   FXGL.SystemLogger] [                     main] java.version=1.8.0_60
15 Feb 2017, 11:20:11.004 [  FINER] [   FXGL.SystemLogger] [                     main] java.vm.info=mixed mode
15 Feb 2017, 11:20:11.004 [  FINER] [   FXGL.SystemLogger] [                     main] awt.toolkit=sun.awt.windows.WToolkit
15 Feb 2017, 11:20:11.004 [  FINER] [   FXGL.SystemLogger] [                     main] user.language=en
15 Feb 2017, 11:20:11.005 [  FINER] [   FXGL.SystemLogger] [                     main] java.specification.vendor=Oracle Corporation
15 Feb 2017, 11:20:11.005 [  FINER] [   FXGL.SystemLogger] [                     main] sun.java.command=com.intellij.rt.execution.application.AppMain com.gamedesign.pacman.PacmanApp
15 Feb 2017, 11:20:11.005 [  FINER] [   FXGL.SystemLogger] [                     main] java.home=C:\Program Files\Java\jdk1.8.0_60\jre
15 Feb 2017, 11:20:11.005 [  FINER] [   FXGL.SystemLogger] [                     main] sun.arch.data.model=64
15 Feb 2017, 11:20:11.006 [  FINER] [   FXGL.SystemLogger] [                     main] java.vm.specification.version=1.8
15 Feb 2017, 11:20:11.006 [  FINER] [   FXGL.SystemLogger] [                     main] java.class.path=C:\Program Files\Java\jdk1.8.0_60\jre\lib\charsets.jar;C:\Program Files\Java\jdk1.8.0_60\jre\lib\deploy.jar;C:\Program Files\Java\jdk1.8.0_60\jre\lib\ext\access-bridge-64.jar;C:\Program Files\Java\jdk1.8.0_60\jre\lib\ext\cldrdata.jar;C:\Program Files\Java\jdk1.8.0_60\jre\lib\ext\dnsns.jar;C:\Program Files\Java\jdk1.8.0_60\jre\lib\ext\jaccess.jar;C:\Program Files\Java\jdk1.8.0_60\jre\lib\ext\jfxrt.jar;C:\Program Files\Java\jdk1.8.0_60\jre\lib\ext\localedata.jar;C:\Program Files\Java\jdk1.8.0_60\jre\lib\ext\nashorn.jar;C:\Program Files\Java\jdk1.8.0_60\jre\lib\ext\sunec.jar;C:\Program Files\Java\jdk1.8.0_60\jre\lib\ext\sunjce_provider.jar;C:\Program Files\Java\jdk1.8.0_60\jre\lib\ext\sunmscapi.jar;C:\Program Files\Java\jdk1.8.0_60\jre\lib\ext\sunpkcs11.jar;C:\Program Files\Java\jdk1.8.0_60\jre\lib\ext\zipfs.jar;C:\Program Files\Java\jdk1.8.0_60\jre\lib\javaws.jar;C:\Program Files\Java\jdk1.8.0_60\jre\lib\jce.jar;C:\Program Files\Java\jdk1.8.0_60\jre\lib\jfr.jar;C:\Program Files\Java\jdk1.8.0_60\jre\lib\jfxswt.jar;C:\Program Files\Java\jdk1.8.0_60\jre\lib\jsse.jar;C:\Program Files\Java\jdk1.8.0_60\jre\lib\management-agent.jar;C:\Program Files\Java\jdk1.8.0_60\jre\lib\plugin.jar;C:\Program Files\Java\jdk1.8.0_60\jre\lib\resources.jar;C:\Program Files\Java\jdk1.8.0_60\jre\lib\rt.jar;C:\Computer Science\Game Design\3rd\Pacman\out\production\Pacman;C:\Computer Science\Game Design\3rd\Pacman\lib\fxgl-0.2.9-uber.jar;C:\Program Files (x86)\JetBrains\IntelliJ IDEA Community Edition 15.0.3\lib\idea_rt.jar
15 Feb 2017, 11:20:11.006 [  FINER] [   FXGL.SystemLogger] [                     main] user.name=hwe10174
15 Feb 2017, 11:20:11.006 [  FINER] [   FXGL.SystemLogger] [                     main] file.encoding=UTF-8
15 Feb 2017, 11:20:11.007 [  FINER] [   FXGL.SystemLogger] [                     main] idea.launcher.bin.path=C:\Program Files (x86)\JetBrains\IntelliJ IDEA Community Edition 15.0.3\bin
15 Feb 2017, 11:20:11.007 [  FINER] [   FXGL.SystemLogger] [                     main] java.specification.version=1.8
15 Feb 2017, 11:20:11.007 [  FINER] [   FXGL.SystemLogger] [                     main] java.awt.printerjob=sun.awt.windows.WPrinterJob
15 Feb 2017, 11:20:11.007 [  FINER] [   FXGL.SystemLogger] [                     main] user.timezone=America/New_York
15 Feb 2017, 11:20:11.007 [  FINER] [   FXGL.SystemLogger] [                     main] user.home=C:\Users\hwe10174
15 Feb 2017, 11:20:11.008 [  FINER] [   FXGL.SystemLogger] [                     main] os.version=6.1
15 Feb 2017, 11:20:11.008 [  FINER] [   FXGL.SystemLogger] [                     main] sun.management.compiler=HotSpot 64-Bit Tiered Compilers
15 Feb 2017, 11:20:11.008 [  FINER] [   FXGL.SystemLogger] [                     main] java.specification.name=Java Platform API Specification
15 Feb 2017, 11:20:11.008 [  FINER] [   FXGL.SystemLogger] [                     main] java.class.version=52.0
15 Feb 2017, 11:20:11.008 [  FINER] [   FXGL.SystemLogger] [                     main] java.library.path=C:\Program Files\Java\jdk1.8.0_60\bin;C:\WINDOWS\Sun\Java\bin;C:\WINDOWS\system32;C:\WINDOWS;C:\WINDOWS\system32;C:\WINDOWS;C:\WINDOWS\System32\Wbem;C:\WINDOWS\System32\WindowsPowerShell\v1.0\;C:\Program Files (x86)\QuickTime\QTSystem\;C:\Program Files (x86)\Common Files\Netop\;C:\Program Files (x86)\Netop\Vision\XL\;C:\Program Files\Intel\WiFi\bin\;C:\Program Files\Common Files\Intel\WirelessCommon\;C:\WINDOWS\system32;C:\WINDOWS;C:\WINDOWS\System32\Wbem;C:\WINDOWS\System32\WindowsPowerShell\v1.0\;C:\Program Files (x86)\QuickTime\QTSystem\;C:\Program Files (x86)\Common Files\Netop\;C:\Program Files (x86)\Netop\Vision\XL\;C:\Program Files\Intel\WiFi\bin\;C:\Program Files\Common Files\Intel\WirelessCommon\;C:\Program Files\Java\jdk1.8.0_60\bin;C:\Users\hwe10174\AppData\Local\Programs\Git\cmd;C:\Users\hwe10174\Downloads\gradle-3.1\bin;.
15 Feb 2017, 11:20:11.009 [  FINER] [   FXGL.SystemLogger] [                     main] sun.jnu.encoding=Cp1252
15 Feb 2017, 11:20:11.009 [  FINER] [   FXGL.SystemLogger] [                     main] os.name=Windows 7
15 Feb 2017, 11:20:11.009 [  FINER] [   FXGL.SystemLogger] [                     main] user.variant=
15 Feb 2017, 11:20:11.009 [  FINER] [   FXGL.SystemLogger] [                     main] java.vm.specification.vendor=Oracle Corporation
15 Feb 2017, 11:20:11.009 [  FINER] [   FXGL.SystemLogger] [                     main] java.io.tmpdir=C:\Users\hwe10174\AppData\Local\Temp\
15 Feb 2017, 11:20:11.010 [  FINER] [   FXGL.SystemLogger] [                     main] line.separator=

15 Feb 2017, 11:20:11.010 [  FINER] [   FXGL.SystemLogger] [                     main] java.endorsed.dirs=C:\Program Files\Java\jdk1.8.0_60\jre\lib\endorsed
15 Feb 2017, 11:20:11.010 [  FINER] [   FXGL.SystemLogger] [                     main] os.arch=amd64
15 Feb 2017, 11:20:11.010 [  FINER] [   FXGL.SystemLogger] [                     main] java.awt.graphicsenv=sun.awt.Win32GraphicsEnvironment
15 Feb 2017, 11:20:11.010 [  FINER] [   FXGL.SystemLogger] [                     main] java.runtime.version=1.8.0_60-b27
15 Feb 2017, 11:20:11.011 [  FINER] [   FXGL.SystemLogger] [                     main] java.vm.specification.name=Java Virtual Machine Specification
15 Feb 2017, 11:20:11.011 [  FINER] [   FXGL.SystemLogger] [                     main] user.dir=C:\Computer Science\Game Design\3rd\Pacman
15 Feb 2017, 11:20:11.011 [  FINER] [   FXGL.SystemLogger] [                     main] user.country=US
15 Feb 2017, 11:20:11.012 [  FINER] [   FXGL.SystemLogger] [                     main] user.script=
15 Feb 2017, 11:20:11.012 [  FINER] [   FXGL.SystemLogger] [                     main] sun.java.launcher=SUN_STANDARD
15 Feb 2017, 11:20:11.012 [  FINER] [   FXGL.SystemLogger] [                     main] sun.os.patch.level=Service Pack 1
15 Feb 2017, 11:20:11.012 [  FINER] [   FXGL.SystemLogger] [                     main] idea.launcher.port=7533
15 Feb 2017, 11:20:11.013 [  FINER] [   FXGL.SystemLogger] [                     main] java.vm.name=Java HotSpot(TM) 64-Bit Server VM
15 Feb 2017, 11:20:11.013 [  FINER] [   FXGL.SystemLogger] [                     main] file.encoding.pkg=sun.io
15 Feb 2017, 11:20:11.013 [  FINER] [   FXGL.SystemLogger] [                     main] path.separator=;
15 Feb 2017, 11:20:11.013 [  FINER] [   FXGL.SystemLogger] [                     main] java.vm.vendor=Oracle Corporation
15 Feb 2017, 11:20:11.013 [  FINER] [   FXGL.SystemLogger] [                     main] java.vendor.url=http://java.oracle.com/
15 Feb 2017, 11:20:11.014 [  FINER] [   FXGL.SystemLogger] [                     main] sun.boot.library.path=C:\Program Files\Java\jdk1.8.0_60\jre\bin
15 Feb 2017, 11:20:11.014 [  FINER] [   FXGL.SystemLogger] [                     main] java.vm.version=25.60-b23
15 Feb 2017, 11:20:11.014 [  FINER] [   FXGL.SystemLogger] [                     main] java.runtime.name=Java(TM) SE Runtime Environment
15 Feb 2017, 11:20:11.022 [   INFO] [   FXGL.SystemLogger] [                     main] FXGL-0.2.9
15 Feb 2017, 11:20:11.022 [   INFO] [   FXGL.SystemLogger] [                     main] Source code and latest versions at: https://github.com/AlmasB/FXGL
15 Feb 2017, 11:20:11.023 [   INFO] [   FXGL.SystemLogger] [                     main]              Join the FXGL chat at: https://gitter.im/AlmasB/FXGL
15 Feb 2017, 11:20:11.216 [  FINER] [   FXGL.SystemLogger] [JavaFX Application Thread] Starting JavaFX
15 Feb 2017, 11:20:11.217 [  FINER] [   FXGL.SystemLogger] [          JavaFX-Launcher] Initializing FXGL
15 Feb 2017, 11:20:11.249 [  FINER] [   FXGL.SystemLogger] [JavaFX Application Thread] Starting FXGL
15 Feb 2017, 11:20:11.669 [  FINER] [   FXGL.SystemLogger] [     FXGL Launcher Thread] Configuring FXGL
15 Feb 2017, 11:20:11.670 [  FINER] [   FXGL.SystemLogger] [     FXGL Launcher Thread] Initializing system properties
15 Feb 2017, 11:20:11.731 [  FINER] [   FXGL.SystemLogger] [     FXGL Launcher Thread] sound.notification = system/notification.wav
15 Feb 2017, 11:20:11.732 [  FINER] [   FXGL.SystemLogger] [     FXGL Launcher Thread] url.storage = https://raw.githubusercontent.com/AlmasB/git-server/master/storage/
15 Feb 2017, 11:20:11.732 [  FINER] [   FXGL.SystemLogger] [     FXGL Launcher Thread] asset.cache.size = 35
15 Feb 2017, 11:20:11.733 [  FINER] [   FXGL.SystemLogger] [     FXGL Launcher Thread] fs.profiledir = profiles/
15 Feb 2017, 11:20:11.733 [  FINER] [   FXGL.SystemLogger] [     FXGL Launcher Thread] url.pom = https://raw.githubusercontent.com/AlmasB/FXGL/master/pom.xml
15 Feb 2017, 11:20:11.733 [  FINER] [   FXGL.SystemLogger] [     FXGL Launcher Thread] dev.showbbox = false
15 Feb 2017, 11:20:11.734 [  FINER] [   FXGL.SystemLogger] [     FXGL Launcher Thread] fs.datafile.ext = .dat
15 Feb 2017, 11:20:11.734 [  FINER] [   FXGL.SystemLogger] [     FXGL Launcher Thread] sound.menu.back = menu/back.wav
15 Feb 2017, 11:20:11.738 [  FINER] [   FXGL.SystemLogger] [     FXGL Launcher Thread] sound.menu.select = menu/select.wav
15 Feb 2017, 11:20:11.738 [  FINER] [   FXGL.SystemLogger] [     FXGL Launcher Thread] url.github = https://github.com/AlmasB/FXGL
15 Feb 2017, 11:20:11.739 [  FINER] [   FXGL.SystemLogger] [     FXGL Launcher Thread] url.surveymonkey = https://www.surveymonkey.co.uk/r/BH6LLPM
15 Feb 2017, 11:20:11.739 [  FINER] [   FXGL.SystemLogger] [     FXGL Launcher Thread] physics.ppm = 50.0
15 Feb 2017, 11:20:11.739 [  FINER] [   FXGL.SystemLogger] [     FXGL Launcher Thread] ui.css = fxgl.css
15 Feb 2017, 11:20:11.740 [  FINER] [   FXGL.SystemLogger] [     FXGL Launcher Thread] version.check.days = 7
15 Feb 2017, 11:20:11.740 [  FINER] [   FXGL.SystemLogger] [     FXGL Launcher Thread] fs.savefile.ext = .sav
15 Feb 2017, 11:20:11.740 [  FINER] [   FXGL.SystemLogger] [     FXGL Launcher Thread] pooling.initialSize = 128
15 Feb 2017, 11:20:11.741 [  FINER] [   FXGL.SystemLogger] [     FXGL Launcher Thread] ui.font = Copperplate_Gothic_Light_Regular.ttf
15 Feb 2017, 11:20:11.741 [  FINER] [   FXGL.SystemLogger] [     FXGL Launcher Thread] fs.savedir = saves/
15 Feb 2017, 11:20:11.741 [  FINER] [   FXGL.SystemLogger] [     FXGL Launcher Thread] fs.profilename = user.profile
15 Feb 2017, 11:20:11.742 [  FINER] [   FXGL.SystemLogger] [     FXGL Launcher Thread] ui.icon.name = fxgl_icon.png
15 Feb 2017, 11:20:11.742 [  FINER] [   FXGL.SystemLogger] [     FXGL Launcher Thread] url.googleforms = https://goo.gl/forms/6wrMnOBxTE1fEpOy2
15 Feb 2017, 11:20:11.742 [  FINER] [   FXGL.SystemLogger] [     FXGL Launcher Thread] sound.menu.press = menu/press.wav
15 Feb 2017, 11:20:11.743 [  FINER] [   FXGL.SystemLogger] [     FXGL Launcher Thread] Initializing user properties
15 Feb 2017, 11:20:11.743 [   INFO] [   FXGL.SystemLogger] [     FXGL Launcher Thread] User properties not found. Using system
15 Feb 2017, 11:20:11.744 [  FINER] [   FXGL.SystemLogger] [     FXGL Launcher Thread] Initializing app settings
15 Feb 2017, 11:20:11.756 [  FINER] [   FXGL.SystemLogger] [     FXGL Launcher Thread] Logging settings
Title: Pacman
Version: 0.1
Width: 960
Height: 840
Fullscreen: false
Intro: false
Menus: false
Profiling: false
App Mode: DEVELOPER
Menu Style: FXGL_DEFAULT
Menu Key: ESCAPE
Services: []
15 Feb 2017, 11:20:12.962 [  FINER] [   FXGL.SystemLogger] [     FXGL Launcher Thread] FXGL configuration complete
15 Feb 2017, 11:20:12.962 [   INFO] [   FXGL.SystemLogger] [     FXGL Launcher Thread] FXGL configuration took:  1.292 sec
15 Feb 2017, 11:20:12.966 [  FINER] [   FXGL.SystemLogger] [JavaFX Application Thread] Running task: UpdaterTask
15 Feb 2017, 11:20:15.969 [  FINER] [   FXGL.SystemLogger] [     FXGL Launcher Thread] Running task: PreInitTask
15 Feb 2017, 11:20:16.092 [  FINER] [   FXGL.SystemLogger] [     FXGL Launcher Thread] Running task: InitScenesTask
15 Feb 2017, 11:20:16.195 [  FINER] [   FXGL.SystemLogger] [     FXGL Launcher Thread] Running task: InitEventHandlersTask
15 Feb 2017, 11:20:16.221 [  FINER] [   FXGL.SystemLogger] [     FXGL Launcher Thread] Running task: InitProfilerTask
15 Feb 2017, 11:20:16.224 [  FINER] [   FXGL.SystemLogger] [     FXGL Launcher Thread] Pausing main loop
15 Feb 2017, 11:20:16.228 [  FINER] [   FXGL.SystemLogger] [     FXGL Launcher Thread] Resetting FXGL application
15 Feb 2017, 11:20:16.267 [   INFO] [   FXGL.SystemLogger] [     FXGL Launcher Thread] Game configuration took:  0.298 sec
15 Feb 2017, 11:20:16.695 [   INFO] [   FXGL.SystemLogger] [ FXGL Background Thread 1] Game initialization took: 0.427 sec
15 Feb 2017, 11:20:16.696 [  FINER] [   FXGL.SystemLogger] [JavaFX Application Thread] Resuming main loop
15 Feb 2017, 11:21:00.684 [  FINER] [   FXGL.SystemLogger] [JavaFX Application Thread] Pausing main loop
15 Feb 2017, 11:21:02.459 [  FINER] [   FXGL.SystemLogger] [JavaFX Application Thread] Resuming main loop
15 Feb 2017, 11:21:02.460 [  FINER] [   FXGL.SystemLogger] [JavaFX Application Thread] Exiting Normally
15 Feb 2017, 11:21:02.474 [  FINER] [   FXGL.SystemLogger] [JavaFX Application Thread] Exiting FXGL
15 Feb 2017, 11:21:02.475 [  FINER] [   FXGL.SystemLogger] [JavaFX Application Thread] Logger is closing
