28 Feb 2017, 11:24:17.289 [   INFO] [   FXGL.SystemLogger] [                     main] System Logger is initialized
28 Feb 2017, 11:24:17.304 [  FINER] [   FXGL.SystemLogger] [                     main] Logging System Info
28 Feb 2017, 11:24:17.305 [  FINER] [   FXGL.SystemLogger] [                     main] CPU cores: 4
28 Feb 2017, 11:24:17.306 [  FINER] [   FXGL.SystemLogger] [                     main] Free Memory: 115MB
28 Feb 2017, 11:24:17.307 [  FINER] [   FXGL.SystemLogger] [                     main] Max Memory: 1796MB
28 Feb 2017, 11:24:17.307 [  FINER] [   FXGL.SystemLogger] [                     main] Total Memory: 123MB
28 Feb 2017, 11:24:17.308 [  FINER] [   FXGL.SystemLogger] [                     main] System Properties:
28 Feb 2017, 11:24:17.309 [  FINER] [   FXGL.SystemLogger] [                     main] sun.cpu.isalist=amd64
28 Feb 2017, 11:24:17.310 [  FINER] [   FXGL.SystemLogger] [                     main] sun.desktop=windows
28 Feb 2017, 11:24:17.310 [  FINER] [   FXGL.SystemLogger] [                     main] sun.io.unicode.encoding=UnicodeLittle
28 Feb 2017, 11:24:17.310 [  FINER] [   FXGL.SystemLogger] [                     main] sun.cpu.endian=little
28 Feb 2017, 11:24:17.311 [  FINER] [   FXGL.SystemLogger] [                     main] java.vendor.url.bug=http://bugreport.sun.com/bugreport/
28 Feb 2017, 11:24:17.311 [  FINER] [   FXGL.SystemLogger] [                     main] file.separator=\
28 Feb 2017, 11:24:17.312 [  FINER] [   FXGL.SystemLogger] [                     main] java.vendor=Oracle Corporation
28 Feb 2017, 11:24:17.312 [  FINER] [   FXGL.SystemLogger] [                     main] sun.boot.class.path=C:\Program Files\Java\jdk1.8.0_60\jre\lib\resources.jar;C:\Program Files\Java\jdk1.8.0_60\jre\lib\rt.jar;C:\Program Files\Java\jdk1.8.0_60\jre\lib\sunrsasign.jar;C:\Program Files\Java\jdk1.8.0_60\jre\lib\jsse.jar;C:\Program Files\Java\jdk1.8.0_60\jre\lib\jce.jar;C:\Program Files\Java\jdk1.8.0_60\jre\lib\charsets.jar;C:\Program Files\Java\jdk1.8.0_60\jre\lib\jfr.jar;C:\Program Files\Java\jdk1.8.0_60\jre\classes
28 Feb 2017, 11:24:17.312 [  FINER] [   FXGL.SystemLogger] [                     main] java.ext.dirs=C:\Program Files\Java\jdk1.8.0_60\jre\lib\ext;C:\WINDOWS\Sun\Java\lib\ext
28 Feb 2017, 11:24:17.313 [  FINER] [   FXGL.SystemLogger] [                     main] java.version=1.8.0_60
28 Feb 2017, 11:24:17.313 [  FINER] [   FXGL.SystemLogger] [                     main] java.vm.info=mixed mode
28 Feb 2017, 11:24:17.313 [  FINER] [   FXGL.SystemLogger] [                     main] awt.toolkit=sun.awt.windows.WToolkit
28 Feb 2017, 11:24:17.314 [  FINER] [   FXGL.SystemLogger] [                     main] user.language=en
28 Feb 2017, 11:24:17.314 [  FINER] [   FXGL.SystemLogger] [                     main] java.specification.vendor=Oracle Corporation
28 Feb 2017, 11:24:17.314 [  FINER] [   FXGL.SystemLogger] [                     main] sun.java.command=com.intellij.rt.execution.application.AppMain com.gamedesign.pacman.PacmanApp
28 Feb 2017, 11:24:17.314 [  FINER] [   FXGL.SystemLogger] [                     main] java.home=C:\Program Files\Java\jdk1.8.0_60\jre
28 Feb 2017, 11:24:17.315 [  FINER] [   FXGL.SystemLogger] [                     main] sun.arch.data.model=64
28 Feb 2017, 11:24:17.315 [  FINER] [   FXGL.SystemLogger] [                     main] java.vm.specification.version=1.8
28 Feb 2017, 11:24:17.315 [  FINER] [   FXGL.SystemLogger] [                     main] java.class.path=C:\Program Files\Java\jdk1.8.0_60\jre\lib\charsets.jar;C:\Program Files\Java\jdk1.8.0_60\jre\lib\deploy.jar;C:\Program Files\Java\jdk1.8.0_60\jre\lib\ext\access-bridge-64.jar;C:\Program Files\Java\jdk1.8.0_60\jre\lib\ext\cldrdata.jar;C:\Program Files\Java\jdk1.8.0_60\jre\lib\ext\dnsns.jar;C:\Program Files\Java\jdk1.8.0_60\jre\lib\ext\jaccess.jar;C:\Program Files\Java\jdk1.8.0_60\jre\lib\ext\jfxrt.jar;C:\Program Files\Java\jdk1.8.0_60\jre\lib\ext\localedata.jar;C:\Program Files\Java\jdk1.8.0_60\jre\lib\ext\nashorn.jar;C:\Program Files\Java\jdk1.8.0_60\jre\lib\ext\sunec.jar;C:\Program Files\Java\jdk1.8.0_60\jre\lib\ext\sunjce_provider.jar;C:\Program Files\Java\jdk1.8.0_60\jre\lib\ext\sunmscapi.jar;C:\Program Files\Java\jdk1.8.0_60\jre\lib\ext\sunpkcs11.jar;C:\Program Files\Java\jdk1.8.0_60\jre\lib\ext\zipfs.jar;C:\Program Files\Java\jdk1.8.0_60\jre\lib\javaws.jar;C:\Program Files\Java\jdk1.8.0_60\jre\lib\jce.jar;C:\Program Files\Java\jdk1.8.0_60\jre\lib\jfr.jar;C:\Program Files\Java\jdk1.8.0_60\jre\lib\jfxswt.jar;C:\Program Files\Java\jdk1.8.0_60\jre\lib\jsse.jar;C:\Program Files\Java\jdk1.8.0_60\jre\lib\management-agent.jar;C:\Program Files\Java\jdk1.8.0_60\jre\lib\plugin.jar;C:\Program Files\Java\jdk1.8.0_60\jre\lib\resources.jar;C:\Program Files\Java\jdk1.8.0_60\jre\lib\rt.jar;C:\Computer Science\Game Design\3rd\Pacman\out\production\Pacman;C:\Computer Science\Game Design\3rd\Pacman\lib\fxgl-0.2.9-uber.jar;C:\Program Files (x86)\JetBrains\IntelliJ IDEA Community Edition 15.0.3\lib\idea_rt.jar
28 Feb 2017, 11:24:17.316 [  FINER] [   FXGL.SystemLogger] [                     main] user.name=hwe10174
28 Feb 2017, 11:24:17.316 [  FINER] [   FXGL.SystemLogger] [                     main] file.encoding=UTF-8
28 Feb 2017, 11:24:17.316 [  FINER] [   FXGL.SystemLogger] [                     main] idea.launcher.bin.path=C:\Program Files (x86)\JetBrains\IntelliJ IDEA Community Edition 15.0.3\bin
28 Feb 2017, 11:24:17.317 [  FINER] [   FXGL.SystemLogger] [                     main] java.specification.version=1.8
28 Feb 2017, 11:24:17.317 [  FINER] [   FXGL.SystemLogger] [                     main] java.awt.printerjob=sun.awt.windows.WPrinterJob
28 Feb 2017, 11:24:17.317 [  FINER] [   FXGL.SystemLogger] [                     main] user.timezone=America/New_York
28 Feb 2017, 11:24:17.318 [  FINER] [   FXGL.SystemLogger] [                     main] user.home=C:\Users\hwe10174
28 Feb 2017, 11:24:17.318 [  FINER] [   FXGL.SystemLogger] [                     main] os.version=6.1
28 Feb 2017, 11:24:17.318 [  FINER] [   FXGL.SystemLogger] [                     main] sun.management.compiler=HotSpot 64-Bit Tiered Compilers
28 Feb 2017, 11:24:17.319 [  FINER] [   FXGL.SystemLogger] [                     main] java.specification.name=Java Platform API Specification
28 Feb 2017, 11:24:17.319 [  FINER] [   FXGL.SystemLogger] [                     main] java.class.version=52.0
28 Feb 2017, 11:24:17.319 [  FINER] [   FXGL.SystemLogger] [                     main] java.library.path=C:\Program Files\Java\jdk1.8.0_60\bin;C:\WINDOWS\Sun\Java\bin;C:\WINDOWS\system32;C:\WINDOWS;C:\WINDOWS\system32;C:\WINDOWS;C:\WINDOWS\System32\Wbem;C:\WINDOWS\System32\WindowsPowerShell\v1.0\;C:\Program Files (x86)\QuickTime\QTSystem\;C:\Program Files (x86)\Common Files\Netop\;C:\Program Files (x86)\Netop\Vision\XL\;C:\Program Files\Intel\WiFi\bin\;C:\Program Files\Common Files\Intel\WirelessCommon\;C:\WINDOWS\system32;C:\WINDOWS;C:\WINDOWS\System32\Wbem;C:\WINDOWS\System32\WindowsPowerShell\v1.0\;C:\Program Files (x86)\QuickTime\QTSystem\;C:\Program Files (x86)\Common Files\Netop\;C:\Program Files (x86)\Netop\Vision\XL\;C:\Program Files\Intel\WiFi\bin\;C:\Program Files\Common Files\Intel\WirelessCommon\;C:\Program Files\Java\jdk1.8.0_60\bin;C:\Users\hwe10174\AppData\Local\Programs\Git\cmd;C:\Users\hwe10174\Downloads\gradle-3.1\bin;.
28 Feb 2017, 11:24:17.320 [  FINER] [   FXGL.SystemLogger] [                     main] sun.jnu.encoding=Cp1252
28 Feb 2017, 11:24:17.320 [  FINER] [   FXGL.SystemLogger] [                     main] os.name=Windows 7
28 Feb 2017, 11:24:17.321 [  FINER] [   FXGL.SystemLogger] [                     main] user.variant=
28 Feb 2017, 11:24:17.321 [  FINER] [   FXGL.SystemLogger] [                     main] java.vm.specification.vendor=Oracle Corporation
28 Feb 2017, 11:24:17.321 [  FINER] [   FXGL.SystemLogger] [                     main] java.io.tmpdir=C:\Users\hwe10174\AppData\Local\Temp\
28 Feb 2017, 11:24:17.322 [  FINER] [   FXGL.SystemLogger] [                     main] line.separator=

28 Feb 2017, 11:24:17.322 [  FINER] [   FXGL.SystemLogger] [                     main] java.endorsed.dirs=C:\Program Files\Java\jdk1.8.0_60\jre\lib\endorsed
28 Feb 2017, 11:24:17.323 [  FINER] [   FXGL.SystemLogger] [                     main] os.arch=amd64
28 Feb 2017, 11:24:17.323 [  FINER] [   FXGL.SystemLogger] [                     main] java.awt.graphicsenv=sun.awt.Win32GraphicsEnvironment
28 Feb 2017, 11:24:17.323 [  FINER] [   FXGL.SystemLogger] [                     main] java.runtime.version=1.8.0_60-b27
28 Feb 2017, 11:24:17.324 [  FINER] [   FXGL.SystemLogger] [                     main] java.vm.specification.name=Java Virtual Machine Specification
28 Feb 2017, 11:24:17.324 [  FINER] [   FXGL.SystemLogger] [                     main] user.dir=C:\Computer Science\Game Design\3rd\Pacman
28 Feb 2017, 11:24:17.324 [  FINER] [   FXGL.SystemLogger] [                     main] user.country=US
28 Feb 2017, 11:24:17.325 [  FINER] [   FXGL.SystemLogger] [                     main] user.script=
28 Feb 2017, 11:24:17.325 [  FINER] [   FXGL.SystemLogger] [                     main] sun.java.launcher=SUN_STANDARD
28 Feb 2017, 11:24:17.325 [  FINER] [   FXGL.SystemLogger] [                     main] sun.os.patch.level=Service Pack 1
28 Feb 2017, 11:24:17.326 [  FINER] [   FXGL.SystemLogger] [                     main] idea.launcher.port=7532
28 Feb 2017, 11:24:17.326 [  FINER] [   FXGL.SystemLogger] [                     main] java.vm.name=Java HotSpot(TM) 64-Bit Server VM
28 Feb 2017, 11:24:17.329 [  FINER] [   FXGL.SystemLogger] [                     main] file.encoding.pkg=sun.io
28 Feb 2017, 11:24:17.330 [  FINER] [   FXGL.SystemLogger] [                     main] path.separator=;
28 Feb 2017, 11:24:17.330 [  FINER] [   FXGL.SystemLogger] [                     main] java.vm.vendor=Oracle Corporation
28 Feb 2017, 11:24:17.331 [  FINER] [   FXGL.SystemLogger] [                     main] java.vendor.url=http://java.oracle.com/
28 Feb 2017, 11:24:17.331 [  FINER] [   FXGL.SystemLogger] [                     main] sun.boot.library.path=C:\Program Files\Java\jdk1.8.0_60\jre\bin
28 Feb 2017, 11:24:17.331 [  FINER] [   FXGL.SystemLogger] [                     main] java.vm.version=25.60-b23
28 Feb 2017, 11:24:17.332 [  FINER] [   FXGL.SystemLogger] [                     main] java.runtime.name=Java(TM) SE Runtime Environment
28 Feb 2017, 11:24:17.338 [   INFO] [   FXGL.SystemLogger] [                     main] FXGL-0.2.9
28 Feb 2017, 11:24:17.339 [   INFO] [   FXGL.SystemLogger] [                     main] Source code and latest versions at: https://github.com/AlmasB/FXGL
28 Feb 2017, 11:24:17.339 [   INFO] [   FXGL.SystemLogger] [                     main]              Join the FXGL chat at: https://gitter.im/AlmasB/FXGL
28 Feb 2017, 11:24:17.550 [  FINER] [   FXGL.SystemLogger] [JavaFX Application Thread] Starting JavaFX
28 Feb 2017, 11:24:17.556 [  FINER] [   FXGL.SystemLogger] [          JavaFX-Launcher] Initializing FXGL
28 Feb 2017, 11:24:17.592 [  FINER] [   FXGL.SystemLogger] [JavaFX Application Thread] Starting FXGL
28 Feb 2017, 11:24:17.936 [  FINER] [   FXGL.SystemLogger] [     FXGL Launcher Thread] Configuring FXGL
28 Feb 2017, 11:24:17.936 [  FINER] [   FXGL.SystemLogger] [     FXGL Launcher Thread] Initializing system properties
28 Feb 2017, 11:24:18.002 [  FINER] [   FXGL.SystemLogger] [     FXGL Launcher Thread] sound.notification = system/notification.wav
28 Feb 2017, 11:24:18.002 [  FINER] [   FXGL.SystemLogger] [     FXGL Launcher Thread] url.storage = https://raw.githubusercontent.com/AlmasB/git-server/master/storage/
28 Feb 2017, 11:24:18.003 [  FINER] [   FXGL.SystemLogger] [     FXGL Launcher Thread] asset.cache.size = 35
28 Feb 2017, 11:24:18.003 [  FINER] [   FXGL.SystemLogger] [     FXGL Launcher Thread] fs.profiledir = profiles/
28 Feb 2017, 11:24:18.003 [  FINER] [   FXGL.SystemLogger] [     FXGL Launcher Thread] url.pom = https://raw.githubusercontent.com/AlmasB/FXGL/master/pom.xml
28 Feb 2017, 11:24:18.004 [  FINER] [   FXGL.SystemLogger] [     FXGL Launcher Thread] dev.showbbox = false
28 Feb 2017, 11:24:18.004 [  FINER] [   FXGL.SystemLogger] [     FXGL Launcher Thread] fs.datafile.ext = .dat
28 Feb 2017, 11:24:18.007 [  FINER] [   FXGL.SystemLogger] [     FXGL Launcher Thread] sound.menu.back = menu/back.wav
28 Feb 2017, 11:24:18.007 [  FINER] [   FXGL.SystemLogger] [     FXGL Launcher Thread] sound.menu.select = menu/select.wav
28 Feb 2017, 11:24:18.008 [  FINER] [   FXGL.SystemLogger] [     FXGL Launcher Thread] url.github = https://github.com/AlmasB/FXGL
28 Feb 2017, 11:24:18.008 [  FINER] [   FXGL.SystemLogger] [     FXGL Launcher Thread] url.surveymonkey = https://www.surveymonkey.co.uk/r/BH6LLPM
28 Feb 2017, 11:24:18.009 [  FINER] [   FXGL.SystemLogger] [     FXGL Launcher Thread] physics.ppm = 50.0
28 Feb 2017, 11:24:18.009 [  FINER] [   FXGL.SystemLogger] [     FXGL Launcher Thread] ui.css = fxgl.css
28 Feb 2017, 11:24:18.010 [  FINER] [   FXGL.SystemLogger] [     FXGL Launcher Thread] version.check.days = 7
28 Feb 2017, 11:24:18.010 [  FINER] [   FXGL.SystemLogger] [     FXGL Launcher Thread] fs.savefile.ext = .sav
28 Feb 2017, 11:24:18.011 [  FINER] [   FXGL.SystemLogger] [     FXGL Launcher Thread] pooling.initialSize = 128
28 Feb 2017, 11:24:18.013 [  FINER] [   FXGL.SystemLogger] [     FXGL Launcher Thread] ui.font = Copperplate_Gothic_Light_Regular.ttf
28 Feb 2017, 11:24:18.013 [  FINER] [   FXGL.SystemLogger] [     FXGL Launcher Thread] fs.savedir = saves/
28 Feb 2017, 11:24:18.014 [  FINER] [   FXGL.SystemLogger] [     FXGL Launcher Thread] fs.profilename = user.profile
28 Feb 2017, 11:24:18.014 [  FINER] [   FXGL.SystemLogger] [     FXGL Launcher Thread] ui.icon.name = fxgl_icon.png
28 Feb 2017, 11:24:18.015 [  FINER] [   FXGL.SystemLogger] [     FXGL Launcher Thread] url.googleforms = https://goo.gl/forms/6wrMnOBxTE1fEpOy2
28 Feb 2017, 11:24:18.015 [  FINER] [   FXGL.SystemLogger] [     FXGL Launcher Thread] sound.menu.press = menu/press.wav
28 Feb 2017, 11:24:18.015 [  FINER] [   FXGL.SystemLogger] [     FXGL Launcher Thread] Initializing user properties
28 Feb 2017, 11:24:18.016 [   INFO] [   FXGL.SystemLogger] [     FXGL Launcher Thread] User properties not found. Using system
28 Feb 2017, 11:24:18.017 [  FINER] [   FXGL.SystemLogger] [     FXGL Launcher Thread] Initializing app settings
28 Feb 2017, 11:24:18.035 [  FINER] [   FXGL.SystemLogger] [     FXGL Launcher Thread] Logging settings
Title: Pacman
Version: 0.1
Width: 960
Height: 840
Fullscreen: false
Intro: false
Menus: false
Profiling: false
App Mode: DEVELOPER
Menu Style: FXGL_DEFAULT
Menu Key: ESCAPE
Services: []
28 Feb 2017, 11:24:19.340 [  FINER] [   FXGL.SystemLogger] [     FXGL Launcher Thread] FXGL configuration complete
28 Feb 2017, 11:24:19.340 [   INFO] [   FXGL.SystemLogger] [     FXGL Launcher Thread] FXGL configuration took:  1.404 sec
28 Feb 2017, 11:24:19.343 [  FINER] [   FXGL.SystemLogger] [JavaFX Application Thread] Running task: UpdaterTask
28 Feb 2017, 11:24:20.725 [  FINER] [   FXGL.SystemLogger] [     FXGL Launcher Thread] Running task: PreInitTask
28 Feb 2017, 11:24:20.857 [  FINER] [   FXGL.SystemLogger] [     FXGL Launcher Thread] Running task: InitScenesTask
28 Feb 2017, 11:24:20.960 [  FINER] [   FXGL.SystemLogger] [     FXGL Launcher Thread] Running task: InitEventHandlersTask
28 Feb 2017, 11:24:20.995 [  FINER] [   FXGL.SystemLogger] [     FXGL Launcher Thread] Running task: InitProfilerTask
28 Feb 2017, 11:24:20.999 [  FINER] [   FXGL.SystemLogger] [     FXGL Launcher Thread] Pausing main loop
28 Feb 2017, 11:24:21.002 [  FINER] [   FXGL.SystemLogger] [     FXGL Launcher Thread] Resetting FXGL application
28 Feb 2017, 11:24:21.131 [   INFO] [   FXGL.SystemLogger] [     FXGL Launcher Thread] Game configuration took:  0.408 sec
28 Feb 2017, 11:24:21.522 [   INFO] [   FXGL.SystemLogger] [ FXGL Background Thread 1] Game initialization took: 0.390 sec
28 Feb 2017, 11:24:21.525 [  FINER] [   FXGL.SystemLogger] [JavaFX Application Thread] Resuming main loop
28 Feb 2017, 11:24:40.137 [  FINER] [   FXGL.SystemLogger] [JavaFX Application Thread] Pausing main loop
28 Feb 2017, 11:24:41.940 [  FINER] [   FXGL.SystemLogger] [JavaFX Application Thread] Resuming main loop
28 Feb 2017, 11:24:41.941 [  FINER] [   FXGL.SystemLogger] [JavaFX Application Thread] Exiting Normally
28 Feb 2017, 11:24:41.954 [  FINER] [   FXGL.SystemLogger] [JavaFX Application Thread] Exiting FXGL
28 Feb 2017, 11:24:41.955 [  FINER] [   FXGL.SystemLogger] [JavaFX Application Thread] Logger is closing
