11:17:00.640 [FXGL Launcher Thread     ] DEBUG FXGLLoggerFactory    - Service [LoggerFactory] initialized
11:17:00.647 [FXGL Launcher Thread     ] DEBUG FXGL                 - FXGL configuration complete
11:17:00.647 [FXGL Launcher Thread     ] DEBUG FXGL                 - Loading FXGL system data
11:17:00.652 [FXGL Launcher Thread     ] DEBUG IOTask               - Executing task: readDataTask(system/fxgl.bundle)
11:17:00.654 [FXGL Launcher Thread     ] DEBUG FS                   - Reading from: system\fxgl.bundle
11:17:00.660 [FXGL Launcher Thread     ] DEBUG IOTask               - Task succeeded: readDataTask(system/fxgl.bundle)
11:17:00.660 [FXGL Launcher Thread     ] DEBUG Bundle               - Logging bundle: FXGL
11:17:00.661 [FXGL Launcher Thread     ] DEBUG Bundle               - FXGL.offline.timer.version.check=2017-01-18T11:24:23.393
11:17:00.668 [FXGL Launcher Thread     ] DEBUG GameApplication      - Configuring GameApplication
11:17:00.673 [FXGL Launcher Thread     ] DEBUG FXGLExceptionHandler - Service [ExceptionHandler] initialized
11:17:00.673 [FXGL Launcher Thread     ] DEBUG FXGLEventBus         - Service [EventBus] initialized
11:17:00.677 [FXGL Launcher Thread     ] DEBUG FXGLExecutor         - Service [Executor] initialized
11:17:00.677 [FXGL Launcher Thread     ] DEBUG PreInitTask          - Injecting gameWorld & physicsWorld
11:17:00.682 [FXGL Launcher Thread     ] DEBUG GameWorld            - Game world initialized
11:17:00.730 [FXGL Launcher Thread     ] DEBUG FXGLPooler           - Service [Pooler] initialized with default size = 128
11:17:00.730 [FXGL Launcher Thread     ] DEBUG PhysicsWorld         - Physics world initialized: appHeight=840.0, physics.ppm=50.0
11:17:00.732 [FXGL Launcher Thread     ] DEBUG FXGLInput            - Service [Input] initialized
11:17:00.750 [FXGL Launcher Thread     ] DEBUG FXGLInput            - Registered new binding: Screenshot - P
11:17:00.751 [FXGL Launcher Thread     ] DEBUG FXGLInput            - Registered new binding: Dev Options - CTRL+0
11:17:00.751 [FXGL Launcher Thread     ] DEBUG FXGLInput            - Registered new binding: Up - W
11:17:00.777 [FXGL Launcher Thread     ] DEBUG GameScene            - Game scene initialized: 1040.0x840.0
11:17:00.786 [FXGL Launcher Thread     ] DEBUG FXGLAssetLoader      - Service [AssetLoader] initialized: cacheSize=35
11:17:00.790 [FXGL Launcher Thread     ] DEBUG FXGLAssetLoader      - Loading from disk: /assets/sounds/system/notification.wav
11:17:00.843 [FXGL Launcher Thread     ] DEBUG FXGLAssetLoader      - Loading from disk: /assets/sounds/menu/select.wav
11:17:00.845 [FXGL Launcher Thread     ] DEBUG FXGLAssetLoader      - Loading from disk: /assets/sounds/menu/back.wav
11:17:00.847 [FXGL Launcher Thread     ] DEBUG FXGLAssetLoader      - Loading from disk: /assets/sounds/menu/press.wav
11:17:00.850 [FXGL Launcher Thread     ] DEBUG FXGLAssetLoader      - Loading from disk: /assets/ui/fonts/Copperplate_Gothic_Light_Regular.ttf
11:17:00.982 [FXGL Launcher Thread     ] DEBUG FXGLAssetLoader      - Loading from disk: /assets/ui/css/fxgl.css
11:17:00.982 [FXGL Launcher Thread     ] DEBUG FXGLAssetLoader      - Loading from disk: /assets/ui/icons/fxgl_icon.png
11:17:01.013 [FXGL Launcher Thread     ] DEBUG FXGLAssetLoader      - Loading from disk: /assets/ui/css/fxgl_dark.css
11:17:01.025 [FXGL Launcher Thread     ] DEBUG FXGLDisplay          - Target size: DoubleProperty [value: 1040.0] x DoubleProperty [value: 840.0] @ 1.0
11:17:01.025 [FXGL Launcher Thread     ] DEBUG FXGLDisplay          - New size:    1040.0 x 840.0 @ DoubleProperty [value: 1.0]
11:17:01.026 [FXGL Launcher Thread     ] DEBUG FXGLDisplay          - Service [Display] initialized
11:17:01.026 [FXGL Launcher Thread     ] DEBUG FXGLDisplay          - Using CSS: CSS(externalForm=jar:file:/C:/Computer%20Science/Game%20Design/3rd/Pacman/lib/fxgl-0.2.9-uber.jar!/assets/ui/css/fxgl_dark.css)
11:17:01.027 [FXGL Launcher Thread     ] DEBUG InitScenesTask       - Injecting loadingScene & gameScene
11:17:01.049 [FXGL Launcher Thread     ] DEBUG FXGLMasterTimer      - Service [MasterTimer] initialized
11:17:01.052 [FXGL Launcher Thread     ] DEBUG FXGLAudioPlayer      - Service [AudioPlayer] initialized
11:17:01.061 [FXGL Launcher Thread     ] DEBUG GameApplication      - Starting new game
11:17:01.063 [FXGL Launcher Thread     ] DEBUG GameApplication      - Initializing App
11:17:01.064 [FXGL Launcher Thread     ] DEBUG FXGLInput            - Clearing active input actions
11:17:01.065 [FXGL Launcher Thread     ] DEBUG FXGLMasterTimer      - Stopping master timer
11:17:01.065 [FXGL Launcher Thread     ] DEBUG GameApplication      - State: STARTUP -> PAUSED
11:17:01.067 [FXGL Launcher Thread     ] DEBUG FXGLEventBus         - Firing event: FXGLEvent[type=PAUSE]
11:17:01.069 [FXGL Launcher Thread     ] DEBUG FXGLInput            - Clearing active input actions
11:17:01.069 [FXGL Launcher Thread     ] DEBUG FXGLMasterTimer      - Resetting ticks and clearing all actions
11:17:01.069 [FXGL Launcher Thread     ] DEBUG GameWorld            - Resetting game world
11:17:01.069 [FXGL Launcher Thread     ] TRACE EntityWorld          - Resetting entity world
11:17:01.071 [FXGL Launcher Thread     ] DEBUG PhysicsWorld         - Resetting physics world
11:17:01.072 [FXGL Launcher Thread     ] DEBUG GameScene            - Resetting game scene
11:17:01.072 [FXGL Launcher Thread     ] DEBUG FXGLEventBus         - Firing event: FXGLEvent[type=RESET]
11:17:01.125 [FXGL Launcher Thread     ] DEBUG GameApplication      - State: PAUSED -> LOADING
11:17:01.162 [FXGL Background Thread 1 ] DEBUG InitAppTask          - Initializing Assets
11:17:01.163 [FXGL Background Thread 1 ] DEBUG InitAppTask          - Initializing Game
11:17:01.190 [FXGL Background Thread 1 ] DEBUG InitAppTask          - Initializing Physics
11:17:01.191 [FXGL Background Thread 1 ] DEBUG InitAppTask          - Initializing UI
11:17:01.191 [FXGL Background Thread 1 ] DEBUG InitAppTask          - Initialization Complete
11:17:01.237 [JavaFX Application Thread] DEBUG FXGLDisplay          - Showing stage
11:17:01.237 [JavaFX Application Thread] DEBUG FXGLDisplay          - Root size: 1040.0x840.0
11:17:01.237 [JavaFX Application Thread] DEBUG FXGLDisplay          - Scene size: 1040.0x840.0
11:17:01.238 [JavaFX Application Thread] DEBUG FXGLDisplay          - Stage size: 1058.0x885.0
11:17:01.380 [JavaFX Application Thread] DEBUG FXGLInput            - Clearing active input actions
11:17:01.381 [JavaFX Application Thread] DEBUG FXGLMasterTimer      - Starting master timer
11:17:01.382 [JavaFX Application Thread] DEBUG GameApplication      - State: LOADING -> PLAYING
11:17:01.388 [JavaFX Application Thread] DEBUG FXGLEventBus         - Firing event: FXGLEvent[type=RESUME]
11:17:01.399 [JavaFX Application Thread] DEBUG GameScene            - Entity added to scene
11:17:01.401 [JavaFX Application Thread] DEBUG GameScene            - Added MainViewComponent
11:17:01.407 [JavaFX Application Thread] DEBUG GameScene            - Creating render group for layer: TOP(2147483647)
11:17:13.907 [JavaFX Application Thread] DEBUG FXGLEventBus         - Firing event: DisplayEvent[type=DIALOG_OPENED]
11:17:13.907 [JavaFX Application Thread] DEBUG FXGLInput            - Clearing active input actions
11:17:13.907 [JavaFX Application Thread] DEBUG FXGLMasterTimer      - Stopping master timer
11:17:13.907 [JavaFX Application Thread] DEBUG GameApplication      - State: PLAYING -> PAUSED
11:17:13.907 [JavaFX Application Thread] DEBUG FXGLEventBus         - Firing event: FXGLEvent[type=PAUSE]
11:17:13.908 [JavaFX Application Thread] DEBUG FXGLInput            - Clearing active input actions
11:17:15.348 [JavaFX Application Thread] DEBUG FXGLEventBus         - Firing event: DisplayEvent[type=DIALOG_CLOSED]
11:17:15.349 [JavaFX Application Thread] DEBUG FXGLInput            - Clearing active input actions
11:17:15.349 [JavaFX Application Thread] DEBUG FXGLMasterTimer      - Starting master timer
11:17:15.349 [JavaFX Application Thread] DEBUG GameApplication      - State: PAUSED -> PLAYING
11:17:15.349 [JavaFX Application Thread] DEBUG FXGLEventBus         - Firing event: FXGLEvent[type=RESUME]
11:17:15.350 [JavaFX Application Thread] DEBUG FXGLEventBus         - Firing event: DisplayEvent[type=CLOSE_REQUEST]
11:17:15.351 [JavaFX Application Thread] DEBUG FXGLEventBus         - Firing event: FXGLEvent[type=EXIT]
11:17:15.352 [JavaFX Application Thread] DEBUG FXGL                 - Saving FXGL system data
11:17:15.354 [JavaFX Application Thread] DEBUG IOTask               - Executing task: writeDataTask(system/fxgl.bundle)
11:17:15.357 [JavaFX Application Thread] DEBUG FS                   - Writing to: system\fxgl.bundle
11:17:15.368 [JavaFX Application Thread] DEBUG IOTask               - Task succeeded: writeDataTask(system/fxgl.bundle)
