11:05:39.374 [FXGL Launcher Thread     ] DEBUG FXGLLoggerFactory    - Service [LoggerFactory] initialized
11:05:39.381 [FXGL Launcher Thread     ] DEBUG FXGL                 - FXGL configuration complete
11:05:39.381 [FXGL Launcher Thread     ] DEBUG FXGL                 - Loading FXGL system data
11:05:39.386 [FXGL Launcher Thread     ] DEBUG IOTask               - Executing task: readDataTask(system/fxgl.bundle)
11:05:39.389 [FXGL Launcher Thread     ] DEBUG FS                   - Reading from: system\fxgl.bundle
11:05:39.399 [FXGL Launcher Thread     ] DEBUG IOTask               - Task succeeded: readDataTask(system/fxgl.bundle)
11:05:39.399 [FXGL Launcher Thread     ] DEBUG Bundle               - Logging bundle: FXGL
11:05:39.400 [FXGL Launcher Thread     ] DEBUG Bundle               - FXGL.offline.timer.version.check=2017-01-18T11:24:23.393
11:05:39.410 [JavaFX Application Thread] DEBUG UpdaterTask          - Checking for updates
11:05:39.490 [JavaFX Application Thread] DEBUG FXGLEventBus         - Service [EventBus] initialized
11:05:39.493 [JavaFX Application Thread] DEBUG FXGLExecutor         - Service [Executor] initialized
11:05:39.495 [JavaFX Application Thread] DEBUG IOTask               - Showing dialog
11:05:39.497 [FXGL Background Thread 1 ] DEBUG IOTask               - Executing task: openStream(https://raw.githubusercontent.com/AlmasB/FXGL/master/pom.xml)
11:05:39.497 [FXGL Background Thread 1 ] DEBUG IOTask               - Executing task: openStream(https://raw.githubusercontent.com/AlmasB/FXGL/master/pom.xml)
11:05:40.040 [JavaFX Application Thread] DEBUG IOTask               - fail(): Dismissing dialog
11:05:40.041 [JavaFX Application Thread] WARN  IOTask               - Task failed: openStream(https://raw.githubusercontent.com/AlmasB/FXGL/master/pom.xml) Error: javax.net.ssl.SSLHandshakeException: sun.security.validator.ValidatorException: PKIX path building failed: sun.security.provider.certpath.SunCertPathBuilderException: unable to find valid certification path to requested target
11:05:40.041 [JavaFX Application Thread] WARN  UpdaterTask          - Failed to find updates: javax.net.ssl.SSLHandshakeException: sun.security.validator.ValidatorException: PKIX path building failed: sun.security.provider.certpath.SunCertPathBuilderException: unable to find valid certification path to requested target
11:05:41.645 [FXGL Launcher Thread     ] DEBUG GameApplication      - Configuring GameApplication
11:05:41.650 [FXGL Launcher Thread     ] DEBUG FXGLExceptionHandler - Service [ExceptionHandler] initialized
11:05:41.650 [FXGL Launcher Thread     ] DEBUG PreInitTask          - Injecting gameWorld & physicsWorld
11:05:41.659 [FXGL Launcher Thread     ] DEBUG GameWorld            - Game world initialized
11:05:41.740 [FXGL Launcher Thread     ] DEBUG FXGLPooler           - Service [Pooler] initialized with default size = 128
11:05:41.740 [FXGL Launcher Thread     ] DEBUG PhysicsWorld         - Physics world initialized: appHeight=840.0, physics.ppm=50.0
11:05:41.745 [FXGL Launcher Thread     ] DEBUG FXGLInput            - Service [Input] initialized
11:05:41.772 [FXGL Launcher Thread     ] DEBUG FXGLInput            - Registered new binding: Screenshot - P
11:05:41.775 [FXGL Launcher Thread     ] DEBUG FXGLInput            - Registered new binding: Dev Options - CTRL+0
11:05:41.777 [FXGL Launcher Thread     ] DEBUG FXGLInput            - Registered new binding: Up - W
11:05:41.777 [FXGL Launcher Thread     ] DEBUG FXGLInput            - Registered new binding: Left - A
11:05:41.777 [FXGL Launcher Thread     ] DEBUG FXGLInput            - Registered new binding: Down - S
11:05:41.777 [FXGL Launcher Thread     ] DEBUG FXGLInput            - Registered new binding: Right - D
11:05:41.812 [FXGL Launcher Thread     ] DEBUG GameScene            - Game scene initialized: 960.0x840.0
11:05:41.816 [FXGL Launcher Thread     ] DEBUG FXGLAssetLoader      - Service [AssetLoader] initialized: cacheSize=35
11:05:41.819 [FXGL Launcher Thread     ] DEBUG FXGLAssetLoader      - Loading from disk: /assets/sounds/system/notification.wav
11:05:41.851 [FXGL Launcher Thread     ] DEBUG FXGLAssetLoader      - Loading from disk: /assets/sounds/menu/select.wav
11:05:41.853 [FXGL Launcher Thread     ] DEBUG FXGLAssetLoader      - Loading from disk: /assets/sounds/menu/back.wav
11:05:41.856 [FXGL Launcher Thread     ] DEBUG FXGLAssetLoader      - Loading from disk: /assets/sounds/menu/press.wav
11:05:41.859 [FXGL Launcher Thread     ] DEBUG FXGLAssetLoader      - Loading from disk: /assets/ui/fonts/Copperplate_Gothic_Light_Regular.ttf
11:05:41.868 [FXGL Launcher Thread     ] DEBUG FXGLAssetLoader      - Loading from disk: /assets/ui/css/fxgl.css
11:05:41.868 [FXGL Launcher Thread     ] DEBUG FXGLAssetLoader      - Loading from disk: /assets/ui/icons/fxgl_icon.png
11:05:41.898 [FXGL Launcher Thread     ] DEBUG FXGLAssetLoader      - Loading from disk: /assets/ui/css/fxgl_dark.css
11:05:41.910 [FXGL Launcher Thread     ] DEBUG FXGLDisplay          - Target size: DoubleProperty [value: 960.0] x DoubleProperty [value: 840.0] @ 1.0
11:05:41.910 [FXGL Launcher Thread     ] DEBUG FXGLDisplay          - New size:    960.0 x 840.0 @ DoubleProperty [value: 1.0]
11:05:41.911 [FXGL Launcher Thread     ] DEBUG FXGLDisplay          - Service [Display] initialized
11:05:41.911 [FXGL Launcher Thread     ] DEBUG FXGLDisplay          - Using CSS: CSS(externalForm=jar:file:/C:/Computer%20Science/Game%20Design/3rd/Pacman/lib/fxgl-0.2.9-uber.jar!/assets/ui/css/fxgl_dark.css)
11:05:41.912 [FXGL Launcher Thread     ] DEBUG InitScenesTask       - Injecting loadingScene & gameScene
11:05:41.936 [FXGL Launcher Thread     ] DEBUG FXGLMasterTimer      - Service [MasterTimer] initialized
11:05:41.940 [FXGL Launcher Thread     ] DEBUG FXGLAudioPlayer      - Service [AudioPlayer] initialized
11:05:41.949 [FXGL Launcher Thread     ] DEBUG GameApplication      - Starting new game
11:05:41.951 [FXGL Launcher Thread     ] DEBUG GameApplication      - Initializing App
11:05:41.952 [FXGL Launcher Thread     ] DEBUG FXGLInput            - Clearing active input actions
11:05:41.952 [FXGL Launcher Thread     ] DEBUG FXGLMasterTimer      - Stopping master timer
11:05:41.953 [FXGL Launcher Thread     ] DEBUG GameApplication      - State: STARTUP -> PAUSED
11:05:41.953 [FXGL Launcher Thread     ] DEBUG FXGLEventBus         - Firing event: FXGLEvent[type=PAUSE]
11:05:41.954 [FXGL Launcher Thread     ] DEBUG FXGLInput            - Clearing active input actions
11:05:41.955 [FXGL Launcher Thread     ] DEBUG FXGLMasterTimer      - Resetting ticks and clearing all actions
11:05:41.955 [FXGL Launcher Thread     ] DEBUG GameWorld            - Resetting game world
11:05:41.955 [FXGL Launcher Thread     ] TRACE EntityWorld          - Resetting entity world
11:05:41.958 [FXGL Launcher Thread     ] DEBUG PhysicsWorld         - Resetting physics world
11:05:41.958 [FXGL Launcher Thread     ] DEBUG GameScene            - Resetting game scene
11:05:41.958 [FXGL Launcher Thread     ] DEBUG FXGLEventBus         - Firing event: FXGLEvent[type=RESET]
11:05:42.034 [FXGL Launcher Thread     ] DEBUG GameApplication      - State: PAUSED -> LOADING
11:05:42.067 [FXGL Background Thread 1 ] DEBUG InitAppTask          - Initializing Assets
11:05:42.068 [FXGL Background Thread 1 ] DEBUG InitAppTask          - Initializing Game
11:05:42.076 [FXGL Background Thread 1 ] DEBUG FXGLAssetLoader      - Loading from disk: /assets/text/level.txt
11:05:42.166 [JavaFX Application Thread] DEBUG FXGLDisplay          - Showing stage
11:05:42.166 [JavaFX Application Thread] DEBUG FXGLDisplay          - Root size: 960.0x840.0
11:05:42.167 [JavaFX Application Thread] DEBUG FXGLDisplay          - Scene size: 960.0x840.0
11:05:42.167 [JavaFX Application Thread] DEBUG FXGLDisplay          - Stage size: 978.0x885.0
11:05:42.528 [FXGL Background Thread 1 ] DEBUG GameWorld            - Resetting game world
11:05:42.528 [FXGL Background Thread 1 ] TRACE EntityWorld          - Resetting entity world
11:05:42.528 [FXGL Background Thread 1 ] DEBUG PhysicsWorld         - Resetting physics world
11:05:42.529 [FXGL Background Thread 1 ] DEBUG GameScene            - Resetting game scene
11:05:42.529 [FXGL Background Thread 1 ] DEBUG GameWorld            - Setting level: com.almasb.fxgl.gameplay.Level@48250582
11:05:42.530 [FXGL Background Thread 1 ] DEBUG InitAppTask          - Initializing Physics
11:05:42.532 [FXGL Background Thread 1 ] DEBUG InitAppTask          - Initializing UI
11:05:42.532 [FXGL Background Thread 1 ] DEBUG FXGLAssetLoader      - Loading from disk: /assets/ui/pacman_ui.fxml
11:05:42.629 [FXGL Background Thread 1 ] DEBUG GameScene            - Adding UI node: Pane@4aefc532
11:05:42.629 [FXGL Background Thread 1 ] DEBUG InitAppTask          - Initialization Complete
11:05:42.631 [JavaFX Application Thread] DEBUG FXGLInput            - Clearing active input actions
11:05:42.632 [JavaFX Application Thread] DEBUG FXGLMasterTimer      - Starting master timer
11:05:42.632 [JavaFX Application Thread] DEBUG GameApplication      - State: LOADING -> PLAYING
11:05:42.651 [JavaFX Application Thread] DEBUG FXGLEventBus         - Firing event: FXGLEvent[type=RESUME]
11:05:42.661 [JavaFX Application Thread] DEBUG GameScene            - Entity added to scene
11:05:42.662 [JavaFX Application Thread] DEBUG GameScene            - Added MainViewComponent
11:05:42.671 [JavaFX Application Thread] DEBUG GameScene            - Creating render group for layer: PLAYGROUND(1073741823)
11:05:42.678 [JavaFX Application Thread] DEBUG GameScene            - Entity added to scene
11:05:42.678 [JavaFX Application Thread] DEBUG GameScene            - Added MainViewComponent
11:05:42.679 [JavaFX Application Thread] DEBUG GameScene            - Entity added to scene
11:05:42.679 [JavaFX Application Thread] DEBUG GameScene            - Added MainViewComponent
11:05:42.679 [JavaFX Application Thread] DEBUG GameScene            - Entity added to scene
11:05:42.679 [JavaFX Application Thread] DEBUG GameScene            - Added MainViewComponent
11:05:42.679 [JavaFX Application Thread] DEBUG GameScene            - Entity added to scene
11:05:42.679 [JavaFX Application Thread] DEBUG GameScene            - Added MainViewComponent
11:05:42.680 [JavaFX Application Thread] DEBUG GameScene            - Entity added to scene
11:05:42.680 [JavaFX Application Thread] DEBUG GameScene            - Added MainViewComponent
11:05:42.680 [JavaFX Application Thread] DEBUG GameScene            - Entity added to scene
11:05:42.680 [JavaFX Application Thread] DEBUG GameScene            - Added MainViewComponent
11:05:42.681 [JavaFX Application Thread] DEBUG GameScene            - Entity added to scene
11:05:42.681 [JavaFX Application Thread] DEBUG GameScene            - Added MainViewComponent
11:05:42.682 [JavaFX Application Thread] DEBUG GameScene            - Entity added to scene
11:05:42.682 [JavaFX Application Thread] DEBUG GameScene            - Added MainViewComponent
11:05:42.682 [JavaFX Application Thread] DEBUG GameScene            - Entity added to scene
11:05:42.682 [JavaFX Application Thread] DEBUG GameScene            - Added MainViewComponent
11:05:42.683 [JavaFX Application Thread] DEBUG GameScene            - Entity added to scene
11:05:42.683 [JavaFX Application Thread] DEBUG GameScene            - Added MainViewComponent
11:05:42.683 [JavaFX Application Thread] DEBUG GameScene            - Entity added to scene
11:05:42.683 [JavaFX Application Thread] DEBUG GameScene            - Added MainViewComponent
11:05:42.684 [JavaFX Application Thread] DEBUG GameScene            - Entity added to scene
11:05:42.684 [JavaFX Application Thread] DEBUG GameScene            - Added MainViewComponent
11:05:42.684 [JavaFX Application Thread] DEBUG GameScene            - Entity added to scene
11:05:42.684 [JavaFX Application Thread] DEBUG GameScene            - Added MainViewComponent
11:05:42.685 [JavaFX Application Thread] DEBUG GameScene            - Entity added to scene
11:05:42.685 [JavaFX Application Thread] DEBUG GameScene            - Added MainViewComponent
11:05:42.685 [JavaFX Application Thread] DEBUG GameScene            - Entity added to scene
11:05:42.685 [JavaFX Application Thread] DEBUG GameScene            - Added MainViewComponent
11:05:42.686 [JavaFX Application Thread] DEBUG GameScene            - Entity added to scene
11:05:42.686 [JavaFX Application Thread] DEBUG GameScene            - Added MainViewComponent
11:05:42.686 [JavaFX Application Thread] DEBUG GameScene            - Entity added to scene
11:05:42.686 [JavaFX Application Thread] DEBUG GameScene            - Added MainViewComponent
11:05:42.687 [JavaFX Application Thread] DEBUG GameScene            - Entity added to scene
11:05:42.687 [JavaFX Application Thread] DEBUG GameScene            - Added MainViewComponent
11:05:42.688 [JavaFX Application Thread] DEBUG GameScene            - Entity added to scene
11:05:42.688 [JavaFX Application Thread] DEBUG GameScene            - Added MainViewComponent
11:05:42.688 [JavaFX Application Thread] DEBUG GameScene            - Entity added to scene
11:05:42.688 [JavaFX Application Thread] DEBUG GameScene            - Added MainViewComponent
11:05:42.689 [JavaFX Application Thread] DEBUG GameScene            - Entity added to scene
11:05:42.689 [JavaFX Application Thread] DEBUG GameScene            - Added MainViewComponent
11:05:42.690 [JavaFX Application Thread] DEBUG GameScene            - Entity added to scene
11:05:42.690 [JavaFX Application Thread] DEBUG GameScene            - Added MainViewComponent
11:05:42.694 [JavaFX Application Thread] DEBUG GameScene            - Entity added to scene
11:05:42.694 [JavaFX Application Thread] DEBUG GameScene            - Added MainViewComponent
11:05:42.695 [JavaFX Application Thread] DEBUG GameScene            - Entity added to scene
11:05:42.695 [JavaFX Application Thread] DEBUG GameScene            - Added MainViewComponent
11:05:42.695 [JavaFX Application Thread] DEBUG GameScene            - Entity added to scene
11:05:42.695 [JavaFX Application Thread] DEBUG GameScene            - Added MainViewComponent
11:05:42.696 [JavaFX Application Thread] DEBUG GameScene            - Entity added to scene
11:05:42.696 [JavaFX Application Thread] DEBUG GameScene            - Added MainViewComponent
11:05:42.697 [JavaFX Application Thread] DEBUG GameScene            - Entity added to scene
11:05:42.697 [JavaFX Application Thread] DEBUG GameScene            - Added MainViewComponent
11:05:42.697 [JavaFX Application Thread] DEBUG GameScene            - Entity added to scene
11:05:42.697 [JavaFX Application Thread] DEBUG GameScene            - Added MainViewComponent
11:05:42.698 [JavaFX Application Thread] DEBUG GameScene            - Entity added to scene
11:05:42.698 [JavaFX Application Thread] DEBUG GameScene            - Added MainViewComponent
11:05:42.698 [JavaFX Application Thread] DEBUG GameScene            - Entity added to scene
11:05:42.699 [JavaFX Application Thread] DEBUG GameScene            - Added MainViewComponent
11:05:42.699 [JavaFX Application Thread] DEBUG GameScene            - Entity added to scene
11:05:42.699 [JavaFX Application Thread] DEBUG GameScene            - Added MainViewComponent
11:05:42.700 [JavaFX Application Thread] DEBUG GameScene            - Entity added to scene
11:05:42.700 [JavaFX Application Thread] DEBUG GameScene            - Added MainViewComponent
11:05:42.700 [JavaFX Application Thread] DEBUG GameScene            - Entity added to scene
11:05:42.700 [JavaFX Application Thread] DEBUG GameScene            - Added MainViewComponent
11:05:42.701 [JavaFX Application Thread] DEBUG GameScene            - Entity added to scene
11:05:42.701 [JavaFX Application Thread] DEBUG GameScene            - Added MainViewComponent
11:05:42.701 [JavaFX Application Thread] DEBUG GameScene            - Entity added to scene
11:05:42.701 [JavaFX Application Thread] DEBUG GameScene            - Added MainViewComponent
11:05:42.701 [JavaFX Application Thread] DEBUG GameScene            - Entity added to scene
11:05:42.701 [JavaFX Application Thread] DEBUG GameScene            - Added MainViewComponent
11:05:42.702 [JavaFX Application Thread] DEBUG GameScene            - Entity added to scene
11:05:42.702 [JavaFX Application Thread] DEBUG GameScene            - Added MainViewComponent
11:05:42.702 [JavaFX Application Thread] DEBUG GameScene            - Entity added to scene
11:05:42.703 [JavaFX Application Thread] DEBUG GameScene            - Added MainViewComponent
11:05:42.703 [JavaFX Application Thread] DEBUG GameScene            - Entity added to scene
11:05:42.703 [JavaFX Application Thread] DEBUG GameScene            - Added MainViewComponent
11:05:42.703 [JavaFX Application Thread] DEBUG GameScene            - Entity added to scene
11:05:42.704 [JavaFX Application Thread] DEBUG GameScene            - Added MainViewComponent
11:05:42.704 [JavaFX Application Thread] DEBUG GameScene            - Entity added to scene
11:05:42.704 [JavaFX Application Thread] DEBUG GameScene            - Added MainViewComponent
11:05:42.705 [JavaFX Application Thread] DEBUG GameScene            - Entity added to scene
11:05:42.705 [JavaFX Application Thread] DEBUG GameScene            - Added MainViewComponent
11:05:42.705 [JavaFX Application Thread] DEBUG GameScene            - Entity added to scene
11:05:42.705 [JavaFX Application Thread] DEBUG GameScene            - Added MainViewComponent
11:05:42.706 [JavaFX Application Thread] DEBUG GameScene            - Entity added to scene
11:05:42.706 [JavaFX Application Thread] DEBUG GameScene            - Added MainViewComponent
11:05:42.706 [JavaFX Application Thread] DEBUG GameScene            - Entity added to scene
11:05:42.706 [JavaFX Application Thread] DEBUG GameScene            - Added MainViewComponent
11:05:42.706 [JavaFX Application Thread] DEBUG GameScene            - Entity added to scene
11:05:42.707 [JavaFX Application Thread] DEBUG GameScene            - Added MainViewComponent
11:05:42.707 [JavaFX Application Thread] DEBUG GameScene            - Entity added to scene
11:05:42.707 [JavaFX Application Thread] DEBUG GameScene            - Added MainViewComponent
11:05:42.707 [JavaFX Application Thread] DEBUG GameScene            - Entity added to scene
11:05:42.707 [JavaFX Application Thread] DEBUG GameScene            - Added MainViewComponent
11:05:42.707 [JavaFX Application Thread] DEBUG GameScene            - Entity added to scene
11:05:42.708 [JavaFX Application Thread] DEBUG GameScene            - Added MainViewComponent
11:05:42.709 [JavaFX Application Thread] DEBUG GameScene            - Entity added to scene
11:05:42.709 [JavaFX Application Thread] DEBUG GameScene            - Added MainViewComponent
11:05:42.709 [JavaFX Application Thread] DEBUG GameScene            - Entity added to scene
11:05:42.710 [JavaFX Application Thread] DEBUG GameScene            - Added MainViewComponent
11:05:42.710 [JavaFX Application Thread] DEBUG GameScene            - Entity added to scene
11:05:42.710 [JavaFX Application Thread] DEBUG GameScene            - Added MainViewComponent
11:05:42.710 [JavaFX Application Thread] DEBUG GameScene            - Entity added to scene
11:05:42.710 [JavaFX Application Thread] DEBUG GameScene            - Added MainViewComponent
11:05:42.711 [JavaFX Application Thread] DEBUG GameScene            - Entity added to scene
11:05:42.711 [JavaFX Application Thread] DEBUG GameScene            - Added MainViewComponent
11:05:42.711 [JavaFX Application Thread] DEBUG GameScene            - Entity added to scene
11:05:42.711 [JavaFX Application Thread] DEBUG GameScene            - Added MainViewComponent
11:05:42.712 [JavaFX Application Thread] DEBUG GameScene            - Entity added to scene
11:05:42.712 [JavaFX Application Thread] DEBUG GameScene            - Added MainViewComponent
11:05:42.712 [JavaFX Application Thread] DEBUG GameScene            - Entity added to scene
11:05:42.712 [JavaFX Application Thread] DEBUG GameScene            - Added MainViewComponent
11:05:42.713 [JavaFX Application Thread] DEBUG GameScene            - Entity added to scene
11:05:42.713 [JavaFX Application Thread] DEBUG GameScene            - Added MainViewComponent
11:05:42.713 [JavaFX Application Thread] DEBUG GameScene            - Entity added to scene
11:05:42.713 [JavaFX Application Thread] DEBUG GameScene            - Added MainViewComponent
11:05:42.714 [JavaFX Application Thread] DEBUG GameScene            - Entity added to scene
11:05:42.714 [JavaFX Application Thread] DEBUG GameScene            - Added MainViewComponent
11:05:42.714 [JavaFX Application Thread] DEBUG GameScene            - Entity added to scene
11:05:42.714 [JavaFX Application Thread] DEBUG GameScene            - Added MainViewComponent
11:05:42.715 [JavaFX Application Thread] DEBUG GameScene            - Entity added to scene
11:05:42.715 [JavaFX Application Thread] DEBUG GameScene            - Added MainViewComponent
11:05:42.715 [JavaFX Application Thread] DEBUG GameScene            - Entity added to scene
11:05:42.715 [JavaFX Application Thread] DEBUG GameScene            - Added MainViewComponent
11:05:42.716 [JavaFX Application Thread] DEBUG GameScene            - Entity added to scene
11:05:42.716 [JavaFX Application Thread] DEBUG GameScene            - Added MainViewComponent
11:05:42.716 [JavaFX Application Thread] DEBUG GameScene            - Entity added to scene
11:05:42.716 [JavaFX Application Thread] DEBUG GameScene            - Added MainViewComponent
11:05:42.716 [JavaFX Application Thread] DEBUG GameScene            - Entity added to scene
11:05:42.716 [JavaFX Application Thread] DEBUG GameScene            - Added MainViewComponent
11:05:42.717 [JavaFX Application Thread] DEBUG GameScene            - Entity added to scene
11:05:42.717 [JavaFX Application Thread] DEBUG GameScene            - Added MainViewComponent
11:05:42.717 [JavaFX Application Thread] DEBUG GameScene            - Entity added to scene
11:05:42.717 [JavaFX Application Thread] DEBUG GameScene            - Added MainViewComponent
11:05:42.717 [JavaFX Application Thread] DEBUG GameScene            - Entity added to scene
11:05:42.717 [JavaFX Application Thread] DEBUG GameScene            - Added MainViewComponent
11:05:42.718 [JavaFX Application Thread] DEBUG GameScene            - Entity added to scene
11:05:42.718 [JavaFX Application Thread] DEBUG GameScene            - Added MainViewComponent
11:05:42.718 [JavaFX Application Thread] DEBUG GameScene            - Entity added to scene
11:05:42.718 [JavaFX Application Thread] DEBUG GameScene            - Added MainViewComponent
11:05:42.718 [JavaFX Application Thread] DEBUG GameScene            - Entity added to scene
11:05:42.718 [JavaFX Application Thread] DEBUG GameScene            - Added MainViewComponent
11:05:42.718 [JavaFX Application Thread] DEBUG GameScene            - Entity added to scene
11:05:42.719 [JavaFX Application Thread] DEBUG GameScene            - Added MainViewComponent
11:05:42.719 [JavaFX Application Thread] DEBUG GameScene            - Entity added to scene
11:05:42.719 [JavaFX Application Thread] DEBUG GameScene            - Added MainViewComponent
11:05:42.719 [JavaFX Application Thread] DEBUG GameScene            - Entity added to scene
11:05:42.719 [JavaFX Application Thread] DEBUG GameScene            - Added MainViewComponent
11:05:42.719 [JavaFX Application Thread] DEBUG GameScene            - Entity added to scene
11:05:42.719 [JavaFX Application Thread] DEBUG GameScene            - Added MainViewComponent
11:05:42.720 [JavaFX Application Thread] DEBUG GameScene            - Entity added to scene
11:05:42.720 [JavaFX Application Thread] DEBUG GameScene            - Added MainViewComponent
11:05:42.720 [JavaFX Application Thread] DEBUG GameScene            - Entity added to scene
11:05:42.720 [JavaFX Application Thread] DEBUG GameScene            - Added MainViewComponent
11:05:42.720 [JavaFX Application Thread] DEBUG GameScene            - Entity added to scene
11:05:42.720 [JavaFX Application Thread] DEBUG GameScene            - Added MainViewComponent
11:05:42.721 [JavaFX Application Thread] DEBUG GameScene            - Entity added to scene
11:05:42.721 [JavaFX Application Thread] DEBUG GameScene            - Added MainViewComponent
11:05:42.721 [JavaFX Application Thread] DEBUG GameScene            - Entity added to scene
11:05:42.721 [JavaFX Application Thread] DEBUG GameScene            - Added MainViewComponent
11:05:42.721 [JavaFX Application Thread] DEBUG GameScene            - Entity added to scene
11:05:42.722 [JavaFX Application Thread] DEBUG GameScene            - Added MainViewComponent
11:05:42.722 [JavaFX Application Thread] DEBUG GameScene            - Entity added to scene
11:05:42.722 [JavaFX Application Thread] DEBUG GameScene            - Added MainViewComponent
11:05:42.723 [JavaFX Application Thread] DEBUG GameScene            - Entity added to scene
11:05:42.723 [JavaFX Application Thread] DEBUG GameScene            - Added MainViewComponent
11:05:42.723 [JavaFX Application Thread] DEBUG GameScene            - Entity added to scene
11:05:42.723 [JavaFX Application Thread] DEBUG GameScene            - Added MainViewComponent
11:05:42.723 [JavaFX Application Thread] DEBUG GameScene            - Entity added to scene
11:05:42.724 [JavaFX Application Thread] DEBUG GameScene            - Added MainViewComponent
11:05:42.724 [JavaFX Application Thread] DEBUG GameScene            - Entity added to scene
11:05:42.724 [JavaFX Application Thread] DEBUG GameScene            - Added MainViewComponent
11:05:42.725 [JavaFX Application Thread] DEBUG GameScene            - Entity added to scene
11:05:42.725 [JavaFX Application Thread] DEBUG GameScene            - Added MainViewComponent
11:05:42.725 [JavaFX Application Thread] DEBUG GameScene            - Entity added to scene
11:05:42.725 [JavaFX Application Thread] DEBUG GameScene            - Added MainViewComponent
11:05:42.726 [JavaFX Application Thread] DEBUG GameScene            - Entity added to scene
11:05:42.726 [JavaFX Application Thread] DEBUG GameScene            - Added MainViewComponent
11:05:42.726 [JavaFX Application Thread] DEBUG GameScene            - Entity added to scene
11:05:42.727 [JavaFX Application Thread] DEBUG GameScene            - Added MainViewComponent
11:05:42.727 [JavaFX Application Thread] DEBUG GameScene            - Entity added to scene
11:05:42.727 [JavaFX Application Thread] DEBUG GameScene            - Added MainViewComponent
11:05:42.728 [JavaFX Application Thread] DEBUG GameScene            - Entity added to scene
11:05:42.728 [JavaFX Application Thread] DEBUG GameScene            - Added MainViewComponent
11:05:42.728 [JavaFX Application Thread] DEBUG GameScene            - Entity added to scene
11:05:42.728 [JavaFX Application Thread] DEBUG GameScene            - Added MainViewComponent
11:05:42.729 [JavaFX Application Thread] DEBUG GameScene            - Entity added to scene
11:05:42.729 [JavaFX Application Thread] DEBUG GameScene            - Added MainViewComponent
11:05:42.729 [JavaFX Application Thread] DEBUG GameScene            - Entity added to scene
11:05:42.729 [JavaFX Application Thread] DEBUG GameScene            - Added MainViewComponent
11:05:42.730 [JavaFX Application Thread] DEBUG GameScene            - Entity added to scene
11:05:42.730 [JavaFX Application Thread] DEBUG GameScene            - Added MainViewComponent
11:05:42.730 [JavaFX Application Thread] DEBUG GameScene            - Entity added to scene
11:05:42.731 [JavaFX Application Thread] DEBUG GameScene            - Added MainViewComponent
11:05:42.731 [JavaFX Application Thread] DEBUG GameScene            - Entity added to scene
11:05:42.731 [JavaFX Application Thread] DEBUG GameScene            - Added MainViewComponent
11:05:42.731 [JavaFX Application Thread] DEBUG GameScene            - Entity added to scene
11:05:42.731 [JavaFX Application Thread] DEBUG GameScene            - Added MainViewComponent
11:05:42.732 [JavaFX Application Thread] DEBUG GameScene            - Entity added to scene
11:05:42.732 [JavaFX Application Thread] DEBUG GameScene            - Added MainViewComponent
11:05:42.732 [JavaFX Application Thread] DEBUG GameScene            - Entity added to scene
11:05:42.732 [JavaFX Application Thread] DEBUG GameScene            - Added MainViewComponent
11:05:42.733 [JavaFX Application Thread] DEBUG GameScene            - Entity added to scene
11:05:42.733 [JavaFX Application Thread] DEBUG GameScene            - Added MainViewComponent
11:05:42.733 [JavaFX Application Thread] DEBUG GameScene            - Entity added to scene
11:05:42.733 [JavaFX Application Thread] DEBUG GameScene            - Added MainViewComponent
11:05:42.734 [JavaFX Application Thread] DEBUG GameScene            - Entity added to scene
11:05:42.734 [JavaFX Application Thread] DEBUG GameScene            - Added MainViewComponent
11:05:42.734 [JavaFX Application Thread] DEBUG GameScene            - Entity added to scene
11:05:42.734 [JavaFX Application Thread] DEBUG GameScene            - Added MainViewComponent
11:05:42.735 [JavaFX Application Thread] DEBUG GameScene            - Entity added to scene
11:05:42.735 [JavaFX Application Thread] DEBUG GameScene            - Added MainViewComponent
11:05:42.735 [JavaFX Application Thread] DEBUG GameScene            - Entity added to scene
11:05:42.735 [JavaFX Application Thread] DEBUG GameScene            - Added MainViewComponent
11:05:42.736 [JavaFX Application Thread] DEBUG GameScene            - Entity added to scene
11:05:42.736 [JavaFX Application Thread] DEBUG GameScene            - Added MainViewComponent
11:05:42.736 [JavaFX Application Thread] DEBUG GameScene            - Entity added to scene
11:05:42.736 [JavaFX Application Thread] DEBUG GameScene            - Added MainViewComponent
11:05:42.737 [JavaFX Application Thread] DEBUG GameScene            - Entity added to scene
11:05:42.737 [JavaFX Application Thread] DEBUG GameScene            - Added MainViewComponent
11:05:42.739 [JavaFX Application Thread] DEBUG GameScene            - Entity added to scene
11:05:42.739 [JavaFX Application Thread] DEBUG GameScene            - Added MainViewComponent
11:05:42.740 [JavaFX Application Thread] DEBUG GameScene            - Entity added to scene
11:05:42.740 [JavaFX Application Thread] DEBUG GameScene            - Added MainViewComponent
11:05:42.740 [JavaFX Application Thread] DEBUG GameScene            - Entity added to scene
11:05:42.740 [JavaFX Application Thread] DEBUG GameScene            - Added MainViewComponent
11:05:42.741 [JavaFX Application Thread] DEBUG GameScene            - Entity added to scene
11:05:42.741 [JavaFX Application Thread] DEBUG GameScene            - Added MainViewComponent
11:05:42.741 [JavaFX Application Thread] DEBUG GameScene            - Entity added to scene
11:05:42.742 [JavaFX Application Thread] DEBUG GameScene            - Added MainViewComponent
11:05:42.742 [JavaFX Application Thread] DEBUG GameScene            - Entity added to scene
11:05:42.742 [JavaFX Application Thread] DEBUG GameScene            - Added MainViewComponent
11:05:42.743 [JavaFX Application Thread] DEBUG GameScene            - Entity added to scene
11:05:42.743 [JavaFX Application Thread] DEBUG GameScene            - Added MainViewComponent
11:05:42.744 [JavaFX Application Thread] DEBUG GameScene            - Entity added to scene
11:05:42.744 [JavaFX Application Thread] DEBUG GameScene            - Added MainViewComponent
11:05:42.744 [JavaFX Application Thread] DEBUG GameScene            - Entity added to scene
11:05:42.744 [JavaFX Application Thread] DEBUG GameScene            - Added MainViewComponent
11:05:42.745 [JavaFX Application Thread] DEBUG GameScene            - Entity added to scene
11:05:42.745 [JavaFX Application Thread] DEBUG GameScene            - Added MainViewComponent
11:05:42.745 [JavaFX Application Thread] DEBUG GameScene            - Entity added to scene
11:05:42.745 [JavaFX Application Thread] DEBUG GameScene            - Added MainViewComponent
11:05:42.746 [JavaFX Application Thread] DEBUG GameScene            - Entity added to scene
11:05:42.746 [JavaFX Application Thread] DEBUG GameScene            - Added MainViewComponent
11:05:42.746 [JavaFX Application Thread] DEBUG GameScene            - Entity added to scene
11:05:42.747 [JavaFX Application Thread] DEBUG GameScene            - Added MainViewComponent
11:05:42.747 [JavaFX Application Thread] DEBUG GameScene            - Entity added to scene
11:05:42.747 [JavaFX Application Thread] DEBUG GameScene            - Added MainViewComponent
11:05:42.747 [JavaFX Application Thread] DEBUG GameScene            - Entity added to scene
11:05:42.747 [JavaFX Application Thread] DEBUG GameScene            - Added MainViewComponent
11:05:42.747 [JavaFX Application Thread] DEBUG GameScene            - Entity added to scene
11:05:42.747 [JavaFX Application Thread] DEBUG GameScene            - Added MainViewComponent
11:05:42.749 [JavaFX Application Thread] DEBUG GameScene            - Entity added to scene
11:05:42.749 [JavaFX Application Thread] DEBUG GameScene            - Added MainViewComponent
11:05:42.749 [JavaFX Application Thread] DEBUG GameScene            - Entity added to scene
11:05:42.749 [JavaFX Application Thread] DEBUG GameScene            - Added MainViewComponent
11:05:42.749 [JavaFX Application Thread] DEBUG GameScene            - Entity added to scene
11:05:42.749 [JavaFX Application Thread] DEBUG GameScene            - Added MainViewComponent
11:05:42.750 [JavaFX Application Thread] DEBUG GameScene            - Entity added to scene
11:05:42.750 [JavaFX Application Thread] DEBUG GameScene            - Added MainViewComponent
11:05:42.750 [JavaFX Application Thread] DEBUG GameScene            - Entity added to scene
11:05:42.750 [JavaFX Application Thread] DEBUG GameScene            - Added MainViewComponent
11:05:42.750 [JavaFX Application Thread] DEBUG GameScene            - Entity added to scene
11:05:42.750 [JavaFX Application Thread] DEBUG GameScene            - Added MainViewComponent
11:05:42.750 [JavaFX Application Thread] DEBUG GameScene            - Entity added to scene
11:05:42.750 [JavaFX Application Thread] DEBUG GameScene            - Added MainViewComponent
11:05:42.751 [JavaFX Application Thread] DEBUG GameScene            - Entity added to scene
11:05:42.751 [JavaFX Application Thread] DEBUG GameScene            - Added MainViewComponent
11:05:42.751 [JavaFX Application Thread] DEBUG GameScene            - Entity added to scene
11:05:42.751 [JavaFX Application Thread] DEBUG GameScene            - Added MainViewComponent
11:05:42.751 [JavaFX Application Thread] DEBUG GameScene            - Entity added to scene
11:05:42.751 [JavaFX Application Thread] DEBUG GameScene            - Added MainViewComponent
11:05:42.751 [JavaFX Application Thread] DEBUG GameScene            - Entity added to scene
11:05:42.751 [JavaFX Application Thread] DEBUG GameScene            - Added MainViewComponent
11:05:42.752 [JavaFX Application Thread] DEBUG GameScene            - Entity added to scene
11:05:42.752 [JavaFX Application Thread] DEBUG GameScene            - Added MainViewComponent
11:05:42.752 [JavaFX Application Thread] DEBUG GameScene            - Entity added to scene
11:05:42.752 [JavaFX Application Thread] DEBUG GameScene            - Added MainViewComponent
11:05:42.752 [JavaFX Application Thread] DEBUG GameScene            - Entity added to scene
11:05:42.752 [JavaFX Application Thread] DEBUG GameScene            - Added MainViewComponent
11:05:42.752 [JavaFX Application Thread] DEBUG GameScene            - Entity added to scene
11:05:42.752 [JavaFX Application Thread] DEBUG GameScene            - Added MainViewComponent
11:05:42.753 [JavaFX Application Thread] DEBUG GameScene            - Entity added to scene
11:05:42.753 [JavaFX Application Thread] DEBUG GameScene            - Added MainViewComponent
11:05:42.753 [JavaFX Application Thread] DEBUG GameScene            - Entity added to scene
11:05:42.753 [JavaFX Application Thread] DEBUG GameScene            - Added MainViewComponent
11:05:42.753 [JavaFX Application Thread] DEBUG GameScene            - Entity added to scene
11:05:42.753 [JavaFX Application Thread] DEBUG GameScene            - Added MainViewComponent
11:05:42.754 [JavaFX Application Thread] DEBUG GameScene            - Entity added to scene
11:05:42.754 [JavaFX Application Thread] DEBUG GameScene            - Added MainViewComponent
11:05:42.754 [JavaFX Application Thread] DEBUG GameScene            - Entity added to scene
11:05:42.754 [JavaFX Application Thread] DEBUG GameScene            - Added MainViewComponent
11:05:42.755 [JavaFX Application Thread] DEBUG GameScene            - Entity added to scene
11:05:42.756 [JavaFX Application Thread] DEBUG GameScene            - Added MainViewComponent
11:05:42.756 [JavaFX Application Thread] DEBUG GameScene            - Entity added to scene
11:05:42.756 [JavaFX Application Thread] DEBUG GameScene            - Added MainViewComponent
11:05:42.757 [JavaFX Application Thread] DEBUG GameScene            - Entity added to scene
11:05:42.757 [JavaFX Application Thread] DEBUG GameScene            - Added MainViewComponent
11:05:42.757 [JavaFX Application Thread] DEBUG GameScene            - Entity added to scene
11:05:42.757 [JavaFX Application Thread] DEBUG GameScene            - Added MainViewComponent
11:05:42.758 [JavaFX Application Thread] DEBUG GameScene            - Entity added to scene
11:05:42.758 [JavaFX Application Thread] DEBUG GameScene            - Added MainViewComponent
11:05:42.758 [JavaFX Application Thread] DEBUG GameScene            - Entity added to scene
11:05:42.758 [JavaFX Application Thread] DEBUG GameScene            - Added MainViewComponent
11:05:42.759 [JavaFX Application Thread] DEBUG GameScene            - Entity added to scene
11:05:42.759 [JavaFX Application Thread] DEBUG GameScene            - Added MainViewComponent
11:05:42.759 [JavaFX Application Thread] DEBUG GameScene            - Entity added to scene
11:05:42.759 [JavaFX Application Thread] DEBUG GameScene            - Added MainViewComponent
11:05:42.759 [JavaFX Application Thread] DEBUG GameScene            - Entity added to scene
11:05:42.759 [JavaFX Application Thread] DEBUG GameScene            - Added MainViewComponent
11:05:42.760 [JavaFX Application Thread] DEBUG GameScene            - Entity added to scene
11:05:42.760 [JavaFX Application Thread] DEBUG GameScene            - Added MainViewComponent
11:05:42.760 [JavaFX Application Thread] DEBUG GameScene            - Entity added to scene
11:05:42.760 [JavaFX Application Thread] DEBUG GameScene            - Added MainViewComponent
11:05:42.760 [JavaFX Application Thread] DEBUG GameScene            - Entity added to scene
11:05:42.760 [JavaFX Application Thread] DEBUG GameScene            - Added MainViewComponent
11:05:42.761 [JavaFX Application Thread] DEBUG GameScene            - Entity added to scene
11:05:42.761 [JavaFX Application Thread] DEBUG GameScene            - Added MainViewComponent
11:05:42.761 [JavaFX Application Thread] DEBUG GameScene            - Entity added to scene
11:05:42.761 [JavaFX Application Thread] DEBUG GameScene            - Added MainViewComponent
11:05:42.761 [JavaFX Application Thread] DEBUG GameScene            - Entity added to scene
11:05:42.761 [JavaFX Application Thread] DEBUG GameScene            - Added MainViewComponent
11:05:42.761 [JavaFX Application Thread] DEBUG GameScene            - Entity added to scene
11:05:42.761 [JavaFX Application Thread] DEBUG GameScene            - Added MainViewComponent
11:05:42.761 [JavaFX Application Thread] DEBUG GameScene            - Entity added to scene
11:05:42.761 [JavaFX Application Thread] DEBUG GameScene            - Added MainViewComponent
11:05:42.762 [JavaFX Application Thread] DEBUG GameScene            - Entity added to scene
11:05:42.762 [JavaFX Application Thread] DEBUG GameScene            - Added MainViewComponent
11:05:42.762 [JavaFX Application Thread] DEBUG GameScene            - Entity added to scene
11:05:42.762 [JavaFX Application Thread] DEBUG GameScene            - Added MainViewComponent
11:05:42.762 [JavaFX Application Thread] DEBUG GameScene            - Entity added to scene
11:05:42.762 [JavaFX Application Thread] DEBUG GameScene            - Added MainViewComponent
11:05:42.762 [JavaFX Application Thread] DEBUG GameScene            - Entity added to scene
11:05:42.762 [JavaFX Application Thread] DEBUG GameScene            - Added MainViewComponent
11:05:42.763 [JavaFX Application Thread] DEBUG GameScene            - Entity added to scene
11:05:42.763 [JavaFX Application Thread] DEBUG GameScene            - Added MainViewComponent
11:05:42.763 [JavaFX Application Thread] DEBUG GameScene            - Entity added to scene
11:05:42.763 [JavaFX Application Thread] DEBUG GameScene            - Added MainViewComponent
11:05:42.763 [JavaFX Application Thread] DEBUG GameScene            - Entity added to scene
11:05:42.763 [JavaFX Application Thread] DEBUG GameScene            - Added MainViewComponent
11:05:42.763 [JavaFX Application Thread] DEBUG GameScene            - Entity added to scene
11:05:42.763 [JavaFX Application Thread] DEBUG GameScene            - Added MainViewComponent
11:05:42.764 [JavaFX Application Thread] DEBUG GameScene            - Entity added to scene
11:05:42.764 [JavaFX Application Thread] DEBUG GameScene            - Added MainViewComponent
11:05:42.764 [JavaFX Application Thread] DEBUG GameScene            - Entity added to scene
11:05:42.764 [JavaFX Application Thread] DEBUG GameScene            - Added MainViewComponent
11:05:42.764 [JavaFX Application Thread] DEBUG GameScene            - Entity added to scene
11:05:42.764 [JavaFX Application Thread] DEBUG GameScene            - Added MainViewComponent
11:05:42.764 [JavaFX Application Thread] DEBUG GameScene            - Entity added to scene
11:05:42.764 [JavaFX Application Thread] DEBUG GameScene            - Added MainViewComponent
11:05:42.764 [JavaFX Application Thread] DEBUG GameScene            - Entity added to scene
11:05:42.764 [JavaFX Application Thread] DEBUG GameScene            - Added MainViewComponent
11:05:42.764 [JavaFX Application Thread] DEBUG GameScene            - Entity added to scene
11:05:42.764 [JavaFX Application Thread] DEBUG GameScene            - Added MainViewComponent
11:05:42.764 [JavaFX Application Thread] DEBUG GameScene            - Entity added to scene
11:05:42.764 [JavaFX Application Thread] DEBUG GameScene            - Added MainViewComponent
11:05:42.765 [JavaFX Application Thread] DEBUG GameScene            - Entity added to scene
11:05:42.765 [JavaFX Application Thread] DEBUG GameScene            - Added MainViewComponent
11:05:42.765 [JavaFX Application Thread] DEBUG GameScene            - Entity added to scene
11:05:42.765 [JavaFX Application Thread] DEBUG GameScene            - Added MainViewComponent
11:05:42.765 [JavaFX Application Thread] DEBUG GameScene            - Entity added to scene
11:05:42.765 [JavaFX Application Thread] DEBUG GameScene            - Added MainViewComponent
11:05:42.765 [JavaFX Application Thread] DEBUG GameScene            - Entity added to scene
11:05:42.765 [JavaFX Application Thread] DEBUG GameScene            - Added MainViewComponent
11:05:42.765 [JavaFX Application Thread] DEBUG GameScene            - Entity added to scene
11:05:42.765 [JavaFX Application Thread] DEBUG GameScene            - Added MainViewComponent
11:05:42.765 [JavaFX Application Thread] DEBUG GameScene            - Entity added to scene
11:05:42.765 [JavaFX Application Thread] DEBUG GameScene            - Added MainViewComponent
11:05:42.766 [JavaFX Application Thread] DEBUG GameScene            - Entity added to scene
11:05:42.766 [JavaFX Application Thread] DEBUG GameScene            - Added MainViewComponent
11:05:42.766 [JavaFX Application Thread] DEBUG GameScene            - Entity added to scene
11:05:42.766 [JavaFX Application Thread] DEBUG GameScene            - Added MainViewComponent
11:05:42.767 [JavaFX Application Thread] DEBUG GameScene            - Entity added to scene
11:05:42.767 [JavaFX Application Thread] DEBUG GameScene            - Added MainViewComponent
11:05:42.767 [JavaFX Application Thread] DEBUG GameScene            - Entity added to scene
11:05:42.767 [JavaFX Application Thread] DEBUG GameScene            - Added MainViewComponent
11:05:42.767 [JavaFX Application Thread] DEBUG GameScene            - Entity added to scene
11:05:42.767 [JavaFX Application Thread] DEBUG GameScene            - Added MainViewComponent
11:05:42.768 [JavaFX Application Thread] DEBUG GameScene            - Entity added to scene
11:05:42.768 [JavaFX Application Thread] DEBUG GameScene            - Added MainViewComponent
11:05:42.768 [JavaFX Application Thread] DEBUG GameScene            - Entity added to scene
11:05:42.768 [JavaFX Application Thread] DEBUG GameScene            - Added MainViewComponent
11:05:42.768 [JavaFX Application Thread] DEBUG GameScene            - Entity added to scene
11:05:42.768 [JavaFX Application Thread] DEBUG GameScene            - Added MainViewComponent
11:05:42.769 [JavaFX Application Thread] DEBUG GameScene            - Entity added to scene
11:05:42.769 [JavaFX Application Thread] DEBUG GameScene            - Added MainViewComponent
11:05:42.769 [JavaFX Application Thread] DEBUG GameScene            - Entity added to scene
11:05:42.769 [JavaFX Application Thread] DEBUG GameScene            - Added MainViewComponent
11:05:42.770 [JavaFX Application Thread] DEBUG GameScene            - Entity added to scene
11:05:42.770 [JavaFX Application Thread] DEBUG GameScene            - Added MainViewComponent
11:05:42.771 [JavaFX Application Thread] DEBUG GameScene            - Entity added to scene
11:05:42.771 [JavaFX Application Thread] DEBUG GameScene            - Added MainViewComponent
11:05:42.771 [JavaFX Application Thread] DEBUG GameScene            - Entity added to scene
11:05:42.772 [JavaFX Application Thread] DEBUG GameScene            - Added MainViewComponent
11:05:42.772 [JavaFX Application Thread] DEBUG GameScene            - Entity added to scene
11:05:42.772 [JavaFX Application Thread] DEBUG GameScene            - Added MainViewComponent
11:05:42.773 [JavaFX Application Thread] DEBUG GameScene            - Entity added to scene
11:05:42.773 [JavaFX Application Thread] DEBUG GameScene            - Added MainViewComponent
11:05:42.773 [JavaFX Application Thread] DEBUG GameScene            - Entity added to scene
11:05:42.773 [JavaFX Application Thread] DEBUG GameScene            - Added MainViewComponent
11:05:42.774 [JavaFX Application Thread] DEBUG GameScene            - Entity added to scene
11:05:42.774 [JavaFX Application Thread] DEBUG GameScene            - Added MainViewComponent
11:05:42.774 [JavaFX Application Thread] DEBUG GameScene            - Entity added to scene
11:05:42.774 [JavaFX Application Thread] DEBUG GameScene            - Added MainViewComponent
11:05:42.775 [JavaFX Application Thread] DEBUG GameScene            - Entity added to scene
11:05:42.775 [JavaFX Application Thread] DEBUG GameScene            - Added MainViewComponent
11:05:42.775 [JavaFX Application Thread] DEBUG GameScene            - Entity added to scene
11:05:42.775 [JavaFX Application Thread] DEBUG GameScene            - Added MainViewComponent
11:05:42.775 [JavaFX Application Thread] DEBUG GameScene            - Entity added to scene
11:05:42.775 [JavaFX Application Thread] DEBUG GameScene            - Added MainViewComponent
11:05:42.776 [JavaFX Application Thread] DEBUG GameScene            - Entity added to scene
11:05:42.776 [JavaFX Application Thread] DEBUG GameScene            - Added MainViewComponent
11:05:42.776 [JavaFX Application Thread] DEBUG GameScene            - Entity added to scene
11:05:42.776 [JavaFX Application Thread] DEBUG GameScene            - Added MainViewComponent
11:05:42.777 [JavaFX Application Thread] DEBUG GameScene            - Entity added to scene
11:05:42.777 [JavaFX Application Thread] DEBUG GameScene            - Added MainViewComponent
11:05:42.777 [JavaFX Application Thread] DEBUG GameScene            - Entity added to scene
11:05:42.777 [JavaFX Application Thread] DEBUG GameScene            - Added MainViewComponent
11:05:42.778 [JavaFX Application Thread] DEBUG GameScene            - Entity added to scene
11:05:42.778 [JavaFX Application Thread] DEBUG GameScene            - Added MainViewComponent
11:05:42.778 [JavaFX Application Thread] DEBUG GameScene            - Entity added to scene
11:05:42.778 [JavaFX Application Thread] DEBUG GameScene            - Added MainViewComponent
11:05:42.779 [JavaFX Application Thread] DEBUG GameScene            - Entity added to scene
11:05:42.779 [JavaFX Application Thread] DEBUG GameScene            - Added MainViewComponent
11:05:42.780 [JavaFX Application Thread] DEBUG GameScene            - Entity added to scene
11:05:42.780 [JavaFX Application Thread] DEBUG GameScene            - Added MainViewComponent
11:05:42.780 [JavaFX Application Thread] DEBUG GameScene            - Entity added to scene
11:05:42.780 [JavaFX Application Thread] DEBUG GameScene            - Added MainViewComponent
11:05:42.781 [JavaFX Application Thread] DEBUG GameScene            - Entity added to scene
11:05:42.781 [JavaFX Application Thread] DEBUG GameScene            - Added MainViewComponent
11:05:42.781 [JavaFX Application Thread] DEBUG GameScene            - Entity added to scene
11:05:42.781 [JavaFX Application Thread] DEBUG GameScene            - Added MainViewComponent
11:05:42.781 [JavaFX Application Thread] DEBUG GameScene            - Entity added to scene
11:05:42.781 [JavaFX Application Thread] DEBUG GameScene            - Added MainViewComponent
11:05:42.782 [JavaFX Application Thread] DEBUG GameScene            - Entity added to scene
11:05:42.782 [JavaFX Application Thread] DEBUG GameScene            - Added MainViewComponent
11:05:42.782 [JavaFX Application Thread] DEBUG GameScene            - Entity added to scene
11:05:42.782 [JavaFX Application Thread] DEBUG GameScene            - Added MainViewComponent
11:05:42.782 [JavaFX Application Thread] DEBUG GameScene            - Entity added to scene
11:05:42.782 [JavaFX Application Thread] DEBUG GameScene            - Added MainViewComponent
11:05:42.783 [JavaFX Application Thread] DEBUG GameScene            - Entity added to scene
11:05:42.783 [JavaFX Application Thread] DEBUG GameScene            - Added MainViewComponent
11:05:42.783 [JavaFX Application Thread] DEBUG GameScene            - Entity added to scene
11:05:42.783 [JavaFX Application Thread] DEBUG GameScene            - Added MainViewComponent
11:05:42.783 [JavaFX Application Thread] DEBUG GameScene            - Entity added to scene
11:05:42.783 [JavaFX Application Thread] DEBUG GameScene            - Added MainViewComponent
11:05:42.784 [JavaFX Application Thread] DEBUG GameScene            - Entity added to scene
11:05:42.784 [JavaFX Application Thread] DEBUG GameScene            - Added MainViewComponent
11:05:42.784 [JavaFX Application Thread] DEBUG GameScene            - Entity added to scene
11:05:42.784 [JavaFX Application Thread] DEBUG GameScene            - Added MainViewComponent
11:05:42.784 [JavaFX Application Thread] DEBUG GameScene            - Entity added to scene
11:05:42.784 [JavaFX Application Thread] DEBUG GameScene            - Added MainViewComponent
11:05:42.784 [JavaFX Application Thread] DEBUG GameScene            - Entity added to scene
11:05:42.784 [JavaFX Application Thread] DEBUG GameScene            - Added MainViewComponent
11:05:42.785 [JavaFX Application Thread] DEBUG GameScene            - Entity added to scene
11:05:42.785 [JavaFX Application Thread] DEBUG GameScene            - Added MainViewComponent
11:05:42.785 [JavaFX Application Thread] DEBUG GameScene            - Entity added to scene
11:05:42.785 [JavaFX Application Thread] DEBUG GameScene            - Added MainViewComponent
11:05:42.785 [JavaFX Application Thread] DEBUG GameScene            - Entity added to scene
11:05:42.785 [JavaFX Application Thread] DEBUG GameScene            - Added MainViewComponent
11:05:42.785 [JavaFX Application Thread] DEBUG GameScene            - Entity added to scene
11:05:42.785 [JavaFX Application Thread] DEBUG GameScene            - Added MainViewComponent
11:05:42.785 [JavaFX Application Thread] DEBUG GameScene            - Entity added to scene
11:05:42.785 [JavaFX Application Thread] DEBUG GameScene            - Added MainViewComponent
11:05:42.785 [JavaFX Application Thread] DEBUG GameScene            - Entity added to scene
11:05:42.785 [JavaFX Application Thread] DEBUG GameScene            - Added MainViewComponent
11:05:42.786 [JavaFX Application Thread] DEBUG GameScene            - Entity added to scene
11:05:42.786 [JavaFX Application Thread] DEBUG GameScene            - Added MainViewComponent
11:05:42.786 [JavaFX Application Thread] DEBUG GameScene            - Entity added to scene
11:05:42.786 [JavaFX Application Thread] DEBUG GameScene            - Added MainViewComponent
11:05:42.786 [JavaFX Application Thread] DEBUG GameScene            - Entity added to scene
11:05:42.786 [JavaFX Application Thread] DEBUG GameScene            - Added MainViewComponent
11:05:42.787 [JavaFX Application Thread] DEBUG GameScene            - Entity added to scene
11:05:42.787 [JavaFX Application Thread] DEBUG GameScene            - Added MainViewComponent
11:05:42.787 [JavaFX Application Thread] DEBUG GameScene            - Entity added to scene
11:05:42.787 [JavaFX Application Thread] DEBUG GameScene            - Added MainViewComponent
11:05:42.787 [JavaFX Application Thread] DEBUG GameScene            - Entity added to scene
11:05:42.787 [JavaFX Application Thread] DEBUG GameScene            - Added MainViewComponent
11:05:42.787 [JavaFX Application Thread] DEBUG GameScene            - Entity added to scene
11:05:42.787 [JavaFX Application Thread] DEBUG GameScene            - Added MainViewComponent
11:05:42.788 [JavaFX Application Thread] DEBUG GameScene            - Entity added to scene
11:05:42.788 [JavaFX Application Thread] DEBUG GameScene            - Added MainViewComponent
11:05:42.788 [JavaFX Application Thread] DEBUG GameScene            - Entity added to scene
11:05:42.788 [JavaFX Application Thread] DEBUG GameScene            - Added MainViewComponent
11:05:42.788 [JavaFX Application Thread] DEBUG GameScene            - Entity added to scene
11:05:42.788 [JavaFX Application Thread] DEBUG GameScene            - Added MainViewComponent
11:05:42.788 [JavaFX Application Thread] DEBUG GameScene            - Entity added to scene
11:05:42.788 [JavaFX Application Thread] DEBUG GameScene            - Added MainViewComponent
11:05:42.788 [JavaFX Application Thread] DEBUG GameScene            - Entity added to scene
11:05:42.788 [JavaFX Application Thread] DEBUG GameScene            - Added MainViewComponent
11:05:42.788 [JavaFX Application Thread] DEBUG GameScene            - Entity added to scene
11:05:42.788 [JavaFX Application Thread] DEBUG GameScene            - Added MainViewComponent
11:05:42.788 [JavaFX Application Thread] DEBUG GameScene            - Entity added to scene
11:05:42.788 [JavaFX Application Thread] DEBUG GameScene            - Added MainViewComponent
11:05:42.789 [JavaFX Application Thread] DEBUG GameScene            - Entity added to scene
11:05:42.789 [JavaFX Application Thread] DEBUG GameScene            - Added MainViewComponent
11:05:42.789 [JavaFX Application Thread] DEBUG GameScene            - Entity added to scene
11:05:42.789 [JavaFX Application Thread] DEBUG GameScene            - Added MainViewComponent
11:05:42.789 [JavaFX Application Thread] DEBUG GameScene            - Entity added to scene
11:05:42.789 [JavaFX Application Thread] DEBUG GameScene            - Added MainViewComponent
11:05:42.789 [JavaFX Application Thread] DEBUG GameScene            - Entity added to scene
11:05:42.789 [JavaFX Application Thread] DEBUG GameScene            - Added MainViewComponent
11:05:42.789 [JavaFX Application Thread] DEBUG GameScene            - Entity added to scene
11:05:42.789 [JavaFX Application Thread] DEBUG GameScene            - Added MainViewComponent
11:05:42.789 [JavaFX Application Thread] DEBUG GameScene            - Entity added to scene
11:05:42.789 [JavaFX Application Thread] DEBUG GameScene            - Added MainViewComponent
11:05:42.790 [JavaFX Application Thread] DEBUG GameScene            - Entity added to scene
11:05:42.790 [JavaFX Application Thread] DEBUG GameScene            - Added MainViewComponent
11:05:42.790 [JavaFX Application Thread] DEBUG GameScene            - Entity added to scene
11:05:42.790 [JavaFX Application Thread] DEBUG GameScene            - Added MainViewComponent
11:05:42.791 [JavaFX Application Thread] DEBUG GameScene            - Entity added to scene
11:05:42.791 [JavaFX Application Thread] DEBUG GameScene            - Added MainViewComponent
11:05:42.791 [JavaFX Application Thread] DEBUG GameScene            - Entity added to scene
11:05:42.791 [JavaFX Application Thread] DEBUG GameScene            - Added MainViewComponent
11:05:42.792 [JavaFX Application Thread] DEBUG GameScene            - Entity added to scene
11:05:42.792 [JavaFX Application Thread] DEBUG GameScene            - Added MainViewComponent
11:05:42.792 [JavaFX Application Thread] DEBUG GameScene            - Entity added to scene
11:05:42.792 [JavaFX Application Thread] DEBUG GameScene            - Added MainViewComponent
11:05:42.792 [JavaFX Application Thread] DEBUG GameScene            - Entity added to scene
11:05:42.793 [JavaFX Application Thread] DEBUG GameScene            - Added MainViewComponent
11:05:42.793 [JavaFX Application Thread] DEBUG GameScene            - Entity added to scene
11:05:42.793 [JavaFX Application Thread] DEBUG GameScene            - Added MainViewComponent
11:05:42.793 [JavaFX Application Thread] DEBUG GameScene            - Entity added to scene
11:05:42.793 [JavaFX Application Thread] DEBUG GameScene            - Added MainViewComponent
11:05:42.794 [JavaFX Application Thread] DEBUG GameScene            - Entity added to scene
11:05:42.794 [JavaFX Application Thread] DEBUG GameScene            - Added MainViewComponent
11:05:42.794 [JavaFX Application Thread] DEBUG GameScene            - Entity added to scene
11:05:42.794 [JavaFX Application Thread] DEBUG GameScene            - Added MainViewComponent
11:05:42.795 [JavaFX Application Thread] DEBUG GameScene            - Entity added to scene
11:05:42.795 [JavaFX Application Thread] DEBUG GameScene            - Added MainViewComponent
11:05:42.795 [JavaFX Application Thread] DEBUG GameScene            - Entity added to scene
11:05:42.795 [JavaFX Application Thread] DEBUG GameScene            - Added MainViewComponent
11:05:42.795 [JavaFX Application Thread] DEBUG GameScene            - Entity added to scene
11:05:42.795 [JavaFX Application Thread] DEBUG GameScene            - Added MainViewComponent
11:05:42.796 [JavaFX Application Thread] DEBUG GameScene            - Entity added to scene
11:05:42.796 [JavaFX Application Thread] DEBUG GameScene            - Added MainViewComponent
11:05:42.796 [JavaFX Application Thread] DEBUG GameScene            - Entity added to scene
11:05:42.796 [JavaFX Application Thread] DEBUG GameScene            - Added MainViewComponent
11:05:42.796 [JavaFX Application Thread] DEBUG GameScene            - Entity added to scene
11:05:42.796 [JavaFX Application Thread] DEBUG GameScene            - Added MainViewComponent
11:05:42.796 [JavaFX Application Thread] DEBUG GameScene            - Entity added to scene
11:05:42.796 [JavaFX Application Thread] DEBUG GameScene            - Added MainViewComponent
11:05:42.797 [JavaFX Application Thread] DEBUG GameScene            - Entity added to scene
11:05:42.797 [JavaFX Application Thread] DEBUG GameScene            - Added MainViewComponent
11:05:42.797 [JavaFX Application Thread] DEBUG GameScene            - Entity added to scene
11:05:42.797 [JavaFX Application Thread] DEBUG GameScene            - Added MainViewComponent
11:05:42.797 [JavaFX Application Thread] DEBUG GameScene            - Entity added to scene
11:05:42.797 [JavaFX Application Thread] DEBUG GameScene            - Added MainViewComponent
11:05:42.798 [JavaFX Application Thread] DEBUG GameScene            - Entity added to scene
11:05:42.798 [JavaFX Application Thread] DEBUG GameScene            - Added MainViewComponent
11:05:42.798 [JavaFX Application Thread] DEBUG GameScene            - Entity added to scene
11:05:42.798 [JavaFX Application Thread] DEBUG GameScene            - Added MainViewComponent
11:05:42.798 [JavaFX Application Thread] DEBUG GameScene            - Entity added to scene
11:05:42.798 [JavaFX Application Thread] DEBUG GameScene            - Added MainViewComponent
11:05:42.799 [JavaFX Application Thread] DEBUG GameScene            - Entity added to scene
11:05:42.799 [JavaFX Application Thread] DEBUG GameScene            - Added MainViewComponent
11:05:42.799 [JavaFX Application Thread] DEBUG GameScene            - Entity added to scene
11:05:42.799 [JavaFX Application Thread] DEBUG GameScene            - Added MainViewComponent
11:05:42.799 [JavaFX Application Thread] DEBUG GameScene            - Entity added to scene
11:05:42.799 [JavaFX Application Thread] DEBUG GameScene            - Added MainViewComponent
11:05:42.799 [JavaFX Application Thread] DEBUG GameScene            - Entity added to scene
11:05:42.799 [JavaFX Application Thread] DEBUG GameScene            - Added MainViewComponent
11:05:42.800 [JavaFX Application Thread] DEBUG GameScene            - Entity added to scene
11:05:42.800 [JavaFX Application Thread] DEBUG GameScene            - Added MainViewComponent
11:05:42.800 [JavaFX Application Thread] DEBUG GameScene            - Entity added to scene
11:05:42.800 [JavaFX Application Thread] DEBUG GameScene            - Added MainViewComponent
11:05:42.800 [JavaFX Application Thread] DEBUG GameScene            - Entity added to scene
11:05:42.800 [JavaFX Application Thread] DEBUG GameScene            - Added MainViewComponent
11:05:42.801 [JavaFX Application Thread] DEBUG GameScene            - Entity added to scene
11:05:42.801 [JavaFX Application Thread] DEBUG GameScene            - Added MainViewComponent
11:05:42.801 [JavaFX Application Thread] DEBUG GameScene            - Entity added to scene
11:05:42.801 [JavaFX Application Thread] DEBUG GameScene            - Added MainViewComponent
11:05:42.801 [JavaFX Application Thread] DEBUG GameScene            - Entity added to scene
11:05:42.801 [JavaFX Application Thread] DEBUG GameScene            - Added MainViewComponent
11:05:42.801 [JavaFX Application Thread] DEBUG GameScene            - Entity added to scene
11:05:42.801 [JavaFX Application Thread] DEBUG GameScene            - Added MainViewComponent
11:05:42.801 [JavaFX Application Thread] DEBUG GameScene            - Entity added to scene
11:05:42.801 [JavaFX Application Thread] DEBUG GameScene            - Added MainViewComponent
11:05:42.801 [JavaFX Application Thread] DEBUG GameScene            - Entity added to scene
11:05:42.801 [JavaFX Application Thread] DEBUG GameScene            - Added MainViewComponent
11:05:42.801 [JavaFX Application Thread] DEBUG GameScene            - Creating render group for layer: TOP(2147483647)
11:05:42.802 [JavaFX Application Thread] DEBUG GameScene            - Entity added to scene
11:05:42.802 [JavaFX Application Thread] DEBUG GameScene            - Added MainViewComponent
11:05:42.802 [JavaFX Application Thread] DEBUG GameScene            - Entity added to scene
11:05:42.802 [JavaFX Application Thread] DEBUG GameScene            - Added MainViewComponent
11:05:42.802 [JavaFX Application Thread] DEBUG GameScene            - Entity added to scene
11:05:42.802 [JavaFX Application Thread] DEBUG GameScene            - Added MainViewComponent
11:05:42.803 [JavaFX Application Thread] DEBUG GameScene            - Entity added to scene
11:05:42.803 [JavaFX Application Thread] DEBUG GameScene            - Added MainViewComponent
11:05:42.803 [JavaFX Application Thread] DEBUG GameScene            - Entity added to scene
11:05:42.803 [JavaFX Application Thread] DEBUG GameScene            - Added MainViewComponent
11:05:42.803 [JavaFX Application Thread] DEBUG GameScene            - Entity added to scene
11:05:42.803 [JavaFX Application Thread] DEBUG GameScene            - Added MainViewComponent
11:05:42.803 [JavaFX Application Thread] DEBUG GameScene            - Entity added to scene
11:05:42.803 [JavaFX Application Thread] DEBUG GameScene            - Added MainViewComponent
11:05:42.804 [JavaFX Application Thread] DEBUG GameScene            - Entity added to scene
11:05:42.804 [JavaFX Application Thread] DEBUG GameScene            - Added MainViewComponent
11:05:42.804 [JavaFX Application Thread] DEBUG GameScene            - Entity added to scene
11:05:42.804 [JavaFX Application Thread] DEBUG GameScene            - Added MainViewComponent
11:05:42.804 [JavaFX Application Thread] DEBUG GameScene            - Entity added to scene
11:05:42.804 [JavaFX Application Thread] DEBUG GameScene            - Added MainViewComponent
11:05:42.804 [JavaFX Application Thread] DEBUG GameScene            - Entity added to scene
11:05:42.804 [JavaFX Application Thread] DEBUG GameScene            - Added MainViewComponent
11:05:42.804 [JavaFX Application Thread] DEBUG GameScene            - Entity added to scene
11:05:42.804 [JavaFX Application Thread] DEBUG GameScene            - Added MainViewComponent
11:05:42.805 [JavaFX Application Thread] DEBUG GameScene            - Entity added to scene
11:05:42.805 [JavaFX Application Thread] DEBUG GameScene            - Added MainViewComponent
11:05:42.805 [JavaFX Application Thread] DEBUG GameScene            - Entity added to scene
11:05:42.805 [JavaFX Application Thread] DEBUG GameScene            - Added MainViewComponent
11:05:42.805 [JavaFX Application Thread] DEBUG GameScene            - Entity added to scene
11:05:42.805 [JavaFX Application Thread] DEBUG GameScene            - Added MainViewComponent
11:05:42.805 [JavaFX Application Thread] DEBUG GameScene            - Entity added to scene
11:05:42.805 [JavaFX Application Thread] DEBUG GameScene            - Added MainViewComponent
11:05:42.805 [JavaFX Application Thread] DEBUG GameScene            - Entity added to scene
11:05:42.805 [JavaFX Application Thread] DEBUG GameScene            - Added MainViewComponent
11:05:42.806 [JavaFX Application Thread] DEBUG GameScene            - Entity added to scene
11:05:42.806 [JavaFX Application Thread] DEBUG GameScene            - Added MainViewComponent
11:05:42.806 [JavaFX Application Thread] DEBUG GameScene            - Entity added to scene
11:05:42.806 [JavaFX Application Thread] DEBUG GameScene            - Added MainViewComponent
11:05:42.806 [JavaFX Application Thread] DEBUG GameScene            - Entity added to scene
11:05:42.806 [JavaFX Application Thread] DEBUG GameScene            - Added MainViewComponent
11:05:42.806 [JavaFX Application Thread] DEBUG GameScene            - Entity added to scene
11:05:42.806 [JavaFX Application Thread] DEBUG GameScene            - Added MainViewComponent
11:05:42.806 [JavaFX Application Thread] DEBUG GameScene            - Entity added to scene
11:05:42.806 [JavaFX Application Thread] DEBUG GameScene            - Added MainViewComponent
11:05:42.806 [JavaFX Application Thread] DEBUG GameScene            - Entity added to scene
11:05:42.806 [JavaFX Application Thread] DEBUG GameScene            - Added MainViewComponent
11:05:42.807 [JavaFX Application Thread] DEBUG GameScene            - Entity added to scene
11:05:42.807 [JavaFX Application Thread] DEBUG GameScene            - Added MainViewComponent
11:05:42.807 [JavaFX Application Thread] DEBUG GameScene            - Entity added to scene
11:05:42.807 [JavaFX Application Thread] DEBUG GameScene            - Added MainViewComponent
11:05:42.807 [JavaFX Application Thread] DEBUG GameScene            - Entity added to scene
11:05:42.807 [JavaFX Application Thread] DEBUG GameScene            - Added MainViewComponent
11:05:42.807 [JavaFX Application Thread] DEBUG GameScene            - Entity added to scene
11:05:42.807 [JavaFX Application Thread] DEBUG GameScene            - Added MainViewComponent
11:05:42.807 [JavaFX Application Thread] DEBUG GameScene            - Entity added to scene
11:05:42.807 [JavaFX Application Thread] DEBUG GameScene            - Added MainViewComponent
11:05:42.807 [JavaFX Application Thread] DEBUG GameScene            - Entity added to scene
11:05:42.807 [JavaFX Application Thread] DEBUG GameScene            - Added MainViewComponent
11:05:42.808 [JavaFX Application Thread] DEBUG GameScene            - Entity added to scene
11:05:42.808 [JavaFX Application Thread] DEBUG GameScene            - Added MainViewComponent
11:05:42.808 [JavaFX Application Thread] DEBUG GameScene            - Entity added to scene
11:05:42.808 [JavaFX Application Thread] DEBUG GameScene            - Added MainViewComponent
11:05:42.808 [JavaFX Application Thread] DEBUG GameScene            - Entity added to scene
11:05:42.808 [JavaFX Application Thread] DEBUG GameScene            - Added MainViewComponent
11:05:42.808 [JavaFX Application Thread] DEBUG GameScene            - Entity added to scene
11:05:42.808 [JavaFX Application Thread] DEBUG GameScene            - Added MainViewComponent
11:05:42.808 [JavaFX Application Thread] DEBUG GameScene            - Entity added to scene
11:05:42.808 [JavaFX Application Thread] DEBUG GameScene            - Added MainViewComponent
11:05:42.808 [JavaFX Application Thread] DEBUG GameScene            - Entity added to scene
11:05:42.808 [JavaFX Application Thread] DEBUG GameScene            - Added MainViewComponent
11:05:42.809 [JavaFX Application Thread] DEBUG GameScene            - Entity added to scene
11:05:42.809 [JavaFX Application Thread] DEBUG GameScene            - Added MainViewComponent
11:05:42.809 [JavaFX Application Thread] DEBUG GameScene            - Entity added to scene
11:05:42.809 [JavaFX Application Thread] DEBUG GameScene            - Added MainViewComponent
11:05:42.809 [JavaFX Application Thread] DEBUG GameScene            - Entity added to scene
11:05:42.809 [JavaFX Application Thread] DEBUG GameScene            - Added MainViewComponent
11:05:42.809 [JavaFX Application Thread] DEBUG GameScene            - Entity added to scene
11:05:42.809 [JavaFX Application Thread] DEBUG GameScene            - Added MainViewComponent
11:05:42.809 [JavaFX Application Thread] DEBUG GameScene            - Entity added to scene
11:05:42.809 [JavaFX Application Thread] DEBUG GameScene            - Added MainViewComponent
11:05:42.809 [JavaFX Application Thread] DEBUG GameScene            - Entity added to scene
11:05:42.809 [JavaFX Application Thread] DEBUG GameScene            - Added MainViewComponent
11:05:42.810 [JavaFX Application Thread] DEBUG GameScene            - Entity added to scene
11:05:42.810 [JavaFX Application Thread] DEBUG GameScene            - Added MainViewComponent
11:05:42.810 [JavaFX Application Thread] DEBUG GameScene            - Entity added to scene
11:05:42.810 [JavaFX Application Thread] DEBUG GameScene            - Added MainViewComponent
11:05:42.810 [JavaFX Application Thread] DEBUG GameScene            - Entity added to scene
11:05:42.810 [JavaFX Application Thread] DEBUG GameScene            - Added MainViewComponent
11:05:42.810 [JavaFX Application Thread] DEBUG GameScene            - Entity added to scene
11:05:42.810 [JavaFX Application Thread] DEBUG GameScene            - Added MainViewComponent
11:05:42.811 [JavaFX Application Thread] DEBUG GameScene            - Entity added to scene
11:05:42.811 [JavaFX Application Thread] DEBUG GameScene            - Added MainViewComponent
11:05:42.811 [JavaFX Application Thread] DEBUG GameScene            - Entity added to scene
11:05:42.811 [JavaFX Application Thread] DEBUG GameScene            - Added MainViewComponent
11:05:42.811 [JavaFX Application Thread] DEBUG GameScene            - Entity added to scene
11:05:42.811 [JavaFX Application Thread] DEBUG GameScene            - Added MainViewComponent
11:05:42.811 [JavaFX Application Thread] DEBUG GameScene            - Entity added to scene
11:05:42.811 [JavaFX Application Thread] DEBUG GameScene            - Added MainViewComponent
11:05:42.811 [JavaFX Application Thread] DEBUG GameScene            - Entity added to scene
11:05:42.811 [JavaFX Application Thread] DEBUG GameScene            - Added MainViewComponent
11:05:42.812 [JavaFX Application Thread] DEBUG GameScene            - Entity added to scene
11:05:42.812 [JavaFX Application Thread] DEBUG GameScene            - Added MainViewComponent
11:05:42.812 [JavaFX Application Thread] DEBUG GameScene            - Entity added to scene
11:05:42.812 [JavaFX Application Thread] DEBUG GameScene            - Added MainViewComponent
11:05:42.812 [JavaFX Application Thread] DEBUG GameScene            - Entity added to scene
11:05:42.812 [JavaFX Application Thread] DEBUG GameScene            - Added MainViewComponent
11:05:42.812 [JavaFX Application Thread] DEBUG GameScene            - Entity added to scene
11:05:42.812 [JavaFX Application Thread] DEBUG GameScene            - Added MainViewComponent
11:05:42.813 [JavaFX Application Thread] DEBUG GameScene            - Entity added to scene
11:05:42.813 [JavaFX Application Thread] DEBUG GameScene            - Added MainViewComponent
11:05:42.813 [JavaFX Application Thread] DEBUG GameScene            - Entity added to scene
11:05:42.813 [JavaFX Application Thread] DEBUG GameScene            - Added MainViewComponent
11:05:42.813 [JavaFX Application Thread] DEBUG GameScene            - Entity added to scene
11:05:42.813 [JavaFX Application Thread] DEBUG GameScene            - Added MainViewComponent
11:05:42.813 [JavaFX Application Thread] DEBUG GameScene            - Entity added to scene
11:05:42.813 [JavaFX Application Thread] DEBUG GameScene            - Added MainViewComponent
11:05:42.813 [JavaFX Application Thread] DEBUG GameScene            - Entity added to scene
11:05:42.814 [JavaFX Application Thread] DEBUG GameScene            - Added MainViewComponent
11:05:42.814 [JavaFX Application Thread] DEBUG GameScene            - Entity added to scene
11:05:42.814 [JavaFX Application Thread] DEBUG GameScene            - Added MainViewComponent
11:05:42.814 [JavaFX Application Thread] DEBUG GameScene            - Entity added to scene
11:05:42.814 [JavaFX Application Thread] DEBUG GameScene            - Added MainViewComponent
11:05:42.814 [JavaFX Application Thread] DEBUG GameScene            - Entity added to scene
11:05:42.814 [JavaFX Application Thread] DEBUG GameScene            - Added MainViewComponent
11:05:42.814 [JavaFX Application Thread] DEBUG GameScene            - Entity added to scene
11:05:42.814 [JavaFX Application Thread] DEBUG GameScene            - Added MainViewComponent
11:05:42.814 [JavaFX Application Thread] DEBUG GameScene            - Entity added to scene
11:05:42.814 [JavaFX Application Thread] DEBUG GameScene            - Added MainViewComponent
11:05:42.814 [JavaFX Application Thread] DEBUG GameScene            - Entity added to scene
11:05:42.814 [JavaFX Application Thread] DEBUG GameScene            - Added MainViewComponent
11:05:42.815 [JavaFX Application Thread] DEBUG GameScene            - Entity added to scene
11:05:42.815 [JavaFX Application Thread] DEBUG GameScene            - Added MainViewComponent
11:05:42.815 [JavaFX Application Thread] DEBUG GameScene            - Entity added to scene
11:05:42.815 [JavaFX Application Thread] DEBUG GameScene            - Added MainViewComponent
11:05:42.815 [JavaFX Application Thread] DEBUG GameScene            - Entity added to scene
11:05:42.815 [JavaFX Application Thread] DEBUG GameScene            - Added MainViewComponent
11:05:42.815 [JavaFX Application Thread] DEBUG GameScene            - Entity added to scene
11:05:42.815 [JavaFX Application Thread] DEBUG GameScene            - Added MainViewComponent
11:05:42.815 [JavaFX Application Thread] DEBUG GameScene            - Entity added to scene
11:05:42.815 [JavaFX Application Thread] DEBUG GameScene            - Added MainViewComponent
11:05:42.815 [JavaFX Application Thread] DEBUG GameScene            - Entity added to scene
11:05:42.815 [JavaFX Application Thread] DEBUG GameScene            - Added MainViewComponent
11:05:42.816 [JavaFX Application Thread] DEBUG GameScene            - Entity added to scene
11:05:42.816 [JavaFX Application Thread] DEBUG GameScene            - Added MainViewComponent
11:05:42.816 [JavaFX Application Thread] DEBUG GameScene            - Entity added to scene
11:05:42.816 [JavaFX Application Thread] DEBUG GameScene            - Added MainViewComponent
11:05:42.816 [JavaFX Application Thread] DEBUG GameScene            - Entity added to scene
11:05:42.816 [JavaFX Application Thread] DEBUG GameScene            - Added MainViewComponent
11:05:42.816 [JavaFX Application Thread] DEBUG GameScene            - Entity added to scene
11:05:42.816 [JavaFX Application Thread] DEBUG GameScene            - Added MainViewComponent
11:05:42.816 [JavaFX Application Thread] DEBUG GameScene            - Entity added to scene
11:05:42.816 [JavaFX Application Thread] DEBUG GameScene            - Added MainViewComponent
11:05:42.816 [JavaFX Application Thread] DEBUG GameScene            - Entity added to scene
11:05:42.816 [JavaFX Application Thread] DEBUG GameScene            - Added MainViewComponent
11:05:42.817 [JavaFX Application Thread] DEBUG GameScene            - Entity added to scene
11:05:42.817 [JavaFX Application Thread] DEBUG GameScene            - Added MainViewComponent
11:05:42.817 [JavaFX Application Thread] DEBUG GameScene            - Entity added to scene
11:05:42.817 [JavaFX Application Thread] DEBUG GameScene            - Added MainViewComponent
11:05:42.817 [JavaFX Application Thread] DEBUG GameScene            - Entity added to scene
11:05:42.817 [JavaFX Application Thread] DEBUG GameScene            - Added MainViewComponent
11:05:42.817 [JavaFX Application Thread] DEBUG GameScene            - Entity added to scene
11:05:42.817 [JavaFX Application Thread] DEBUG GameScene            - Added MainViewComponent
11:05:42.817 [JavaFX Application Thread] DEBUG GameScene            - Entity added to scene
11:05:42.817 [JavaFX Application Thread] DEBUG GameScene            - Added MainViewComponent
11:05:42.817 [JavaFX Application Thread] DEBUG GameScene            - Entity added to scene
11:05:42.818 [JavaFX Application Thread] DEBUG GameScene            - Added MainViewComponent
11:05:42.818 [JavaFX Application Thread] DEBUG GameScene            - Entity added to scene
11:05:42.818 [JavaFX Application Thread] DEBUG GameScene            - Added MainViewComponent
11:05:42.818 [JavaFX Application Thread] DEBUG GameScene            - Entity added to scene
11:05:42.818 [JavaFX Application Thread] DEBUG GameScene            - Added MainViewComponent
11:05:42.818 [JavaFX Application Thread] DEBUG GameScene            - Entity added to scene
11:05:42.818 [JavaFX Application Thread] DEBUG GameScene            - Added MainViewComponent
11:05:42.818 [JavaFX Application Thread] DEBUG GameScene            - Entity added to scene
11:05:42.818 [JavaFX Application Thread] DEBUG GameScene            - Added MainViewComponent
11:05:42.818 [JavaFX Application Thread] DEBUG GameScene            - Entity added to scene
11:05:42.818 [JavaFX Application Thread] DEBUG GameScene            - Added MainViewComponent
11:05:42.819 [JavaFX Application Thread] DEBUG GameScene            - Entity added to scene
11:05:42.819 [JavaFX Application Thread] DEBUG GameScene            - Added MainViewComponent
11:05:42.819 [JavaFX Application Thread] DEBUG GameScene            - Entity added to scene
11:05:42.819 [JavaFX Application Thread] DEBUG GameScene            - Added MainViewComponent
11:05:42.819 [JavaFX Application Thread] DEBUG GameScene            - Entity added to scene
11:05:42.819 [JavaFX Application Thread] DEBUG GameScene            - Added MainViewComponent
11:05:42.819 [JavaFX Application Thread] DEBUG GameScene            - Entity added to scene
11:05:42.819 [JavaFX Application Thread] DEBUG GameScene            - Added MainViewComponent
11:05:42.819 [JavaFX Application Thread] DEBUG GameScene            - Entity added to scene
11:05:42.819 [JavaFX Application Thread] DEBUG GameScene            - Added MainViewComponent
11:05:42.819 [JavaFX Application Thread] DEBUG GameScene            - Entity added to scene
11:05:42.820 [JavaFX Application Thread] DEBUG GameScene            - Added MainViewComponent
11:05:42.820 [JavaFX Application Thread] DEBUG GameScene            - Entity added to scene
11:05:42.820 [JavaFX Application Thread] DEBUG GameScene            - Added MainViewComponent
11:05:42.820 [JavaFX Application Thread] DEBUG GameScene            - Entity added to scene
11:05:42.820 [JavaFX Application Thread] DEBUG GameScene            - Added MainViewComponent
11:05:42.820 [JavaFX Application Thread] DEBUG GameScene            - Entity added to scene
11:05:42.820 [JavaFX Application Thread] DEBUG GameScene            - Added MainViewComponent
11:05:42.820 [JavaFX Application Thread] DEBUG GameScene            - Entity added to scene
11:05:42.820 [JavaFX Application Thread] DEBUG GameScene            - Added MainViewComponent
11:05:42.820 [JavaFX Application Thread] DEBUG GameScene            - Entity added to scene
11:05:42.820 [JavaFX Application Thread] DEBUG GameScene            - Added MainViewComponent
11:05:42.821 [JavaFX Application Thread] DEBUG GameScene            - Entity added to scene
11:05:42.821 [JavaFX Application Thread] DEBUG GameScene            - Added MainViewComponent
11:05:42.821 [JavaFX Application Thread] DEBUG GameScene            - Entity added to scene
11:05:42.821 [JavaFX Application Thread] DEBUG GameScene            - Added MainViewComponent
11:05:42.821 [JavaFX Application Thread] DEBUG GameScene            - Entity added to scene
11:05:42.821 [JavaFX Application Thread] DEBUG GameScene            - Added MainViewComponent
11:05:42.821 [JavaFX Application Thread] DEBUG GameScene            - Entity added to scene
11:05:42.821 [JavaFX Application Thread] DEBUG GameScene            - Added MainViewComponent
11:05:42.821 [JavaFX Application Thread] DEBUG GameScene            - Entity added to scene
11:05:42.821 [JavaFX Application Thread] DEBUG GameScene            - Added MainViewComponent
11:05:42.821 [JavaFX Application Thread] DEBUG GameScene            - Entity added to scene
11:05:42.821 [JavaFX Application Thread] DEBUG GameScene            - Added MainViewComponent
11:05:42.822 [JavaFX Application Thread] DEBUG GameScene            - Creating render group for layer: BACKGROUND(0)
11:09:46.134 [JavaFX Application Thread] DEBUG FXGLEventBus         - Firing event: DisplayEvent[type=DIALOG_OPENED]
11:09:46.135 [JavaFX Application Thread] DEBUG FXGLInput            - Clearing active input actions
11:09:46.135 [JavaFX Application Thread] DEBUG FXGLMasterTimer      - Stopping master timer
11:09:46.135 [JavaFX Application Thread] DEBUG GameApplication      - State: PLAYING -> PAUSED
11:09:46.135 [JavaFX Application Thread] DEBUG FXGLEventBus         - Firing event: FXGLEvent[type=PAUSE]
11:09:46.135 [JavaFX Application Thread] DEBUG FXGLInput            - Clearing active input actions
11:09:49.261 [JavaFX Application Thread] DEBUG FXGLEventBus         - Firing event: DisplayEvent[type=DIALOG_CLOSED]
11:09:49.262 [JavaFX Application Thread] DEBUG FXGLInput            - Clearing active input actions
11:09:49.262 [JavaFX Application Thread] DEBUG FXGLMasterTimer      - Starting master timer
11:09:49.262 [JavaFX Application Thread] DEBUG GameApplication      - State: PAUSED -> PLAYING
11:09:49.262 [JavaFX Application Thread] DEBUG FXGLEventBus         - Firing event: FXGLEvent[type=RESUME]
11:09:49.262 [JavaFX Application Thread] DEBUG FXGLEventBus         - Firing event: DisplayEvent[type=CLOSE_REQUEST]
11:09:49.263 [JavaFX Application Thread] DEBUG FXGLEventBus         - Firing event: FXGLEvent[type=EXIT]
11:09:49.263 [JavaFX Application Thread] DEBUG FXGL                 - Saving FXGL system data
11:09:49.265 [JavaFX Application Thread] DEBUG IOTask               - Executing task: writeDataTask(system/fxgl.bundle)
11:09:49.270 [JavaFX Application Thread] DEBUG FS                   - Writing to: system\fxgl.bundle
11:09:49.276 [JavaFX Application Thread] DEBUG IOTask               - Task succeeded: writeDataTask(system/fxgl.bundle)
