11:25:17.325 [FXGL Launcher Thread     ] DEBUG FXGLLoggerFactory    - Service [LoggerFactory] initialized
11:25:17.332 [FXGL Launcher Thread     ] DEBUG FXGL                 - FXGL configuration complete
11:25:17.332 [FXGL Launcher Thread     ] DEBUG FXGL                 - Loading FXGL system data
11:25:17.336 [FXGL Launcher Thread     ] DEBUG IOTask               - Executing task: readDataTask(system/fxgl.bundle)
11:25:17.340 [FXGL Launcher Thread     ] DEBUG FS                   - Reading from: system\fxgl.bundle
11:25:17.348 [FXGL Launcher Thread     ] DEBUG IOTask               - Task succeeded: readDataTask(system/fxgl.bundle)
11:25:17.348 [FXGL Launcher Thread     ] DEBUG Bundle               - Logging bundle: FXGL
11:25:17.349 [FXGL Launcher Thread     ] DEBUG Bundle               - FXGL.offline.timer.version.check=2017-01-18T11:24:23.393
11:25:17.360 [JavaFX Application Thread] DEBUG UpdaterTask          - Checking for updates
11:25:17.424 [JavaFX Application Thread] DEBUG FXGLEventBus         - Service [EventBus] initialized
11:25:17.427 [JavaFX Application Thread] DEBUG FXGLExecutor         - Service [Executor] initialized
11:25:17.428 [JavaFX Application Thread] DEBUG IOTask               - Showing dialog
11:25:17.430 [FXGL Background Thread 1 ] DEBUG IOTask               - Executing task: openStream(https://raw.githubusercontent.com/AlmasB/FXGL/master/pom.xml)
11:25:17.430 [FXGL Background Thread 1 ] DEBUG IOTask               - Executing task: openStream(https://raw.githubusercontent.com/AlmasB/FXGL/master/pom.xml)
11:25:17.956 [JavaFX Application Thread] DEBUG IOTask               - fail(): Dismissing dialog
11:25:17.956 [JavaFX Application Thread] WARN  IOTask               - Task failed: openStream(https://raw.githubusercontent.com/AlmasB/FXGL/master/pom.xml) Error: javax.net.ssl.SSLHandshakeException: sun.security.validator.ValidatorException: PKIX path building failed: sun.security.provider.certpath.SunCertPathBuilderException: unable to find valid certification path to requested target
11:25:17.956 [JavaFX Application Thread] WARN  UpdaterTask          - Failed to find updates: javax.net.ssl.SSLHandshakeException: sun.security.validator.ValidatorException: PKIX path building failed: sun.security.provider.certpath.SunCertPathBuilderException: unable to find valid certification path to requested target
11:25:18.902 [FXGL Launcher Thread     ] DEBUG GameApplication      - Configuring GameApplication
11:25:18.910 [FXGL Launcher Thread     ] DEBUG FXGLExceptionHandler - Service [ExceptionHandler] initialized
11:25:18.910 [FXGL Launcher Thread     ] DEBUG PreInitTask          - Injecting gameWorld & physicsWorld
11:25:18.917 [FXGL Launcher Thread     ] DEBUG GameWorld            - Game world initialized
11:25:19.005 [FXGL Launcher Thread     ] DEBUG FXGLPooler           - Service [Pooler] initialized with default size = 128
11:25:19.005 [FXGL Launcher Thread     ] DEBUG PhysicsWorld         - Physics world initialized: appHeight=840.0, physics.ppm=50.0
11:25:19.007 [FXGL Launcher Thread     ] DEBUG FXGLInput            - Service [Input] initialized
11:25:19.038 [FXGL Launcher Thread     ] DEBUG FXGLInput            - Registered new binding: Screenshot - P
11:25:19.039 [FXGL Launcher Thread     ] DEBUG FXGLInput            - Registered new binding: Dev Options - CTRL+0
11:25:19.041 [FXGL Launcher Thread     ] DEBUG FXGLInput            - Registered new binding: Up - W
11:25:19.041 [FXGL Launcher Thread     ] DEBUG FXGLInput            - Registered new binding: Left - A
11:25:19.041 [FXGL Launcher Thread     ] DEBUG FXGLInput            - Registered new binding: Down - S
11:25:19.041 [FXGL Launcher Thread     ] DEBUG FXGLInput            - Registered new binding: Right - D
11:25:19.063 [FXGL Launcher Thread     ] DEBUG GameScene            - Game scene initialized: 960.0x840.0
11:25:19.066 [FXGL Launcher Thread     ] DEBUG FXGLAssetLoader      - Service [AssetLoader] initialized: cacheSize=35
11:25:19.068 [FXGL Launcher Thread     ] DEBUG FXGLAssetLoader      - Loading from disk: /assets/sounds/system/notification.wav
11:25:19.092 [FXGL Launcher Thread     ] DEBUG FXGLAssetLoader      - Loading from disk: /assets/sounds/menu/select.wav
11:25:19.093 [FXGL Launcher Thread     ] DEBUG FXGLAssetLoader      - Loading from disk: /assets/sounds/menu/back.wav
11:25:19.095 [FXGL Launcher Thread     ] DEBUG FXGLAssetLoader      - Loading from disk: /assets/sounds/menu/press.wav
11:25:19.097 [FXGL Launcher Thread     ] DEBUG FXGLAssetLoader      - Loading from disk: /assets/ui/fonts/Copperplate_Gothic_Light_Regular.ttf
11:25:19.102 [FXGL Launcher Thread     ] DEBUG FXGLAssetLoader      - Loading from disk: /assets/ui/css/fxgl.css
11:25:19.103 [FXGL Launcher Thread     ] DEBUG FXGLAssetLoader      - Loading from disk: /assets/ui/icons/fxgl_icon.png
11:25:19.134 [FXGL Launcher Thread     ] DEBUG FXGLAssetLoader      - Loading from disk: /assets/ui/css/fxgl_dark.css
11:25:19.144 [FXGL Launcher Thread     ] DEBUG FXGLDisplay          - Target size: DoubleProperty [value: 960.0] x DoubleProperty [value: 840.0] @ 1.0
11:25:19.145 [FXGL Launcher Thread     ] DEBUG FXGLDisplay          - New size:    960.0 x 840.0 @ DoubleProperty [value: 1.0]
11:25:19.145 [FXGL Launcher Thread     ] DEBUG FXGLDisplay          - Service [Display] initialized
11:25:19.145 [FXGL Launcher Thread     ] DEBUG FXGLDisplay          - Using CSS: CSS(externalForm=jar:file:/C:/Computer%20Science/Game%20Design/3rd/Pacman/lib/fxgl-0.2.9-uber.jar!/assets/ui/css/fxgl_dark.css)
11:25:19.146 [FXGL Launcher Thread     ] DEBUG InitScenesTask       - Injecting loadingScene & gameScene
11:25:19.164 [FXGL Launcher Thread     ] DEBUG FXGLMasterTimer      - Service [MasterTimer] initialized
11:25:19.166 [FXGL Launcher Thread     ] DEBUG FXGLAudioPlayer      - Service [AudioPlayer] initialized
11:25:19.175 [FXGL Launcher Thread     ] DEBUG GameApplication      - Starting new game
11:25:19.177 [FXGL Launcher Thread     ] DEBUG GameApplication      - Initializing App
11:25:19.178 [FXGL Launcher Thread     ] DEBUG FXGLInput            - Clearing active input actions
11:25:19.179 [FXGL Launcher Thread     ] DEBUG FXGLMasterTimer      - Stopping master timer
11:25:19.179 [FXGL Launcher Thread     ] DEBUG GameApplication      - State: STARTUP -> PAUSED
11:25:19.180 [FXGL Launcher Thread     ] DEBUG FXGLEventBus         - Firing event: FXGLEvent[type=PAUSE]
11:25:19.180 [FXGL Launcher Thread     ] DEBUG FXGLInput            - Clearing active input actions
11:25:19.180 [FXGL Launcher Thread     ] DEBUG FXGLMasterTimer      - Resetting ticks and clearing all actions
11:25:19.181 [FXGL Launcher Thread     ] DEBUG GameWorld            - Resetting game world
11:25:19.181 [FXGL Launcher Thread     ] TRACE EntityWorld          - Resetting entity world
11:25:19.182 [FXGL Launcher Thread     ] DEBUG PhysicsWorld         - Resetting physics world
11:25:19.182 [FXGL Launcher Thread     ] DEBUG GameScene            - Resetting game scene
11:25:19.182 [FXGL Launcher Thread     ] DEBUG FXGLEventBus         - Firing event: FXGLEvent[type=RESET]
11:25:19.251 [FXGL Launcher Thread     ] DEBUG GameApplication      - State: PAUSED -> LOADING
11:25:19.291 [FXGL Background Thread 1 ] DEBUG InitAppTask          - Initializing Assets
11:25:19.292 [FXGL Background Thread 1 ] DEBUG InitAppTask          - Initializing Game
11:25:19.299 [FXGL Background Thread 1 ] DEBUG FXGLAssetLoader      - Loading from disk: /assets/text/level.txt
11:25:19.409 [JavaFX Application Thread] DEBUG FXGLDisplay          - Showing stage
11:25:19.409 [JavaFX Application Thread] DEBUG FXGLDisplay          - Root size: 960.0x840.0
11:25:19.409 [JavaFX Application Thread] DEBUG FXGLDisplay          - Scene size: 960.0x840.0
11:25:19.409 [JavaFX Application Thread] DEBUG FXGLDisplay          - Stage size: 978.0x885.0
11:25:19.646 [FXGL Background Thread 1 ] DEBUG GameWorld            - Resetting game world
11:25:19.646 [FXGL Background Thread 1 ] TRACE EntityWorld          - Resetting entity world
11:25:19.646 [FXGL Background Thread 1 ] DEBUG PhysicsWorld         - Resetting physics world
11:25:19.647 [FXGL Background Thread 1 ] DEBUG GameScene            - Resetting game scene
11:25:19.647 [FXGL Background Thread 1 ] DEBUG GameWorld            - Setting level: com.almasb.fxgl.gameplay.Level@58d97ef4
11:25:19.648 [FXGL Background Thread 1 ] DEBUG InitAppTask          - Initializing Physics
11:25:19.649 [FXGL Background Thread 1 ] DEBUG InitAppTask          - Initializing UI
11:25:19.650 [FXGL Background Thread 1 ] DEBUG FXGLAssetLoader      - Loading from disk: /assets/ui/pacman_ui.fxml
11:25:19.729 [FXGL Background Thread 1 ] DEBUG GameScene            - Adding UI node: Pane@3248c901
11:25:19.730 [FXGL Background Thread 1 ] DEBUG InitAppTask          - Initialization Complete
11:25:19.731 [JavaFX Application Thread] DEBUG FXGLInput            - Clearing active input actions
11:25:19.732 [JavaFX Application Thread] DEBUG FXGLMasterTimer      - Starting master timer
11:25:19.732 [JavaFX Application Thread] DEBUG GameApplication      - State: LOADING -> PLAYING
11:25:19.739 [JavaFX Application Thread] DEBUG FXGLEventBus         - Firing event: FXGLEvent[type=RESUME]
11:25:19.747 [JavaFX Application Thread] DEBUG GameScene            - Entity added to scene
11:25:19.748 [JavaFX Application Thread] DEBUG GameScene            - Added MainViewComponent
11:25:19.750 [JavaFX Application Thread] DEBUG GameScene            - Creating render group for layer: PLAYGROUND(1073741823)
11:25:19.753 [JavaFX Application Thread] DEBUG GameScene            - Entity added to scene
11:25:19.754 [JavaFX Application Thread] DEBUG GameScene            - Added MainViewComponent
11:25:19.754 [JavaFX Application Thread] DEBUG GameScene            - Entity added to scene
11:25:19.754 [JavaFX Application Thread] DEBUG GameScene            - Added MainViewComponent
11:25:19.754 [JavaFX Application Thread] DEBUG GameScene            - Entity added to scene
11:25:19.754 [JavaFX Application Thread] DEBUG GameScene            - Added MainViewComponent
11:25:19.755 [JavaFX Application Thread] DEBUG GameScene            - Entity added to scene
11:25:19.755 [JavaFX Application Thread] DEBUG GameScene            - Added MainViewComponent
11:25:19.755 [JavaFX Application Thread] DEBUG GameScene            - Entity added to scene
11:25:19.755 [JavaFX Application Thread] DEBUG GameScene            - Added MainViewComponent
11:25:19.756 [JavaFX Application Thread] DEBUG GameScene            - Entity added to scene
11:25:19.756 [JavaFX Application Thread] DEBUG GameScene            - Added MainViewComponent
11:25:19.756 [JavaFX Application Thread] DEBUG GameScene            - Entity added to scene
11:25:19.756 [JavaFX Application Thread] DEBUG GameScene            - Added MainViewComponent
11:25:19.756 [JavaFX Application Thread] DEBUG GameScene            - Entity added to scene
11:25:19.756 [JavaFX Application Thread] DEBUG GameScene            - Added MainViewComponent
11:25:19.758 [JavaFX Application Thread] DEBUG GameScene            - Entity added to scene
11:25:19.758 [JavaFX Application Thread] DEBUG GameScene            - Added MainViewComponent
11:25:19.758 [JavaFX Application Thread] DEBUG GameScene            - Entity added to scene
11:25:19.758 [JavaFX Application Thread] DEBUG GameScene            - Added MainViewComponent
11:25:19.758 [JavaFX Application Thread] DEBUG GameScene            - Entity added to scene
11:25:19.758 [JavaFX Application Thread] DEBUG GameScene            - Added MainViewComponent
11:25:19.758 [JavaFX Application Thread] DEBUG GameScene            - Entity added to scene
11:25:19.759 [JavaFX Application Thread] DEBUG GameScene            - Added MainViewComponent
11:25:19.759 [JavaFX Application Thread] DEBUG GameScene            - Entity added to scene
11:25:19.759 [JavaFX Application Thread] DEBUG GameScene            - Added MainViewComponent
11:25:19.759 [JavaFX Application Thread] DEBUG GameScene            - Entity added to scene
11:25:19.759 [JavaFX Application Thread] DEBUG GameScene            - Added MainViewComponent
11:25:19.760 [JavaFX Application Thread] DEBUG GameScene            - Entity added to scene
11:25:19.760 [JavaFX Application Thread] DEBUG GameScene            - Added MainViewComponent
11:25:19.760 [JavaFX Application Thread] DEBUG GameScene            - Entity added to scene
11:25:19.760 [JavaFX Application Thread] DEBUG GameScene            - Added MainViewComponent
11:25:19.760 [JavaFX Application Thread] DEBUG GameScene            - Entity added to scene
11:25:19.760 [JavaFX Application Thread] DEBUG GameScene            - Added MainViewComponent
11:25:19.761 [JavaFX Application Thread] DEBUG GameScene            - Entity added to scene
11:25:19.761 [JavaFX Application Thread] DEBUG GameScene            - Added MainViewComponent
11:25:19.761 [JavaFX Application Thread] DEBUG GameScene            - Entity added to scene
11:25:19.761 [JavaFX Application Thread] DEBUG GameScene            - Added MainViewComponent
11:25:19.761 [JavaFX Application Thread] DEBUG GameScene            - Entity added to scene
11:25:19.761 [JavaFX Application Thread] DEBUG GameScene            - Added MainViewComponent
11:25:19.762 [JavaFX Application Thread] DEBUG GameScene            - Entity added to scene
11:25:19.762 [JavaFX Application Thread] DEBUG GameScene            - Added MainViewComponent
11:25:19.762 [JavaFX Application Thread] DEBUG GameScene            - Entity added to scene
11:25:19.762 [JavaFX Application Thread] DEBUG GameScene            - Added MainViewComponent
11:25:19.763 [JavaFX Application Thread] DEBUG GameScene            - Entity added to scene
11:25:19.763 [JavaFX Application Thread] DEBUG GameScene            - Added MainViewComponent
11:25:19.763 [JavaFX Application Thread] DEBUG GameScene            - Entity added to scene
11:25:19.763 [JavaFX Application Thread] DEBUG GameScene            - Added MainViewComponent
11:25:19.763 [JavaFX Application Thread] DEBUG GameScene            - Entity added to scene
11:25:19.763 [JavaFX Application Thread] DEBUG GameScene            - Added MainViewComponent
11:25:19.763 [JavaFX Application Thread] DEBUG GameScene            - Entity added to scene
11:25:19.764 [JavaFX Application Thread] DEBUG GameScene            - Added MainViewComponent
11:25:19.764 [JavaFX Application Thread] DEBUG GameScene            - Entity added to scene
11:25:19.764 [JavaFX Application Thread] DEBUG GameScene            - Added MainViewComponent
11:25:19.764 [JavaFX Application Thread] DEBUG GameScene            - Entity added to scene
11:25:19.764 [JavaFX Application Thread] DEBUG GameScene            - Added MainViewComponent
11:25:19.765 [JavaFX Application Thread] DEBUG GameScene            - Entity added to scene
11:25:19.765 [JavaFX Application Thread] DEBUG GameScene            - Added MainViewComponent
11:25:19.765 [JavaFX Application Thread] DEBUG GameScene            - Entity added to scene
11:25:19.765 [JavaFX Application Thread] DEBUG GameScene            - Added MainViewComponent
11:25:19.765 [JavaFX Application Thread] DEBUG GameScene            - Entity added to scene
11:25:19.765 [JavaFX Application Thread] DEBUG GameScene            - Added MainViewComponent
11:25:19.766 [JavaFX Application Thread] DEBUG GameScene            - Entity added to scene
11:25:19.766 [JavaFX Application Thread] DEBUG GameScene            - Added MainViewComponent
11:25:19.766 [JavaFX Application Thread] DEBUG GameScene            - Entity added to scene
11:25:19.766 [JavaFX Application Thread] DEBUG GameScene            - Added MainViewComponent
11:25:19.766 [JavaFX Application Thread] DEBUG GameScene            - Entity added to scene
11:25:19.767 [JavaFX Application Thread] DEBUG GameScene            - Added MainViewComponent
11:25:19.767 [JavaFX Application Thread] DEBUG GameScene            - Entity added to scene
11:25:19.767 [JavaFX Application Thread] DEBUG GameScene            - Added MainViewComponent
11:25:19.767 [JavaFX Application Thread] DEBUG GameScene            - Entity added to scene
11:25:19.767 [JavaFX Application Thread] DEBUG GameScene            - Added MainViewComponent
11:25:19.767 [JavaFX Application Thread] DEBUG GameScene            - Entity added to scene
11:25:19.767 [JavaFX Application Thread] DEBUG GameScene            - Added MainViewComponent
11:25:19.767 [JavaFX Application Thread] DEBUG GameScene            - Entity added to scene
11:25:19.767 [JavaFX Application Thread] DEBUG GameScene            - Added MainViewComponent
11:25:19.768 [JavaFX Application Thread] DEBUG GameScene            - Entity added to scene
11:25:19.768 [JavaFX Application Thread] DEBUG GameScene            - Added MainViewComponent
11:25:19.768 [JavaFX Application Thread] DEBUG GameScene            - Entity added to scene
11:25:19.768 [JavaFX Application Thread] DEBUG GameScene            - Added MainViewComponent
11:25:19.768 [JavaFX Application Thread] DEBUG GameScene            - Entity added to scene
11:25:19.768 [JavaFX Application Thread] DEBUG GameScene            - Added MainViewComponent
11:25:19.769 [JavaFX Application Thread] DEBUG GameScene            - Entity added to scene
11:25:19.769 [JavaFX Application Thread] DEBUG GameScene            - Added MainViewComponent
11:25:19.769 [JavaFX Application Thread] DEBUG GameScene            - Entity added to scene
11:25:19.769 [JavaFX Application Thread] DEBUG GameScene            - Added MainViewComponent
11:25:19.769 [JavaFX Application Thread] DEBUG GameScene            - Entity added to scene
11:25:19.769 [JavaFX Application Thread] DEBUG GameScene            - Added MainViewComponent
11:25:19.769 [JavaFX Application Thread] DEBUG GameScene            - Entity added to scene
11:25:19.769 [JavaFX Application Thread] DEBUG GameScene            - Added MainViewComponent
11:25:19.770 [JavaFX Application Thread] DEBUG GameScene            - Entity added to scene
11:25:19.770 [JavaFX Application Thread] DEBUG GameScene            - Added MainViewComponent
11:25:19.770 [JavaFX Application Thread] DEBUG GameScene            - Entity added to scene
11:25:19.770 [JavaFX Application Thread] DEBUG GameScene            - Added MainViewComponent
11:25:19.771 [JavaFX Application Thread] DEBUG GameScene            - Entity added to scene
11:25:19.771 [JavaFX Application Thread] DEBUG GameScene            - Added MainViewComponent
11:25:19.771 [JavaFX Application Thread] DEBUG GameScene            - Entity added to scene
11:25:19.771 [JavaFX Application Thread] DEBUG GameScene            - Added MainViewComponent
11:25:19.771 [JavaFX Application Thread] DEBUG GameScene            - Entity added to scene
11:25:19.771 [JavaFX Application Thread] DEBUG GameScene            - Added MainViewComponent
11:25:19.772 [JavaFX Application Thread] DEBUG GameScene            - Entity added to scene
11:25:19.772 [JavaFX Application Thread] DEBUG GameScene            - Added MainViewComponent
11:25:19.772 [JavaFX Application Thread] DEBUG GameScene            - Entity added to scene
11:25:19.772 [JavaFX Application Thread] DEBUG GameScene            - Added MainViewComponent
11:25:19.772 [JavaFX Application Thread] DEBUG GameScene            - Entity added to scene
11:25:19.773 [JavaFX Application Thread] DEBUG GameScene            - Added MainViewComponent
11:25:19.773 [JavaFX Application Thread] DEBUG GameScene            - Entity added to scene
11:25:19.773 [JavaFX Application Thread] DEBUG GameScene            - Added MainViewComponent
11:25:19.773 [JavaFX Application Thread] DEBUG GameScene            - Entity added to scene
11:25:19.773 [JavaFX Application Thread] DEBUG GameScene            - Added MainViewComponent
11:25:19.773 [JavaFX Application Thread] DEBUG GameScene            - Entity added to scene
11:25:19.773 [JavaFX Application Thread] DEBUG GameScene            - Added MainViewComponent
11:25:19.774 [JavaFX Application Thread] DEBUG GameScene            - Entity added to scene
11:25:19.774 [JavaFX Application Thread] DEBUG GameScene            - Added MainViewComponent
11:25:19.774 [JavaFX Application Thread] DEBUG GameScene            - Entity added to scene
11:25:19.774 [JavaFX Application Thread] DEBUG GameScene            - Added MainViewComponent
11:25:19.774 [JavaFX Application Thread] DEBUG GameScene            - Entity added to scene
11:25:19.774 [JavaFX Application Thread] DEBUG GameScene            - Added MainViewComponent
11:25:19.774 [JavaFX Application Thread] DEBUG GameScene            - Entity added to scene
11:25:19.774 [JavaFX Application Thread] DEBUG GameScene            - Added MainViewComponent
11:25:19.775 [JavaFX Application Thread] DEBUG GameScene            - Entity added to scene
11:25:19.775 [JavaFX Application Thread] DEBUG GameScene            - Added MainViewComponent
11:25:19.775 [JavaFX Application Thread] DEBUG GameScene            - Entity added to scene
11:25:19.775 [JavaFX Application Thread] DEBUG GameScene            - Added MainViewComponent
11:25:19.775 [JavaFX Application Thread] DEBUG GameScene            - Entity added to scene
11:25:19.775 [JavaFX Application Thread] DEBUG GameScene            - Added MainViewComponent
11:25:19.776 [JavaFX Application Thread] DEBUG GameScene            - Entity added to scene
11:25:19.776 [JavaFX Application Thread] DEBUG GameScene            - Added MainViewComponent
11:25:19.776 [JavaFX Application Thread] DEBUG GameScene            - Entity added to scene
11:25:19.776 [JavaFX Application Thread] DEBUG GameScene            - Added MainViewComponent
11:25:19.776 [JavaFX Application Thread] DEBUG GameScene            - Entity added to scene
11:25:19.776 [JavaFX Application Thread] DEBUG GameScene            - Added MainViewComponent
11:25:19.776 [JavaFX Application Thread] DEBUG GameScene            - Entity added to scene
11:25:19.777 [JavaFX Application Thread] DEBUG GameScene            - Added MainViewComponent
11:25:19.777 [JavaFX Application Thread] DEBUG GameScene            - Entity added to scene
11:25:19.777 [JavaFX Application Thread] DEBUG GameScene            - Added MainViewComponent
11:25:19.777 [JavaFX Application Thread] DEBUG GameScene            - Entity added to scene
11:25:19.777 [JavaFX Application Thread] DEBUG GameScene            - Added MainViewComponent
11:25:19.777 [JavaFX Application Thread] DEBUG GameScene            - Entity added to scene
11:25:19.777 [JavaFX Application Thread] DEBUG GameScene            - Added MainViewComponent
11:25:19.778 [JavaFX Application Thread] DEBUG GameScene            - Entity added to scene
11:25:19.778 [JavaFX Application Thread] DEBUG GameScene            - Added MainViewComponent
11:25:19.778 [JavaFX Application Thread] DEBUG GameScene            - Entity added to scene
11:25:19.778 [JavaFX Application Thread] DEBUG GameScene            - Added MainViewComponent
11:25:19.778 [JavaFX Application Thread] DEBUG GameScene            - Entity added to scene
11:25:19.778 [JavaFX Application Thread] DEBUG GameScene            - Added MainViewComponent
11:25:19.778 [JavaFX Application Thread] DEBUG GameScene            - Entity added to scene
11:25:19.778 [JavaFX Application Thread] DEBUG GameScene            - Added MainViewComponent
11:25:19.779 [JavaFX Application Thread] DEBUG GameScene            - Entity added to scene
11:25:19.779 [JavaFX Application Thread] DEBUG GameScene            - Added MainViewComponent
11:25:19.779 [JavaFX Application Thread] DEBUG GameScene            - Entity added to scene
11:25:19.779 [JavaFX Application Thread] DEBUG GameScene            - Added MainViewComponent
11:25:19.779 [JavaFX Application Thread] DEBUG GameScene            - Entity added to scene
11:25:19.779 [JavaFX Application Thread] DEBUG GameScene            - Added MainViewComponent
11:25:19.779 [JavaFX Application Thread] DEBUG GameScene            - Entity added to scene
11:25:19.779 [JavaFX Application Thread] DEBUG GameScene            - Added MainViewComponent
11:25:19.779 [JavaFX Application Thread] DEBUG GameScene            - Entity added to scene
11:25:19.780 [JavaFX Application Thread] DEBUG GameScene            - Added MainViewComponent
11:25:19.780 [JavaFX Application Thread] DEBUG GameScene            - Entity added to scene
11:25:19.780 [JavaFX Application Thread] DEBUG GameScene            - Added MainViewComponent
11:25:19.780 [JavaFX Application Thread] DEBUG GameScene            - Entity added to scene
11:25:19.780 [JavaFX Application Thread] DEBUG GameScene            - Added MainViewComponent
11:25:19.780 [JavaFX Application Thread] DEBUG GameScene            - Entity added to scene
11:25:19.780 [JavaFX Application Thread] DEBUG GameScene            - Added MainViewComponent
11:25:19.780 [JavaFX Application Thread] DEBUG GameScene            - Entity added to scene
11:25:19.780 [JavaFX Application Thread] DEBUG GameScene            - Added MainViewComponent
11:25:19.781 [JavaFX Application Thread] DEBUG GameScene            - Entity added to scene
11:25:19.781 [JavaFX Application Thread] DEBUG GameScene            - Added MainViewComponent
11:25:19.781 [JavaFX Application Thread] DEBUG GameScene            - Entity added to scene
11:25:19.781 [JavaFX Application Thread] DEBUG GameScene            - Added MainViewComponent
11:25:19.781 [JavaFX Application Thread] DEBUG GameScene            - Entity added to scene
11:25:19.781 [JavaFX Application Thread] DEBUG GameScene            - Added MainViewComponent
11:25:19.781 [JavaFX Application Thread] DEBUG GameScene            - Entity added to scene
11:25:19.781 [JavaFX Application Thread] DEBUG GameScene            - Added MainViewComponent
11:25:19.781 [JavaFX Application Thread] DEBUG GameScene            - Entity added to scene
11:25:19.782 [JavaFX Application Thread] DEBUG GameScene            - Added MainViewComponent
11:25:19.782 [JavaFX Application Thread] DEBUG GameScene            - Entity added to scene
11:25:19.782 [JavaFX Application Thread] DEBUG GameScene            - Added MainViewComponent
11:25:19.782 [JavaFX Application Thread] DEBUG GameScene            - Entity added to scene
11:25:19.782 [JavaFX Application Thread] DEBUG GameScene            - Added MainViewComponent
11:25:19.782 [JavaFX Application Thread] DEBUG GameScene            - Entity added to scene
11:25:19.782 [JavaFX Application Thread] DEBUG GameScene            - Added MainViewComponent
11:25:19.783 [JavaFX Application Thread] DEBUG GameScene            - Entity added to scene
11:25:19.783 [JavaFX Application Thread] DEBUG GameScene            - Added MainViewComponent
11:25:19.783 [JavaFX Application Thread] DEBUG GameScene            - Entity added to scene
11:25:19.783 [JavaFX Application Thread] DEBUG GameScene            - Added MainViewComponent
11:25:19.783 [JavaFX Application Thread] DEBUG GameScene            - Entity added to scene
11:25:19.783 [JavaFX Application Thread] DEBUG GameScene            - Added MainViewComponent
11:25:19.784 [JavaFX Application Thread] DEBUG GameScene            - Entity added to scene
11:25:19.784 [JavaFX Application Thread] DEBUG GameScene            - Added MainViewComponent
11:25:19.784 [JavaFX Application Thread] DEBUG GameScene            - Entity added to scene
11:25:19.784 [JavaFX Application Thread] DEBUG GameScene            - Added MainViewComponent
11:25:19.784 [JavaFX Application Thread] DEBUG GameScene            - Entity added to scene
11:25:19.785 [JavaFX Application Thread] DEBUG GameScene            - Added MainViewComponent
11:25:19.785 [JavaFX Application Thread] DEBUG GameScene            - Entity added to scene
11:25:19.785 [JavaFX Application Thread] DEBUG GameScene            - Added MainViewComponent
11:25:19.785 [JavaFX Application Thread] DEBUG GameScene            - Entity added to scene
11:25:19.786 [JavaFX Application Thread] DEBUG GameScene            - Added MainViewComponent
11:25:19.786 [JavaFX Application Thread] DEBUG GameScene            - Entity added to scene
11:25:19.786 [JavaFX Application Thread] DEBUG GameScene            - Added MainViewComponent
11:25:19.787 [JavaFX Application Thread] DEBUG GameScene            - Entity added to scene
11:25:19.787 [JavaFX Application Thread] DEBUG GameScene            - Added MainViewComponent
11:25:19.787 [JavaFX Application Thread] DEBUG GameScene            - Entity added to scene
11:25:19.787 [JavaFX Application Thread] DEBUG GameScene            - Added MainViewComponent
11:25:19.788 [JavaFX Application Thread] DEBUG GameScene            - Entity added to scene
11:25:19.788 [JavaFX Application Thread] DEBUG GameScene            - Added MainViewComponent
11:25:19.788 [JavaFX Application Thread] DEBUG GameScene            - Entity added to scene
11:25:19.788 [JavaFX Application Thread] DEBUG GameScene            - Added MainViewComponent
11:25:19.789 [JavaFX Application Thread] DEBUG GameScene            - Entity added to scene
11:25:19.789 [JavaFX Application Thread] DEBUG GameScene            - Added MainViewComponent
11:25:19.789 [JavaFX Application Thread] DEBUG GameScene            - Entity added to scene
11:25:19.789 [JavaFX Application Thread] DEBUG GameScene            - Added MainViewComponent
11:25:19.789 [JavaFX Application Thread] DEBUG GameScene            - Entity added to scene
11:25:19.789 [JavaFX Application Thread] DEBUG GameScene            - Added MainViewComponent
11:25:19.790 [JavaFX Application Thread] DEBUG GameScene            - Entity added to scene
11:25:19.790 [JavaFX Application Thread] DEBUG GameScene            - Added MainViewComponent
11:25:19.790 [JavaFX Application Thread] DEBUG GameScene            - Entity added to scene
11:25:19.790 [JavaFX Application Thread] DEBUG GameScene            - Added MainViewComponent
11:25:19.790 [JavaFX Application Thread] DEBUG GameScene            - Entity added to scene
11:25:19.790 [JavaFX Application Thread] DEBUG GameScene            - Added MainViewComponent
11:25:19.790 [JavaFX Application Thread] DEBUG GameScene            - Entity added to scene
11:25:19.790 [JavaFX Application Thread] DEBUG GameScene            - Added MainViewComponent
11:25:19.790 [JavaFX Application Thread] DEBUG GameScene            - Entity added to scene
11:25:19.791 [JavaFX Application Thread] DEBUG GameScene            - Added MainViewComponent
11:25:19.791 [JavaFX Application Thread] DEBUG GameScene            - Entity added to scene
11:25:19.791 [JavaFX Application Thread] DEBUG GameScene            - Added MainViewComponent
11:25:19.791 [JavaFX Application Thread] DEBUG GameScene            - Entity added to scene
11:25:19.791 [JavaFX Application Thread] DEBUG GameScene            - Added MainViewComponent
11:25:19.791 [JavaFX Application Thread] DEBUG GameScene            - Entity added to scene
11:25:19.791 [JavaFX Application Thread] DEBUG GameScene            - Added MainViewComponent
11:25:19.791 [JavaFX Application Thread] DEBUG GameScene            - Entity added to scene
11:25:19.792 [JavaFX Application Thread] DEBUG GameScene            - Added MainViewComponent
11:25:19.792 [JavaFX Application Thread] DEBUG GameScene            - Entity added to scene
11:25:19.792 [JavaFX Application Thread] DEBUG GameScene            - Added MainViewComponent
11:25:19.792 [JavaFX Application Thread] DEBUG GameScene            - Entity added to scene
11:25:19.792 [JavaFX Application Thread] DEBUG GameScene            - Added MainViewComponent
11:25:19.792 [JavaFX Application Thread] DEBUG GameScene            - Entity added to scene
11:25:19.792 [JavaFX Application Thread] DEBUG GameScene            - Added MainViewComponent
11:25:19.792 [JavaFX Application Thread] DEBUG GameScene            - Entity added to scene
11:25:19.792 [JavaFX Application Thread] DEBUG GameScene            - Added MainViewComponent
11:25:19.792 [JavaFX Application Thread] DEBUG GameScene            - Entity added to scene
11:25:19.793 [JavaFX Application Thread] DEBUG GameScene            - Added MainViewComponent
11:25:19.793 [JavaFX Application Thread] DEBUG GameScene            - Entity added to scene
11:25:19.793 [JavaFX Application Thread] DEBUG GameScene            - Added MainViewComponent
11:25:19.793 [JavaFX Application Thread] DEBUG GameScene            - Entity added to scene
11:25:19.793 [JavaFX Application Thread] DEBUG GameScene            - Added MainViewComponent
11:25:19.793 [JavaFX Application Thread] DEBUG GameScene            - Entity added to scene
11:25:19.794 [JavaFX Application Thread] DEBUG GameScene            - Added MainViewComponent
11:25:19.794 [JavaFX Application Thread] DEBUG GameScene            - Entity added to scene
11:25:19.794 [JavaFX Application Thread] DEBUG GameScene            - Added MainViewComponent
11:25:19.794 [JavaFX Application Thread] DEBUG GameScene            - Entity added to scene
11:25:19.794 [JavaFX Application Thread] DEBUG GameScene            - Added MainViewComponent
11:25:19.795 [JavaFX Application Thread] DEBUG GameScene            - Entity added to scene
11:25:19.795 [JavaFX Application Thread] DEBUG GameScene            - Added MainViewComponent
11:25:19.796 [JavaFX Application Thread] DEBUG GameScene            - Entity added to scene
11:25:19.796 [JavaFX Application Thread] DEBUG GameScene            - Added MainViewComponent
11:25:19.796 [JavaFX Application Thread] DEBUG GameScene            - Entity added to scene
11:25:19.796 [JavaFX Application Thread] DEBUG GameScene            - Added MainViewComponent
11:25:19.796 [JavaFX Application Thread] DEBUG GameScene            - Entity added to scene
11:25:19.797 [JavaFX Application Thread] DEBUG GameScene            - Added MainViewComponent
11:25:19.797 [JavaFX Application Thread] DEBUG GameScene            - Entity added to scene
11:25:19.797 [JavaFX Application Thread] DEBUG GameScene            - Added MainViewComponent
11:25:19.797 [JavaFX Application Thread] DEBUG GameScene            - Entity added to scene
11:25:19.797 [JavaFX Application Thread] DEBUG GameScene            - Added MainViewComponent
11:25:19.798 [JavaFX Application Thread] DEBUG GameScene            - Entity added to scene
11:25:19.798 [JavaFX Application Thread] DEBUG GameScene            - Added MainViewComponent
11:25:19.798 [JavaFX Application Thread] DEBUG GameScene            - Entity added to scene
11:25:19.798 [JavaFX Application Thread] DEBUG GameScene            - Added MainViewComponent
11:25:19.798 [JavaFX Application Thread] DEBUG GameScene            - Entity added to scene
11:25:19.798 [JavaFX Application Thread] DEBUG GameScene            - Added MainViewComponent
11:25:19.799 [JavaFX Application Thread] DEBUG GameScene            - Entity added to scene
11:25:19.799 [JavaFX Application Thread] DEBUG GameScene            - Added MainViewComponent
11:25:19.799 [JavaFX Application Thread] DEBUG GameScene            - Entity added to scene
11:25:19.799 [JavaFX Application Thread] DEBUG GameScene            - Added MainViewComponent
11:25:19.799 [JavaFX Application Thread] DEBUG GameScene            - Entity added to scene
11:25:19.799 [JavaFX Application Thread] DEBUG GameScene            - Added MainViewComponent
11:25:19.799 [JavaFX Application Thread] DEBUG GameScene            - Entity added to scene
11:25:19.799 [JavaFX Application Thread] DEBUG GameScene            - Added MainViewComponent
11:25:19.800 [JavaFX Application Thread] DEBUG GameScene            - Entity added to scene
11:25:19.800 [JavaFX Application Thread] DEBUG GameScene            - Added MainViewComponent
11:25:19.800 [JavaFX Application Thread] DEBUG GameScene            - Entity added to scene
11:25:19.800 [JavaFX Application Thread] DEBUG GameScene            - Added MainViewComponent
11:25:19.800 [JavaFX Application Thread] DEBUG GameScene            - Entity added to scene
11:25:19.800 [JavaFX Application Thread] DEBUG GameScene            - Added MainViewComponent
11:25:19.800 [JavaFX Application Thread] DEBUG GameScene            - Entity added to scene
11:25:19.800 [JavaFX Application Thread] DEBUG GameScene            - Added MainViewComponent
11:25:19.800 [JavaFX Application Thread] DEBUG GameScene            - Entity added to scene
11:25:19.801 [JavaFX Application Thread] DEBUG GameScene            - Added MainViewComponent
11:25:19.801 [JavaFX Application Thread] DEBUG GameScene            - Entity added to scene
11:25:19.801 [JavaFX Application Thread] DEBUG GameScene            - Added MainViewComponent
11:25:19.801 [JavaFX Application Thread] DEBUG GameScene            - Entity added to scene
11:25:19.801 [JavaFX Application Thread] DEBUG GameScene            - Added MainViewComponent
11:25:19.801 [JavaFX Application Thread] DEBUG GameScene            - Entity added to scene
11:25:19.801 [JavaFX Application Thread] DEBUG GameScene            - Added MainViewComponent
11:25:19.801 [JavaFX Application Thread] DEBUG GameScene            - Entity added to scene
11:25:19.801 [JavaFX Application Thread] DEBUG GameScene            - Added MainViewComponent
11:25:19.802 [JavaFX Application Thread] DEBUG GameScene            - Entity added to scene
11:25:19.802 [JavaFX Application Thread] DEBUG GameScene            - Added MainViewComponent
11:25:19.802 [JavaFX Application Thread] DEBUG GameScene            - Entity added to scene
11:25:19.802 [JavaFX Application Thread] DEBUG GameScene            - Added MainViewComponent
11:25:19.802 [JavaFX Application Thread] DEBUG GameScene            - Entity added to scene
11:25:19.802 [JavaFX Application Thread] DEBUG GameScene            - Added MainViewComponent
11:25:19.802 [JavaFX Application Thread] DEBUG GameScene            - Entity added to scene
11:25:19.802 [JavaFX Application Thread] DEBUG GameScene            - Added MainViewComponent
11:25:19.803 [JavaFX Application Thread] DEBUG GameScene            - Entity added to scene
11:25:19.803 [JavaFX Application Thread] DEBUG GameScene            - Added MainViewComponent
11:25:19.803 [JavaFX Application Thread] DEBUG GameScene            - Entity added to scene
11:25:19.803 [JavaFX Application Thread] DEBUG GameScene            - Added MainViewComponent
11:25:19.803 [JavaFX Application Thread] DEBUG GameScene            - Entity added to scene
11:25:19.803 [JavaFX Application Thread] DEBUG GameScene            - Added MainViewComponent
11:25:19.803 [JavaFX Application Thread] DEBUG GameScene            - Entity added to scene
11:25:19.803 [JavaFX Application Thread] DEBUG GameScene            - Added MainViewComponent
11:25:19.803 [JavaFX Application Thread] DEBUG GameScene            - Entity added to scene
11:25:19.803 [JavaFX Application Thread] DEBUG GameScene            - Added MainViewComponent
11:25:19.803 [JavaFX Application Thread] DEBUG GameScene            - Entity added to scene
11:25:19.803 [JavaFX Application Thread] DEBUG GameScene            - Added MainViewComponent
11:25:19.804 [JavaFX Application Thread] DEBUG GameScene            - Entity added to scene
11:25:19.804 [JavaFX Application Thread] DEBUG GameScene            - Added MainViewComponent
11:25:19.804 [JavaFX Application Thread] DEBUG GameScene            - Entity added to scene
11:25:19.804 [JavaFX Application Thread] DEBUG GameScene            - Added MainViewComponent
11:25:19.804 [JavaFX Application Thread] DEBUG GameScene            - Entity added to scene
11:25:19.804 [JavaFX Application Thread] DEBUG GameScene            - Added MainViewComponent
11:25:19.804 [JavaFX Application Thread] DEBUG GameScene            - Entity added to scene
11:25:19.804 [JavaFX Application Thread] DEBUG GameScene            - Added MainViewComponent
11:25:19.805 [JavaFX Application Thread] DEBUG GameScene            - Entity added to scene
11:25:19.805 [JavaFX Application Thread] DEBUG GameScene            - Added MainViewComponent
11:25:19.805 [JavaFX Application Thread] DEBUG GameScene            - Entity added to scene
11:25:19.805 [JavaFX Application Thread] DEBUG GameScene            - Added MainViewComponent
11:25:19.805 [JavaFX Application Thread] DEBUG GameScene            - Entity added to scene
11:25:19.805 [JavaFX Application Thread] DEBUG GameScene            - Added MainViewComponent
11:25:19.805 [JavaFX Application Thread] DEBUG GameScene            - Entity added to scene
11:25:19.805 [JavaFX Application Thread] DEBUG GameScene            - Added MainViewComponent
11:25:19.805 [JavaFX Application Thread] DEBUG GameScene            - Entity added to scene
11:25:19.806 [JavaFX Application Thread] DEBUG GameScene            - Added MainViewComponent
11:25:19.806 [JavaFX Application Thread] DEBUG GameScene            - Entity added to scene
11:25:19.806 [JavaFX Application Thread] DEBUG GameScene            - Added MainViewComponent
11:25:19.806 [JavaFX Application Thread] DEBUG GameScene            - Entity added to scene
11:25:19.806 [JavaFX Application Thread] DEBUG GameScene            - Added MainViewComponent
11:25:19.806 [JavaFX Application Thread] DEBUG GameScene            - Entity added to scene
11:25:19.806 [JavaFX Application Thread] DEBUG GameScene            - Added MainViewComponent
11:25:19.806 [JavaFX Application Thread] DEBUG GameScene            - Entity added to scene
11:25:19.806 [JavaFX Application Thread] DEBUG GameScene            - Added MainViewComponent
11:25:19.807 [JavaFX Application Thread] DEBUG GameScene            - Entity added to scene
11:25:19.807 [JavaFX Application Thread] DEBUG GameScene            - Added MainViewComponent
11:25:19.807 [JavaFX Application Thread] DEBUG GameScene            - Entity added to scene
11:25:19.807 [JavaFX Application Thread] DEBUG GameScene            - Added MainViewComponent
11:25:19.807 [JavaFX Application Thread] DEBUG GameScene            - Entity added to scene
11:25:19.807 [JavaFX Application Thread] DEBUG GameScene            - Added MainViewComponent
11:25:19.807 [JavaFX Application Thread] DEBUG GameScene            - Entity added to scene
11:25:19.807 [JavaFX Application Thread] DEBUG GameScene            - Added MainViewComponent
11:25:19.807 [JavaFX Application Thread] DEBUG GameScene            - Entity added to scene
11:25:19.807 [JavaFX Application Thread] DEBUG GameScene            - Added MainViewComponent
11:25:19.807 [JavaFX Application Thread] DEBUG GameScene            - Entity added to scene
11:25:19.807 [JavaFX Application Thread] DEBUG GameScene            - Added MainViewComponent
11:25:19.808 [JavaFX Application Thread] DEBUG GameScene            - Entity added to scene
11:25:19.808 [JavaFX Application Thread] DEBUG GameScene            - Added MainViewComponent
11:25:19.808 [JavaFX Application Thread] DEBUG GameScene            - Entity added to scene
11:25:19.808 [JavaFX Application Thread] DEBUG GameScene            - Added MainViewComponent
11:25:19.808 [JavaFX Application Thread] DEBUG GameScene            - Entity added to scene
11:25:19.808 [JavaFX Application Thread] DEBUG GameScene            - Added MainViewComponent
11:25:19.808 [JavaFX Application Thread] DEBUG GameScene            - Entity added to scene
11:25:19.808 [JavaFX Application Thread] DEBUG GameScene            - Added MainViewComponent
11:25:19.808 [JavaFX Application Thread] DEBUG GameScene            - Entity added to scene
11:25:19.808 [JavaFX Application Thread] DEBUG GameScene            - Added MainViewComponent
11:25:19.808 [JavaFX Application Thread] DEBUG GameScene            - Entity added to scene
11:25:19.809 [JavaFX Application Thread] DEBUG GameScene            - Added MainViewComponent
11:25:19.809 [JavaFX Application Thread] DEBUG GameScene            - Entity added to scene
11:25:19.809 [JavaFX Application Thread] DEBUG GameScene            - Added MainViewComponent
11:25:19.809 [JavaFX Application Thread] DEBUG GameScene            - Entity added to scene
11:25:19.809 [JavaFX Application Thread] DEBUG GameScene            - Added MainViewComponent
11:25:19.809 [JavaFX Application Thread] DEBUG GameScene            - Entity added to scene
11:25:19.809 [JavaFX Application Thread] DEBUG GameScene            - Added MainViewComponent
11:25:19.809 [JavaFX Application Thread] DEBUG GameScene            - Entity added to scene
11:25:19.809 [JavaFX Application Thread] DEBUG GameScene            - Added MainViewComponent
11:25:19.809 [JavaFX Application Thread] DEBUG GameScene            - Entity added to scene
11:25:19.809 [JavaFX Application Thread] DEBUG GameScene            - Added MainViewComponent
11:25:19.810 [JavaFX Application Thread] DEBUG GameScene            - Entity added to scene
11:25:19.810 [JavaFX Application Thread] DEBUG GameScene            - Added MainViewComponent
11:25:19.810 [JavaFX Application Thread] DEBUG GameScene            - Entity added to scene
11:25:19.810 [JavaFX Application Thread] DEBUG GameScene            - Added MainViewComponent
11:25:19.810 [JavaFX Application Thread] DEBUG GameScene            - Entity added to scene
11:25:19.810 [JavaFX Application Thread] DEBUG GameScene            - Added MainViewComponent
11:25:19.810 [JavaFX Application Thread] DEBUG GameScene            - Entity added to scene
11:25:19.810 [JavaFX Application Thread] DEBUG GameScene            - Added MainViewComponent
11:25:19.810 [JavaFX Application Thread] DEBUG GameScene            - Entity added to scene
11:25:19.810 [JavaFX Application Thread] DEBUG GameScene            - Added MainViewComponent
11:25:19.810 [JavaFX Application Thread] DEBUG GameScene            - Entity added to scene
11:25:19.810 [JavaFX Application Thread] DEBUG GameScene            - Added MainViewComponent
11:25:19.811 [JavaFX Application Thread] DEBUG GameScene            - Entity added to scene
11:25:19.811 [JavaFX Application Thread] DEBUG GameScene            - Added MainViewComponent
11:25:19.811 [JavaFX Application Thread] DEBUG GameScene            - Entity added to scene
11:25:19.811 [JavaFX Application Thread] DEBUG GameScene            - Added MainViewComponent
11:25:19.811 [JavaFX Application Thread] DEBUG GameScene            - Entity added to scene
11:25:19.811 [JavaFX Application Thread] DEBUG GameScene            - Added MainViewComponent
11:25:19.812 [JavaFX Application Thread] DEBUG GameScene            - Entity added to scene
11:25:19.812 [JavaFX Application Thread] DEBUG GameScene            - Added MainViewComponent
11:25:19.812 [JavaFX Application Thread] DEBUG GameScene            - Entity added to scene
11:25:19.812 [JavaFX Application Thread] DEBUG GameScene            - Added MainViewComponent
11:25:19.812 [JavaFX Application Thread] DEBUG GameScene            - Entity added to scene
11:25:19.812 [JavaFX Application Thread] DEBUG GameScene            - Added MainViewComponent
11:25:19.812 [JavaFX Application Thread] DEBUG GameScene            - Entity added to scene
11:25:19.813 [JavaFX Application Thread] DEBUG GameScene            - Added MainViewComponent
11:25:19.813 [JavaFX Application Thread] DEBUG GameScene            - Entity added to scene
11:25:19.813 [JavaFX Application Thread] DEBUG GameScene            - Added MainViewComponent
11:25:19.813 [JavaFX Application Thread] DEBUG GameScene            - Entity added to scene
11:25:19.813 [JavaFX Application Thread] DEBUG GameScene            - Added MainViewComponent
11:25:19.813 [JavaFX Application Thread] DEBUG GameScene            - Entity added to scene
11:25:19.813 [JavaFX Application Thread] DEBUG GameScene            - Added MainViewComponent
11:25:19.813 [JavaFX Application Thread] DEBUG GameScene            - Entity added to scene
11:25:19.813 [JavaFX Application Thread] DEBUG GameScene            - Added MainViewComponent
11:25:19.813 [JavaFX Application Thread] DEBUG GameScene            - Entity added to scene
11:25:19.814 [JavaFX Application Thread] DEBUG GameScene            - Added MainViewComponent
11:25:19.814 [JavaFX Application Thread] DEBUG GameScene            - Entity added to scene
11:25:19.814 [JavaFX Application Thread] DEBUG GameScene            - Added MainViewComponent
11:25:19.814 [JavaFX Application Thread] DEBUG GameScene            - Entity added to scene
11:25:19.814 [JavaFX Application Thread] DEBUG GameScene            - Added MainViewComponent
11:25:19.814 [JavaFX Application Thread] DEBUG GameScene            - Entity added to scene
11:25:19.814 [JavaFX Application Thread] DEBUG GameScene            - Added MainViewComponent
11:25:19.814 [JavaFX Application Thread] DEBUG GameScene            - Entity added to scene
11:25:19.814 [JavaFX Application Thread] DEBUG GameScene            - Added MainViewComponent
11:25:19.815 [JavaFX Application Thread] DEBUG GameScene            - Entity added to scene
11:25:19.815 [JavaFX Application Thread] DEBUG GameScene            - Added MainViewComponent
11:25:19.815 [JavaFX Application Thread] DEBUG GameScene            - Entity added to scene
11:25:19.815 [JavaFX Application Thread] DEBUG GameScene            - Added MainViewComponent
11:25:19.816 [JavaFX Application Thread] DEBUG GameScene            - Entity added to scene
11:25:19.816 [JavaFX Application Thread] DEBUG GameScene            - Added MainViewComponent
11:25:19.817 [JavaFX Application Thread] DEBUG GameScene            - Entity added to scene
11:25:19.817 [JavaFX Application Thread] DEBUG GameScene            - Added MainViewComponent
11:25:19.817 [JavaFX Application Thread] DEBUG GameScene            - Entity added to scene
11:25:19.817 [JavaFX Application Thread] DEBUG GameScene            - Added MainViewComponent
11:25:19.817 [JavaFX Application Thread] DEBUG GameScene            - Entity added to scene
11:25:19.818 [JavaFX Application Thread] DEBUG GameScene            - Added MainViewComponent
11:25:19.818 [JavaFX Application Thread] DEBUG GameScene            - Entity added to scene
11:25:19.818 [JavaFX Application Thread] DEBUG GameScene            - Added MainViewComponent
11:25:19.818 [JavaFX Application Thread] DEBUG GameScene            - Entity added to scene
11:25:19.818 [JavaFX Application Thread] DEBUG GameScene            - Added MainViewComponent
11:25:19.819 [JavaFX Application Thread] DEBUG GameScene            - Entity added to scene
11:25:19.819 [JavaFX Application Thread] DEBUG GameScene            - Added MainViewComponent
11:25:19.819 [JavaFX Application Thread] DEBUG GameScene            - Entity added to scene
11:25:19.819 [JavaFX Application Thread] DEBUG GameScene            - Added MainViewComponent
11:25:19.819 [JavaFX Application Thread] DEBUG GameScene            - Entity added to scene
11:25:19.819 [JavaFX Application Thread] DEBUG GameScene            - Added MainViewComponent
11:25:19.820 [JavaFX Application Thread] DEBUG GameScene            - Entity added to scene
11:25:19.820 [JavaFX Application Thread] DEBUG GameScene            - Added MainViewComponent
11:25:19.821 [JavaFX Application Thread] DEBUG GameScene            - Entity added to scene
11:25:19.821 [JavaFX Application Thread] DEBUG GameScene            - Added MainViewComponent
11:25:19.821 [JavaFX Application Thread] DEBUG GameScene            - Entity added to scene
11:25:19.821 [JavaFX Application Thread] DEBUG GameScene            - Added MainViewComponent
11:25:19.821 [JavaFX Application Thread] DEBUG GameScene            - Entity added to scene
11:25:19.822 [JavaFX Application Thread] DEBUG GameScene            - Added MainViewComponent
11:25:19.822 [JavaFX Application Thread] DEBUG GameScene            - Entity added to scene
11:25:19.822 [JavaFX Application Thread] DEBUG GameScene            - Added MainViewComponent
11:25:19.822 [JavaFX Application Thread] DEBUG GameScene            - Entity added to scene
11:25:19.822 [JavaFX Application Thread] DEBUG GameScene            - Added MainViewComponent
11:25:19.822 [JavaFX Application Thread] DEBUG GameScene            - Entity added to scene
11:25:19.822 [JavaFX Application Thread] DEBUG GameScene            - Added MainViewComponent
11:25:19.823 [JavaFX Application Thread] DEBUG GameScene            - Entity added to scene
11:25:19.823 [JavaFX Application Thread] DEBUG GameScene            - Added MainViewComponent
11:25:19.823 [JavaFX Application Thread] DEBUG GameScene            - Entity added to scene
11:25:19.823 [JavaFX Application Thread] DEBUG GameScene            - Added MainViewComponent
11:25:19.823 [JavaFX Application Thread] DEBUG GameScene            - Entity added to scene
11:25:19.823 [JavaFX Application Thread] DEBUG GameScene            - Added MainViewComponent
11:25:19.823 [JavaFX Application Thread] DEBUG GameScene            - Entity added to scene
11:25:19.824 [JavaFX Application Thread] DEBUG GameScene            - Added MainViewComponent
11:25:19.824 [JavaFX Application Thread] DEBUG GameScene            - Entity added to scene
11:25:19.824 [JavaFX Application Thread] DEBUG GameScene            - Added MainViewComponent
11:25:19.824 [JavaFX Application Thread] DEBUG GameScene            - Entity added to scene
11:25:19.824 [JavaFX Application Thread] DEBUG GameScene            - Added MainViewComponent
11:25:19.825 [JavaFX Application Thread] DEBUG GameScene            - Entity added to scene
11:25:19.825 [JavaFX Application Thread] DEBUG GameScene            - Added MainViewComponent
11:25:19.825 [JavaFX Application Thread] DEBUG GameScene            - Entity added to scene
11:25:19.825 [JavaFX Application Thread] DEBUG GameScene            - Added MainViewComponent
11:25:19.825 [JavaFX Application Thread] DEBUG GameScene            - Entity added to scene
11:25:19.825 [JavaFX Application Thread] DEBUG GameScene            - Added MainViewComponent
11:25:19.825 [JavaFX Application Thread] DEBUG GameScene            - Entity added to scene
11:25:19.825 [JavaFX Application Thread] DEBUG GameScene            - Added MainViewComponent
11:25:19.826 [JavaFX Application Thread] DEBUG GameScene            - Entity added to scene
11:25:19.826 [JavaFX Application Thread] DEBUG GameScene            - Added MainViewComponent
11:25:19.826 [JavaFX Application Thread] DEBUG GameScene            - Entity added to scene
11:25:19.826 [JavaFX Application Thread] DEBUG GameScene            - Added MainViewComponent
11:25:19.826 [JavaFX Application Thread] DEBUG GameScene            - Entity added to scene
11:25:19.827 [JavaFX Application Thread] DEBUG GameScene            - Added MainViewComponent
11:25:19.827 [JavaFX Application Thread] DEBUG GameScene            - Entity added to scene
11:25:19.827 [JavaFX Application Thread] DEBUG GameScene            - Added MainViewComponent
11:25:19.827 [JavaFX Application Thread] DEBUG GameScene            - Entity added to scene
11:25:19.828 [JavaFX Application Thread] DEBUG GameScene            - Added MainViewComponent
11:25:19.828 [JavaFX Application Thread] DEBUG GameScene            - Entity added to scene
11:25:19.829 [JavaFX Application Thread] DEBUG GameScene            - Added MainViewComponent
11:25:19.829 [JavaFX Application Thread] DEBUG GameScene            - Entity added to scene
11:25:19.829 [JavaFX Application Thread] DEBUG GameScene            - Added MainViewComponent
11:25:19.829 [JavaFX Application Thread] DEBUG GameScene            - Entity added to scene
11:25:19.829 [JavaFX Application Thread] DEBUG GameScene            - Added MainViewComponent
11:25:19.830 [JavaFX Application Thread] DEBUG GameScene            - Entity added to scene
11:25:19.830 [JavaFX Application Thread] DEBUG GameScene            - Added MainViewComponent
11:25:19.830 [JavaFX Application Thread] DEBUG GameScene            - Entity added to scene
11:25:19.830 [JavaFX Application Thread] DEBUG GameScene            - Added MainViewComponent
11:25:19.830 [JavaFX Application Thread] DEBUG GameScene            - Entity added to scene
11:25:19.830 [JavaFX Application Thread] DEBUG GameScene            - Added MainViewComponent
11:25:19.831 [JavaFX Application Thread] DEBUG GameScene            - Entity added to scene
11:25:19.831 [JavaFX Application Thread] DEBUG GameScene            - Added MainViewComponent
11:25:19.831 [JavaFX Application Thread] DEBUG GameScene            - Entity added to scene
11:25:19.831 [JavaFX Application Thread] DEBUG GameScene            - Added MainViewComponent
11:25:19.831 [JavaFX Application Thread] DEBUG GameScene            - Entity added to scene
11:25:19.832 [JavaFX Application Thread] DEBUG GameScene            - Added MainViewComponent
11:25:19.832 [JavaFX Application Thread] DEBUG GameScene            - Entity added to scene
11:25:19.832 [JavaFX Application Thread] DEBUG GameScene            - Added MainViewComponent
11:25:19.832 [JavaFX Application Thread] DEBUG GameScene            - Entity added to scene
11:25:19.832 [JavaFX Application Thread] DEBUG GameScene            - Added MainViewComponent
11:25:19.832 [JavaFX Application Thread] DEBUG GameScene            - Entity added to scene
11:25:19.832 [JavaFX Application Thread] DEBUG GameScene            - Added MainViewComponent
11:25:19.835 [JavaFX Application Thread] DEBUG GameScene            - Entity added to scene
11:25:19.835 [JavaFX Application Thread] DEBUG GameScene            - Added MainViewComponent
11:25:19.835 [JavaFX Application Thread] DEBUG GameScene            - Entity added to scene
11:25:19.835 [JavaFX Application Thread] DEBUG GameScene            - Added MainViewComponent
11:25:19.835 [JavaFX Application Thread] DEBUG GameScene            - Entity added to scene
11:25:19.836 [JavaFX Application Thread] DEBUG GameScene            - Added MainViewComponent
11:25:19.836 [JavaFX Application Thread] DEBUG GameScene            - Entity added to scene
11:25:19.837 [JavaFX Application Thread] DEBUG GameScene            - Added MainViewComponent
11:25:19.839 [JavaFX Application Thread] DEBUG GameScene            - Entity added to scene
11:25:19.840 [JavaFX Application Thread] DEBUG GameScene            - Added MainViewComponent
11:25:19.843 [JavaFX Application Thread] DEBUG GameScene            - Entity added to scene
11:25:19.844 [JavaFX Application Thread] DEBUG GameScene            - Added MainViewComponent
11:25:19.844 [JavaFX Application Thread] DEBUG GameScene            - Entity added to scene
11:25:19.844 [JavaFX Application Thread] DEBUG GameScene            - Added MainViewComponent
11:25:19.844 [JavaFX Application Thread] DEBUG GameScene            - Entity added to scene
11:25:19.845 [JavaFX Application Thread] DEBUG GameScene            - Added MainViewComponent
11:25:19.845 [JavaFX Application Thread] DEBUG GameScene            - Entity added to scene
11:25:19.845 [JavaFX Application Thread] DEBUG GameScene            - Added MainViewComponent
11:25:19.845 [JavaFX Application Thread] DEBUG GameScene            - Entity added to scene
11:25:19.845 [JavaFX Application Thread] DEBUG GameScene            - Added MainViewComponent
11:25:19.845 [JavaFX Application Thread] DEBUG GameScene            - Entity added to scene
11:25:19.845 [JavaFX Application Thread] DEBUG GameScene            - Added MainViewComponent
11:25:19.845 [JavaFX Application Thread] DEBUG GameScene            - Entity added to scene
11:25:19.845 [JavaFX Application Thread] DEBUG GameScene            - Added MainViewComponent
11:25:19.846 [JavaFX Application Thread] DEBUG GameScene            - Entity added to scene
11:25:19.846 [JavaFX Application Thread] DEBUG GameScene            - Added MainViewComponent
11:25:19.846 [JavaFX Application Thread] DEBUG GameScene            - Entity added to scene
11:25:19.846 [JavaFX Application Thread] DEBUG GameScene            - Added MainViewComponent
11:25:19.846 [JavaFX Application Thread] DEBUG GameScene            - Entity added to scene
11:25:19.846 [JavaFX Application Thread] DEBUG GameScene            - Added MainViewComponent
11:25:19.847 [JavaFX Application Thread] DEBUG GameScene            - Entity added to scene
11:25:19.847 [JavaFX Application Thread] DEBUG GameScene            - Added MainViewComponent
11:25:19.847 [JavaFX Application Thread] DEBUG GameScene            - Entity added to scene
11:25:19.847 [JavaFX Application Thread] DEBUG GameScene            - Added MainViewComponent
11:25:19.847 [JavaFX Application Thread] DEBUG GameScene            - Entity added to scene
11:25:19.847 [JavaFX Application Thread] DEBUG GameScene            - Added MainViewComponent
11:25:19.848 [JavaFX Application Thread] DEBUG GameScene            - Entity added to scene
11:25:19.848 [JavaFX Application Thread] DEBUG GameScene            - Added MainViewComponent
11:25:19.850 [JavaFX Application Thread] DEBUG GameScene            - Entity added to scene
11:25:19.850 [JavaFX Application Thread] DEBUG GameScene            - Added MainViewComponent
11:25:19.851 [JavaFX Application Thread] DEBUG GameScene            - Entity added to scene
11:25:19.852 [JavaFX Application Thread] DEBUG GameScene            - Added MainViewComponent
11:25:19.854 [JavaFX Application Thread] DEBUG GameScene            - Entity added to scene
11:25:19.862 [JavaFX Application Thread] DEBUG GameScene            - Added MainViewComponent
11:25:19.863 [JavaFX Application Thread] DEBUG GameScene            - Entity added to scene
11:25:19.863 [JavaFX Application Thread] DEBUG GameScene            - Added MainViewComponent
11:25:19.863 [JavaFX Application Thread] DEBUG GameScene            - Entity added to scene
11:25:19.863 [JavaFX Application Thread] DEBUG GameScene            - Added MainViewComponent
11:25:19.864 [JavaFX Application Thread] DEBUG GameScene            - Entity added to scene
11:25:19.864 [JavaFX Application Thread] DEBUG GameScene            - Added MainViewComponent
11:25:19.864 [JavaFX Application Thread] DEBUG GameScene            - Entity added to scene
11:25:19.864 [JavaFX Application Thread] DEBUG GameScene            - Added MainViewComponent
11:25:19.864 [JavaFX Application Thread] DEBUG GameScene            - Entity added to scene
11:25:19.864 [JavaFX Application Thread] DEBUG GameScene            - Added MainViewComponent
11:25:19.864 [JavaFX Application Thread] DEBUG GameScene            - Entity added to scene
11:25:19.864 [JavaFX Application Thread] DEBUG GameScene            - Added MainViewComponent
11:25:19.864 [JavaFX Application Thread] DEBUG GameScene            - Entity added to scene
11:25:19.864 [JavaFX Application Thread] DEBUG GameScene            - Added MainViewComponent
11:25:19.864 [JavaFX Application Thread] DEBUG GameScene            - Entity added to scene
11:25:19.865 [JavaFX Application Thread] DEBUG GameScene            - Added MainViewComponent
11:25:19.865 [JavaFX Application Thread] DEBUG GameScene            - Entity added to scene
11:25:19.865 [JavaFX Application Thread] DEBUG GameScene            - Added MainViewComponent
11:25:19.865 [JavaFX Application Thread] DEBUG GameScene            - Entity added to scene
11:25:19.865 [JavaFX Application Thread] DEBUG GameScene            - Added MainViewComponent
11:25:19.865 [JavaFX Application Thread] DEBUG GameScene            - Entity added to scene
11:25:19.865 [JavaFX Application Thread] DEBUG GameScene            - Added MainViewComponent
11:25:19.865 [JavaFX Application Thread] DEBUG GameScene            - Entity added to scene
11:25:19.865 [JavaFX Application Thread] DEBUG GameScene            - Added MainViewComponent
11:25:19.865 [JavaFX Application Thread] DEBUG GameScene            - Entity added to scene
11:25:19.865 [JavaFX Application Thread] DEBUG GameScene            - Added MainViewComponent
11:25:19.865 [JavaFX Application Thread] DEBUG GameScene            - Entity added to scene
11:25:19.866 [JavaFX Application Thread] DEBUG GameScene            - Added MainViewComponent
11:25:19.866 [JavaFX Application Thread] DEBUG GameScene            - Creating render group for layer: TOP(2147483647)
11:25:19.866 [JavaFX Application Thread] DEBUG GameScene            - Entity added to scene
11:25:19.866 [JavaFX Application Thread] DEBUG GameScene            - Added MainViewComponent
11:25:19.866 [JavaFX Application Thread] DEBUG GameScene            - Entity added to scene
11:25:19.866 [JavaFX Application Thread] DEBUG GameScene            - Added MainViewComponent
11:25:19.866 [JavaFX Application Thread] DEBUG GameScene            - Entity added to scene
11:25:19.866 [JavaFX Application Thread] DEBUG GameScene            - Added MainViewComponent
11:25:19.867 [JavaFX Application Thread] DEBUG GameScene            - Entity added to scene
11:25:19.867 [JavaFX Application Thread] DEBUG GameScene            - Added MainViewComponent
11:25:19.867 [JavaFX Application Thread] DEBUG GameScene            - Entity added to scene
11:25:19.867 [JavaFX Application Thread] DEBUG GameScene            - Added MainViewComponent
11:25:19.867 [JavaFX Application Thread] DEBUG GameScene            - Entity added to scene
11:25:19.867 [JavaFX Application Thread] DEBUG GameScene            - Added MainViewComponent
11:25:19.867 [JavaFX Application Thread] DEBUG GameScene            - Entity added to scene
11:25:19.867 [JavaFX Application Thread] DEBUG GameScene            - Added MainViewComponent
11:25:19.867 [JavaFX Application Thread] DEBUG GameScene            - Entity added to scene
11:25:19.867 [JavaFX Application Thread] DEBUG GameScene            - Added MainViewComponent
11:25:19.868 [JavaFX Application Thread] DEBUG GameScene            - Entity added to scene
11:25:19.868 [JavaFX Application Thread] DEBUG GameScene            - Added MainViewComponent
11:25:19.868 [JavaFX Application Thread] DEBUG GameScene            - Entity added to scene
11:25:19.868 [JavaFX Application Thread] DEBUG GameScene            - Added MainViewComponent
11:25:19.868 [JavaFX Application Thread] DEBUG GameScene            - Entity added to scene
11:25:19.868 [JavaFX Application Thread] DEBUG GameScene            - Added MainViewComponent
11:25:19.868 [JavaFX Application Thread] DEBUG GameScene            - Entity added to scene
11:25:19.868 [JavaFX Application Thread] DEBUG GameScene            - Added MainViewComponent
11:25:19.868 [JavaFX Application Thread] DEBUG GameScene            - Entity added to scene
11:25:19.868 [JavaFX Application Thread] DEBUG GameScene            - Added MainViewComponent
11:25:19.869 [JavaFX Application Thread] DEBUG GameScene            - Entity added to scene
11:25:19.869 [JavaFX Application Thread] DEBUG GameScene            - Added MainViewComponent
11:25:19.869 [JavaFX Application Thread] DEBUG GameScene            - Entity added to scene
11:25:19.869 [JavaFX Application Thread] DEBUG GameScene            - Added MainViewComponent
11:25:19.869 [JavaFX Application Thread] DEBUG GameScene            - Entity added to scene
11:25:19.869 [JavaFX Application Thread] DEBUG GameScene            - Added MainViewComponent
11:25:19.869 [JavaFX Application Thread] DEBUG GameScene            - Entity added to scene
11:25:19.869 [JavaFX Application Thread] DEBUG GameScene            - Added MainViewComponent
11:25:19.869 [JavaFX Application Thread] DEBUG GameScene            - Entity added to scene
11:25:19.870 [JavaFX Application Thread] DEBUG GameScene            - Added MainViewComponent
11:25:19.870 [JavaFX Application Thread] DEBUG GameScene            - Entity added to scene
11:25:19.870 [JavaFX Application Thread] DEBUG GameScene            - Added MainViewComponent
11:25:19.870 [JavaFX Application Thread] DEBUG GameScene            - Entity added to scene
11:25:19.870 [JavaFX Application Thread] DEBUG GameScene            - Added MainViewComponent
11:25:19.870 [JavaFX Application Thread] DEBUG GameScene            - Entity added to scene
11:25:19.870 [JavaFX Application Thread] DEBUG GameScene            - Added MainViewComponent
11:25:19.870 [JavaFX Application Thread] DEBUG GameScene            - Entity added to scene
11:25:19.870 [JavaFX Application Thread] DEBUG GameScene            - Added MainViewComponent
11:25:19.870 [JavaFX Application Thread] DEBUG GameScene            - Entity added to scene
11:25:19.870 [JavaFX Application Thread] DEBUG GameScene            - Added MainViewComponent
11:25:19.871 [JavaFX Application Thread] DEBUG GameScene            - Entity added to scene
11:25:19.871 [JavaFX Application Thread] DEBUG GameScene            - Added MainViewComponent
11:25:19.871 [JavaFX Application Thread] DEBUG GameScene            - Entity added to scene
11:25:19.871 [JavaFX Application Thread] DEBUG GameScene            - Added MainViewComponent
11:25:19.871 [JavaFX Application Thread] DEBUG GameScene            - Entity added to scene
11:25:19.871 [JavaFX Application Thread] DEBUG GameScene            - Added MainViewComponent
11:25:19.871 [JavaFX Application Thread] DEBUG GameScene            - Entity added to scene
11:25:19.871 [JavaFX Application Thread] DEBUG GameScene            - Added MainViewComponent
11:25:19.871 [JavaFX Application Thread] DEBUG GameScene            - Entity added to scene
11:25:19.871 [JavaFX Application Thread] DEBUG GameScene            - Added MainViewComponent
11:25:19.872 [JavaFX Application Thread] DEBUG GameScene            - Entity added to scene
11:25:19.872 [JavaFX Application Thread] DEBUG GameScene            - Added MainViewComponent
11:25:19.872 [JavaFX Application Thread] DEBUG GameScene            - Entity added to scene
11:25:19.872 [JavaFX Application Thread] DEBUG GameScene            - Added MainViewComponent
11:25:19.872 [JavaFX Application Thread] DEBUG GameScene            - Entity added to scene
11:25:19.872 [JavaFX Application Thread] DEBUG GameScene            - Added MainViewComponent
11:25:19.872 [JavaFX Application Thread] DEBUG GameScene            - Entity added to scene
11:25:19.872 [JavaFX Application Thread] DEBUG GameScene            - Added MainViewComponent
11:25:19.873 [JavaFX Application Thread] DEBUG GameScene            - Entity added to scene
11:25:19.873 [JavaFX Application Thread] DEBUG GameScene            - Added MainViewComponent
11:25:19.873 [JavaFX Application Thread] DEBUG GameScene            - Entity added to scene
11:25:19.873 [JavaFX Application Thread] DEBUG GameScene            - Added MainViewComponent
11:25:19.873 [JavaFX Application Thread] DEBUG GameScene            - Entity added to scene
11:25:19.873 [JavaFX Application Thread] DEBUG GameScene            - Added MainViewComponent
11:25:19.873 [JavaFX Application Thread] DEBUG GameScene            - Entity added to scene
11:25:19.873 [JavaFX Application Thread] DEBUG GameScene            - Added MainViewComponent
11:25:19.873 [JavaFX Application Thread] DEBUG GameScene            - Entity added to scene
11:25:19.874 [JavaFX Application Thread] DEBUG GameScene            - Added MainViewComponent
11:25:19.874 [JavaFX Application Thread] DEBUG GameScene            - Entity added to scene
11:25:19.874 [JavaFX Application Thread] DEBUG GameScene            - Added MainViewComponent
11:25:19.874 [JavaFX Application Thread] DEBUG GameScene            - Entity added to scene
11:25:19.874 [JavaFX Application Thread] DEBUG GameScene            - Added MainViewComponent
11:25:19.874 [JavaFX Application Thread] DEBUG GameScene            - Entity added to scene
11:25:19.874 [JavaFX Application Thread] DEBUG GameScene            - Added MainViewComponent
11:25:19.874 [JavaFX Application Thread] DEBUG GameScene            - Entity added to scene
11:25:19.874 [JavaFX Application Thread] DEBUG GameScene            - Added MainViewComponent
11:25:19.874 [JavaFX Application Thread] DEBUG GameScene            - Entity added to scene
11:25:19.875 [JavaFX Application Thread] DEBUG GameScene            - Added MainViewComponent
11:25:19.875 [JavaFX Application Thread] DEBUG GameScene            - Entity added to scene
11:25:19.875 [JavaFX Application Thread] DEBUG GameScene            - Added MainViewComponent
11:25:19.875 [JavaFX Application Thread] DEBUG GameScene            - Entity added to scene
11:25:19.875 [JavaFX Application Thread] DEBUG GameScene            - Added MainViewComponent
11:25:19.875 [JavaFX Application Thread] DEBUG GameScene            - Entity added to scene
11:25:19.875 [JavaFX Application Thread] DEBUG GameScene            - Added MainViewComponent
11:25:19.876 [JavaFX Application Thread] DEBUG GameScene            - Entity added to scene
11:25:19.876 [JavaFX Application Thread] DEBUG GameScene            - Added MainViewComponent
11:25:19.876 [JavaFX Application Thread] DEBUG GameScene            - Entity added to scene
11:25:19.876 [JavaFX Application Thread] DEBUG GameScene            - Added MainViewComponent
11:25:19.876 [JavaFX Application Thread] DEBUG GameScene            - Entity added to scene
11:25:19.876 [JavaFX Application Thread] DEBUG GameScene            - Added MainViewComponent
11:25:19.876 [JavaFX Application Thread] DEBUG GameScene            - Entity added to scene
11:25:19.877 [JavaFX Application Thread] DEBUG GameScene            - Added MainViewComponent
11:25:19.877 [JavaFX Application Thread] DEBUG GameScene            - Entity added to scene
11:25:19.877 [JavaFX Application Thread] DEBUG GameScene            - Added MainViewComponent
11:25:19.877 [JavaFX Application Thread] DEBUG GameScene            - Entity added to scene
11:25:19.877 [JavaFX Application Thread] DEBUG GameScene            - Added MainViewComponent
11:25:19.878 [JavaFX Application Thread] DEBUG GameScene            - Entity added to scene
11:25:19.878 [JavaFX Application Thread] DEBUG GameScene            - Added MainViewComponent
11:25:19.878 [JavaFX Application Thread] DEBUG GameScene            - Entity added to scene
11:25:19.878 [JavaFX Application Thread] DEBUG GameScene            - Added MainViewComponent
11:25:19.878 [JavaFX Application Thread] DEBUG GameScene            - Entity added to scene
11:25:19.878 [JavaFX Application Thread] DEBUG GameScene            - Added MainViewComponent
11:25:19.879 [JavaFX Application Thread] DEBUG GameScene            - Entity added to scene
11:25:19.879 [JavaFX Application Thread] DEBUG GameScene            - Added MainViewComponent
11:25:19.879 [JavaFX Application Thread] DEBUG GameScene            - Entity added to scene
11:25:19.879 [JavaFX Application Thread] DEBUG GameScene            - Added MainViewComponent
11:25:19.879 [JavaFX Application Thread] DEBUG GameScene            - Entity added to scene
11:25:19.879 [JavaFX Application Thread] DEBUG GameScene            - Added MainViewComponent
11:25:19.879 [JavaFX Application Thread] DEBUG GameScene            - Entity added to scene
11:25:19.879 [JavaFX Application Thread] DEBUG GameScene            - Added MainViewComponent
11:25:19.879 [JavaFX Application Thread] DEBUG GameScene            - Entity added to scene
11:25:19.879 [JavaFX Application Thread] DEBUG GameScene            - Added MainViewComponent
11:25:19.880 [JavaFX Application Thread] DEBUG GameScene            - Entity added to scene
11:25:19.880 [JavaFX Application Thread] DEBUG GameScene            - Added MainViewComponent
11:25:19.880 [JavaFX Application Thread] DEBUG GameScene            - Entity added to scene
11:25:19.880 [JavaFX Application Thread] DEBUG GameScene            - Added MainViewComponent
11:25:19.880 [JavaFX Application Thread] DEBUG GameScene            - Entity added to scene
11:25:19.880 [JavaFX Application Thread] DEBUG GameScene            - Added MainViewComponent
11:25:19.880 [JavaFX Application Thread] DEBUG GameScene            - Entity added to scene
11:25:19.880 [JavaFX Application Thread] DEBUG GameScene            - Added MainViewComponent
11:25:19.880 [JavaFX Application Thread] DEBUG GameScene            - Entity added to scene
11:25:19.881 [JavaFX Application Thread] DEBUG GameScene            - Added MainViewComponent
11:25:19.881 [JavaFX Application Thread] DEBUG GameScene            - Entity added to scene
11:25:19.881 [JavaFX Application Thread] DEBUG GameScene            - Added MainViewComponent
11:25:19.881 [JavaFX Application Thread] DEBUG GameScene            - Entity added to scene
11:25:19.881 [JavaFX Application Thread] DEBUG GameScene            - Added MainViewComponent
11:25:19.881 [JavaFX Application Thread] DEBUG GameScene            - Entity added to scene
11:25:19.881 [JavaFX Application Thread] DEBUG GameScene            - Added MainViewComponent
11:25:19.881 [JavaFX Application Thread] DEBUG GameScene            - Entity added to scene
11:25:19.881 [JavaFX Application Thread] DEBUG GameScene            - Added MainViewComponent
11:25:19.881 [JavaFX Application Thread] DEBUG GameScene            - Entity added to scene
11:25:19.882 [JavaFX Application Thread] DEBUG GameScene            - Added MainViewComponent
11:25:19.882 [JavaFX Application Thread] DEBUG GameScene            - Entity added to scene
11:25:19.882 [JavaFX Application Thread] DEBUG GameScene            - Added MainViewComponent
11:25:19.882 [JavaFX Application Thread] DEBUG GameScene            - Entity added to scene
11:25:19.882 [JavaFX Application Thread] DEBUG GameScene            - Added MainViewComponent
11:25:19.882 [JavaFX Application Thread] DEBUG GameScene            - Entity added to scene
11:25:19.882 [JavaFX Application Thread] DEBUG GameScene            - Added MainViewComponent
11:25:19.882 [JavaFX Application Thread] DEBUG GameScene            - Entity added to scene
11:25:19.882 [JavaFX Application Thread] DEBUG GameScene            - Added MainViewComponent
11:25:19.883 [JavaFX Application Thread] DEBUG GameScene            - Entity added to scene
11:25:19.883 [JavaFX Application Thread] DEBUG GameScene            - Added MainViewComponent
11:25:19.883 [JavaFX Application Thread] DEBUG GameScene            - Entity added to scene
11:25:19.883 [JavaFX Application Thread] DEBUG GameScene            - Added MainViewComponent
11:25:19.883 [JavaFX Application Thread] DEBUG GameScene            - Entity added to scene
11:25:19.883 [JavaFX Application Thread] DEBUG GameScene            - Added MainViewComponent
11:25:19.883 [JavaFX Application Thread] DEBUG GameScene            - Entity added to scene
11:25:19.883 [JavaFX Application Thread] DEBUG GameScene            - Added MainViewComponent
11:25:19.883 [JavaFX Application Thread] DEBUG GameScene            - Entity added to scene
11:25:19.883 [JavaFX Application Thread] DEBUG GameScene            - Added MainViewComponent
11:25:19.884 [JavaFX Application Thread] DEBUG GameScene            - Entity added to scene
11:25:19.884 [JavaFX Application Thread] DEBUG GameScene            - Added MainViewComponent
11:25:19.884 [JavaFX Application Thread] DEBUG GameScene            - Entity added to scene
11:25:19.884 [JavaFX Application Thread] DEBUG GameScene            - Added MainViewComponent
11:25:19.884 [JavaFX Application Thread] DEBUG GameScene            - Entity added to scene
11:25:19.884 [JavaFX Application Thread] DEBUG GameScene            - Added MainViewComponent
11:25:19.885 [JavaFX Application Thread] DEBUG GameScene            - Entity added to scene
11:25:19.885 [JavaFX Application Thread] DEBUG GameScene            - Added MainViewComponent
11:25:19.885 [JavaFX Application Thread] DEBUG GameScene            - Entity added to scene
11:25:19.885 [JavaFX Application Thread] DEBUG GameScene            - Added MainViewComponent
11:25:19.885 [JavaFX Application Thread] DEBUG GameScene            - Entity added to scene
11:25:19.885 [JavaFX Application Thread] DEBUG GameScene            - Added MainViewComponent
11:25:19.885 [JavaFX Application Thread] DEBUG GameScene            - Entity added to scene
11:25:19.885 [JavaFX Application Thread] DEBUG GameScene            - Added MainViewComponent
11:25:19.886 [JavaFX Application Thread] DEBUG GameScene            - Entity added to scene
11:25:19.886 [JavaFX Application Thread] DEBUG GameScene            - Added MainViewComponent
11:25:19.887 [JavaFX Application Thread] DEBUG GameScene            - Entity added to scene
11:25:19.887 [JavaFX Application Thread] DEBUG GameScene            - Added MainViewComponent
11:25:19.887 [JavaFX Application Thread] DEBUG GameScene            - Entity added to scene
11:25:19.887 [JavaFX Application Thread] DEBUG GameScene            - Added MainViewComponent
11:25:19.887 [JavaFX Application Thread] DEBUG GameScene            - Entity added to scene
11:25:19.887 [JavaFX Application Thread] DEBUG GameScene            - Added MainViewComponent
11:25:19.888 [JavaFX Application Thread] DEBUG GameScene            - Entity added to scene
11:25:19.888 [JavaFX Application Thread] DEBUG GameScene            - Added MainViewComponent
11:25:19.888 [JavaFX Application Thread] DEBUG GameScene            - Entity added to scene
11:25:19.888 [JavaFX Application Thread] DEBUG GameScene            - Added MainViewComponent
11:25:19.888 [JavaFX Application Thread] DEBUG GameScene            - Entity added to scene
11:25:19.888 [JavaFX Application Thread] DEBUG GameScene            - Added MainViewComponent
11:25:19.888 [JavaFX Application Thread] DEBUG GameScene            - Entity added to scene
11:25:19.888 [JavaFX Application Thread] DEBUG GameScene            - Added MainViewComponent
11:25:19.889 [JavaFX Application Thread] DEBUG GameScene            - Entity added to scene
11:25:19.889 [JavaFX Application Thread] DEBUG GameScene            - Added MainViewComponent
11:25:19.889 [JavaFX Application Thread] DEBUG GameScene            - Entity added to scene
11:25:19.889 [JavaFX Application Thread] DEBUG GameScene            - Added MainViewComponent
11:25:19.889 [JavaFX Application Thread] DEBUG GameScene            - Entity added to scene
11:25:19.889 [JavaFX Application Thread] DEBUG GameScene            - Added MainViewComponent
11:25:19.890 [JavaFX Application Thread] DEBUG GameScene            - Entity added to scene
11:25:19.890 [JavaFX Application Thread] DEBUG GameScene            - Added MainViewComponent
11:25:19.890 [JavaFX Application Thread] DEBUG GameScene            - Entity added to scene
11:25:19.890 [JavaFX Application Thread] DEBUG GameScene            - Added MainViewComponent
11:25:19.890 [JavaFX Application Thread] DEBUG GameScene            - Entity added to scene
11:25:19.890 [JavaFX Application Thread] DEBUG GameScene            - Added MainViewComponent
11:25:19.891 [JavaFX Application Thread] DEBUG GameScene            - Entity added to scene
11:25:19.891 [JavaFX Application Thread] DEBUG GameScene            - Added MainViewComponent
11:25:19.891 [JavaFX Application Thread] DEBUG GameScene            - Entity added to scene
11:25:19.891 [JavaFX Application Thread] DEBUG GameScene            - Added MainViewComponent
11:25:19.891 [JavaFX Application Thread] DEBUG GameScene            - Entity added to scene
11:25:19.891 [JavaFX Application Thread] DEBUG GameScene            - Added MainViewComponent
11:25:19.891 [JavaFX Application Thread] DEBUG GameScene            - Entity added to scene
11:25:19.891 [JavaFX Application Thread] DEBUG GameScene            - Added MainViewComponent
11:25:19.891 [JavaFX Application Thread] DEBUG GameScene            - Entity added to scene
11:25:19.891 [JavaFX Application Thread] DEBUG GameScene            - Added MainViewComponent
11:25:19.892 [JavaFX Application Thread] DEBUG GameScene            - Entity added to scene
11:25:19.892 [JavaFX Application Thread] DEBUG GameScene            - Added MainViewComponent
11:25:19.892 [JavaFX Application Thread] DEBUG GameScene            - Creating render group for layer: BACKGROUND(0)
11:25:26.467 [JavaFX Application Thread] DEBUG GameScene            - Entity removed from scene
11:25:26.468 [JavaFX Application Thread] DEBUG GameScene            - Removed MainViewComponent
11:25:26.678 [JavaFX Application Thread] DEBUG GameScene            - Entity removed from scene
11:25:26.678 [JavaFX Application Thread] DEBUG GameScene            - Removed MainViewComponent
11:25:26.822 [JavaFX Application Thread] DEBUG GameScene            - Entity removed from scene
11:25:26.822 [JavaFX Application Thread] DEBUG GameScene            - Removed MainViewComponent
11:25:26.986 [JavaFX Application Thread] DEBUG GameScene            - Entity removed from scene
11:25:26.986 [JavaFX Application Thread] DEBUG GameScene            - Removed MainViewComponent
11:25:27.108 [JavaFX Application Thread] DEBUG GameScene            - Entity removed from scene
11:25:27.108 [JavaFX Application Thread] DEBUG GameScene            - Removed MainViewComponent
11:25:27.246 [JavaFX Application Thread] DEBUG GameScene            - Entity removed from scene
11:25:27.246 [JavaFX Application Thread] DEBUG GameScene            - Removed MainViewComponent
11:25:27.368 [JavaFX Application Thread] DEBUG GameScene            - Entity removed from scene
11:25:27.368 [JavaFX Application Thread] DEBUG GameScene            - Removed MainViewComponent
11:25:27.495 [JavaFX Application Thread] DEBUG GameScene            - Entity removed from scene
11:25:27.495 [JavaFX Application Thread] DEBUG GameScene            - Removed MainViewComponent
11:25:27.625 [JavaFX Application Thread] DEBUG GameScene            - Entity removed from scene
11:25:27.625 [JavaFX Application Thread] DEBUG GameScene            - Removed MainViewComponent
11:25:27.769 [JavaFX Application Thread] DEBUG GameScene            - Entity removed from scene
11:25:27.769 [JavaFX Application Thread] DEBUG GameScene            - Removed MainViewComponent
11:25:27.912 [JavaFX Application Thread] DEBUG GameScene            - Entity removed from scene
11:25:27.912 [JavaFX Application Thread] DEBUG GameScene            - Removed MainViewComponent
11:25:28.040 [JavaFX Application Thread] DEBUG GameScene            - Entity removed from scene
11:25:28.040 [JavaFX Application Thread] DEBUG GameScene            - Removed MainViewComponent
11:25:28.184 [JavaFX Application Thread] DEBUG GameScene            - Entity removed from scene
11:25:28.184 [JavaFX Application Thread] DEBUG GameScene            - Removed MainViewComponent
11:25:29.125 [JavaFX Application Thread] DEBUG GameScene            - Entity removed from scene
11:25:29.125 [JavaFX Application Thread] DEBUG GameScene            - Removed MainViewComponent
11:25:33.720 [JavaFX Application Thread] DEBUG GameScene            - Entity removed from scene
11:25:33.720 [JavaFX Application Thread] DEBUG GameScene            - Removed MainViewComponent
11:25:33.940 [JavaFX Application Thread] DEBUG GameScene            - Entity removed from scene
11:25:33.940 [JavaFX Application Thread] DEBUG GameScene            - Removed MainViewComponent
11:25:34.068 [JavaFX Application Thread] DEBUG GameScene            - Entity removed from scene
11:25:34.068 [JavaFX Application Thread] DEBUG GameScene            - Removed MainViewComponent
11:25:35.111 [JavaFX Application Thread] FATAL FXGLExceptionHandler - Uncaught Exception:
11:25:35.114 [JavaFX Application Thread] FATAL FXGLExceptionHandler - 

Exception occurred: java.lang.NullPointerException : null
E: com.gamedesign.pacman.control.PlayerControl.onUpdate(PlayerControl.java:37)
E: com.almasb.ents.Entity.update(Entity.java:545)
E: com.almasb.ents.EntityWorld.update(EntityWorld.java:263)
E: com.almasb.fxgl.gameplay.GameWorld.onUpdateEvent(GameWorld.java:88)
E: com.almasb.fxgl.time.FXGLMasterTimer.handle(FXGLMasterTimer.kt:143)
E: javafx.animation.AnimationTimer$AnimationTimerReceiver.lambda$handle$485(AnimationTimer.java:57)
E: java.security.AccessController.doPrivileged(Native Method)
E: javafx.animation.AnimationTimer$AnimationTimerReceiver.handle(AnimationTimer.java:56)
E: com.sun.scenario.animation.AbstractMasterTimer.timePulseImpl(AbstractMasterTimer.java:357)
E: com.sun.scenario.animation.AbstractMasterTimer$MainLoop.run(AbstractMasterTimer.java:267)
E: com.sun.javafx.tk.quantum.QuantumToolkit.pulse(QuantumToolkit.java:506)
E: com.sun.javafx.tk.quantum.QuantumToolkit.pulse(QuantumToolkit.java:490)
E: com.sun.javafx.tk.quantum.QuantumToolkit.lambda$runToolkit$405(QuantumToolkit.java:319)
E: com.sun.glass.ui.InvokeLaterDispatcher$Future.run(InvokeLaterDispatcher.java:95)
E: com.sun.glass.ui.win.WinApplication._runLoop(Native Method)
E: com.sun.glass.ui.win.WinApplication.lambda$null$149(WinApplication.java:191)
E: java.lang.Thread.run(Thread.java:745)

11:25:35.114 [JavaFX Application Thread] FATAL FXGLExceptionHandler - Application will now exit
11:25:35.114 [JavaFX Application Thread] DEBUG FXGLInput            - Clearing active input actions
11:25:35.114 [JavaFX Application Thread] DEBUG FXGLMasterTimer      - Stopping master timer
11:25:35.114 [JavaFX Application Thread] DEBUG GameApplication      - State: PLAYING -> PAUSED
11:25:35.114 [JavaFX Application Thread] DEBUG FXGLEventBus         - Firing event: FXGLEvent[type=PAUSE]
11:25:37.164 [JavaFX Application Thread] DEBUG FXGLEventBus         - Firing event: FXGLEvent[type=EXIT]
11:25:37.165 [JavaFX Application Thread] DEBUG FXGL                 - Saving FXGL system data
11:25:37.167 [JavaFX Application Thread] DEBUG IOTask               - Executing task: writeDataTask(system/fxgl.bundle)
11:25:37.172 [JavaFX Application Thread] DEBUG FS                   - Writing to: system\fxgl.bundle
11:25:37.177 [JavaFX Application Thread] DEBUG IOTask               - Task succeeded: writeDataTask(system/fxgl.bundle)
