11:20:12.935 [FXGL Launcher Thread     ] DEBUG FXGLLoggerFactory    - Service [LoggerFactory] initialized
11:20:12.942 [FXGL Launcher Thread     ] DEBUG FXGL                 - FXGL configuration complete
11:20:12.942 [FXGL Launcher Thread     ] DEBUG FXGL                 - Loading FXGL system data
11:20:12.948 [FXGL Launcher Thread     ] DEBUG IOTask               - Executing task: readDataTask(system/fxgl.bundle)
11:20:12.951 [FXGL Launcher Thread     ] DEBUG FS                   - Reading from: system\fxgl.bundle
11:20:12.960 [FXGL Launcher Thread     ] DEBUG IOTask               - Task succeeded: readDataTask(system/fxgl.bundle)
11:20:12.960 [FXGL Launcher Thread     ] DEBUG Bundle               - Logging bundle: FXGL
11:20:12.961 [FXGL Launcher Thread     ] DEBUG Bundle               - FXGL.offline.timer.version.check=2017-01-18T11:24:23.393
11:20:12.971 [JavaFX Application Thread] DEBUG UpdaterTask          - Checking for updates
11:20:13.069 [JavaFX Application Thread] DEBUG FXGLEventBus         - Service [EventBus] initialized
11:20:13.071 [JavaFX Application Thread] DEBUG FXGLExecutor         - Service [Executor] initialized
11:20:13.073 [JavaFX Application Thread] DEBUG IOTask               - Showing dialog
11:20:13.075 [FXGL Background Thread 1 ] DEBUG IOTask               - Executing task: openStream(https://raw.githubusercontent.com/AlmasB/FXGL/master/pom.xml)
11:20:13.075 [FXGL Background Thread 1 ] DEBUG IOTask               - Executing task: openStream(https://raw.githubusercontent.com/AlmasB/FXGL/master/pom.xml)
11:20:13.631 [JavaFX Application Thread] DEBUG IOTask               - fail(): Dismissing dialog
11:20:13.632 [JavaFX Application Thread] WARN  IOTask               - Task failed: openStream(https://raw.githubusercontent.com/AlmasB/FXGL/master/pom.xml) Error: javax.net.ssl.SSLHandshakeException: sun.security.validator.ValidatorException: PKIX path building failed: sun.security.provider.certpath.SunCertPathBuilderException: unable to find valid certification path to requested target
11:20:13.632 [JavaFX Application Thread] WARN  UpdaterTask          - Failed to find updates: javax.net.ssl.SSLHandshakeException: sun.security.validator.ValidatorException: PKIX path building failed: sun.security.provider.certpath.SunCertPathBuilderException: unable to find valid certification path to requested target
11:20:15.969 [FXGL Launcher Thread     ] DEBUG GameApplication      - Configuring GameApplication
11:20:15.974 [FXGL Launcher Thread     ] DEBUG FXGLExceptionHandler - Service [ExceptionHandler] initialized
11:20:15.974 [FXGL Launcher Thread     ] DEBUG PreInitTask          - Injecting gameWorld & physicsWorld
11:20:15.984 [FXGL Launcher Thread     ] DEBUG GameWorld            - Game world initialized
11:20:16.067 [FXGL Launcher Thread     ] DEBUG FXGLPooler           - Service [Pooler] initialized with default size = 128
11:20:16.067 [FXGL Launcher Thread     ] DEBUG PhysicsWorld         - Physics world initialized: appHeight=840.0, physics.ppm=50.0
11:20:16.069 [FXGL Launcher Thread     ] DEBUG FXGLInput            - Service [Input] initialized
11:20:16.089 [FXGL Launcher Thread     ] DEBUG FXGLInput            - Registered new binding: Screenshot - P
11:20:16.089 [FXGL Launcher Thread     ] DEBUG FXGLInput            - Registered new binding: Dev Options - CTRL+0
11:20:16.091 [FXGL Launcher Thread     ] DEBUG FXGLInput            - Registered new binding: Up - W
11:20:16.091 [FXGL Launcher Thread     ] DEBUG FXGLInput            - Registered new binding: Left - A
11:20:16.091 [FXGL Launcher Thread     ] DEBUG FXGLInput            - Registered new binding: Down - S
11:20:16.091 [FXGL Launcher Thread     ] DEBUG FXGLInput            - Registered new binding: Right - D
11:20:16.116 [FXGL Launcher Thread     ] DEBUG GameScene            - Game scene initialized: 960.0x840.0
11:20:16.119 [FXGL Launcher Thread     ] DEBUG FXGLAssetLoader      - Service [AssetLoader] initialized: cacheSize=35
11:20:16.121 [FXGL Launcher Thread     ] DEBUG FXGLAssetLoader      - Loading from disk: /assets/sounds/system/notification.wav
11:20:16.142 [FXGL Launcher Thread     ] DEBUG FXGLAssetLoader      - Loading from disk: /assets/sounds/menu/select.wav
11:20:16.143 [FXGL Launcher Thread     ] DEBUG FXGLAssetLoader      - Loading from disk: /assets/sounds/menu/back.wav
11:20:16.146 [FXGL Launcher Thread     ] DEBUG FXGLAssetLoader      - Loading from disk: /assets/sounds/menu/press.wav
11:20:16.148 [FXGL Launcher Thread     ] DEBUG FXGLAssetLoader      - Loading from disk: /assets/ui/fonts/Copperplate_Gothic_Light_Regular.ttf
11:20:16.154 [FXGL Launcher Thread     ] DEBUG FXGLAssetLoader      - Loading from disk: /assets/ui/css/fxgl.css
11:20:16.155 [FXGL Launcher Thread     ] DEBUG FXGLAssetLoader      - Loading from disk: /assets/ui/icons/fxgl_icon.png
11:20:16.183 [FXGL Launcher Thread     ] DEBUG FXGLAssetLoader      - Loading from disk: /assets/ui/css/fxgl_dark.css
11:20:16.193 [FXGL Launcher Thread     ] DEBUG FXGLDisplay          - Target size: DoubleProperty [value: 960.0] x DoubleProperty [value: 840.0] @ 1.0
11:20:16.193 [FXGL Launcher Thread     ] DEBUG FXGLDisplay          - New size:    960.0 x 840.0 @ DoubleProperty [value: 1.0]
11:20:16.193 [FXGL Launcher Thread     ] DEBUG FXGLDisplay          - Service [Display] initialized
11:20:16.194 [FXGL Launcher Thread     ] DEBUG FXGLDisplay          - Using CSS: CSS(externalForm=jar:file:/C:/Computer%20Science/Game%20Design/3rd/Pacman/lib/fxgl-0.2.9-uber.jar!/assets/ui/css/fxgl_dark.css)
11:20:16.195 [FXGL Launcher Thread     ] DEBUG InitScenesTask       - Injecting loadingScene & gameScene
11:20:16.213 [FXGL Launcher Thread     ] DEBUG FXGLMasterTimer      - Service [MasterTimer] initialized
11:20:16.216 [FXGL Launcher Thread     ] DEBUG FXGLAudioPlayer      - Service [AudioPlayer] initialized
11:20:16.223 [FXGL Launcher Thread     ] DEBUG GameApplication      - Starting new game
11:20:16.224 [FXGL Launcher Thread     ] DEBUG GameApplication      - Initializing App
11:20:16.226 [FXGL Launcher Thread     ] DEBUG FXGLInput            - Clearing active input actions
11:20:16.226 [FXGL Launcher Thread     ] DEBUG FXGLMasterTimer      - Stopping master timer
11:20:16.226 [FXGL Launcher Thread     ] DEBUG GameApplication      - State: STARTUP -> PAUSED
11:20:16.228 [FXGL Launcher Thread     ] DEBUG FXGLEventBus         - Firing event: FXGLEvent[type=PAUSE]
11:20:16.228 [FXGL Launcher Thread     ] DEBUG FXGLInput            - Clearing active input actions
11:20:16.228 [FXGL Launcher Thread     ] DEBUG FXGLMasterTimer      - Resetting ticks and clearing all actions
11:20:16.229 [FXGL Launcher Thread     ] DEBUG GameWorld            - Resetting game world
11:20:16.229 [FXGL Launcher Thread     ] TRACE EntityWorld          - Resetting entity world
11:20:16.230 [FXGL Launcher Thread     ] DEBUG PhysicsWorld         - Resetting physics world
11:20:16.230 [FXGL Launcher Thread     ] DEBUG GameScene            - Resetting game scene
11:20:16.230 [FXGL Launcher Thread     ] DEBUG FXGLEventBus         - Firing event: FXGLEvent[type=RESET]
11:20:16.231 [FXGL Launcher Thread     ] DEBUG GameApplication      - State: PAUSED -> LOADING
11:20:16.267 [FXGL Background Thread 1 ] DEBUG InitAppTask          - Initializing Assets
11:20:16.269 [FXGL Background Thread 1 ] DEBUG InitAppTask          - Initializing Game
11:20:16.274 [FXGL Background Thread 1 ] DEBUG FXGLAssetLoader      - Loading from disk: /assets/text/level.txt
11:20:16.386 [JavaFX Application Thread] DEBUG FXGLDisplay          - Showing stage
11:20:16.386 [JavaFX Application Thread] DEBUG FXGLDisplay          - Root size: 960.0x840.0
11:20:16.386 [JavaFX Application Thread] DEBUG FXGLDisplay          - Scene size: 960.0x840.0
11:20:16.386 [JavaFX Application Thread] DEBUG FXGLDisplay          - Stage size: 978.0x885.0
11:20:16.625 [FXGL Background Thread 1 ] DEBUG GameWorld            - Resetting game world
11:20:16.625 [FXGL Background Thread 1 ] TRACE EntityWorld          - Resetting entity world
11:20:16.626 [FXGL Background Thread 1 ] DEBUG PhysicsWorld         - Resetting physics world
11:20:16.626 [FXGL Background Thread 1 ] DEBUG GameScene            - Resetting game scene
11:20:16.626 [FXGL Background Thread 1 ] DEBUG GameWorld            - Setting level: com.almasb.fxgl.gameplay.Level@7eea12de
11:20:16.629 [FXGL Background Thread 1 ] DEBUG InitAppTask          - Initializing Physics
11:20:16.631 [FXGL Background Thread 1 ] DEBUG InitAppTask          - Initializing UI
11:20:16.632 [FXGL Background Thread 1 ] DEBUG FXGLAssetLoader      - Loading from disk: /assets/ui/pacman_ui.fxml
11:20:16.693 [FXGL Background Thread 1 ] DEBUG GameScene            - Adding UI node: Pane@5d828465
11:20:16.694 [FXGL Background Thread 1 ] DEBUG InitAppTask          - Initialization Complete
11:20:16.697 [JavaFX Application Thread] DEBUG FXGLInput            - Clearing active input actions
11:20:16.698 [JavaFX Application Thread] DEBUG FXGLMasterTimer      - Starting master timer
11:20:16.698 [JavaFX Application Thread] DEBUG GameApplication      - State: LOADING -> PLAYING
11:20:16.713 [JavaFX Application Thread] DEBUG FXGLEventBus         - Firing event: FXGLEvent[type=RESUME]
11:20:16.718 [JavaFX Application Thread] DEBUG GameScene            - Entity added to scene
11:20:16.719 [JavaFX Application Thread] DEBUG GameScene            - Added MainViewComponent
11:20:16.722 [JavaFX Application Thread] DEBUG GameScene            - Creating render group for layer: PLAYGROUND(1073741823)
11:20:16.728 [JavaFX Application Thread] DEBUG GameScene            - Entity added to scene
11:20:16.728 [JavaFX Application Thread] DEBUG GameScene            - Added MainViewComponent
11:20:16.729 [JavaFX Application Thread] DEBUG GameScene            - Entity added to scene
11:20:16.729 [JavaFX Application Thread] DEBUG GameScene            - Added MainViewComponent
11:20:16.731 [JavaFX Application Thread] DEBUG GameScene            - Entity added to scene
11:20:16.731 [JavaFX Application Thread] DEBUG GameScene            - Added MainViewComponent
11:20:16.732 [JavaFX Application Thread] DEBUG GameScene            - Entity added to scene
11:20:16.732 [JavaFX Application Thread] DEBUG GameScene            - Added MainViewComponent
11:20:16.732 [JavaFX Application Thread] DEBUG GameScene            - Entity added to scene
11:20:16.732 [JavaFX Application Thread] DEBUG GameScene            - Added MainViewComponent
11:20:16.733 [JavaFX Application Thread] DEBUG GameScene            - Entity added to scene
11:20:16.733 [JavaFX Application Thread] DEBUG GameScene            - Added MainViewComponent
11:20:16.734 [JavaFX Application Thread] DEBUG GameScene            - Entity added to scene
11:20:16.734 [JavaFX Application Thread] DEBUG GameScene            - Added MainViewComponent
11:20:16.734 [JavaFX Application Thread] DEBUG GameScene            - Entity added to scene
11:20:16.734 [JavaFX Application Thread] DEBUG GameScene            - Added MainViewComponent
11:20:16.735 [JavaFX Application Thread] DEBUG GameScene            - Entity added to scene
11:20:16.735 [JavaFX Application Thread] DEBUG GameScene            - Added MainViewComponent
11:20:16.735 [JavaFX Application Thread] DEBUG GameScene            - Entity added to scene
11:20:16.735 [JavaFX Application Thread] DEBUG GameScene            - Added MainViewComponent
11:20:16.736 [JavaFX Application Thread] DEBUG GameScene            - Entity added to scene
11:20:16.736 [JavaFX Application Thread] DEBUG GameScene            - Added MainViewComponent
11:20:16.736 [JavaFX Application Thread] DEBUG GameScene            - Entity added to scene
11:20:16.736 [JavaFX Application Thread] DEBUG GameScene            - Added MainViewComponent
11:20:16.736 [JavaFX Application Thread] DEBUG GameScene            - Entity added to scene
11:20:16.736 [JavaFX Application Thread] DEBUG GameScene            - Added MainViewComponent
11:20:16.737 [JavaFX Application Thread] DEBUG GameScene            - Entity added to scene
11:20:16.737 [JavaFX Application Thread] DEBUG GameScene            - Added MainViewComponent
11:20:16.737 [JavaFX Application Thread] DEBUG GameScene            - Entity added to scene
11:20:16.737 [JavaFX Application Thread] DEBUG GameScene            - Added MainViewComponent
11:20:16.737 [JavaFX Application Thread] DEBUG GameScene            - Entity added to scene
11:20:16.738 [JavaFX Application Thread] DEBUG GameScene            - Added MainViewComponent
11:20:16.738 [JavaFX Application Thread] DEBUG GameScene            - Entity added to scene
11:20:16.738 [JavaFX Application Thread] DEBUG GameScene            - Added MainViewComponent
11:20:16.738 [JavaFX Application Thread] DEBUG GameScene            - Entity added to scene
11:20:16.738 [JavaFX Application Thread] DEBUG GameScene            - Added MainViewComponent
11:20:16.739 [JavaFX Application Thread] DEBUG GameScene            - Entity added to scene
11:20:16.739 [JavaFX Application Thread] DEBUG GameScene            - Added MainViewComponent
11:20:16.739 [JavaFX Application Thread] DEBUG GameScene            - Entity added to scene
11:20:16.739 [JavaFX Application Thread] DEBUG GameScene            - Added MainViewComponent
11:20:16.740 [JavaFX Application Thread] DEBUG GameScene            - Entity added to scene
11:20:16.740 [JavaFX Application Thread] DEBUG GameScene            - Added MainViewComponent
11:20:16.740 [JavaFX Application Thread] DEBUG GameScene            - Entity added to scene
11:20:16.740 [JavaFX Application Thread] DEBUG GameScene            - Added MainViewComponent
11:20:16.741 [JavaFX Application Thread] DEBUG GameScene            - Entity added to scene
11:20:16.741 [JavaFX Application Thread] DEBUG GameScene            - Added MainViewComponent
11:20:16.741 [JavaFX Application Thread] DEBUG GameScene            - Entity added to scene
11:20:16.741 [JavaFX Application Thread] DEBUG GameScene            - Added MainViewComponent
11:20:16.741 [JavaFX Application Thread] DEBUG GameScene            - Entity added to scene
11:20:16.741 [JavaFX Application Thread] DEBUG GameScene            - Added MainViewComponent
11:20:16.742 [JavaFX Application Thread] DEBUG GameScene            - Entity added to scene
11:20:16.742 [JavaFX Application Thread] DEBUG GameScene            - Added MainViewComponent
11:20:16.742 [JavaFX Application Thread] DEBUG GameScene            - Entity added to scene
11:20:16.742 [JavaFX Application Thread] DEBUG GameScene            - Added MainViewComponent
11:20:16.743 [JavaFX Application Thread] DEBUG GameScene            - Entity added to scene
11:20:16.743 [JavaFX Application Thread] DEBUG GameScene            - Added MainViewComponent
11:20:16.743 [JavaFX Application Thread] DEBUG GameScene            - Entity added to scene
11:20:16.743 [JavaFX Application Thread] DEBUG GameScene            - Added MainViewComponent
11:20:16.744 [JavaFX Application Thread] DEBUG GameScene            - Entity added to scene
11:20:16.744 [JavaFX Application Thread] DEBUG GameScene            - Added MainViewComponent
11:20:16.744 [JavaFX Application Thread] DEBUG GameScene            - Entity added to scene
11:20:16.744 [JavaFX Application Thread] DEBUG GameScene            - Added MainViewComponent
11:20:16.745 [JavaFX Application Thread] DEBUG GameScene            - Entity added to scene
11:20:16.745 [JavaFX Application Thread] DEBUG GameScene            - Added MainViewComponent
11:20:16.745 [JavaFX Application Thread] DEBUG GameScene            - Entity added to scene
11:20:16.745 [JavaFX Application Thread] DEBUG GameScene            - Added MainViewComponent
11:20:16.745 [JavaFX Application Thread] DEBUG GameScene            - Entity added to scene
11:20:16.745 [JavaFX Application Thread] DEBUG GameScene            - Added MainViewComponent
11:20:16.746 [JavaFX Application Thread] DEBUG GameScene            - Entity added to scene
11:20:16.746 [JavaFX Application Thread] DEBUG GameScene            - Added MainViewComponent
11:20:16.746 [JavaFX Application Thread] DEBUG GameScene            - Entity added to scene
11:20:16.746 [JavaFX Application Thread] DEBUG GameScene            - Added MainViewComponent
11:20:16.747 [JavaFX Application Thread] DEBUG GameScene            - Entity added to scene
11:20:16.747 [JavaFX Application Thread] DEBUG GameScene            - Added MainViewComponent
11:20:16.747 [JavaFX Application Thread] DEBUG GameScene            - Entity added to scene
11:20:16.747 [JavaFX Application Thread] DEBUG GameScene            - Added MainViewComponent
11:20:16.747 [JavaFX Application Thread] DEBUG GameScene            - Entity added to scene
11:20:16.747 [JavaFX Application Thread] DEBUG GameScene            - Added MainViewComponent
11:20:16.748 [JavaFX Application Thread] DEBUG GameScene            - Entity added to scene
11:20:16.748 [JavaFX Application Thread] DEBUG GameScene            - Added MainViewComponent
11:20:16.748 [JavaFX Application Thread] DEBUG GameScene            - Entity added to scene
11:20:16.748 [JavaFX Application Thread] DEBUG GameScene            - Added MainViewComponent
11:20:16.748 [JavaFX Application Thread] DEBUG GameScene            - Entity added to scene
11:20:16.749 [JavaFX Application Thread] DEBUG GameScene            - Added MainViewComponent
11:20:16.749 [JavaFX Application Thread] DEBUG GameScene            - Entity added to scene
11:20:16.749 [JavaFX Application Thread] DEBUG GameScene            - Added MainViewComponent
11:20:16.749 [JavaFX Application Thread] DEBUG GameScene            - Entity added to scene
11:20:16.749 [JavaFX Application Thread] DEBUG GameScene            - Added MainViewComponent
11:20:16.750 [JavaFX Application Thread] DEBUG GameScene            - Entity added to scene
11:20:16.750 [JavaFX Application Thread] DEBUG GameScene            - Added MainViewComponent
11:20:16.750 [JavaFX Application Thread] DEBUG GameScene            - Entity added to scene
11:20:16.750 [JavaFX Application Thread] DEBUG GameScene            - Added MainViewComponent
11:20:16.750 [JavaFX Application Thread] DEBUG GameScene            - Entity added to scene
11:20:16.750 [JavaFX Application Thread] DEBUG GameScene            - Added MainViewComponent
11:20:16.751 [JavaFX Application Thread] DEBUG GameScene            - Entity added to scene
11:20:16.751 [JavaFX Application Thread] DEBUG GameScene            - Added MainViewComponent
11:20:16.751 [JavaFX Application Thread] DEBUG GameScene            - Entity added to scene
11:20:16.751 [JavaFX Application Thread] DEBUG GameScene            - Added MainViewComponent
11:20:16.752 [JavaFX Application Thread] DEBUG GameScene            - Entity added to scene
11:20:16.752 [JavaFX Application Thread] DEBUG GameScene            - Added MainViewComponent
11:20:16.752 [JavaFX Application Thread] DEBUG GameScene            - Entity added to scene
11:20:16.752 [JavaFX Application Thread] DEBUG GameScene            - Added MainViewComponent
11:20:16.753 [JavaFX Application Thread] DEBUG GameScene            - Entity added to scene
11:20:16.753 [JavaFX Application Thread] DEBUG GameScene            - Added MainViewComponent
11:20:16.753 [JavaFX Application Thread] DEBUG GameScene            - Entity added to scene
11:20:16.753 [JavaFX Application Thread] DEBUG GameScene            - Added MainViewComponent
11:20:16.754 [JavaFX Application Thread] DEBUG GameScene            - Entity added to scene
11:20:16.754 [JavaFX Application Thread] DEBUG GameScene            - Added MainViewComponent
11:20:16.754 [JavaFX Application Thread] DEBUG GameScene            - Entity added to scene
11:20:16.754 [JavaFX Application Thread] DEBUG GameScene            - Added MainViewComponent
11:20:16.755 [JavaFX Application Thread] DEBUG GameScene            - Entity added to scene
11:20:16.755 [JavaFX Application Thread] DEBUG GameScene            - Added MainViewComponent
11:20:16.755 [JavaFX Application Thread] DEBUG GameScene            - Entity added to scene
11:20:16.755 [JavaFX Application Thread] DEBUG GameScene            - Added MainViewComponent
11:20:16.755 [JavaFX Application Thread] DEBUG GameScene            - Entity added to scene
11:20:16.755 [JavaFX Application Thread] DEBUG GameScene            - Added MainViewComponent
11:20:16.756 [JavaFX Application Thread] DEBUG GameScene            - Entity added to scene
11:20:16.756 [JavaFX Application Thread] DEBUG GameScene            - Added MainViewComponent
11:20:16.757 [JavaFX Application Thread] DEBUG GameScene            - Entity added to scene
11:20:16.757 [JavaFX Application Thread] DEBUG GameScene            - Added MainViewComponent
11:20:16.758 [JavaFX Application Thread] DEBUG GameScene            - Entity added to scene
11:20:16.758 [JavaFX Application Thread] DEBUG GameScene            - Added MainViewComponent
11:20:16.758 [JavaFX Application Thread] DEBUG GameScene            - Entity added to scene
11:20:16.758 [JavaFX Application Thread] DEBUG GameScene            - Added MainViewComponent
11:20:16.758 [JavaFX Application Thread] DEBUG GameScene            - Entity added to scene
11:20:16.759 [JavaFX Application Thread] DEBUG GameScene            - Added MainViewComponent
11:20:16.759 [JavaFX Application Thread] DEBUG GameScene            - Entity added to scene
11:20:16.759 [JavaFX Application Thread] DEBUG GameScene            - Added MainViewComponent
11:20:16.759 [JavaFX Application Thread] DEBUG GameScene            - Entity added to scene
11:20:16.759 [JavaFX Application Thread] DEBUG GameScene            - Added MainViewComponent
11:20:16.760 [JavaFX Application Thread] DEBUG GameScene            - Entity added to scene
11:20:16.760 [JavaFX Application Thread] DEBUG GameScene            - Added MainViewComponent
11:20:16.761 [JavaFX Application Thread] DEBUG GameScene            - Entity added to scene
11:20:16.761 [JavaFX Application Thread] DEBUG GameScene            - Added MainViewComponent
11:20:16.761 [JavaFX Application Thread] DEBUG GameScene            - Entity added to scene
11:20:16.761 [JavaFX Application Thread] DEBUG GameScene            - Added MainViewComponent
11:20:16.762 [JavaFX Application Thread] DEBUG GameScene            - Entity added to scene
11:20:16.762 [JavaFX Application Thread] DEBUG GameScene            - Added MainViewComponent
11:20:16.762 [JavaFX Application Thread] DEBUG GameScene            - Entity added to scene
11:20:16.762 [JavaFX Application Thread] DEBUG GameScene            - Added MainViewComponent
11:20:16.763 [JavaFX Application Thread] DEBUG GameScene            - Entity added to scene
11:20:16.763 [JavaFX Application Thread] DEBUG GameScene            - Added MainViewComponent
11:20:16.763 [JavaFX Application Thread] DEBUG GameScene            - Entity added to scene
11:20:16.763 [JavaFX Application Thread] DEBUG GameScene            - Added MainViewComponent
11:20:16.763 [JavaFX Application Thread] DEBUG GameScene            - Entity added to scene
11:20:16.764 [JavaFX Application Thread] DEBUG GameScene            - Added MainViewComponent
11:20:16.764 [JavaFX Application Thread] DEBUG GameScene            - Entity added to scene
11:20:16.764 [JavaFX Application Thread] DEBUG GameScene            - Added MainViewComponent
11:20:16.764 [JavaFX Application Thread] DEBUG GameScene            - Entity added to scene
11:20:16.764 [JavaFX Application Thread] DEBUG GameScene            - Added MainViewComponent
11:20:16.765 [JavaFX Application Thread] DEBUG GameScene            - Entity added to scene
11:20:16.765 [JavaFX Application Thread] DEBUG GameScene            - Added MainViewComponent
11:20:16.766 [JavaFX Application Thread] DEBUG GameScene            - Entity added to scene
11:20:16.766 [JavaFX Application Thread] DEBUG GameScene            - Added MainViewComponent
11:20:16.769 [JavaFX Application Thread] DEBUG GameScene            - Entity added to scene
11:20:16.769 [JavaFX Application Thread] DEBUG GameScene            - Added MainViewComponent
11:20:16.769 [JavaFX Application Thread] DEBUG GameScene            - Entity added to scene
11:20:16.769 [JavaFX Application Thread] DEBUG GameScene            - Added MainViewComponent
11:20:16.770 [JavaFX Application Thread] DEBUG GameScene            - Entity added to scene
11:20:16.770 [JavaFX Application Thread] DEBUG GameScene            - Added MainViewComponent
11:20:16.770 [JavaFX Application Thread] DEBUG GameScene            - Entity added to scene
11:20:16.770 [JavaFX Application Thread] DEBUG GameScene            - Added MainViewComponent
11:20:16.771 [JavaFX Application Thread] DEBUG GameScene            - Entity added to scene
11:20:16.771 [JavaFX Application Thread] DEBUG GameScene            - Added MainViewComponent
11:20:16.771 [JavaFX Application Thread] DEBUG GameScene            - Entity added to scene
11:20:16.771 [JavaFX Application Thread] DEBUG GameScene            - Added MainViewComponent
11:20:16.772 [JavaFX Application Thread] DEBUG GameScene            - Entity added to scene
11:20:16.772 [JavaFX Application Thread] DEBUG GameScene            - Added MainViewComponent
11:20:16.772 [JavaFX Application Thread] DEBUG GameScene            - Entity added to scene
11:20:16.772 [JavaFX Application Thread] DEBUG GameScene            - Added MainViewComponent
11:20:16.772 [JavaFX Application Thread] DEBUG GameScene            - Entity added to scene
11:20:16.773 [JavaFX Application Thread] DEBUG GameScene            - Added MainViewComponent
11:20:16.773 [JavaFX Application Thread] DEBUG GameScene            - Entity added to scene
11:20:16.773 [JavaFX Application Thread] DEBUG GameScene            - Added MainViewComponent
11:20:16.773 [JavaFX Application Thread] DEBUG GameScene            - Entity added to scene
11:20:16.773 [JavaFX Application Thread] DEBUG GameScene            - Added MainViewComponent
11:20:16.774 [JavaFX Application Thread] DEBUG GameScene            - Entity added to scene
11:20:16.774 [JavaFX Application Thread] DEBUG GameScene            - Added MainViewComponent
11:20:16.774 [JavaFX Application Thread] DEBUG GameScene            - Entity added to scene
11:20:16.774 [JavaFX Application Thread] DEBUG GameScene            - Added MainViewComponent
11:20:16.774 [JavaFX Application Thread] DEBUG GameScene            - Entity added to scene
11:20:16.775 [JavaFX Application Thread] DEBUG GameScene            - Added MainViewComponent
11:20:16.775 [JavaFX Application Thread] DEBUG GameScene            - Entity added to scene
11:20:16.775 [JavaFX Application Thread] DEBUG GameScene            - Added MainViewComponent
11:20:16.775 [JavaFX Application Thread] DEBUG GameScene            - Entity added to scene
11:20:16.775 [JavaFX Application Thread] DEBUG GameScene            - Added MainViewComponent
11:20:16.776 [JavaFX Application Thread] DEBUG GameScene            - Entity added to scene
11:20:16.776 [JavaFX Application Thread] DEBUG GameScene            - Added MainViewComponent
11:20:16.778 [JavaFX Application Thread] DEBUG GameScene            - Entity added to scene
11:20:16.778 [JavaFX Application Thread] DEBUG GameScene            - Added MainViewComponent
11:20:16.778 [JavaFX Application Thread] DEBUG GameScene            - Entity added to scene
11:20:16.778 [JavaFX Application Thread] DEBUG GameScene            - Added MainViewComponent
11:20:16.778 [JavaFX Application Thread] DEBUG GameScene            - Entity added to scene
11:20:16.778 [JavaFX Application Thread] DEBUG GameScene            - Added MainViewComponent
11:20:16.779 [JavaFX Application Thread] DEBUG GameScene            - Entity added to scene
11:20:16.779 [JavaFX Application Thread] DEBUG GameScene            - Added MainViewComponent
11:20:16.779 [JavaFX Application Thread] DEBUG GameScene            - Entity added to scene
11:20:16.779 [JavaFX Application Thread] DEBUG GameScene            - Added MainViewComponent
11:20:16.779 [JavaFX Application Thread] DEBUG GameScene            - Entity added to scene
11:20:16.779 [JavaFX Application Thread] DEBUG GameScene            - Added MainViewComponent
11:20:16.779 [JavaFX Application Thread] DEBUG GameScene            - Entity added to scene
11:20:16.780 [JavaFX Application Thread] DEBUG GameScene            - Added MainViewComponent
11:20:16.780 [JavaFX Application Thread] DEBUG GameScene            - Entity added to scene
11:20:16.780 [JavaFX Application Thread] DEBUG GameScene            - Added MainViewComponent
11:20:16.781 [JavaFX Application Thread] DEBUG GameScene            - Entity added to scene
11:20:16.782 [JavaFX Application Thread] DEBUG GameScene            - Added MainViewComponent
11:20:16.782 [JavaFX Application Thread] DEBUG GameScene            - Entity added to scene
11:20:16.782 [JavaFX Application Thread] DEBUG GameScene            - Added MainViewComponent
11:20:16.783 [JavaFX Application Thread] DEBUG GameScene            - Entity added to scene
11:20:16.783 [JavaFX Application Thread] DEBUG GameScene            - Added MainViewComponent
11:20:16.783 [JavaFX Application Thread] DEBUG GameScene            - Entity added to scene
11:20:16.783 [JavaFX Application Thread] DEBUG GameScene            - Added MainViewComponent
11:20:16.783 [JavaFX Application Thread] DEBUG GameScene            - Entity added to scene
11:20:16.783 [JavaFX Application Thread] DEBUG GameScene            - Added MainViewComponent
11:20:16.784 [JavaFX Application Thread] DEBUG GameScene            - Entity added to scene
11:20:16.784 [JavaFX Application Thread] DEBUG GameScene            - Added MainViewComponent
11:20:16.784 [JavaFX Application Thread] DEBUG GameScene            - Entity added to scene
11:20:16.784 [JavaFX Application Thread] DEBUG GameScene            - Added MainViewComponent
11:20:16.784 [JavaFX Application Thread] DEBUG GameScene            - Entity added to scene
11:20:16.784 [JavaFX Application Thread] DEBUG GameScene            - Added MainViewComponent
11:20:16.785 [JavaFX Application Thread] DEBUG GameScene            - Entity added to scene
11:20:16.786 [JavaFX Application Thread] DEBUG GameScene            - Added MainViewComponent
11:20:16.787 [JavaFX Application Thread] DEBUG GameScene            - Entity added to scene
11:20:16.787 [JavaFX Application Thread] DEBUG GameScene            - Added MainViewComponent
11:20:16.787 [JavaFX Application Thread] DEBUG GameScene            - Entity added to scene
11:20:16.787 [JavaFX Application Thread] DEBUG GameScene            - Added MainViewComponent
11:20:16.788 [JavaFX Application Thread] DEBUG GameScene            - Entity added to scene
11:20:16.788 [JavaFX Application Thread] DEBUG GameScene            - Added MainViewComponent
11:20:16.790 [JavaFX Application Thread] DEBUG GameScene            - Entity added to scene
11:20:16.790 [JavaFX Application Thread] DEBUG GameScene            - Added MainViewComponent
11:20:16.791 [JavaFX Application Thread] DEBUG GameScene            - Entity added to scene
11:20:16.791 [JavaFX Application Thread] DEBUG GameScene            - Added MainViewComponent
11:20:16.791 [JavaFX Application Thread] DEBUG GameScene            - Entity added to scene
11:20:16.791 [JavaFX Application Thread] DEBUG GameScene            - Added MainViewComponent
11:20:16.792 [JavaFX Application Thread] DEBUG GameScene            - Entity added to scene
11:20:16.792 [JavaFX Application Thread] DEBUG GameScene            - Added MainViewComponent
11:20:16.792 [JavaFX Application Thread] DEBUG GameScene            - Entity added to scene
11:20:16.792 [JavaFX Application Thread] DEBUG GameScene            - Added MainViewComponent
11:20:16.800 [JavaFX Application Thread] DEBUG GameScene            - Entity added to scene
11:20:16.800 [JavaFX Application Thread] DEBUG GameScene            - Added MainViewComponent
11:20:16.801 [JavaFX Application Thread] DEBUG GameScene            - Entity added to scene
11:20:16.801 [JavaFX Application Thread] DEBUG GameScene            - Added MainViewComponent
11:20:16.801 [JavaFX Application Thread] DEBUG GameScene            - Entity added to scene
11:20:16.802 [JavaFX Application Thread] DEBUG GameScene            - Added MainViewComponent
11:20:16.802 [JavaFX Application Thread] DEBUG GameScene            - Entity added to scene
11:20:16.802 [JavaFX Application Thread] DEBUG GameScene            - Added MainViewComponent
11:20:16.803 [JavaFX Application Thread] DEBUG GameScene            - Entity added to scene
11:20:16.803 [JavaFX Application Thread] DEBUG GameScene            - Added MainViewComponent
11:20:16.803 [JavaFX Application Thread] DEBUG GameScene            - Entity added to scene
11:20:16.803 [JavaFX Application Thread] DEBUG GameScene            - Added MainViewComponent
11:20:16.804 [JavaFX Application Thread] DEBUG GameScene            - Entity added to scene
11:20:16.804 [JavaFX Application Thread] DEBUG GameScene            - Added MainViewComponent
11:20:16.804 [JavaFX Application Thread] DEBUG GameScene            - Entity added to scene
11:20:16.804 [JavaFX Application Thread] DEBUG GameScene            - Added MainViewComponent
11:20:16.805 [JavaFX Application Thread] DEBUG GameScene            - Entity added to scene
11:20:16.805 [JavaFX Application Thread] DEBUG GameScene            - Added MainViewComponent
11:20:16.806 [JavaFX Application Thread] DEBUG GameScene            - Entity added to scene
11:20:16.806 [JavaFX Application Thread] DEBUG GameScene            - Added MainViewComponent
11:20:16.807 [JavaFX Application Thread] DEBUG GameScene            - Entity added to scene
11:20:16.807 [JavaFX Application Thread] DEBUG GameScene            - Added MainViewComponent
11:20:16.807 [JavaFX Application Thread] DEBUG GameScene            - Entity added to scene
11:20:16.807 [JavaFX Application Thread] DEBUG GameScene            - Added MainViewComponent
11:20:16.807 [JavaFX Application Thread] DEBUG GameScene            - Entity added to scene
11:20:16.807 [JavaFX Application Thread] DEBUG GameScene            - Added MainViewComponent
11:20:16.808 [JavaFX Application Thread] DEBUG GameScene            - Entity added to scene
11:20:16.808 [JavaFX Application Thread] DEBUG GameScene            - Added MainViewComponent
11:20:16.808 [JavaFX Application Thread] DEBUG GameScene            - Entity added to scene
11:20:16.808 [JavaFX Application Thread] DEBUG GameScene            - Added MainViewComponent
11:20:16.809 [JavaFX Application Thread] DEBUG GameScene            - Entity added to scene
11:20:16.809 [JavaFX Application Thread] DEBUG GameScene            - Added MainViewComponent
11:20:16.809 [JavaFX Application Thread] DEBUG GameScene            - Entity added to scene
11:20:16.809 [JavaFX Application Thread] DEBUG GameScene            - Added MainViewComponent
11:20:16.809 [JavaFX Application Thread] DEBUG GameScene            - Entity added to scene
11:20:16.809 [JavaFX Application Thread] DEBUG GameScene            - Added MainViewComponent
11:20:16.810 [JavaFX Application Thread] DEBUG GameScene            - Entity added to scene
11:20:16.810 [JavaFX Application Thread] DEBUG GameScene            - Added MainViewComponent
11:20:16.810 [JavaFX Application Thread] DEBUG GameScene            - Entity added to scene
11:20:16.810 [JavaFX Application Thread] DEBUG GameScene            - Added MainViewComponent
11:20:16.810 [JavaFX Application Thread] DEBUG GameScene            - Entity added to scene
11:20:16.810 [JavaFX Application Thread] DEBUG GameScene            - Added MainViewComponent
11:20:16.811 [JavaFX Application Thread] DEBUG GameScene            - Entity added to scene
11:20:16.811 [JavaFX Application Thread] DEBUG GameScene            - Added MainViewComponent
11:20:16.811 [JavaFX Application Thread] DEBUG GameScene            - Entity added to scene
11:20:16.811 [JavaFX Application Thread] DEBUG GameScene            - Added MainViewComponent
11:20:16.811 [JavaFX Application Thread] DEBUG GameScene            - Entity added to scene
11:20:16.811 [JavaFX Application Thread] DEBUG GameScene            - Added MainViewComponent
11:20:16.812 [JavaFX Application Thread] DEBUG GameScene            - Entity added to scene
11:20:16.812 [JavaFX Application Thread] DEBUG GameScene            - Added MainViewComponent
11:20:16.812 [JavaFX Application Thread] DEBUG GameScene            - Entity added to scene
11:20:16.812 [JavaFX Application Thread] DEBUG GameScene            - Added MainViewComponent
11:20:16.814 [JavaFX Application Thread] DEBUG GameScene            - Entity added to scene
11:20:16.814 [JavaFX Application Thread] DEBUG GameScene            - Added MainViewComponent
11:20:16.815 [JavaFX Application Thread] DEBUG GameScene            - Entity added to scene
11:20:16.815 [JavaFX Application Thread] DEBUG GameScene            - Added MainViewComponent
11:20:16.815 [JavaFX Application Thread] DEBUG GameScene            - Entity added to scene
11:20:16.815 [JavaFX Application Thread] DEBUG GameScene            - Added MainViewComponent
11:20:16.816 [JavaFX Application Thread] DEBUG GameScene            - Entity added to scene
11:20:16.816 [JavaFX Application Thread] DEBUG GameScene            - Added MainViewComponent
11:20:16.817 [JavaFX Application Thread] DEBUG GameScene            - Entity added to scene
11:20:16.817 [JavaFX Application Thread] DEBUG GameScene            - Added MainViewComponent
11:20:16.817 [JavaFX Application Thread] DEBUG GameScene            - Entity added to scene
11:20:16.817 [JavaFX Application Thread] DEBUG GameScene            - Added MainViewComponent
11:20:16.818 [JavaFX Application Thread] DEBUG GameScene            - Entity added to scene
11:20:16.818 [JavaFX Application Thread] DEBUG GameScene            - Added MainViewComponent
11:20:16.818 [JavaFX Application Thread] DEBUG GameScene            - Entity added to scene
11:20:16.818 [JavaFX Application Thread] DEBUG GameScene            - Added MainViewComponent
11:20:16.819 [JavaFX Application Thread] DEBUG GameScene            - Entity added to scene
11:20:16.819 [JavaFX Application Thread] DEBUG GameScene            - Added MainViewComponent
11:20:16.819 [JavaFX Application Thread] DEBUG GameScene            - Entity added to scene
11:20:16.819 [JavaFX Application Thread] DEBUG GameScene            - Added MainViewComponent
11:20:16.820 [JavaFX Application Thread] DEBUG GameScene            - Entity added to scene
11:20:16.820 [JavaFX Application Thread] DEBUG GameScene            - Added MainViewComponent
11:20:16.820 [JavaFX Application Thread] DEBUG GameScene            - Entity added to scene
11:20:16.820 [JavaFX Application Thread] DEBUG GameScene            - Added MainViewComponent
11:20:16.820 [JavaFX Application Thread] DEBUG GameScene            - Entity added to scene
11:20:16.820 [JavaFX Application Thread] DEBUG GameScene            - Added MainViewComponent
11:20:16.821 [JavaFX Application Thread] DEBUG GameScene            - Entity added to scene
11:20:16.821 [JavaFX Application Thread] DEBUG GameScene            - Added MainViewComponent
11:20:16.821 [JavaFX Application Thread] DEBUG GameScene            - Entity added to scene
11:20:16.821 [JavaFX Application Thread] DEBUG GameScene            - Added MainViewComponent
11:20:16.821 [JavaFX Application Thread] DEBUG GameScene            - Entity added to scene
11:20:16.821 [JavaFX Application Thread] DEBUG GameScene            - Added MainViewComponent
11:20:16.822 [JavaFX Application Thread] DEBUG GameScene            - Entity added to scene
11:20:16.822 [JavaFX Application Thread] DEBUG GameScene            - Added MainViewComponent
11:20:16.822 [JavaFX Application Thread] DEBUG GameScene            - Entity added to scene
11:20:16.822 [JavaFX Application Thread] DEBUG GameScene            - Added MainViewComponent
11:20:16.822 [JavaFX Application Thread] DEBUG GameScene            - Entity added to scene
11:20:16.822 [JavaFX Application Thread] DEBUG GameScene            - Added MainViewComponent
11:20:16.822 [JavaFX Application Thread] DEBUG GameScene            - Entity added to scene
11:20:16.822 [JavaFX Application Thread] DEBUG GameScene            - Added MainViewComponent
11:20:16.823 [JavaFX Application Thread] DEBUG GameScene            - Entity added to scene
11:20:16.823 [JavaFX Application Thread] DEBUG GameScene            - Added MainViewComponent
11:20:16.823 [JavaFX Application Thread] DEBUG GameScene            - Entity added to scene
11:20:16.823 [JavaFX Application Thread] DEBUG GameScene            - Added MainViewComponent
11:20:16.823 [JavaFX Application Thread] DEBUG GameScene            - Entity added to scene
11:20:16.823 [JavaFX Application Thread] DEBUG GameScene            - Added MainViewComponent
11:20:16.823 [JavaFX Application Thread] DEBUG GameScene            - Entity added to scene
11:20:16.824 [JavaFX Application Thread] DEBUG GameScene            - Added MainViewComponent
11:20:16.824 [JavaFX Application Thread] DEBUG GameScene            - Entity added to scene
11:20:16.824 [JavaFX Application Thread] DEBUG GameScene            - Added MainViewComponent
11:20:16.824 [JavaFX Application Thread] DEBUG GameScene            - Entity added to scene
11:20:16.824 [JavaFX Application Thread] DEBUG GameScene            - Added MainViewComponent
11:20:16.824 [JavaFX Application Thread] DEBUG GameScene            - Entity added to scene
11:20:16.824 [JavaFX Application Thread] DEBUG GameScene            - Added MainViewComponent
11:20:16.824 [JavaFX Application Thread] DEBUG GameScene            - Entity added to scene
11:20:16.825 [JavaFX Application Thread] DEBUG GameScene            - Added MainViewComponent
11:20:16.825 [JavaFX Application Thread] DEBUG GameScene            - Entity added to scene
11:20:16.825 [JavaFX Application Thread] DEBUG GameScene            - Added MainViewComponent
11:20:16.825 [JavaFX Application Thread] DEBUG GameScene            - Creating render group for layer: TOP(2147483647)
11:20:16.825 [JavaFX Application Thread] DEBUG GameScene            - Entity added to scene
11:20:16.825 [JavaFX Application Thread] DEBUG GameScene            - Added MainViewComponent
11:20:16.825 [JavaFX Application Thread] DEBUG GameScene            - Entity added to scene
11:20:16.825 [JavaFX Application Thread] DEBUG GameScene            - Added MainViewComponent
11:20:16.826 [JavaFX Application Thread] DEBUG GameScene            - Entity added to scene
11:20:16.826 [JavaFX Application Thread] DEBUG GameScene            - Added MainViewComponent
11:20:16.826 [JavaFX Application Thread] DEBUG GameScene            - Entity added to scene
11:20:16.826 [JavaFX Application Thread] DEBUG GameScene            - Added MainViewComponent
11:20:16.827 [JavaFX Application Thread] DEBUG GameScene            - Entity added to scene
11:20:16.827 [JavaFX Application Thread] DEBUG GameScene            - Added MainViewComponent
11:20:16.827 [JavaFX Application Thread] DEBUG GameScene            - Entity added to scene
11:20:16.827 [JavaFX Application Thread] DEBUG GameScene            - Added MainViewComponent
11:20:16.827 [JavaFX Application Thread] DEBUG GameScene            - Entity added to scene
11:20:16.827 [JavaFX Application Thread] DEBUG GameScene            - Added MainViewComponent
11:20:16.827 [JavaFX Application Thread] DEBUG GameScene            - Entity added to scene
11:20:16.827 [JavaFX Application Thread] DEBUG GameScene            - Added MainViewComponent
11:20:16.828 [JavaFX Application Thread] DEBUG GameScene            - Entity added to scene
11:20:16.828 [JavaFX Application Thread] DEBUG GameScene            - Added MainViewComponent
11:20:16.828 [JavaFX Application Thread] DEBUG GameScene            - Entity added to scene
11:20:16.828 [JavaFX Application Thread] DEBUG GameScene            - Added MainViewComponent
11:20:16.828 [JavaFX Application Thread] DEBUG GameScene            - Entity added to scene
11:20:16.828 [JavaFX Application Thread] DEBUG GameScene            - Added MainViewComponent
11:20:16.829 [JavaFX Application Thread] DEBUG GameScene            - Entity added to scene
11:20:16.829 [JavaFX Application Thread] DEBUG GameScene            - Added MainViewComponent
11:20:16.829 [JavaFX Application Thread] DEBUG GameScene            - Entity added to scene
11:20:16.829 [JavaFX Application Thread] DEBUG GameScene            - Added MainViewComponent
11:20:16.829 [JavaFX Application Thread] DEBUG GameScene            - Entity added to scene
11:20:16.829 [JavaFX Application Thread] DEBUG GameScene            - Added MainViewComponent
11:20:16.830 [JavaFX Application Thread] DEBUG GameScene            - Entity added to scene
11:20:16.830 [JavaFX Application Thread] DEBUG GameScene            - Added MainViewComponent
11:20:16.830 [JavaFX Application Thread] DEBUG GameScene            - Entity added to scene
11:20:16.830 [JavaFX Application Thread] DEBUG GameScene            - Added MainViewComponent
11:20:16.830 [JavaFX Application Thread] DEBUG GameScene            - Entity added to scene
11:20:16.830 [JavaFX Application Thread] DEBUG GameScene            - Added MainViewComponent
11:20:16.831 [JavaFX Application Thread] DEBUG GameScene            - Entity added to scene
11:20:16.831 [JavaFX Application Thread] DEBUG GameScene            - Added MainViewComponent
11:20:16.831 [JavaFX Application Thread] DEBUG GameScene            - Entity added to scene
11:20:16.831 [JavaFX Application Thread] DEBUG GameScene            - Added MainViewComponent
11:20:16.832 [JavaFX Application Thread] DEBUG GameScene            - Entity added to scene
11:20:16.832 [JavaFX Application Thread] DEBUG GameScene            - Added MainViewComponent
11:20:16.832 [JavaFX Application Thread] DEBUG GameScene            - Entity added to scene
11:20:16.832 [JavaFX Application Thread] DEBUG GameScene            - Added MainViewComponent
11:20:16.832 [JavaFX Application Thread] DEBUG GameScene            - Entity added to scene
11:20:16.832 [JavaFX Application Thread] DEBUG GameScene            - Added MainViewComponent
11:20:16.833 [JavaFX Application Thread] DEBUG GameScene            - Entity added to scene
11:20:16.833 [JavaFX Application Thread] DEBUG GameScene            - Added MainViewComponent
11:20:16.833 [JavaFX Application Thread] DEBUG GameScene            - Entity added to scene
11:20:16.833 [JavaFX Application Thread] DEBUG GameScene            - Added MainViewComponent
11:20:16.834 [JavaFX Application Thread] DEBUG GameScene            - Entity added to scene
11:20:16.834 [JavaFX Application Thread] DEBUG GameScene            - Added MainViewComponent
11:20:16.834 [JavaFX Application Thread] DEBUG GameScene            - Entity added to scene
11:20:16.834 [JavaFX Application Thread] DEBUG GameScene            - Added MainViewComponent
11:20:16.834 [JavaFX Application Thread] DEBUG GameScene            - Entity added to scene
11:20:16.834 [JavaFX Application Thread] DEBUG GameScene            - Added MainViewComponent
11:20:16.835 [JavaFX Application Thread] DEBUG GameScene            - Entity added to scene
11:20:16.835 [JavaFX Application Thread] DEBUG GameScene            - Added MainViewComponent
11:20:16.835 [JavaFX Application Thread] DEBUG GameScene            - Entity added to scene
11:20:16.835 [JavaFX Application Thread] DEBUG GameScene            - Added MainViewComponent
11:20:16.836 [JavaFX Application Thread] DEBUG GameScene            - Entity added to scene
11:20:16.836 [JavaFX Application Thread] DEBUG GameScene            - Added MainViewComponent
11:20:16.836 [JavaFX Application Thread] DEBUG GameScene            - Entity added to scene
11:20:16.836 [JavaFX Application Thread] DEBUG GameScene            - Added MainViewComponent
11:20:16.836 [JavaFX Application Thread] DEBUG GameScene            - Entity added to scene
11:20:16.836 [JavaFX Application Thread] DEBUG GameScene            - Added MainViewComponent
11:20:16.837 [JavaFX Application Thread] DEBUG GameScene            - Entity added to scene
11:20:16.837 [JavaFX Application Thread] DEBUG GameScene            - Added MainViewComponent
11:20:16.837 [JavaFX Application Thread] DEBUG GameScene            - Entity added to scene
11:20:16.837 [JavaFX Application Thread] DEBUG GameScene            - Added MainViewComponent
11:20:16.837 [JavaFX Application Thread] DEBUG GameScene            - Entity added to scene
11:20:16.837 [JavaFX Application Thread] DEBUG GameScene            - Added MainViewComponent
11:20:16.838 [JavaFX Application Thread] DEBUG GameScene            - Entity added to scene
11:20:16.838 [JavaFX Application Thread] DEBUG GameScene            - Added MainViewComponent
11:20:16.838 [JavaFX Application Thread] DEBUG GameScene            - Entity added to scene
11:20:16.838 [JavaFX Application Thread] DEBUG GameScene            - Added MainViewComponent
11:20:16.844 [JavaFX Application Thread] DEBUG GameScene            - Entity added to scene
11:20:16.844 [JavaFX Application Thread] DEBUG GameScene            - Added MainViewComponent
11:20:16.845 [JavaFX Application Thread] DEBUG GameScene            - Entity added to scene
11:20:16.845 [JavaFX Application Thread] DEBUG GameScene            - Added MainViewComponent
11:20:16.845 [JavaFX Application Thread] DEBUG GameScene            - Entity added to scene
11:20:16.846 [JavaFX Application Thread] DEBUG GameScene            - Added MainViewComponent
11:20:16.846 [JavaFX Application Thread] DEBUG GameScene            - Entity added to scene
11:20:16.846 [JavaFX Application Thread] DEBUG GameScene            - Added MainViewComponent
11:20:16.846 [JavaFX Application Thread] DEBUG GameScene            - Entity added to scene
11:20:16.846 [JavaFX Application Thread] DEBUG GameScene            - Added MainViewComponent
11:20:16.846 [JavaFX Application Thread] DEBUG GameScene            - Entity added to scene
11:20:16.847 [JavaFX Application Thread] DEBUG GameScene            - Added MainViewComponent
11:20:16.847 [JavaFX Application Thread] DEBUG GameScene            - Entity added to scene
11:20:16.847 [JavaFX Application Thread] DEBUG GameScene            - Added MainViewComponent
11:20:16.847 [JavaFX Application Thread] DEBUG GameScene            - Entity added to scene
11:20:16.847 [JavaFX Application Thread] DEBUG GameScene            - Added MainViewComponent
11:20:16.847 [JavaFX Application Thread] DEBUG GameScene            - Entity added to scene
11:20:16.847 [JavaFX Application Thread] DEBUG GameScene            - Added MainViewComponent
11:20:16.847 [JavaFX Application Thread] DEBUG GameScene            - Entity added to scene
11:20:16.847 [JavaFX Application Thread] DEBUG GameScene            - Added MainViewComponent
11:20:16.848 [JavaFX Application Thread] DEBUG GameScene            - Entity added to scene
11:20:16.848 [JavaFX Application Thread] DEBUG GameScene            - Added MainViewComponent
11:20:16.848 [JavaFX Application Thread] DEBUG GameScene            - Entity added to scene
11:20:16.848 [JavaFX Application Thread] DEBUG GameScene            - Added MainViewComponent
11:20:16.848 [JavaFX Application Thread] DEBUG GameScene            - Entity added to scene
11:20:16.848 [JavaFX Application Thread] DEBUG GameScene            - Added MainViewComponent
11:20:16.848 [JavaFX Application Thread] DEBUG GameScene            - Entity added to scene
11:20:16.849 [JavaFX Application Thread] DEBUG GameScene            - Added MainViewComponent
11:20:16.849 [JavaFX Application Thread] DEBUG GameScene            - Entity added to scene
11:20:16.849 [JavaFX Application Thread] DEBUG GameScene            - Added MainViewComponent
11:20:16.849 [JavaFX Application Thread] DEBUG GameScene            - Entity added to scene
11:20:16.849 [JavaFX Application Thread] DEBUG GameScene            - Added MainViewComponent
11:20:16.849 [JavaFX Application Thread] DEBUG GameScene            - Entity added to scene
11:20:16.849 [JavaFX Application Thread] DEBUG GameScene            - Added MainViewComponent
11:20:16.850 [JavaFX Application Thread] DEBUG GameScene            - Entity added to scene
11:20:16.850 [JavaFX Application Thread] DEBUG GameScene            - Added MainViewComponent
11:20:16.850 [JavaFX Application Thread] DEBUG GameScene            - Entity added to scene
11:20:16.850 [JavaFX Application Thread] DEBUG GameScene            - Added MainViewComponent
11:20:16.850 [JavaFX Application Thread] DEBUG GameScene            - Entity added to scene
11:20:16.850 [JavaFX Application Thread] DEBUG GameScene            - Added MainViewComponent
11:20:16.851 [JavaFX Application Thread] DEBUG GameScene            - Entity added to scene
11:20:16.851 [JavaFX Application Thread] DEBUG GameScene            - Added MainViewComponent
11:20:16.851 [JavaFX Application Thread] DEBUG GameScene            - Entity added to scene
11:20:16.851 [JavaFX Application Thread] DEBUG GameScene            - Added MainViewComponent
11:20:16.851 [JavaFX Application Thread] DEBUG GameScene            - Entity added to scene
11:20:16.851 [JavaFX Application Thread] DEBUG GameScene            - Added MainViewComponent
11:20:16.851 [JavaFX Application Thread] DEBUG GameScene            - Entity added to scene
11:20:16.851 [JavaFX Application Thread] DEBUG GameScene            - Added MainViewComponent
11:20:16.852 [JavaFX Application Thread] DEBUG GameScene            - Entity added to scene
11:20:16.852 [JavaFX Application Thread] DEBUG GameScene            - Added MainViewComponent
11:20:16.852 [JavaFX Application Thread] DEBUG GameScene            - Entity added to scene
11:20:16.852 [JavaFX Application Thread] DEBUG GameScene            - Added MainViewComponent
11:20:16.852 [JavaFX Application Thread] DEBUG GameScene            - Entity added to scene
11:20:16.852 [JavaFX Application Thread] DEBUG GameScene            - Added MainViewComponent
11:20:16.852 [JavaFX Application Thread] DEBUG GameScene            - Entity added to scene
11:20:16.852 [JavaFX Application Thread] DEBUG GameScene            - Added MainViewComponent
11:20:16.853 [JavaFX Application Thread] DEBUG GameScene            - Entity added to scene
11:20:16.853 [JavaFX Application Thread] DEBUG GameScene            - Added MainViewComponent
11:20:16.853 [JavaFX Application Thread] DEBUG GameScene            - Entity added to scene
11:20:16.853 [JavaFX Application Thread] DEBUG GameScene            - Added MainViewComponent
11:20:16.853 [JavaFX Application Thread] DEBUG GameScene            - Entity added to scene
11:20:16.853 [JavaFX Application Thread] DEBUG GameScene            - Added MainViewComponent
11:20:16.854 [JavaFX Application Thread] DEBUG GameScene            - Entity added to scene
11:20:16.854 [JavaFX Application Thread] DEBUG GameScene            - Added MainViewComponent
11:20:16.854 [JavaFX Application Thread] DEBUG GameScene            - Entity added to scene
11:20:16.854 [JavaFX Application Thread] DEBUG GameScene            - Added MainViewComponent
11:20:16.854 [JavaFX Application Thread] DEBUG GameScene            - Entity added to scene
11:20:16.854 [JavaFX Application Thread] DEBUG GameScene            - Added MainViewComponent
11:20:16.854 [JavaFX Application Thread] DEBUG GameScene            - Entity added to scene
11:20:16.854 [JavaFX Application Thread] DEBUG GameScene            - Added MainViewComponent
11:20:16.855 [JavaFX Application Thread] DEBUG GameScene            - Entity added to scene
11:20:16.855 [JavaFX Application Thread] DEBUG GameScene            - Added MainViewComponent
11:20:16.855 [JavaFX Application Thread] DEBUG GameScene            - Entity added to scene
11:20:16.855 [JavaFX Application Thread] DEBUG GameScene            - Added MainViewComponent
11:20:16.855 [JavaFX Application Thread] DEBUG GameScene            - Entity added to scene
11:20:16.855 [JavaFX Application Thread] DEBUG GameScene            - Added MainViewComponent
11:20:16.855 [JavaFX Application Thread] DEBUG GameScene            - Entity added to scene
11:20:16.855 [JavaFX Application Thread] DEBUG GameScene            - Added MainViewComponent
11:20:16.855 [JavaFX Application Thread] DEBUG GameScene            - Entity added to scene
11:20:16.855 [JavaFX Application Thread] DEBUG GameScene            - Added MainViewComponent
11:20:16.856 [JavaFX Application Thread] DEBUG GameScene            - Entity added to scene
11:20:16.856 [JavaFX Application Thread] DEBUG GameScene            - Added MainViewComponent
11:20:16.856 [JavaFX Application Thread] DEBUG GameScene            - Entity added to scene
11:20:16.856 [JavaFX Application Thread] DEBUG GameScene            - Added MainViewComponent
11:20:16.856 [JavaFX Application Thread] DEBUG GameScene            - Entity added to scene
11:20:16.856 [JavaFX Application Thread] DEBUG GameScene            - Added MainViewComponent
11:20:16.859 [JavaFX Application Thread] DEBUG GameScene            - Entity added to scene
11:20:16.859 [JavaFX Application Thread] DEBUG GameScene            - Added MainViewComponent
11:20:16.860 [JavaFX Application Thread] DEBUG GameScene            - Entity added to scene
11:20:16.860 [JavaFX Application Thread] DEBUG GameScene            - Added MainViewComponent
11:20:16.860 [JavaFX Application Thread] DEBUG GameScene            - Entity added to scene
11:20:16.860 [JavaFX Application Thread] DEBUG GameScene            - Added MainViewComponent
11:20:16.861 [JavaFX Application Thread] DEBUG GameScene            - Entity added to scene
11:20:16.861 [JavaFX Application Thread] DEBUG GameScene            - Added MainViewComponent
11:20:16.861 [JavaFX Application Thread] DEBUG GameScene            - Entity added to scene
11:20:16.861 [JavaFX Application Thread] DEBUG GameScene            - Added MainViewComponent
11:20:16.862 [JavaFX Application Thread] DEBUG GameScene            - Entity added to scene
11:20:16.862 [JavaFX Application Thread] DEBUG GameScene            - Added MainViewComponent
11:20:16.862 [JavaFX Application Thread] DEBUG GameScene            - Entity added to scene
11:20:16.862 [JavaFX Application Thread] DEBUG GameScene            - Added MainViewComponent
11:20:16.862 [JavaFX Application Thread] DEBUG GameScene            - Entity added to scene
11:20:16.862 [JavaFX Application Thread] DEBUG GameScene            - Added MainViewComponent
11:20:16.863 [JavaFX Application Thread] DEBUG GameScene            - Entity added to scene
11:20:16.863 [JavaFX Application Thread] DEBUG GameScene            - Added MainViewComponent
11:20:16.863 [JavaFX Application Thread] DEBUG GameScene            - Entity added to scene
11:20:16.863 [JavaFX Application Thread] DEBUG GameScene            - Added MainViewComponent
11:20:16.863 [JavaFX Application Thread] DEBUG GameScene            - Entity added to scene
11:20:16.863 [JavaFX Application Thread] DEBUG GameScene            - Added MainViewComponent
11:20:16.863 [JavaFX Application Thread] DEBUG GameScene            - Entity added to scene
11:20:16.863 [JavaFX Application Thread] DEBUG GameScene            - Added MainViewComponent
11:20:16.864 [JavaFX Application Thread] DEBUG GameScene            - Entity added to scene
11:20:16.864 [JavaFX Application Thread] DEBUG GameScene            - Added MainViewComponent
11:20:16.864 [JavaFX Application Thread] DEBUG GameScene            - Entity added to scene
11:20:16.864 [JavaFX Application Thread] DEBUG GameScene            - Added MainViewComponent
11:20:16.864 [JavaFX Application Thread] DEBUG GameScene            - Entity added to scene
11:20:16.864 [JavaFX Application Thread] DEBUG GameScene            - Added MainViewComponent
11:20:16.864 [JavaFX Application Thread] DEBUG GameScene            - Entity added to scene
11:20:16.864 [JavaFX Application Thread] DEBUG GameScene            - Added MainViewComponent
11:20:16.864 [JavaFX Application Thread] DEBUG GameScene            - Entity added to scene
11:20:16.864 [JavaFX Application Thread] DEBUG GameScene            - Added MainViewComponent
11:20:16.865 [JavaFX Application Thread] DEBUG GameScene            - Entity added to scene
11:20:16.865 [JavaFX Application Thread] DEBUG GameScene            - Added MainViewComponent
11:20:16.865 [JavaFX Application Thread] DEBUG GameScene            - Entity added to scene
11:20:16.865 [JavaFX Application Thread] DEBUG GameScene            - Added MainViewComponent
11:20:16.865 [JavaFX Application Thread] DEBUG GameScene            - Entity added to scene
11:20:16.865 [JavaFX Application Thread] DEBUG GameScene            - Added MainViewComponent
11:20:16.865 [JavaFX Application Thread] DEBUG GameScene            - Entity added to scene
11:20:16.865 [JavaFX Application Thread] DEBUG GameScene            - Added MainViewComponent
11:20:16.865 [JavaFX Application Thread] DEBUG GameScene            - Entity added to scene
11:20:16.866 [JavaFX Application Thread] DEBUG GameScene            - Added MainViewComponent
11:20:16.866 [JavaFX Application Thread] DEBUG GameScene            - Entity added to scene
11:20:16.866 [JavaFX Application Thread] DEBUG GameScene            - Added MainViewComponent
11:20:16.866 [JavaFX Application Thread] DEBUG GameScene            - Entity added to scene
11:20:16.866 [JavaFX Application Thread] DEBUG GameScene            - Added MainViewComponent
11:20:16.866 [JavaFX Application Thread] DEBUG GameScene            - Entity added to scene
11:20:16.866 [JavaFX Application Thread] DEBUG GameScene            - Added MainViewComponent
11:20:16.866 [JavaFX Application Thread] DEBUG GameScene            - Entity added to scene
11:20:16.866 [JavaFX Application Thread] DEBUG GameScene            - Added MainViewComponent
11:20:16.867 [JavaFX Application Thread] DEBUG GameScene            - Entity added to scene
11:20:16.867 [JavaFX Application Thread] DEBUG GameScene            - Added MainViewComponent
11:20:16.867 [JavaFX Application Thread] DEBUG GameScene            - Entity added to scene
11:20:16.867 [JavaFX Application Thread] DEBUG GameScene            - Added MainViewComponent
11:20:16.867 [JavaFX Application Thread] DEBUG GameScene            - Entity added to scene
11:20:16.867 [JavaFX Application Thread] DEBUG GameScene            - Added MainViewComponent
11:20:16.867 [JavaFX Application Thread] DEBUG GameScene            - Entity added to scene
11:20:16.867 [JavaFX Application Thread] DEBUG GameScene            - Added MainViewComponent
11:20:16.868 [JavaFX Application Thread] DEBUG GameScene            - Entity added to scene
11:20:16.868 [JavaFX Application Thread] DEBUG GameScene            - Added MainViewComponent
11:20:16.868 [JavaFX Application Thread] DEBUG GameScene            - Entity added to scene
11:20:16.868 [JavaFX Application Thread] DEBUG GameScene            - Added MainViewComponent
11:20:16.868 [JavaFX Application Thread] DEBUG GameScene            - Entity added to scene
11:20:16.868 [JavaFX Application Thread] DEBUG GameScene            - Added MainViewComponent
11:20:16.868 [JavaFX Application Thread] DEBUG GameScene            - Entity added to scene
11:20:16.868 [JavaFX Application Thread] DEBUG GameScene            - Added MainViewComponent
11:20:16.868 [JavaFX Application Thread] DEBUG GameScene            - Entity added to scene
11:20:16.868 [JavaFX Application Thread] DEBUG GameScene            - Added MainViewComponent
11:20:16.869 [JavaFX Application Thread] DEBUG GameScene            - Entity added to scene
11:20:16.869 [JavaFX Application Thread] DEBUG GameScene            - Added MainViewComponent
11:20:16.869 [JavaFX Application Thread] DEBUG GameScene            - Entity added to scene
11:20:16.869 [JavaFX Application Thread] DEBUG GameScene            - Added MainViewComponent
11:20:16.869 [JavaFX Application Thread] DEBUG GameScene            - Entity added to scene
11:20:16.869 [JavaFX Application Thread] DEBUG GameScene            - Added MainViewComponent
11:20:16.869 [JavaFX Application Thread] DEBUG GameScene            - Entity added to scene
11:20:16.869 [JavaFX Application Thread] DEBUG GameScene            - Added MainViewComponent
11:20:16.869 [JavaFX Application Thread] DEBUG GameScene            - Entity added to scene
11:20:16.869 [JavaFX Application Thread] DEBUG GameScene            - Added MainViewComponent
11:20:16.869 [JavaFX Application Thread] DEBUG GameScene            - Entity added to scene
11:20:16.869 [JavaFX Application Thread] DEBUG GameScene            - Added MainViewComponent
11:20:16.869 [JavaFX Application Thread] DEBUG GameScene            - Entity added to scene
11:20:16.869 [JavaFX Application Thread] DEBUG GameScene            - Added MainViewComponent
11:20:16.869 [JavaFX Application Thread] DEBUG GameScene            - Entity added to scene
11:20:16.869 [JavaFX Application Thread] DEBUG GameScene            - Added MainViewComponent
11:20:16.870 [JavaFX Application Thread] DEBUG GameScene            - Entity added to scene
11:20:16.870 [JavaFX Application Thread] DEBUG GameScene            - Added MainViewComponent
11:20:16.870 [JavaFX Application Thread] DEBUG GameScene            - Entity added to scene
11:20:16.870 [JavaFX Application Thread] DEBUG GameScene            - Added MainViewComponent
11:20:16.870 [JavaFX Application Thread] DEBUG GameScene            - Entity added to scene
11:20:16.870 [JavaFX Application Thread] DEBUG GameScene            - Added MainViewComponent
11:20:16.870 [JavaFX Application Thread] DEBUG GameScene            - Entity added to scene
11:20:16.870 [JavaFX Application Thread] DEBUG GameScene            - Added MainViewComponent
11:20:16.870 [JavaFX Application Thread] DEBUG GameScene            - Entity added to scene
11:20:16.870 [JavaFX Application Thread] DEBUG GameScene            - Added MainViewComponent
11:20:16.870 [JavaFX Application Thread] DEBUG GameScene            - Entity added to scene
11:20:16.870 [JavaFX Application Thread] DEBUG GameScene            - Added MainViewComponent
11:20:16.870 [JavaFX Application Thread] DEBUG GameScene            - Entity added to scene
11:20:16.870 [JavaFX Application Thread] DEBUG GameScene            - Added MainViewComponent
11:20:16.870 [JavaFX Application Thread] DEBUG GameScene            - Entity added to scene
11:20:16.870 [JavaFX Application Thread] DEBUG GameScene            - Added MainViewComponent
11:20:16.871 [JavaFX Application Thread] DEBUG GameScene            - Entity added to scene
11:20:16.871 [JavaFX Application Thread] DEBUG GameScene            - Added MainViewComponent
11:20:16.871 [JavaFX Application Thread] DEBUG GameScene            - Entity added to scene
11:20:16.871 [JavaFX Application Thread] DEBUG GameScene            - Added MainViewComponent
11:20:16.871 [JavaFX Application Thread] DEBUG GameScene            - Entity added to scene
11:20:16.871 [JavaFX Application Thread] DEBUG GameScene            - Added MainViewComponent
11:20:16.871 [JavaFX Application Thread] DEBUG GameScene            - Entity added to scene
11:20:16.871 [JavaFX Application Thread] DEBUG GameScene            - Added MainViewComponent
11:20:16.871 [JavaFX Application Thread] DEBUG GameScene            - Entity added to scene
11:20:16.871 [JavaFX Application Thread] DEBUG GameScene            - Added MainViewComponent
11:20:16.871 [JavaFX Application Thread] DEBUG GameScene            - Entity added to scene
11:20:16.871 [JavaFX Application Thread] DEBUG GameScene            - Added MainViewComponent
11:20:16.871 [JavaFX Application Thread] DEBUG GameScene            - Entity added to scene
11:20:16.871 [JavaFX Application Thread] DEBUG GameScene            - Added MainViewComponent
11:20:16.872 [JavaFX Application Thread] DEBUG GameScene            - Entity added to scene
11:20:16.872 [JavaFX Application Thread] DEBUG GameScene            - Added MainViewComponent
11:20:16.872 [JavaFX Application Thread] DEBUG GameScene            - Entity added to scene
11:20:16.872 [JavaFX Application Thread] DEBUG GameScene            - Added MainViewComponent
11:20:16.872 [JavaFX Application Thread] DEBUG GameScene            - Entity added to scene
11:20:16.872 [JavaFX Application Thread] DEBUG GameScene            - Added MainViewComponent
11:20:16.872 [JavaFX Application Thread] DEBUG GameScene            - Entity added to scene
11:20:16.872 [JavaFX Application Thread] DEBUG GameScene            - Added MainViewComponent
11:20:16.873 [JavaFX Application Thread] DEBUG GameScene            - Entity added to scene
11:20:16.873 [JavaFX Application Thread] DEBUG GameScene            - Added MainViewComponent
11:20:16.873 [JavaFX Application Thread] DEBUG GameScene            - Entity added to scene
11:20:16.873 [JavaFX Application Thread] DEBUG GameScene            - Added MainViewComponent
11:20:16.873 [JavaFX Application Thread] DEBUG GameScene            - Entity added to scene
11:20:16.873 [JavaFX Application Thread] DEBUG GameScene            - Added MainViewComponent
11:20:16.873 [JavaFX Application Thread] DEBUG GameScene            - Entity added to scene
11:20:16.873 [JavaFX Application Thread] DEBUG GameScene            - Added MainViewComponent
11:20:16.873 [JavaFX Application Thread] DEBUG GameScene            - Entity added to scene
11:20:16.873 [JavaFX Application Thread] DEBUG GameScene            - Added MainViewComponent
11:20:16.874 [JavaFX Application Thread] DEBUG GameScene            - Entity added to scene
11:20:16.874 [JavaFX Application Thread] DEBUG GameScene            - Added MainViewComponent
11:20:16.874 [JavaFX Application Thread] DEBUG GameScene            - Entity added to scene
11:20:16.874 [JavaFX Application Thread] DEBUG GameScene            - Added MainViewComponent
11:20:16.874 [JavaFX Application Thread] DEBUG GameScene            - Entity added to scene
11:20:16.874 [JavaFX Application Thread] DEBUG GameScene            - Added MainViewComponent
11:20:16.874 [JavaFX Application Thread] DEBUG GameScene            - Entity added to scene
11:20:16.874 [JavaFX Application Thread] DEBUG GameScene            - Added MainViewComponent
11:20:16.875 [JavaFX Application Thread] DEBUG GameScene            - Entity added to scene
11:20:16.875 [JavaFX Application Thread] DEBUG GameScene            - Added MainViewComponent
11:20:16.875 [JavaFX Application Thread] DEBUG GameScene            - Entity added to scene
11:20:16.875 [JavaFX Application Thread] DEBUG GameScene            - Added MainViewComponent
11:20:16.875 [JavaFX Application Thread] DEBUG GameScene            - Entity added to scene
11:20:16.875 [JavaFX Application Thread] DEBUG GameScene            - Added MainViewComponent
11:20:16.875 [JavaFX Application Thread] DEBUG GameScene            - Entity added to scene
11:20:16.875 [JavaFX Application Thread] DEBUG GameScene            - Added MainViewComponent
11:20:16.876 [JavaFX Application Thread] DEBUG GameScene            - Entity added to scene
11:20:16.876 [JavaFX Application Thread] DEBUG GameScene            - Added MainViewComponent
11:20:16.876 [JavaFX Application Thread] DEBUG GameScene            - Entity added to scene
11:20:16.876 [JavaFX Application Thread] DEBUG GameScene            - Added MainViewComponent
11:20:16.876 [JavaFX Application Thread] DEBUG GameScene            - Entity added to scene
11:20:16.876 [JavaFX Application Thread] DEBUG GameScene            - Added MainViewComponent
11:20:16.876 [JavaFX Application Thread] DEBUG GameScene            - Entity added to scene
11:20:16.876 [JavaFX Application Thread] DEBUG GameScene            - Added MainViewComponent
11:20:16.877 [JavaFX Application Thread] DEBUG GameScene            - Entity added to scene
11:20:16.877 [JavaFX Application Thread] DEBUG GameScene            - Added MainViewComponent
11:20:16.877 [JavaFX Application Thread] DEBUG GameScene            - Entity added to scene
11:20:16.877 [JavaFX Application Thread] DEBUG GameScene            - Added MainViewComponent
11:20:16.877 [JavaFX Application Thread] DEBUG GameScene            - Entity added to scene
11:20:16.877 [JavaFX Application Thread] DEBUG GameScene            - Added MainViewComponent
11:20:16.877 [JavaFX Application Thread] DEBUG GameScene            - Entity added to scene
11:20:16.877 [JavaFX Application Thread] DEBUG GameScene            - Added MainViewComponent
11:20:16.877 [JavaFX Application Thread] DEBUG GameScene            - Entity added to scene
11:20:16.877 [JavaFX Application Thread] DEBUG GameScene            - Added MainViewComponent
11:20:16.878 [JavaFX Application Thread] DEBUG GameScene            - Entity added to scene
11:20:16.878 [JavaFX Application Thread] DEBUG GameScene            - Added MainViewComponent
11:20:16.878 [JavaFX Application Thread] DEBUG GameScene            - Entity added to scene
11:20:16.878 [JavaFX Application Thread] DEBUG GameScene            - Added MainViewComponent
11:20:16.878 [JavaFX Application Thread] DEBUG GameScene            - Entity added to scene
11:20:16.878 [JavaFX Application Thread] DEBUG GameScene            - Added MainViewComponent
11:20:16.878 [JavaFX Application Thread] DEBUG GameScene            - Entity added to scene
11:20:16.878 [JavaFX Application Thread] DEBUG GameScene            - Added MainViewComponent
11:20:16.879 [JavaFX Application Thread] DEBUG GameScene            - Entity added to scene
11:20:16.879 [JavaFX Application Thread] DEBUG GameScene            - Added MainViewComponent
11:20:16.879 [JavaFX Application Thread] DEBUG GameScene            - Entity added to scene
11:20:16.879 [JavaFX Application Thread] DEBUG GameScene            - Added MainViewComponent
11:20:16.879 [JavaFX Application Thread] DEBUG GameScene            - Entity added to scene
11:20:16.879 [JavaFX Application Thread] DEBUG GameScene            - Added MainViewComponent
11:20:16.880 [JavaFX Application Thread] DEBUG GameScene            - Entity added to scene
11:20:16.880 [JavaFX Application Thread] DEBUG GameScene            - Added MainViewComponent
11:20:16.880 [JavaFX Application Thread] DEBUG GameScene            - Entity added to scene
11:20:16.880 [JavaFX Application Thread] DEBUG GameScene            - Added MainViewComponent
11:20:16.880 [JavaFX Application Thread] DEBUG GameScene            - Entity added to scene
11:20:16.880 [JavaFX Application Thread] DEBUG GameScene            - Added MainViewComponent
11:20:16.880 [JavaFX Application Thread] DEBUG GameScene            - Entity added to scene
11:20:16.880 [JavaFX Application Thread] DEBUG GameScene            - Added MainViewComponent
11:20:16.881 [JavaFX Application Thread] DEBUG GameScene            - Entity added to scene
11:20:16.881 [JavaFX Application Thread] DEBUG GameScene            - Added MainViewComponent
11:20:16.881 [JavaFX Application Thread] DEBUG GameScene            - Entity added to scene
11:20:16.881 [JavaFX Application Thread] DEBUG GameScene            - Added MainViewComponent
11:20:16.881 [JavaFX Application Thread] DEBUG GameScene            - Entity added to scene
11:20:16.881 [JavaFX Application Thread] DEBUG GameScene            - Added MainViewComponent
11:20:16.881 [JavaFX Application Thread] DEBUG GameScene            - Entity added to scene
11:20:16.881 [JavaFX Application Thread] DEBUG GameScene            - Added MainViewComponent
11:20:16.882 [JavaFX Application Thread] DEBUG GameScene            - Entity added to scene
11:20:16.882 [JavaFX Application Thread] DEBUG GameScene            - Added MainViewComponent
11:20:16.882 [JavaFX Application Thread] DEBUG GameScene            - Entity added to scene
11:20:16.882 [JavaFX Application Thread] DEBUG GameScene            - Added MainViewComponent
11:20:16.882 [JavaFX Application Thread] DEBUG GameScene            - Entity added to scene
11:20:16.882 [JavaFX Application Thread] DEBUG GameScene            - Added MainViewComponent
11:20:16.882 [JavaFX Application Thread] DEBUG GameScene            - Entity added to scene
11:20:16.882 [JavaFX Application Thread] DEBUG GameScene            - Added MainViewComponent
11:20:16.883 [JavaFX Application Thread] DEBUG GameScene            - Entity added to scene
11:20:16.883 [JavaFX Application Thread] DEBUG GameScene            - Added MainViewComponent
11:20:16.883 [JavaFX Application Thread] DEBUG GameScene            - Entity added to scene
11:20:16.883 [JavaFX Application Thread] DEBUG GameScene            - Added MainViewComponent
11:20:16.883 [JavaFX Application Thread] DEBUG GameScene            - Entity added to scene
11:20:16.883 [JavaFX Application Thread] DEBUG GameScene            - Added MainViewComponent
11:20:16.883 [JavaFX Application Thread] DEBUG GameScene            - Entity added to scene
11:20:16.883 [JavaFX Application Thread] DEBUG GameScene            - Added MainViewComponent
11:20:16.883 [JavaFX Application Thread] DEBUG GameScene            - Entity added to scene
11:20:16.884 [JavaFX Application Thread] DEBUG GameScene            - Added MainViewComponent
11:20:16.884 [JavaFX Application Thread] DEBUG GameScene            - Entity added to scene
11:20:16.884 [JavaFX Application Thread] DEBUG GameScene            - Added MainViewComponent
11:20:16.884 [JavaFX Application Thread] DEBUG GameScene            - Entity added to scene
11:20:16.884 [JavaFX Application Thread] DEBUG GameScene            - Added MainViewComponent
11:20:16.885 [JavaFX Application Thread] DEBUG GameScene            - Entity added to scene
11:20:16.885 [JavaFX Application Thread] DEBUG GameScene            - Added MainViewComponent
11:20:16.885 [JavaFX Application Thread] DEBUG GameScene            - Entity added to scene
11:20:16.885 [JavaFX Application Thread] DEBUG GameScene            - Added MainViewComponent
11:20:16.885 [JavaFX Application Thread] DEBUG GameScene            - Entity added to scene
11:20:16.885 [JavaFX Application Thread] DEBUG GameScene            - Added MainViewComponent
11:20:16.885 [JavaFX Application Thread] DEBUG GameScene            - Entity added to scene
11:20:16.885 [JavaFX Application Thread] DEBUG GameScene            - Added MainViewComponent
11:20:16.885 [JavaFX Application Thread] DEBUG GameScene            - Entity added to scene
11:20:16.885 [JavaFX Application Thread] DEBUG GameScene            - Added MainViewComponent
11:20:16.886 [JavaFX Application Thread] DEBUG GameScene            - Entity added to scene
11:20:16.886 [JavaFX Application Thread] DEBUG GameScene            - Added MainViewComponent
11:20:16.886 [JavaFX Application Thread] DEBUG GameScene            - Entity added to scene
11:20:16.886 [JavaFX Application Thread] DEBUG GameScene            - Added MainViewComponent
11:20:16.886 [JavaFX Application Thread] DEBUG GameScene            - Entity added to scene
11:20:16.886 [JavaFX Application Thread] DEBUG GameScene            - Added MainViewComponent
11:20:16.886 [JavaFX Application Thread] DEBUG GameScene            - Entity added to scene
11:20:16.886 [JavaFX Application Thread] DEBUG GameScene            - Added MainViewComponent
11:20:16.886 [JavaFX Application Thread] DEBUG GameScene            - Entity added to scene
11:20:16.886 [JavaFX Application Thread] DEBUG GameScene            - Added MainViewComponent
11:20:16.887 [JavaFX Application Thread] DEBUG GameScene            - Entity added to scene
11:20:16.887 [JavaFX Application Thread] DEBUG GameScene            - Added MainViewComponent
11:20:16.887 [JavaFX Application Thread] DEBUG GameScene            - Entity added to scene
11:20:16.887 [JavaFX Application Thread] DEBUG GameScene            - Added MainViewComponent
11:20:16.887 [JavaFX Application Thread] DEBUG GameScene            - Entity added to scene
11:20:16.887 [JavaFX Application Thread] DEBUG GameScene            - Added MainViewComponent
11:20:16.887 [JavaFX Application Thread] DEBUG GameScene            - Entity added to scene
11:20:16.887 [JavaFX Application Thread] DEBUG GameScene            - Added MainViewComponent
11:20:16.887 [JavaFX Application Thread] DEBUG GameScene            - Entity added to scene
11:20:16.887 [JavaFX Application Thread] DEBUG GameScene            - Added MainViewComponent
11:20:16.887 [JavaFX Application Thread] DEBUG GameScene            - Entity added to scene
11:20:16.887 [JavaFX Application Thread] DEBUG GameScene            - Added MainViewComponent
11:20:16.887 [JavaFX Application Thread] DEBUG GameScene            - Entity added to scene
11:20:16.888 [JavaFX Application Thread] DEBUG GameScene            - Added MainViewComponent
11:20:16.888 [JavaFX Application Thread] DEBUG GameScene            - Entity added to scene
11:20:16.888 [JavaFX Application Thread] DEBUG GameScene            - Added MainViewComponent
11:20:16.888 [JavaFX Application Thread] DEBUG GameScene            - Entity added to scene
11:20:16.888 [JavaFX Application Thread] DEBUG GameScene            - Added MainViewComponent
11:20:16.888 [JavaFX Application Thread] DEBUG GameScene            - Entity added to scene
11:20:16.888 [JavaFX Application Thread] DEBUG GameScene            - Added MainViewComponent
11:20:16.888 [JavaFX Application Thread] DEBUG GameScene            - Entity added to scene
11:20:16.888 [JavaFX Application Thread] DEBUG GameScene            - Added MainViewComponent
11:20:16.889 [JavaFX Application Thread] DEBUG GameScene            - Entity added to scene
11:20:16.889 [JavaFX Application Thread] DEBUG GameScene            - Added MainViewComponent
11:20:16.889 [JavaFX Application Thread] DEBUG GameScene            - Entity added to scene
11:20:16.889 [JavaFX Application Thread] DEBUG GameScene            - Added MainViewComponent
11:20:16.889 [JavaFX Application Thread] DEBUG GameScene            - Entity added to scene
11:20:16.889 [JavaFX Application Thread] DEBUG GameScene            - Added MainViewComponent
11:20:16.889 [JavaFX Application Thread] DEBUG GameScene            - Entity added to scene
11:20:16.889 [JavaFX Application Thread] DEBUG GameScene            - Added MainViewComponent
11:20:16.889 [JavaFX Application Thread] DEBUG GameScene            - Entity added to scene
11:20:16.889 [JavaFX Application Thread] DEBUG GameScene            - Added MainViewComponent
11:20:16.889 [JavaFX Application Thread] DEBUG GameScene            - Entity added to scene
11:20:16.889 [JavaFX Application Thread] DEBUG GameScene            - Added MainViewComponent
11:20:16.890 [JavaFX Application Thread] DEBUG GameScene            - Entity added to scene
11:20:16.890 [JavaFX Application Thread] DEBUG GameScene            - Added MainViewComponent
11:20:16.890 [JavaFX Application Thread] DEBUG GameScene            - Entity added to scene
11:20:16.890 [JavaFX Application Thread] DEBUG GameScene            - Added MainViewComponent
11:20:16.890 [JavaFX Application Thread] DEBUG GameScene            - Entity added to scene
11:20:16.890 [JavaFX Application Thread] DEBUG GameScene            - Added MainViewComponent
11:20:16.890 [JavaFX Application Thread] DEBUG GameScene            - Entity added to scene
11:20:16.890 [JavaFX Application Thread] DEBUG GameScene            - Added MainViewComponent
11:20:16.890 [JavaFX Application Thread] DEBUG GameScene            - Entity added to scene
11:20:16.891 [JavaFX Application Thread] DEBUG GameScene            - Added MainViewComponent
11:20:16.891 [JavaFX Application Thread] DEBUG GameScene            - Creating render group for layer: BACKGROUND(0)
11:20:26.682 [JavaFX Application Thread] DEBUG GameScene            - Entity removed from scene
11:20:26.682 [JavaFX Application Thread] DEBUG GameScene            - Removed MainViewComponent
11:20:26.826 [JavaFX Application Thread] DEBUG GameScene            - Entity removed from scene
11:20:26.826 [JavaFX Application Thread] DEBUG GameScene            - Removed MainViewComponent
11:20:26.954 [JavaFX Application Thread] DEBUG GameScene            - Entity removed from scene
11:20:26.954 [JavaFX Application Thread] DEBUG GameScene            - Removed MainViewComponent
11:20:28.297 [JavaFX Application Thread] DEBUG GameScene            - Entity removed from scene
11:20:28.297 [JavaFX Application Thread] DEBUG GameScene            - Removed MainViewComponent
11:20:29.307 [JavaFX Application Thread] DEBUG GameScene            - Entity removed from scene
11:20:29.307 [JavaFX Application Thread] DEBUG GameScene            - Removed MainViewComponent
11:20:29.640 [JavaFX Application Thread] DEBUG GameScene            - Entity removed from scene
11:20:29.640 [JavaFX Application Thread] DEBUG GameScene            - Removed MainViewComponent
11:20:29.768 [JavaFX Application Thread] DEBUG GameScene            - Entity removed from scene
11:20:29.769 [JavaFX Application Thread] DEBUG GameScene            - Removed MainViewComponent
11:20:29.912 [JavaFX Application Thread] DEBUG GameScene            - Entity removed from scene
11:20:29.913 [JavaFX Application Thread] DEBUG GameScene            - Removed MainViewComponent
11:20:29.979 [JavaFX Application Thread] DEBUG GameScene            - Entity removed from scene
11:20:29.979 [JavaFX Application Thread] DEBUG GameScene            - Removed MainViewComponent
11:20:30.107 [JavaFX Application Thread] DEBUG GameScene            - Entity removed from scene
11:20:30.107 [JavaFX Application Thread] DEBUG GameScene            - Removed MainViewComponent
11:20:30.266 [JavaFX Application Thread] DEBUG GameScene            - Entity removed from scene
11:20:30.266 [JavaFX Application Thread] DEBUG GameScene            - Removed MainViewComponent
11:20:30.425 [JavaFX Application Thread] DEBUG GameScene            - Entity removed from scene
11:20:30.425 [JavaFX Application Thread] DEBUG GameScene            - Removed MainViewComponent
11:20:30.713 [JavaFX Application Thread] DEBUG GameScene            - Entity removed from scene
11:20:30.713 [JavaFX Application Thread] DEBUG GameScene            - Removed MainViewComponent
11:20:31.051 [JavaFX Application Thread] DEBUG GameScene            - Entity removed from scene
11:20:31.051 [JavaFX Application Thread] DEBUG GameScene            - Removed MainViewComponent
11:20:31.180 [JavaFX Application Thread] DEBUG GameScene            - Entity removed from scene
11:20:31.180 [JavaFX Application Thread] DEBUG GameScene            - Removed MainViewComponent
11:20:31.529 [JavaFX Application Thread] DEBUG GameScene            - Entity removed from scene
11:20:31.529 [JavaFX Application Thread] DEBUG GameScene            - Removed MainViewComponent
11:20:31.656 [JavaFX Application Thread] DEBUG GameScene            - Entity removed from scene
11:20:31.656 [JavaFX Application Thread] DEBUG GameScene            - Removed MainViewComponent
11:20:32.616 [JavaFX Application Thread] DEBUG GameScene            - Entity removed from scene
11:20:32.616 [JavaFX Application Thread] DEBUG GameScene            - Removed MainViewComponent
11:20:32.762 [JavaFX Application Thread] DEBUG GameScene            - Entity removed from scene
11:20:32.762 [JavaFX Application Thread] DEBUG GameScene            - Removed MainViewComponent
11:20:32.888 [JavaFX Application Thread] DEBUG GameScene            - Entity removed from scene
11:20:32.888 [JavaFX Application Thread] DEBUG GameScene            - Removed MainViewComponent
11:20:33.097 [JavaFX Application Thread] DEBUG GameScene            - Entity removed from scene
11:20:33.098 [JavaFX Application Thread] DEBUG GameScene            - Removed MainViewComponent
11:20:33.243 [JavaFX Application Thread] DEBUG GameScene            - Entity removed from scene
11:20:33.243 [JavaFX Application Thread] DEBUG GameScene            - Removed MainViewComponent
11:20:33.498 [JavaFX Application Thread] DEBUG GameScene            - Entity removed from scene
11:20:33.499 [JavaFX Application Thread] DEBUG GameScene            - Removed MainViewComponent
11:20:34.024 [JavaFX Application Thread] DEBUG GameScene            - Entity removed from scene
11:20:34.024 [JavaFX Application Thread] DEBUG GameScene            - Removed MainViewComponent
11:20:36.745 [JavaFX Application Thread] DEBUG GameScene            - Entity removed from scene
11:20:36.745 [JavaFX Application Thread] DEBUG GameScene            - Removed MainViewComponent
11:20:46.040 [JavaFX Application Thread] DEBUG GameScene            - Entity removed from scene
11:20:46.040 [JavaFX Application Thread] DEBUG GameScene            - Removed MainViewComponent
11:21:00.684 [JavaFX Application Thread] DEBUG FXGLEventBus         - Firing event: DisplayEvent[type=DIALOG_OPENED]
11:21:00.685 [JavaFX Application Thread] DEBUG FXGLInput            - Clearing active input actions
11:21:00.685 [JavaFX Application Thread] DEBUG FXGLMasterTimer      - Stopping master timer
11:21:00.685 [JavaFX Application Thread] DEBUG GameApplication      - State: PLAYING -> PAUSED
11:21:00.685 [JavaFX Application Thread] DEBUG FXGLEventBus         - Firing event: FXGLEvent[type=PAUSE]
11:21:00.685 [JavaFX Application Thread] DEBUG FXGLInput            - Clearing active input actions
11:21:02.459 [JavaFX Application Thread] DEBUG FXGLEventBus         - Firing event: DisplayEvent[type=DIALOG_CLOSED]
11:21:02.460 [JavaFX Application Thread] DEBUG FXGLInput            - Clearing active input actions
11:21:02.460 [JavaFX Application Thread] DEBUG FXGLMasterTimer      - Starting master timer
11:21:02.460 [JavaFX Application Thread] DEBUG GameApplication      - State: PAUSED -> PLAYING
11:21:02.460 [JavaFX Application Thread] DEBUG FXGLEventBus         - Firing event: FXGLEvent[type=RESUME]
11:21:02.460 [JavaFX Application Thread] DEBUG FXGLEventBus         - Firing event: DisplayEvent[type=CLOSE_REQUEST]
11:21:02.461 [JavaFX Application Thread] DEBUG FXGLEventBus         - Firing event: FXGLEvent[type=EXIT]
11:21:02.462 [JavaFX Application Thread] DEBUG FXGL                 - Saving FXGL system data
11:21:02.464 [JavaFX Application Thread] DEBUG IOTask               - Executing task: writeDataTask(system/fxgl.bundle)
11:21:02.468 [JavaFX Application Thread] DEBUG FS                   - Writing to: system\fxgl.bundle
11:21:02.474 [JavaFX Application Thread] DEBUG IOTask               - Task succeeded: writeDataTask(system/fxgl.bundle)
