15:09:10.456 [FXGL Launcher Thread     ] DEBUG FXGLLoggerFactory    - Service [LoggerFactory] initialized
15:09:10.466 [FXGL Launcher Thread     ] DEBUG FXGL                 - FXGL configuration complete
15:09:10.467 [FXGL Launcher Thread     ] DEBUG FXGL                 - Loading FXGL system data
15:09:10.472 [FXGL Launcher Thread     ] DEBUG IOTask               - Executing task: readDataTask(system/fxgl.bundle)
15:09:10.476 [FXGL Launcher Thread     ] DEBUG FS                   - Reading from: system\fxgl.bundle
15:09:10.488 [FXGL Launcher Thread     ] DEBUG IOTask               - Task succeeded: readDataTask(system/fxgl.bundle)
15:09:10.488 [FXGL Launcher Thread     ] DEBUG Bundle               - Logging bundle: FXGL
15:09:10.489 [FXGL Launcher Thread     ] DEBUG Bundle               - FXGL.offline.timer.version.check=2017-01-18T11:24:23.393
15:09:10.498 [JavaFX Application Thread] DEBUG UpdaterTask          - Checking for updates
15:09:10.631 [JavaFX Application Thread] DEBUG FXGLEventBus         - Service [EventBus] initialized
15:09:10.634 [JavaFX Application Thread] DEBUG FXGLExecutor         - Service [Executor] initialized
15:09:10.637 [JavaFX Application Thread] DEBUG IOTask               - Showing dialog
15:09:10.639 [FXGL Background Thread 1 ] DEBUG IOTask               - Executing task: openStream(https://raw.githubusercontent.com/AlmasB/FXGL/master/pom.xml)
15:09:10.640 [FXGL Background Thread 1 ] DEBUG IOTask               - Executing task: openStream(https://raw.githubusercontent.com/AlmasB/FXGL/master/pom.xml)
15:09:11.210 [JavaFX Application Thread] DEBUG IOTask               - fail(): Dismissing dialog
15:09:11.210 [JavaFX Application Thread] WARN  IOTask               - Task failed: openStream(https://raw.githubusercontent.com/AlmasB/FXGL/master/pom.xml) Error: javax.net.ssl.SSLHandshakeException: sun.security.validator.ValidatorException: PKIX path building failed: sun.security.provider.certpath.SunCertPathBuilderException: unable to find valid certification path to requested target
15:09:11.211 [JavaFX Application Thread] WARN  UpdaterTask          - Failed to find updates: javax.net.ssl.SSLHandshakeException: sun.security.validator.ValidatorException: PKIX path building failed: sun.security.provider.certpath.SunCertPathBuilderException: unable to find valid certification path to requested target
15:09:11.649 [FXGL Launcher Thread     ] DEBUG GameApplication      - Configuring GameApplication
15:09:11.658 [FXGL Launcher Thread     ] DEBUG FXGLExceptionHandler - Service [ExceptionHandler] initialized
15:09:11.659 [FXGL Launcher Thread     ] DEBUG PreInitTask          - Injecting gameWorld & physicsWorld
15:09:11.666 [FXGL Launcher Thread     ] DEBUG GameWorld            - Game world initialized
15:09:11.757 [FXGL Launcher Thread     ] DEBUG FXGLPooler           - Service [Pooler] initialized with default size = 128
15:09:11.758 [FXGL Launcher Thread     ] DEBUG PhysicsWorld         - Physics world initialized: appHeight=840.0, physics.ppm=50.0
15:09:11.760 [FXGL Launcher Thread     ] DEBUG FXGLInput            - Service [Input] initialized
15:09:11.783 [FXGL Launcher Thread     ] DEBUG FXGLInput            - Registered new binding: Screenshot - P
15:09:11.783 [FXGL Launcher Thread     ] DEBUG FXGLInput            - Registered new binding: Dev Options - CTRL+0
15:09:11.785 [FXGL Launcher Thread     ] DEBUG FXGLInput            - Registered new binding: Up - W
15:09:11.785 [FXGL Launcher Thread     ] DEBUG FXGLInput            - Registered new binding: Left - A
15:09:11.785 [FXGL Launcher Thread     ] DEBUG FXGLInput            - Registered new binding: Down - S
15:09:11.785 [FXGL Launcher Thread     ] DEBUG FXGLInput            - Registered new binding: Right - D
15:09:11.810 [FXGL Launcher Thread     ] DEBUG GameScene            - Game scene initialized: 960.0x840.0
15:09:11.814 [FXGL Launcher Thread     ] DEBUG FXGLAssetLoader      - Service [AssetLoader] initialized: cacheSize=35
15:09:11.816 [FXGL Launcher Thread     ] DEBUG FXGLAssetLoader      - Loading from disk: /assets/sounds/system/notification.wav
15:09:11.839 [FXGL Launcher Thread     ] DEBUG FXGLAssetLoader      - Loading from disk: /assets/sounds/menu/select.wav
15:09:11.840 [FXGL Launcher Thread     ] DEBUG FXGLAssetLoader      - Loading from disk: /assets/sounds/menu/back.wav
15:09:11.843 [FXGL Launcher Thread     ] DEBUG FXGLAssetLoader      - Loading from disk: /assets/sounds/menu/press.wav
15:09:11.846 [FXGL Launcher Thread     ] DEBUG FXGLAssetLoader      - Loading from disk: /assets/ui/fonts/Copperplate_Gothic_Light_Regular.ttf
15:09:11.852 [FXGL Launcher Thread     ] DEBUG FXGLAssetLoader      - Loading from disk: /assets/ui/css/fxgl.css
15:09:11.852 [FXGL Launcher Thread     ] DEBUG FXGLAssetLoader      - Loading from disk: /assets/ui/icons/fxgl_icon.png
15:09:11.884 [FXGL Launcher Thread     ] DEBUG FXGLAssetLoader      - Loading from disk: /assets/ui/css/fxgl_dark.css
15:09:11.900 [FXGL Launcher Thread     ] DEBUG FXGLDisplay          - Target size: DoubleProperty [value: 960.0] x DoubleProperty [value: 840.0] @ 1.0
15:09:11.900 [FXGL Launcher Thread     ] DEBUG FXGLDisplay          - New size:    960.0 x 840.0 @ DoubleProperty [value: 1.0]
15:09:11.901 [FXGL Launcher Thread     ] DEBUG FXGLDisplay          - Service [Display] initialized
15:09:11.902 [FXGL Launcher Thread     ] DEBUG FXGLDisplay          - Using CSS: CSS(externalForm=jar:file:/C:/Computer%20Science/Game%20Design/3rd/Pacman/lib/fxgl-0.2.9-uber.jar!/assets/ui/css/fxgl_dark.css)
15:09:11.903 [FXGL Launcher Thread     ] DEBUG InitScenesTask       - Injecting loadingScene & gameScene
15:09:11.928 [FXGL Launcher Thread     ] DEBUG FXGLMasterTimer      - Service [MasterTimer] initialized
15:09:11.931 [FXGL Launcher Thread     ] DEBUG FXGLAudioPlayer      - Service [AudioPlayer] initialized
15:09:11.940 [FXGL Launcher Thread     ] DEBUG GameApplication      - Starting new game
15:09:11.942 [FXGL Launcher Thread     ] DEBUG GameApplication      - Initializing App
15:09:11.944 [FXGL Launcher Thread     ] DEBUG FXGLInput            - Clearing active input actions
15:09:11.944 [FXGL Launcher Thread     ] DEBUG FXGLMasterTimer      - Stopping master timer
15:09:11.944 [FXGL Launcher Thread     ] DEBUG GameApplication      - State: STARTUP -> PAUSED
15:09:11.945 [FXGL Launcher Thread     ] DEBUG FXGLEventBus         - Firing event: FXGLEvent[type=PAUSE]
15:09:11.946 [FXGL Launcher Thread     ] DEBUG FXGLInput            - Clearing active input actions
15:09:11.947 [FXGL Launcher Thread     ] DEBUG FXGLMasterTimer      - Resetting ticks and clearing all actions
15:09:11.947 [FXGL Launcher Thread     ] DEBUG GameWorld            - Resetting game world
15:09:11.947 [FXGL Launcher Thread     ] TRACE EntityWorld          - Resetting entity world
15:09:11.949 [FXGL Launcher Thread     ] DEBUG PhysicsWorld         - Resetting physics world
15:09:11.950 [FXGL Launcher Thread     ] DEBUG GameScene            - Resetting game scene
15:09:11.950 [FXGL Launcher Thread     ] DEBUG FXGLEventBus         - Firing event: FXGLEvent[type=RESET]
15:09:12.019 [FXGL Launcher Thread     ] DEBUG GameApplication      - State: PAUSED -> LOADING
15:09:12.055 [FXGL Background Thread 1 ] DEBUG InitAppTask          - Initializing Assets
15:09:12.058 [FXGL Background Thread 1 ] DEBUG InitAppTask          - Initializing Game
15:09:12.064 [FXGL Background Thread 1 ] DEBUG FXGLAssetLoader      - Loading from disk: /assets/text/level.txt
15:09:12.103 [JavaFX Application Thread] DEBUG FXGLDisplay          - Showing stage
15:09:12.103 [JavaFX Application Thread] DEBUG FXGLDisplay          - Root size: 960.0x840.0
15:09:12.103 [JavaFX Application Thread] DEBUG FXGLDisplay          - Scene size: 960.0x840.0
15:09:12.103 [JavaFX Application Thread] DEBUG FXGLDisplay          - Stage size: 978.0x885.0
15:09:12.468 [FXGL Background Thread 1 ] DEBUG GameWorld            - Resetting game world
15:09:12.468 [FXGL Background Thread 1 ] TRACE EntityWorld          - Resetting entity world
15:09:12.468 [FXGL Background Thread 1 ] DEBUG PhysicsWorld         - Resetting physics world
15:09:12.468 [FXGL Background Thread 1 ] DEBUG GameScene            - Resetting game scene
15:09:12.468 [FXGL Background Thread 1 ] DEBUG GameWorld            - Setting level: com.almasb.fxgl.gameplay.Level@271bd4bf
15:09:12.470 [FXGL Background Thread 1 ] DEBUG InitAppTask          - Initializing Physics
15:09:12.471 [FXGL Background Thread 1 ] DEBUG InitAppTask          - Initializing UI
15:09:12.472 [FXGL Background Thread 1 ] DEBUG FXGLAssetLoader      - Loading from disk: /assets/ui/pacman_ui.fxml
15:09:12.513 [FXGL Background Thread 1 ] DEBUG GameScene            - Adding UI node: Pane@1f8f89a6
15:09:12.513 [FXGL Background Thread 1 ] DEBUG InitAppTask          - Initialization Complete
15:09:12.515 [JavaFX Application Thread] DEBUG FXGLInput            - Clearing active input actions
15:09:12.515 [JavaFX Application Thread] DEBUG FXGLMasterTimer      - Starting master timer
15:09:12.515 [JavaFX Application Thread] DEBUG GameApplication      - State: LOADING -> PLAYING
15:09:12.522 [JavaFX Application Thread] DEBUG FXGLEventBus         - Firing event: FXGLEvent[type=RESUME]
15:09:12.529 [JavaFX Application Thread] DEBUG GameScene            - Entity added to scene
15:09:12.530 [JavaFX Application Thread] DEBUG GameScene            - Added MainViewComponent
15:09:12.532 [JavaFX Application Thread] DEBUG GameScene            - Creating render group for layer: PLAYGROUND(1073741823)
15:09:12.535 [JavaFX Application Thread] DEBUG GameScene            - Entity added to scene
15:09:12.535 [JavaFX Application Thread] DEBUG GameScene            - Added MainViewComponent
15:09:12.536 [JavaFX Application Thread] DEBUG GameScene            - Entity added to scene
15:09:12.536 [JavaFX Application Thread] DEBUG GameScene            - Added MainViewComponent
15:09:12.536 [JavaFX Application Thread] DEBUG GameScene            - Entity added to scene
15:09:12.536 [JavaFX Application Thread] DEBUG GameScene            - Added MainViewComponent
15:09:12.536 [JavaFX Application Thread] DEBUG GameScene            - Entity added to scene
15:09:12.536 [JavaFX Application Thread] DEBUG GameScene            - Added MainViewComponent
15:09:12.536 [JavaFX Application Thread] DEBUG GameScene            - Entity added to scene
15:09:12.536 [JavaFX Application Thread] DEBUG GameScene            - Added MainViewComponent
15:09:12.537 [JavaFX Application Thread] DEBUG GameScene            - Entity added to scene
15:09:12.537 [JavaFX Application Thread] DEBUG GameScene            - Added MainViewComponent
15:09:12.537 [JavaFX Application Thread] DEBUG GameScene            - Entity added to scene
15:09:12.537 [JavaFX Application Thread] DEBUG GameScene            - Added MainViewComponent
15:09:12.537 [JavaFX Application Thread] DEBUG GameScene            - Entity added to scene
15:09:12.537 [JavaFX Application Thread] DEBUG GameScene            - Added MainViewComponent
15:09:12.537 [JavaFX Application Thread] DEBUG GameScene            - Entity added to scene
15:09:12.537 [JavaFX Application Thread] DEBUG GameScene            - Added MainViewComponent
15:09:12.538 [JavaFX Application Thread] DEBUG GameScene            - Entity added to scene
15:09:12.538 [JavaFX Application Thread] DEBUG GameScene            - Added MainViewComponent
15:09:12.538 [JavaFX Application Thread] DEBUG GameScene            - Entity added to scene
15:09:12.538 [JavaFX Application Thread] DEBUG GameScene            - Added MainViewComponent
15:09:12.538 [JavaFX Application Thread] DEBUG GameScene            - Entity added to scene
15:09:12.538 [JavaFX Application Thread] DEBUG GameScene            - Added MainViewComponent
15:09:12.539 [JavaFX Application Thread] DEBUG GameScene            - Entity added to scene
15:09:12.539 [JavaFX Application Thread] DEBUG GameScene            - Added MainViewComponent
15:09:12.539 [JavaFX Application Thread] DEBUG GameScene            - Entity added to scene
15:09:12.539 [JavaFX Application Thread] DEBUG GameScene            - Added MainViewComponent
15:09:12.539 [JavaFX Application Thread] DEBUG GameScene            - Entity added to scene
15:09:12.539 [JavaFX Application Thread] DEBUG GameScene            - Added MainViewComponent
15:09:12.540 [JavaFX Application Thread] DEBUG GameScene            - Entity added to scene
15:09:12.540 [JavaFX Application Thread] DEBUG GameScene            - Added MainViewComponent
15:09:12.540 [JavaFX Application Thread] DEBUG GameScene            - Entity added to scene
15:09:12.540 [JavaFX Application Thread] DEBUG GameScene            - Added MainViewComponent
15:09:12.541 [JavaFX Application Thread] DEBUG GameScene            - Entity added to scene
15:09:12.541 [JavaFX Application Thread] DEBUG GameScene            - Added MainViewComponent
15:09:12.541 [JavaFX Application Thread] DEBUG GameScene            - Entity added to scene
15:09:12.541 [JavaFX Application Thread] DEBUG GameScene            - Added MainViewComponent
15:09:12.542 [JavaFX Application Thread] DEBUG GameScene            - Entity added to scene
15:09:12.542 [JavaFX Application Thread] DEBUG GameScene            - Added MainViewComponent
15:09:12.542 [JavaFX Application Thread] DEBUG GameScene            - Entity added to scene
15:09:12.542 [JavaFX Application Thread] DEBUG GameScene            - Added MainViewComponent
15:09:12.543 [JavaFX Application Thread] DEBUG GameScene            - Entity added to scene
15:09:12.543 [JavaFX Application Thread] DEBUG GameScene            - Added MainViewComponent
15:09:12.543 [JavaFX Application Thread] DEBUG GameScene            - Entity added to scene
15:09:12.543 [JavaFX Application Thread] DEBUG GameScene            - Added MainViewComponent
15:09:12.543 [JavaFX Application Thread] DEBUG GameScene            - Entity added to scene
15:09:12.543 [JavaFX Application Thread] DEBUG GameScene            - Added MainViewComponent
15:09:12.544 [JavaFX Application Thread] DEBUG GameScene            - Entity added to scene
15:09:12.544 [JavaFX Application Thread] DEBUG GameScene            - Added MainViewComponent
15:09:12.544 [JavaFX Application Thread] DEBUG GameScene            - Entity added to scene
15:09:12.544 [JavaFX Application Thread] DEBUG GameScene            - Added MainViewComponent
15:09:12.545 [JavaFX Application Thread] DEBUG GameScene            - Entity added to scene
15:09:12.545 [JavaFX Application Thread] DEBUG GameScene            - Added MainViewComponent
15:09:12.545 [JavaFX Application Thread] DEBUG GameScene            - Entity added to scene
15:09:12.545 [JavaFX Application Thread] DEBUG GameScene            - Added MainViewComponent
15:09:12.545 [JavaFX Application Thread] DEBUG GameScene            - Entity added to scene
15:09:12.545 [JavaFX Application Thread] DEBUG GameScene            - Added MainViewComponent
15:09:12.546 [JavaFX Application Thread] DEBUG GameScene            - Entity added to scene
15:09:12.546 [JavaFX Application Thread] DEBUG GameScene            - Added MainViewComponent
15:09:12.546 [JavaFX Application Thread] DEBUG GameScene            - Entity added to scene
15:09:12.546 [JavaFX Application Thread] DEBUG GameScene            - Added MainViewComponent
15:09:12.546 [JavaFX Application Thread] DEBUG GameScene            - Entity added to scene
15:09:12.546 [JavaFX Application Thread] DEBUG GameScene            - Added MainViewComponent
15:09:12.546 [JavaFX Application Thread] DEBUG GameScene            - Entity added to scene
15:09:12.546 [JavaFX Application Thread] DEBUG GameScene            - Added MainViewComponent
15:09:12.547 [JavaFX Application Thread] DEBUG GameScene            - Entity added to scene
15:09:12.547 [JavaFX Application Thread] DEBUG GameScene            - Added MainViewComponent
15:09:12.547 [JavaFX Application Thread] DEBUG GameScene            - Entity added to scene
15:09:12.547 [JavaFX Application Thread] DEBUG GameScene            - Added MainViewComponent
15:09:12.547 [JavaFX Application Thread] DEBUG GameScene            - Entity added to scene
15:09:12.547 [JavaFX Application Thread] DEBUG GameScene            - Added MainViewComponent
15:09:12.548 [JavaFX Application Thread] DEBUG GameScene            - Entity added to scene
15:09:12.548 [JavaFX Application Thread] DEBUG GameScene            - Added MainViewComponent
15:09:12.548 [JavaFX Application Thread] DEBUG GameScene            - Entity added to scene
15:09:12.548 [JavaFX Application Thread] DEBUG GameScene            - Added MainViewComponent
15:09:12.548 [JavaFX Application Thread] DEBUG GameScene            - Entity added to scene
15:09:12.548 [JavaFX Application Thread] DEBUG GameScene            - Added MainViewComponent
15:09:12.548 [JavaFX Application Thread] DEBUG GameScene            - Entity added to scene
15:09:12.549 [JavaFX Application Thread] DEBUG GameScene            - Added MainViewComponent
15:09:12.549 [JavaFX Application Thread] DEBUG GameScene            - Entity added to scene
15:09:12.549 [JavaFX Application Thread] DEBUG GameScene            - Added MainViewComponent
15:09:12.549 [JavaFX Application Thread] DEBUG GameScene            - Entity added to scene
15:09:12.549 [JavaFX Application Thread] DEBUG GameScene            - Added MainViewComponent
15:09:12.550 [JavaFX Application Thread] DEBUG GameScene            - Entity added to scene
15:09:12.550 [JavaFX Application Thread] DEBUG GameScene            - Added MainViewComponent
15:09:12.550 [JavaFX Application Thread] DEBUG GameScene            - Entity added to scene
15:09:12.550 [JavaFX Application Thread] DEBUG GameScene            - Added MainViewComponent
15:09:12.550 [JavaFX Application Thread] DEBUG GameScene            - Entity added to scene
15:09:12.550 [JavaFX Application Thread] DEBUG GameScene            - Added MainViewComponent
15:09:12.551 [JavaFX Application Thread] DEBUG GameScene            - Entity added to scene
15:09:12.551 [JavaFX Application Thread] DEBUG GameScene            - Added MainViewComponent
15:09:12.551 [JavaFX Application Thread] DEBUG GameScene            - Entity added to scene
15:09:12.551 [JavaFX Application Thread] DEBUG GameScene            - Added MainViewComponent
15:09:12.551 [JavaFX Application Thread] DEBUG GameScene            - Entity added to scene
15:09:12.551 [JavaFX Application Thread] DEBUG GameScene            - Added MainViewComponent
15:09:12.551 [JavaFX Application Thread] DEBUG GameScene            - Entity added to scene
15:09:12.552 [JavaFX Application Thread] DEBUG GameScene            - Added MainViewComponent
15:09:12.552 [JavaFX Application Thread] DEBUG GameScene            - Entity added to scene
15:09:12.552 [JavaFX Application Thread] DEBUG GameScene            - Added MainViewComponent
15:09:12.552 [JavaFX Application Thread] DEBUG GameScene            - Entity added to scene
15:09:12.552 [JavaFX Application Thread] DEBUG GameScene            - Added MainViewComponent
15:09:12.552 [JavaFX Application Thread] DEBUG GameScene            - Entity added to scene
15:09:12.552 [JavaFX Application Thread] DEBUG GameScene            - Added MainViewComponent
15:09:12.552 [JavaFX Application Thread] DEBUG GameScene            - Entity added to scene
15:09:12.553 [JavaFX Application Thread] DEBUG GameScene            - Added MainViewComponent
15:09:12.553 [JavaFX Application Thread] DEBUG GameScene            - Entity added to scene
15:09:12.553 [JavaFX Application Thread] DEBUG GameScene            - Added MainViewComponent
15:09:12.553 [JavaFX Application Thread] DEBUG GameScene            - Entity added to scene
15:09:12.553 [JavaFX Application Thread] DEBUG GameScene            - Added MainViewComponent
15:09:12.553 [JavaFX Application Thread] DEBUG GameScene            - Entity added to scene
15:09:12.553 [JavaFX Application Thread] DEBUG GameScene            - Added MainViewComponent
15:09:12.553 [JavaFX Application Thread] DEBUG GameScene            - Entity added to scene
15:09:12.553 [JavaFX Application Thread] DEBUG GameScene            - Added MainViewComponent
15:09:12.553 [JavaFX Application Thread] DEBUG GameScene            - Entity added to scene
15:09:12.554 [JavaFX Application Thread] DEBUG GameScene            - Added MainViewComponent
15:09:12.554 [JavaFX Application Thread] DEBUG GameScene            - Entity added to scene
15:09:12.554 [JavaFX Application Thread] DEBUG GameScene            - Added MainViewComponent
15:09:12.554 [JavaFX Application Thread] DEBUG GameScene            - Entity added to scene
15:09:12.554 [JavaFX Application Thread] DEBUG GameScene            - Added MainViewComponent
15:09:12.554 [JavaFX Application Thread] DEBUG GameScene            - Entity added to scene
15:09:12.554 [JavaFX Application Thread] DEBUG GameScene            - Added MainViewComponent
15:09:12.554 [JavaFX Application Thread] DEBUG GameScene            - Entity added to scene
15:09:12.554 [JavaFX Application Thread] DEBUG GameScene            - Added MainViewComponent
15:09:12.555 [JavaFX Application Thread] DEBUG GameScene            - Entity added to scene
15:09:12.555 [JavaFX Application Thread] DEBUG GameScene            - Added MainViewComponent
15:09:12.555 [JavaFX Application Thread] DEBUG GameScene            - Entity added to scene
15:09:12.555 [JavaFX Application Thread] DEBUG GameScene            - Added MainViewComponent
15:09:12.555 [JavaFX Application Thread] DEBUG GameScene            - Entity added to scene
15:09:12.555 [JavaFX Application Thread] DEBUG GameScene            - Added MainViewComponent
15:09:12.556 [JavaFX Application Thread] DEBUG GameScene            - Entity added to scene
15:09:12.556 [JavaFX Application Thread] DEBUG GameScene            - Added MainViewComponent
15:09:12.556 [JavaFX Application Thread] DEBUG GameScene            - Entity added to scene
15:09:12.556 [JavaFX Application Thread] DEBUG GameScene            - Added MainViewComponent
15:09:12.556 [JavaFX Application Thread] DEBUG GameScene            - Entity added to scene
15:09:12.556 [JavaFX Application Thread] DEBUG GameScene            - Added MainViewComponent
15:09:12.556 [JavaFX Application Thread] DEBUG GameScene            - Entity added to scene
15:09:12.556 [JavaFX Application Thread] DEBUG GameScene            - Added MainViewComponent
15:09:12.557 [JavaFX Application Thread] DEBUG GameScene            - Entity added to scene
15:09:12.557 [JavaFX Application Thread] DEBUG GameScene            - Added MainViewComponent
15:09:12.557 [JavaFX Application Thread] DEBUG GameScene            - Entity added to scene
15:09:12.557 [JavaFX Application Thread] DEBUG GameScene            - Added MainViewComponent
15:09:12.558 [JavaFX Application Thread] DEBUG GameScene            - Entity added to scene
15:09:12.558 [JavaFX Application Thread] DEBUG GameScene            - Added MainViewComponent
15:09:12.558 [JavaFX Application Thread] DEBUG GameScene            - Entity added to scene
15:09:12.559 [JavaFX Application Thread] DEBUG GameScene            - Added MainViewComponent
15:09:12.559 [JavaFX Application Thread] DEBUG GameScene            - Entity added to scene
15:09:12.559 [JavaFX Application Thread] DEBUG GameScene            - Added MainViewComponent
15:09:12.559 [JavaFX Application Thread] DEBUG GameScene            - Entity added to scene
15:09:12.559 [JavaFX Application Thread] DEBUG GameScene            - Added MainViewComponent
15:09:12.560 [JavaFX Application Thread] DEBUG GameScene            - Entity added to scene
15:09:12.560 [JavaFX Application Thread] DEBUG GameScene            - Added MainViewComponent
15:09:12.560 [JavaFX Application Thread] DEBUG GameScene            - Entity added to scene
15:09:12.560 [JavaFX Application Thread] DEBUG GameScene            - Added MainViewComponent
15:09:12.560 [JavaFX Application Thread] DEBUG GameScene            - Entity added to scene
15:09:12.560 [JavaFX Application Thread] DEBUG GameScene            - Added MainViewComponent
15:09:12.561 [JavaFX Application Thread] DEBUG GameScene            - Entity added to scene
15:09:12.561 [JavaFX Application Thread] DEBUG GameScene            - Added MainViewComponent
15:09:12.561 [JavaFX Application Thread] DEBUG GameScene            - Entity added to scene
15:09:12.561 [JavaFX Application Thread] DEBUG GameScene            - Added MainViewComponent
15:09:12.561 [JavaFX Application Thread] DEBUG GameScene            - Entity added to scene
15:09:12.561 [JavaFX Application Thread] DEBUG GameScene            - Added MainViewComponent
15:09:12.561 [JavaFX Application Thread] DEBUG GameScene            - Entity added to scene
15:09:12.561 [JavaFX Application Thread] DEBUG GameScene            - Added MainViewComponent
15:09:12.562 [JavaFX Application Thread] DEBUG GameScene            - Entity added to scene
15:09:12.562 [JavaFX Application Thread] DEBUG GameScene            - Added MainViewComponent
15:09:12.562 [JavaFX Application Thread] DEBUG GameScene            - Entity added to scene
15:09:12.562 [JavaFX Application Thread] DEBUG GameScene            - Added MainViewComponent
15:09:12.562 [JavaFX Application Thread] DEBUG GameScene            - Entity added to scene
15:09:12.562 [JavaFX Application Thread] DEBUG GameScene            - Added MainViewComponent
15:09:12.562 [JavaFX Application Thread] DEBUG GameScene            - Entity added to scene
15:09:12.563 [JavaFX Application Thread] DEBUG GameScene            - Added MainViewComponent
15:09:12.563 [JavaFX Application Thread] DEBUG GameScene            - Entity added to scene
15:09:12.563 [JavaFX Application Thread] DEBUG GameScene            - Added MainViewComponent
15:09:12.563 [JavaFX Application Thread] DEBUG GameScene            - Entity added to scene
15:09:12.563 [JavaFX Application Thread] DEBUG GameScene            - Added MainViewComponent
15:09:12.563 [JavaFX Application Thread] DEBUG GameScene            - Entity added to scene
15:09:12.563 [JavaFX Application Thread] DEBUG GameScene            - Added MainViewComponent
15:09:12.564 [JavaFX Application Thread] DEBUG GameScene            - Entity added to scene
15:09:12.564 [JavaFX Application Thread] DEBUG GameScene            - Added MainViewComponent
15:09:12.564 [JavaFX Application Thread] DEBUG GameScene            - Entity added to scene
15:09:12.564 [JavaFX Application Thread] DEBUG GameScene            - Added MainViewComponent
15:09:12.564 [JavaFX Application Thread] DEBUG GameScene            - Entity added to scene
15:09:12.564 [JavaFX Application Thread] DEBUG GameScene            - Added MainViewComponent
15:09:12.565 [JavaFX Application Thread] DEBUG GameScene            - Entity added to scene
15:09:12.565 [JavaFX Application Thread] DEBUG GameScene            - Added MainViewComponent
15:09:12.565 [JavaFX Application Thread] DEBUG GameScene            - Entity added to scene
15:09:12.565 [JavaFX Application Thread] DEBUG GameScene            - Added MainViewComponent
15:09:12.566 [JavaFX Application Thread] DEBUG GameScene            - Entity added to scene
15:09:12.566 [JavaFX Application Thread] DEBUG GameScene            - Added MainViewComponent
15:09:12.566 [JavaFX Application Thread] DEBUG GameScene            - Entity added to scene
15:09:12.566 [JavaFX Application Thread] DEBUG GameScene            - Added MainViewComponent
15:09:12.567 [JavaFX Application Thread] DEBUG GameScene            - Entity added to scene
15:09:12.567 [JavaFX Application Thread] DEBUG GameScene            - Added MainViewComponent
15:09:12.567 [JavaFX Application Thread] DEBUG GameScene            - Entity added to scene
15:09:12.567 [JavaFX Application Thread] DEBUG GameScene            - Added MainViewComponent
15:09:12.567 [JavaFX Application Thread] DEBUG GameScene            - Entity added to scene
15:09:12.567 [JavaFX Application Thread] DEBUG GameScene            - Added MainViewComponent
15:09:12.567 [JavaFX Application Thread] DEBUG GameScene            - Entity added to scene
15:09:12.567 [JavaFX Application Thread] DEBUG GameScene            - Added MainViewComponent
15:09:12.568 [JavaFX Application Thread] DEBUG GameScene            - Entity added to scene
15:09:12.568 [JavaFX Application Thread] DEBUG GameScene            - Added MainViewComponent
15:09:12.568 [JavaFX Application Thread] DEBUG GameScene            - Entity added to scene
15:09:12.568 [JavaFX Application Thread] DEBUG GameScene            - Added MainViewComponent
15:09:12.568 [JavaFX Application Thread] DEBUG GameScene            - Entity added to scene
15:09:12.568 [JavaFX Application Thread] DEBUG GameScene            - Added MainViewComponent
15:09:12.568 [JavaFX Application Thread] DEBUG GameScene            - Entity added to scene
15:09:12.568 [JavaFX Application Thread] DEBUG GameScene            - Added MainViewComponent
15:09:12.568 [JavaFX Application Thread] DEBUG GameScene            - Entity added to scene
15:09:12.568 [JavaFX Application Thread] DEBUG GameScene            - Added MainViewComponent
15:09:12.569 [JavaFX Application Thread] DEBUG GameScene            - Entity added to scene
15:09:12.569 [JavaFX Application Thread] DEBUG GameScene            - Added MainViewComponent
15:09:12.569 [JavaFX Application Thread] DEBUG GameScene            - Entity added to scene
15:09:12.569 [JavaFX Application Thread] DEBUG GameScene            - Added MainViewComponent
15:09:12.569 [JavaFX Application Thread] DEBUG GameScene            - Entity added to scene
15:09:12.569 [JavaFX Application Thread] DEBUG GameScene            - Added MainViewComponent
15:09:12.569 [JavaFX Application Thread] DEBUG GameScene            - Entity added to scene
15:09:12.569 [JavaFX Application Thread] DEBUG GameScene            - Added MainViewComponent
15:09:12.569 [JavaFX Application Thread] DEBUG GameScene            - Entity added to scene
15:09:12.569 [JavaFX Application Thread] DEBUG GameScene            - Added MainViewComponent
15:09:12.570 [JavaFX Application Thread] DEBUG GameScene            - Entity added to scene
15:09:12.570 [JavaFX Application Thread] DEBUG GameScene            - Added MainViewComponent
15:09:12.570 [JavaFX Application Thread] DEBUG GameScene            - Entity added to scene
15:09:12.570 [JavaFX Application Thread] DEBUG GameScene            - Added MainViewComponent
15:09:12.570 [JavaFX Application Thread] DEBUG GameScene            - Entity added to scene
15:09:12.570 [JavaFX Application Thread] DEBUG GameScene            - Added MainViewComponent
15:09:12.570 [JavaFX Application Thread] DEBUG GameScene            - Entity added to scene
15:09:12.570 [JavaFX Application Thread] DEBUG GameScene            - Added MainViewComponent
15:09:12.570 [JavaFX Application Thread] DEBUG GameScene            - Entity added to scene
15:09:12.570 [JavaFX Application Thread] DEBUG GameScene            - Added MainViewComponent
15:09:12.571 [JavaFX Application Thread] DEBUG GameScene            - Entity added to scene
15:09:12.571 [JavaFX Application Thread] DEBUG GameScene            - Added MainViewComponent
15:09:12.571 [JavaFX Application Thread] DEBUG GameScene            - Entity added to scene
15:09:12.571 [JavaFX Application Thread] DEBUG GameScene            - Added MainViewComponent
15:09:12.571 [JavaFX Application Thread] DEBUG GameScene            - Entity added to scene
15:09:12.571 [JavaFX Application Thread] DEBUG GameScene            - Added MainViewComponent
15:09:12.571 [JavaFX Application Thread] DEBUG GameScene            - Entity added to scene
15:09:12.572 [JavaFX Application Thread] DEBUG GameScene            - Added MainViewComponent
15:09:12.572 [JavaFX Application Thread] DEBUG GameScene            - Entity added to scene
15:09:12.572 [JavaFX Application Thread] DEBUG GameScene            - Added MainViewComponent
15:09:12.572 [JavaFX Application Thread] DEBUG GameScene            - Entity added to scene
15:09:12.572 [JavaFX Application Thread] DEBUG GameScene            - Added MainViewComponent
15:09:12.572 [JavaFX Application Thread] DEBUG GameScene            - Entity added to scene
15:09:12.572 [JavaFX Application Thread] DEBUG GameScene            - Added MainViewComponent
15:09:12.573 [JavaFX Application Thread] DEBUG GameScene            - Entity added to scene
15:09:12.573 [JavaFX Application Thread] DEBUG GameScene            - Added MainViewComponent
15:09:12.573 [JavaFX Application Thread] DEBUG GameScene            - Entity added to scene
15:09:12.573 [JavaFX Application Thread] DEBUG GameScene            - Added MainViewComponent
15:09:12.574 [JavaFX Application Thread] DEBUG GameScene            - Entity added to scene
15:09:12.574 [JavaFX Application Thread] DEBUG GameScene            - Added MainViewComponent
15:09:12.574 [JavaFX Application Thread] DEBUG GameScene            - Entity added to scene
15:09:12.574 [JavaFX Application Thread] DEBUG GameScene            - Added MainViewComponent
15:09:12.575 [JavaFX Application Thread] DEBUG GameScene            - Entity added to scene
15:09:12.575 [JavaFX Application Thread] DEBUG GameScene            - Added MainViewComponent
15:09:12.576 [JavaFX Application Thread] DEBUG GameScene            - Entity added to scene
15:09:12.576 [JavaFX Application Thread] DEBUG GameScene            - Added MainViewComponent
15:09:12.577 [JavaFX Application Thread] DEBUG GameScene            - Entity added to scene
15:09:12.577 [JavaFX Application Thread] DEBUG GameScene            - Added MainViewComponent
15:09:12.577 [JavaFX Application Thread] DEBUG GameScene            - Entity added to scene
15:09:12.577 [JavaFX Application Thread] DEBUG GameScene            - Added MainViewComponent
15:09:12.577 [JavaFX Application Thread] DEBUG GameScene            - Entity added to scene
15:09:12.577 [JavaFX Application Thread] DEBUG GameScene            - Added MainViewComponent
15:09:12.577 [JavaFX Application Thread] DEBUG GameScene            - Entity added to scene
15:09:12.578 [JavaFX Application Thread] DEBUG GameScene            - Added MainViewComponent
15:09:12.578 [JavaFX Application Thread] DEBUG GameScene            - Entity added to scene
15:09:12.578 [JavaFX Application Thread] DEBUG GameScene            - Added MainViewComponent
15:09:12.578 [JavaFX Application Thread] DEBUG GameScene            - Entity added to scene
15:09:12.578 [JavaFX Application Thread] DEBUG GameScene            - Added MainViewComponent
15:09:12.578 [JavaFX Application Thread] DEBUG GameScene            - Entity added to scene
15:09:12.578 [JavaFX Application Thread] DEBUG GameScene            - Added MainViewComponent
15:09:12.579 [JavaFX Application Thread] DEBUG GameScene            - Entity added to scene
15:09:12.579 [JavaFX Application Thread] DEBUG GameScene            - Added MainViewComponent
15:09:12.579 [JavaFX Application Thread] DEBUG GameScene            - Entity added to scene
15:09:12.579 [JavaFX Application Thread] DEBUG GameScene            - Added MainViewComponent
15:09:12.579 [JavaFX Application Thread] DEBUG GameScene            - Entity added to scene
15:09:12.579 [JavaFX Application Thread] DEBUG GameScene            - Added MainViewComponent
15:09:12.579 [JavaFX Application Thread] DEBUG GameScene            - Entity added to scene
15:09:12.579 [JavaFX Application Thread] DEBUG GameScene            - Added MainViewComponent
15:09:12.580 [JavaFX Application Thread] DEBUG GameScene            - Entity added to scene
15:09:12.580 [JavaFX Application Thread] DEBUG GameScene            - Added MainViewComponent
15:09:12.580 [JavaFX Application Thread] DEBUG GameScene            - Entity added to scene
15:09:12.580 [JavaFX Application Thread] DEBUG GameScene            - Added MainViewComponent
15:09:12.580 [JavaFX Application Thread] DEBUG GameScene            - Entity added to scene
15:09:12.580 [JavaFX Application Thread] DEBUG GameScene            - Added MainViewComponent
15:09:12.580 [JavaFX Application Thread] DEBUG GameScene            - Entity added to scene
15:09:12.580 [JavaFX Application Thread] DEBUG GameScene            - Added MainViewComponent
15:09:12.581 [JavaFX Application Thread] DEBUG GameScene            - Entity added to scene
15:09:12.581 [JavaFX Application Thread] DEBUG GameScene            - Added MainViewComponent
15:09:12.581 [JavaFX Application Thread] DEBUG GameScene            - Entity added to scene
15:09:12.581 [JavaFX Application Thread] DEBUG GameScene            - Added MainViewComponent
15:09:12.582 [JavaFX Application Thread] DEBUG GameScene            - Entity added to scene
15:09:12.582 [JavaFX Application Thread] DEBUG GameScene            - Added MainViewComponent
15:09:12.582 [JavaFX Application Thread] DEBUG GameScene            - Entity added to scene
15:09:12.582 [JavaFX Application Thread] DEBUG GameScene            - Added MainViewComponent
15:09:12.583 [JavaFX Application Thread] DEBUG GameScene            - Entity added to scene
15:09:12.583 [JavaFX Application Thread] DEBUG GameScene            - Added MainViewComponent
15:09:12.583 [JavaFX Application Thread] DEBUG GameScene            - Entity added to scene
15:09:12.583 [JavaFX Application Thread] DEBUG GameScene            - Added MainViewComponent
15:09:12.583 [JavaFX Application Thread] DEBUG GameScene            - Entity added to scene
15:09:12.583 [JavaFX Application Thread] DEBUG GameScene            - Added MainViewComponent
15:09:12.584 [JavaFX Application Thread] DEBUG GameScene            - Entity added to scene
15:09:12.584 [JavaFX Application Thread] DEBUG GameScene            - Added MainViewComponent
15:09:12.584 [JavaFX Application Thread] DEBUG GameScene            - Entity added to scene
15:09:12.584 [JavaFX Application Thread] DEBUG GameScene            - Added MainViewComponent
15:09:12.584 [JavaFX Application Thread] DEBUG GameScene            - Entity added to scene
15:09:12.584 [JavaFX Application Thread] DEBUG GameScene            - Added MainViewComponent
15:09:12.584 [JavaFX Application Thread] DEBUG GameScene            - Entity added to scene
15:09:12.584 [JavaFX Application Thread] DEBUG GameScene            - Added MainViewComponent
15:09:12.584 [JavaFX Application Thread] DEBUG GameScene            - Entity added to scene
15:09:12.585 [JavaFX Application Thread] DEBUG GameScene            - Added MainViewComponent
15:09:12.585 [JavaFX Application Thread] DEBUG GameScene            - Entity added to scene
15:09:12.585 [JavaFX Application Thread] DEBUG GameScene            - Added MainViewComponent
15:09:12.585 [JavaFX Application Thread] DEBUG GameScene            - Entity added to scene
15:09:12.586 [JavaFX Application Thread] DEBUG GameScene            - Added MainViewComponent
15:09:12.587 [JavaFX Application Thread] DEBUG GameScene            - Entity added to scene
15:09:12.587 [JavaFX Application Thread] DEBUG GameScene            - Added MainViewComponent
15:09:12.587 [JavaFX Application Thread] DEBUG GameScene            - Entity added to scene
15:09:12.588 [JavaFX Application Thread] DEBUG GameScene            - Added MainViewComponent
15:09:12.588 [JavaFX Application Thread] DEBUG GameScene            - Entity added to scene
15:09:12.588 [JavaFX Application Thread] DEBUG GameScene            - Added MainViewComponent
15:09:12.588 [JavaFX Application Thread] DEBUG GameScene            - Entity added to scene
15:09:12.588 [JavaFX Application Thread] DEBUG GameScene            - Added MainViewComponent
15:09:12.589 [JavaFX Application Thread] DEBUG GameScene            - Entity added to scene
15:09:12.589 [JavaFX Application Thread] DEBUG GameScene            - Added MainViewComponent
15:09:12.589 [JavaFX Application Thread] DEBUG GameScene            - Entity added to scene
15:09:12.589 [JavaFX Application Thread] DEBUG GameScene            - Added MainViewComponent
15:09:12.589 [JavaFX Application Thread] DEBUG GameScene            - Entity added to scene
15:09:12.589 [JavaFX Application Thread] DEBUG GameScene            - Added MainViewComponent
15:09:12.590 [JavaFX Application Thread] DEBUG GameScene            - Entity added to scene
15:09:12.590 [JavaFX Application Thread] DEBUG GameScene            - Added MainViewComponent
15:09:12.590 [JavaFX Application Thread] DEBUG GameScene            - Entity added to scene
15:09:12.590 [JavaFX Application Thread] DEBUG GameScene            - Added MainViewComponent
15:09:12.591 [JavaFX Application Thread] DEBUG GameScene            - Entity added to scene
15:09:12.591 [JavaFX Application Thread] DEBUG GameScene            - Added MainViewComponent
15:09:12.591 [JavaFX Application Thread] DEBUG GameScene            - Entity added to scene
15:09:12.591 [JavaFX Application Thread] DEBUG GameScene            - Added MainViewComponent
15:09:12.592 [JavaFX Application Thread] DEBUG GameScene            - Entity added to scene
15:09:12.592 [JavaFX Application Thread] DEBUG GameScene            - Added MainViewComponent
15:09:12.592 [JavaFX Application Thread] DEBUG GameScene            - Entity added to scene
15:09:12.592 [JavaFX Application Thread] DEBUG GameScene            - Added MainViewComponent
15:09:12.592 [JavaFX Application Thread] DEBUG GameScene            - Entity added to scene
15:09:12.592 [JavaFX Application Thread] DEBUG GameScene            - Added MainViewComponent
15:09:12.593 [JavaFX Application Thread] DEBUG GameScene            - Entity added to scene
15:09:12.593 [JavaFX Application Thread] DEBUG GameScene            - Added MainViewComponent
15:09:12.593 [JavaFX Application Thread] DEBUG GameScene            - Entity added to scene
15:09:12.593 [JavaFX Application Thread] DEBUG GameScene            - Added MainViewComponent
15:09:12.593 [JavaFX Application Thread] DEBUG GameScene            - Entity added to scene
15:09:12.593 [JavaFX Application Thread] DEBUG GameScene            - Added MainViewComponent
15:09:12.593 [JavaFX Application Thread] DEBUG GameScene            - Entity added to scene
15:09:12.593 [JavaFX Application Thread] DEBUG GameScene            - Added MainViewComponent
15:09:12.594 [JavaFX Application Thread] DEBUG GameScene            - Entity added to scene
15:09:12.594 [JavaFX Application Thread] DEBUG GameScene            - Added MainViewComponent
15:09:12.594 [JavaFX Application Thread] DEBUG GameScene            - Entity added to scene
15:09:12.594 [JavaFX Application Thread] DEBUG GameScene            - Added MainViewComponent
15:09:12.594 [JavaFX Application Thread] DEBUG GameScene            - Entity added to scene
15:09:12.594 [JavaFX Application Thread] DEBUG GameScene            - Added MainViewComponent
15:09:12.594 [JavaFX Application Thread] DEBUG GameScene            - Entity added to scene
15:09:12.594 [JavaFX Application Thread] DEBUG GameScene            - Added MainViewComponent
15:09:12.594 [JavaFX Application Thread] DEBUG GameScene            - Entity added to scene
15:09:12.595 [JavaFX Application Thread] DEBUG GameScene            - Added MainViewComponent
15:09:12.595 [JavaFX Application Thread] DEBUG GameScene            - Entity added to scene
15:09:12.595 [JavaFX Application Thread] DEBUG GameScene            - Added MainViewComponent
15:09:12.595 [JavaFX Application Thread] DEBUG GameScene            - Entity added to scene
15:09:12.595 [JavaFX Application Thread] DEBUG GameScene            - Added MainViewComponent
15:09:12.595 [JavaFX Application Thread] DEBUG GameScene            - Entity added to scene
15:09:12.595 [JavaFX Application Thread] DEBUG GameScene            - Added MainViewComponent
15:09:12.595 [JavaFX Application Thread] DEBUG GameScene            - Entity added to scene
15:09:12.595 [JavaFX Application Thread] DEBUG GameScene            - Added MainViewComponent
15:09:12.596 [JavaFX Application Thread] DEBUG GameScene            - Entity added to scene
15:09:12.596 [JavaFX Application Thread] DEBUG GameScene            - Added MainViewComponent
15:09:12.596 [JavaFX Application Thread] DEBUG GameScene            - Entity added to scene
15:09:12.596 [JavaFX Application Thread] DEBUG GameScene            - Added MainViewComponent
15:09:12.596 [JavaFX Application Thread] DEBUG GameScene            - Entity added to scene
15:09:12.596 [JavaFX Application Thread] DEBUG GameScene            - Added MainViewComponent
15:09:12.596 [JavaFX Application Thread] DEBUG GameScene            - Entity added to scene
15:09:12.596 [JavaFX Application Thread] DEBUG GameScene            - Added MainViewComponent
15:09:12.596 [JavaFX Application Thread] DEBUG GameScene            - Entity added to scene
15:09:12.596 [JavaFX Application Thread] DEBUG GameScene            - Added MainViewComponent
15:09:12.597 [JavaFX Application Thread] DEBUG GameScene            - Entity added to scene
15:09:12.597 [JavaFX Application Thread] DEBUG GameScene            - Added MainViewComponent
15:09:12.597 [JavaFX Application Thread] DEBUG GameScene            - Entity added to scene
15:09:12.597 [JavaFX Application Thread] DEBUG GameScene            - Added MainViewComponent
15:09:12.597 [JavaFX Application Thread] DEBUG GameScene            - Entity added to scene
15:09:12.597 [JavaFX Application Thread] DEBUG GameScene            - Added MainViewComponent
15:09:12.598 [JavaFX Application Thread] DEBUG GameScene            - Entity added to scene
15:09:12.598 [JavaFX Application Thread] DEBUG GameScene            - Added MainViewComponent
15:09:12.599 [JavaFX Application Thread] DEBUG GameScene            - Entity added to scene
15:09:12.599 [JavaFX Application Thread] DEBUG GameScene            - Added MainViewComponent
15:09:12.600 [JavaFX Application Thread] DEBUG GameScene            - Entity added to scene
15:09:12.600 [JavaFX Application Thread] DEBUG GameScene            - Added MainViewComponent
15:09:12.600 [JavaFX Application Thread] DEBUG GameScene            - Entity added to scene
15:09:12.600 [JavaFX Application Thread] DEBUG GameScene            - Added MainViewComponent
15:09:12.600 [JavaFX Application Thread] DEBUG GameScene            - Entity added to scene
15:09:12.600 [JavaFX Application Thread] DEBUG GameScene            - Added MainViewComponent
15:09:12.601 [JavaFX Application Thread] DEBUG GameScene            - Entity added to scene
15:09:12.601 [JavaFX Application Thread] DEBUG GameScene            - Added MainViewComponent
15:09:12.601 [JavaFX Application Thread] DEBUG GameScene            - Entity added to scene
15:09:12.601 [JavaFX Application Thread] DEBUG GameScene            - Added MainViewComponent
15:09:12.601 [JavaFX Application Thread] DEBUG GameScene            - Entity added to scene
15:09:12.601 [JavaFX Application Thread] DEBUG GameScene            - Added MainViewComponent
15:09:12.602 [JavaFX Application Thread] DEBUG GameScene            - Entity added to scene
15:09:12.602 [JavaFX Application Thread] DEBUG GameScene            - Added MainViewComponent
15:09:12.602 [JavaFX Application Thread] DEBUG GameScene            - Entity added to scene
15:09:12.602 [JavaFX Application Thread] DEBUG GameScene            - Added MainViewComponent
15:09:12.603 [JavaFX Application Thread] DEBUG GameScene            - Entity added to scene
15:09:12.603 [JavaFX Application Thread] DEBUG GameScene            - Added MainViewComponent
15:09:12.603 [JavaFX Application Thread] DEBUG GameScene            - Entity added to scene
15:09:12.603 [JavaFX Application Thread] DEBUG GameScene            - Added MainViewComponent
15:09:12.603 [JavaFX Application Thread] DEBUG GameScene            - Entity added to scene
15:09:12.603 [JavaFX Application Thread] DEBUG GameScene            - Added MainViewComponent
15:09:12.604 [JavaFX Application Thread] DEBUG GameScene            - Entity added to scene
15:09:12.604 [JavaFX Application Thread] DEBUG GameScene            - Added MainViewComponent
15:09:12.604 [JavaFX Application Thread] DEBUG GameScene            - Entity added to scene
15:09:12.604 [JavaFX Application Thread] DEBUG GameScene            - Added MainViewComponent
15:09:12.604 [JavaFX Application Thread] DEBUG GameScene            - Entity added to scene
15:09:12.604 [JavaFX Application Thread] DEBUG GameScene            - Added MainViewComponent
15:09:12.604 [JavaFX Application Thread] DEBUG GameScene            - Entity added to scene
15:09:12.604 [JavaFX Application Thread] DEBUG GameScene            - Added MainViewComponent
15:09:12.605 [JavaFX Application Thread] DEBUG GameScene            - Entity added to scene
15:09:12.605 [JavaFX Application Thread] DEBUG GameScene            - Added MainViewComponent
15:09:12.605 [JavaFX Application Thread] DEBUG GameScene            - Entity added to scene
15:09:12.605 [JavaFX Application Thread] DEBUG GameScene            - Added MainViewComponent
15:09:12.606 [JavaFX Application Thread] DEBUG GameScene            - Entity added to scene
15:09:12.606 [JavaFX Application Thread] DEBUG GameScene            - Added MainViewComponent
15:09:12.606 [JavaFX Application Thread] DEBUG GameScene            - Entity added to scene
15:09:12.607 [JavaFX Application Thread] DEBUG GameScene            - Added MainViewComponent
15:09:12.607 [JavaFX Application Thread] DEBUG GameScene            - Entity added to scene
15:09:12.607 [JavaFX Application Thread] DEBUG GameScene            - Added MainViewComponent
15:09:12.608 [JavaFX Application Thread] DEBUG GameScene            - Entity added to scene
15:09:12.608 [JavaFX Application Thread] DEBUG GameScene            - Added MainViewComponent
15:09:12.608 [JavaFX Application Thread] DEBUG GameScene            - Entity added to scene
15:09:12.608 [JavaFX Application Thread] DEBUG GameScene            - Added MainViewComponent
15:09:12.608 [JavaFX Application Thread] DEBUG GameScene            - Entity added to scene
15:09:12.609 [JavaFX Application Thread] DEBUG GameScene            - Added MainViewComponent
15:09:12.609 [JavaFX Application Thread] DEBUG GameScene            - Entity added to scene
15:09:12.609 [JavaFX Application Thread] DEBUG GameScene            - Added MainViewComponent
15:09:12.609 [JavaFX Application Thread] DEBUG GameScene            - Entity added to scene
15:09:12.609 [JavaFX Application Thread] DEBUG GameScene            - Added MainViewComponent
15:09:12.610 [JavaFX Application Thread] DEBUG GameScene            - Entity added to scene
15:09:12.610 [JavaFX Application Thread] DEBUG GameScene            - Added MainViewComponent
15:09:12.610 [JavaFX Application Thread] DEBUG GameScene            - Entity added to scene
15:09:12.610 [JavaFX Application Thread] DEBUG GameScene            - Added MainViewComponent
15:09:12.610 [JavaFX Application Thread] DEBUG GameScene            - Entity added to scene
15:09:12.611 [JavaFX Application Thread] DEBUG GameScene            - Added MainViewComponent
15:09:12.611 [JavaFX Application Thread] DEBUG GameScene            - Entity added to scene
15:09:12.611 [JavaFX Application Thread] DEBUG GameScene            - Added MainViewComponent
15:09:12.611 [JavaFX Application Thread] DEBUG GameScene            - Entity added to scene
15:09:12.611 [JavaFX Application Thread] DEBUG GameScene            - Added MainViewComponent
15:09:12.611 [JavaFX Application Thread] DEBUG GameScene            - Entity added to scene
15:09:12.611 [JavaFX Application Thread] DEBUG GameScene            - Added MainViewComponent
15:09:12.611 [JavaFX Application Thread] DEBUG GameScene            - Entity added to scene
15:09:12.611 [JavaFX Application Thread] DEBUG GameScene            - Added MainViewComponent
15:09:12.612 [JavaFX Application Thread] DEBUG GameScene            - Entity added to scene
15:09:12.612 [JavaFX Application Thread] DEBUG GameScene            - Added MainViewComponent
15:09:12.612 [JavaFX Application Thread] DEBUG GameScene            - Entity added to scene
15:09:12.612 [JavaFX Application Thread] DEBUG GameScene            - Added MainViewComponent
15:09:12.612 [JavaFX Application Thread] DEBUG GameScene            - Entity added to scene
15:09:12.612 [JavaFX Application Thread] DEBUG GameScene            - Added MainViewComponent
15:09:12.612 [JavaFX Application Thread] DEBUG GameScene            - Entity added to scene
15:09:12.613 [JavaFX Application Thread] DEBUG GameScene            - Added MainViewComponent
15:09:12.613 [JavaFX Application Thread] DEBUG GameScene            - Entity added to scene
15:09:12.613 [JavaFX Application Thread] DEBUG GameScene            - Added MainViewComponent
15:09:12.613 [JavaFX Application Thread] DEBUG GameScene            - Entity added to scene
15:09:12.613 [JavaFX Application Thread] DEBUG GameScene            - Added MainViewComponent
15:09:12.613 [JavaFX Application Thread] DEBUG GameScene            - Entity added to scene
15:09:12.614 [JavaFX Application Thread] DEBUG GameScene            - Added MainViewComponent
15:09:12.614 [JavaFX Application Thread] DEBUG GameScene            - Entity added to scene
15:09:12.614 [JavaFX Application Thread] DEBUG GameScene            - Added MainViewComponent
15:09:12.615 [JavaFX Application Thread] DEBUG GameScene            - Entity added to scene
15:09:12.615 [JavaFX Application Thread] DEBUG GameScene            - Added MainViewComponent
15:09:12.615 [JavaFX Application Thread] DEBUG GameScene            - Entity added to scene
15:09:12.615 [JavaFX Application Thread] DEBUG GameScene            - Added MainViewComponent
15:09:12.615 [JavaFX Application Thread] DEBUG GameScene            - Entity added to scene
15:09:12.616 [JavaFX Application Thread] DEBUG GameScene            - Added MainViewComponent
15:09:12.616 [JavaFX Application Thread] DEBUG GameScene            - Entity added to scene
15:09:12.616 [JavaFX Application Thread] DEBUG GameScene            - Added MainViewComponent
15:09:12.616 [JavaFX Application Thread] DEBUG GameScene            - Entity added to scene
15:09:12.616 [JavaFX Application Thread] DEBUG GameScene            - Added MainViewComponent
15:09:12.616 [JavaFX Application Thread] DEBUG GameScene            - Entity added to scene
15:09:12.617 [JavaFX Application Thread] DEBUG GameScene            - Added MainViewComponent
15:09:12.623 [JavaFX Application Thread] DEBUG GameScene            - Entity added to scene
15:09:12.624 [JavaFX Application Thread] DEBUG GameScene            - Added MainViewComponent
15:09:12.624 [JavaFX Application Thread] DEBUG GameScene            - Entity added to scene
15:09:12.624 [JavaFX Application Thread] DEBUG GameScene            - Added MainViewComponent
15:09:12.625 [JavaFX Application Thread] DEBUG GameScene            - Entity added to scene
15:09:12.625 [JavaFX Application Thread] DEBUG GameScene            - Added MainViewComponent
15:09:12.625 [JavaFX Application Thread] DEBUG GameScene            - Entity added to scene
15:09:12.625 [JavaFX Application Thread] DEBUG GameScene            - Added MainViewComponent
15:09:12.625 [JavaFX Application Thread] DEBUG GameScene            - Entity added to scene
15:09:12.625 [JavaFX Application Thread] DEBUG GameScene            - Added MainViewComponent
15:09:12.626 [JavaFX Application Thread] DEBUG GameScene            - Entity added to scene
15:09:12.626 [JavaFX Application Thread] DEBUG GameScene            - Added MainViewComponent
15:09:12.626 [JavaFX Application Thread] DEBUG GameScene            - Entity added to scene
15:09:12.626 [JavaFX Application Thread] DEBUG GameScene            - Added MainViewComponent
15:09:12.626 [JavaFX Application Thread] DEBUG GameScene            - Entity added to scene
15:09:12.627 [JavaFX Application Thread] DEBUG GameScene            - Added MainViewComponent
15:09:12.627 [JavaFX Application Thread] DEBUG GameScene            - Entity added to scene
15:09:12.627 [JavaFX Application Thread] DEBUG GameScene            - Added MainViewComponent
15:09:12.627 [JavaFX Application Thread] DEBUG GameScene            - Entity added to scene
15:09:12.627 [JavaFX Application Thread] DEBUG GameScene            - Added MainViewComponent
15:09:12.628 [JavaFX Application Thread] DEBUG GameScene            - Entity added to scene
15:09:12.628 [JavaFX Application Thread] DEBUG GameScene            - Added MainViewComponent
15:09:12.628 [JavaFX Application Thread] DEBUG GameScene            - Entity added to scene
15:09:12.628 [JavaFX Application Thread] DEBUG GameScene            - Added MainViewComponent
15:09:12.628 [JavaFX Application Thread] DEBUG GameScene            - Entity added to scene
15:09:12.628 [JavaFX Application Thread] DEBUG GameScene            - Added MainViewComponent
15:09:12.629 [JavaFX Application Thread] DEBUG GameScene            - Entity added to scene
15:09:12.629 [JavaFX Application Thread] DEBUG GameScene            - Added MainViewComponent
15:09:12.629 [JavaFX Application Thread] DEBUG GameScene            - Entity added to scene
15:09:12.629 [JavaFX Application Thread] DEBUG GameScene            - Added MainViewComponent
15:09:12.630 [JavaFX Application Thread] DEBUG GameScene            - Entity added to scene
15:09:12.630 [JavaFX Application Thread] DEBUG GameScene            - Added MainViewComponent
15:09:12.630 [JavaFX Application Thread] DEBUG GameScene            - Entity added to scene
15:09:12.630 [JavaFX Application Thread] DEBUG GameScene            - Added MainViewComponent
15:09:12.630 [JavaFX Application Thread] DEBUG GameScene            - Entity added to scene
15:09:12.630 [JavaFX Application Thread] DEBUG GameScene            - Added MainViewComponent
15:09:12.631 [JavaFX Application Thread] DEBUG GameScene            - Entity added to scene
15:09:12.631 [JavaFX Application Thread] DEBUG GameScene            - Added MainViewComponent
15:09:12.631 [JavaFX Application Thread] DEBUG GameScene            - Entity added to scene
15:09:12.631 [JavaFX Application Thread] DEBUG GameScene            - Added MainViewComponent
15:09:12.631 [JavaFX Application Thread] DEBUG GameScene            - Entity added to scene
15:09:12.631 [JavaFX Application Thread] DEBUG GameScene            - Added MainViewComponent
15:09:12.631 [JavaFX Application Thread] DEBUG GameScene            - Entity added to scene
15:09:12.631 [JavaFX Application Thread] DEBUG GameScene            - Added MainViewComponent
15:09:12.631 [JavaFX Application Thread] DEBUG GameScene            - Entity added to scene
15:09:12.631 [JavaFX Application Thread] DEBUG GameScene            - Added MainViewComponent
15:09:12.631 [JavaFX Application Thread] DEBUG GameScene            - Entity added to scene
15:09:12.631 [JavaFX Application Thread] DEBUG GameScene            - Added MainViewComponent
15:09:12.631 [JavaFX Application Thread] DEBUG GameScene            - Entity added to scene
15:09:12.631 [JavaFX Application Thread] DEBUG GameScene            - Added MainViewComponent
15:09:12.632 [JavaFX Application Thread] DEBUG GameScene            - Entity added to scene
15:09:12.632 [JavaFX Application Thread] DEBUG GameScene            - Added MainViewComponent
15:09:12.632 [JavaFX Application Thread] DEBUG GameScene            - Entity added to scene
15:09:12.632 [JavaFX Application Thread] DEBUG GameScene            - Added MainViewComponent
15:09:12.632 [JavaFX Application Thread] DEBUG GameScene            - Entity added to scene
15:09:12.632 [JavaFX Application Thread] DEBUG GameScene            - Added MainViewComponent
15:09:12.632 [JavaFX Application Thread] DEBUG GameScene            - Entity added to scene
15:09:12.632 [JavaFX Application Thread] DEBUG GameScene            - Added MainViewComponent
15:09:12.632 [JavaFX Application Thread] DEBUG GameScene            - Entity added to scene
15:09:12.632 [JavaFX Application Thread] DEBUG GameScene            - Added MainViewComponent
15:09:12.632 [JavaFX Application Thread] DEBUG GameScene            - Entity added to scene
15:09:12.632 [JavaFX Application Thread] DEBUG GameScene            - Added MainViewComponent
15:09:12.632 [JavaFX Application Thread] DEBUG GameScene            - Entity added to scene
15:09:12.632 [JavaFX Application Thread] DEBUG GameScene            - Added MainViewComponent
15:09:12.633 [JavaFX Application Thread] DEBUG GameScene            - Entity added to scene
15:09:12.633 [JavaFX Application Thread] DEBUG GameScene            - Added MainViewComponent
15:09:12.633 [JavaFX Application Thread] DEBUG GameScene            - Entity added to scene
15:09:12.633 [JavaFX Application Thread] DEBUG GameScene            - Added MainViewComponent
15:09:12.633 [JavaFX Application Thread] DEBUG GameScene            - Entity added to scene
15:09:12.633 [JavaFX Application Thread] DEBUG GameScene            - Added MainViewComponent
15:09:12.633 [JavaFX Application Thread] DEBUG GameScene            - Entity added to scene
15:09:12.633 [JavaFX Application Thread] DEBUG GameScene            - Added MainViewComponent
15:09:12.633 [JavaFX Application Thread] DEBUG GameScene            - Entity added to scene
15:09:12.633 [JavaFX Application Thread] DEBUG GameScene            - Added MainViewComponent
15:09:12.633 [JavaFX Application Thread] DEBUG GameScene            - Entity added to scene
15:09:12.633 [JavaFX Application Thread] DEBUG GameScene            - Added MainViewComponent
15:09:12.633 [JavaFX Application Thread] DEBUG GameScene            - Entity added to scene
15:09:12.633 [JavaFX Application Thread] DEBUG GameScene            - Added MainViewComponent
15:09:12.634 [JavaFX Application Thread] DEBUG GameScene            - Entity added to scene
15:09:12.634 [JavaFX Application Thread] DEBUG GameScene            - Added MainViewComponent
15:09:12.634 [JavaFX Application Thread] DEBUG GameScene            - Entity added to scene
15:09:12.634 [JavaFX Application Thread] DEBUG GameScene            - Added MainViewComponent
15:09:12.634 [JavaFX Application Thread] DEBUG GameScene            - Entity added to scene
15:09:12.634 [JavaFX Application Thread] DEBUG GameScene            - Added MainViewComponent
15:09:12.634 [JavaFX Application Thread] DEBUG GameScene            - Entity added to scene
15:09:12.634 [JavaFX Application Thread] DEBUG GameScene            - Added MainViewComponent
15:09:12.634 [JavaFX Application Thread] DEBUG GameScene            - Entity added to scene
15:09:12.634 [JavaFX Application Thread] DEBUG GameScene            - Added MainViewComponent
15:09:12.634 [JavaFX Application Thread] DEBUG GameScene            - Entity added to scene
15:09:12.634 [JavaFX Application Thread] DEBUG GameScene            - Added MainViewComponent
15:09:12.634 [JavaFX Application Thread] DEBUG GameScene            - Entity added to scene
15:09:12.634 [JavaFX Application Thread] DEBUG GameScene            - Added MainViewComponent
15:09:12.635 [JavaFX Application Thread] DEBUG GameScene            - Entity added to scene
15:09:12.635 [JavaFX Application Thread] DEBUG GameScene            - Added MainViewComponent
15:09:12.635 [JavaFX Application Thread] DEBUG GameScene            - Entity added to scene
15:09:12.635 [JavaFX Application Thread] DEBUG GameScene            - Added MainViewComponent
15:09:12.635 [JavaFX Application Thread] DEBUG GameScene            - Entity added to scene
15:09:12.635 [JavaFX Application Thread] DEBUG GameScene            - Added MainViewComponent
15:09:12.635 [JavaFX Application Thread] DEBUG GameScene            - Entity added to scene
15:09:12.635 [JavaFX Application Thread] DEBUG GameScene            - Added MainViewComponent
15:09:12.635 [JavaFX Application Thread] DEBUG GameScene            - Entity added to scene
15:09:12.635 [JavaFX Application Thread] DEBUG GameScene            - Added MainViewComponent
15:09:12.636 [JavaFX Application Thread] DEBUG GameScene            - Entity added to scene
15:09:12.636 [JavaFX Application Thread] DEBUG GameScene            - Added MainViewComponent
15:09:12.636 [JavaFX Application Thread] DEBUG GameScene            - Entity added to scene
15:09:12.636 [JavaFX Application Thread] DEBUG GameScene            - Added MainViewComponent
15:09:12.636 [JavaFX Application Thread] DEBUG GameScene            - Entity added to scene
15:09:12.636 [JavaFX Application Thread] DEBUG GameScene            - Added MainViewComponent
15:09:12.636 [JavaFX Application Thread] DEBUG GameScene            - Creating render group for layer: TOP(2147483647)
15:09:12.636 [JavaFX Application Thread] DEBUG GameScene            - Entity added to scene
15:09:12.636 [JavaFX Application Thread] DEBUG GameScene            - Added MainViewComponent
15:09:12.636 [JavaFX Application Thread] DEBUG GameScene            - Entity added to scene
15:09:12.637 [JavaFX Application Thread] DEBUG GameScene            - Added MainViewComponent
15:09:12.637 [JavaFX Application Thread] DEBUG GameScene            - Entity added to scene
15:09:12.637 [JavaFX Application Thread] DEBUG GameScene            - Added MainViewComponent
15:09:12.637 [JavaFX Application Thread] DEBUG GameScene            - Entity added to scene
15:09:12.637 [JavaFX Application Thread] DEBUG GameScene            - Added MainViewComponent
15:09:12.638 [JavaFX Application Thread] DEBUG GameScene            - Entity added to scene
15:09:12.638 [JavaFX Application Thread] DEBUG GameScene            - Added MainViewComponent
15:09:12.638 [JavaFX Application Thread] DEBUG GameScene            - Entity added to scene
15:09:12.638 [JavaFX Application Thread] DEBUG GameScene            - Added MainViewComponent
15:09:12.638 [JavaFX Application Thread] DEBUG GameScene            - Entity added to scene
15:09:12.638 [JavaFX Application Thread] DEBUG GameScene            - Added MainViewComponent
15:09:12.640 [JavaFX Application Thread] DEBUG GameScene            - Entity added to scene
15:09:12.640 [JavaFX Application Thread] DEBUG GameScene            - Added MainViewComponent
15:09:12.640 [JavaFX Application Thread] DEBUG GameScene            - Entity added to scene
15:09:12.640 [JavaFX Application Thread] DEBUG GameScene            - Added MainViewComponent
15:09:12.641 [JavaFX Application Thread] DEBUG GameScene            - Entity added to scene
15:09:12.641 [JavaFX Application Thread] DEBUG GameScene            - Added MainViewComponent
15:09:12.641 [JavaFX Application Thread] DEBUG GameScene            - Entity added to scene
15:09:12.641 [JavaFX Application Thread] DEBUG GameScene            - Added MainViewComponent
15:09:12.641 [JavaFX Application Thread] DEBUG GameScene            - Entity added to scene
15:09:12.641 [JavaFX Application Thread] DEBUG GameScene            - Added MainViewComponent
15:09:12.642 [JavaFX Application Thread] DEBUG GameScene            - Entity added to scene
15:09:12.642 [JavaFX Application Thread] DEBUG GameScene            - Added MainViewComponent
15:09:12.642 [JavaFX Application Thread] DEBUG GameScene            - Entity added to scene
15:09:12.642 [JavaFX Application Thread] DEBUG GameScene            - Added MainViewComponent
15:09:12.642 [JavaFX Application Thread] DEBUG GameScene            - Entity added to scene
15:09:12.642 [JavaFX Application Thread] DEBUG GameScene            - Added MainViewComponent
15:09:12.643 [JavaFX Application Thread] DEBUG GameScene            - Entity added to scene
15:09:12.643 [JavaFX Application Thread] DEBUG GameScene            - Added MainViewComponent
15:09:12.644 [JavaFX Application Thread] DEBUG GameScene            - Entity added to scene
15:09:12.644 [JavaFX Application Thread] DEBUG GameScene            - Added MainViewComponent
15:09:12.644 [JavaFX Application Thread] DEBUG GameScene            - Entity added to scene
15:09:12.644 [JavaFX Application Thread] DEBUG GameScene            - Added MainViewComponent
15:09:12.644 [JavaFX Application Thread] DEBUG GameScene            - Entity added to scene
15:09:12.644 [JavaFX Application Thread] DEBUG GameScene            - Added MainViewComponent
15:09:12.645 [JavaFX Application Thread] DEBUG GameScene            - Entity added to scene
15:09:12.645 [JavaFX Application Thread] DEBUG GameScene            - Added MainViewComponent
15:09:12.645 [JavaFX Application Thread] DEBUG GameScene            - Entity added to scene
15:09:12.645 [JavaFX Application Thread] DEBUG GameScene            - Added MainViewComponent
15:09:12.645 [JavaFX Application Thread] DEBUG GameScene            - Entity added to scene
15:09:12.645 [JavaFX Application Thread] DEBUG GameScene            - Added MainViewComponent
15:09:12.646 [JavaFX Application Thread] DEBUG GameScene            - Entity added to scene
15:09:12.646 [JavaFX Application Thread] DEBUG GameScene            - Added MainViewComponent
15:09:12.646 [JavaFX Application Thread] DEBUG GameScene            - Entity added to scene
15:09:12.646 [JavaFX Application Thread] DEBUG GameScene            - Added MainViewComponent
15:09:12.646 [JavaFX Application Thread] DEBUG GameScene            - Entity added to scene
15:09:12.646 [JavaFX Application Thread] DEBUG GameScene            - Added MainViewComponent
15:09:12.647 [JavaFX Application Thread] DEBUG GameScene            - Entity added to scene
15:09:12.647 [JavaFX Application Thread] DEBUG GameScene            - Added MainViewComponent
15:09:12.647 [JavaFX Application Thread] DEBUG GameScene            - Entity added to scene
15:09:12.647 [JavaFX Application Thread] DEBUG GameScene            - Added MainViewComponent
15:09:12.647 [JavaFX Application Thread] DEBUG GameScene            - Entity added to scene
15:09:12.647 [JavaFX Application Thread] DEBUG GameScene            - Added MainViewComponent
15:09:12.648 [JavaFX Application Thread] DEBUG GameScene            - Entity added to scene
15:09:12.648 [JavaFX Application Thread] DEBUG GameScene            - Added MainViewComponent
15:09:12.648 [JavaFX Application Thread] DEBUG GameScene            - Entity added to scene
15:09:12.648 [JavaFX Application Thread] DEBUG GameScene            - Added MainViewComponent
15:09:12.648 [JavaFX Application Thread] DEBUG GameScene            - Entity added to scene
15:09:12.648 [JavaFX Application Thread] DEBUG GameScene            - Added MainViewComponent
15:09:12.648 [JavaFX Application Thread] DEBUG GameScene            - Entity added to scene
15:09:12.648 [JavaFX Application Thread] DEBUG GameScene            - Added MainViewComponent
15:09:12.649 [JavaFX Application Thread] DEBUG GameScene            - Entity added to scene
15:09:12.649 [JavaFX Application Thread] DEBUG GameScene            - Added MainViewComponent
15:09:12.649 [JavaFX Application Thread] DEBUG GameScene            - Entity added to scene
15:09:12.649 [JavaFX Application Thread] DEBUG GameScene            - Added MainViewComponent
15:09:12.649 [JavaFX Application Thread] DEBUG GameScene            - Entity added to scene
15:09:12.649 [JavaFX Application Thread] DEBUG GameScene            - Added MainViewComponent
15:09:12.650 [JavaFX Application Thread] DEBUG GameScene            - Entity added to scene
15:09:12.650 [JavaFX Application Thread] DEBUG GameScene            - Added MainViewComponent
15:09:12.650 [JavaFX Application Thread] DEBUG GameScene            - Entity added to scene
15:09:12.650 [JavaFX Application Thread] DEBUG GameScene            - Added MainViewComponent
15:09:12.650 [JavaFX Application Thread] DEBUG GameScene            - Entity added to scene
15:09:12.650 [JavaFX Application Thread] DEBUG GameScene            - Added MainViewComponent
15:09:12.650 [JavaFX Application Thread] DEBUG GameScene            - Entity added to scene
15:09:12.650 [JavaFX Application Thread] DEBUG GameScene            - Added MainViewComponent
15:09:12.651 [JavaFX Application Thread] DEBUG GameScene            - Entity added to scene
15:09:12.651 [JavaFX Application Thread] DEBUG GameScene            - Added MainViewComponent
15:09:12.651 [JavaFX Application Thread] DEBUG GameScene            - Entity added to scene
15:09:12.651 [JavaFX Application Thread] DEBUG GameScene            - Added MainViewComponent
15:09:12.651 [JavaFX Application Thread] DEBUG GameScene            - Entity added to scene
15:09:12.651 [JavaFX Application Thread] DEBUG GameScene            - Added MainViewComponent
15:09:12.651 [JavaFX Application Thread] DEBUG GameScene            - Entity added to scene
15:09:12.651 [JavaFX Application Thread] DEBUG GameScene            - Added MainViewComponent
15:09:12.652 [JavaFX Application Thread] DEBUG GameScene            - Entity added to scene
15:09:12.652 [JavaFX Application Thread] DEBUG GameScene            - Added MainViewComponent
15:09:12.652 [JavaFX Application Thread] DEBUG GameScene            - Entity added to scene
15:09:12.652 [JavaFX Application Thread] DEBUG GameScene            - Added MainViewComponent
15:09:12.652 [JavaFX Application Thread] DEBUG GameScene            - Entity added to scene
15:09:12.653 [JavaFX Application Thread] DEBUG GameScene            - Added MainViewComponent
15:09:12.653 [JavaFX Application Thread] DEBUG GameScene            - Entity added to scene
15:09:12.653 [JavaFX Application Thread] DEBUG GameScene            - Added MainViewComponent
15:09:12.653 [JavaFX Application Thread] DEBUG GameScene            - Entity added to scene
15:09:12.653 [JavaFX Application Thread] DEBUG GameScene            - Added MainViewComponent
15:09:12.654 [JavaFX Application Thread] DEBUG GameScene            - Entity added to scene
15:09:12.654 [JavaFX Application Thread] DEBUG GameScene            - Added MainViewComponent
15:09:12.654 [JavaFX Application Thread] DEBUG GameScene            - Entity added to scene
15:09:12.654 [JavaFX Application Thread] DEBUG GameScene            - Added MainViewComponent
15:09:12.655 [JavaFX Application Thread] DEBUG GameScene            - Entity added to scene
15:09:12.655 [JavaFX Application Thread] DEBUG GameScene            - Added MainViewComponent
15:09:12.655 [JavaFX Application Thread] DEBUG GameScene            - Entity added to scene
15:09:12.655 [JavaFX Application Thread] DEBUG GameScene            - Added MainViewComponent
15:09:12.655 [JavaFX Application Thread] DEBUG GameScene            - Entity added to scene
15:09:12.655 [JavaFX Application Thread] DEBUG GameScene            - Added MainViewComponent
15:09:12.656 [JavaFX Application Thread] DEBUG GameScene            - Entity added to scene
15:09:12.656 [JavaFX Application Thread] DEBUG GameScene            - Added MainViewComponent
15:09:12.656 [JavaFX Application Thread] DEBUG GameScene            - Entity added to scene
15:09:12.656 [JavaFX Application Thread] DEBUG GameScene            - Added MainViewComponent
15:09:12.656 [JavaFX Application Thread] DEBUG GameScene            - Entity added to scene
15:09:12.656 [JavaFX Application Thread] DEBUG GameScene            - Added MainViewComponent
15:09:12.656 [JavaFX Application Thread] DEBUG GameScene            - Entity added to scene
15:09:12.656 [JavaFX Application Thread] DEBUG GameScene            - Added MainViewComponent
15:09:12.657 [JavaFX Application Thread] DEBUG GameScene            - Entity added to scene
15:09:12.657 [JavaFX Application Thread] DEBUG GameScene            - Added MainViewComponent
15:09:12.657 [JavaFX Application Thread] DEBUG GameScene            - Entity added to scene
15:09:12.657 [JavaFX Application Thread] DEBUG GameScene            - Added MainViewComponent
15:09:12.657 [JavaFX Application Thread] DEBUG GameScene            - Entity added to scene
15:09:12.657 [JavaFX Application Thread] DEBUG GameScene            - Added MainViewComponent
15:09:12.657 [JavaFX Application Thread] DEBUG GameScene            - Entity added to scene
15:09:12.657 [JavaFX Application Thread] DEBUG GameScene            - Added MainViewComponent
15:09:12.658 [JavaFX Application Thread] DEBUG GameScene            - Entity added to scene
15:09:12.658 [JavaFX Application Thread] DEBUG GameScene            - Added MainViewComponent
15:09:12.658 [JavaFX Application Thread] DEBUG GameScene            - Entity added to scene
15:09:12.658 [JavaFX Application Thread] DEBUG GameScene            - Added MainViewComponent
15:09:12.658 [JavaFX Application Thread] DEBUG GameScene            - Entity added to scene
15:09:12.658 [JavaFX Application Thread] DEBUG GameScene            - Added MainViewComponent
15:09:12.659 [JavaFX Application Thread] DEBUG GameScene            - Entity added to scene
15:09:12.659 [JavaFX Application Thread] DEBUG GameScene            - Added MainViewComponent
15:09:12.659 [JavaFX Application Thread] DEBUG GameScene            - Entity added to scene
15:09:12.659 [JavaFX Application Thread] DEBUG GameScene            - Added MainViewComponent
15:09:12.659 [JavaFX Application Thread] DEBUG GameScene            - Entity added to scene
15:09:12.659 [JavaFX Application Thread] DEBUG GameScene            - Added MainViewComponent
15:09:12.659 [JavaFX Application Thread] DEBUG GameScene            - Entity added to scene
15:09:12.660 [JavaFX Application Thread] DEBUG GameScene            - Added MainViewComponent
15:09:12.660 [JavaFX Application Thread] DEBUG GameScene            - Entity added to scene
15:09:12.660 [JavaFX Application Thread] DEBUG GameScene            - Added MainViewComponent
15:09:12.660 [JavaFX Application Thread] DEBUG GameScene            - Entity added to scene
15:09:12.660 [JavaFX Application Thread] DEBUG GameScene            - Added MainViewComponent
15:09:12.660 [JavaFX Application Thread] DEBUG GameScene            - Entity added to scene
15:09:12.660 [JavaFX Application Thread] DEBUG GameScene            - Added MainViewComponent
15:09:12.661 [JavaFX Application Thread] DEBUG GameScene            - Entity added to scene
15:09:12.661 [JavaFX Application Thread] DEBUG GameScene            - Added MainViewComponent
15:09:12.661 [JavaFX Application Thread] DEBUG GameScene            - Entity added to scene
15:09:12.661 [JavaFX Application Thread] DEBUG GameScene            - Added MainViewComponent
15:09:12.661 [JavaFX Application Thread] DEBUG GameScene            - Entity added to scene
15:09:12.661 [JavaFX Application Thread] DEBUG GameScene            - Added MainViewComponent
15:09:12.662 [JavaFX Application Thread] DEBUG GameScene            - Entity added to scene
15:09:12.662 [JavaFX Application Thread] DEBUG GameScene            - Added MainViewComponent
15:09:12.662 [JavaFX Application Thread] DEBUG GameScene            - Entity added to scene
15:09:12.662 [JavaFX Application Thread] DEBUG GameScene            - Added MainViewComponent
15:09:12.662 [JavaFX Application Thread] DEBUG GameScene            - Entity added to scene
15:09:12.662 [JavaFX Application Thread] DEBUG GameScene            - Added MainViewComponent
15:09:12.662 [JavaFX Application Thread] DEBUG GameScene            - Entity added to scene
15:09:12.662 [JavaFX Application Thread] DEBUG GameScene            - Added MainViewComponent
15:09:12.663 [JavaFX Application Thread] DEBUG GameScene            - Entity added to scene
15:09:12.663 [JavaFX Application Thread] DEBUG GameScene            - Added MainViewComponent
15:09:12.663 [JavaFX Application Thread] DEBUG GameScene            - Entity added to scene
15:09:12.663 [JavaFX Application Thread] DEBUG GameScene            - Added MainViewComponent
15:09:12.663 [JavaFX Application Thread] DEBUG GameScene            - Entity added to scene
15:09:12.663 [JavaFX Application Thread] DEBUG GameScene            - Added MainViewComponent
15:09:12.664 [JavaFX Application Thread] DEBUG GameScene            - Entity added to scene
15:09:12.664 [JavaFX Application Thread] DEBUG GameScene            - Added MainViewComponent
15:09:12.664 [JavaFX Application Thread] DEBUG GameScene            - Entity added to scene
15:09:12.664 [JavaFX Application Thread] DEBUG GameScene            - Added MainViewComponent
15:09:12.664 [JavaFX Application Thread] DEBUG GameScene            - Entity added to scene
15:09:12.664 [JavaFX Application Thread] DEBUG GameScene            - Added MainViewComponent
15:09:12.664 [JavaFX Application Thread] DEBUG GameScene            - Entity added to scene
15:09:12.664 [JavaFX Application Thread] DEBUG GameScene            - Added MainViewComponent
15:09:12.665 [JavaFX Application Thread] DEBUG GameScene            - Entity added to scene
15:09:12.665 [JavaFX Application Thread] DEBUG GameScene            - Added MainViewComponent
15:09:12.665 [JavaFX Application Thread] DEBUG GameScene            - Entity added to scene
15:09:12.665 [JavaFX Application Thread] DEBUG GameScene            - Added MainViewComponent
15:09:12.665 [JavaFX Application Thread] DEBUG GameScene            - Entity added to scene
15:09:12.665 [JavaFX Application Thread] DEBUG GameScene            - Added MainViewComponent
15:09:12.665 [JavaFX Application Thread] DEBUG GameScene            - Entity added to scene
15:09:12.666 [JavaFX Application Thread] DEBUG GameScene            - Added MainViewComponent
15:09:12.666 [JavaFX Application Thread] DEBUG GameScene            - Entity added to scene
15:09:12.666 [JavaFX Application Thread] DEBUG GameScene            - Added MainViewComponent
15:09:12.666 [JavaFX Application Thread] DEBUG GameScene            - Entity added to scene
15:09:12.666 [JavaFX Application Thread] DEBUG GameScene            - Added MainViewComponent
15:09:12.667 [JavaFX Application Thread] DEBUG GameScene            - Entity added to scene
15:09:12.667 [JavaFX Application Thread] DEBUG GameScene            - Added MainViewComponent
15:09:12.667 [JavaFX Application Thread] DEBUG GameScene            - Entity added to scene
15:09:12.667 [JavaFX Application Thread] DEBUG GameScene            - Added MainViewComponent
15:09:12.667 [JavaFX Application Thread] DEBUG GameScene            - Entity added to scene
15:09:12.667 [JavaFX Application Thread] DEBUG GameScene            - Added MainViewComponent
15:09:12.667 [JavaFX Application Thread] DEBUG GameScene            - Entity added to scene
15:09:12.667 [JavaFX Application Thread] DEBUG GameScene            - Added MainViewComponent
15:09:12.668 [JavaFX Application Thread] DEBUG GameScene            - Entity added to scene
15:09:12.668 [JavaFX Application Thread] DEBUG GameScene            - Added MainViewComponent
15:09:12.668 [JavaFX Application Thread] DEBUG GameScene            - Entity added to scene
15:09:12.668 [JavaFX Application Thread] DEBUG GameScene            - Added MainViewComponent
15:09:12.668 [JavaFX Application Thread] DEBUG GameScene            - Entity added to scene
15:09:12.668 [JavaFX Application Thread] DEBUG GameScene            - Added MainViewComponent
15:09:12.668 [JavaFX Application Thread] DEBUG GameScene            - Entity added to scene
15:09:12.668 [JavaFX Application Thread] DEBUG GameScene            - Added MainViewComponent
15:09:12.669 [JavaFX Application Thread] DEBUG GameScene            - Entity added to scene
15:09:12.669 [JavaFX Application Thread] DEBUG GameScene            - Added MainViewComponent
15:09:12.669 [JavaFX Application Thread] DEBUG GameScene            - Entity added to scene
15:09:12.669 [JavaFX Application Thread] DEBUG GameScene            - Added MainViewComponent
15:09:12.669 [JavaFX Application Thread] DEBUG GameScene            - Entity added to scene
15:09:12.669 [JavaFX Application Thread] DEBUG GameScene            - Added MainViewComponent
15:09:12.669 [JavaFX Application Thread] DEBUG GameScene            - Entity added to scene
15:09:12.669 [JavaFX Application Thread] DEBUG GameScene            - Added MainViewComponent
15:09:12.669 [JavaFX Application Thread] DEBUG GameScene            - Entity added to scene
15:09:12.670 [JavaFX Application Thread] DEBUG GameScene            - Added MainViewComponent
15:09:12.670 [JavaFX Application Thread] DEBUG GameScene            - Entity added to scene
15:09:12.670 [JavaFX Application Thread] DEBUG GameScene            - Added MainViewComponent
15:09:12.670 [JavaFX Application Thread] DEBUG GameScene            - Creating render group for layer: BACKGROUND(0)
15:09:12.787 [JavaFX Application Thread] DEBUG GameScene            - Entity removed from scene
15:09:12.789 [JavaFX Application Thread] DEBUG GameScene            - Removed MainViewComponent
15:09:12.955 [JavaFX Application Thread] DEBUG FXGLAssetLoader      - Loading from disk: /assets/textures/pacman01.png
15:09:13.153 [JavaFX Application Thread] DEBUG FXGLEventBus         - Firing event: DisplayEvent[type=DIALOG_OPENED]
15:09:13.153 [JavaFX Application Thread] DEBUG FXGLInput            - Clearing active input actions
15:09:13.153 [JavaFX Application Thread] DEBUG FXGLMasterTimer      - Stopping master timer
15:09:13.153 [JavaFX Application Thread] DEBUG GameApplication      - State: PLAYING -> PAUSED
15:09:13.153 [JavaFX Application Thread] DEBUG FXGLEventBus         - Firing event: FXGLEvent[type=PAUSE]
15:09:13.153 [JavaFX Application Thread] DEBUG FXGLInput            - Clearing active input actions
15:09:13.958 [JavaFX Application Thread] DEBUG FXGLEventBus         - Firing event: DisplayEvent[type=DIALOG_CLOSED]
15:09:13.959 [JavaFX Application Thread] DEBUG FXGLInput            - Clearing active input actions
15:09:13.959 [JavaFX Application Thread] DEBUG FXGLMasterTimer      - Starting master timer
15:09:13.959 [JavaFX Application Thread] DEBUG GameApplication      - State: PAUSED -> PLAYING
15:09:13.959 [JavaFX Application Thread] DEBUG FXGLEventBus         - Firing event: FXGLEvent[type=RESUME]
15:09:13.959 [JavaFX Application Thread] DEBUG FXGLEventBus         - Firing event: DisplayEvent[type=CLOSE_REQUEST]
15:09:13.960 [JavaFX Application Thread] DEBUG FXGLEventBus         - Firing event: FXGLEvent[type=EXIT]
15:09:13.960 [JavaFX Application Thread] DEBUG FXGL                 - Saving FXGL system data
15:09:13.962 [JavaFX Application Thread] DEBUG IOTask               - Executing task: writeDataTask(system/fxgl.bundle)
15:09:13.963 [JavaFX Application Thread] DEBUG FS                   - Writing to: system\fxgl.bundle
15:09:13.966 [JavaFX Application Thread] DEBUG IOTask               - Task succeeded: writeDataTask(system/fxgl.bundle)
