11:27:23.351 [FXGL Launcher Thread     ] DEBUG FXGLLoggerFactory    - Service [LoggerFactory] initialized
11:27:23.356 [FXGL Launcher Thread     ] DEBUG FXGL                 - FXGL configuration complete
11:27:23.356 [FXGL Launcher Thread     ] DEBUG FXGL                 - Loading FXGL system data
11:27:23.361 [FXGL Launcher Thread     ] DEBUG IOTask               - Executing task: readDataTask(system/fxgl.bundle)
11:27:23.363 [FXGL Launcher Thread     ] DEBUG FS                   - Reading from: system\fxgl.bundle
11:27:23.369 [FXGL Launcher Thread     ] DEBUG IOTask               - Task succeeded: readDataTask(system/fxgl.bundle)
11:27:23.370 [FXGL Launcher Thread     ] DEBUG Bundle               - Logging bundle: FXGL
11:27:23.370 [FXGL Launcher Thread     ] DEBUG Bundle               - FXGL.offline.timer.version.check=2017-01-18T11:24:23.393
11:27:23.378 [JavaFX Application Thread] DEBUG UpdaterTask          - Checking for updates
11:27:23.449 [JavaFX Application Thread] DEBUG FXGLEventBus         - Service [EventBus] initialized
11:27:23.452 [JavaFX Application Thread] DEBUG FXGLExecutor         - Service [Executor] initialized
11:27:23.453 [JavaFX Application Thread] DEBUG IOTask               - Showing dialog
11:27:23.456 [FXGL Background Thread 1 ] DEBUG IOTask               - Executing task: openStream(https://raw.githubusercontent.com/AlmasB/FXGL/master/pom.xml)
11:27:23.456 [FXGL Background Thread 1 ] DEBUG IOTask               - Executing task: openStream(https://raw.githubusercontent.com/AlmasB/FXGL/master/pom.xml)
11:27:24.032 [JavaFX Application Thread] DEBUG IOTask               - fail(): Dismissing dialog
11:27:24.032 [JavaFX Application Thread] WARN  IOTask               - Task failed: openStream(https://raw.githubusercontent.com/AlmasB/FXGL/master/pom.xml) Error: javax.net.ssl.SSLHandshakeException: sun.security.validator.ValidatorException: PKIX path building failed: sun.security.provider.certpath.SunCertPathBuilderException: unable to find valid certification path to requested target
11:27:24.032 [JavaFX Application Thread] WARN  UpdaterTask          - Failed to find updates: javax.net.ssl.SSLHandshakeException: sun.security.validator.ValidatorException: PKIX path building failed: sun.security.provider.certpath.SunCertPathBuilderException: unable to find valid certification path to requested target
11:27:24.714 [FXGL Launcher Thread     ] DEBUG GameApplication      - Configuring GameApplication
11:27:24.718 [FXGL Launcher Thread     ] DEBUG FXGLExceptionHandler - Service [ExceptionHandler] initialized
11:27:24.718 [FXGL Launcher Thread     ] DEBUG PreInitTask          - Injecting gameWorld & physicsWorld
11:27:24.725 [FXGL Launcher Thread     ] DEBUG GameWorld            - Game world initialized
11:27:24.781 [FXGL Launcher Thread     ] DEBUG FXGLPooler           - Service [Pooler] initialized with default size = 128
11:27:24.781 [FXGL Launcher Thread     ] DEBUG PhysicsWorld         - Physics world initialized: appHeight=840.0, physics.ppm=50.0
11:27:24.783 [FXGL Launcher Thread     ] DEBUG FXGLInput            - Service [Input] initialized
11:27:24.803 [FXGL Launcher Thread     ] DEBUG FXGLInput            - Registered new binding: Screenshot - P
11:27:24.803 [FXGL Launcher Thread     ] DEBUG FXGLInput            - Registered new binding: Dev Options - CTRL+0
11:27:24.805 [FXGL Launcher Thread     ] DEBUG FXGLInput            - Registered new binding: Up - W
11:27:24.805 [FXGL Launcher Thread     ] DEBUG FXGLInput            - Registered new binding: Left - A
11:27:24.805 [FXGL Launcher Thread     ] DEBUG FXGLInput            - Registered new binding: Down - S
11:27:24.805 [FXGL Launcher Thread     ] DEBUG FXGLInput            - Registered new binding: Right - D
11:27:24.832 [FXGL Launcher Thread     ] DEBUG GameScene            - Game scene initialized: 960.0x840.0
11:27:24.836 [FXGL Launcher Thread     ] DEBUG FXGLAssetLoader      - Service [AssetLoader] initialized: cacheSize=35
11:27:24.838 [FXGL Launcher Thread     ] DEBUG FXGLAssetLoader      - Loading from disk: /assets/sounds/system/notification.wav
11:27:24.862 [FXGL Launcher Thread     ] DEBUG FXGLAssetLoader      - Loading from disk: /assets/sounds/menu/select.wav
11:27:24.865 [FXGL Launcher Thread     ] DEBUG FXGLAssetLoader      - Loading from disk: /assets/sounds/menu/back.wav
11:27:24.867 [FXGL Launcher Thread     ] DEBUG FXGLAssetLoader      - Loading from disk: /assets/sounds/menu/press.wav
11:27:24.869 [FXGL Launcher Thread     ] DEBUG FXGLAssetLoader      - Loading from disk: /assets/ui/fonts/Copperplate_Gothic_Light_Regular.ttf
11:27:24.875 [FXGL Launcher Thread     ] DEBUG FXGLAssetLoader      - Loading from disk: /assets/ui/css/fxgl.css
11:27:24.876 [FXGL Launcher Thread     ] DEBUG FXGLAssetLoader      - Loading from disk: /assets/ui/icons/fxgl_icon.png
11:27:24.903 [FXGL Launcher Thread     ] DEBUG FXGLAssetLoader      - Loading from disk: /assets/ui/css/fxgl_dark.css
11:27:24.914 [FXGL Launcher Thread     ] DEBUG FXGLDisplay          - Target size: DoubleProperty [value: 960.0] x DoubleProperty [value: 840.0] @ 1.0
11:27:24.914 [FXGL Launcher Thread     ] DEBUG FXGLDisplay          - New size:    960.0 x 840.0 @ DoubleProperty [value: 1.0]
11:27:24.914 [FXGL Launcher Thread     ] DEBUG FXGLDisplay          - Service [Display] initialized
11:27:24.915 [FXGL Launcher Thread     ] DEBUG FXGLDisplay          - Using CSS: CSS(externalForm=jar:file:/C:/Computer%20Science/Game%20Design/3rd/Pacman/lib/fxgl-0.2.9-uber.jar!/assets/ui/css/fxgl_dark.css)
11:27:24.915 [FXGL Launcher Thread     ] DEBUG InitScenesTask       - Injecting loadingScene & gameScene
11:27:24.935 [FXGL Launcher Thread     ] DEBUG FXGLMasterTimer      - Service [MasterTimer] initialized
11:27:24.938 [FXGL Launcher Thread     ] DEBUG FXGLAudioPlayer      - Service [AudioPlayer] initialized
11:27:24.951 [FXGL Launcher Thread     ] DEBUG GameApplication      - Starting new game
11:27:24.952 [FXGL Launcher Thread     ] DEBUG GameApplication      - Initializing App
11:27:24.954 [FXGL Launcher Thread     ] DEBUG FXGLInput            - Clearing active input actions
11:27:24.955 [FXGL Launcher Thread     ] DEBUG FXGLMasterTimer      - Stopping master timer
11:27:24.955 [FXGL Launcher Thread     ] DEBUG GameApplication      - State: STARTUP -> PAUSED
11:27:24.956 [FXGL Launcher Thread     ] DEBUG FXGLEventBus         - Firing event: FXGLEvent[type=PAUSE]
11:27:24.957 [FXGL Launcher Thread     ] DEBUG FXGLInput            - Clearing active input actions
11:27:24.957 [FXGL Launcher Thread     ] DEBUG FXGLMasterTimer      - Resetting ticks and clearing all actions
11:27:24.957 [FXGL Launcher Thread     ] DEBUG GameWorld            - Resetting game world
11:27:24.958 [FXGL Launcher Thread     ] TRACE EntityWorld          - Resetting entity world
11:27:24.960 [FXGL Launcher Thread     ] DEBUG PhysicsWorld         - Resetting physics world
11:27:24.960 [FXGL Launcher Thread     ] DEBUG GameScene            - Resetting game scene
11:27:24.960 [FXGL Launcher Thread     ] DEBUG FXGLEventBus         - Firing event: FXGLEvent[type=RESET]
11:27:25.029 [FXGL Launcher Thread     ] DEBUG GameApplication      - State: PAUSED -> LOADING
11:27:25.063 [FXGL Background Thread 1 ] DEBUG InitAppTask          - Initializing Assets
11:27:25.064 [FXGL Background Thread 1 ] DEBUG InitAppTask          - Initializing Game
11:27:25.069 [FXGL Background Thread 1 ] DEBUG FXGLAssetLoader      - Loading from disk: /assets/text/level.txt
11:27:25.174 [JavaFX Application Thread] DEBUG FXGLDisplay          - Showing stage
11:27:25.174 [JavaFX Application Thread] DEBUG FXGLDisplay          - Root size: 960.0x840.0
11:27:25.174 [JavaFX Application Thread] DEBUG FXGLDisplay          - Scene size: 960.0x840.0
11:27:25.175 [JavaFX Application Thread] DEBUG FXGLDisplay          - Stage size: 978.0x885.0
11:27:25.456 [FXGL Background Thread 1 ] DEBUG GameWorld            - Resetting game world
11:27:25.456 [FXGL Background Thread 1 ] TRACE EntityWorld          - Resetting entity world
11:27:25.456 [FXGL Background Thread 1 ] DEBUG PhysicsWorld         - Resetting physics world
11:27:25.456 [FXGL Background Thread 1 ] DEBUG GameScene            - Resetting game scene
11:27:25.456 [FXGL Background Thread 1 ] DEBUG GameWorld            - Setting level: com.almasb.fxgl.gameplay.Level@7e7561f5
11:27:25.462 [FXGL Background Thread 1 ] DEBUG InitAppTask          - Initializing Physics
11:27:25.462 [FXGL Background Thread 1 ] DEBUG InitAppTask          - Initializing UI
11:27:25.463 [FXGL Background Thread 1 ] DEBUG FXGLAssetLoader      - Loading from disk: /assets/ui/pacman_ui.fxml
11:27:25.528 [FXGL Background Thread 1 ] DEBUG GameScene            - Adding UI node: Pane@41fa6489
11:27:25.528 [FXGL Background Thread 1 ] DEBUG InitAppTask          - Initialization Complete
11:27:25.531 [JavaFX Application Thread] DEBUG FXGLInput            - Clearing active input actions
11:27:25.531 [JavaFX Application Thread] DEBUG FXGLMasterTimer      - Starting master timer
11:27:25.531 [JavaFX Application Thread] DEBUG GameApplication      - State: LOADING -> PLAYING
11:27:25.543 [JavaFX Application Thread] DEBUG FXGLEventBus         - Firing event: FXGLEvent[type=RESUME]
11:27:25.547 [JavaFX Application Thread] DEBUG GameScene            - Entity added to scene
11:27:25.548 [JavaFX Application Thread] DEBUG GameScene            - Added MainViewComponent
11:27:25.550 [JavaFX Application Thread] DEBUG GameScene            - Creating render group for layer: PLAYGROUND(1073741823)
11:27:25.552 [JavaFX Application Thread] DEBUG GameScene            - Entity added to scene
11:27:25.552 [JavaFX Application Thread] DEBUG GameScene            - Added MainViewComponent
11:27:25.552 [JavaFX Application Thread] DEBUG GameScene            - Entity added to scene
11:27:25.552 [JavaFX Application Thread] DEBUG GameScene            - Added MainViewComponent
11:27:25.553 [JavaFX Application Thread] DEBUG GameScene            - Entity added to scene
11:27:25.553 [JavaFX Application Thread] DEBUG GameScene            - Added MainViewComponent
11:27:25.553 [JavaFX Application Thread] DEBUG GameScene            - Entity added to scene
11:27:25.553 [JavaFX Application Thread] DEBUG GameScene            - Added MainViewComponent
11:27:25.553 [JavaFX Application Thread] DEBUG GameScene            - Entity added to scene
11:27:25.553 [JavaFX Application Thread] DEBUG GameScene            - Added MainViewComponent
11:27:25.553 [JavaFX Application Thread] DEBUG GameScene            - Entity added to scene
11:27:25.553 [JavaFX Application Thread] DEBUG GameScene            - Added MainViewComponent
11:27:25.554 [JavaFX Application Thread] DEBUG GameScene            - Entity added to scene
11:27:25.554 [JavaFX Application Thread] DEBUG GameScene            - Added MainViewComponent
11:27:25.554 [JavaFX Application Thread] DEBUG GameScene            - Entity added to scene
11:27:25.554 [JavaFX Application Thread] DEBUG GameScene            - Added MainViewComponent
11:27:25.554 [JavaFX Application Thread] DEBUG GameScene            - Entity added to scene
11:27:25.554 [JavaFX Application Thread] DEBUG GameScene            - Added MainViewComponent
11:27:25.554 [JavaFX Application Thread] DEBUG GameScene            - Entity added to scene
11:27:25.554 [JavaFX Application Thread] DEBUG GameScene            - Added MainViewComponent
11:27:25.555 [JavaFX Application Thread] DEBUG GameScene            - Entity added to scene
11:27:25.555 [JavaFX Application Thread] DEBUG GameScene            - Added MainViewComponent
11:27:25.555 [JavaFX Application Thread] DEBUG GameScene            - Entity added to scene
11:27:25.555 [JavaFX Application Thread] DEBUG GameScene            - Added MainViewComponent
11:27:25.555 [JavaFX Application Thread] DEBUG GameScene            - Entity added to scene
11:27:25.555 [JavaFX Application Thread] DEBUG GameScene            - Added MainViewComponent
11:27:25.555 [JavaFX Application Thread] DEBUG GameScene            - Entity added to scene
11:27:25.555 [JavaFX Application Thread] DEBUG GameScene            - Added MainViewComponent
11:27:25.556 [JavaFX Application Thread] DEBUG GameScene            - Entity added to scene
11:27:25.556 [JavaFX Application Thread] DEBUG GameScene            - Added MainViewComponent
11:27:25.556 [JavaFX Application Thread] DEBUG GameScene            - Entity added to scene
11:27:25.556 [JavaFX Application Thread] DEBUG GameScene            - Added MainViewComponent
11:27:25.558 [JavaFX Application Thread] DEBUG GameScene            - Entity added to scene
11:27:25.558 [JavaFX Application Thread] DEBUG GameScene            - Added MainViewComponent
11:27:25.558 [JavaFX Application Thread] DEBUG GameScene            - Entity added to scene
11:27:25.558 [JavaFX Application Thread] DEBUG GameScene            - Added MainViewComponent
11:27:25.559 [JavaFX Application Thread] DEBUG GameScene            - Entity added to scene
11:27:25.559 [JavaFX Application Thread] DEBUG GameScene            - Added MainViewComponent
11:27:25.559 [JavaFX Application Thread] DEBUG GameScene            - Entity added to scene
11:27:25.559 [JavaFX Application Thread] DEBUG GameScene            - Added MainViewComponent
11:27:25.560 [JavaFX Application Thread] DEBUG GameScene            - Entity added to scene
11:27:25.560 [JavaFX Application Thread] DEBUG GameScene            - Added MainViewComponent
11:27:25.560 [JavaFX Application Thread] DEBUG GameScene            - Entity added to scene
11:27:25.560 [JavaFX Application Thread] DEBUG GameScene            - Added MainViewComponent
11:27:25.561 [JavaFX Application Thread] DEBUG GameScene            - Entity added to scene
11:27:25.561 [JavaFX Application Thread] DEBUG GameScene            - Added MainViewComponent
11:27:25.561 [JavaFX Application Thread] DEBUG GameScene            - Entity added to scene
11:27:25.561 [JavaFX Application Thread] DEBUG GameScene            - Added MainViewComponent
11:27:25.561 [JavaFX Application Thread] DEBUG GameScene            - Entity added to scene
11:27:25.561 [JavaFX Application Thread] DEBUG GameScene            - Added MainViewComponent
11:27:25.562 [JavaFX Application Thread] DEBUG GameScene            - Entity added to scene
11:27:25.562 [JavaFX Application Thread] DEBUG GameScene            - Added MainViewComponent
11:27:25.562 [JavaFX Application Thread] DEBUG GameScene            - Entity added to scene
11:27:25.562 [JavaFX Application Thread] DEBUG GameScene            - Added MainViewComponent
11:27:25.562 [JavaFX Application Thread] DEBUG GameScene            - Entity added to scene
11:27:25.562 [JavaFX Application Thread] DEBUG GameScene            - Added MainViewComponent
11:27:25.563 [JavaFX Application Thread] DEBUG GameScene            - Entity added to scene
11:27:25.563 [JavaFX Application Thread] DEBUG GameScene            - Added MainViewComponent
11:27:25.563 [JavaFX Application Thread] DEBUG GameScene            - Entity added to scene
11:27:25.563 [JavaFX Application Thread] DEBUG GameScene            - Added MainViewComponent
11:27:25.563 [JavaFX Application Thread] DEBUG GameScene            - Entity added to scene
11:27:25.563 [JavaFX Application Thread] DEBUG GameScene            - Added MainViewComponent
11:27:25.563 [JavaFX Application Thread] DEBUG GameScene            - Entity added to scene
11:27:25.563 [JavaFX Application Thread] DEBUG GameScene            - Added MainViewComponent
11:27:25.564 [JavaFX Application Thread] DEBUG GameScene            - Entity added to scene
11:27:25.564 [JavaFX Application Thread] DEBUG GameScene            - Added MainViewComponent
11:27:25.564 [JavaFX Application Thread] DEBUG GameScene            - Entity added to scene
11:27:25.564 [JavaFX Application Thread] DEBUG GameScene            - Added MainViewComponent
11:27:25.565 [JavaFX Application Thread] DEBUG GameScene            - Entity added to scene
11:27:25.565 [JavaFX Application Thread] DEBUG GameScene            - Added MainViewComponent
11:27:25.565 [JavaFX Application Thread] DEBUG GameScene            - Entity added to scene
11:27:25.565 [JavaFX Application Thread] DEBUG GameScene            - Added MainViewComponent
11:27:25.565 [JavaFX Application Thread] DEBUG GameScene            - Entity added to scene
11:27:25.565 [JavaFX Application Thread] DEBUG GameScene            - Added MainViewComponent
11:27:25.566 [JavaFX Application Thread] DEBUG GameScene            - Entity added to scene
11:27:25.566 [JavaFX Application Thread] DEBUG GameScene            - Added MainViewComponent
11:27:25.566 [JavaFX Application Thread] DEBUG GameScene            - Entity added to scene
11:27:25.566 [JavaFX Application Thread] DEBUG GameScene            - Added MainViewComponent
11:27:25.566 [JavaFX Application Thread] DEBUG GameScene            - Entity added to scene
11:27:25.566 [JavaFX Application Thread] DEBUG GameScene            - Added MainViewComponent
11:27:25.566 [JavaFX Application Thread] DEBUG GameScene            - Entity added to scene
11:27:25.566 [JavaFX Application Thread] DEBUG GameScene            - Added MainViewComponent
11:27:25.567 [JavaFX Application Thread] DEBUG GameScene            - Entity added to scene
11:27:25.567 [JavaFX Application Thread] DEBUG GameScene            - Added MainViewComponent
11:27:25.567 [JavaFX Application Thread] DEBUG GameScene            - Entity added to scene
11:27:25.567 [JavaFX Application Thread] DEBUG GameScene            - Added MainViewComponent
11:27:25.567 [JavaFX Application Thread] DEBUG GameScene            - Entity added to scene
11:27:25.567 [JavaFX Application Thread] DEBUG GameScene            - Added MainViewComponent
11:27:25.568 [JavaFX Application Thread] DEBUG GameScene            - Entity added to scene
11:27:25.568 [JavaFX Application Thread] DEBUG GameScene            - Added MainViewComponent
11:27:25.568 [JavaFX Application Thread] DEBUG GameScene            - Entity added to scene
11:27:25.568 [JavaFX Application Thread] DEBUG GameScene            - Added MainViewComponent
11:27:25.568 [JavaFX Application Thread] DEBUG GameScene            - Entity added to scene
11:27:25.568 [JavaFX Application Thread] DEBUG GameScene            - Added MainViewComponent
11:27:25.568 [JavaFX Application Thread] DEBUG GameScene            - Entity added to scene
11:27:25.568 [JavaFX Application Thread] DEBUG GameScene            - Added MainViewComponent
11:27:25.569 [JavaFX Application Thread] DEBUG GameScene            - Entity added to scene
11:27:25.569 [JavaFX Application Thread] DEBUG GameScene            - Added MainViewComponent
11:27:25.569 [JavaFX Application Thread] DEBUG GameScene            - Entity added to scene
11:27:25.569 [JavaFX Application Thread] DEBUG GameScene            - Added MainViewComponent
11:27:25.569 [JavaFX Application Thread] DEBUG GameScene            - Entity added to scene
11:27:25.569 [JavaFX Application Thread] DEBUG GameScene            - Added MainViewComponent
11:27:25.570 [JavaFX Application Thread] DEBUG GameScene            - Entity added to scene
11:27:25.570 [JavaFX Application Thread] DEBUG GameScene            - Added MainViewComponent
11:27:25.570 [JavaFX Application Thread] DEBUG GameScene            - Entity added to scene
11:27:25.570 [JavaFX Application Thread] DEBUG GameScene            - Added MainViewComponent
11:27:25.570 [JavaFX Application Thread] DEBUG GameScene            - Entity added to scene
11:27:25.570 [JavaFX Application Thread] DEBUG GameScene            - Added MainViewComponent
11:27:25.570 [JavaFX Application Thread] DEBUG GameScene            - Entity added to scene
11:27:25.570 [JavaFX Application Thread] DEBUG GameScene            - Added MainViewComponent
11:27:25.571 [JavaFX Application Thread] DEBUG GameScene            - Entity added to scene
11:27:25.571 [JavaFX Application Thread] DEBUG GameScene            - Added MainViewComponent
11:27:25.571 [JavaFX Application Thread] DEBUG GameScene            - Entity added to scene
11:27:25.571 [JavaFX Application Thread] DEBUG GameScene            - Added MainViewComponent
11:27:25.571 [JavaFX Application Thread] DEBUG GameScene            - Entity added to scene
11:27:25.571 [JavaFX Application Thread] DEBUG GameScene            - Added MainViewComponent
11:27:25.571 [JavaFX Application Thread] DEBUG GameScene            - Entity added to scene
11:27:25.571 [JavaFX Application Thread] DEBUG GameScene            - Added MainViewComponent
11:27:25.572 [JavaFX Application Thread] DEBUG GameScene            - Entity added to scene
11:27:25.572 [JavaFX Application Thread] DEBUG GameScene            - Added MainViewComponent
11:27:25.572 [JavaFX Application Thread] DEBUG GameScene            - Entity added to scene
11:27:25.572 [JavaFX Application Thread] DEBUG GameScene            - Added MainViewComponent
11:27:25.572 [JavaFX Application Thread] DEBUG GameScene            - Entity added to scene
11:27:25.572 [JavaFX Application Thread] DEBUG GameScene            - Added MainViewComponent
11:27:25.572 [JavaFX Application Thread] DEBUG GameScene            - Entity added to scene
11:27:25.572 [JavaFX Application Thread] DEBUG GameScene            - Added MainViewComponent
11:27:25.572 [JavaFX Application Thread] DEBUG GameScene            - Entity added to scene
11:27:25.572 [JavaFX Application Thread] DEBUG GameScene            - Added MainViewComponent
11:27:25.573 [JavaFX Application Thread] DEBUG GameScene            - Entity added to scene
11:27:25.573 [JavaFX Application Thread] DEBUG GameScene            - Added MainViewComponent
11:27:25.573 [JavaFX Application Thread] DEBUG GameScene            - Entity added to scene
11:27:25.573 [JavaFX Application Thread] DEBUG GameScene            - Added MainViewComponent
11:27:25.573 [JavaFX Application Thread] DEBUG GameScene            - Entity added to scene
11:27:25.573 [JavaFX Application Thread] DEBUG GameScene            - Added MainViewComponent
11:27:25.574 [JavaFX Application Thread] DEBUG GameScene            - Entity added to scene
11:27:25.574 [JavaFX Application Thread] DEBUG GameScene            - Added MainViewComponent
11:27:25.574 [JavaFX Application Thread] DEBUG GameScene            - Entity added to scene
11:27:25.574 [JavaFX Application Thread] DEBUG GameScene            - Added MainViewComponent
11:27:25.574 [JavaFX Application Thread] DEBUG GameScene            - Entity added to scene
11:27:25.574 [JavaFX Application Thread] DEBUG GameScene            - Added MainViewComponent
11:27:25.574 [JavaFX Application Thread] DEBUG GameScene            - Entity added to scene
11:27:25.574 [JavaFX Application Thread] DEBUG GameScene            - Added MainViewComponent
11:27:25.575 [JavaFX Application Thread] DEBUG GameScene            - Entity added to scene
11:27:25.575 [JavaFX Application Thread] DEBUG GameScene            - Added MainViewComponent
11:27:25.575 [JavaFX Application Thread] DEBUG GameScene            - Entity added to scene
11:27:25.575 [JavaFX Application Thread] DEBUG GameScene            - Added MainViewComponent
11:27:25.575 [JavaFX Application Thread] DEBUG GameScene            - Entity added to scene
11:27:25.575 [JavaFX Application Thread] DEBUG GameScene            - Added MainViewComponent
11:27:25.576 [JavaFX Application Thread] DEBUG GameScene            - Entity added to scene
11:27:25.576 [JavaFX Application Thread] DEBUG GameScene            - Added MainViewComponent
11:27:25.576 [JavaFX Application Thread] DEBUG GameScene            - Entity added to scene
11:27:25.576 [JavaFX Application Thread] DEBUG GameScene            - Added MainViewComponent
11:27:25.576 [JavaFX Application Thread] DEBUG GameScene            - Entity added to scene
11:27:25.576 [JavaFX Application Thread] DEBUG GameScene            - Added MainViewComponent
11:27:25.576 [JavaFX Application Thread] DEBUG GameScene            - Entity added to scene
11:27:25.576 [JavaFX Application Thread] DEBUG GameScene            - Added MainViewComponent
11:27:25.576 [JavaFX Application Thread] DEBUG GameScene            - Entity added to scene
11:27:25.577 [JavaFX Application Thread] DEBUG GameScene            - Added MainViewComponent
11:27:25.577 [JavaFX Application Thread] DEBUG GameScene            - Entity added to scene
11:27:25.577 [JavaFX Application Thread] DEBUG GameScene            - Added MainViewComponent
11:27:25.577 [JavaFX Application Thread] DEBUG GameScene            - Entity added to scene
11:27:25.577 [JavaFX Application Thread] DEBUG GameScene            - Added MainViewComponent
11:27:25.577 [JavaFX Application Thread] DEBUG GameScene            - Entity added to scene
11:27:25.577 [JavaFX Application Thread] DEBUG GameScene            - Added MainViewComponent
11:27:25.578 [JavaFX Application Thread] DEBUG GameScene            - Entity added to scene
11:27:25.578 [JavaFX Application Thread] DEBUG GameScene            - Added MainViewComponent
11:27:25.578 [JavaFX Application Thread] DEBUG GameScene            - Entity added to scene
11:27:25.578 [JavaFX Application Thread] DEBUG GameScene            - Added MainViewComponent
11:27:25.578 [JavaFX Application Thread] DEBUG GameScene            - Entity added to scene
11:27:25.578 [JavaFX Application Thread] DEBUG GameScene            - Added MainViewComponent
11:27:25.578 [JavaFX Application Thread] DEBUG GameScene            - Entity added to scene
11:27:25.578 [JavaFX Application Thread] DEBUG GameScene            - Added MainViewComponent
11:27:25.579 [JavaFX Application Thread] DEBUG GameScene            - Entity added to scene
11:27:25.579 [JavaFX Application Thread] DEBUG GameScene            - Added MainViewComponent
11:27:25.579 [JavaFX Application Thread] DEBUG GameScene            - Entity added to scene
11:27:25.579 [JavaFX Application Thread] DEBUG GameScene            - Added MainViewComponent
11:27:25.579 [JavaFX Application Thread] DEBUG GameScene            - Entity added to scene
11:27:25.579 [JavaFX Application Thread] DEBUG GameScene            - Added MainViewComponent
11:27:25.580 [JavaFX Application Thread] DEBUG GameScene            - Entity added to scene
11:27:25.580 [JavaFX Application Thread] DEBUG GameScene            - Added MainViewComponent
11:27:25.580 [JavaFX Application Thread] DEBUG GameScene            - Entity added to scene
11:27:25.580 [JavaFX Application Thread] DEBUG GameScene            - Added MainViewComponent
11:27:25.581 [JavaFX Application Thread] DEBUG GameScene            - Entity added to scene
11:27:25.581 [JavaFX Application Thread] DEBUG GameScene            - Added MainViewComponent
11:27:25.581 [JavaFX Application Thread] DEBUG GameScene            - Entity added to scene
11:27:25.581 [JavaFX Application Thread] DEBUG GameScene            - Added MainViewComponent
11:27:25.581 [JavaFX Application Thread] DEBUG GameScene            - Entity added to scene
11:27:25.581 [JavaFX Application Thread] DEBUG GameScene            - Added MainViewComponent
11:27:25.582 [JavaFX Application Thread] DEBUG GameScene            - Entity added to scene
11:27:25.582 [JavaFX Application Thread] DEBUG GameScene            - Added MainViewComponent
11:27:25.582 [JavaFX Application Thread] DEBUG GameScene            - Entity added to scene
11:27:25.582 [JavaFX Application Thread] DEBUG GameScene            - Added MainViewComponent
11:27:25.582 [JavaFX Application Thread] DEBUG GameScene            - Entity added to scene
11:27:25.582 [JavaFX Application Thread] DEBUG GameScene            - Added MainViewComponent
11:27:25.583 [JavaFX Application Thread] DEBUG GameScene            - Entity added to scene
11:27:25.583 [JavaFX Application Thread] DEBUG GameScene            - Added MainViewComponent
11:27:25.583 [JavaFX Application Thread] DEBUG GameScene            - Entity added to scene
11:27:25.583 [JavaFX Application Thread] DEBUG GameScene            - Added MainViewComponent
11:27:25.583 [JavaFX Application Thread] DEBUG GameScene            - Entity added to scene
11:27:25.583 [JavaFX Application Thread] DEBUG GameScene            - Added MainViewComponent
11:27:25.583 [JavaFX Application Thread] DEBUG GameScene            - Entity added to scene
11:27:25.583 [JavaFX Application Thread] DEBUG GameScene            - Added MainViewComponent
11:27:25.583 [JavaFX Application Thread] DEBUG GameScene            - Entity added to scene
11:27:25.584 [JavaFX Application Thread] DEBUG GameScene            - Added MainViewComponent
11:27:25.584 [JavaFX Application Thread] DEBUG GameScene            - Entity added to scene
11:27:25.584 [JavaFX Application Thread] DEBUG GameScene            - Added MainViewComponent
11:27:25.584 [JavaFX Application Thread] DEBUG GameScene            - Entity added to scene
11:27:25.584 [JavaFX Application Thread] DEBUG GameScene            - Added MainViewComponent
11:27:25.585 [JavaFX Application Thread] DEBUG GameScene            - Entity added to scene
11:27:25.585 [JavaFX Application Thread] DEBUG GameScene            - Added MainViewComponent
11:27:25.585 [JavaFX Application Thread] DEBUG GameScene            - Entity added to scene
11:27:25.585 [JavaFX Application Thread] DEBUG GameScene            - Added MainViewComponent
11:27:25.585 [JavaFX Application Thread] DEBUG GameScene            - Entity added to scene
11:27:25.586 [JavaFX Application Thread] DEBUG GameScene            - Added MainViewComponent
11:27:25.586 [JavaFX Application Thread] DEBUG GameScene            - Entity added to scene
11:27:25.586 [JavaFX Application Thread] DEBUG GameScene            - Added MainViewComponent
11:27:25.586 [JavaFX Application Thread] DEBUG GameScene            - Entity added to scene
11:27:25.586 [JavaFX Application Thread] DEBUG GameScene            - Added MainViewComponent
11:27:25.586 [JavaFX Application Thread] DEBUG GameScene            - Entity added to scene
11:27:25.586 [JavaFX Application Thread] DEBUG GameScene            - Added MainViewComponent
11:27:25.587 [JavaFX Application Thread] DEBUG GameScene            - Entity added to scene
11:27:25.587 [JavaFX Application Thread] DEBUG GameScene            - Added MainViewComponent
11:27:25.587 [JavaFX Application Thread] DEBUG GameScene            - Entity added to scene
11:27:25.587 [JavaFX Application Thread] DEBUG GameScene            - Added MainViewComponent
11:27:25.587 [JavaFX Application Thread] DEBUG GameScene            - Entity added to scene
11:27:25.587 [JavaFX Application Thread] DEBUG GameScene            - Added MainViewComponent
11:27:25.588 [JavaFX Application Thread] DEBUG GameScene            - Entity added to scene
11:27:25.588 [JavaFX Application Thread] DEBUG GameScene            - Added MainViewComponent
11:27:25.588 [JavaFX Application Thread] DEBUG GameScene            - Entity added to scene
11:27:25.588 [JavaFX Application Thread] DEBUG GameScene            - Added MainViewComponent
11:27:25.588 [JavaFX Application Thread] DEBUG GameScene            - Entity added to scene
11:27:25.588 [JavaFX Application Thread] DEBUG GameScene            - Added MainViewComponent
11:27:25.589 [JavaFX Application Thread] DEBUG GameScene            - Entity added to scene
11:27:25.589 [JavaFX Application Thread] DEBUG GameScene            - Added MainViewComponent
11:27:25.589 [JavaFX Application Thread] DEBUG GameScene            - Entity added to scene
11:27:25.589 [JavaFX Application Thread] DEBUG GameScene            - Added MainViewComponent
11:27:25.589 [JavaFX Application Thread] DEBUG GameScene            - Entity added to scene
11:27:25.589 [JavaFX Application Thread] DEBUG GameScene            - Added MainViewComponent
11:27:25.589 [JavaFX Application Thread] DEBUG GameScene            - Entity added to scene
11:27:25.589 [JavaFX Application Thread] DEBUG GameScene            - Added MainViewComponent
11:27:25.590 [JavaFX Application Thread] DEBUG GameScene            - Entity added to scene
11:27:25.590 [JavaFX Application Thread] DEBUG GameScene            - Added MainViewComponent
11:27:25.590 [JavaFX Application Thread] DEBUG GameScene            - Entity added to scene
11:27:25.590 [JavaFX Application Thread] DEBUG GameScene            - Added MainViewComponent
11:27:25.590 [JavaFX Application Thread] DEBUG GameScene            - Entity added to scene
11:27:25.590 [JavaFX Application Thread] DEBUG GameScene            - Added MainViewComponent
11:27:25.590 [JavaFX Application Thread] DEBUG GameScene            - Entity added to scene
11:27:25.590 [JavaFX Application Thread] DEBUG GameScene            - Added MainViewComponent
11:27:25.590 [JavaFX Application Thread] DEBUG GameScene            - Entity added to scene
11:27:25.590 [JavaFX Application Thread] DEBUG GameScene            - Added MainViewComponent
11:27:25.591 [JavaFX Application Thread] DEBUG GameScene            - Entity added to scene
11:27:25.591 [JavaFX Application Thread] DEBUG GameScene            - Added MainViewComponent
11:27:25.591 [JavaFX Application Thread] DEBUG GameScene            - Entity added to scene
11:27:25.591 [JavaFX Application Thread] DEBUG GameScene            - Added MainViewComponent
11:27:25.592 [JavaFX Application Thread] DEBUG GameScene            - Entity added to scene
11:27:25.592 [JavaFX Application Thread] DEBUG GameScene            - Added MainViewComponent
11:27:25.592 [JavaFX Application Thread] DEBUG GameScene            - Entity added to scene
11:27:25.592 [JavaFX Application Thread] DEBUG GameScene            - Added MainViewComponent
11:27:25.592 [JavaFX Application Thread] DEBUG GameScene            - Entity added to scene
11:27:25.592 [JavaFX Application Thread] DEBUG GameScene            - Added MainViewComponent
11:27:25.592 [JavaFX Application Thread] DEBUG GameScene            - Entity added to scene
11:27:25.592 [JavaFX Application Thread] DEBUG GameScene            - Added MainViewComponent
11:27:25.592 [JavaFX Application Thread] DEBUG GameScene            - Entity added to scene
11:27:25.592 [JavaFX Application Thread] DEBUG GameScene            - Added MainViewComponent
11:27:25.593 [JavaFX Application Thread] DEBUG GameScene            - Entity added to scene
11:27:25.593 [JavaFX Application Thread] DEBUG GameScene            - Added MainViewComponent
11:27:25.593 [JavaFX Application Thread] DEBUG GameScene            - Entity added to scene
11:27:25.593 [JavaFX Application Thread] DEBUG GameScene            - Added MainViewComponent
11:27:25.593 [JavaFX Application Thread] DEBUG GameScene            - Entity added to scene
11:27:25.593 [JavaFX Application Thread] DEBUG GameScene            - Added MainViewComponent
11:27:25.593 [JavaFX Application Thread] DEBUG GameScene            - Entity added to scene
11:27:25.593 [JavaFX Application Thread] DEBUG GameScene            - Added MainViewComponent
11:27:25.593 [JavaFX Application Thread] DEBUG GameScene            - Entity added to scene
11:27:25.593 [JavaFX Application Thread] DEBUG GameScene            - Added MainViewComponent
11:27:25.593 [JavaFX Application Thread] DEBUG GameScene            - Entity added to scene
11:27:25.593 [JavaFX Application Thread] DEBUG GameScene            - Added MainViewComponent
11:27:25.594 [JavaFX Application Thread] DEBUG GameScene            - Entity added to scene
11:27:25.594 [JavaFX Application Thread] DEBUG GameScene            - Added MainViewComponent
11:27:25.594 [JavaFX Application Thread] DEBUG GameScene            - Entity added to scene
11:27:25.594 [JavaFX Application Thread] DEBUG GameScene            - Added MainViewComponent
11:27:25.594 [JavaFX Application Thread] DEBUG GameScene            - Entity added to scene
11:27:25.594 [JavaFX Application Thread] DEBUG GameScene            - Added MainViewComponent
11:27:25.594 [JavaFX Application Thread] DEBUG GameScene            - Entity added to scene
11:27:25.594 [JavaFX Application Thread] DEBUG GameScene            - Added MainViewComponent
11:27:25.594 [JavaFX Application Thread] DEBUG GameScene            - Entity added to scene
11:27:25.594 [JavaFX Application Thread] DEBUG GameScene            - Added MainViewComponent
11:27:25.595 [JavaFX Application Thread] DEBUG GameScene            - Entity added to scene
11:27:25.595 [JavaFX Application Thread] DEBUG GameScene            - Added MainViewComponent
11:27:25.595 [JavaFX Application Thread] DEBUG GameScene            - Entity added to scene
11:27:25.595 [JavaFX Application Thread] DEBUG GameScene            - Added MainViewComponent
11:27:25.595 [JavaFX Application Thread] DEBUG GameScene            - Entity added to scene
11:27:25.595 [JavaFX Application Thread] DEBUG GameScene            - Added MainViewComponent
11:27:25.595 [JavaFX Application Thread] DEBUG GameScene            - Entity added to scene
11:27:25.595 [JavaFX Application Thread] DEBUG GameScene            - Added MainViewComponent
11:27:25.595 [JavaFX Application Thread] DEBUG GameScene            - Entity added to scene
11:27:25.595 [JavaFX Application Thread] DEBUG GameScene            - Added MainViewComponent
11:27:25.595 [JavaFX Application Thread] DEBUG GameScene            - Entity added to scene
11:27:25.595 [JavaFX Application Thread] DEBUG GameScene            - Added MainViewComponent
11:27:25.596 [JavaFX Application Thread] DEBUG GameScene            - Entity added to scene
11:27:25.596 [JavaFX Application Thread] DEBUG GameScene            - Added MainViewComponent
11:27:25.596 [JavaFX Application Thread] DEBUG GameScene            - Entity added to scene
11:27:25.596 [JavaFX Application Thread] DEBUG GameScene            - Added MainViewComponent
11:27:25.596 [JavaFX Application Thread] DEBUG GameScene            - Entity added to scene
11:27:25.596 [JavaFX Application Thread] DEBUG GameScene            - Added MainViewComponent
11:27:25.596 [JavaFX Application Thread] DEBUG GameScene            - Entity added to scene
11:27:25.596 [JavaFX Application Thread] DEBUG GameScene            - Added MainViewComponent
11:27:25.596 [JavaFX Application Thread] DEBUG GameScene            - Entity added to scene
11:27:25.597 [JavaFX Application Thread] DEBUG GameScene            - Added MainViewComponent
11:27:25.597 [JavaFX Application Thread] DEBUG GameScene            - Entity added to scene
11:27:25.597 [JavaFX Application Thread] DEBUG GameScene            - Added MainViewComponent
11:27:25.597 [JavaFX Application Thread] DEBUG GameScene            - Entity added to scene
11:27:25.597 [JavaFX Application Thread] DEBUG GameScene            - Added MainViewComponent
11:27:25.598 [JavaFX Application Thread] DEBUG GameScene            - Entity added to scene
11:27:25.598 [JavaFX Application Thread] DEBUG GameScene            - Added MainViewComponent
11:27:25.598 [JavaFX Application Thread] DEBUG GameScene            - Entity added to scene
11:27:25.598 [JavaFX Application Thread] DEBUG GameScene            - Added MainViewComponent
11:27:25.598 [JavaFX Application Thread] DEBUG GameScene            - Entity added to scene
11:27:25.598 [JavaFX Application Thread] DEBUG GameScene            - Added MainViewComponent
11:27:25.598 [JavaFX Application Thread] DEBUG GameScene            - Entity added to scene
11:27:25.598 [JavaFX Application Thread] DEBUG GameScene            - Added MainViewComponent
11:27:25.598 [JavaFX Application Thread] DEBUG GameScene            - Entity added to scene
11:27:25.598 [JavaFX Application Thread] DEBUG GameScene            - Added MainViewComponent
11:27:25.599 [JavaFX Application Thread] DEBUG GameScene            - Entity added to scene
11:27:25.599 [JavaFX Application Thread] DEBUG GameScene            - Added MainViewComponent
11:27:25.599 [JavaFX Application Thread] DEBUG GameScene            - Entity added to scene
11:27:25.599 [JavaFX Application Thread] DEBUG GameScene            - Added MainViewComponent
11:27:25.599 [JavaFX Application Thread] DEBUG GameScene            - Entity added to scene
11:27:25.599 [JavaFX Application Thread] DEBUG GameScene            - Added MainViewComponent
11:27:25.599 [JavaFX Application Thread] DEBUG GameScene            - Entity added to scene
11:27:25.599 [JavaFX Application Thread] DEBUG GameScene            - Added MainViewComponent
11:27:25.599 [JavaFX Application Thread] DEBUG GameScene            - Entity added to scene
11:27:25.599 [JavaFX Application Thread] DEBUG GameScene            - Added MainViewComponent
11:27:25.599 [JavaFX Application Thread] DEBUG GameScene            - Entity added to scene
11:27:25.599 [JavaFX Application Thread] DEBUG GameScene            - Added MainViewComponent
11:27:25.600 [JavaFX Application Thread] DEBUG GameScene            - Entity added to scene
11:27:25.600 [JavaFX Application Thread] DEBUG GameScene            - Added MainViewComponent
11:27:25.600 [JavaFX Application Thread] DEBUG GameScene            - Entity added to scene
11:27:25.600 [JavaFX Application Thread] DEBUG GameScene            - Added MainViewComponent
11:27:25.600 [JavaFX Application Thread] DEBUG GameScene            - Entity added to scene
11:27:25.600 [JavaFX Application Thread] DEBUG GameScene            - Added MainViewComponent
11:27:25.600 [JavaFX Application Thread] DEBUG GameScene            - Entity added to scene
11:27:25.600 [JavaFX Application Thread] DEBUG GameScene            - Added MainViewComponent
11:27:25.600 [JavaFX Application Thread] DEBUG GameScene            - Entity added to scene
11:27:25.600 [JavaFX Application Thread] DEBUG GameScene            - Added MainViewComponent
11:27:25.601 [JavaFX Application Thread] DEBUG GameScene            - Entity added to scene
11:27:25.601 [JavaFX Application Thread] DEBUG GameScene            - Added MainViewComponent
11:27:25.601 [JavaFX Application Thread] DEBUG GameScene            - Entity added to scene
11:27:25.601 [JavaFX Application Thread] DEBUG GameScene            - Added MainViewComponent
11:27:25.601 [JavaFX Application Thread] DEBUG GameScene            - Creating render group for layer: TOP(2147483647)
11:27:25.601 [JavaFX Application Thread] DEBUG GameScene            - Entity added to scene
11:27:25.601 [JavaFX Application Thread] DEBUG GameScene            - Added MainViewComponent
11:27:25.601 [JavaFX Application Thread] DEBUG GameScene            - Entity added to scene
11:27:25.601 [JavaFX Application Thread] DEBUG GameScene            - Added MainViewComponent
11:27:25.601 [JavaFX Application Thread] DEBUG GameScene            - Entity added to scene
11:27:25.601 [JavaFX Application Thread] DEBUG GameScene            - Added MainViewComponent
11:27:25.602 [JavaFX Application Thread] DEBUG GameScene            - Entity added to scene
11:27:25.602 [JavaFX Application Thread] DEBUG GameScene            - Added MainViewComponent
11:27:25.602 [JavaFX Application Thread] DEBUG GameScene            - Entity added to scene
11:27:25.602 [JavaFX Application Thread] DEBUG GameScene            - Added MainViewComponent
11:27:25.602 [JavaFX Application Thread] DEBUG GameScene            - Entity added to scene
11:27:25.602 [JavaFX Application Thread] DEBUG GameScene            - Added MainViewComponent
11:27:25.602 [JavaFX Application Thread] DEBUG GameScene            - Entity added to scene
11:27:25.602 [JavaFX Application Thread] DEBUG GameScene            - Added MainViewComponent
11:27:25.603 [JavaFX Application Thread] DEBUG GameScene            - Entity added to scene
11:27:25.603 [JavaFX Application Thread] DEBUG GameScene            - Added MainViewComponent
11:27:25.603 [JavaFX Application Thread] DEBUG GameScene            - Entity added to scene
11:27:25.603 [JavaFX Application Thread] DEBUG GameScene            - Added MainViewComponent
11:27:25.604 [JavaFX Application Thread] DEBUG GameScene            - Entity added to scene
11:27:25.604 [JavaFX Application Thread] DEBUG GameScene            - Added MainViewComponent
11:27:25.604 [JavaFX Application Thread] DEBUG GameScene            - Entity added to scene
11:27:25.604 [JavaFX Application Thread] DEBUG GameScene            - Added MainViewComponent
11:27:25.604 [JavaFX Application Thread] DEBUG GameScene            - Entity added to scene
11:27:25.604 [JavaFX Application Thread] DEBUG GameScene            - Added MainViewComponent
11:27:25.604 [JavaFX Application Thread] DEBUG GameScene            - Entity added to scene
11:27:25.604 [JavaFX Application Thread] DEBUG GameScene            - Added MainViewComponent
11:27:25.604 [JavaFX Application Thread] DEBUG GameScene            - Entity added to scene
11:27:25.604 [JavaFX Application Thread] DEBUG GameScene            - Added MainViewComponent
11:27:25.604 [JavaFX Application Thread] DEBUG GameScene            - Entity added to scene
11:27:25.605 [JavaFX Application Thread] DEBUG GameScene            - Added MainViewComponent
11:27:25.605 [JavaFX Application Thread] DEBUG GameScene            - Entity added to scene
11:27:25.605 [JavaFX Application Thread] DEBUG GameScene            - Added MainViewComponent
11:27:25.605 [JavaFX Application Thread] DEBUG GameScene            - Entity added to scene
11:27:25.605 [JavaFX Application Thread] DEBUG GameScene            - Added MainViewComponent
11:27:25.605 [JavaFX Application Thread] DEBUG GameScene            - Entity added to scene
11:27:25.605 [JavaFX Application Thread] DEBUG GameScene            - Added MainViewComponent
11:27:25.605 [JavaFX Application Thread] DEBUG GameScene            - Entity added to scene
11:27:25.605 [JavaFX Application Thread] DEBUG GameScene            - Added MainViewComponent
11:27:25.605 [JavaFX Application Thread] DEBUG GameScene            - Entity added to scene
11:27:25.605 [JavaFX Application Thread] DEBUG GameScene            - Added MainViewComponent
11:27:25.605 [JavaFX Application Thread] DEBUG GameScene            - Entity added to scene
11:27:25.605 [JavaFX Application Thread] DEBUG GameScene            - Added MainViewComponent
11:27:25.606 [JavaFX Application Thread] DEBUG GameScene            - Entity added to scene
11:27:25.606 [JavaFX Application Thread] DEBUG GameScene            - Added MainViewComponent
11:27:25.606 [JavaFX Application Thread] DEBUG GameScene            - Entity added to scene
11:27:25.606 [JavaFX Application Thread] DEBUG GameScene            - Added MainViewComponent
11:27:25.606 [JavaFX Application Thread] DEBUG GameScene            - Entity added to scene
11:27:25.606 [JavaFX Application Thread] DEBUG GameScene            - Added MainViewComponent
11:27:25.606 [JavaFX Application Thread] DEBUG GameScene            - Entity added to scene
11:27:25.606 [JavaFX Application Thread] DEBUG GameScene            - Added MainViewComponent
11:27:25.606 [JavaFX Application Thread] DEBUG GameScene            - Entity added to scene
11:27:25.606 [JavaFX Application Thread] DEBUG GameScene            - Added MainViewComponent
11:27:25.607 [JavaFX Application Thread] DEBUG GameScene            - Entity added to scene
11:27:25.607 [JavaFX Application Thread] DEBUG GameScene            - Added MainViewComponent
11:27:25.607 [JavaFX Application Thread] DEBUG GameScene            - Entity added to scene
11:27:25.607 [JavaFX Application Thread] DEBUG GameScene            - Added MainViewComponent
11:27:25.607 [JavaFX Application Thread] DEBUG GameScene            - Entity added to scene
11:27:25.607 [JavaFX Application Thread] DEBUG GameScene            - Added MainViewComponent
11:27:25.607 [JavaFX Application Thread] DEBUG GameScene            - Entity added to scene
11:27:25.607 [JavaFX Application Thread] DEBUG GameScene            - Added MainViewComponent
11:27:25.608 [JavaFX Application Thread] DEBUG GameScene            - Entity added to scene
11:27:25.608 [JavaFX Application Thread] DEBUG GameScene            - Added MainViewComponent
11:27:25.608 [JavaFX Application Thread] DEBUG GameScene            - Entity added to scene
11:27:25.608 [JavaFX Application Thread] DEBUG GameScene            - Added MainViewComponent
11:27:25.608 [JavaFX Application Thread] DEBUG GameScene            - Entity added to scene
11:27:25.608 [JavaFX Application Thread] DEBUG GameScene            - Added MainViewComponent
11:27:25.609 [JavaFX Application Thread] DEBUG GameScene            - Entity added to scene
11:27:25.609 [JavaFX Application Thread] DEBUG GameScene            - Added MainViewComponent
11:27:25.609 [JavaFX Application Thread] DEBUG GameScene            - Entity added to scene
11:27:25.609 [JavaFX Application Thread] DEBUG GameScene            - Added MainViewComponent
11:27:25.609 [JavaFX Application Thread] DEBUG GameScene            - Entity added to scene
11:27:25.609 [JavaFX Application Thread] DEBUG GameScene            - Added MainViewComponent
11:27:25.610 [JavaFX Application Thread] DEBUG GameScene            - Entity added to scene
11:27:25.610 [JavaFX Application Thread] DEBUG GameScene            - Added MainViewComponent
11:27:25.610 [JavaFX Application Thread] DEBUG GameScene            - Entity added to scene
11:27:25.610 [JavaFX Application Thread] DEBUG GameScene            - Added MainViewComponent
11:27:25.611 [JavaFX Application Thread] DEBUG GameScene            - Entity added to scene
11:27:25.611 [JavaFX Application Thread] DEBUG GameScene            - Added MainViewComponent
11:27:25.611 [JavaFX Application Thread] DEBUG GameScene            - Entity added to scene
11:27:25.612 [JavaFX Application Thread] DEBUG GameScene            - Added MainViewComponent
11:27:25.612 [JavaFX Application Thread] DEBUG GameScene            - Entity added to scene
11:27:25.612 [JavaFX Application Thread] DEBUG GameScene            - Added MainViewComponent
11:27:25.612 [JavaFX Application Thread] DEBUG GameScene            - Entity added to scene
11:27:25.612 [JavaFX Application Thread] DEBUG GameScene            - Added MainViewComponent
11:27:25.613 [JavaFX Application Thread] DEBUG GameScene            - Entity added to scene
11:27:25.613 [JavaFX Application Thread] DEBUG GameScene            - Added MainViewComponent
11:27:25.613 [JavaFX Application Thread] DEBUG GameScene            - Entity added to scene
11:27:25.613 [JavaFX Application Thread] DEBUG GameScene            - Added MainViewComponent
11:27:25.613 [JavaFX Application Thread] DEBUG GameScene            - Entity added to scene
11:27:25.613 [JavaFX Application Thread] DEBUG GameScene            - Added MainViewComponent
11:27:25.614 [JavaFX Application Thread] DEBUG GameScene            - Entity added to scene
11:27:25.614 [JavaFX Application Thread] DEBUG GameScene            - Added MainViewComponent
11:27:25.614 [JavaFX Application Thread] DEBUG GameScene            - Entity added to scene
11:27:25.614 [JavaFX Application Thread] DEBUG GameScene            - Added MainViewComponent
11:27:25.614 [JavaFX Application Thread] DEBUG GameScene            - Entity added to scene
11:27:25.614 [JavaFX Application Thread] DEBUG GameScene            - Added MainViewComponent
11:27:25.614 [JavaFX Application Thread] DEBUG GameScene            - Entity added to scene
11:27:25.614 [JavaFX Application Thread] DEBUG GameScene            - Added MainViewComponent
11:27:25.615 [JavaFX Application Thread] DEBUG GameScene            - Entity added to scene
11:27:25.615 [JavaFX Application Thread] DEBUG GameScene            - Added MainViewComponent
11:27:25.615 [JavaFX Application Thread] DEBUG GameScene            - Entity added to scene
11:27:25.615 [JavaFX Application Thread] DEBUG GameScene            - Added MainViewComponent
11:27:25.615 [JavaFX Application Thread] DEBUG GameScene            - Entity added to scene
11:27:25.615 [JavaFX Application Thread] DEBUG GameScene            - Added MainViewComponent
11:27:25.616 [JavaFX Application Thread] DEBUG GameScene            - Entity added to scene
11:27:25.616 [JavaFX Application Thread] DEBUG GameScene            - Added MainViewComponent
11:27:25.616 [JavaFX Application Thread] DEBUG GameScene            - Entity added to scene
11:27:25.616 [JavaFX Application Thread] DEBUG GameScene            - Added MainViewComponent
11:27:25.616 [JavaFX Application Thread] DEBUG GameScene            - Entity added to scene
11:27:25.616 [JavaFX Application Thread] DEBUG GameScene            - Added MainViewComponent
11:27:25.616 [JavaFX Application Thread] DEBUG GameScene            - Entity added to scene
11:27:25.616 [JavaFX Application Thread] DEBUG GameScene            - Added MainViewComponent
11:27:25.617 [JavaFX Application Thread] DEBUG GameScene            - Entity added to scene
11:27:25.617 [JavaFX Application Thread] DEBUG GameScene            - Added MainViewComponent
11:27:25.617 [JavaFX Application Thread] DEBUG GameScene            - Entity added to scene
11:27:25.617 [JavaFX Application Thread] DEBUG GameScene            - Added MainViewComponent
11:27:25.617 [JavaFX Application Thread] DEBUG GameScene            - Entity added to scene
11:27:25.617 [JavaFX Application Thread] DEBUG GameScene            - Added MainViewComponent
11:27:25.618 [JavaFX Application Thread] DEBUG GameScene            - Entity added to scene
11:27:25.618 [JavaFX Application Thread] DEBUG GameScene            - Added MainViewComponent
11:27:25.618 [JavaFX Application Thread] DEBUG GameScene            - Entity added to scene
11:27:25.618 [JavaFX Application Thread] DEBUG GameScene            - Added MainViewComponent
11:27:25.619 [JavaFX Application Thread] DEBUG GameScene            - Entity added to scene
11:27:25.619 [JavaFX Application Thread] DEBUG GameScene            - Added MainViewComponent
11:27:25.619 [JavaFX Application Thread] DEBUG GameScene            - Entity added to scene
11:27:25.619 [JavaFX Application Thread] DEBUG GameScene            - Added MainViewComponent
11:27:25.619 [JavaFX Application Thread] DEBUG GameScene            - Entity added to scene
11:27:25.619 [JavaFX Application Thread] DEBUG GameScene            - Added MainViewComponent
11:27:25.619 [JavaFX Application Thread] DEBUG GameScene            - Entity added to scene
11:27:25.619 [JavaFX Application Thread] DEBUG GameScene            - Added MainViewComponent
11:27:25.620 [JavaFX Application Thread] DEBUG GameScene            - Entity added to scene
11:27:25.620 [JavaFX Application Thread] DEBUG GameScene            - Added MainViewComponent
11:27:25.620 [JavaFX Application Thread] DEBUG GameScene            - Entity added to scene
11:27:25.620 [JavaFX Application Thread] DEBUG GameScene            - Added MainViewComponent
11:27:25.620 [JavaFX Application Thread] DEBUG GameScene            - Entity added to scene
11:27:25.620 [JavaFX Application Thread] DEBUG GameScene            - Added MainViewComponent
11:27:25.621 [JavaFX Application Thread] DEBUG GameScene            - Entity added to scene
11:27:25.621 [JavaFX Application Thread] DEBUG GameScene            - Added MainViewComponent
11:27:25.621 [JavaFX Application Thread] DEBUG GameScene            - Entity added to scene
11:27:25.621 [JavaFX Application Thread] DEBUG GameScene            - Added MainViewComponent
11:27:25.621 [JavaFX Application Thread] DEBUG GameScene            - Entity added to scene
11:27:25.621 [JavaFX Application Thread] DEBUG GameScene            - Added MainViewComponent
11:27:25.621 [JavaFX Application Thread] DEBUG GameScene            - Entity added to scene
11:27:25.621 [JavaFX Application Thread] DEBUG GameScene            - Added MainViewComponent
11:27:25.621 [JavaFX Application Thread] DEBUG GameScene            - Entity added to scene
11:27:25.621 [JavaFX Application Thread] DEBUG GameScene            - Added MainViewComponent
11:27:25.621 [JavaFX Application Thread] DEBUG GameScene            - Entity added to scene
11:27:25.621 [JavaFX Application Thread] DEBUG GameScene            - Added MainViewComponent
11:27:25.621 [JavaFX Application Thread] DEBUG GameScene            - Entity added to scene
11:27:25.621 [JavaFX Application Thread] DEBUG GameScene            - Added MainViewComponent
11:27:25.622 [JavaFX Application Thread] DEBUG GameScene            - Entity added to scene
11:27:25.622 [JavaFX Application Thread] DEBUG GameScene            - Added MainViewComponent
11:27:25.622 [JavaFX Application Thread] DEBUG GameScene            - Entity added to scene
11:27:25.622 [JavaFX Application Thread] DEBUG GameScene            - Added MainViewComponent
11:27:25.622 [JavaFX Application Thread] DEBUG GameScene            - Entity added to scene
11:27:25.622 [JavaFX Application Thread] DEBUG GameScene            - Added MainViewComponent
11:27:25.622 [JavaFX Application Thread] DEBUG GameScene            - Entity added to scene
11:27:25.622 [JavaFX Application Thread] DEBUG GameScene            - Added MainViewComponent
11:27:25.622 [JavaFX Application Thread] DEBUG GameScene            - Entity added to scene
11:27:25.623 [JavaFX Application Thread] DEBUG GameScene            - Added MainViewComponent
11:27:25.623 [JavaFX Application Thread] DEBUG GameScene            - Entity added to scene
11:27:25.623 [JavaFX Application Thread] DEBUG GameScene            - Added MainViewComponent
11:27:25.623 [JavaFX Application Thread] DEBUG GameScene            - Entity added to scene
11:27:25.623 [JavaFX Application Thread] DEBUG GameScene            - Added MainViewComponent
11:27:25.624 [JavaFX Application Thread] DEBUG GameScene            - Entity added to scene
11:27:25.624 [JavaFX Application Thread] DEBUG GameScene            - Added MainViewComponent
11:27:25.624 [JavaFX Application Thread] DEBUG GameScene            - Entity added to scene
11:27:25.624 [JavaFX Application Thread] DEBUG GameScene            - Added MainViewComponent
11:27:25.624 [JavaFX Application Thread] DEBUG GameScene            - Entity added to scene
11:27:25.624 [JavaFX Application Thread] DEBUG GameScene            - Added MainViewComponent
11:27:25.625 [JavaFX Application Thread] DEBUG GameScene            - Entity added to scene
11:27:25.625 [JavaFX Application Thread] DEBUG GameScene            - Added MainViewComponent
11:27:25.625 [JavaFX Application Thread] DEBUG GameScene            - Entity added to scene
11:27:25.625 [JavaFX Application Thread] DEBUG GameScene            - Added MainViewComponent
11:27:25.626 [JavaFX Application Thread] DEBUG GameScene            - Entity added to scene
11:27:25.626 [JavaFX Application Thread] DEBUG GameScene            - Added MainViewComponent
11:27:25.626 [JavaFX Application Thread] DEBUG GameScene            - Entity added to scene
11:27:25.626 [JavaFX Application Thread] DEBUG GameScene            - Added MainViewComponent
11:27:25.626 [JavaFX Application Thread] DEBUG GameScene            - Entity added to scene
11:27:25.626 [JavaFX Application Thread] DEBUG GameScene            - Added MainViewComponent
11:27:25.626 [JavaFX Application Thread] DEBUG GameScene            - Entity added to scene
11:27:25.627 [JavaFX Application Thread] DEBUG GameScene            - Added MainViewComponent
11:27:25.627 [JavaFX Application Thread] DEBUG GameScene            - Entity added to scene
11:27:25.627 [JavaFX Application Thread] DEBUG GameScene            - Added MainViewComponent
11:27:25.627 [JavaFX Application Thread] DEBUG GameScene            - Entity added to scene
11:27:25.627 [JavaFX Application Thread] DEBUG GameScene            - Added MainViewComponent
11:27:25.627 [JavaFX Application Thread] DEBUG GameScene            - Entity added to scene
11:27:25.627 [JavaFX Application Thread] DEBUG GameScene            - Added MainViewComponent
11:27:25.628 [JavaFX Application Thread] DEBUG GameScene            - Entity added to scene
11:27:25.628 [JavaFX Application Thread] DEBUG GameScene            - Added MainViewComponent
11:27:25.628 [JavaFX Application Thread] DEBUG GameScene            - Entity added to scene
11:27:25.628 [JavaFX Application Thread] DEBUG GameScene            - Added MainViewComponent
11:27:25.628 [JavaFX Application Thread] DEBUG GameScene            - Entity added to scene
11:27:25.628 [JavaFX Application Thread] DEBUG GameScene            - Added MainViewComponent
11:27:25.629 [JavaFX Application Thread] DEBUG GameScene            - Entity added to scene
11:27:25.629 [JavaFX Application Thread] DEBUG GameScene            - Added MainViewComponent
11:27:25.629 [JavaFX Application Thread] DEBUG GameScene            - Entity added to scene
11:27:25.629 [JavaFX Application Thread] DEBUG GameScene            - Added MainViewComponent
11:27:25.629 [JavaFX Application Thread] DEBUG GameScene            - Entity added to scene
11:27:25.629 [JavaFX Application Thread] DEBUG GameScene            - Added MainViewComponent
11:27:25.629 [JavaFX Application Thread] DEBUG GameScene            - Entity added to scene
11:27:25.630 [JavaFX Application Thread] DEBUG GameScene            - Added MainViewComponent
11:27:25.630 [JavaFX Application Thread] DEBUG GameScene            - Entity added to scene
11:27:25.630 [JavaFX Application Thread] DEBUG GameScene            - Added MainViewComponent
11:27:25.630 [JavaFX Application Thread] DEBUG GameScene            - Entity added to scene
11:27:25.630 [JavaFX Application Thread] DEBUG GameScene            - Added MainViewComponent
11:27:25.630 [JavaFX Application Thread] DEBUG GameScene            - Entity added to scene
11:27:25.631 [JavaFX Application Thread] DEBUG GameScene            - Added MainViewComponent
11:27:25.631 [JavaFX Application Thread] DEBUG GameScene            - Entity added to scene
11:27:25.631 [JavaFX Application Thread] DEBUG GameScene            - Added MainViewComponent
11:27:25.631 [JavaFX Application Thread] DEBUG GameScene            - Entity added to scene
11:27:25.631 [JavaFX Application Thread] DEBUG GameScene            - Added MainViewComponent
11:27:25.631 [JavaFX Application Thread] DEBUG GameScene            - Entity added to scene
11:27:25.631 [JavaFX Application Thread] DEBUG GameScene            - Added MainViewComponent
11:27:25.632 [JavaFX Application Thread] DEBUG GameScene            - Entity added to scene
11:27:25.632 [JavaFX Application Thread] DEBUG GameScene            - Added MainViewComponent
11:27:25.632 [JavaFX Application Thread] DEBUG GameScene            - Entity added to scene
11:27:25.632 [JavaFX Application Thread] DEBUG GameScene            - Added MainViewComponent
11:27:25.632 [JavaFX Application Thread] DEBUG GameScene            - Entity added to scene
11:27:25.632 [JavaFX Application Thread] DEBUG GameScene            - Added MainViewComponent
11:27:25.632 [JavaFX Application Thread] DEBUG GameScene            - Entity added to scene
11:27:25.632 [JavaFX Application Thread] DEBUG GameScene            - Added MainViewComponent
11:27:25.633 [JavaFX Application Thread] DEBUG GameScene            - Entity added to scene
11:27:25.633 [JavaFX Application Thread] DEBUG GameScene            - Added MainViewComponent
11:27:25.633 [JavaFX Application Thread] DEBUG GameScene            - Entity added to scene
11:27:25.633 [JavaFX Application Thread] DEBUG GameScene            - Added MainViewComponent
11:27:25.633 [JavaFX Application Thread] DEBUG GameScene            - Entity added to scene
11:27:25.633 [JavaFX Application Thread] DEBUG GameScene            - Added MainViewComponent
11:27:25.633 [JavaFX Application Thread] DEBUG GameScene            - Entity added to scene
11:27:25.633 [JavaFX Application Thread] DEBUG GameScene            - Added MainViewComponent
11:27:25.634 [JavaFX Application Thread] DEBUG GameScene            - Entity added to scene
11:27:25.634 [JavaFX Application Thread] DEBUG GameScene            - Added MainViewComponent
11:27:25.634 [JavaFX Application Thread] DEBUG GameScene            - Entity added to scene
11:27:25.634 [JavaFX Application Thread] DEBUG GameScene            - Added MainViewComponent
11:27:25.634 [JavaFX Application Thread] DEBUG GameScene            - Entity added to scene
11:27:25.634 [JavaFX Application Thread] DEBUG GameScene            - Added MainViewComponent
11:27:25.634 [JavaFX Application Thread] DEBUG GameScene            - Entity added to scene
11:27:25.635 [JavaFX Application Thread] DEBUG GameScene            - Added MainViewComponent
11:27:25.635 [JavaFX Application Thread] DEBUG GameScene            - Entity added to scene
11:27:25.635 [JavaFX Application Thread] DEBUG GameScene            - Added MainViewComponent
11:27:25.635 [JavaFX Application Thread] DEBUG GameScene            - Entity added to scene
11:27:25.635 [JavaFX Application Thread] DEBUG GameScene            - Added MainViewComponent
11:27:25.635 [JavaFX Application Thread] DEBUG GameScene            - Entity added to scene
11:27:25.635 [JavaFX Application Thread] DEBUG GameScene            - Added MainViewComponent
11:27:25.636 [JavaFX Application Thread] DEBUG GameScene            - Entity added to scene
11:27:25.636 [JavaFX Application Thread] DEBUG GameScene            - Added MainViewComponent
11:27:25.636 [JavaFX Application Thread] DEBUG GameScene            - Entity added to scene
11:27:25.636 [JavaFX Application Thread] DEBUG GameScene            - Added MainViewComponent
11:27:25.636 [JavaFX Application Thread] DEBUG GameScene            - Entity added to scene
11:27:25.637 [JavaFX Application Thread] DEBUG GameScene            - Added MainViewComponent
11:27:25.637 [JavaFX Application Thread] DEBUG GameScene            - Entity added to scene
11:27:25.637 [JavaFX Application Thread] DEBUG GameScene            - Added MainViewComponent
11:27:25.637 [JavaFX Application Thread] DEBUG GameScene            - Entity added to scene
11:27:25.637 [JavaFX Application Thread] DEBUG GameScene            - Added MainViewComponent
11:27:25.637 [JavaFX Application Thread] DEBUG GameScene            - Entity added to scene
11:27:25.637 [JavaFX Application Thread] DEBUG GameScene            - Added MainViewComponent
11:27:25.637 [JavaFX Application Thread] DEBUG GameScene            - Entity added to scene
11:27:25.638 [JavaFX Application Thread] DEBUG GameScene            - Added MainViewComponent
11:27:25.638 [JavaFX Application Thread] DEBUG GameScene            - Entity added to scene
11:27:25.638 [JavaFX Application Thread] DEBUG GameScene            - Added MainViewComponent
11:27:25.638 [JavaFX Application Thread] DEBUG GameScene            - Entity added to scene
11:27:25.638 [JavaFX Application Thread] DEBUG GameScene            - Added MainViewComponent
11:27:25.638 [JavaFX Application Thread] DEBUG GameScene            - Entity added to scene
11:27:25.638 [JavaFX Application Thread] DEBUG GameScene            - Added MainViewComponent
11:27:25.639 [JavaFX Application Thread] DEBUG GameScene            - Entity added to scene
11:27:25.639 [JavaFX Application Thread] DEBUG GameScene            - Added MainViewComponent
11:27:25.639 [JavaFX Application Thread] DEBUG GameScene            - Entity added to scene
11:27:25.639 [JavaFX Application Thread] DEBUG GameScene            - Added MainViewComponent
11:27:25.639 [JavaFX Application Thread] DEBUG GameScene            - Entity added to scene
11:27:25.639 [JavaFX Application Thread] DEBUG GameScene            - Added MainViewComponent
11:27:25.639 [JavaFX Application Thread] DEBUG GameScene            - Entity added to scene
11:27:25.639 [JavaFX Application Thread] DEBUG GameScene            - Added MainViewComponent
11:27:25.639 [JavaFX Application Thread] DEBUG GameScene            - Entity added to scene
11:27:25.639 [JavaFX Application Thread] DEBUG GameScene            - Added MainViewComponent
11:27:25.640 [JavaFX Application Thread] DEBUG GameScene            - Entity added to scene
11:27:25.640 [JavaFX Application Thread] DEBUG GameScene            - Added MainViewComponent
11:27:25.640 [JavaFX Application Thread] DEBUG GameScene            - Entity added to scene
11:27:25.640 [JavaFX Application Thread] DEBUG GameScene            - Added MainViewComponent
11:27:25.640 [JavaFX Application Thread] DEBUG GameScene            - Entity added to scene
11:27:25.640 [JavaFX Application Thread] DEBUG GameScene            - Added MainViewComponent
11:27:25.640 [JavaFX Application Thread] DEBUG GameScene            - Entity added to scene
11:27:25.640 [JavaFX Application Thread] DEBUG GameScene            - Added MainViewComponent
11:27:25.641 [JavaFX Application Thread] DEBUG GameScene            - Entity added to scene
11:27:25.641 [JavaFX Application Thread] DEBUG GameScene            - Added MainViewComponent
11:27:25.641 [JavaFX Application Thread] DEBUG GameScene            - Entity added to scene
11:27:25.641 [JavaFX Application Thread] DEBUG GameScene            - Added MainViewComponent
11:27:25.641 [JavaFX Application Thread] DEBUG GameScene            - Entity added to scene
11:27:25.641 [JavaFX Application Thread] DEBUG GameScene            - Added MainViewComponent
11:27:25.641 [JavaFX Application Thread] DEBUG GameScene            - Entity added to scene
11:27:25.641 [JavaFX Application Thread] DEBUG GameScene            - Added MainViewComponent
11:27:25.642 [JavaFX Application Thread] DEBUG GameScene            - Entity added to scene
11:27:25.642 [JavaFX Application Thread] DEBUG GameScene            - Added MainViewComponent
11:27:25.642 [JavaFX Application Thread] DEBUG GameScene            - Entity added to scene
11:27:25.642 [JavaFX Application Thread] DEBUG GameScene            - Added MainViewComponent
11:27:25.642 [JavaFX Application Thread] DEBUG GameScene            - Entity added to scene
11:27:25.642 [JavaFX Application Thread] DEBUG GameScene            - Added MainViewComponent
11:27:25.642 [JavaFX Application Thread] DEBUG GameScene            - Entity added to scene
11:27:25.642 [JavaFX Application Thread] DEBUG GameScene            - Added MainViewComponent
11:27:25.642 [JavaFX Application Thread] DEBUG GameScene            - Entity added to scene
11:27:25.642 [JavaFX Application Thread] DEBUG GameScene            - Added MainViewComponent
11:27:25.643 [JavaFX Application Thread] DEBUG GameScene            - Entity added to scene
11:27:25.643 [JavaFX Application Thread] DEBUG GameScene            - Added MainViewComponent
11:27:25.643 [JavaFX Application Thread] DEBUG GameScene            - Entity added to scene
11:27:25.643 [JavaFX Application Thread] DEBUG GameScene            - Added MainViewComponent
11:27:25.643 [JavaFX Application Thread] DEBUG GameScene            - Entity added to scene
11:27:25.643 [JavaFX Application Thread] DEBUG GameScene            - Added MainViewComponent
11:27:25.643 [JavaFX Application Thread] DEBUG GameScene            - Entity added to scene
11:27:25.643 [JavaFX Application Thread] DEBUG GameScene            - Added MainViewComponent
11:27:25.643 [JavaFX Application Thread] DEBUG GameScene            - Entity added to scene
11:27:25.643 [JavaFX Application Thread] DEBUG GameScene            - Added MainViewComponent
11:27:25.644 [JavaFX Application Thread] DEBUG GameScene            - Entity added to scene
11:27:25.644 [JavaFX Application Thread] DEBUG GameScene            - Added MainViewComponent
11:27:25.645 [JavaFX Application Thread] DEBUG GameScene            - Entity added to scene
11:27:25.645 [JavaFX Application Thread] DEBUG GameScene            - Added MainViewComponent
11:27:25.645 [JavaFX Application Thread] DEBUG GameScene            - Entity added to scene
11:27:25.645 [JavaFX Application Thread] DEBUG GameScene            - Added MainViewComponent
11:27:25.645 [JavaFX Application Thread] DEBUG GameScene            - Entity added to scene
11:27:25.645 [JavaFX Application Thread] DEBUG GameScene            - Added MainViewComponent
11:27:25.646 [JavaFX Application Thread] DEBUG GameScene            - Entity added to scene
11:27:25.646 [JavaFX Application Thread] DEBUG GameScene            - Added MainViewComponent
11:27:25.647 [JavaFX Application Thread] DEBUG GameScene            - Entity added to scene
11:27:25.647 [JavaFX Application Thread] DEBUG GameScene            - Added MainViewComponent
11:27:25.647 [JavaFX Application Thread] DEBUG GameScene            - Entity added to scene
11:27:25.647 [JavaFX Application Thread] DEBUG GameScene            - Added MainViewComponent
11:27:25.647 [JavaFX Application Thread] DEBUG GameScene            - Entity added to scene
11:27:25.647 [JavaFX Application Thread] DEBUG GameScene            - Added MainViewComponent
11:27:25.647 [JavaFX Application Thread] DEBUG GameScene            - Entity added to scene
11:27:25.647 [JavaFX Application Thread] DEBUG GameScene            - Added MainViewComponent
11:27:25.648 [JavaFX Application Thread] DEBUG GameScene            - Entity added to scene
11:27:25.648 [JavaFX Application Thread] DEBUG GameScene            - Added MainViewComponent
11:27:25.650 [JavaFX Application Thread] DEBUG GameScene            - Entity added to scene
11:27:25.650 [JavaFX Application Thread] DEBUG GameScene            - Added MainViewComponent
11:27:25.657 [JavaFX Application Thread] DEBUG GameScene            - Entity added to scene
11:27:25.657 [JavaFX Application Thread] DEBUG GameScene            - Added MainViewComponent
11:27:25.658 [JavaFX Application Thread] DEBUG GameScene            - Entity added to scene
11:27:25.658 [JavaFX Application Thread] DEBUG GameScene            - Added MainViewComponent
11:27:25.658 [JavaFX Application Thread] DEBUG GameScene            - Entity added to scene
11:27:25.658 [JavaFX Application Thread] DEBUG GameScene            - Added MainViewComponent
11:27:25.658 [JavaFX Application Thread] DEBUG GameScene            - Entity added to scene
11:27:25.658 [JavaFX Application Thread] DEBUG GameScene            - Added MainViewComponent
11:27:25.658 [JavaFX Application Thread] DEBUG GameScene            - Entity added to scene
11:27:25.659 [JavaFX Application Thread] DEBUG GameScene            - Added MainViewComponent
11:27:25.659 [JavaFX Application Thread] DEBUG GameScene            - Entity added to scene
11:27:25.659 [JavaFX Application Thread] DEBUG GameScene            - Added MainViewComponent
11:27:25.659 [JavaFX Application Thread] DEBUG GameScene            - Entity added to scene
11:27:25.659 [JavaFX Application Thread] DEBUG GameScene            - Added MainViewComponent
11:27:25.659 [JavaFX Application Thread] DEBUG GameScene            - Entity added to scene
11:27:25.659 [JavaFX Application Thread] DEBUG GameScene            - Added MainViewComponent
11:27:25.659 [JavaFX Application Thread] DEBUG GameScene            - Entity added to scene
11:27:25.659 [JavaFX Application Thread] DEBUG GameScene            - Added MainViewComponent
11:27:25.659 [JavaFX Application Thread] DEBUG GameScene            - Entity added to scene
11:27:25.659 [JavaFX Application Thread] DEBUG GameScene            - Added MainViewComponent
11:27:25.660 [JavaFX Application Thread] DEBUG GameScene            - Entity added to scene
11:27:25.660 [JavaFX Application Thread] DEBUG GameScene            - Added MainViewComponent
11:27:25.660 [JavaFX Application Thread] DEBUG GameScene            - Entity added to scene
11:27:25.660 [JavaFX Application Thread] DEBUG GameScene            - Added MainViewComponent
11:27:25.660 [JavaFX Application Thread] DEBUG GameScene            - Entity added to scene
11:27:25.660 [JavaFX Application Thread] DEBUG GameScene            - Added MainViewComponent
11:27:25.660 [JavaFX Application Thread] DEBUG GameScene            - Entity added to scene
11:27:25.660 [JavaFX Application Thread] DEBUG GameScene            - Added MainViewComponent
11:27:25.660 [JavaFX Application Thread] DEBUG GameScene            - Entity added to scene
11:27:25.660 [JavaFX Application Thread] DEBUG GameScene            - Added MainViewComponent
11:27:25.660 [JavaFX Application Thread] DEBUG GameScene            - Entity added to scene
11:27:25.660 [JavaFX Application Thread] DEBUG GameScene            - Added MainViewComponent
11:27:25.661 [JavaFX Application Thread] DEBUG GameScene            - Entity added to scene
11:27:25.661 [JavaFX Application Thread] DEBUG GameScene            - Added MainViewComponent
11:27:25.661 [JavaFX Application Thread] DEBUG GameScene            - Entity added to scene
11:27:25.661 [JavaFX Application Thread] DEBUG GameScene            - Added MainViewComponent
11:27:25.661 [JavaFX Application Thread] DEBUG GameScene            - Entity added to scene
11:27:25.661 [JavaFX Application Thread] DEBUG GameScene            - Added MainViewComponent
11:27:25.661 [JavaFX Application Thread] DEBUG GameScene            - Entity added to scene
11:27:25.661 [JavaFX Application Thread] DEBUG GameScene            - Added MainViewComponent
11:27:25.661 [JavaFX Application Thread] DEBUG GameScene            - Entity added to scene
11:27:25.661 [JavaFX Application Thread] DEBUG GameScene            - Added MainViewComponent
11:27:25.661 [JavaFX Application Thread] DEBUG GameScene            - Entity added to scene
11:27:25.662 [JavaFX Application Thread] DEBUG GameScene            - Added MainViewComponent
11:27:25.662 [JavaFX Application Thread] DEBUG GameScene            - Entity added to scene
11:27:25.662 [JavaFX Application Thread] DEBUG GameScene            - Added MainViewComponent
11:27:25.662 [JavaFX Application Thread] DEBUG GameScene            - Entity added to scene
11:27:25.662 [JavaFX Application Thread] DEBUG GameScene            - Added MainViewComponent
11:27:25.662 [JavaFX Application Thread] DEBUG GameScene            - Entity added to scene
11:27:25.662 [JavaFX Application Thread] DEBUG GameScene            - Added MainViewComponent
11:27:25.662 [JavaFX Application Thread] DEBUG GameScene            - Entity added to scene
11:27:25.662 [JavaFX Application Thread] DEBUG GameScene            - Added MainViewComponent
11:27:25.662 [JavaFX Application Thread] DEBUG GameScene            - Entity added to scene
11:27:25.662 [JavaFX Application Thread] DEBUG GameScene            - Added MainViewComponent
11:27:25.663 [JavaFX Application Thread] DEBUG GameScene            - Entity added to scene
11:27:25.663 [JavaFX Application Thread] DEBUG GameScene            - Added MainViewComponent
11:27:25.663 [JavaFX Application Thread] DEBUG GameScene            - Entity added to scene
11:27:25.663 [JavaFX Application Thread] DEBUG GameScene            - Added MainViewComponent
11:27:25.663 [JavaFX Application Thread] DEBUG GameScene            - Entity added to scene
11:27:25.663 [JavaFX Application Thread] DEBUG GameScene            - Added MainViewComponent
11:27:25.663 [JavaFX Application Thread] DEBUG GameScene            - Entity added to scene
11:27:25.663 [JavaFX Application Thread] DEBUG GameScene            - Added MainViewComponent
11:27:25.663 [JavaFX Application Thread] DEBUG GameScene            - Entity added to scene
11:27:25.663 [JavaFX Application Thread] DEBUG GameScene            - Added MainViewComponent
11:27:25.663 [JavaFX Application Thread] DEBUG GameScene            - Entity added to scene
11:27:25.663 [JavaFX Application Thread] DEBUG GameScene            - Added MainViewComponent
11:27:25.663 [JavaFX Application Thread] DEBUG GameScene            - Entity added to scene
11:27:25.663 [JavaFX Application Thread] DEBUG GameScene            - Added MainViewComponent
11:27:25.664 [JavaFX Application Thread] DEBUG GameScene            - Entity added to scene
11:27:25.664 [JavaFX Application Thread] DEBUG GameScene            - Added MainViewComponent
11:27:25.664 [JavaFX Application Thread] DEBUG GameScene            - Entity added to scene
11:27:25.664 [JavaFX Application Thread] DEBUG GameScene            - Added MainViewComponent
11:27:25.664 [JavaFX Application Thread] DEBUG GameScene            - Entity added to scene
11:27:25.664 [JavaFX Application Thread] DEBUG GameScene            - Added MainViewComponent
11:27:25.664 [JavaFX Application Thread] DEBUG GameScene            - Entity added to scene
11:27:25.664 [JavaFX Application Thread] DEBUG GameScene            - Added MainViewComponent
11:27:25.664 [JavaFX Application Thread] DEBUG GameScene            - Entity added to scene
11:27:25.664 [JavaFX Application Thread] DEBUG GameScene            - Added MainViewComponent
11:27:25.664 [JavaFX Application Thread] DEBUG GameScene            - Entity added to scene
11:27:25.664 [JavaFX Application Thread] DEBUG GameScene            - Added MainViewComponent
11:27:25.665 [JavaFX Application Thread] DEBUG GameScene            - Entity added to scene
11:27:25.665 [JavaFX Application Thread] DEBUG GameScene            - Added MainViewComponent
11:27:25.665 [JavaFX Application Thread] DEBUG GameScene            - Entity added to scene
11:27:25.665 [JavaFX Application Thread] DEBUG GameScene            - Added MainViewComponent
11:27:25.665 [JavaFX Application Thread] DEBUG GameScene            - Entity added to scene
11:27:25.665 [JavaFX Application Thread] DEBUG GameScene            - Added MainViewComponent
11:27:25.665 [JavaFX Application Thread] DEBUG GameScene            - Entity added to scene
11:27:25.665 [JavaFX Application Thread] DEBUG GameScene            - Added MainViewComponent
11:27:25.665 [JavaFX Application Thread] DEBUG GameScene            - Entity added to scene
11:27:25.665 [JavaFX Application Thread] DEBUG GameScene            - Added MainViewComponent
11:27:25.665 [JavaFX Application Thread] DEBUG GameScene            - Entity added to scene
11:27:25.665 [JavaFX Application Thread] DEBUG GameScene            - Added MainViewComponent
11:27:25.666 [JavaFX Application Thread] DEBUG GameScene            - Entity added to scene
11:27:25.666 [JavaFX Application Thread] DEBUG GameScene            - Added MainViewComponent
11:27:25.666 [JavaFX Application Thread] DEBUG GameScene            - Entity added to scene
11:27:25.666 [JavaFX Application Thread] DEBUG GameScene            - Added MainViewComponent
11:27:25.666 [JavaFX Application Thread] DEBUG GameScene            - Entity added to scene
11:27:25.666 [JavaFX Application Thread] DEBUG GameScene            - Added MainViewComponent
11:27:25.666 [JavaFX Application Thread] DEBUG GameScene            - Entity added to scene
11:27:25.666 [JavaFX Application Thread] DEBUG GameScene            - Added MainViewComponent
11:27:25.666 [JavaFX Application Thread] DEBUG GameScene            - Entity added to scene
11:27:25.666 [JavaFX Application Thread] DEBUG GameScene            - Added MainViewComponent
11:27:25.666 [JavaFX Application Thread] DEBUG GameScene            - Entity added to scene
11:27:25.667 [JavaFX Application Thread] DEBUG GameScene            - Added MainViewComponent
11:27:25.667 [JavaFX Application Thread] DEBUG GameScene            - Entity added to scene
11:27:25.667 [JavaFX Application Thread] DEBUG GameScene            - Added MainViewComponent
11:27:25.667 [JavaFX Application Thread] DEBUG GameScene            - Entity added to scene
11:27:25.667 [JavaFX Application Thread] DEBUG GameScene            - Added MainViewComponent
11:27:25.667 [JavaFX Application Thread] DEBUG GameScene            - Entity added to scene
11:27:25.667 [JavaFX Application Thread] DEBUG GameScene            - Added MainViewComponent
11:27:25.667 [JavaFX Application Thread] DEBUG GameScene            - Entity added to scene
11:27:25.667 [JavaFX Application Thread] DEBUG GameScene            - Added MainViewComponent
11:27:25.667 [JavaFX Application Thread] DEBUG GameScene            - Creating render group for layer: BACKGROUND(0)
11:27:34.507 [JavaFX Application Thread] DEBUG GameScene            - Entity removed from scene
11:27:34.508 [JavaFX Application Thread] DEBUG GameScene            - Removed MainViewComponent
11:27:34.789 [JavaFX Application Thread] DEBUG GameScene            - Entity removed from scene
11:27:34.789 [JavaFX Application Thread] DEBUG GameScene            - Removed MainViewComponent
11:27:34.929 [JavaFX Application Thread] DEBUG GameScene            - Entity removed from scene
11:27:34.929 [JavaFX Application Thread] DEBUG GameScene            - Removed MainViewComponent
11:27:37.107 [JavaFX Application Thread] FATAL FXGLExceptionHandler - Uncaught Exception:
11:27:37.108 [JavaFX Application Thread] FATAL FXGLExceptionHandler - 

Exception occurred: java.lang.NullPointerException : null
E: com.gamedesign.pacman.control.PlayerControl.onUpdate(PlayerControl.java:37)
E: com.almasb.ents.Entity.update(Entity.java:545)
E: com.almasb.ents.EntityWorld.update(EntityWorld.java:263)
E: com.almasb.fxgl.gameplay.GameWorld.onUpdateEvent(GameWorld.java:88)
E: com.almasb.fxgl.time.FXGLMasterTimer.handle(FXGLMasterTimer.kt:143)
E: javafx.animation.AnimationTimer$AnimationTimerReceiver.lambda$handle$485(AnimationTimer.java:57)
E: java.security.AccessController.doPrivileged(Native Method)
E: javafx.animation.AnimationTimer$AnimationTimerReceiver.handle(AnimationTimer.java:56)
E: com.sun.scenario.animation.AbstractMasterTimer.timePulseImpl(AbstractMasterTimer.java:357)
E: com.sun.scenario.animation.AbstractMasterTimer$MainLoop.run(AbstractMasterTimer.java:267)
E: com.sun.javafx.tk.quantum.QuantumToolkit.pulse(QuantumToolkit.java:506)
E: com.sun.javafx.tk.quantum.QuantumToolkit.pulse(QuantumToolkit.java:490)
E: com.sun.javafx.tk.quantum.QuantumToolkit.lambda$runToolkit$405(QuantumToolkit.java:319)
E: com.sun.glass.ui.InvokeLaterDispatcher$Future.run(InvokeLaterDispatcher.java:95)
E: com.sun.glass.ui.win.WinApplication._runLoop(Native Method)
E: com.sun.glass.ui.win.WinApplication.lambda$null$149(WinApplication.java:191)
E: java.lang.Thread.run(Thread.java:745)

11:27:37.108 [JavaFX Application Thread] FATAL FXGLExceptionHandler - Application will now exit
11:27:37.108 [JavaFX Application Thread] DEBUG FXGLInput            - Clearing active input actions
11:27:37.108 [JavaFX Application Thread] DEBUG FXGLMasterTimer      - Stopping master timer
11:27:37.108 [JavaFX Application Thread] DEBUG GameApplication      - State: PLAYING -> PAUSED
11:27:37.108 [JavaFX Application Thread] DEBUG FXGLEventBus         - Firing event: FXGLEvent[type=PAUSE]
11:27:38.583 [JavaFX Application Thread] DEBUG FXGLEventBus         - Firing event: FXGLEvent[type=EXIT]
11:27:38.583 [JavaFX Application Thread] DEBUG FXGL                 - Saving FXGL system data
11:27:38.585 [JavaFX Application Thread] DEBUG IOTask               - Executing task: writeDataTask(system/fxgl.bundle)
11:27:38.587 [JavaFX Application Thread] DEBUG FS                   - Writing to: system\fxgl.bundle
11:27:38.594 [JavaFX Application Thread] DEBUG IOTask               - Task succeeded: writeDataTask(system/fxgl.bundle)
