11:19:42.192 [FXGL Launcher Thread     ] DEBUG FXGLLoggerFactory    - Service [LoggerFactory] initialized
11:19:42.199 [FXGL Launcher Thread     ] DEBUG FXGL                 - FXGL configuration complete
11:19:42.200 [FXGL Launcher Thread     ] DEBUG FXGL                 - Loading FXGL system data
11:19:42.203 [FXGL Launcher Thread     ] DEBUG IOTask               - Executing task: readDataTask(system/fxgl.bundle)
11:19:42.205 [FXGL Launcher Thread     ] DEBUG FS                   - Reading from: system\fxgl.bundle
11:19:42.212 [FXGL Launcher Thread     ] DEBUG IOTask               - Task succeeded: readDataTask(system/fxgl.bundle)
11:19:42.212 [FXGL Launcher Thread     ] DEBUG Bundle               - Logging bundle: FXGL
11:19:42.212 [FXGL Launcher Thread     ] DEBUG Bundle               - FXGL.offline.timer.version.check=2017-01-18T11:24:23.393
11:19:42.221 [JavaFX Application Thread] DEBUG UpdaterTask          - Checking for updates
11:19:42.315 [JavaFX Application Thread] DEBUG FXGLEventBus         - Service [EventBus] initialized
11:19:42.319 [JavaFX Application Thread] DEBUG FXGLExecutor         - Service [Executor] initialized
11:19:42.321 [JavaFX Application Thread] DEBUG IOTask               - Showing dialog
11:19:42.325 [FXGL Background Thread 1 ] DEBUG IOTask               - Executing task: openStream(https://raw.githubusercontent.com/AlmasB/FXGL/master/pom.xml)
11:19:42.325 [FXGL Background Thread 1 ] DEBUG IOTask               - Executing task: openStream(https://raw.githubusercontent.com/AlmasB/FXGL/master/pom.xml)
11:19:42.897 [JavaFX Application Thread] DEBUG IOTask               - fail(): Dismissing dialog
11:19:42.898 [JavaFX Application Thread] WARN  IOTask               - Task failed: openStream(https://raw.githubusercontent.com/AlmasB/FXGL/master/pom.xml) Error: javax.net.ssl.SSLHandshakeException: sun.security.validator.ValidatorException: PKIX path building failed: sun.security.provider.certpath.SunCertPathBuilderException: unable to find valid certification path to requested target
11:19:42.898 [JavaFX Application Thread] WARN  UpdaterTask          - Failed to find updates: javax.net.ssl.SSLHandshakeException: sun.security.validator.ValidatorException: PKIX path building failed: sun.security.provider.certpath.SunCertPathBuilderException: unable to find valid certification path to requested target
11:19:43.759 [FXGL Launcher Thread     ] DEBUG GameApplication      - Configuring GameApplication
11:19:43.769 [FXGL Launcher Thread     ] DEBUG FXGLExceptionHandler - Service [ExceptionHandler] initialized
11:19:43.769 [FXGL Launcher Thread     ] DEBUG PreInitTask          - Injecting gameWorld & physicsWorld
11:19:43.782 [FXGL Launcher Thread     ] DEBUG GameWorld            - Game world initialized
11:19:43.843 [FXGL Launcher Thread     ] DEBUG FXGLPooler           - Service [Pooler] initialized with default size = 128
11:19:43.843 [FXGL Launcher Thread     ] DEBUG PhysicsWorld         - Physics world initialized: appHeight=840.0, physics.ppm=50.0
11:19:43.844 [FXGL Launcher Thread     ] DEBUG FXGLInput            - Service [Input] initialized
11:19:43.873 [FXGL Launcher Thread     ] DEBUG FXGLInput            - Registered new binding: Screenshot - P
11:19:43.874 [FXGL Launcher Thread     ] DEBUG FXGLInput            - Registered new binding: Dev Options - CTRL+0
11:19:43.875 [FXGL Launcher Thread     ] DEBUG FXGLInput            - Registered new binding: Up - W
11:19:43.875 [FXGL Launcher Thread     ] DEBUG FXGLInput            - Registered new binding: Left - A
11:19:43.875 [FXGL Launcher Thread     ] DEBUG FXGLInput            - Registered new binding: Down - S
11:19:43.876 [FXGL Launcher Thread     ] DEBUG FXGLInput            - Registered new binding: Right - D
11:19:43.899 [FXGL Launcher Thread     ] DEBUG GameScene            - Game scene initialized: 1040.0x840.0
11:19:43.903 [FXGL Launcher Thread     ] DEBUG FXGLAssetLoader      - Service [AssetLoader] initialized: cacheSize=35
11:19:43.905 [FXGL Launcher Thread     ] DEBUG FXGLAssetLoader      - Loading from disk: /assets/sounds/system/notification.wav
11:19:43.931 [FXGL Launcher Thread     ] DEBUG FXGLAssetLoader      - Loading from disk: /assets/sounds/menu/select.wav
11:19:43.933 [FXGL Launcher Thread     ] DEBUG FXGLAssetLoader      - Loading from disk: /assets/sounds/menu/back.wav
11:19:43.935 [FXGL Launcher Thread     ] DEBUG FXGLAssetLoader      - Loading from disk: /assets/sounds/menu/press.wav
11:19:43.937 [FXGL Launcher Thread     ] DEBUG FXGLAssetLoader      - Loading from disk: /assets/ui/fonts/Copperplate_Gothic_Light_Regular.ttf
11:19:43.942 [FXGL Launcher Thread     ] DEBUG FXGLAssetLoader      - Loading from disk: /assets/ui/css/fxgl.css
11:19:43.943 [FXGL Launcher Thread     ] DEBUG FXGLAssetLoader      - Loading from disk: /assets/ui/icons/fxgl_icon.png
11:19:43.972 [FXGL Launcher Thread     ] DEBUG FXGLAssetLoader      - Loading from disk: /assets/ui/css/fxgl_dark.css
11:19:43.982 [FXGL Launcher Thread     ] DEBUG FXGLDisplay          - Target size: DoubleProperty [value: 1040.0] x DoubleProperty [value: 840.0] @ 1.0
11:19:43.982 [FXGL Launcher Thread     ] DEBUG FXGLDisplay          - New size:    1040.0 x 840.0 @ DoubleProperty [value: 1.0]
11:19:43.982 [FXGL Launcher Thread     ] DEBUG FXGLDisplay          - Service [Display] initialized
11:19:43.983 [FXGL Launcher Thread     ] DEBUG FXGLDisplay          - Using CSS: CSS(externalForm=jar:file:/C:/Computer%20Science/Game%20Design/3rd/Pacman/lib/fxgl-0.2.9-uber.jar!/assets/ui/css/fxgl_dark.css)
11:19:43.983 [FXGL Launcher Thread     ] DEBUG InitScenesTask       - Injecting loadingScene & gameScene
11:19:44.004 [FXGL Launcher Thread     ] DEBUG FXGLMasterTimer      - Service [MasterTimer] initialized
11:19:44.006 [FXGL Launcher Thread     ] DEBUG FXGLAudioPlayer      - Service [AudioPlayer] initialized
11:19:44.015 [FXGL Launcher Thread     ] DEBUG GameApplication      - Starting new game
11:19:44.016 [FXGL Launcher Thread     ] DEBUG GameApplication      - Initializing App
11:19:44.018 [FXGL Launcher Thread     ] DEBUG FXGLInput            - Clearing active input actions
11:19:44.018 [FXGL Launcher Thread     ] DEBUG FXGLMasterTimer      - Stopping master timer
11:19:44.018 [FXGL Launcher Thread     ] DEBUG GameApplication      - State: STARTUP -> PAUSED
11:19:44.019 [FXGL Launcher Thread     ] DEBUG FXGLEventBus         - Firing event: FXGLEvent[type=PAUSE]
11:19:44.020 [FXGL Launcher Thread     ] DEBUG FXGLInput            - Clearing active input actions
11:19:44.020 [FXGL Launcher Thread     ] DEBUG FXGLMasterTimer      - Resetting ticks and clearing all actions
11:19:44.020 [FXGL Launcher Thread     ] DEBUG GameWorld            - Resetting game world
11:19:44.020 [FXGL Launcher Thread     ] TRACE EntityWorld          - Resetting entity world
11:19:44.022 [FXGL Launcher Thread     ] DEBUG PhysicsWorld         - Resetting physics world
11:19:44.022 [FXGL Launcher Thread     ] DEBUG GameScene            - Resetting game scene
11:19:44.022 [FXGL Launcher Thread     ] DEBUG FXGLEventBus         - Firing event: FXGLEvent[type=RESET]
11:19:44.093 [FXGL Launcher Thread     ] DEBUG GameApplication      - State: PAUSED -> LOADING
11:19:44.127 [FXGL Background Thread 1 ] DEBUG InitAppTask          - Initializing Assets
11:19:44.128 [FXGL Background Thread 1 ] DEBUG InitAppTask          - Initializing Game
11:19:44.134 [FXGL Background Thread 1 ] DEBUG FXGLAssetLoader      - Loading from disk: /assets/text/level.txt
11:19:44.207 [JavaFX Application Thread] DEBUG FXGLDisplay          - Showing stage
11:19:44.208 [JavaFX Application Thread] DEBUG FXGLDisplay          - Root size: 1040.0x840.0
11:19:44.208 [JavaFX Application Thread] DEBUG FXGLDisplay          - Scene size: 1040.0x840.0
11:19:44.208 [JavaFX Application Thread] DEBUG FXGLDisplay          - Stage size: 1058.0x885.0
11:19:44.530 [FXGL Background Thread 1 ] DEBUG GameWorld            - Resetting game world
11:19:44.530 [FXGL Background Thread 1 ] TRACE EntityWorld          - Resetting entity world
11:19:44.530 [FXGL Background Thread 1 ] DEBUG PhysicsWorld         - Resetting physics world
11:19:44.530 [FXGL Background Thread 1 ] DEBUG GameScene            - Resetting game scene
11:19:44.530 [FXGL Background Thread 1 ] DEBUG GameWorld            - Setting level: com.almasb.fxgl.gameplay.Level@16aba525
11:19:44.532 [FXGL Background Thread 1 ] DEBUG InitAppTask          - Initializing Physics
11:19:44.533 [FXGL Background Thread 1 ] DEBUG InitAppTask          - Initializing UI
11:19:44.534 [FXGL Background Thread 1 ] DEBUG FXGLAssetLoader      - Loading from disk: /assets/ui/pacman_ui.fxml
11:19:44.581 [FXGL Background Thread 1 ] DEBUG GameScene            - Adding UI node: Pane@5f2e2c2f
11:19:44.581 [FXGL Background Thread 1 ] DEBUG InitAppTask          - Initialization Complete
11:19:44.584 [JavaFX Application Thread] DEBUG FXGLInput            - Clearing active input actions
11:19:44.584 [JavaFX Application Thread] DEBUG FXGLMasterTimer      - Starting master timer
11:19:44.585 [JavaFX Application Thread] DEBUG GameApplication      - State: LOADING -> PLAYING
11:19:44.593 [JavaFX Application Thread] DEBUG FXGLEventBus         - Firing event: FXGLEvent[type=RESUME]
11:19:44.598 [JavaFX Application Thread] DEBUG GameScene            - Entity added to scene
11:19:44.598 [JavaFX Application Thread] DEBUG GameScene            - Added MainViewComponent
11:19:44.601 [JavaFX Application Thread] DEBUG GameScene            - Creating render group for layer: PLAYGROUND(1073741823)
11:19:44.604 [JavaFX Application Thread] DEBUG GameScene            - Entity added to scene
11:19:44.604 [JavaFX Application Thread] DEBUG GameScene            - Added MainViewComponent
11:19:44.605 [JavaFX Application Thread] DEBUG GameScene            - Entity added to scene
11:19:44.605 [JavaFX Application Thread] DEBUG GameScene            - Added MainViewComponent
11:19:44.605 [JavaFX Application Thread] DEBUG GameScene            - Entity added to scene
11:19:44.605 [JavaFX Application Thread] DEBUG GameScene            - Added MainViewComponent
11:19:44.605 [JavaFX Application Thread] DEBUG GameScene            - Entity added to scene
11:19:44.605 [JavaFX Application Thread] DEBUG GameScene            - Added MainViewComponent
11:19:44.606 [JavaFX Application Thread] DEBUG GameScene            - Entity added to scene
11:19:44.606 [JavaFX Application Thread] DEBUG GameScene            - Added MainViewComponent
11:19:44.606 [JavaFX Application Thread] DEBUG GameScene            - Entity added to scene
11:19:44.606 [JavaFX Application Thread] DEBUG GameScene            - Added MainViewComponent
11:19:44.606 [JavaFX Application Thread] DEBUG GameScene            - Entity added to scene
11:19:44.606 [JavaFX Application Thread] DEBUG GameScene            - Added MainViewComponent
11:19:44.606 [JavaFX Application Thread] DEBUG GameScene            - Entity added to scene
11:19:44.607 [JavaFX Application Thread] DEBUG GameScene            - Added MainViewComponent
11:19:44.607 [JavaFX Application Thread] DEBUG GameScene            - Entity added to scene
11:19:44.607 [JavaFX Application Thread] DEBUG GameScene            - Added MainViewComponent
11:19:44.608 [JavaFX Application Thread] DEBUG GameScene            - Entity added to scene
11:19:44.608 [JavaFX Application Thread] DEBUG GameScene            - Added MainViewComponent
11:19:44.608 [JavaFX Application Thread] DEBUG GameScene            - Entity added to scene
11:19:44.608 [JavaFX Application Thread] DEBUG GameScene            - Added MainViewComponent
11:19:44.608 [JavaFX Application Thread] DEBUG GameScene            - Entity added to scene
11:19:44.608 [JavaFX Application Thread] DEBUG GameScene            - Added MainViewComponent
11:19:44.609 [JavaFX Application Thread] DEBUG GameScene            - Entity added to scene
11:19:44.609 [JavaFX Application Thread] DEBUG GameScene            - Added MainViewComponent
11:19:44.609 [JavaFX Application Thread] DEBUG GameScene            - Entity added to scene
11:19:44.609 [JavaFX Application Thread] DEBUG GameScene            - Added MainViewComponent
11:19:44.609 [JavaFX Application Thread] DEBUG GameScene            - Entity added to scene
11:19:44.609 [JavaFX Application Thread] DEBUG GameScene            - Added MainViewComponent
11:19:44.610 [JavaFX Application Thread] DEBUG GameScene            - Entity added to scene
11:19:44.610 [JavaFX Application Thread] DEBUG GameScene            - Added MainViewComponent
11:19:44.610 [JavaFX Application Thread] DEBUG GameScene            - Entity added to scene
11:19:44.610 [JavaFX Application Thread] DEBUG GameScene            - Added MainViewComponent
11:19:44.610 [JavaFX Application Thread] DEBUG GameScene            - Entity added to scene
11:19:44.610 [JavaFX Application Thread] DEBUG GameScene            - Added MainViewComponent
11:19:44.611 [JavaFX Application Thread] DEBUG GameScene            - Entity added to scene
11:19:44.611 [JavaFX Application Thread] DEBUG GameScene            - Added MainViewComponent
11:19:44.612 [JavaFX Application Thread] DEBUG GameScene            - Entity added to scene
11:19:44.612 [JavaFX Application Thread] DEBUG GameScene            - Added MainViewComponent
11:19:44.612 [JavaFX Application Thread] DEBUG GameScene            - Entity added to scene
11:19:44.612 [JavaFX Application Thread] DEBUG GameScene            - Added MainViewComponent
11:19:44.613 [JavaFX Application Thread] DEBUG GameScene            - Entity added to scene
11:19:44.613 [JavaFX Application Thread] DEBUG GameScene            - Added MainViewComponent
11:19:44.613 [JavaFX Application Thread] DEBUG GameScene            - Entity added to scene
11:19:44.613 [JavaFX Application Thread] DEBUG GameScene            - Added MainViewComponent
11:19:44.613 [JavaFX Application Thread] DEBUG GameScene            - Entity added to scene
11:19:44.614 [JavaFX Application Thread] DEBUG GameScene            - Added MainViewComponent
11:19:44.614 [JavaFX Application Thread] DEBUG GameScene            - Entity added to scene
11:19:44.614 [JavaFX Application Thread] DEBUG GameScene            - Added MainViewComponent
11:19:44.614 [JavaFX Application Thread] DEBUG GameScene            - Entity added to scene
11:19:44.614 [JavaFX Application Thread] DEBUG GameScene            - Added MainViewComponent
11:19:44.614 [JavaFX Application Thread] DEBUG GameScene            - Entity added to scene
11:19:44.614 [JavaFX Application Thread] DEBUG GameScene            - Added MainViewComponent
11:19:44.614 [JavaFX Application Thread] DEBUG GameScene            - Entity added to scene
11:19:44.615 [JavaFX Application Thread] DEBUG GameScene            - Added MainViewComponent
11:19:44.615 [JavaFX Application Thread] DEBUG GameScene            - Entity added to scene
11:19:44.615 [JavaFX Application Thread] DEBUG GameScene            - Added MainViewComponent
11:19:44.615 [JavaFX Application Thread] DEBUG GameScene            - Entity added to scene
11:19:44.615 [JavaFX Application Thread] DEBUG GameScene            - Added MainViewComponent
11:19:44.615 [JavaFX Application Thread] DEBUG GameScene            - Entity added to scene
11:19:44.615 [JavaFX Application Thread] DEBUG GameScene            - Added MainViewComponent
11:19:44.615 [JavaFX Application Thread] DEBUG GameScene            - Entity added to scene
11:19:44.615 [JavaFX Application Thread] DEBUG GameScene            - Added MainViewComponent
11:19:44.616 [JavaFX Application Thread] DEBUG GameScene            - Entity added to scene
11:19:44.616 [JavaFX Application Thread] DEBUG GameScene            - Added MainViewComponent
11:19:44.616 [JavaFX Application Thread] DEBUG GameScene            - Entity added to scene
11:19:44.616 [JavaFX Application Thread] DEBUG GameScene            - Added MainViewComponent
11:19:44.616 [JavaFX Application Thread] DEBUG GameScene            - Entity added to scene
11:19:44.616 [JavaFX Application Thread] DEBUG GameScene            - Added MainViewComponent
11:19:44.616 [JavaFX Application Thread] DEBUG GameScene            - Entity added to scene
11:19:44.616 [JavaFX Application Thread] DEBUG GameScene            - Added MainViewComponent
11:19:44.617 [JavaFX Application Thread] DEBUG GameScene            - Entity added to scene
11:19:44.617 [JavaFX Application Thread] DEBUG GameScene            - Added MainViewComponent
11:19:44.617 [JavaFX Application Thread] DEBUG GameScene            - Entity added to scene
11:19:44.617 [JavaFX Application Thread] DEBUG GameScene            - Added MainViewComponent
11:19:44.617 [JavaFX Application Thread] DEBUG GameScene            - Entity added to scene
11:19:44.617 [JavaFX Application Thread] DEBUG GameScene            - Added MainViewComponent
11:19:44.617 [JavaFX Application Thread] DEBUG GameScene            - Entity added to scene
11:19:44.617 [JavaFX Application Thread] DEBUG GameScene            - Added MainViewComponent
11:19:44.617 [JavaFX Application Thread] DEBUG GameScene            - Entity added to scene
11:19:44.617 [JavaFX Application Thread] DEBUG GameScene            - Added MainViewComponent
11:19:44.618 [JavaFX Application Thread] DEBUG GameScene            - Entity added to scene
11:19:44.618 [JavaFX Application Thread] DEBUG GameScene            - Added MainViewComponent
11:19:44.618 [JavaFX Application Thread] DEBUG GameScene            - Entity added to scene
11:19:44.618 [JavaFX Application Thread] DEBUG GameScene            - Added MainViewComponent
11:19:44.618 [JavaFX Application Thread] DEBUG GameScene            - Entity added to scene
11:19:44.618 [JavaFX Application Thread] DEBUG GameScene            - Added MainViewComponent
11:19:44.618 [JavaFX Application Thread] DEBUG GameScene            - Entity added to scene
11:19:44.618 [JavaFX Application Thread] DEBUG GameScene            - Added MainViewComponent
11:19:44.618 [JavaFX Application Thread] DEBUG GameScene            - Entity added to scene
11:19:44.618 [JavaFX Application Thread] DEBUG GameScene            - Added MainViewComponent
11:19:44.619 [JavaFX Application Thread] DEBUG GameScene            - Entity added to scene
11:19:44.619 [JavaFX Application Thread] DEBUG GameScene            - Added MainViewComponent
11:19:44.619 [JavaFX Application Thread] DEBUG GameScene            - Entity added to scene
11:19:44.619 [JavaFX Application Thread] DEBUG GameScene            - Added MainViewComponent
11:19:44.619 [JavaFX Application Thread] DEBUG GameScene            - Entity added to scene
11:19:44.619 [JavaFX Application Thread] DEBUG GameScene            - Added MainViewComponent
11:19:44.619 [JavaFX Application Thread] DEBUG GameScene            - Entity added to scene
11:19:44.619 [JavaFX Application Thread] DEBUG GameScene            - Added MainViewComponent
11:19:44.619 [JavaFX Application Thread] DEBUG GameScene            - Entity added to scene
11:19:44.619 [JavaFX Application Thread] DEBUG GameScene            - Added MainViewComponent
11:19:44.620 [JavaFX Application Thread] DEBUG GameScene            - Entity added to scene
11:19:44.620 [JavaFX Application Thread] DEBUG GameScene            - Added MainViewComponent
11:19:44.620 [JavaFX Application Thread] DEBUG GameScene            - Entity added to scene
11:19:44.620 [JavaFX Application Thread] DEBUG GameScene            - Added MainViewComponent
11:19:44.620 [JavaFX Application Thread] DEBUG GameScene            - Entity added to scene
11:19:44.620 [JavaFX Application Thread] DEBUG GameScene            - Added MainViewComponent
11:19:44.620 [JavaFX Application Thread] DEBUG GameScene            - Entity added to scene
11:19:44.620 [JavaFX Application Thread] DEBUG GameScene            - Added MainViewComponent
11:19:44.620 [JavaFX Application Thread] DEBUG GameScene            - Entity added to scene
11:19:44.620 [JavaFX Application Thread] DEBUG GameScene            - Added MainViewComponent
11:19:44.621 [JavaFX Application Thread] DEBUG GameScene            - Entity added to scene
11:19:44.621 [JavaFX Application Thread] DEBUG GameScene            - Added MainViewComponent
11:19:44.621 [JavaFX Application Thread] DEBUG GameScene            - Entity added to scene
11:19:44.621 [JavaFX Application Thread] DEBUG GameScene            - Added MainViewComponent
11:19:44.621 [JavaFX Application Thread] DEBUG GameScene            - Entity added to scene
11:19:44.621 [JavaFX Application Thread] DEBUG GameScene            - Added MainViewComponent
11:19:44.621 [JavaFX Application Thread] DEBUG GameScene            - Entity added to scene
11:19:44.621 [JavaFX Application Thread] DEBUG GameScene            - Added MainViewComponent
11:19:44.621 [JavaFX Application Thread] DEBUG GameScene            - Entity added to scene
11:19:44.621 [JavaFX Application Thread] DEBUG GameScene            - Added MainViewComponent
11:19:44.622 [JavaFX Application Thread] DEBUG GameScene            - Entity added to scene
11:19:44.622 [JavaFX Application Thread] DEBUG GameScene            - Added MainViewComponent
11:19:44.622 [JavaFX Application Thread] DEBUG GameScene            - Entity added to scene
11:19:44.622 [JavaFX Application Thread] DEBUG GameScene            - Added MainViewComponent
11:19:44.622 [JavaFX Application Thread] DEBUG GameScene            - Entity added to scene
11:19:44.622 [JavaFX Application Thread] DEBUG GameScene            - Added MainViewComponent
11:19:44.622 [JavaFX Application Thread] DEBUG GameScene            - Entity added to scene
11:19:44.622 [JavaFX Application Thread] DEBUG GameScene            - Added MainViewComponent
11:19:44.622 [JavaFX Application Thread] DEBUG GameScene            - Entity added to scene
11:19:44.622 [JavaFX Application Thread] DEBUG GameScene            - Added MainViewComponent
11:19:44.623 [JavaFX Application Thread] DEBUG GameScene            - Entity added to scene
11:19:44.623 [JavaFX Application Thread] DEBUG GameScene            - Added MainViewComponent
11:19:44.623 [JavaFX Application Thread] DEBUG GameScene            - Entity added to scene
11:19:44.623 [JavaFX Application Thread] DEBUG GameScene            - Added MainViewComponent
11:19:44.623 [JavaFX Application Thread] DEBUG GameScene            - Entity added to scene
11:19:44.623 [JavaFX Application Thread] DEBUG GameScene            - Added MainViewComponent
11:19:44.624 [JavaFX Application Thread] DEBUG GameScene            - Entity added to scene
11:19:44.624 [JavaFX Application Thread] DEBUG GameScene            - Added MainViewComponent
11:19:44.624 [JavaFX Application Thread] DEBUG GameScene            - Entity added to scene
11:19:44.624 [JavaFX Application Thread] DEBUG GameScene            - Added MainViewComponent
11:19:44.624 [JavaFX Application Thread] DEBUG GameScene            - Entity added to scene
11:19:44.624 [JavaFX Application Thread] DEBUG GameScene            - Added MainViewComponent
11:19:44.624 [JavaFX Application Thread] DEBUG GameScene            - Entity added to scene
11:19:44.624 [JavaFX Application Thread] DEBUG GameScene            - Added MainViewComponent
11:19:44.625 [JavaFX Application Thread] DEBUG GameScene            - Entity added to scene
11:19:44.625 [JavaFX Application Thread] DEBUG GameScene            - Added MainViewComponent
11:19:44.625 [JavaFX Application Thread] DEBUG GameScene            - Entity added to scene
11:19:44.625 [JavaFX Application Thread] DEBUG GameScene            - Added MainViewComponent
11:19:44.625 [JavaFX Application Thread] DEBUG GameScene            - Entity added to scene
11:19:44.625 [JavaFX Application Thread] DEBUG GameScene            - Added MainViewComponent
11:19:44.625 [JavaFX Application Thread] DEBUG GameScene            - Entity added to scene
11:19:44.625 [JavaFX Application Thread] DEBUG GameScene            - Added MainViewComponent
11:19:44.625 [JavaFX Application Thread] DEBUG GameScene            - Entity added to scene
11:19:44.625 [JavaFX Application Thread] DEBUG GameScene            - Added MainViewComponent
11:19:44.625 [JavaFX Application Thread] DEBUG GameScene            - Entity added to scene
11:19:44.626 [JavaFX Application Thread] DEBUG GameScene            - Added MainViewComponent
11:19:44.626 [JavaFX Application Thread] DEBUG GameScene            - Entity added to scene
11:19:44.626 [JavaFX Application Thread] DEBUG GameScene            - Added MainViewComponent
11:19:44.626 [JavaFX Application Thread] DEBUG GameScene            - Entity added to scene
11:19:44.626 [JavaFX Application Thread] DEBUG GameScene            - Added MainViewComponent
11:19:44.626 [JavaFX Application Thread] DEBUG GameScene            - Entity added to scene
11:19:44.626 [JavaFX Application Thread] DEBUG GameScene            - Added MainViewComponent
11:19:44.626 [JavaFX Application Thread] DEBUG GameScene            - Entity added to scene
11:19:44.626 [JavaFX Application Thread] DEBUG GameScene            - Added MainViewComponent
11:19:44.627 [JavaFX Application Thread] DEBUG GameScene            - Entity added to scene
11:19:44.627 [JavaFX Application Thread] DEBUG GameScene            - Added MainViewComponent
11:19:44.627 [JavaFX Application Thread] DEBUG GameScene            - Entity added to scene
11:19:44.627 [JavaFX Application Thread] DEBUG GameScene            - Added MainViewComponent
11:19:44.629 [JavaFX Application Thread] DEBUG GameScene            - Entity added to scene
11:19:44.629 [JavaFX Application Thread] DEBUG GameScene            - Added MainViewComponent
11:19:44.629 [JavaFX Application Thread] DEBUG GameScene            - Entity added to scene
11:19:44.629 [JavaFX Application Thread] DEBUG GameScene            - Added MainViewComponent
11:19:44.630 [JavaFX Application Thread] DEBUG GameScene            - Entity added to scene
11:19:44.630 [JavaFX Application Thread] DEBUG GameScene            - Added MainViewComponent
11:19:44.630 [JavaFX Application Thread] DEBUG GameScene            - Entity added to scene
11:19:44.630 [JavaFX Application Thread] DEBUG GameScene            - Added MainViewComponent
11:19:44.630 [JavaFX Application Thread] DEBUG GameScene            - Entity added to scene
11:19:44.631 [JavaFX Application Thread] DEBUG GameScene            - Added MainViewComponent
11:19:44.631 [JavaFX Application Thread] DEBUG GameScene            - Entity added to scene
11:19:44.631 [JavaFX Application Thread] DEBUG GameScene            - Added MainViewComponent
11:19:44.631 [JavaFX Application Thread] DEBUG GameScene            - Entity added to scene
11:19:44.631 [JavaFX Application Thread] DEBUG GameScene            - Added MainViewComponent
11:19:44.631 [JavaFX Application Thread] DEBUG GameScene            - Entity added to scene
11:19:44.631 [JavaFX Application Thread] DEBUG GameScene            - Added MainViewComponent
11:19:44.631 [JavaFX Application Thread] DEBUG GameScene            - Entity added to scene
11:19:44.631 [JavaFX Application Thread] DEBUG GameScene            - Added MainViewComponent
11:19:44.632 [JavaFX Application Thread] DEBUG GameScene            - Entity added to scene
11:19:44.632 [JavaFX Application Thread] DEBUG GameScene            - Added MainViewComponent
11:19:44.632 [JavaFX Application Thread] DEBUG GameScene            - Entity added to scene
11:19:44.632 [JavaFX Application Thread] DEBUG GameScene            - Added MainViewComponent
11:19:44.632 [JavaFX Application Thread] DEBUG GameScene            - Entity added to scene
11:19:44.632 [JavaFX Application Thread] DEBUG GameScene            - Added MainViewComponent
11:19:44.632 [JavaFX Application Thread] DEBUG GameScene            - Entity added to scene
11:19:44.633 [JavaFX Application Thread] DEBUG GameScene            - Added MainViewComponent
11:19:44.633 [JavaFX Application Thread] DEBUG GameScene            - Entity added to scene
11:19:44.633 [JavaFX Application Thread] DEBUG GameScene            - Added MainViewComponent
11:19:44.633 [JavaFX Application Thread] DEBUG GameScene            - Entity added to scene
11:19:44.633 [JavaFX Application Thread] DEBUG GameScene            - Added MainViewComponent
11:19:44.633 [JavaFX Application Thread] DEBUG GameScene            - Entity added to scene
11:19:44.633 [JavaFX Application Thread] DEBUG GameScene            - Added MainViewComponent
11:19:44.633 [JavaFX Application Thread] DEBUG GameScene            - Entity added to scene
11:19:44.633 [JavaFX Application Thread] DEBUG GameScene            - Added MainViewComponent
11:19:44.634 [JavaFX Application Thread] DEBUG GameScene            - Entity added to scene
11:19:44.634 [JavaFX Application Thread] DEBUG GameScene            - Added MainViewComponent
11:19:44.634 [JavaFX Application Thread] DEBUG GameScene            - Entity added to scene
11:19:44.634 [JavaFX Application Thread] DEBUG GameScene            - Added MainViewComponent
11:19:44.634 [JavaFX Application Thread] DEBUG GameScene            - Entity added to scene
11:19:44.634 [JavaFX Application Thread] DEBUG GameScene            - Added MainViewComponent
11:19:44.634 [JavaFX Application Thread] DEBUG GameScene            - Entity added to scene
11:19:44.634 [JavaFX Application Thread] DEBUG GameScene            - Added MainViewComponent
11:19:44.635 [JavaFX Application Thread] DEBUG GameScene            - Entity added to scene
11:19:44.635 [JavaFX Application Thread] DEBUG GameScene            - Added MainViewComponent
11:19:44.635 [JavaFX Application Thread] DEBUG GameScene            - Entity added to scene
11:19:44.635 [JavaFX Application Thread] DEBUG GameScene            - Added MainViewComponent
11:19:44.635 [JavaFX Application Thread] DEBUG GameScene            - Entity added to scene
11:19:44.635 [JavaFX Application Thread] DEBUG GameScene            - Added MainViewComponent
11:19:44.635 [JavaFX Application Thread] DEBUG GameScene            - Entity added to scene
11:19:44.636 [JavaFX Application Thread] DEBUG GameScene            - Added MainViewComponent
11:19:44.636 [JavaFX Application Thread] DEBUG GameScene            - Entity added to scene
11:19:44.636 [JavaFX Application Thread] DEBUG GameScene            - Added MainViewComponent
11:19:44.636 [JavaFX Application Thread] DEBUG GameScene            - Entity added to scene
11:19:44.636 [JavaFX Application Thread] DEBUG GameScene            - Added MainViewComponent
11:19:44.636 [JavaFX Application Thread] DEBUG GameScene            - Entity added to scene
11:19:44.636 [JavaFX Application Thread] DEBUG GameScene            - Added MainViewComponent
11:19:44.636 [JavaFX Application Thread] DEBUG GameScene            - Entity added to scene
11:19:44.637 [JavaFX Application Thread] DEBUG GameScene            - Added MainViewComponent
11:19:44.637 [JavaFX Application Thread] DEBUG GameScene            - Entity added to scene
11:19:44.637 [JavaFX Application Thread] DEBUG GameScene            - Added MainViewComponent
11:19:44.637 [JavaFX Application Thread] DEBUG GameScene            - Entity added to scene
11:19:44.637 [JavaFX Application Thread] DEBUG GameScene            - Added MainViewComponent
11:19:44.637 [JavaFX Application Thread] DEBUG GameScene            - Entity added to scene
11:19:44.637 [JavaFX Application Thread] DEBUG GameScene            - Added MainViewComponent
11:19:44.638 [JavaFX Application Thread] DEBUG GameScene            - Entity added to scene
11:19:44.638 [JavaFX Application Thread] DEBUG GameScene            - Added MainViewComponent
11:19:44.638 [JavaFX Application Thread] DEBUG GameScene            - Entity added to scene
11:19:44.638 [JavaFX Application Thread] DEBUG GameScene            - Added MainViewComponent
11:19:44.638 [JavaFX Application Thread] DEBUG GameScene            - Entity added to scene
11:19:44.638 [JavaFX Application Thread] DEBUG GameScene            - Added MainViewComponent
11:19:44.639 [JavaFX Application Thread] DEBUG GameScene            - Entity added to scene
11:19:44.639 [JavaFX Application Thread] DEBUG GameScene            - Added MainViewComponent
11:19:44.639 [JavaFX Application Thread] DEBUG GameScene            - Entity added to scene
11:19:44.639 [JavaFX Application Thread] DEBUG GameScene            - Added MainViewComponent
11:19:44.639 [JavaFX Application Thread] DEBUG GameScene            - Entity added to scene
11:19:44.639 [JavaFX Application Thread] DEBUG GameScene            - Added MainViewComponent
11:19:44.640 [JavaFX Application Thread] DEBUG GameScene            - Entity added to scene
11:19:44.640 [JavaFX Application Thread] DEBUG GameScene            - Added MainViewComponent
11:19:44.640 [JavaFX Application Thread] DEBUG GameScene            - Entity added to scene
11:19:44.640 [JavaFX Application Thread] DEBUG GameScene            - Added MainViewComponent
11:19:44.641 [JavaFX Application Thread] DEBUG GameScene            - Entity added to scene
11:19:44.641 [JavaFX Application Thread] DEBUG GameScene            - Added MainViewComponent
11:19:44.641 [JavaFX Application Thread] DEBUG GameScene            - Entity added to scene
11:19:44.641 [JavaFX Application Thread] DEBUG GameScene            - Added MainViewComponent
11:19:44.642 [JavaFX Application Thread] DEBUG GameScene            - Entity added to scene
11:19:44.642 [JavaFX Application Thread] DEBUG GameScene            - Added MainViewComponent
11:19:44.642 [JavaFX Application Thread] DEBUG GameScene            - Entity added to scene
11:19:44.642 [JavaFX Application Thread] DEBUG GameScene            - Added MainViewComponent
11:19:44.643 [JavaFX Application Thread] DEBUG GameScene            - Entity added to scene
11:19:44.643 [JavaFX Application Thread] DEBUG GameScene            - Added MainViewComponent
11:19:44.643 [JavaFX Application Thread] DEBUG GameScene            - Entity added to scene
11:19:44.643 [JavaFX Application Thread] DEBUG GameScene            - Added MainViewComponent
11:19:44.643 [JavaFX Application Thread] DEBUG GameScene            - Entity added to scene
11:19:44.643 [JavaFX Application Thread] DEBUG GameScene            - Added MainViewComponent
11:19:44.643 [JavaFX Application Thread] DEBUG GameScene            - Entity added to scene
11:19:44.643 [JavaFX Application Thread] DEBUG GameScene            - Added MainViewComponent
11:19:44.643 [JavaFX Application Thread] DEBUG GameScene            - Entity added to scene
11:19:44.643 [JavaFX Application Thread] DEBUG GameScene            - Added MainViewComponent
11:19:44.643 [JavaFX Application Thread] DEBUG GameScene            - Entity added to scene
11:19:44.643 [JavaFX Application Thread] DEBUG GameScene            - Added MainViewComponent
11:19:44.644 [JavaFX Application Thread] DEBUG GameScene            - Entity added to scene
11:19:44.644 [JavaFX Application Thread] DEBUG GameScene            - Added MainViewComponent
11:19:44.644 [JavaFX Application Thread] DEBUG GameScene            - Entity added to scene
11:19:44.644 [JavaFX Application Thread] DEBUG GameScene            - Added MainViewComponent
11:19:44.644 [JavaFX Application Thread] DEBUG GameScene            - Entity added to scene
11:19:44.644 [JavaFX Application Thread] DEBUG GameScene            - Added MainViewComponent
11:19:44.644 [JavaFX Application Thread] DEBUG GameScene            - Entity added to scene
11:19:44.644 [JavaFX Application Thread] DEBUG GameScene            - Added MainViewComponent
11:19:44.645 [JavaFX Application Thread] DEBUG GameScene            - Entity added to scene
11:19:44.645 [JavaFX Application Thread] DEBUG GameScene            - Added MainViewComponent
11:19:44.645 [JavaFX Application Thread] DEBUG GameScene            - Entity added to scene
11:19:44.645 [JavaFX Application Thread] DEBUG GameScene            - Added MainViewComponent
11:19:44.645 [JavaFX Application Thread] DEBUG GameScene            - Entity added to scene
11:19:44.645 [JavaFX Application Thread] DEBUG GameScene            - Added MainViewComponent
11:19:44.646 [JavaFX Application Thread] DEBUG GameScene            - Entity added to scene
11:19:44.646 [JavaFX Application Thread] DEBUG GameScene            - Added MainViewComponent
11:19:44.646 [JavaFX Application Thread] DEBUG GameScene            - Entity added to scene
11:19:44.646 [JavaFX Application Thread] DEBUG GameScene            - Added MainViewComponent
11:19:44.646 [JavaFX Application Thread] DEBUG GameScene            - Entity added to scene
11:19:44.646 [JavaFX Application Thread] DEBUG GameScene            - Added MainViewComponent
11:19:44.646 [JavaFX Application Thread] DEBUG GameScene            - Entity added to scene
11:19:44.646 [JavaFX Application Thread] DEBUG GameScene            - Added MainViewComponent
11:19:44.646 [JavaFX Application Thread] DEBUG GameScene            - Entity added to scene
11:19:44.646 [JavaFX Application Thread] DEBUG GameScene            - Added MainViewComponent
11:19:44.646 [JavaFX Application Thread] DEBUG GameScene            - Entity added to scene
11:19:44.647 [JavaFX Application Thread] DEBUG GameScene            - Added MainViewComponent
11:19:44.647 [JavaFX Application Thread] DEBUG GameScene            - Entity added to scene
11:19:44.647 [JavaFX Application Thread] DEBUG GameScene            - Added MainViewComponent
11:19:44.647 [JavaFX Application Thread] DEBUG GameScene            - Entity added to scene
11:19:44.647 [JavaFX Application Thread] DEBUG GameScene            - Added MainViewComponent
11:19:44.647 [JavaFX Application Thread] DEBUG GameScene            - Entity added to scene
11:19:44.647 [JavaFX Application Thread] DEBUG GameScene            - Added MainViewComponent
11:19:44.647 [JavaFX Application Thread] DEBUG GameScene            - Entity added to scene
11:19:44.647 [JavaFX Application Thread] DEBUG GameScene            - Added MainViewComponent
11:19:44.647 [JavaFX Application Thread] DEBUG GameScene            - Entity added to scene
11:19:44.647 [JavaFX Application Thread] DEBUG GameScene            - Added MainViewComponent
11:19:44.648 [JavaFX Application Thread] DEBUG GameScene            - Entity added to scene
11:19:44.648 [JavaFX Application Thread] DEBUG GameScene            - Added MainViewComponent
11:19:44.648 [JavaFX Application Thread] DEBUG GameScene            - Entity added to scene
11:19:44.648 [JavaFX Application Thread] DEBUG GameScene            - Added MainViewComponent
11:19:44.648 [JavaFX Application Thread] DEBUG GameScene            - Entity added to scene
11:19:44.648 [JavaFX Application Thread] DEBUG GameScene            - Added MainViewComponent
11:19:44.648 [JavaFX Application Thread] DEBUG GameScene            - Entity added to scene
11:19:44.648 [JavaFX Application Thread] DEBUG GameScene            - Added MainViewComponent
11:19:44.648 [JavaFX Application Thread] DEBUG GameScene            - Entity added to scene
11:19:44.648 [JavaFX Application Thread] DEBUG GameScene            - Added MainViewComponent
11:19:44.649 [JavaFX Application Thread] DEBUG GameScene            - Entity added to scene
11:19:44.649 [JavaFX Application Thread] DEBUG GameScene            - Added MainViewComponent
11:19:44.649 [JavaFX Application Thread] DEBUG GameScene            - Entity added to scene
11:19:44.649 [JavaFX Application Thread] DEBUG GameScene            - Added MainViewComponent
11:19:44.650 [JavaFX Application Thread] DEBUG GameScene            - Entity added to scene
11:19:44.650 [JavaFX Application Thread] DEBUG GameScene            - Added MainViewComponent
11:19:44.650 [JavaFX Application Thread] DEBUG GameScene            - Entity added to scene
11:19:44.650 [JavaFX Application Thread] DEBUG GameScene            - Added MainViewComponent
11:19:44.650 [JavaFX Application Thread] DEBUG GameScene            - Entity added to scene
11:19:44.650 [JavaFX Application Thread] DEBUG GameScene            - Added MainViewComponent
11:19:44.650 [JavaFX Application Thread] DEBUG GameScene            - Entity added to scene
11:19:44.651 [JavaFX Application Thread] DEBUG GameScene            - Added MainViewComponent
11:19:44.651 [JavaFX Application Thread] DEBUG GameScene            - Entity added to scene
11:19:44.651 [JavaFX Application Thread] DEBUG GameScene            - Added MainViewComponent
11:19:44.651 [JavaFX Application Thread] DEBUG GameScene            - Entity added to scene
11:19:44.651 [JavaFX Application Thread] DEBUG GameScene            - Added MainViewComponent
11:19:44.651 [JavaFX Application Thread] DEBUG GameScene            - Entity added to scene
11:19:44.651 [JavaFX Application Thread] DEBUG GameScene            - Added MainViewComponent
11:19:44.651 [JavaFX Application Thread] DEBUG GameScene            - Entity added to scene
11:19:44.651 [JavaFX Application Thread] DEBUG GameScene            - Added MainViewComponent
11:19:44.652 [JavaFX Application Thread] DEBUG GameScene            - Entity added to scene
11:19:44.652 [JavaFX Application Thread] DEBUG GameScene            - Added MainViewComponent
11:19:44.652 [JavaFX Application Thread] DEBUG GameScene            - Entity added to scene
11:19:44.652 [JavaFX Application Thread] DEBUG GameScene            - Added MainViewComponent
11:19:44.652 [JavaFX Application Thread] DEBUG GameScene            - Entity added to scene
11:19:44.652 [JavaFX Application Thread] DEBUG GameScene            - Added MainViewComponent
11:19:44.652 [JavaFX Application Thread] DEBUG GameScene            - Entity added to scene
11:19:44.652 [JavaFX Application Thread] DEBUG GameScene            - Added MainViewComponent
11:19:44.653 [JavaFX Application Thread] DEBUG GameScene            - Entity added to scene
11:19:44.653 [JavaFX Application Thread] DEBUG GameScene            - Added MainViewComponent
11:19:44.653 [JavaFX Application Thread] DEBUG GameScene            - Entity added to scene
11:19:44.653 [JavaFX Application Thread] DEBUG GameScene            - Added MainViewComponent
11:19:44.653 [JavaFX Application Thread] DEBUG GameScene            - Entity added to scene
11:19:44.653 [JavaFX Application Thread] DEBUG GameScene            - Added MainViewComponent
11:19:44.653 [JavaFX Application Thread] DEBUG GameScene            - Entity added to scene
11:19:44.653 [JavaFX Application Thread] DEBUG GameScene            - Added MainViewComponent
11:19:44.653 [JavaFX Application Thread] DEBUG GameScene            - Entity added to scene
11:19:44.653 [JavaFX Application Thread] DEBUG GameScene            - Added MainViewComponent
11:19:44.654 [JavaFX Application Thread] DEBUG GameScene            - Entity added to scene
11:19:44.654 [JavaFX Application Thread] DEBUG GameScene            - Added MainViewComponent
11:19:44.654 [JavaFX Application Thread] DEBUG GameScene            - Entity added to scene
11:19:44.654 [JavaFX Application Thread] DEBUG GameScene            - Added MainViewComponent
11:19:44.654 [JavaFX Application Thread] DEBUG GameScene            - Entity added to scene
11:19:44.654 [JavaFX Application Thread] DEBUG GameScene            - Added MainViewComponent
11:19:44.654 [JavaFX Application Thread] DEBUG GameScene            - Entity added to scene
11:19:44.654 [JavaFX Application Thread] DEBUG GameScene            - Added MainViewComponent
11:19:44.655 [JavaFX Application Thread] DEBUG GameScene            - Entity added to scene
11:19:44.655 [JavaFX Application Thread] DEBUG GameScene            - Added MainViewComponent
11:19:44.655 [JavaFX Application Thread] DEBUG GameScene            - Entity added to scene
11:19:44.655 [JavaFX Application Thread] DEBUG GameScene            - Added MainViewComponent
11:19:44.655 [JavaFX Application Thread] DEBUG GameScene            - Entity added to scene
11:19:44.655 [JavaFX Application Thread] DEBUG GameScene            - Added MainViewComponent
11:19:44.655 [JavaFX Application Thread] DEBUG GameScene            - Entity added to scene
11:19:44.655 [JavaFX Application Thread] DEBUG GameScene            - Added MainViewComponent
11:19:44.656 [JavaFX Application Thread] DEBUG GameScene            - Entity added to scene
11:19:44.656 [JavaFX Application Thread] DEBUG GameScene            - Added MainViewComponent
11:19:44.656 [JavaFX Application Thread] DEBUG GameScene            - Entity added to scene
11:19:44.656 [JavaFX Application Thread] DEBUG GameScene            - Added MainViewComponent
11:19:44.656 [JavaFX Application Thread] DEBUG GameScene            - Entity added to scene
11:19:44.656 [JavaFX Application Thread] DEBUG GameScene            - Added MainViewComponent
11:19:44.656 [JavaFX Application Thread] DEBUG GameScene            - Entity added to scene
11:19:44.656 [JavaFX Application Thread] DEBUG GameScene            - Added MainViewComponent
11:19:44.657 [JavaFX Application Thread] DEBUG GameScene            - Entity added to scene
11:19:44.657 [JavaFX Application Thread] DEBUG GameScene            - Added MainViewComponent
11:19:44.657 [JavaFX Application Thread] DEBUG GameScene            - Entity added to scene
11:19:44.657 [JavaFX Application Thread] DEBUG GameScene            - Added MainViewComponent
11:19:44.657 [JavaFX Application Thread] DEBUG GameScene            - Entity added to scene
11:19:44.657 [JavaFX Application Thread] DEBUG GameScene            - Added MainViewComponent
11:19:44.657 [JavaFX Application Thread] DEBUG GameScene            - Entity added to scene
11:19:44.657 [JavaFX Application Thread] DEBUG GameScene            - Added MainViewComponent
11:19:44.658 [JavaFX Application Thread] DEBUG GameScene            - Entity added to scene
11:19:44.658 [JavaFX Application Thread] DEBUG GameScene            - Added MainViewComponent
11:19:44.658 [JavaFX Application Thread] DEBUG GameScene            - Entity added to scene
11:19:44.658 [JavaFX Application Thread] DEBUG GameScene            - Added MainViewComponent
11:19:44.658 [JavaFX Application Thread] DEBUG GameScene            - Entity added to scene
11:19:44.658 [JavaFX Application Thread] DEBUG GameScene            - Added MainViewComponent
11:19:44.659 [JavaFX Application Thread] DEBUG GameScene            - Entity added to scene
11:19:44.659 [JavaFX Application Thread] DEBUG GameScene            - Added MainViewComponent
11:19:44.659 [JavaFX Application Thread] DEBUG GameScene            - Entity added to scene
11:19:44.659 [JavaFX Application Thread] DEBUG GameScene            - Added MainViewComponent
11:19:44.659 [JavaFX Application Thread] DEBUG GameScene            - Entity added to scene
11:19:44.659 [JavaFX Application Thread] DEBUG GameScene            - Added MainViewComponent
11:19:44.659 [JavaFX Application Thread] DEBUG GameScene            - Entity added to scene
11:19:44.659 [JavaFX Application Thread] DEBUG GameScene            - Added MainViewComponent
11:19:44.659 [JavaFX Application Thread] DEBUG GameScene            - Entity added to scene
11:19:44.659 [JavaFX Application Thread] DEBUG GameScene            - Added MainViewComponent
11:19:44.660 [JavaFX Application Thread] DEBUG GameScene            - Entity added to scene
11:19:44.660 [JavaFX Application Thread] DEBUG GameScene            - Added MainViewComponent
11:19:44.660 [JavaFX Application Thread] DEBUG GameScene            - Entity added to scene
11:19:44.660 [JavaFX Application Thread] DEBUG GameScene            - Added MainViewComponent
11:19:44.660 [JavaFX Application Thread] DEBUG GameScene            - Entity added to scene
11:19:44.660 [JavaFX Application Thread] DEBUG GameScene            - Added MainViewComponent
11:19:44.660 [JavaFX Application Thread] DEBUG GameScene            - Entity added to scene
11:19:44.661 [JavaFX Application Thread] DEBUG GameScene            - Added MainViewComponent
11:19:44.661 [JavaFX Application Thread] DEBUG GameScene            - Entity added to scene
11:19:44.661 [JavaFX Application Thread] DEBUG GameScene            - Added MainViewComponent
11:19:44.661 [JavaFX Application Thread] DEBUG GameScene            - Entity added to scene
11:19:44.661 [JavaFX Application Thread] DEBUG GameScene            - Added MainViewComponent
11:19:44.661 [JavaFX Application Thread] DEBUG GameScene            - Entity added to scene
11:19:44.661 [JavaFX Application Thread] DEBUG GameScene            - Added MainViewComponent
11:19:44.661 [JavaFX Application Thread] DEBUG GameScene            - Entity added to scene
11:19:44.662 [JavaFX Application Thread] DEBUG GameScene            - Added MainViewComponent
11:19:44.662 [JavaFX Application Thread] DEBUG GameScene            - Entity added to scene
11:19:44.662 [JavaFX Application Thread] DEBUG GameScene            - Added MainViewComponent
11:19:44.662 [JavaFX Application Thread] DEBUG GameScene            - Entity added to scene
11:19:44.662 [JavaFX Application Thread] DEBUG GameScene            - Added MainViewComponent
11:19:44.662 [JavaFX Application Thread] DEBUG GameScene            - Entity added to scene
11:19:44.662 [JavaFX Application Thread] DEBUG GameScene            - Added MainViewComponent
11:19:44.663 [JavaFX Application Thread] DEBUG GameScene            - Entity added to scene
11:19:44.663 [JavaFX Application Thread] DEBUG GameScene            - Added MainViewComponent
11:19:44.663 [JavaFX Application Thread] DEBUG GameScene            - Entity added to scene
11:19:44.663 [JavaFX Application Thread] DEBUG GameScene            - Added MainViewComponent
11:19:44.664 [JavaFX Application Thread] DEBUG GameScene            - Entity added to scene
11:19:44.664 [JavaFX Application Thread] DEBUG GameScene            - Added MainViewComponent
11:19:44.664 [JavaFX Application Thread] DEBUG GameScene            - Entity added to scene
11:19:44.664 [JavaFX Application Thread] DEBUG GameScene            - Added MainViewComponent
11:19:44.664 [JavaFX Application Thread] DEBUG GameScene            - Entity added to scene
11:19:44.665 [JavaFX Application Thread] DEBUG GameScene            - Added MainViewComponent
11:19:44.665 [JavaFX Application Thread] DEBUG GameScene            - Entity added to scene
11:19:44.665 [JavaFX Application Thread] DEBUG GameScene            - Added MainViewComponent
11:19:44.665 [JavaFX Application Thread] DEBUG GameScene            - Entity added to scene
11:19:44.665 [JavaFX Application Thread] DEBUG GameScene            - Added MainViewComponent
11:19:44.665 [JavaFX Application Thread] DEBUG GameScene            - Entity added to scene
11:19:44.665 [JavaFX Application Thread] DEBUG GameScene            - Added MainViewComponent
11:19:44.666 [JavaFX Application Thread] DEBUG GameScene            - Entity added to scene
11:19:44.666 [JavaFX Application Thread] DEBUG GameScene            - Added MainViewComponent
11:19:44.666 [JavaFX Application Thread] DEBUG GameScene            - Entity added to scene
11:19:44.666 [JavaFX Application Thread] DEBUG GameScene            - Added MainViewComponent
11:19:44.666 [JavaFX Application Thread] DEBUG GameScene            - Entity added to scene
11:19:44.666 [JavaFX Application Thread] DEBUG GameScene            - Added MainViewComponent
11:19:44.667 [JavaFX Application Thread] DEBUG GameScene            - Entity added to scene
11:19:44.667 [JavaFX Application Thread] DEBUG GameScene            - Added MainViewComponent
11:19:44.667 [JavaFX Application Thread] DEBUG GameScene            - Entity added to scene
11:19:44.667 [JavaFX Application Thread] DEBUG GameScene            - Added MainViewComponent
11:19:44.667 [JavaFX Application Thread] DEBUG GameScene            - Entity added to scene
11:19:44.667 [JavaFX Application Thread] DEBUG GameScene            - Added MainViewComponent
11:19:44.667 [JavaFX Application Thread] DEBUG GameScene            - Entity added to scene
11:19:44.667 [JavaFX Application Thread] DEBUG GameScene            - Added MainViewComponent
11:19:44.668 [JavaFX Application Thread] DEBUG GameScene            - Entity added to scene
11:19:44.668 [JavaFX Application Thread] DEBUG GameScene            - Added MainViewComponent
11:19:44.668 [JavaFX Application Thread] DEBUG GameScene            - Entity added to scene
11:19:44.668 [JavaFX Application Thread] DEBUG GameScene            - Added MainViewComponent
11:19:44.668 [JavaFX Application Thread] DEBUG GameScene            - Entity added to scene
11:19:44.668 [JavaFX Application Thread] DEBUG GameScene            - Added MainViewComponent
11:19:44.669 [JavaFX Application Thread] DEBUG GameScene            - Entity added to scene
11:19:44.669 [JavaFX Application Thread] DEBUG GameScene            - Added MainViewComponent
11:19:44.669 [JavaFX Application Thread] DEBUG GameScene            - Entity added to scene
11:19:44.669 [JavaFX Application Thread] DEBUG GameScene            - Added MainViewComponent
11:19:44.669 [JavaFX Application Thread] DEBUG GameScene            - Entity added to scene
11:19:44.669 [JavaFX Application Thread] DEBUG GameScene            - Added MainViewComponent
11:19:44.669 [JavaFX Application Thread] DEBUG GameScene            - Entity added to scene
11:19:44.669 [JavaFX Application Thread] DEBUG GameScene            - Added MainViewComponent
11:19:44.669 [JavaFX Application Thread] DEBUG GameScene            - Entity added to scene
11:19:44.670 [JavaFX Application Thread] DEBUG GameScene            - Added MainViewComponent
11:19:44.670 [JavaFX Application Thread] DEBUG GameScene            - Entity added to scene
11:19:44.670 [JavaFX Application Thread] DEBUG GameScene            - Added MainViewComponent
11:19:44.670 [JavaFX Application Thread] DEBUG GameScene            - Entity added to scene
11:19:44.670 [JavaFX Application Thread] DEBUG GameScene            - Added MainViewComponent
11:19:44.670 [JavaFX Application Thread] DEBUG GameScene            - Entity added to scene
11:19:44.670 [JavaFX Application Thread] DEBUG GameScene            - Added MainViewComponent
11:19:44.670 [JavaFX Application Thread] DEBUG GameScene            - Entity added to scene
11:19:44.670 [JavaFX Application Thread] DEBUG GameScene            - Added MainViewComponent
11:19:44.671 [JavaFX Application Thread] DEBUG GameScene            - Entity added to scene
11:19:44.671 [JavaFX Application Thread] DEBUG GameScene            - Added MainViewComponent
11:19:44.671 [JavaFX Application Thread] DEBUG GameScene            - Entity added to scene
11:19:44.671 [JavaFX Application Thread] DEBUG GameScene            - Added MainViewComponent
11:19:44.671 [JavaFX Application Thread] DEBUG GameScene            - Entity added to scene
11:19:44.671 [JavaFX Application Thread] DEBUG GameScene            - Added MainViewComponent
11:19:44.671 [JavaFX Application Thread] DEBUG GameScene            - Entity added to scene
11:19:44.671 [JavaFX Application Thread] DEBUG GameScene            - Added MainViewComponent
11:19:44.671 [JavaFX Application Thread] DEBUG GameScene            - Entity added to scene
11:19:44.671 [JavaFX Application Thread] DEBUG GameScene            - Added MainViewComponent
11:19:44.672 [JavaFX Application Thread] DEBUG GameScene            - Entity added to scene
11:19:44.672 [JavaFX Application Thread] DEBUG GameScene            - Added MainViewComponent
11:19:44.672 [JavaFX Application Thread] DEBUG GameScene            - Entity added to scene
11:19:44.672 [JavaFX Application Thread] DEBUG GameScene            - Added MainViewComponent
11:19:44.672 [JavaFX Application Thread] DEBUG GameScene            - Entity added to scene
11:19:44.672 [JavaFX Application Thread] DEBUG GameScene            - Added MainViewComponent
11:19:44.672 [JavaFX Application Thread] DEBUG GameScene            - Entity added to scene
11:19:44.672 [JavaFX Application Thread] DEBUG GameScene            - Added MainViewComponent
11:19:44.672 [JavaFX Application Thread] DEBUG GameScene            - Entity added to scene
11:19:44.672 [JavaFX Application Thread] DEBUG GameScene            - Added MainViewComponent
11:19:44.673 [JavaFX Application Thread] DEBUG GameScene            - Entity added to scene
11:19:44.673 [JavaFX Application Thread] DEBUG GameScene            - Added MainViewComponent
11:19:44.673 [JavaFX Application Thread] DEBUG GameScene            - Entity added to scene
11:19:44.673 [JavaFX Application Thread] DEBUG GameScene            - Added MainViewComponent
11:19:44.673 [JavaFX Application Thread] DEBUG GameScene            - Entity added to scene
11:19:44.673 [JavaFX Application Thread] DEBUG GameScene            - Added MainViewComponent
11:19:44.673 [JavaFX Application Thread] DEBUG GameScene            - Entity added to scene
11:19:44.673 [JavaFX Application Thread] DEBUG GameScene            - Added MainViewComponent
11:19:44.674 [JavaFX Application Thread] DEBUG GameScene            - Entity added to scene
11:19:44.674 [JavaFX Application Thread] DEBUG GameScene            - Added MainViewComponent
11:19:44.674 [JavaFX Application Thread] DEBUG GameScene            - Entity added to scene
11:19:44.674 [JavaFX Application Thread] DEBUG GameScene            - Added MainViewComponent
11:19:44.674 [JavaFX Application Thread] DEBUG GameScene            - Entity added to scene
11:19:44.674 [JavaFX Application Thread] DEBUG GameScene            - Added MainViewComponent
11:19:44.674 [JavaFX Application Thread] DEBUG GameScene            - Entity added to scene
11:19:44.674 [JavaFX Application Thread] DEBUG GameScene            - Added MainViewComponent
11:19:44.675 [JavaFX Application Thread] DEBUG GameScene            - Entity added to scene
11:19:44.675 [JavaFX Application Thread] DEBUG GameScene            - Added MainViewComponent
11:19:44.675 [JavaFX Application Thread] DEBUG GameScene            - Entity added to scene
11:19:44.675 [JavaFX Application Thread] DEBUG GameScene            - Added MainViewComponent
11:19:44.675 [JavaFX Application Thread] DEBUG GameScene            - Entity added to scene
11:19:44.675 [JavaFX Application Thread] DEBUG GameScene            - Added MainViewComponent
11:19:44.675 [JavaFX Application Thread] DEBUG GameScene            - Entity added to scene
11:19:44.675 [JavaFX Application Thread] DEBUG GameScene            - Added MainViewComponent
11:19:44.676 [JavaFX Application Thread] DEBUG GameScene            - Entity added to scene
11:19:44.676 [JavaFX Application Thread] DEBUG GameScene            - Added MainViewComponent
11:19:44.676 [JavaFX Application Thread] DEBUG GameScene            - Entity added to scene
11:19:44.676 [JavaFX Application Thread] DEBUG GameScene            - Added MainViewComponent
11:19:44.676 [JavaFX Application Thread] DEBUG GameScene            - Entity added to scene
11:19:44.676 [JavaFX Application Thread] DEBUG GameScene            - Added MainViewComponent
11:19:44.676 [JavaFX Application Thread] DEBUG GameScene            - Entity added to scene
11:19:44.676 [JavaFX Application Thread] DEBUG GameScene            - Added MainViewComponent
11:19:44.677 [JavaFX Application Thread] DEBUG GameScene            - Entity added to scene
11:19:44.677 [JavaFX Application Thread] DEBUG GameScene            - Added MainViewComponent
11:19:44.677 [JavaFX Application Thread] DEBUG GameScene            - Entity added to scene
11:19:44.677 [JavaFX Application Thread] DEBUG GameScene            - Added MainViewComponent
11:19:44.677 [JavaFX Application Thread] DEBUG GameScene            - Entity added to scene
11:19:44.677 [JavaFX Application Thread] DEBUG GameScene            - Added MainViewComponent
11:19:44.677 [JavaFX Application Thread] DEBUG GameScene            - Entity added to scene
11:19:44.677 [JavaFX Application Thread] DEBUG GameScene            - Added MainViewComponent
11:19:44.677 [JavaFX Application Thread] DEBUG GameScene            - Entity added to scene
11:19:44.678 [JavaFX Application Thread] DEBUG GameScene            - Added MainViewComponent
11:19:44.678 [JavaFX Application Thread] DEBUG GameScene            - Entity added to scene
11:19:44.678 [JavaFX Application Thread] DEBUG GameScene            - Added MainViewComponent
11:19:44.678 [JavaFX Application Thread] DEBUG GameScene            - Entity added to scene
11:19:44.678 [JavaFX Application Thread] DEBUG GameScene            - Added MainViewComponent
11:19:44.678 [JavaFX Application Thread] DEBUG GameScene            - Entity added to scene
11:19:44.678 [JavaFX Application Thread] DEBUG GameScene            - Added MainViewComponent
11:19:44.678 [JavaFX Application Thread] DEBUG GameScene            - Entity added to scene
11:19:44.678 [JavaFX Application Thread] DEBUG GameScene            - Added MainViewComponent
11:19:44.679 [JavaFX Application Thread] DEBUG GameScene            - Entity added to scene
11:19:44.679 [JavaFX Application Thread] DEBUG GameScene            - Added MainViewComponent
11:19:44.679 [JavaFX Application Thread] DEBUG GameScene            - Entity added to scene
11:19:44.679 [JavaFX Application Thread] DEBUG GameScene            - Added MainViewComponent
11:19:44.679 [JavaFX Application Thread] DEBUG GameScene            - Entity added to scene
11:19:44.679 [JavaFX Application Thread] DEBUG GameScene            - Added MainViewComponent
11:19:44.679 [JavaFX Application Thread] DEBUG GameScene            - Entity added to scene
11:19:44.679 [JavaFX Application Thread] DEBUG GameScene            - Added MainViewComponent
11:19:44.679 [JavaFX Application Thread] DEBUG GameScene            - Entity added to scene
11:19:44.680 [JavaFX Application Thread] DEBUG GameScene            - Added MainViewComponent
11:19:44.680 [JavaFX Application Thread] DEBUG GameScene            - Entity added to scene
11:19:44.680 [JavaFX Application Thread] DEBUG GameScene            - Added MainViewComponent
11:19:44.680 [JavaFX Application Thread] DEBUG GameScene            - Entity added to scene
11:19:44.680 [JavaFX Application Thread] DEBUG GameScene            - Added MainViewComponent
11:19:44.680 [JavaFX Application Thread] DEBUG GameScene            - Entity added to scene
11:19:44.680 [JavaFX Application Thread] DEBUG GameScene            - Added MainViewComponent
11:19:44.680 [JavaFX Application Thread] DEBUG GameScene            - Entity added to scene
11:19:44.680 [JavaFX Application Thread] DEBUG GameScene            - Added MainViewComponent
11:19:44.681 [JavaFX Application Thread] DEBUG GameScene            - Entity added to scene
11:19:44.681 [JavaFX Application Thread] DEBUG GameScene            - Added MainViewComponent
11:19:44.681 [JavaFX Application Thread] DEBUG GameScene            - Creating render group for layer: TOP(2147483647)
11:19:44.681 [JavaFX Application Thread] DEBUG GameScene            - Entity added to scene
11:19:44.681 [JavaFX Application Thread] DEBUG GameScene            - Added MainViewComponent
11:19:44.681 [JavaFX Application Thread] DEBUG GameScene            - Entity added to scene
11:19:44.681 [JavaFX Application Thread] DEBUG GameScene            - Added MainViewComponent
11:19:44.682 [JavaFX Application Thread] DEBUG GameScene            - Entity added to scene
11:19:44.682 [JavaFX Application Thread] DEBUG GameScene            - Added MainViewComponent
11:19:44.682 [JavaFX Application Thread] DEBUG GameScene            - Entity added to scene
11:19:44.682 [JavaFX Application Thread] DEBUG GameScene            - Added MainViewComponent
11:19:44.682 [JavaFX Application Thread] DEBUG GameScene            - Entity added to scene
11:19:44.682 [JavaFX Application Thread] DEBUG GameScene            - Added MainViewComponent
11:19:44.682 [JavaFX Application Thread] DEBUG GameScene            - Entity added to scene
11:19:44.682 [JavaFX Application Thread] DEBUG GameScene            - Added MainViewComponent
11:19:44.682 [JavaFX Application Thread] DEBUG GameScene            - Entity added to scene
11:19:44.682 [JavaFX Application Thread] DEBUG GameScene            - Added MainViewComponent
11:19:44.682 [JavaFX Application Thread] DEBUG GameScene            - Entity added to scene
11:19:44.682 [JavaFX Application Thread] DEBUG GameScene            - Added MainViewComponent
11:19:44.683 [JavaFX Application Thread] DEBUG GameScene            - Entity added to scene
11:19:44.683 [JavaFX Application Thread] DEBUG GameScene            - Added MainViewComponent
11:19:44.683 [JavaFX Application Thread] DEBUG GameScene            - Entity added to scene
11:19:44.683 [JavaFX Application Thread] DEBUG GameScene            - Added MainViewComponent
11:19:44.683 [JavaFX Application Thread] DEBUG GameScene            - Entity added to scene
11:19:44.683 [JavaFX Application Thread] DEBUG GameScene            - Added MainViewComponent
11:19:44.683 [JavaFX Application Thread] DEBUG GameScene            - Entity added to scene
11:19:44.683 [JavaFX Application Thread] DEBUG GameScene            - Added MainViewComponent
11:19:44.683 [JavaFX Application Thread] DEBUG GameScene            - Entity added to scene
11:19:44.683 [JavaFX Application Thread] DEBUG GameScene            - Added MainViewComponent
11:19:44.683 [JavaFX Application Thread] DEBUG GameScene            - Entity added to scene
11:19:44.683 [JavaFX Application Thread] DEBUG GameScene            - Added MainViewComponent
11:19:44.684 [JavaFX Application Thread] DEBUG GameScene            - Entity added to scene
11:19:44.684 [JavaFX Application Thread] DEBUG GameScene            - Added MainViewComponent
11:19:44.684 [JavaFX Application Thread] DEBUG GameScene            - Entity added to scene
11:19:44.684 [JavaFX Application Thread] DEBUG GameScene            - Added MainViewComponent
11:19:44.684 [JavaFX Application Thread] DEBUG GameScene            - Entity added to scene
11:19:44.684 [JavaFX Application Thread] DEBUG GameScene            - Added MainViewComponent
11:19:44.684 [JavaFX Application Thread] DEBUG GameScene            - Entity added to scene
11:19:44.684 [JavaFX Application Thread] DEBUG GameScene            - Added MainViewComponent
11:19:44.684 [JavaFX Application Thread] DEBUG GameScene            - Entity added to scene
11:19:44.684 [JavaFX Application Thread] DEBUG GameScene            - Added MainViewComponent
11:19:44.684 [JavaFX Application Thread] DEBUG GameScene            - Entity added to scene
11:19:44.684 [JavaFX Application Thread] DEBUG GameScene            - Added MainViewComponent
11:19:44.684 [JavaFX Application Thread] DEBUG GameScene            - Entity added to scene
11:19:44.684 [JavaFX Application Thread] DEBUG GameScene            - Added MainViewComponent
11:19:44.684 [JavaFX Application Thread] DEBUG GameScene            - Entity added to scene
11:19:44.684 [JavaFX Application Thread] DEBUG GameScene            - Added MainViewComponent
11:19:44.685 [JavaFX Application Thread] DEBUG GameScene            - Entity added to scene
11:19:44.685 [JavaFX Application Thread] DEBUG GameScene            - Added MainViewComponent
11:19:44.685 [JavaFX Application Thread] DEBUG GameScene            - Entity added to scene
11:19:44.685 [JavaFX Application Thread] DEBUG GameScene            - Added MainViewComponent
11:19:44.685 [JavaFX Application Thread] DEBUG GameScene            - Entity added to scene
11:19:44.685 [JavaFX Application Thread] DEBUG GameScene            - Added MainViewComponent
11:19:44.685 [JavaFX Application Thread] DEBUG GameScene            - Entity added to scene
11:19:44.685 [JavaFX Application Thread] DEBUG GameScene            - Added MainViewComponent
11:19:44.685 [JavaFX Application Thread] DEBUG GameScene            - Entity added to scene
11:19:44.685 [JavaFX Application Thread] DEBUG GameScene            - Added MainViewComponent
11:19:44.685 [JavaFX Application Thread] DEBUG GameScene            - Entity added to scene
11:19:44.685 [JavaFX Application Thread] DEBUG GameScene            - Added MainViewComponent
11:19:44.685 [JavaFX Application Thread] DEBUG GameScene            - Entity added to scene
11:19:44.685 [JavaFX Application Thread] DEBUG GameScene            - Added MainViewComponent
11:19:44.686 [JavaFX Application Thread] DEBUG GameScene            - Entity added to scene
11:19:44.686 [JavaFX Application Thread] DEBUG GameScene            - Added MainViewComponent
11:19:44.686 [JavaFX Application Thread] DEBUG GameScene            - Entity added to scene
11:19:44.686 [JavaFX Application Thread] DEBUG GameScene            - Added MainViewComponent
11:19:44.686 [JavaFX Application Thread] DEBUG GameScene            - Entity added to scene
11:19:44.686 [JavaFX Application Thread] DEBUG GameScene            - Added MainViewComponent
11:19:44.687 [JavaFX Application Thread] DEBUG GameScene            - Entity added to scene
11:19:44.687 [JavaFX Application Thread] DEBUG GameScene            - Added MainViewComponent
11:19:44.687 [JavaFX Application Thread] DEBUG GameScene            - Entity added to scene
11:19:44.687 [JavaFX Application Thread] DEBUG GameScene            - Added MainViewComponent
11:19:44.687 [JavaFX Application Thread] DEBUG GameScene            - Entity added to scene
11:19:44.687 [JavaFX Application Thread] DEBUG GameScene            - Added MainViewComponent
11:19:44.688 [JavaFX Application Thread] DEBUG GameScene            - Entity added to scene
11:19:44.688 [JavaFX Application Thread] DEBUG GameScene            - Added MainViewComponent
11:19:44.688 [JavaFX Application Thread] DEBUG GameScene            - Entity added to scene
11:19:44.688 [JavaFX Application Thread] DEBUG GameScene            - Added MainViewComponent
11:19:44.688 [JavaFX Application Thread] DEBUG GameScene            - Entity added to scene
11:19:44.688 [JavaFX Application Thread] DEBUG GameScene            - Added MainViewComponent
11:19:44.689 [JavaFX Application Thread] DEBUG GameScene            - Entity added to scene
11:19:44.689 [JavaFX Application Thread] DEBUG GameScene            - Added MainViewComponent
11:19:44.689 [JavaFX Application Thread] DEBUG GameScene            - Entity added to scene
11:19:44.689 [JavaFX Application Thread] DEBUG GameScene            - Added MainViewComponent
11:19:44.690 [JavaFX Application Thread] DEBUG GameScene            - Entity added to scene
11:19:44.690 [JavaFX Application Thread] DEBUG GameScene            - Added MainViewComponent
11:19:44.690 [JavaFX Application Thread] DEBUG GameScene            - Entity added to scene
11:19:44.690 [JavaFX Application Thread] DEBUG GameScene            - Added MainViewComponent
11:19:44.690 [JavaFX Application Thread] DEBUG GameScene            - Entity added to scene
11:19:44.690 [JavaFX Application Thread] DEBUG GameScene            - Added MainViewComponent
11:19:44.691 [JavaFX Application Thread] DEBUG GameScene            - Entity added to scene
11:19:44.691 [JavaFX Application Thread] DEBUG GameScene            - Added MainViewComponent
11:19:44.691 [JavaFX Application Thread] DEBUG GameScene            - Entity added to scene
11:19:44.691 [JavaFX Application Thread] DEBUG GameScene            - Added MainViewComponent
11:19:44.691 [JavaFX Application Thread] DEBUG GameScene            - Entity added to scene
11:19:44.691 [JavaFX Application Thread] DEBUG GameScene            - Added MainViewComponent
11:19:44.691 [JavaFX Application Thread] DEBUG GameScene            - Entity added to scene
11:19:44.691 [JavaFX Application Thread] DEBUG GameScene            - Added MainViewComponent
11:19:44.692 [JavaFX Application Thread] DEBUG GameScene            - Entity added to scene
11:19:44.692 [JavaFX Application Thread] DEBUG GameScene            - Added MainViewComponent
11:19:44.692 [JavaFX Application Thread] DEBUG GameScene            - Entity added to scene
11:19:44.692 [JavaFX Application Thread] DEBUG GameScene            - Added MainViewComponent
11:19:44.692 [JavaFX Application Thread] DEBUG GameScene            - Entity added to scene
11:19:44.692 [JavaFX Application Thread] DEBUG GameScene            - Added MainViewComponent
11:19:44.692 [JavaFX Application Thread] DEBUG GameScene            - Entity added to scene
11:19:44.692 [JavaFX Application Thread] DEBUG GameScene            - Added MainViewComponent
11:19:44.693 [JavaFX Application Thread] DEBUG GameScene            - Entity added to scene
11:19:44.693 [JavaFX Application Thread] DEBUG GameScene            - Added MainViewComponent
11:19:44.693 [JavaFX Application Thread] DEBUG GameScene            - Entity added to scene
11:19:44.693 [JavaFX Application Thread] DEBUG GameScene            - Added MainViewComponent
11:19:44.693 [JavaFX Application Thread] DEBUG GameScene            - Entity added to scene
11:19:44.693 [JavaFX Application Thread] DEBUG GameScene            - Added MainViewComponent
11:19:44.694 [JavaFX Application Thread] DEBUG GameScene            - Entity added to scene
11:19:44.694 [JavaFX Application Thread] DEBUG GameScene            - Added MainViewComponent
11:19:44.694 [JavaFX Application Thread] DEBUG GameScene            - Entity added to scene
11:19:44.694 [JavaFX Application Thread] DEBUG GameScene            - Added MainViewComponent
11:19:44.694 [JavaFX Application Thread] DEBUG GameScene            - Entity added to scene
11:19:44.694 [JavaFX Application Thread] DEBUG GameScene            - Added MainViewComponent
11:19:44.695 [JavaFX Application Thread] DEBUG GameScene            - Entity added to scene
11:19:44.695 [JavaFX Application Thread] DEBUG GameScene            - Added MainViewComponent
11:19:44.695 [JavaFX Application Thread] DEBUG GameScene            - Entity added to scene
11:19:44.695 [JavaFX Application Thread] DEBUG GameScene            - Added MainViewComponent
11:19:44.696 [JavaFX Application Thread] DEBUG GameScene            - Entity added to scene
11:19:44.696 [JavaFX Application Thread] DEBUG GameScene            - Added MainViewComponent
11:19:44.696 [JavaFX Application Thread] DEBUG GameScene            - Entity added to scene
11:19:44.696 [JavaFX Application Thread] DEBUG GameScene            - Added MainViewComponent
11:19:44.696 [JavaFX Application Thread] DEBUG GameScene            - Entity added to scene
11:19:44.696 [JavaFX Application Thread] DEBUG GameScene            - Added MainViewComponent
11:19:44.697 [JavaFX Application Thread] DEBUG GameScene            - Entity added to scene
11:19:44.697 [JavaFX Application Thread] DEBUG GameScene            - Added MainViewComponent
11:19:44.697 [JavaFX Application Thread] DEBUG GameScene            - Entity added to scene
11:19:44.697 [JavaFX Application Thread] DEBUG GameScene            - Added MainViewComponent
11:19:44.698 [JavaFX Application Thread] DEBUG GameScene            - Entity added to scene
11:19:44.698 [JavaFX Application Thread] DEBUG GameScene            - Added MainViewComponent
11:19:44.698 [JavaFX Application Thread] DEBUG GameScene            - Entity added to scene
11:19:44.698 [JavaFX Application Thread] DEBUG GameScene            - Added MainViewComponent
11:19:44.698 [JavaFX Application Thread] DEBUG GameScene            - Entity added to scene
11:19:44.698 [JavaFX Application Thread] DEBUG GameScene            - Added MainViewComponent
11:19:44.699 [JavaFX Application Thread] DEBUG GameScene            - Entity added to scene
11:19:44.699 [JavaFX Application Thread] DEBUG GameScene            - Added MainViewComponent
11:19:44.699 [JavaFX Application Thread] DEBUG GameScene            - Entity added to scene
11:19:44.699 [JavaFX Application Thread] DEBUG GameScene            - Added MainViewComponent
11:19:44.699 [JavaFX Application Thread] DEBUG GameScene            - Entity added to scene
11:19:44.699 [JavaFX Application Thread] DEBUG GameScene            - Added MainViewComponent
11:19:44.700 [JavaFX Application Thread] DEBUG GameScene            - Entity added to scene
11:19:44.700 [JavaFX Application Thread] DEBUG GameScene            - Added MainViewComponent
11:19:44.700 [JavaFX Application Thread] DEBUG GameScene            - Entity added to scene
11:19:44.700 [JavaFX Application Thread] DEBUG GameScene            - Added MainViewComponent
11:19:44.700 [JavaFX Application Thread] DEBUG GameScene            - Entity added to scene
11:19:44.700 [JavaFX Application Thread] DEBUG GameScene            - Added MainViewComponent
11:19:44.700 [JavaFX Application Thread] DEBUG GameScene            - Entity added to scene
11:19:44.700 [JavaFX Application Thread] DEBUG GameScene            - Added MainViewComponent
11:19:44.701 [JavaFX Application Thread] DEBUG GameScene            - Entity added to scene
11:19:44.701 [JavaFX Application Thread] DEBUG GameScene            - Added MainViewComponent
11:19:44.701 [JavaFX Application Thread] DEBUG GameScene            - Entity added to scene
11:19:44.701 [JavaFX Application Thread] DEBUG GameScene            - Added MainViewComponent
11:19:44.701 [JavaFX Application Thread] DEBUG GameScene            - Entity added to scene
11:19:44.701 [JavaFX Application Thread] DEBUG GameScene            - Added MainViewComponent
11:19:44.702 [JavaFX Application Thread] DEBUG GameScene            - Entity added to scene
11:19:44.702 [JavaFX Application Thread] DEBUG GameScene            - Added MainViewComponent
11:19:44.702 [JavaFX Application Thread] DEBUG GameScene            - Entity added to scene
11:19:44.702 [JavaFX Application Thread] DEBUG GameScene            - Added MainViewComponent
11:19:44.702 [JavaFX Application Thread] DEBUG GameScene            - Entity added to scene
11:19:44.703 [JavaFX Application Thread] DEBUG GameScene            - Added MainViewComponent
11:19:44.703 [JavaFX Application Thread] DEBUG GameScene            - Entity added to scene
11:19:44.703 [JavaFX Application Thread] DEBUG GameScene            - Added MainViewComponent
11:19:44.703 [JavaFX Application Thread] DEBUG GameScene            - Entity added to scene
11:19:44.703 [JavaFX Application Thread] DEBUG GameScene            - Added MainViewComponent
11:19:44.703 [JavaFX Application Thread] DEBUG GameScene            - Entity added to scene
11:19:44.703 [JavaFX Application Thread] DEBUG GameScene            - Added MainViewComponent
11:19:44.704 [JavaFX Application Thread] DEBUG GameScene            - Entity added to scene
11:19:44.704 [JavaFX Application Thread] DEBUG GameScene            - Added MainViewComponent
11:19:44.704 [JavaFX Application Thread] DEBUG GameScene            - Entity added to scene
11:19:44.704 [JavaFX Application Thread] DEBUG GameScene            - Added MainViewComponent
11:19:44.704 [JavaFX Application Thread] DEBUG GameScene            - Entity added to scene
11:19:44.704 [JavaFX Application Thread] DEBUG GameScene            - Added MainViewComponent
11:19:44.705 [JavaFX Application Thread] DEBUG GameScene            - Entity added to scene
11:19:44.705 [JavaFX Application Thread] DEBUG GameScene            - Added MainViewComponent
11:19:44.705 [JavaFX Application Thread] DEBUG GameScene            - Entity added to scene
11:19:44.705 [JavaFX Application Thread] DEBUG GameScene            - Added MainViewComponent
11:19:44.705 [JavaFX Application Thread] DEBUG GameScene            - Entity added to scene
11:19:44.705 [JavaFX Application Thread] DEBUG GameScene            - Added MainViewComponent
11:19:44.706 [JavaFX Application Thread] DEBUG GameScene            - Entity added to scene
11:19:44.706 [JavaFX Application Thread] DEBUG GameScene            - Added MainViewComponent
11:19:44.706 [JavaFX Application Thread] DEBUG GameScene            - Entity added to scene
11:19:44.706 [JavaFX Application Thread] DEBUG GameScene            - Added MainViewComponent
11:19:44.706 [JavaFX Application Thread] DEBUG GameScene            - Entity added to scene
11:19:44.706 [JavaFX Application Thread] DEBUG GameScene            - Added MainViewComponent
11:19:44.707 [JavaFX Application Thread] DEBUG GameScene            - Entity added to scene
11:19:44.707 [JavaFX Application Thread] DEBUG GameScene            - Added MainViewComponent
11:19:44.707 [JavaFX Application Thread] DEBUG GameScene            - Entity added to scene
11:19:44.707 [JavaFX Application Thread] DEBUG GameScene            - Added MainViewComponent
11:19:44.707 [JavaFX Application Thread] DEBUG GameScene            - Entity added to scene
11:19:44.707 [JavaFX Application Thread] DEBUG GameScene            - Added MainViewComponent
11:19:44.708 [JavaFX Application Thread] DEBUG GameScene            - Entity added to scene
11:19:44.708 [JavaFX Application Thread] DEBUG GameScene            - Added MainViewComponent
11:19:44.708 [JavaFX Application Thread] DEBUG GameScene            - Entity added to scene
11:19:44.708 [JavaFX Application Thread] DEBUG GameScene            - Added MainViewComponent
11:19:44.708 [JavaFX Application Thread] DEBUG GameScene            - Entity added to scene
11:19:44.708 [JavaFX Application Thread] DEBUG GameScene            - Added MainViewComponent
11:19:44.709 [JavaFX Application Thread] DEBUG GameScene            - Entity added to scene
11:19:44.709 [JavaFX Application Thread] DEBUG GameScene            - Added MainViewComponent
11:19:44.709 [JavaFX Application Thread] DEBUG GameScene            - Entity added to scene
11:19:44.709 [JavaFX Application Thread] DEBUG GameScene            - Added MainViewComponent
11:19:44.709 [JavaFX Application Thread] DEBUG GameScene            - Entity added to scene
11:19:44.709 [JavaFX Application Thread] DEBUG GameScene            - Added MainViewComponent
11:19:44.710 [JavaFX Application Thread] DEBUG GameScene            - Entity added to scene
11:19:44.710 [JavaFX Application Thread] DEBUG GameScene            - Added MainViewComponent
11:19:44.710 [JavaFX Application Thread] DEBUG GameScene            - Entity added to scene
11:19:44.710 [JavaFX Application Thread] DEBUG GameScene            - Added MainViewComponent
11:19:44.710 [JavaFX Application Thread] DEBUG GameScene            - Entity added to scene
11:19:44.710 [JavaFX Application Thread] DEBUG GameScene            - Added MainViewComponent
11:19:44.711 [JavaFX Application Thread] DEBUG GameScene            - Entity added to scene
11:19:44.711 [JavaFX Application Thread] DEBUG GameScene            - Added MainViewComponent
11:19:44.711 [JavaFX Application Thread] DEBUG GameScene            - Creating render group for layer: BACKGROUND(0)
11:20:03.168 [JavaFX Application Thread] DEBUG FXGLEventBus         - Firing event: DisplayEvent[type=DIALOG_OPENED]
11:20:03.169 [JavaFX Application Thread] DEBUG FXGLInput            - Clearing active input actions
11:20:03.169 [JavaFX Application Thread] DEBUG FXGLMasterTimer      - Stopping master timer
11:20:03.169 [JavaFX Application Thread] DEBUG GameApplication      - State: PLAYING -> PAUSED
11:20:03.169 [JavaFX Application Thread] DEBUG FXGLEventBus         - Firing event: FXGLEvent[type=PAUSE]
11:20:03.169 [JavaFX Application Thread] DEBUG FXGLInput            - Clearing active input actions
