11:17:20.031 [FXGL Launcher Thread     ] DEBUG FXGLLoggerFactory    - Service [LoggerFactory] initialized
11:17:20.037 [FXGL Launcher Thread     ] DEBUG FXGL                 - FXGL configuration complete
11:17:20.037 [FXGL Launcher Thread     ] DEBUG FXGL                 - Loading FXGL system data
11:17:20.041 [FXGL Launcher Thread     ] DEBUG IOTask               - Executing task: readDataTask(system/fxgl.bundle)
11:17:20.043 [FXGL Launcher Thread     ] DEBUG FS                   - Reading from: system\fxgl.bundle
11:17:20.050 [FXGL Launcher Thread     ] DEBUG IOTask               - Task succeeded: readDataTask(system/fxgl.bundle)
11:17:20.050 [FXGL Launcher Thread     ] DEBUG Bundle               - Logging bundle: FXGL
11:17:20.051 [FXGL Launcher Thread     ] DEBUG Bundle               - FXGL.offline.timer.version.check=2017-01-18T11:24:23.393
11:17:20.057 [FXGL Launcher Thread     ] DEBUG GameApplication      - Configuring GameApplication
11:17:20.062 [FXGL Launcher Thread     ] DEBUG FXGLExceptionHandler - Service [ExceptionHandler] initialized
11:17:20.063 [FXGL Launcher Thread     ] DEBUG FXGLEventBus         - Service [EventBus] initialized
11:17:20.067 [FXGL Launcher Thread     ] DEBUG FXGLExecutor         - Service [Executor] initialized
11:17:20.067 [FXGL Launcher Thread     ] DEBUG PreInitTask          - Injecting gameWorld & physicsWorld
11:17:20.075 [FXGL Launcher Thread     ] DEBUG GameWorld            - Game world initialized
11:17:20.135 [FXGL Launcher Thread     ] DEBUG FXGLPooler           - Service [Pooler] initialized with default size = 128
11:17:20.135 [FXGL Launcher Thread     ] DEBUG PhysicsWorld         - Physics world initialized: appHeight=840.0, physics.ppm=50.0
11:17:20.136 [FXGL Launcher Thread     ] DEBUG FXGLInput            - Service [Input] initialized
11:17:20.160 [FXGL Launcher Thread     ] DEBUG FXGLInput            - Registered new binding: Screenshot - P
11:17:20.161 [FXGL Launcher Thread     ] DEBUG FXGLInput            - Registered new binding: Dev Options - CTRL+0
11:17:20.161 [FXGL Launcher Thread     ] DEBUG FXGLInput            - Registered new binding: Up - W
11:17:20.198 [FXGL Launcher Thread     ] DEBUG GameScene            - Game scene initialized: 1040.0x840.0
11:17:20.205 [FXGL Launcher Thread     ] DEBUG FXGLAssetLoader      - Service [AssetLoader] initialized: cacheSize=35
11:17:20.207 [FXGL Launcher Thread     ] DEBUG FXGLAssetLoader      - Loading from disk: /assets/sounds/system/notification.wav
11:17:20.276 [FXGL Launcher Thread     ] DEBUG FXGLAssetLoader      - Loading from disk: /assets/sounds/menu/select.wav
11:17:20.279 [FXGL Launcher Thread     ] DEBUG FXGLAssetLoader      - Loading from disk: /assets/sounds/menu/back.wav
11:17:20.283 [FXGL Launcher Thread     ] DEBUG FXGLAssetLoader      - Loading from disk: /assets/sounds/menu/press.wav
11:17:20.286 [FXGL Launcher Thread     ] DEBUG FXGLAssetLoader      - Loading from disk: /assets/ui/fonts/Copperplate_Gothic_Light_Regular.ttf
11:17:20.400 [FXGL Launcher Thread     ] DEBUG FXGLAssetLoader      - Loading from disk: /assets/ui/css/fxgl.css
11:17:20.401 [FXGL Launcher Thread     ] DEBUG FXGLAssetLoader      - Loading from disk: /assets/ui/icons/fxgl_icon.png
11:17:20.434 [FXGL Launcher Thread     ] DEBUG FXGLAssetLoader      - Loading from disk: /assets/ui/css/fxgl_dark.css
11:17:20.445 [FXGL Launcher Thread     ] DEBUG FXGLDisplay          - Target size: DoubleProperty [value: 1040.0] x DoubleProperty [value: 840.0] @ 1.0
11:17:20.445 [FXGL Launcher Thread     ] DEBUG FXGLDisplay          - New size:    1040.0 x 840.0 @ DoubleProperty [value: 1.0]
11:17:20.446 [FXGL Launcher Thread     ] DEBUG FXGLDisplay          - Service [Display] initialized
11:17:20.447 [FXGL Launcher Thread     ] DEBUG FXGLDisplay          - Using CSS: CSS(externalForm=jar:file:/C:/Computer%20Science/Game%20Design/3rd/Pacman/lib/fxgl-0.2.9-uber.jar!/assets/ui/css/fxgl_dark.css)
11:17:20.447 [FXGL Launcher Thread     ] DEBUG InitScenesTask       - Injecting loadingScene & gameScene
11:17:20.471 [FXGL Launcher Thread     ] DEBUG FXGLMasterTimer      - Service [MasterTimer] initialized
11:17:20.473 [FXGL Launcher Thread     ] DEBUG FXGLAudioPlayer      - Service [AudioPlayer] initialized
11:17:20.483 [FXGL Launcher Thread     ] DEBUG GameApplication      - Starting new game
11:17:20.485 [FXGL Launcher Thread     ] DEBUG GameApplication      - Initializing App
11:17:20.487 [FXGL Launcher Thread     ] DEBUG FXGLInput            - Clearing active input actions
11:17:20.487 [FXGL Launcher Thread     ] DEBUG FXGLMasterTimer      - Stopping master timer
11:17:20.487 [FXGL Launcher Thread     ] DEBUG GameApplication      - State: STARTUP -> PAUSED
11:17:20.488 [FXGL Launcher Thread     ] DEBUG FXGLEventBus         - Firing event: FXGLEvent[type=PAUSE]
11:17:20.490 [FXGL Launcher Thread     ] DEBUG FXGLInput            - Clearing active input actions
11:17:20.491 [FXGL Launcher Thread     ] DEBUG FXGLMasterTimer      - Resetting ticks and clearing all actions
11:17:20.491 [FXGL Launcher Thread     ] DEBUG GameWorld            - Resetting game world
11:17:20.491 [FXGL Launcher Thread     ] TRACE EntityWorld          - Resetting entity world
11:17:20.493 [FXGL Launcher Thread     ] DEBUG PhysicsWorld         - Resetting physics world
11:17:20.493 [FXGL Launcher Thread     ] DEBUG GameScene            - Resetting game scene
11:17:20.494 [FXGL Launcher Thread     ] DEBUG FXGLEventBus         - Firing event: FXGLEvent[type=RESET]
11:17:20.547 [FXGL Launcher Thread     ] DEBUG GameApplication      - State: PAUSED -> LOADING
11:17:20.585 [FXGL Background Thread 1 ] DEBUG InitAppTask          - Initializing Assets
11:17:20.586 [FXGL Background Thread 1 ] DEBUG InitAppTask          - Initializing Game
11:17:20.608 [FXGL Background Thread 1 ] DEBUG InitAppTask          - Initializing Physics
11:17:20.608 [FXGL Background Thread 1 ] DEBUG InitAppTask          - Initializing UI
11:17:20.608 [FXGL Background Thread 1 ] DEBUG InitAppTask          - Initialization Complete
11:17:20.665 [JavaFX Application Thread] DEBUG FXGLDisplay          - Showing stage
11:17:20.666 [JavaFX Application Thread] DEBUG FXGLDisplay          - Root size: 1040.0x840.0
11:17:20.666 [JavaFX Application Thread] DEBUG FXGLDisplay          - Scene size: 1040.0x840.0
11:17:20.666 [JavaFX Application Thread] DEBUG FXGLDisplay          - Stage size: 1058.0x885.0
11:17:20.790 [JavaFX Application Thread] DEBUG FXGLInput            - Clearing active input actions
11:17:20.791 [JavaFX Application Thread] DEBUG FXGLMasterTimer      - Starting master timer
11:17:20.791 [JavaFX Application Thread] DEBUG GameApplication      - State: LOADING -> PLAYING
11:17:20.801 [JavaFX Application Thread] DEBUG FXGLEventBus         - Firing event: FXGLEvent[type=RESUME]
11:17:20.807 [JavaFX Application Thread] DEBUG GameScene            - Entity added to scene
11:17:20.808 [JavaFX Application Thread] DEBUG GameScene            - Added MainViewComponent
11:17:20.812 [JavaFX Application Thread] DEBUG GameScene            - Creating render group for layer: TOP(2147483647)
11:17:30.999 [JavaFX Application Thread] DEBUG FXGLEventBus         - Firing event: DisplayEvent[type=DIALOG_OPENED]
11:17:31.000 [JavaFX Application Thread] DEBUG FXGLInput            - Clearing active input actions
11:17:31.000 [JavaFX Application Thread] DEBUG FXGLMasterTimer      - Stopping master timer
11:17:31.000 [JavaFX Application Thread] DEBUG GameApplication      - State: PLAYING -> PAUSED
11:17:31.000 [JavaFX Application Thread] DEBUG FXGLEventBus         - Firing event: FXGLEvent[type=PAUSE]
11:17:31.000 [JavaFX Application Thread] DEBUG FXGLInput            - Clearing active input actions
11:17:31.955 [JavaFX Application Thread] DEBUG FXGLEventBus         - Firing event: DisplayEvent[type=DIALOG_CLOSED]
11:17:31.956 [JavaFX Application Thread] DEBUG FXGLInput            - Clearing active input actions
11:17:31.956 [JavaFX Application Thread] DEBUG FXGLMasterTimer      - Starting master timer
11:17:31.956 [JavaFX Application Thread] DEBUG GameApplication      - State: PAUSED -> PLAYING
11:17:31.956 [JavaFX Application Thread] DEBUG FXGLEventBus         - Firing event: FXGLEvent[type=RESUME]
11:17:31.956 [JavaFX Application Thread] DEBUG FXGLEventBus         - Firing event: DisplayEvent[type=CLOSE_REQUEST]
11:17:31.957 [JavaFX Application Thread] DEBUG FXGLEventBus         - Firing event: FXGLEvent[type=EXIT]
11:17:31.958 [JavaFX Application Thread] DEBUG FXGL                 - Saving FXGL system data
11:17:31.960 [JavaFX Application Thread] DEBUG IOTask               - Executing task: writeDataTask(system/fxgl.bundle)
11:17:31.962 [JavaFX Application Thread] DEBUG FS                   - Writing to: system\fxgl.bundle
11:17:31.967 [JavaFX Application Thread] DEBUG IOTask               - Task succeeded: writeDataTask(system/fxgl.bundle)
