11:29:40.767 [FXGL Launcher Thread     ] DEBUG FXGLLoggerFactory    - Service [LoggerFactory] initialized
11:29:40.773 [FXGL Launcher Thread     ] DEBUG FXGL                 - FXGL configuration complete
11:29:40.773 [FXGL Launcher Thread     ] DEBUG FXGL                 - Loading FXGL system data
11:29:40.778 [FXGL Launcher Thread     ] DEBUG IOTask               - Executing task: readDataTask(system/fxgl.bundle)
11:29:40.781 [FXGL Launcher Thread     ] DEBUG FS                   - Reading from: system\fxgl.bundle
11:29:40.787 [FXGL Launcher Thread     ] DEBUG IOTask               - Task succeeded: readDataTask(system/fxgl.bundle)
11:29:40.787 [FXGL Launcher Thread     ] DEBUG Bundle               - Logging bundle: FXGL
11:29:40.788 [FXGL Launcher Thread     ] DEBUG Bundle               - FXGL.offline.timer.version.check=2017-01-18T11:24:23.393
11:29:40.800 [FXGL Launcher Thread     ] DEBUG GameApplication      - Configuring GameApplication
11:29:40.805 [FXGL Launcher Thread     ] DEBUG FXGLExceptionHandler - Service [ExceptionHandler] initialized
11:29:40.806 [FXGL Launcher Thread     ] DEBUG FXGLEventBus         - Service [EventBus] initialized
11:29:40.810 [FXGL Launcher Thread     ] DEBUG FXGLExecutor         - Service [Executor] initialized
11:29:40.810 [FXGL Launcher Thread     ] DEBUG PreInitTask          - Injecting gameWorld & physicsWorld
11:29:40.819 [FXGL Launcher Thread     ] DEBUG GameWorld            - Game world initialized
11:29:40.874 [FXGL Launcher Thread     ] DEBUG FXGLPooler           - Service [Pooler] initialized with default size = 128
11:29:40.875 [FXGL Launcher Thread     ] DEBUG PhysicsWorld         - Physics world initialized: appHeight=840.0, physics.ppm=50.0
11:29:40.877 [FXGL Launcher Thread     ] DEBUG FXGLInput            - Service [Input] initialized
11:29:40.897 [FXGL Launcher Thread     ] DEBUG FXGLInput            - Registered new binding: Screenshot - P
11:29:40.898 [FXGL Launcher Thread     ] DEBUG FXGLInput            - Registered new binding: Dev Options - CTRL+0
11:29:40.898 [FXGL Launcher Thread     ] DEBUG FXGLInput            - Registered new binding: Up - W
11:29:40.899 [FXGL Launcher Thread     ] DEBUG FXGLInput            - Registered new binding: Left - A
11:29:40.899 [FXGL Launcher Thread     ] DEBUG FXGLInput            - Registered new binding: Down - S
11:29:40.899 [FXGL Launcher Thread     ] DEBUG FXGLInput            - Registered new binding: Right - D
11:29:40.946 [FXGL Launcher Thread     ] DEBUG GameScene            - Game scene initialized: 1040.0x840.0
11:29:40.954 [FXGL Launcher Thread     ] DEBUG FXGLAssetLoader      - Service [AssetLoader] initialized: cacheSize=35
11:29:40.956 [FXGL Launcher Thread     ] DEBUG FXGLAssetLoader      - Loading from disk: /assets/sounds/system/notification.wav
11:29:41.003 [FXGL Launcher Thread     ] DEBUG FXGLAssetLoader      - Loading from disk: /assets/sounds/menu/select.wav
11:29:41.006 [FXGL Launcher Thread     ] DEBUG FXGLAssetLoader      - Loading from disk: /assets/sounds/menu/back.wav
11:29:41.009 [FXGL Launcher Thread     ] DEBUG FXGLAssetLoader      - Loading from disk: /assets/sounds/menu/press.wav
11:29:41.012 [FXGL Launcher Thread     ] DEBUG FXGLAssetLoader      - Loading from disk: /assets/ui/fonts/Copperplate_Gothic_Light_Regular.ttf
11:29:41.157 [FXGL Launcher Thread     ] DEBUG FXGLAssetLoader      - Loading from disk: /assets/ui/css/fxgl.css
11:29:41.158 [FXGL Launcher Thread     ] DEBUG FXGLAssetLoader      - Loading from disk: /assets/ui/icons/fxgl_icon.png
11:29:41.210 [FXGL Launcher Thread     ] DEBUG FXGLAssetLoader      - Loading from disk: /assets/ui/css/fxgl_dark.css
11:29:41.226 [FXGL Launcher Thread     ] DEBUG FXGLDisplay          - Target size: DoubleProperty [value: 1040.0] x DoubleProperty [value: 840.0] @ 1.0
11:29:41.226 [FXGL Launcher Thread     ] DEBUG FXGLDisplay          - New size:    1040.0 x 840.0 @ DoubleProperty [value: 1.0]
11:29:41.226 [FXGL Launcher Thread     ] DEBUG FXGLDisplay          - Service [Display] initialized
11:29:41.227 [FXGL Launcher Thread     ] DEBUG FXGLDisplay          - Using CSS: CSS(externalForm=jar:file:/C:/Computer%20Science/Game%20Design/3rd/Pacman/lib/fxgl-0.2.9-uber.jar!/assets/ui/css/fxgl_dark.css)
11:29:41.227 [FXGL Launcher Thread     ] DEBUG InitScenesTask       - Injecting loadingScene & gameScene
11:29:41.253 [FXGL Launcher Thread     ] DEBUG FXGLMasterTimer      - Service [MasterTimer] initialized
11:29:41.256 [FXGL Launcher Thread     ] DEBUG FXGLAudioPlayer      - Service [AudioPlayer] initialized
11:29:41.268 [FXGL Launcher Thread     ] DEBUG GameApplication      - Starting new game
11:29:41.271 [FXGL Launcher Thread     ] DEBUG GameApplication      - Initializing App
11:29:41.273 [FXGL Launcher Thread     ] DEBUG FXGLInput            - Clearing active input actions
11:29:41.273 [FXGL Launcher Thread     ] DEBUG FXGLMasterTimer      - Stopping master timer
11:29:41.273 [FXGL Launcher Thread     ] DEBUG GameApplication      - State: STARTUP -> PAUSED
11:29:41.274 [FXGL Launcher Thread     ] DEBUG FXGLEventBus         - Firing event: FXGLEvent[type=PAUSE]
11:29:41.277 [FXGL Launcher Thread     ] DEBUG FXGLInput            - Clearing active input actions
11:29:41.277 [FXGL Launcher Thread     ] DEBUG FXGLMasterTimer      - Resetting ticks and clearing all actions
11:29:41.277 [FXGL Launcher Thread     ] DEBUG GameWorld            - Resetting game world
11:29:41.277 [FXGL Launcher Thread     ] TRACE EntityWorld          - Resetting entity world
11:29:41.280 [FXGL Launcher Thread     ] DEBUG PhysicsWorld         - Resetting physics world
11:29:41.281 [FXGL Launcher Thread     ] DEBUG GameScene            - Resetting game scene
11:29:41.281 [FXGL Launcher Thread     ] DEBUG FXGLEventBus         - Firing event: FXGLEvent[type=RESET]
11:29:41.365 [FXGL Launcher Thread     ] DEBUG GameApplication      - State: PAUSED -> LOADING
11:29:41.414 [FXGL Background Thread 1 ] DEBUG InitAppTask          - Initializing Assets
11:29:41.416 [FXGL Background Thread 1 ] DEBUG InitAppTask          - Initializing Game
11:29:41.526 [JavaFX Application Thread] DEBUG FXGLDisplay          - Showing stage
11:29:41.526 [JavaFX Application Thread] DEBUG FXGLDisplay          - Root size: 1040.0x840.0
11:29:41.526 [JavaFX Application Thread] DEBUG FXGLDisplay          - Scene size: 1040.0x840.0
11:29:41.526 [JavaFX Application Thread] DEBUG FXGLDisplay          - Stage size: 1058.0x885.0
11:29:41.618 [FXGL Background Thread 1 ] DEBUG InitAppTask          - Initializing Physics
11:29:41.618 [FXGL Background Thread 1 ] DEBUG InitAppTask          - Initializing UI
11:29:41.618 [FXGL Background Thread 1 ] DEBUG InitAppTask          - Initialization Complete
11:29:41.689 [JavaFX Application Thread] DEBUG FXGLInput            - Clearing active input actions
11:29:41.691 [JavaFX Application Thread] DEBUG FXGLMasterTimer      - Starting master timer
11:29:41.692 [JavaFX Application Thread] DEBUG GameApplication      - State: LOADING -> PLAYING
11:29:41.704 [JavaFX Application Thread] DEBUG FXGLEventBus         - Firing event: FXGLEvent[type=RESUME]
11:29:41.715 [JavaFX Application Thread] DEBUG GameScene            - Entity added to scene
11:29:41.717 [JavaFX Application Thread] DEBUG GameScene            - Added MainViewComponent
11:29:41.722 [JavaFX Application Thread] DEBUG GameScene            - Creating render group for layer: TOP(2147483647)
11:29:41.734 [JavaFX Application Thread] DEBUG GameScene            - Entity added to scene
11:29:41.734 [JavaFX Application Thread] DEBUG GameScene            - Added MainViewComponent
11:29:41.735 [JavaFX Application Thread] DEBUG GameScene            - Creating render group for layer: BACKGROUND(1000)
11:29:41.735 [JavaFX Application Thread] DEBUG GameScene            - Entity added to scene
11:29:41.736 [JavaFX Application Thread] DEBUG GameScene            - Added MainViewComponent
11:29:41.736 [JavaFX Application Thread] DEBUG GameScene            - Entity added to scene
11:29:41.736 [JavaFX Application Thread] DEBUG GameScene            - Added MainViewComponent
11:29:41.737 [JavaFX Application Thread] DEBUG GameScene            - Entity added to scene
11:29:41.737 [JavaFX Application Thread] DEBUG GameScene            - Added MainViewComponent
11:29:41.738 [JavaFX Application Thread] DEBUG GameScene            - Entity added to scene
11:29:41.738 [JavaFX Application Thread] DEBUG GameScene            - Added MainViewComponent
11:29:41.738 [JavaFX Application Thread] DEBUG GameScene            - Entity added to scene
11:29:41.739 [JavaFX Application Thread] DEBUG GameScene            - Added MainViewComponent
11:29:41.739 [JavaFX Application Thread] DEBUG GameScene            - Entity added to scene
11:29:41.739 [JavaFX Application Thread] DEBUG GameScene            - Added MainViewComponent
11:29:41.740 [JavaFX Application Thread] DEBUG GameScene            - Entity added to scene
11:29:41.740 [JavaFX Application Thread] DEBUG GameScene            - Added MainViewComponent
11:29:41.741 [JavaFX Application Thread] DEBUG GameScene            - Entity added to scene
11:29:41.741 [JavaFX Application Thread] DEBUG GameScene            - Added MainViewComponent
11:29:41.741 [JavaFX Application Thread] DEBUG GameScene            - Entity added to scene
11:29:41.741 [JavaFX Application Thread] DEBUG GameScene            - Added MainViewComponent
11:29:41.743 [JavaFX Application Thread] DEBUG GameScene            - Entity added to scene
11:29:41.743 [JavaFX Application Thread] DEBUG GameScene            - Added MainViewComponent
11:29:41.744 [JavaFX Application Thread] DEBUG GameScene            - Entity added to scene
11:29:41.744 [JavaFX Application Thread] DEBUG GameScene            - Added MainViewComponent
11:29:41.745 [JavaFX Application Thread] DEBUG GameScene            - Entity added to scene
11:29:41.745 [JavaFX Application Thread] DEBUG GameScene            - Added MainViewComponent
11:29:41.745 [JavaFX Application Thread] DEBUG GameScene            - Entity added to scene
11:29:41.745 [JavaFX Application Thread] DEBUG GameScene            - Added MainViewComponent
11:29:41.746 [JavaFX Application Thread] DEBUG GameScene            - Entity added to scene
11:29:41.746 [JavaFX Application Thread] DEBUG GameScene            - Added MainViewComponent
11:29:41.747 [JavaFX Application Thread] DEBUG GameScene            - Entity added to scene
11:29:41.747 [JavaFX Application Thread] DEBUG GameScene            - Added MainViewComponent
11:29:41.747 [JavaFX Application Thread] DEBUG GameScene            - Entity added to scene
11:29:41.747 [JavaFX Application Thread] DEBUG GameScene            - Added MainViewComponent
11:29:41.748 [JavaFX Application Thread] DEBUG GameScene            - Entity added to scene
11:29:41.748 [JavaFX Application Thread] DEBUG GameScene            - Added MainViewComponent
11:29:41.748 [JavaFX Application Thread] DEBUG GameScene            - Entity added to scene
11:29:41.748 [JavaFX Application Thread] DEBUG GameScene            - Added MainViewComponent
11:29:41.749 [JavaFX Application Thread] DEBUG GameScene            - Entity added to scene
11:29:41.749 [JavaFX Application Thread] DEBUG GameScene            - Added MainViewComponent
11:29:41.749 [JavaFX Application Thread] DEBUG GameScene            - Entity added to scene
11:29:41.749 [JavaFX Application Thread] DEBUG GameScene            - Added MainViewComponent
11:29:41.750 [JavaFX Application Thread] DEBUG GameScene            - Entity added to scene
11:29:41.750 [JavaFX Application Thread] DEBUG GameScene            - Added MainViewComponent
11:29:41.750 [JavaFX Application Thread] DEBUG GameScene            - Entity added to scene
11:29:41.750 [JavaFX Application Thread] DEBUG GameScene            - Added MainViewComponent
11:29:41.751 [JavaFX Application Thread] DEBUG GameScene            - Entity added to scene
11:29:41.751 [JavaFX Application Thread] DEBUG GameScene            - Added MainViewComponent
11:29:41.751 [JavaFX Application Thread] DEBUG GameScene            - Entity added to scene
11:29:41.751 [JavaFX Application Thread] DEBUG GameScene            - Added MainViewComponent
11:29:41.752 [JavaFX Application Thread] DEBUG GameScene            - Entity added to scene
11:29:41.752 [JavaFX Application Thread] DEBUG GameScene            - Added MainViewComponent
11:29:41.752 [JavaFX Application Thread] DEBUG GameScene            - Entity added to scene
11:29:41.752 [JavaFX Application Thread] DEBUG GameScene            - Added MainViewComponent
11:29:41.753 [JavaFX Application Thread] DEBUG GameScene            - Entity added to scene
11:29:41.753 [JavaFX Application Thread] DEBUG GameScene            - Added MainViewComponent
11:29:41.753 [JavaFX Application Thread] DEBUG GameScene            - Entity added to scene
11:29:41.754 [JavaFX Application Thread] DEBUG GameScene            - Added MainViewComponent
11:29:41.754 [JavaFX Application Thread] DEBUG GameScene            - Entity added to scene
11:29:41.754 [JavaFX Application Thread] DEBUG GameScene            - Added MainViewComponent
11:29:41.754 [JavaFX Application Thread] DEBUG GameScene            - Entity added to scene
11:29:41.755 [JavaFX Application Thread] DEBUG GameScene            - Added MainViewComponent
11:29:41.755 [JavaFX Application Thread] DEBUG GameScene            - Entity added to scene
11:29:41.755 [JavaFX Application Thread] DEBUG GameScene            - Added MainViewComponent
11:29:41.755 [JavaFX Application Thread] DEBUG GameScene            - Entity added to scene
11:29:41.755 [JavaFX Application Thread] DEBUG GameScene            - Added MainViewComponent
11:29:41.756 [JavaFX Application Thread] DEBUG GameScene            - Entity added to scene
11:29:41.756 [JavaFX Application Thread] DEBUG GameScene            - Added MainViewComponent
11:29:41.756 [JavaFX Application Thread] DEBUG GameScene            - Entity added to scene
11:29:41.756 [JavaFX Application Thread] DEBUG GameScene            - Added MainViewComponent
11:29:41.756 [JavaFX Application Thread] DEBUG GameScene            - Entity added to scene
11:29:41.756 [JavaFX Application Thread] DEBUG GameScene            - Added MainViewComponent
11:29:41.757 [JavaFX Application Thread] DEBUG GameScene            - Entity added to scene
11:29:41.757 [JavaFX Application Thread] DEBUG GameScene            - Added MainViewComponent
11:29:41.757 [JavaFX Application Thread] DEBUG GameScene            - Entity added to scene
11:29:41.757 [JavaFX Application Thread] DEBUG GameScene            - Added MainViewComponent
11:29:41.758 [JavaFX Application Thread] DEBUG GameScene            - Entity added to scene
11:29:41.758 [JavaFX Application Thread] DEBUG GameScene            - Added MainViewComponent
11:29:41.758 [JavaFX Application Thread] DEBUG GameScene            - Entity added to scene
11:29:41.758 [JavaFX Application Thread] DEBUG GameScene            - Added MainViewComponent
11:29:41.759 [JavaFX Application Thread] DEBUG GameScene            - Entity added to scene
11:29:41.759 [JavaFX Application Thread] DEBUG GameScene            - Added MainViewComponent
11:29:41.759 [JavaFX Application Thread] DEBUG GameScene            - Entity added to scene
11:29:41.759 [JavaFX Application Thread] DEBUG GameScene            - Added MainViewComponent
11:29:41.760 [JavaFX Application Thread] DEBUG GameScene            - Entity added to scene
11:29:41.760 [JavaFX Application Thread] DEBUG GameScene            - Added MainViewComponent
11:29:41.763 [JavaFX Application Thread] DEBUG GameScene            - Entity added to scene
11:29:41.763 [JavaFX Application Thread] DEBUG GameScene            - Added MainViewComponent
11:29:41.766 [JavaFX Application Thread] DEBUG GameScene            - Entity added to scene
11:29:41.766 [JavaFX Application Thread] DEBUG GameScene            - Added MainViewComponent
11:29:41.767 [JavaFX Application Thread] DEBUG GameScene            - Entity added to scene
11:29:41.767 [JavaFX Application Thread] DEBUG GameScene            - Added MainViewComponent
11:29:41.768 [JavaFX Application Thread] DEBUG GameScene            - Entity added to scene
11:29:41.768 [JavaFX Application Thread] DEBUG GameScene            - Added MainViewComponent
11:29:41.768 [JavaFX Application Thread] DEBUG GameScene            - Entity added to scene
11:29:41.769 [JavaFX Application Thread] DEBUG GameScene            - Added MainViewComponent
11:29:41.769 [JavaFX Application Thread] DEBUG GameScene            - Entity added to scene
11:29:41.769 [JavaFX Application Thread] DEBUG GameScene            - Added MainViewComponent
11:29:41.770 [JavaFX Application Thread] DEBUG GameScene            - Entity added to scene
11:29:41.770 [JavaFX Application Thread] DEBUG GameScene            - Added MainViewComponent
11:29:41.771 [JavaFX Application Thread] DEBUG GameScene            - Entity added to scene
11:29:41.771 [JavaFX Application Thread] DEBUG GameScene            - Added MainViewComponent
11:29:41.772 [JavaFX Application Thread] DEBUG GameScene            - Entity added to scene
11:29:41.772 [JavaFX Application Thread] DEBUG GameScene            - Added MainViewComponent
11:29:41.772 [JavaFX Application Thread] DEBUG GameScene            - Entity added to scene
11:29:41.772 [JavaFX Application Thread] DEBUG GameScene            - Added MainViewComponent
11:29:41.772 [JavaFX Application Thread] DEBUG GameScene            - Entity added to scene
11:29:41.773 [JavaFX Application Thread] DEBUG GameScene            - Added MainViewComponent
11:29:41.773 [JavaFX Application Thread] DEBUG GameScene            - Entity added to scene
11:29:41.773 [JavaFX Application Thread] DEBUG GameScene            - Added MainViewComponent
11:29:41.773 [JavaFX Application Thread] DEBUG GameScene            - Entity added to scene
11:29:41.773 [JavaFX Application Thread] DEBUG GameScene            - Added MainViewComponent
11:29:41.774 [JavaFX Application Thread] DEBUG GameScene            - Entity added to scene
11:29:41.774 [JavaFX Application Thread] DEBUG GameScene            - Added MainViewComponent
11:29:41.774 [JavaFX Application Thread] DEBUG GameScene            - Entity added to scene
11:29:41.774 [JavaFX Application Thread] DEBUG GameScene            - Added MainViewComponent
11:29:41.774 [JavaFX Application Thread] DEBUG GameScene            - Entity added to scene
11:29:41.775 [JavaFX Application Thread] DEBUG GameScene            - Added MainViewComponent
11:29:41.775 [JavaFX Application Thread] DEBUG GameScene            - Entity added to scene
11:29:41.775 [JavaFX Application Thread] DEBUG GameScene            - Added MainViewComponent
11:29:41.775 [JavaFX Application Thread] DEBUG GameScene            - Entity added to scene
11:29:41.776 [JavaFX Application Thread] DEBUG GameScene            - Added MainViewComponent
11:29:41.776 [JavaFX Application Thread] DEBUG GameScene            - Entity added to scene
11:29:41.776 [JavaFX Application Thread] DEBUG GameScene            - Added MainViewComponent
11:29:41.776 [JavaFX Application Thread] DEBUG GameScene            - Entity added to scene
11:29:41.777 [JavaFX Application Thread] DEBUG GameScene            - Added MainViewComponent
11:29:41.777 [JavaFX Application Thread] DEBUG GameScene            - Entity added to scene
11:29:41.777 [JavaFX Application Thread] DEBUG GameScene            - Added MainViewComponent
11:29:41.779 [JavaFX Application Thread] DEBUG GameScene            - Entity added to scene
11:29:41.780 [JavaFX Application Thread] DEBUG GameScene            - Added MainViewComponent
11:29:41.782 [JavaFX Application Thread] DEBUG GameScene            - Entity added to scene
11:29:41.782 [JavaFX Application Thread] DEBUG GameScene            - Added MainViewComponent
11:29:41.783 [JavaFX Application Thread] DEBUG GameScene            - Entity added to scene
11:29:41.783 [JavaFX Application Thread] DEBUG GameScene            - Added MainViewComponent
11:29:41.784 [JavaFX Application Thread] DEBUG GameScene            - Entity added to scene
11:29:41.784 [JavaFX Application Thread] DEBUG GameScene            - Added MainViewComponent
11:29:41.784 [JavaFX Application Thread] DEBUG GameScene            - Entity added to scene
11:29:41.785 [JavaFX Application Thread] DEBUG GameScene            - Added MainViewComponent
11:29:41.785 [JavaFX Application Thread] DEBUG GameScene            - Entity added to scene
11:29:41.785 [JavaFX Application Thread] DEBUG GameScene            - Added MainViewComponent
11:29:41.786 [JavaFX Application Thread] DEBUG GameScene            - Entity added to scene
11:29:41.786 [JavaFX Application Thread] DEBUG GameScene            - Added MainViewComponent
11:29:41.786 [JavaFX Application Thread] DEBUG GameScene            - Entity added to scene
11:29:41.786 [JavaFX Application Thread] DEBUG GameScene            - Added MainViewComponent
11:29:41.787 [JavaFX Application Thread] DEBUG GameScene            - Entity added to scene
11:29:41.787 [JavaFX Application Thread] DEBUG GameScene            - Added MainViewComponent
11:29:41.788 [JavaFX Application Thread] DEBUG GameScene            - Entity added to scene
11:29:41.788 [JavaFX Application Thread] DEBUG GameScene            - Added MainViewComponent
11:29:41.791 [JavaFX Application Thread] DEBUG GameScene            - Entity added to scene
11:29:41.791 [JavaFX Application Thread] DEBUG GameScene            - Added MainViewComponent
11:29:41.792 [JavaFX Application Thread] DEBUG GameScene            - Entity added to scene
11:29:41.792 [JavaFX Application Thread] DEBUG GameScene            - Added MainViewComponent
11:29:41.792 [JavaFX Application Thread] DEBUG GameScene            - Entity added to scene
11:29:41.792 [JavaFX Application Thread] DEBUG GameScene            - Added MainViewComponent
11:29:41.793 [JavaFX Application Thread] DEBUG GameScene            - Entity added to scene
11:29:41.793 [JavaFX Application Thread] DEBUG GameScene            - Added MainViewComponent
11:29:41.793 [JavaFX Application Thread] DEBUG GameScene            - Entity added to scene
11:29:41.793 [JavaFX Application Thread] DEBUG GameScene            - Added MainViewComponent
11:29:41.794 [JavaFX Application Thread] DEBUG GameScene            - Entity added to scene
11:29:41.794 [JavaFX Application Thread] DEBUG GameScene            - Added MainViewComponent
11:29:41.796 [JavaFX Application Thread] DEBUG GameScene            - Entity added to scene
11:29:41.796 [JavaFX Application Thread] DEBUG GameScene            - Added MainViewComponent
11:29:41.798 [JavaFX Application Thread] DEBUG GameScene            - Entity added to scene
11:29:41.798 [JavaFX Application Thread] DEBUG GameScene            - Added MainViewComponent
11:29:41.799 [JavaFX Application Thread] DEBUG GameScene            - Entity added to scene
11:29:41.799 [JavaFX Application Thread] DEBUG GameScene            - Added MainViewComponent
11:29:41.800 [JavaFX Application Thread] DEBUG GameScene            - Entity added to scene
11:29:41.800 [JavaFX Application Thread] DEBUG GameScene            - Added MainViewComponent
11:29:41.800 [JavaFX Application Thread] DEBUG GameScene            - Entity added to scene
11:29:41.800 [JavaFX Application Thread] DEBUG GameScene            - Added MainViewComponent
11:29:41.801 [JavaFX Application Thread] DEBUG GameScene            - Entity added to scene
11:29:41.801 [JavaFX Application Thread] DEBUG GameScene            - Added MainViewComponent
11:29:41.801 [JavaFX Application Thread] DEBUG GameScene            - Entity added to scene
11:29:41.801 [JavaFX Application Thread] DEBUG GameScene            - Added MainViewComponent
11:29:41.802 [JavaFX Application Thread] DEBUG GameScene            - Entity added to scene
11:29:41.802 [JavaFX Application Thread] DEBUG GameScene            - Added MainViewComponent
11:29:41.802 [JavaFX Application Thread] DEBUG GameScene            - Entity added to scene
11:29:41.802 [JavaFX Application Thread] DEBUG GameScene            - Added MainViewComponent
11:29:41.803 [JavaFX Application Thread] DEBUG GameScene            - Entity added to scene
11:29:41.803 [JavaFX Application Thread] DEBUG GameScene            - Added MainViewComponent
11:29:41.803 [JavaFX Application Thread] DEBUG GameScene            - Entity added to scene
11:29:41.803 [JavaFX Application Thread] DEBUG GameScene            - Added MainViewComponent
11:29:41.804 [JavaFX Application Thread] DEBUG GameScene            - Entity added to scene
11:29:41.804 [JavaFX Application Thread] DEBUG GameScene            - Added MainViewComponent
11:29:41.806 [JavaFX Application Thread] DEBUG GameScene            - Entity added to scene
11:29:41.806 [JavaFX Application Thread] DEBUG GameScene            - Added MainViewComponent
11:29:41.806 [JavaFX Application Thread] DEBUG GameScene            - Entity added to scene
11:29:41.806 [JavaFX Application Thread] DEBUG GameScene            - Added MainViewComponent
11:29:41.807 [JavaFX Application Thread] DEBUG GameScene            - Entity added to scene
11:29:41.807 [JavaFX Application Thread] DEBUG GameScene            - Added MainViewComponent
11:29:41.808 [JavaFX Application Thread] DEBUG GameScene            - Entity added to scene
11:29:41.808 [JavaFX Application Thread] DEBUG GameScene            - Added MainViewComponent
11:29:41.808 [JavaFX Application Thread] DEBUG GameScene            - Entity added to scene
11:29:41.808 [JavaFX Application Thread] DEBUG GameScene            - Added MainViewComponent
11:29:41.809 [JavaFX Application Thread] DEBUG GameScene            - Entity added to scene
11:29:41.809 [JavaFX Application Thread] DEBUG GameScene            - Added MainViewComponent
11:29:41.809 [JavaFX Application Thread] DEBUG GameScene            - Entity added to scene
11:29:41.809 [JavaFX Application Thread] DEBUG GameScene            - Added MainViewComponent
11:29:41.810 [JavaFX Application Thread] DEBUG GameScene            - Entity added to scene
11:29:41.810 [JavaFX Application Thread] DEBUG GameScene            - Added MainViewComponent
11:29:41.810 [JavaFX Application Thread] DEBUG GameScene            - Entity added to scene
11:29:41.810 [JavaFX Application Thread] DEBUG GameScene            - Added MainViewComponent
11:29:41.811 [JavaFX Application Thread] DEBUG GameScene            - Entity added to scene
11:29:41.811 [JavaFX Application Thread] DEBUG GameScene            - Added MainViewComponent
11:29:41.811 [JavaFX Application Thread] DEBUG GameScene            - Entity added to scene
11:29:41.811 [JavaFX Application Thread] DEBUG GameScene            - Added MainViewComponent
11:29:41.812 [JavaFX Application Thread] DEBUG GameScene            - Entity added to scene
11:29:41.813 [JavaFX Application Thread] DEBUG GameScene            - Added MainViewComponent
11:29:41.816 [JavaFX Application Thread] DEBUG GameScene            - Entity added to scene
11:29:41.817 [JavaFX Application Thread] DEBUG GameScene            - Added MainViewComponent
11:29:41.817 [JavaFX Application Thread] DEBUG GameScene            - Entity added to scene
11:29:41.817 [JavaFX Application Thread] DEBUG GameScene            - Added MainViewComponent
11:29:41.818 [JavaFX Application Thread] DEBUG GameScene            - Entity added to scene
11:29:41.818 [JavaFX Application Thread] DEBUG GameScene            - Added MainViewComponent
11:29:41.818 [JavaFX Application Thread] DEBUG GameScene            - Entity added to scene
11:29:41.818 [JavaFX Application Thread] DEBUG GameScene            - Added MainViewComponent
11:29:41.819 [JavaFX Application Thread] DEBUG GameScene            - Entity added to scene
11:29:41.819 [JavaFX Application Thread] DEBUG GameScene            - Added MainViewComponent
11:29:41.820 [JavaFX Application Thread] DEBUG GameScene            - Entity added to scene
11:29:41.820 [JavaFX Application Thread] DEBUG GameScene            - Added MainViewComponent
11:29:41.820 [JavaFX Application Thread] DEBUG GameScene            - Entity added to scene
11:29:41.820 [JavaFX Application Thread] DEBUG GameScene            - Added MainViewComponent
11:29:41.821 [JavaFX Application Thread] DEBUG GameScene            - Entity added to scene
11:29:41.821 [JavaFX Application Thread] DEBUG GameScene            - Added MainViewComponent
11:29:41.821 [JavaFX Application Thread] DEBUG GameScene            - Entity added to scene
11:29:41.821 [JavaFX Application Thread] DEBUG GameScene            - Added MainViewComponent
11:29:41.822 [JavaFX Application Thread] DEBUG GameScene            - Entity added to scene
11:29:41.822 [JavaFX Application Thread] DEBUG GameScene            - Added MainViewComponent
11:29:41.823 [JavaFX Application Thread] DEBUG GameScene            - Entity added to scene
11:29:41.823 [JavaFX Application Thread] DEBUG GameScene            - Added MainViewComponent
11:29:41.823 [JavaFX Application Thread] DEBUG GameScene            - Entity added to scene
11:29:41.823 [JavaFX Application Thread] DEBUG GameScene            - Added MainViewComponent
11:29:41.824 [JavaFX Application Thread] DEBUG GameScene            - Entity added to scene
11:29:41.824 [JavaFX Application Thread] DEBUG GameScene            - Added MainViewComponent
11:29:41.825 [JavaFX Application Thread] DEBUG GameScene            - Entity added to scene
11:29:41.825 [JavaFX Application Thread] DEBUG GameScene            - Added MainViewComponent
11:29:41.825 [JavaFX Application Thread] DEBUG GameScene            - Entity added to scene
11:29:41.825 [JavaFX Application Thread] DEBUG GameScene            - Added MainViewComponent
11:29:41.827 [JavaFX Application Thread] DEBUG GameScene            - Entity added to scene
11:29:41.827 [JavaFX Application Thread] DEBUG GameScene            - Added MainViewComponent
11:29:41.828 [JavaFX Application Thread] DEBUG GameScene            - Entity added to scene
11:29:41.828 [JavaFX Application Thread] DEBUG GameScene            - Added MainViewComponent
11:29:41.829 [JavaFX Application Thread] DEBUG GameScene            - Entity added to scene
11:29:41.829 [JavaFX Application Thread] DEBUG GameScene            - Added MainViewComponent
11:29:41.829 [JavaFX Application Thread] DEBUG GameScene            - Entity added to scene
11:29:41.829 [JavaFX Application Thread] DEBUG GameScene            - Added MainViewComponent
11:29:41.830 [JavaFX Application Thread] DEBUG GameScene            - Entity added to scene
11:29:41.830 [JavaFX Application Thread] DEBUG GameScene            - Added MainViewComponent
11:29:41.831 [JavaFX Application Thread] DEBUG GameScene            - Entity added to scene
11:29:41.831 [JavaFX Application Thread] DEBUG GameScene            - Added MainViewComponent
11:29:41.831 [JavaFX Application Thread] DEBUG GameScene            - Entity added to scene
11:29:41.831 [JavaFX Application Thread] DEBUG GameScene            - Added MainViewComponent
11:29:41.832 [JavaFX Application Thread] DEBUG GameScene            - Entity added to scene
11:29:41.832 [JavaFX Application Thread] DEBUG GameScene            - Added MainViewComponent
11:29:41.833 [JavaFX Application Thread] DEBUG GameScene            - Entity added to scene
11:29:41.834 [JavaFX Application Thread] DEBUG GameScene            - Added MainViewComponent
11:29:41.834 [JavaFX Application Thread] DEBUG GameScene            - Entity added to scene
11:29:41.834 [JavaFX Application Thread] DEBUG GameScene            - Added MainViewComponent
11:29:41.834 [JavaFX Application Thread] DEBUG GameScene            - Entity added to scene
11:29:41.835 [JavaFX Application Thread] DEBUG GameScene            - Added MainViewComponent
11:29:41.835 [JavaFX Application Thread] DEBUG GameScene            - Entity added to scene
11:29:41.835 [JavaFX Application Thread] DEBUG GameScene            - Added MainViewComponent
11:29:41.835 [JavaFX Application Thread] DEBUG GameScene            - Entity added to scene
11:29:41.835 [JavaFX Application Thread] DEBUG GameScene            - Added MainViewComponent
11:29:41.836 [JavaFX Application Thread] DEBUG GameScene            - Entity added to scene
11:29:41.836 [JavaFX Application Thread] DEBUG GameScene            - Added MainViewComponent
11:29:41.836 [JavaFX Application Thread] DEBUG GameScene            - Entity added to scene
11:29:41.836 [JavaFX Application Thread] DEBUG GameScene            - Added MainViewComponent
11:29:41.837 [JavaFX Application Thread] DEBUG GameScene            - Entity added to scene
11:29:41.837 [JavaFX Application Thread] DEBUG GameScene            - Added MainViewComponent
11:29:41.837 [JavaFX Application Thread] DEBUG GameScene            - Entity added to scene
11:29:41.837 [JavaFX Application Thread] DEBUG GameScene            - Added MainViewComponent
11:29:41.838 [JavaFX Application Thread] DEBUG GameScene            - Entity added to scene
11:29:41.838 [JavaFX Application Thread] DEBUG GameScene            - Added MainViewComponent
11:29:41.838 [JavaFX Application Thread] DEBUG GameScene            - Entity added to scene
11:29:41.838 [JavaFX Application Thread] DEBUG GameScene            - Added MainViewComponent
11:29:41.839 [JavaFX Application Thread] DEBUG GameScene            - Entity added to scene
11:29:41.839 [JavaFX Application Thread] DEBUG GameScene            - Added MainViewComponent
11:29:41.839 [JavaFX Application Thread] DEBUG GameScene            - Entity added to scene
11:29:41.839 [JavaFX Application Thread] DEBUG GameScene            - Added MainViewComponent
11:29:41.840 [JavaFX Application Thread] DEBUG GameScene            - Entity added to scene
11:29:41.840 [JavaFX Application Thread] DEBUG GameScene            - Added MainViewComponent
11:29:41.840 [JavaFX Application Thread] DEBUG GameScene            - Entity added to scene
11:29:41.840 [JavaFX Application Thread] DEBUG GameScene            - Added MainViewComponent
11:29:41.841 [JavaFX Application Thread] DEBUG GameScene            - Entity added to scene
11:29:41.841 [JavaFX Application Thread] DEBUG GameScene            - Added MainViewComponent
11:29:41.841 [JavaFX Application Thread] DEBUG GameScene            - Entity added to scene
11:29:41.842 [JavaFX Application Thread] DEBUG GameScene            - Added MainViewComponent
11:29:41.842 [JavaFX Application Thread] DEBUG GameScene            - Entity added to scene
11:29:41.842 [JavaFX Application Thread] DEBUG GameScene            - Added MainViewComponent
11:29:41.843 [JavaFX Application Thread] DEBUG GameScene            - Entity added to scene
11:29:41.843 [JavaFX Application Thread] DEBUG GameScene            - Added MainViewComponent
11:29:41.843 [JavaFX Application Thread] DEBUG GameScene            - Entity added to scene
11:29:41.843 [JavaFX Application Thread] DEBUG GameScene            - Added MainViewComponent
11:29:41.844 [JavaFX Application Thread] DEBUG GameScene            - Entity added to scene
11:29:41.844 [JavaFX Application Thread] DEBUG GameScene            - Added MainViewComponent
11:29:41.846 [JavaFX Application Thread] DEBUG GameScene            - Entity added to scene
11:29:41.847 [JavaFX Application Thread] DEBUG GameScene            - Added MainViewComponent
11:29:41.847 [JavaFX Application Thread] DEBUG GameScene            - Entity added to scene
11:29:41.847 [JavaFX Application Thread] DEBUG GameScene            - Added MainViewComponent
11:29:41.848 [JavaFX Application Thread] DEBUG GameScene            - Entity added to scene
11:29:41.848 [JavaFX Application Thread] DEBUG GameScene            - Added MainViewComponent
11:29:41.848 [JavaFX Application Thread] DEBUG GameScene            - Entity added to scene
11:29:41.848 [JavaFX Application Thread] DEBUG GameScene            - Added MainViewComponent
11:29:41.849 [JavaFX Application Thread] DEBUG GameScene            - Entity added to scene
11:29:41.849 [JavaFX Application Thread] DEBUG GameScene            - Added MainViewComponent
11:29:41.850 [JavaFX Application Thread] DEBUG GameScene            - Entity added to scene
11:29:41.850 [JavaFX Application Thread] DEBUG GameScene            - Added MainViewComponent
11:29:41.850 [JavaFX Application Thread] DEBUG GameScene            - Entity added to scene
11:29:41.850 [JavaFX Application Thread] DEBUG GameScene            - Added MainViewComponent
11:29:41.851 [JavaFX Application Thread] DEBUG GameScene            - Entity added to scene
11:29:41.851 [JavaFX Application Thread] DEBUG GameScene            - Added MainViewComponent
11:29:41.851 [JavaFX Application Thread] DEBUG GameScene            - Entity added to scene
11:29:41.852 [JavaFX Application Thread] DEBUG GameScene            - Added MainViewComponent
11:29:41.852 [JavaFX Application Thread] DEBUG GameScene            - Entity added to scene
11:29:41.852 [JavaFX Application Thread] DEBUG GameScene            - Added MainViewComponent
11:29:41.853 [JavaFX Application Thread] DEBUG GameScene            - Entity added to scene
11:29:41.853 [JavaFX Application Thread] DEBUG GameScene            - Added MainViewComponent
11:29:41.853 [JavaFX Application Thread] DEBUG GameScene            - Entity added to scene
11:29:41.853 [JavaFX Application Thread] DEBUG GameScene            - Added MainViewComponent
11:29:41.854 [JavaFX Application Thread] DEBUG GameScene            - Entity added to scene
11:29:41.854 [JavaFX Application Thread] DEBUG GameScene            - Added MainViewComponent
11:29:41.856 [JavaFX Application Thread] DEBUG GameScene            - Entity added to scene
11:29:41.856 [JavaFX Application Thread] DEBUG GameScene            - Added MainViewComponent
11:29:41.856 [JavaFX Application Thread] DEBUG GameScene            - Entity added to scene
11:29:41.857 [JavaFX Application Thread] DEBUG GameScene            - Added MainViewComponent
11:29:41.857 [JavaFX Application Thread] DEBUG GameScene            - Entity added to scene
11:29:41.857 [JavaFX Application Thread] DEBUG GameScene            - Added MainViewComponent
11:29:41.857 [JavaFX Application Thread] DEBUG GameScene            - Entity added to scene
11:29:41.858 [JavaFX Application Thread] DEBUG GameScene            - Added MainViewComponent
11:29:41.858 [JavaFX Application Thread] DEBUG GameScene            - Entity added to scene
11:29:41.858 [JavaFX Application Thread] DEBUG GameScene            - Added MainViewComponent
11:29:41.859 [JavaFX Application Thread] DEBUG GameScene            - Entity added to scene
11:29:41.859 [JavaFX Application Thread] DEBUG GameScene            - Added MainViewComponent
11:29:41.859 [JavaFX Application Thread] DEBUG GameScene            - Entity added to scene
11:29:41.859 [JavaFX Application Thread] DEBUG GameScene            - Added MainViewComponent
11:29:41.860 [JavaFX Application Thread] DEBUG GameScene            - Entity added to scene
11:29:41.860 [JavaFX Application Thread] DEBUG GameScene            - Added MainViewComponent
11:29:41.860 [JavaFX Application Thread] DEBUG GameScene            - Entity added to scene
11:29:41.860 [JavaFX Application Thread] DEBUG GameScene            - Added MainViewComponent
11:29:41.861 [JavaFX Application Thread] DEBUG GameScene            - Entity added to scene
11:29:41.862 [JavaFX Application Thread] DEBUG GameScene            - Added MainViewComponent
11:29:41.863 [JavaFX Application Thread] DEBUG GameScene            - Entity added to scene
11:29:41.864 [JavaFX Application Thread] DEBUG GameScene            - Added MainViewComponent
11:29:41.864 [JavaFX Application Thread] DEBUG GameScene            - Entity added to scene
11:29:41.864 [JavaFX Application Thread] DEBUG GameScene            - Added MainViewComponent
11:29:41.865 [JavaFX Application Thread] DEBUG GameScene            - Entity added to scene
11:29:41.865 [JavaFX Application Thread] DEBUG GameScene            - Added MainViewComponent
11:29:41.865 [JavaFX Application Thread] DEBUG GameScene            - Entity added to scene
11:29:41.865 [JavaFX Application Thread] DEBUG GameScene            - Added MainViewComponent
11:29:41.865 [JavaFX Application Thread] DEBUG GameScene            - Entity added to scene
11:29:41.865 [JavaFX Application Thread] DEBUG GameScene            - Added MainViewComponent
11:29:55.697 [JavaFX Application Thread] DEBUG FXGLEventBus         - Firing event: DisplayEvent[type=DIALOG_OPENED]
11:29:55.698 [JavaFX Application Thread] DEBUG FXGLInput            - Clearing active input actions
11:29:55.698 [JavaFX Application Thread] DEBUG FXGLMasterTimer      - Stopping master timer
11:29:55.698 [JavaFX Application Thread] DEBUG GameApplication      - State: PLAYING -> PAUSED
11:29:55.698 [JavaFX Application Thread] DEBUG FXGLEventBus         - Firing event: FXGLEvent[type=PAUSE]
11:29:55.698 [JavaFX Application Thread] DEBUG FXGLInput            - Clearing active input actions
11:29:57.122 [JavaFX Application Thread] DEBUG FXGLEventBus         - Firing event: DisplayEvent[type=DIALOG_CLOSED]
11:29:57.123 [JavaFX Application Thread] DEBUG FXGLInput            - Clearing active input actions
11:29:57.123 [JavaFX Application Thread] DEBUG FXGLMasterTimer      - Starting master timer
11:29:57.124 [JavaFX Application Thread] DEBUG GameApplication      - State: PAUSED -> PLAYING
11:29:57.124 [JavaFX Application Thread] DEBUG FXGLEventBus         - Firing event: FXGLEvent[type=RESUME]
11:29:57.124 [JavaFX Application Thread] DEBUG FXGLEventBus         - Firing event: DisplayEvent[type=CLOSE_REQUEST]
11:29:57.126 [JavaFX Application Thread] DEBUG FXGLEventBus         - Firing event: FXGLEvent[type=EXIT]
11:29:57.127 [JavaFX Application Thread] DEBUG FXGL                 - Saving FXGL system data
11:29:57.130 [JavaFX Application Thread] DEBUG IOTask               - Executing task: writeDataTask(system/fxgl.bundle)
11:29:57.138 [JavaFX Application Thread] DEBUG FS                   - Writing to: system\fxgl.bundle
11:29:57.145 [JavaFX Application Thread] DEBUG IOTask               - Task succeeded: writeDataTask(system/fxgl.bundle)
