11:25:59.980 [FXGL Launcher Thread     ] DEBUG FXGLLoggerFactory    - Service [LoggerFactory] initialized
11:25:59.986 [FXGL Launcher Thread     ] DEBUG FXGL                 - FXGL configuration complete
11:25:59.986 [FXGL Launcher Thread     ] DEBUG FXGL                 - Loading FXGL system data
11:25:59.991 [FXGL Launcher Thread     ] DEBUG IOTask               - Executing task: readDataTask(system/fxgl.bundle)
11:25:59.993 [FXGL Launcher Thread     ] DEBUG FS                   - Reading from: system\fxgl.bundle
11:26:00.000 [FXGL Launcher Thread     ] DEBUG IOTask               - Task succeeded: readDataTask(system/fxgl.bundle)
11:26:00.000 [FXGL Launcher Thread     ] DEBUG Bundle               - Logging bundle: FXGL
11:26:00.000 [FXGL Launcher Thread     ] DEBUG Bundle               - FXGL.offline.timer.version.check=2017-01-18T11:24:23.393
11:26:00.006 [JavaFX Application Thread] DEBUG UpdaterTask          - Checking for updates
11:26:00.082 [JavaFX Application Thread] DEBUG FXGLEventBus         - Service [EventBus] initialized
11:26:00.085 [JavaFX Application Thread] DEBUG FXGLExecutor         - Service [Executor] initialized
11:26:00.086 [JavaFX Application Thread] DEBUG IOTask               - Showing dialog
11:26:00.089 [FXGL Background Thread 1 ] DEBUG IOTask               - Executing task: openStream(https://raw.githubusercontent.com/AlmasB/FXGL/master/pom.xml)
11:26:00.089 [FXGL Background Thread 1 ] DEBUG IOTask               - Executing task: openStream(https://raw.githubusercontent.com/AlmasB/FXGL/master/pom.xml)
11:26:00.679 [JavaFX Application Thread] DEBUG IOTask               - fail(): Dismissing dialog
11:26:00.679 [JavaFX Application Thread] WARN  IOTask               - Task failed: openStream(https://raw.githubusercontent.com/AlmasB/FXGL/master/pom.xml) Error: javax.net.ssl.SSLHandshakeException: sun.security.validator.ValidatorException: PKIX path building failed: sun.security.provider.certpath.SunCertPathBuilderException: unable to find valid certification path to requested target
11:26:00.679 [JavaFX Application Thread] WARN  UpdaterTask          - Failed to find updates: javax.net.ssl.SSLHandshakeException: sun.security.validator.ValidatorException: PKIX path building failed: sun.security.provider.certpath.SunCertPathBuilderException: unable to find valid certification path to requested target
11:26:01.267 [FXGL Launcher Thread     ] DEBUG GameApplication      - Configuring GameApplication
11:26:01.271 [FXGL Launcher Thread     ] DEBUG FXGLExceptionHandler - Service [ExceptionHandler] initialized
11:26:01.272 [FXGL Launcher Thread     ] DEBUG PreInitTask          - Injecting gameWorld & physicsWorld
11:26:01.278 [FXGL Launcher Thread     ] DEBUG GameWorld            - Game world initialized
11:26:01.367 [FXGL Launcher Thread     ] DEBUG FXGLPooler           - Service [Pooler] initialized with default size = 128
11:26:01.367 [FXGL Launcher Thread     ] DEBUG PhysicsWorld         - Physics world initialized: appHeight=840.0, physics.ppm=50.0
11:26:01.370 [FXGL Launcher Thread     ] DEBUG FXGLInput            - Service [Input] initialized
11:26:01.404 [FXGL Launcher Thread     ] DEBUG FXGLInput            - Registered new binding: Screenshot - P
11:26:01.405 [FXGL Launcher Thread     ] DEBUG FXGLInput            - Registered new binding: Dev Options - CTRL+0
11:26:01.408 [FXGL Launcher Thread     ] DEBUG FXGLInput            - Registered new binding: Up - W
11:26:01.408 [FXGL Launcher Thread     ] DEBUG FXGLInput            - Registered new binding: Left - A
11:26:01.408 [FXGL Launcher Thread     ] DEBUG FXGLInput            - Registered new binding: Down - S
11:26:01.408 [FXGL Launcher Thread     ] DEBUG FXGLInput            - Registered new binding: Right - D
11:26:01.468 [FXGL Launcher Thread     ] DEBUG GameScene            - Game scene initialized: 1040.0x840.0
11:26:01.473 [FXGL Launcher Thread     ] DEBUG FXGLAssetLoader      - Service [AssetLoader] initialized: cacheSize=35
11:26:01.476 [FXGL Launcher Thread     ] DEBUG FXGLAssetLoader      - Loading from disk: /assets/sounds/system/notification.wav
11:26:01.509 [FXGL Launcher Thread     ] DEBUG FXGLAssetLoader      - Loading from disk: /assets/sounds/menu/select.wav
11:26:01.512 [FXGL Launcher Thread     ] DEBUG FXGLAssetLoader      - Loading from disk: /assets/sounds/menu/back.wav
11:26:01.514 [FXGL Launcher Thread     ] DEBUG FXGLAssetLoader      - Loading from disk: /assets/sounds/menu/press.wav
11:26:01.517 [FXGL Launcher Thread     ] DEBUG FXGLAssetLoader      - Loading from disk: /assets/ui/fonts/Copperplate_Gothic_Light_Regular.ttf
11:26:01.523 [FXGL Launcher Thread     ] DEBUG FXGLAssetLoader      - Loading from disk: /assets/ui/css/fxgl.css
11:26:01.523 [FXGL Launcher Thread     ] DEBUG FXGLAssetLoader      - Loading from disk: /assets/ui/icons/fxgl_icon.png
11:26:01.556 [FXGL Launcher Thread     ] DEBUG FXGLAssetLoader      - Loading from disk: /assets/ui/css/fxgl_dark.css
11:26:01.567 [FXGL Launcher Thread     ] DEBUG FXGLDisplay          - Target size: DoubleProperty [value: 1040.0] x DoubleProperty [value: 840.0] @ 1.0
11:26:01.567 [FXGL Launcher Thread     ] DEBUG FXGLDisplay          - New size:    1040.0 x 840.0 @ DoubleProperty [value: 1.0]
11:26:01.568 [FXGL Launcher Thread     ] DEBUG FXGLDisplay          - Service [Display] initialized
11:26:01.568 [FXGL Launcher Thread     ] DEBUG FXGLDisplay          - Using CSS: CSS(externalForm=jar:file:/C:/Computer%20Science/Game%20Design/3rd/Pacman/lib/fxgl-0.2.9-uber.jar!/assets/ui/css/fxgl_dark.css)
11:26:01.568 [FXGL Launcher Thread     ] DEBUG InitScenesTask       - Injecting loadingScene & gameScene
11:26:01.589 [FXGL Launcher Thread     ] DEBUG FXGLMasterTimer      - Service [MasterTimer] initialized
11:26:01.592 [FXGL Launcher Thread     ] DEBUG FXGLAudioPlayer      - Service [AudioPlayer] initialized
11:26:01.603 [FXGL Launcher Thread     ] DEBUG GameApplication      - Starting new game
11:26:01.604 [FXGL Launcher Thread     ] DEBUG GameApplication      - Initializing App
11:26:01.606 [FXGL Launcher Thread     ] DEBUG FXGLInput            - Clearing active input actions
11:26:01.606 [FXGL Launcher Thread     ] DEBUG FXGLMasterTimer      - Stopping master timer
11:26:01.607 [FXGL Launcher Thread     ] DEBUG GameApplication      - State: STARTUP -> PAUSED
11:26:01.607 [FXGL Launcher Thread     ] DEBUG FXGLEventBus         - Firing event: FXGLEvent[type=PAUSE]
11:26:01.608 [FXGL Launcher Thread     ] DEBUG FXGLInput            - Clearing active input actions
11:26:01.608 [FXGL Launcher Thread     ] DEBUG FXGLMasterTimer      - Resetting ticks and clearing all actions
11:26:01.608 [FXGL Launcher Thread     ] DEBUG GameWorld            - Resetting game world
11:26:01.609 [FXGL Launcher Thread     ] TRACE EntityWorld          - Resetting entity world
11:26:01.612 [FXGL Launcher Thread     ] DEBUG PhysicsWorld         - Resetting physics world
11:26:01.612 [FXGL Launcher Thread     ] DEBUG GameScene            - Resetting game scene
11:26:01.612 [FXGL Launcher Thread     ] DEBUG FXGLEventBus         - Firing event: FXGLEvent[type=RESET]
11:26:01.682 [FXGL Launcher Thread     ] DEBUG GameApplication      - State: PAUSED -> LOADING
11:26:01.719 [FXGL Background Thread 1 ] DEBUG InitAppTask          - Initializing Assets
11:26:01.720 [FXGL Background Thread 1 ] DEBUG InitAppTask          - Initializing Game
11:26:01.724 [FXGL Background Thread 1 ] DEBUG FXGLAssetLoader      - Loading from disk: /assets/text/level.txt
11:26:01.817 [JavaFX Application Thread] DEBUG FXGLDisplay          - Showing stage
11:26:01.818 [JavaFX Application Thread] DEBUG FXGLDisplay          - Root size: 1040.0x840.0
11:26:01.818 [JavaFX Application Thread] DEBUG FXGLDisplay          - Scene size: 1040.0x840.0
11:26:01.818 [JavaFX Application Thread] DEBUG FXGLDisplay          - Stage size: 1058.0x885.0
11:26:02.051 [FXGL Background Thread 1 ] DEBUG GameWorld            - Resetting game world
11:26:02.051 [FXGL Background Thread 1 ] TRACE EntityWorld          - Resetting entity world
11:26:02.051 [FXGL Background Thread 1 ] DEBUG PhysicsWorld         - Resetting physics world
11:26:02.051 [FXGL Background Thread 1 ] DEBUG GameScene            - Resetting game scene
11:26:02.051 [FXGL Background Thread 1 ] DEBUG GameWorld            - Setting level: com.almasb.fxgl.gameplay.Level@3ad6d2a0
11:26:02.053 [FXGL Background Thread 1 ] DEBUG InitAppTask          - Initializing Physics
11:26:02.053 [FXGL Background Thread 1 ] DEBUG InitAppTask          - Initializing UI
11:26:02.053 [FXGL Background Thread 1 ] DEBUG InitAppTask          - Initialization Complete
11:26:02.055 [JavaFX Application Thread] DEBUG FXGLInput            - Clearing active input actions
11:26:02.056 [JavaFX Application Thread] DEBUG FXGLMasterTimer      - Starting master timer
11:26:02.056 [JavaFX Application Thread] DEBUG GameApplication      - State: LOADING -> PLAYING
11:26:02.064 [JavaFX Application Thread] DEBUG FXGLEventBus         - Firing event: FXGLEvent[type=RESUME]
11:26:02.068 [JavaFX Application Thread] DEBUG GameScene            - Entity added to scene
11:26:02.068 [JavaFX Application Thread] DEBUG GameScene            - Added MainViewComponent
11:26:02.070 [JavaFX Application Thread] DEBUG GameScene            - Creating render group for layer: PLAYGROUND(1073741823)
11:26:02.074 [JavaFX Application Thread] DEBUG GameScene            - Entity added to scene
11:26:02.074 [JavaFX Application Thread] DEBUG GameScene            - Added MainViewComponent
11:26:02.075 [JavaFX Application Thread] DEBUG GameScene            - Entity added to scene
11:26:02.075 [JavaFX Application Thread] DEBUG GameScene            - Added MainViewComponent
11:26:02.075 [JavaFX Application Thread] DEBUG GameScene            - Entity added to scene
11:26:02.076 [JavaFX Application Thread] DEBUG GameScene            - Added MainViewComponent
11:26:02.077 [JavaFX Application Thread] DEBUG GameScene            - Entity added to scene
11:26:02.077 [JavaFX Application Thread] DEBUG GameScene            - Added MainViewComponent
11:26:02.078 [JavaFX Application Thread] DEBUG GameScene            - Entity added to scene
11:26:02.079 [JavaFX Application Thread] DEBUG GameScene            - Added MainViewComponent
11:26:02.079 [JavaFX Application Thread] DEBUG GameScene            - Entity added to scene
11:26:02.079 [JavaFX Application Thread] DEBUG GameScene            - Added MainViewComponent
11:26:02.080 [JavaFX Application Thread] DEBUG GameScene            - Entity added to scene
11:26:02.080 [JavaFX Application Thread] DEBUG GameScene            - Added MainViewComponent
11:26:02.080 [JavaFX Application Thread] DEBUG GameScene            - Entity added to scene
11:26:02.080 [JavaFX Application Thread] DEBUG GameScene            - Added MainViewComponent
11:26:02.080 [JavaFX Application Thread] DEBUG GameScene            - Entity added to scene
11:26:02.080 [JavaFX Application Thread] DEBUG GameScene            - Added MainViewComponent
11:26:02.081 [JavaFX Application Thread] DEBUG GameScene            - Entity added to scene
11:26:02.081 [JavaFX Application Thread] DEBUG GameScene            - Added MainViewComponent
11:26:02.081 [JavaFX Application Thread] DEBUG GameScene            - Entity added to scene
11:26:02.081 [JavaFX Application Thread] DEBUG GameScene            - Added MainViewComponent
11:26:02.081 [JavaFX Application Thread] DEBUG GameScene            - Entity added to scene
11:26:02.081 [JavaFX Application Thread] DEBUG GameScene            - Added MainViewComponent
11:26:02.082 [JavaFX Application Thread] DEBUG GameScene            - Entity added to scene
11:26:02.082 [JavaFX Application Thread] DEBUG GameScene            - Added MainViewComponent
11:26:02.082 [JavaFX Application Thread] DEBUG GameScene            - Entity added to scene
11:26:02.082 [JavaFX Application Thread] DEBUG GameScene            - Added MainViewComponent
11:26:02.082 [JavaFX Application Thread] DEBUG GameScene            - Entity added to scene
11:26:02.083 [JavaFX Application Thread] DEBUG GameScene            - Added MainViewComponent
11:26:02.083 [JavaFX Application Thread] DEBUG GameScene            - Entity added to scene
11:26:02.083 [JavaFX Application Thread] DEBUG GameScene            - Added MainViewComponent
11:26:02.083 [JavaFX Application Thread] DEBUG GameScene            - Entity added to scene
11:26:02.083 [JavaFX Application Thread] DEBUG GameScene            - Added MainViewComponent
11:26:02.084 [JavaFX Application Thread] DEBUG GameScene            - Entity added to scene
11:26:02.084 [JavaFX Application Thread] DEBUG GameScene            - Added MainViewComponent
11:26:02.084 [JavaFX Application Thread] DEBUG GameScene            - Entity added to scene
11:26:02.084 [JavaFX Application Thread] DEBUG GameScene            - Added MainViewComponent
11:26:02.085 [JavaFX Application Thread] DEBUG GameScene            - Entity added to scene
11:26:02.085 [JavaFX Application Thread] DEBUG GameScene            - Added MainViewComponent
11:26:02.085 [JavaFX Application Thread] DEBUG GameScene            - Entity added to scene
11:26:02.085 [JavaFX Application Thread] DEBUG GameScene            - Added MainViewComponent
11:26:02.086 [JavaFX Application Thread] DEBUG GameScene            - Entity added to scene
11:26:02.086 [JavaFX Application Thread] DEBUG GameScene            - Added MainViewComponent
11:26:02.087 [JavaFX Application Thread] DEBUG GameScene            - Entity added to scene
11:26:02.088 [JavaFX Application Thread] DEBUG GameScene            - Added MainViewComponent
11:26:02.088 [JavaFX Application Thread] DEBUG GameScene            - Entity added to scene
11:26:02.088 [JavaFX Application Thread] DEBUG GameScene            - Added MainViewComponent
11:26:02.089 [JavaFX Application Thread] DEBUG GameScene            - Entity added to scene
11:26:02.089 [JavaFX Application Thread] DEBUG GameScene            - Added MainViewComponent
11:26:02.089 [JavaFX Application Thread] DEBUG GameScene            - Entity added to scene
11:26:02.089 [JavaFX Application Thread] DEBUG GameScene            - Added MainViewComponent
11:26:02.089 [JavaFX Application Thread] DEBUG GameScene            - Entity added to scene
11:26:02.090 [JavaFX Application Thread] DEBUG GameScene            - Added MainViewComponent
11:26:02.090 [JavaFX Application Thread] DEBUG GameScene            - Entity added to scene
11:26:02.090 [JavaFX Application Thread] DEBUG GameScene            - Added MainViewComponent
11:26:02.090 [JavaFX Application Thread] DEBUG GameScene            - Entity added to scene
11:26:02.091 [JavaFX Application Thread] DEBUG GameScene            - Added MainViewComponent
11:26:02.091 [JavaFX Application Thread] DEBUG GameScene            - Entity added to scene
11:26:02.091 [JavaFX Application Thread] DEBUG GameScene            - Added MainViewComponent
11:26:02.091 [JavaFX Application Thread] DEBUG GameScene            - Entity added to scene
11:26:02.091 [JavaFX Application Thread] DEBUG GameScene            - Added MainViewComponent
11:26:02.092 [JavaFX Application Thread] DEBUG GameScene            - Entity added to scene
11:26:02.092 [JavaFX Application Thread] DEBUG GameScene            - Added MainViewComponent
11:26:02.092 [JavaFX Application Thread] DEBUG GameScene            - Entity added to scene
11:26:02.093 [JavaFX Application Thread] DEBUG GameScene            - Added MainViewComponent
11:26:02.094 [JavaFX Application Thread] DEBUG GameScene            - Entity added to scene
11:26:02.094 [JavaFX Application Thread] DEBUG GameScene            - Added MainViewComponent
11:26:02.096 [JavaFX Application Thread] DEBUG GameScene            - Entity added to scene
11:26:02.096 [JavaFX Application Thread] DEBUG GameScene            - Added MainViewComponent
11:26:02.097 [JavaFX Application Thread] DEBUG GameScene            - Entity added to scene
11:26:02.097 [JavaFX Application Thread] DEBUG GameScene            - Added MainViewComponent
11:26:02.097 [JavaFX Application Thread] DEBUG GameScene            - Entity added to scene
11:26:02.097 [JavaFX Application Thread] DEBUG GameScene            - Added MainViewComponent
11:26:02.097 [JavaFX Application Thread] DEBUG GameScene            - Entity added to scene
11:26:02.097 [JavaFX Application Thread] DEBUG GameScene            - Added MainViewComponent
11:26:02.098 [JavaFX Application Thread] DEBUG GameScene            - Entity added to scene
11:26:02.098 [JavaFX Application Thread] DEBUG GameScene            - Added MainViewComponent
11:26:02.098 [JavaFX Application Thread] DEBUG GameScene            - Entity added to scene
11:26:02.098 [JavaFX Application Thread] DEBUG GameScene            - Added MainViewComponent
11:26:02.099 [JavaFX Application Thread] DEBUG GameScene            - Entity added to scene
11:26:02.099 [JavaFX Application Thread] DEBUG GameScene            - Added MainViewComponent
11:26:02.099 [JavaFX Application Thread] DEBUG GameScene            - Entity added to scene
11:26:02.099 [JavaFX Application Thread] DEBUG GameScene            - Added MainViewComponent
11:26:02.099 [JavaFX Application Thread] DEBUG GameScene            - Entity added to scene
11:26:02.099 [JavaFX Application Thread] DEBUG GameScene            - Added MainViewComponent
11:26:02.100 [JavaFX Application Thread] DEBUG GameScene            - Entity added to scene
11:26:02.100 [JavaFX Application Thread] DEBUG GameScene            - Added MainViewComponent
11:26:02.100 [JavaFX Application Thread] DEBUG GameScene            - Entity added to scene
11:26:02.100 [JavaFX Application Thread] DEBUG GameScene            - Added MainViewComponent
11:26:02.100 [JavaFX Application Thread] DEBUG GameScene            - Entity added to scene
11:26:02.100 [JavaFX Application Thread] DEBUG GameScene            - Added MainViewComponent
11:26:02.101 [JavaFX Application Thread] DEBUG GameScene            - Entity added to scene
11:26:02.101 [JavaFX Application Thread] DEBUG GameScene            - Added MainViewComponent
11:26:02.101 [JavaFX Application Thread] DEBUG GameScene            - Entity added to scene
11:26:02.101 [JavaFX Application Thread] DEBUG GameScene            - Added MainViewComponent
11:26:02.102 [JavaFX Application Thread] DEBUG GameScene            - Entity added to scene
11:26:02.102 [JavaFX Application Thread] DEBUG GameScene            - Added MainViewComponent
11:26:02.102 [JavaFX Application Thread] DEBUG GameScene            - Entity added to scene
11:26:02.102 [JavaFX Application Thread] DEBUG GameScene            - Added MainViewComponent
11:26:02.103 [JavaFX Application Thread] DEBUG GameScene            - Entity added to scene
11:26:02.103 [JavaFX Application Thread] DEBUG GameScene            - Added MainViewComponent
11:26:02.104 [JavaFX Application Thread] DEBUG GameScene            - Entity added to scene
11:26:02.104 [JavaFX Application Thread] DEBUG GameScene            - Added MainViewComponent
11:26:02.104 [JavaFX Application Thread] DEBUG GameScene            - Entity added to scene
11:26:02.104 [JavaFX Application Thread] DEBUG GameScene            - Added MainViewComponent
11:26:02.105 [JavaFX Application Thread] DEBUG GameScene            - Entity added to scene
11:26:02.105 [JavaFX Application Thread] DEBUG GameScene            - Added MainViewComponent
11:26:02.105 [JavaFX Application Thread] DEBUG GameScene            - Entity added to scene
11:26:02.105 [JavaFX Application Thread] DEBUG GameScene            - Added MainViewComponent
11:26:02.105 [JavaFX Application Thread] DEBUG GameScene            - Entity added to scene
11:26:02.106 [JavaFX Application Thread] DEBUG GameScene            - Added MainViewComponent
11:26:02.106 [JavaFX Application Thread] DEBUG GameScene            - Entity added to scene
11:26:02.106 [JavaFX Application Thread] DEBUG GameScene            - Added MainViewComponent
11:26:02.106 [JavaFX Application Thread] DEBUG GameScene            - Entity added to scene
11:26:02.106 [JavaFX Application Thread] DEBUG GameScene            - Added MainViewComponent
11:26:02.107 [JavaFX Application Thread] DEBUG GameScene            - Entity added to scene
11:26:02.107 [JavaFX Application Thread] DEBUG GameScene            - Added MainViewComponent
11:26:02.107 [JavaFX Application Thread] DEBUG GameScene            - Entity added to scene
11:26:02.107 [JavaFX Application Thread] DEBUG GameScene            - Added MainViewComponent
11:26:02.107 [JavaFX Application Thread] DEBUG GameScene            - Entity added to scene
11:26:02.108 [JavaFX Application Thread] DEBUG GameScene            - Added MainViewComponent
11:26:02.108 [JavaFX Application Thread] DEBUG GameScene            - Entity added to scene
11:26:02.108 [JavaFX Application Thread] DEBUG GameScene            - Added MainViewComponent
11:26:02.109 [JavaFX Application Thread] DEBUG GameScene            - Entity added to scene
11:26:02.109 [JavaFX Application Thread] DEBUG GameScene            - Added MainViewComponent
11:26:02.109 [JavaFX Application Thread] DEBUG GameScene            - Entity added to scene
11:26:02.109 [JavaFX Application Thread] DEBUG GameScene            - Added MainViewComponent
11:26:02.110 [JavaFX Application Thread] DEBUG GameScene            - Entity added to scene
11:26:02.110 [JavaFX Application Thread] DEBUG GameScene            - Added MainViewComponent
11:26:02.110 [JavaFX Application Thread] DEBUG GameScene            - Entity added to scene
11:26:02.110 [JavaFX Application Thread] DEBUG GameScene            - Added MainViewComponent
11:26:02.111 [JavaFX Application Thread] DEBUG GameScene            - Entity added to scene
11:26:02.111 [JavaFX Application Thread] DEBUG GameScene            - Added MainViewComponent
11:26:02.111 [JavaFX Application Thread] DEBUG GameScene            - Entity added to scene
11:26:02.111 [JavaFX Application Thread] DEBUG GameScene            - Added MainViewComponent
11:26:02.111 [JavaFX Application Thread] DEBUG GameScene            - Entity added to scene
11:26:02.111 [JavaFX Application Thread] DEBUG GameScene            - Added MainViewComponent
11:26:02.112 [JavaFX Application Thread] DEBUG GameScene            - Entity added to scene
11:26:02.112 [JavaFX Application Thread] DEBUG GameScene            - Added MainViewComponent
11:26:02.112 [JavaFX Application Thread] DEBUG GameScene            - Entity added to scene
11:26:02.112 [JavaFX Application Thread] DEBUG GameScene            - Added MainViewComponent
11:26:02.113 [JavaFX Application Thread] DEBUG GameScene            - Entity added to scene
11:26:02.113 [JavaFX Application Thread] DEBUG GameScene            - Added MainViewComponent
11:26:02.113 [JavaFX Application Thread] DEBUG GameScene            - Entity added to scene
11:26:02.113 [JavaFX Application Thread] DEBUG GameScene            - Added MainViewComponent
11:26:02.114 [JavaFX Application Thread] DEBUG GameScene            - Entity added to scene
11:26:02.114 [JavaFX Application Thread] DEBUG GameScene            - Added MainViewComponent
11:26:02.114 [JavaFX Application Thread] DEBUG GameScene            - Entity added to scene
11:26:02.114 [JavaFX Application Thread] DEBUG GameScene            - Added MainViewComponent
11:26:02.114 [JavaFX Application Thread] DEBUG GameScene            - Entity added to scene
11:26:02.115 [JavaFX Application Thread] DEBUG GameScene            - Added MainViewComponent
11:26:02.115 [JavaFX Application Thread] DEBUG GameScene            - Entity added to scene
11:26:02.115 [JavaFX Application Thread] DEBUG GameScene            - Added MainViewComponent
11:26:02.115 [JavaFX Application Thread] DEBUG GameScene            - Entity added to scene
11:26:02.115 [JavaFX Application Thread] DEBUG GameScene            - Added MainViewComponent
11:26:02.115 [JavaFX Application Thread] DEBUG GameScene            - Entity added to scene
11:26:02.115 [JavaFX Application Thread] DEBUG GameScene            - Added MainViewComponent
11:26:02.116 [JavaFX Application Thread] DEBUG GameScene            - Entity added to scene
11:26:02.116 [JavaFX Application Thread] DEBUG GameScene            - Added MainViewComponent
11:26:02.116 [JavaFX Application Thread] DEBUG GameScene            - Entity added to scene
11:26:02.116 [JavaFX Application Thread] DEBUG GameScene            - Added MainViewComponent
11:26:02.116 [JavaFX Application Thread] DEBUG GameScene            - Entity added to scene
11:26:02.116 [JavaFX Application Thread] DEBUG GameScene            - Added MainViewComponent
11:26:02.116 [JavaFX Application Thread] DEBUG GameScene            - Entity added to scene
11:26:02.116 [JavaFX Application Thread] DEBUG GameScene            - Added MainViewComponent
11:26:02.117 [JavaFX Application Thread] DEBUG GameScene            - Entity added to scene
11:26:02.117 [JavaFX Application Thread] DEBUG GameScene            - Added MainViewComponent
11:26:02.117 [JavaFX Application Thread] DEBUG GameScene            - Entity added to scene
11:26:02.117 [JavaFX Application Thread] DEBUG GameScene            - Added MainViewComponent
11:26:02.118 [JavaFX Application Thread] DEBUG GameScene            - Entity added to scene
11:26:02.118 [JavaFX Application Thread] DEBUG GameScene            - Added MainViewComponent
11:26:02.118 [JavaFX Application Thread] DEBUG GameScene            - Entity added to scene
11:26:02.118 [JavaFX Application Thread] DEBUG GameScene            - Added MainViewComponent
11:26:02.118 [JavaFX Application Thread] DEBUG GameScene            - Entity added to scene
11:26:02.118 [JavaFX Application Thread] DEBUG GameScene            - Added MainViewComponent
11:26:02.119 [JavaFX Application Thread] DEBUG GameScene            - Entity added to scene
11:26:02.119 [JavaFX Application Thread] DEBUG GameScene            - Added MainViewComponent
11:26:02.119 [JavaFX Application Thread] DEBUG GameScene            - Entity added to scene
11:26:02.119 [JavaFX Application Thread] DEBUG GameScene            - Added MainViewComponent
11:26:02.119 [JavaFX Application Thread] DEBUG GameScene            - Entity added to scene
11:26:02.119 [JavaFX Application Thread] DEBUG GameScene            - Added MainViewComponent
11:26:02.119 [JavaFX Application Thread] DEBUG GameScene            - Entity added to scene
11:26:02.119 [JavaFX Application Thread] DEBUG GameScene            - Added MainViewComponent
11:26:02.119 [JavaFX Application Thread] DEBUG GameScene            - Entity added to scene
11:26:02.119 [JavaFX Application Thread] DEBUG GameScene            - Added MainViewComponent
11:26:02.119 [JavaFX Application Thread] DEBUG GameScene            - Entity added to scene
11:26:02.119 [JavaFX Application Thread] DEBUG GameScene            - Added MainViewComponent
11:26:02.120 [JavaFX Application Thread] DEBUG GameScene            - Entity added to scene
11:26:02.120 [JavaFX Application Thread] DEBUG GameScene            - Added MainViewComponent
11:26:02.120 [JavaFX Application Thread] DEBUG GameScene            - Entity added to scene
11:26:02.120 [JavaFX Application Thread] DEBUG GameScene            - Added MainViewComponent
11:26:02.120 [JavaFX Application Thread] DEBUG GameScene            - Entity added to scene
11:26:02.120 [JavaFX Application Thread] DEBUG GameScene            - Added MainViewComponent
11:26:02.120 [JavaFX Application Thread] DEBUG GameScene            - Entity added to scene
11:26:02.120 [JavaFX Application Thread] DEBUG GameScene            - Added MainViewComponent
11:26:02.121 [JavaFX Application Thread] DEBUG GameScene            - Entity added to scene
11:26:02.121 [JavaFX Application Thread] DEBUG GameScene            - Added MainViewComponent
11:26:02.121 [JavaFX Application Thread] DEBUG GameScene            - Entity added to scene
11:26:02.121 [JavaFX Application Thread] DEBUG GameScene            - Added MainViewComponent
11:26:02.121 [JavaFX Application Thread] DEBUG GameScene            - Entity added to scene
11:26:02.121 [JavaFX Application Thread] DEBUG GameScene            - Added MainViewComponent
11:26:02.121 [JavaFX Application Thread] DEBUG GameScene            - Entity added to scene
11:26:02.121 [JavaFX Application Thread] DEBUG GameScene            - Added MainViewComponent
11:26:02.122 [JavaFX Application Thread] DEBUG GameScene            - Entity added to scene
11:26:02.122 [JavaFX Application Thread] DEBUG GameScene            - Added MainViewComponent
11:26:02.122 [JavaFX Application Thread] DEBUG GameScene            - Entity added to scene
11:26:02.122 [JavaFX Application Thread] DEBUG GameScene            - Added MainViewComponent
11:26:02.122 [JavaFX Application Thread] DEBUG GameScene            - Entity added to scene
11:26:02.122 [JavaFX Application Thread] DEBUG GameScene            - Added MainViewComponent
11:26:02.123 [JavaFX Application Thread] DEBUG GameScene            - Entity added to scene
11:26:02.123 [JavaFX Application Thread] DEBUG GameScene            - Added MainViewComponent
11:26:02.123 [JavaFX Application Thread] DEBUG GameScene            - Entity added to scene
11:26:02.123 [JavaFX Application Thread] DEBUG GameScene            - Added MainViewComponent
11:26:02.123 [JavaFX Application Thread] DEBUG GameScene            - Entity added to scene
11:26:02.123 [JavaFX Application Thread] DEBUG GameScene            - Added MainViewComponent
11:26:02.124 [JavaFX Application Thread] DEBUG GameScene            - Entity added to scene
11:26:02.124 [JavaFX Application Thread] DEBUG GameScene            - Added MainViewComponent
11:26:02.124 [JavaFX Application Thread] DEBUG GameScene            - Entity added to scene
11:26:02.124 [JavaFX Application Thread] DEBUG GameScene            - Added MainViewComponent
11:26:02.124 [JavaFX Application Thread] DEBUG GameScene            - Entity added to scene
11:26:02.124 [JavaFX Application Thread] DEBUG GameScene            - Added MainViewComponent
11:26:02.124 [JavaFX Application Thread] DEBUG GameScene            - Entity added to scene
11:26:02.124 [JavaFX Application Thread] DEBUG GameScene            - Added MainViewComponent
11:26:02.124 [JavaFX Application Thread] DEBUG GameScene            - Entity added to scene
11:26:02.124 [JavaFX Application Thread] DEBUG GameScene            - Added MainViewComponent
11:26:02.125 [JavaFX Application Thread] DEBUG GameScene            - Entity added to scene
11:26:02.125 [JavaFX Application Thread] DEBUG GameScene            - Added MainViewComponent
11:26:02.126 [JavaFX Application Thread] DEBUG GameScene            - Entity added to scene
11:26:02.126 [JavaFX Application Thread] DEBUG GameScene            - Added MainViewComponent
11:26:02.127 [JavaFX Application Thread] DEBUG GameScene            - Entity added to scene
11:26:02.128 [JavaFX Application Thread] DEBUG GameScene            - Added MainViewComponent
11:26:02.129 [JavaFX Application Thread] DEBUG GameScene            - Entity added to scene
11:26:02.130 [JavaFX Application Thread] DEBUG GameScene            - Added MainViewComponent
11:26:02.131 [JavaFX Application Thread] DEBUG GameScene            - Entity added to scene
11:26:02.131 [JavaFX Application Thread] DEBUG GameScene            - Added MainViewComponent
11:26:02.131 [JavaFX Application Thread] DEBUG GameScene            - Entity added to scene
11:26:02.131 [JavaFX Application Thread] DEBUG GameScene            - Added MainViewComponent
11:26:02.132 [JavaFX Application Thread] DEBUG GameScene            - Entity added to scene
11:26:02.132 [JavaFX Application Thread] DEBUG GameScene            - Added MainViewComponent
11:26:02.132 [JavaFX Application Thread] DEBUG GameScene            - Entity added to scene
11:26:02.132 [JavaFX Application Thread] DEBUG GameScene            - Added MainViewComponent
11:26:02.132 [JavaFX Application Thread] DEBUG GameScene            - Entity added to scene
11:26:02.132 [JavaFX Application Thread] DEBUG GameScene            - Added MainViewComponent
11:26:02.132 [JavaFX Application Thread] DEBUG GameScene            - Entity added to scene
11:26:02.132 [JavaFX Application Thread] DEBUG GameScene            - Added MainViewComponent
11:26:02.133 [JavaFX Application Thread] DEBUG GameScene            - Entity added to scene
11:26:02.133 [JavaFX Application Thread] DEBUG GameScene            - Added MainViewComponent
11:26:02.133 [JavaFX Application Thread] DEBUG GameScene            - Entity added to scene
11:26:02.133 [JavaFX Application Thread] DEBUG GameScene            - Added MainViewComponent
11:26:02.134 [JavaFX Application Thread] DEBUG GameScene            - Entity added to scene
11:26:02.134 [JavaFX Application Thread] DEBUG GameScene            - Added MainViewComponent
11:26:02.134 [JavaFX Application Thread] DEBUG GameScene            - Entity added to scene
11:26:02.134 [JavaFX Application Thread] DEBUG GameScene            - Added MainViewComponent
11:26:02.135 [JavaFX Application Thread] DEBUG GameScene            - Entity added to scene
11:26:02.135 [JavaFX Application Thread] DEBUG GameScene            - Added MainViewComponent
11:26:02.135 [JavaFX Application Thread] DEBUG GameScene            - Entity added to scene
11:26:02.135 [JavaFX Application Thread] DEBUG GameScene            - Added MainViewComponent
11:26:02.135 [JavaFX Application Thread] DEBUG GameScene            - Entity added to scene
11:26:02.135 [JavaFX Application Thread] DEBUG GameScene            - Added MainViewComponent
11:26:02.135 [JavaFX Application Thread] DEBUG GameScene            - Entity added to scene
11:26:02.135 [JavaFX Application Thread] DEBUG GameScene            - Added MainViewComponent
11:26:02.136 [JavaFX Application Thread] DEBUG GameScene            - Entity added to scene
11:26:02.136 [JavaFX Application Thread] DEBUG GameScene            - Added MainViewComponent
11:26:02.136 [JavaFX Application Thread] DEBUG GameScene            - Entity added to scene
11:26:02.136 [JavaFX Application Thread] DEBUG GameScene            - Added MainViewComponent
11:26:02.136 [JavaFX Application Thread] DEBUG GameScene            - Entity added to scene
11:26:02.136 [JavaFX Application Thread] DEBUG GameScene            - Added MainViewComponent
11:26:02.136 [JavaFX Application Thread] DEBUG GameScene            - Entity added to scene
11:26:02.136 [JavaFX Application Thread] DEBUG GameScene            - Added MainViewComponent
11:26:02.136 [JavaFX Application Thread] DEBUG GameScene            - Entity added to scene
11:26:02.136 [JavaFX Application Thread] DEBUG GameScene            - Added MainViewComponent
11:26:02.136 [JavaFX Application Thread] DEBUG GameScene            - Entity added to scene
11:26:02.136 [JavaFX Application Thread] DEBUG GameScene            - Added MainViewComponent
11:26:02.137 [JavaFX Application Thread] DEBUG GameScene            - Entity added to scene
11:26:02.137 [JavaFX Application Thread] DEBUG GameScene            - Added MainViewComponent
11:26:02.137 [JavaFX Application Thread] DEBUG GameScene            - Entity added to scene
11:26:02.137 [JavaFX Application Thread] DEBUG GameScene            - Added MainViewComponent
11:26:02.137 [JavaFX Application Thread] DEBUG GameScene            - Entity added to scene
11:26:02.137 [JavaFX Application Thread] DEBUG GameScene            - Added MainViewComponent
11:26:02.137 [JavaFX Application Thread] DEBUG GameScene            - Entity added to scene
11:26:02.137 [JavaFX Application Thread] DEBUG GameScene            - Added MainViewComponent
11:26:02.137 [JavaFX Application Thread] DEBUG GameScene            - Entity added to scene
11:26:02.137 [JavaFX Application Thread] DEBUG GameScene            - Added MainViewComponent
11:26:02.138 [JavaFX Application Thread] DEBUG GameScene            - Entity added to scene
11:26:02.138 [JavaFX Application Thread] DEBUG GameScene            - Added MainViewComponent
11:26:02.138 [JavaFX Application Thread] DEBUG GameScene            - Entity added to scene
11:26:02.138 [JavaFX Application Thread] DEBUG GameScene            - Added MainViewComponent
11:26:02.138 [JavaFX Application Thread] DEBUG GameScene            - Entity added to scene
11:26:02.138 [JavaFX Application Thread] DEBUG GameScene            - Added MainViewComponent
11:26:02.138 [JavaFX Application Thread] DEBUG GameScene            - Entity added to scene
11:26:02.138 [JavaFX Application Thread] DEBUG GameScene            - Added MainViewComponent
11:26:02.138 [JavaFX Application Thread] DEBUG GameScene            - Entity added to scene
11:26:02.138 [JavaFX Application Thread] DEBUG GameScene            - Added MainViewComponent
11:26:02.139 [JavaFX Application Thread] DEBUG GameScene            - Entity added to scene
11:26:02.139 [JavaFX Application Thread] DEBUG GameScene            - Added MainViewComponent
11:26:02.139 [JavaFX Application Thread] DEBUG GameScene            - Entity added to scene
11:26:02.139 [JavaFX Application Thread] DEBUG GameScene            - Added MainViewComponent
11:26:02.139 [JavaFX Application Thread] DEBUG GameScene            - Entity added to scene
11:26:02.139 [JavaFX Application Thread] DEBUG GameScene            - Added MainViewComponent
11:26:02.139 [JavaFX Application Thread] DEBUG GameScene            - Entity added to scene
11:26:02.139 [JavaFX Application Thread] DEBUG GameScene            - Added MainViewComponent
11:26:02.140 [JavaFX Application Thread] DEBUG GameScene            - Entity added to scene
11:26:02.140 [JavaFX Application Thread] DEBUG GameScene            - Added MainViewComponent
11:26:02.140 [JavaFX Application Thread] DEBUG GameScene            - Entity added to scene
11:26:02.140 [JavaFX Application Thread] DEBUG GameScene            - Added MainViewComponent
11:26:02.140 [JavaFX Application Thread] DEBUG GameScene            - Entity added to scene
11:26:02.140 [JavaFX Application Thread] DEBUG GameScene            - Added MainViewComponent
11:26:02.141 [JavaFX Application Thread] DEBUG GameScene            - Entity added to scene
11:26:02.141 [JavaFX Application Thread] DEBUG GameScene            - Added MainViewComponent
11:26:02.141 [JavaFX Application Thread] DEBUG GameScene            - Entity added to scene
11:26:02.141 [JavaFX Application Thread] DEBUG GameScene            - Added MainViewComponent
11:26:02.142 [JavaFX Application Thread] DEBUG GameScene            - Entity added to scene
11:26:02.142 [JavaFX Application Thread] DEBUG GameScene            - Added MainViewComponent
11:26:02.143 [JavaFX Application Thread] DEBUG GameScene            - Entity added to scene
11:26:02.143 [JavaFX Application Thread] DEBUG GameScene            - Added MainViewComponent
11:26:02.144 [JavaFX Application Thread] DEBUG GameScene            - Entity added to scene
11:26:02.144 [JavaFX Application Thread] DEBUG GameScene            - Added MainViewComponent
11:26:02.144 [JavaFX Application Thread] DEBUG GameScene            - Entity added to scene
11:26:02.144 [JavaFX Application Thread] DEBUG GameScene            - Added MainViewComponent
11:26:02.145 [JavaFX Application Thread] DEBUG GameScene            - Entity added to scene
11:26:02.145 [JavaFX Application Thread] DEBUG GameScene            - Added MainViewComponent
11:26:02.145 [JavaFX Application Thread] DEBUG GameScene            - Entity added to scene
11:26:02.145 [JavaFX Application Thread] DEBUG GameScene            - Added MainViewComponent
11:26:02.145 [JavaFX Application Thread] DEBUG GameScene            - Entity added to scene
11:26:02.145 [JavaFX Application Thread] DEBUG GameScene            - Added MainViewComponent
11:26:02.145 [JavaFX Application Thread] DEBUG GameScene            - Entity added to scene
11:26:02.145 [JavaFX Application Thread] DEBUG GameScene            - Added MainViewComponent
11:26:02.146 [JavaFX Application Thread] DEBUG GameScene            - Entity added to scene
11:26:02.146 [JavaFX Application Thread] DEBUG GameScene            - Added MainViewComponent
11:26:02.146 [JavaFX Application Thread] DEBUG GameScene            - Entity added to scene
11:26:02.146 [JavaFX Application Thread] DEBUG GameScene            - Added MainViewComponent
11:26:02.146 [JavaFX Application Thread] DEBUG GameScene            - Entity added to scene
11:26:02.146 [JavaFX Application Thread] DEBUG GameScene            - Added MainViewComponent
11:26:02.146 [JavaFX Application Thread] DEBUG GameScene            - Entity added to scene
11:26:02.146 [JavaFX Application Thread] DEBUG GameScene            - Added MainViewComponent
11:26:02.146 [JavaFX Application Thread] DEBUG GameScene            - Entity added to scene
11:26:02.146 [JavaFX Application Thread] DEBUG GameScene            - Added MainViewComponent
11:26:02.146 [JavaFX Application Thread] DEBUG GameScene            - Entity added to scene
11:26:02.146 [JavaFX Application Thread] DEBUG GameScene            - Added MainViewComponent
11:26:02.147 [JavaFX Application Thread] DEBUG GameScene            - Entity added to scene
11:26:02.147 [JavaFX Application Thread] DEBUG GameScene            - Added MainViewComponent
11:26:02.147 [JavaFX Application Thread] DEBUG GameScene            - Entity added to scene
11:26:02.147 [JavaFX Application Thread] DEBUG GameScene            - Added MainViewComponent
11:26:02.147 [JavaFX Application Thread] DEBUG GameScene            - Entity added to scene
11:26:02.147 [JavaFX Application Thread] DEBUG GameScene            - Added MainViewComponent
11:26:02.147 [JavaFX Application Thread] DEBUG GameScene            - Entity added to scene
11:26:02.147 [JavaFX Application Thread] DEBUG GameScene            - Added MainViewComponent
11:26:02.147 [JavaFX Application Thread] DEBUG GameScene            - Entity added to scene
11:26:02.147 [JavaFX Application Thread] DEBUG GameScene            - Added MainViewComponent
11:26:02.147 [JavaFX Application Thread] DEBUG GameScene            - Entity added to scene
11:26:02.147 [JavaFX Application Thread] DEBUG GameScene            - Added MainViewComponent
11:26:02.147 [JavaFX Application Thread] DEBUG GameScene            - Entity added to scene
11:26:02.147 [JavaFX Application Thread] DEBUG GameScene            - Added MainViewComponent
11:26:02.148 [JavaFX Application Thread] DEBUG GameScene            - Entity added to scene
11:26:02.148 [JavaFX Application Thread] DEBUG GameScene            - Added MainViewComponent
11:26:02.148 [JavaFX Application Thread] DEBUG GameScene            - Entity added to scene
11:26:02.148 [JavaFX Application Thread] DEBUG GameScene            - Added MainViewComponent
11:26:02.148 [JavaFX Application Thread] DEBUG GameScene            - Entity added to scene
11:26:02.148 [JavaFX Application Thread] DEBUG GameScene            - Added MainViewComponent
11:26:02.148 [JavaFX Application Thread] DEBUG GameScene            - Entity added to scene
11:26:02.148 [JavaFX Application Thread] DEBUG GameScene            - Added MainViewComponent
11:26:02.148 [JavaFX Application Thread] DEBUG GameScene            - Entity added to scene
11:26:02.148 [JavaFX Application Thread] DEBUG GameScene            - Added MainViewComponent
11:26:02.148 [JavaFX Application Thread] DEBUG GameScene            - Entity added to scene
11:26:02.148 [JavaFX Application Thread] DEBUG GameScene            - Added MainViewComponent
11:26:02.149 [JavaFX Application Thread] DEBUG GameScene            - Entity added to scene
11:26:02.149 [JavaFX Application Thread] DEBUG GameScene            - Added MainViewComponent
11:26:02.149 [JavaFX Application Thread] DEBUG GameScene            - Entity added to scene
11:26:02.149 [JavaFX Application Thread] DEBUG GameScene            - Added MainViewComponent
11:26:02.149 [JavaFX Application Thread] DEBUG GameScene            - Entity added to scene
11:26:02.149 [JavaFX Application Thread] DEBUG GameScene            - Added MainViewComponent
11:26:02.149 [JavaFX Application Thread] DEBUG GameScene            - Entity added to scene
11:26:02.149 [JavaFX Application Thread] DEBUG GameScene            - Added MainViewComponent
11:26:02.150 [JavaFX Application Thread] DEBUG GameScene            - Entity added to scene
11:26:02.150 [JavaFX Application Thread] DEBUG GameScene            - Added MainViewComponent
11:26:02.150 [JavaFX Application Thread] DEBUG GameScene            - Entity added to scene
11:26:02.150 [JavaFX Application Thread] DEBUG GameScene            - Added MainViewComponent
11:26:02.150 [JavaFX Application Thread] DEBUG GameScene            - Entity added to scene
11:26:02.150 [JavaFX Application Thread] DEBUG GameScene            - Added MainViewComponent
11:26:02.150 [JavaFX Application Thread] DEBUG GameScene            - Entity added to scene
11:26:02.151 [JavaFX Application Thread] DEBUG GameScene            - Added MainViewComponent
11:26:02.151 [JavaFX Application Thread] DEBUG GameScene            - Entity added to scene
11:26:02.151 [JavaFX Application Thread] DEBUG GameScene            - Added MainViewComponent
11:26:02.151 [JavaFX Application Thread] DEBUG GameScene            - Entity added to scene
11:26:02.151 [JavaFX Application Thread] DEBUG GameScene            - Added MainViewComponent
11:26:02.151 [JavaFX Application Thread] DEBUG GameScene            - Entity added to scene
11:26:02.151 [JavaFX Application Thread] DEBUG GameScene            - Added MainViewComponent
11:26:02.151 [JavaFX Application Thread] DEBUG GameScene            - Entity added to scene
11:26:02.151 [JavaFX Application Thread] DEBUG GameScene            - Added MainViewComponent
11:26:02.152 [JavaFX Application Thread] DEBUG GameScene            - Entity added to scene
11:26:02.152 [JavaFX Application Thread] DEBUG GameScene            - Added MainViewComponent
11:26:02.152 [JavaFX Application Thread] DEBUG GameScene            - Entity added to scene
11:26:02.152 [JavaFX Application Thread] DEBUG GameScene            - Added MainViewComponent
11:26:02.152 [JavaFX Application Thread] DEBUG GameScene            - Entity added to scene
11:26:02.152 [JavaFX Application Thread] DEBUG GameScene            - Added MainViewComponent
11:26:02.153 [JavaFX Application Thread] DEBUG GameScene            - Entity added to scene
11:26:02.153 [JavaFX Application Thread] DEBUG GameScene            - Added MainViewComponent
11:26:02.153 [JavaFX Application Thread] DEBUG GameScene            - Entity added to scene
11:26:02.153 [JavaFX Application Thread] DEBUG GameScene            - Added MainViewComponent
11:26:02.153 [JavaFX Application Thread] DEBUG GameScene            - Entity added to scene
11:26:02.153 [JavaFX Application Thread] DEBUG GameScene            - Added MainViewComponent
11:26:02.153 [JavaFX Application Thread] DEBUG GameScene            - Entity added to scene
11:26:02.154 [JavaFX Application Thread] DEBUG GameScene            - Added MainViewComponent
11:26:02.154 [JavaFX Application Thread] DEBUG GameScene            - Entity added to scene
11:26:02.154 [JavaFX Application Thread] DEBUG GameScene            - Added MainViewComponent
11:26:02.154 [JavaFX Application Thread] DEBUG GameScene            - Entity added to scene
11:26:02.154 [JavaFX Application Thread] DEBUG GameScene            - Added MainViewComponent
11:26:02.154 [JavaFX Application Thread] DEBUG GameScene            - Entity added to scene
11:26:02.155 [JavaFX Application Thread] DEBUG GameScene            - Added MainViewComponent
11:26:02.155 [JavaFX Application Thread] DEBUG GameScene            - Entity added to scene
11:26:02.155 [JavaFX Application Thread] DEBUG GameScene            - Added MainViewComponent
11:26:02.155 [JavaFX Application Thread] DEBUG GameScene            - Entity added to scene
11:26:02.155 [JavaFX Application Thread] DEBUG GameScene            - Added MainViewComponent
11:26:02.155 [JavaFX Application Thread] DEBUG GameScene            - Entity added to scene
11:26:02.155 [JavaFX Application Thread] DEBUG GameScene            - Added MainViewComponent
11:26:02.155 [JavaFX Application Thread] DEBUG GameScene            - Entity added to scene
11:26:02.155 [JavaFX Application Thread] DEBUG GameScene            - Added MainViewComponent
11:26:02.155 [JavaFX Application Thread] DEBUG GameScene            - Entity added to scene
11:26:02.156 [JavaFX Application Thread] DEBUG GameScene            - Added MainViewComponent
11:26:02.156 [JavaFX Application Thread] DEBUG GameScene            - Entity added to scene
11:26:02.156 [JavaFX Application Thread] DEBUG GameScene            - Added MainViewComponent
11:26:02.156 [JavaFX Application Thread] DEBUG GameScene            - Entity added to scene
11:26:02.156 [JavaFX Application Thread] DEBUG GameScene            - Added MainViewComponent
11:26:02.156 [JavaFX Application Thread] DEBUG GameScene            - Entity added to scene
11:26:02.156 [JavaFX Application Thread] DEBUG GameScene            - Added MainViewComponent
11:26:02.157 [JavaFX Application Thread] DEBUG GameScene            - Entity added to scene
11:26:02.157 [JavaFX Application Thread] DEBUG GameScene            - Added MainViewComponent
11:26:02.157 [JavaFX Application Thread] DEBUG GameScene            - Entity added to scene
11:26:02.158 [JavaFX Application Thread] DEBUG GameScene            - Added MainViewComponent
11:26:02.158 [JavaFX Application Thread] DEBUG GameScene            - Entity added to scene
11:26:02.159 [JavaFX Application Thread] DEBUG GameScene            - Added MainViewComponent
11:26:02.159 [JavaFX Application Thread] DEBUG GameScene            - Entity added to scene
11:26:02.159 [JavaFX Application Thread] DEBUG GameScene            - Added MainViewComponent
11:26:02.160 [JavaFX Application Thread] DEBUG GameScene            - Entity added to scene
11:26:02.160 [JavaFX Application Thread] DEBUG GameScene            - Added MainViewComponent
11:26:02.160 [JavaFX Application Thread] DEBUG GameScene            - Entity added to scene
11:26:02.160 [JavaFX Application Thread] DEBUG GameScene            - Added MainViewComponent
11:26:02.160 [JavaFX Application Thread] DEBUG GameScene            - Entity added to scene
11:26:02.160 [JavaFX Application Thread] DEBUG GameScene            - Added MainViewComponent
11:26:02.160 [JavaFX Application Thread] DEBUG GameScene            - Entity added to scene
11:26:02.160 [JavaFX Application Thread] DEBUG GameScene            - Added MainViewComponent
11:26:02.160 [JavaFX Application Thread] DEBUG GameScene            - Entity added to scene
11:26:02.160 [JavaFX Application Thread] DEBUG GameScene            - Added MainViewComponent
11:26:02.160 [JavaFX Application Thread] DEBUG GameScene            - Entity added to scene
11:26:02.160 [JavaFX Application Thread] DEBUG GameScene            - Added MainViewComponent
11:26:02.161 [JavaFX Application Thread] DEBUG GameScene            - Entity added to scene
11:26:02.161 [JavaFX Application Thread] DEBUG GameScene            - Added MainViewComponent
11:26:02.161 [JavaFX Application Thread] DEBUG GameScene            - Entity added to scene
11:26:02.161 [JavaFX Application Thread] DEBUG GameScene            - Added MainViewComponent
11:26:02.161 [JavaFX Application Thread] DEBUG GameScene            - Entity added to scene
11:26:02.161 [JavaFX Application Thread] DEBUG GameScene            - Added MainViewComponent
11:26:02.161 [JavaFX Application Thread] DEBUG GameScene            - Entity added to scene
11:26:02.161 [JavaFX Application Thread] DEBUG GameScene            - Added MainViewComponent
11:26:02.161 [JavaFX Application Thread] DEBUG GameScene            - Entity added to scene
11:26:02.161 [JavaFX Application Thread] DEBUG GameScene            - Added MainViewComponent
11:26:02.161 [JavaFX Application Thread] DEBUG GameScene            - Entity added to scene
11:26:02.162 [JavaFX Application Thread] DEBUG GameScene            - Added MainViewComponent
11:26:02.162 [JavaFX Application Thread] DEBUG GameScene            - Entity added to scene
11:26:02.162 [JavaFX Application Thread] DEBUG GameScene            - Added MainViewComponent
11:26:02.162 [JavaFX Application Thread] DEBUG GameScene            - Entity added to scene
11:26:02.162 [JavaFX Application Thread] DEBUG GameScene            - Added MainViewComponent
11:26:02.162 [JavaFX Application Thread] DEBUG GameScene            - Entity added to scene
11:26:02.162 [JavaFX Application Thread] DEBUG GameScene            - Added MainViewComponent
11:26:02.162 [JavaFX Application Thread] DEBUG GameScene            - Entity added to scene
11:26:02.162 [JavaFX Application Thread] DEBUG GameScene            - Added MainViewComponent
11:26:02.162 [JavaFX Application Thread] DEBUG GameScene            - Entity added to scene
11:26:02.162 [JavaFX Application Thread] DEBUG GameScene            - Added MainViewComponent
11:26:02.162 [JavaFX Application Thread] DEBUG GameScene            - Entity added to scene
11:26:02.162 [JavaFX Application Thread] DEBUG GameScene            - Added MainViewComponent
11:26:02.162 [JavaFX Application Thread] DEBUG GameScene            - Entity added to scene
11:26:02.162 [JavaFX Application Thread] DEBUG GameScene            - Added MainViewComponent
11:26:02.163 [JavaFX Application Thread] DEBUG GameScene            - Entity added to scene
11:26:02.163 [JavaFX Application Thread] DEBUG GameScene            - Added MainViewComponent
11:26:02.163 [JavaFX Application Thread] DEBUG GameScene            - Entity added to scene
11:26:02.163 [JavaFX Application Thread] DEBUG GameScene            - Added MainViewComponent
11:26:02.163 [JavaFX Application Thread] DEBUG GameScene            - Entity added to scene
11:26:02.163 [JavaFX Application Thread] DEBUG GameScene            - Added MainViewComponent
11:26:02.163 [JavaFX Application Thread] DEBUG GameScene            - Entity added to scene
11:26:02.163 [JavaFX Application Thread] DEBUG GameScene            - Added MainViewComponent
11:26:02.163 [JavaFX Application Thread] DEBUG GameScene            - Entity added to scene
11:26:02.163 [JavaFX Application Thread] DEBUG GameScene            - Added MainViewComponent
11:26:02.163 [JavaFX Application Thread] DEBUG GameScene            - Entity added to scene
11:26:02.163 [JavaFX Application Thread] DEBUG GameScene            - Added MainViewComponent
11:26:02.163 [JavaFX Application Thread] DEBUG GameScene            - Entity added to scene
11:26:02.163 [JavaFX Application Thread] DEBUG GameScene            - Added MainViewComponent
11:26:02.164 [JavaFX Application Thread] DEBUG GameScene            - Entity added to scene
11:26:02.164 [JavaFX Application Thread] DEBUG GameScene            - Added MainViewComponent
11:26:02.164 [JavaFX Application Thread] DEBUG GameScene            - Entity added to scene
11:26:02.164 [JavaFX Application Thread] DEBUG GameScene            - Added MainViewComponent
11:26:02.164 [JavaFX Application Thread] DEBUG GameScene            - Entity added to scene
11:26:02.164 [JavaFX Application Thread] DEBUG GameScene            - Added MainViewComponent
11:26:02.164 [JavaFX Application Thread] DEBUG GameScene            - Entity added to scene
11:26:02.164 [JavaFX Application Thread] DEBUG GameScene            - Added MainViewComponent
11:26:02.164 [JavaFX Application Thread] DEBUG GameScene            - Entity added to scene
11:26:02.164 [JavaFX Application Thread] DEBUG GameScene            - Added MainViewComponent
11:26:02.164 [JavaFX Application Thread] DEBUG GameScene            - Entity added to scene
11:26:02.164 [JavaFX Application Thread] DEBUG GameScene            - Added MainViewComponent
11:26:02.164 [JavaFX Application Thread] DEBUG GameScene            - Entity added to scene
11:26:02.165 [JavaFX Application Thread] DEBUG GameScene            - Added MainViewComponent
11:26:02.165 [JavaFX Application Thread] DEBUG GameScene            - Entity added to scene
11:26:02.165 [JavaFX Application Thread] DEBUG GameScene            - Added MainViewComponent
11:26:02.165 [JavaFX Application Thread] DEBUG GameScene            - Entity added to scene
11:26:02.165 [JavaFX Application Thread] DEBUG GameScene            - Added MainViewComponent
11:26:02.166 [JavaFX Application Thread] DEBUG GameScene            - Entity added to scene
11:26:02.166 [JavaFX Application Thread] DEBUG GameScene            - Added MainViewComponent
11:26:02.166 [JavaFX Application Thread] DEBUG GameScene            - Entity added to scene
11:26:02.166 [JavaFX Application Thread] DEBUG GameScene            - Added MainViewComponent
11:26:02.166 [JavaFX Application Thread] DEBUG GameScene            - Entity added to scene
11:26:02.166 [JavaFX Application Thread] DEBUG GameScene            - Added MainViewComponent
11:26:02.166 [JavaFX Application Thread] DEBUG GameScene            - Entity added to scene
11:26:02.166 [JavaFX Application Thread] DEBUG GameScene            - Added MainViewComponent
11:26:02.166 [JavaFX Application Thread] DEBUG GameScene            - Entity added to scene
11:26:02.166 [JavaFX Application Thread] DEBUG GameScene            - Added MainViewComponent
11:26:02.167 [JavaFX Application Thread] DEBUG GameScene            - Entity added to scene
11:26:02.167 [JavaFX Application Thread] DEBUG GameScene            - Added MainViewComponent
11:26:02.167 [JavaFX Application Thread] DEBUG GameScene            - Entity added to scene
11:26:02.167 [JavaFX Application Thread] DEBUG GameScene            - Added MainViewComponent
11:26:02.167 [JavaFX Application Thread] DEBUG GameScene            - Entity added to scene
11:26:02.167 [JavaFX Application Thread] DEBUG GameScene            - Added MainViewComponent
11:26:02.168 [JavaFX Application Thread] DEBUG GameScene            - Entity added to scene
11:26:02.168 [JavaFX Application Thread] DEBUG GameScene            - Added MainViewComponent
11:26:02.169 [JavaFX Application Thread] DEBUG GameScene            - Entity added to scene
11:26:02.170 [JavaFX Application Thread] DEBUG GameScene            - Added MainViewComponent
11:26:02.170 [JavaFX Application Thread] DEBUG GameScene            - Entity added to scene
11:26:02.170 [JavaFX Application Thread] DEBUG GameScene            - Added MainViewComponent
11:26:02.170 [JavaFX Application Thread] DEBUG GameScene            - Entity added to scene
11:26:02.170 [JavaFX Application Thread] DEBUG GameScene            - Added MainViewComponent
11:26:02.171 [JavaFX Application Thread] DEBUG GameScene            - Entity added to scene
11:26:02.171 [JavaFX Application Thread] DEBUG GameScene            - Added MainViewComponent
11:26:02.171 [JavaFX Application Thread] DEBUG GameScene            - Entity added to scene
11:26:02.171 [JavaFX Application Thread] DEBUG GameScene            - Added MainViewComponent
11:26:02.171 [JavaFX Application Thread] DEBUG GameScene            - Entity added to scene
11:26:02.171 [JavaFX Application Thread] DEBUG GameScene            - Added MainViewComponent
11:26:02.171 [JavaFX Application Thread] DEBUG GameScene            - Entity added to scene
11:26:02.171 [JavaFX Application Thread] DEBUG GameScene            - Added MainViewComponent
11:26:02.172 [JavaFX Application Thread] DEBUG GameScene            - Entity added to scene
11:26:02.172 [JavaFX Application Thread] DEBUG GameScene            - Added MainViewComponent
11:26:02.172 [JavaFX Application Thread] DEBUG GameScene            - Entity added to scene
11:26:02.172 [JavaFX Application Thread] DEBUG GameScene            - Added MainViewComponent
11:26:02.172 [JavaFX Application Thread] DEBUG GameScene            - Entity added to scene
11:26:02.172 [JavaFX Application Thread] DEBUG GameScene            - Added MainViewComponent
11:26:02.173 [JavaFX Application Thread] DEBUG GameScene            - Entity added to scene
11:26:02.173 [JavaFX Application Thread] DEBUG GameScene            - Added MainViewComponent
11:26:02.173 [JavaFX Application Thread] DEBUG GameScene            - Entity added to scene
11:26:02.173 [JavaFX Application Thread] DEBUG GameScene            - Added MainViewComponent
11:26:02.174 [JavaFX Application Thread] DEBUG GameScene            - Entity added to scene
11:26:02.174 [JavaFX Application Thread] DEBUG GameScene            - Added MainViewComponent
11:26:02.174 [JavaFX Application Thread] DEBUG GameScene            - Entity added to scene
11:26:02.174 [JavaFX Application Thread] DEBUG GameScene            - Added MainViewComponent
11:26:02.174 [JavaFX Application Thread] DEBUG GameScene            - Entity added to scene
11:26:02.174 [JavaFX Application Thread] DEBUG GameScene            - Added MainViewComponent
11:26:02.175 [JavaFX Application Thread] DEBUG GameScene            - Entity added to scene
11:26:02.175 [JavaFX Application Thread] DEBUG GameScene            - Added MainViewComponent
11:26:02.175 [JavaFX Application Thread] DEBUG GameScene            - Entity added to scene
11:26:02.175 [JavaFX Application Thread] DEBUG GameScene            - Added MainViewComponent
11:26:02.175 [JavaFX Application Thread] DEBUG GameScene            - Entity added to scene
11:26:02.176 [JavaFX Application Thread] DEBUG GameScene            - Added MainViewComponent
11:26:02.176 [JavaFX Application Thread] DEBUG GameScene            - Entity added to scene
11:26:02.176 [JavaFX Application Thread] DEBUG GameScene            - Added MainViewComponent
11:26:02.177 [JavaFX Application Thread] DEBUG GameScene            - Entity added to scene
11:26:02.177 [JavaFX Application Thread] DEBUG GameScene            - Added MainViewComponent
11:26:02.177 [JavaFX Application Thread] DEBUG GameScene            - Entity added to scene
11:26:02.177 [JavaFX Application Thread] DEBUG GameScene            - Added MainViewComponent
11:26:02.177 [JavaFX Application Thread] DEBUG GameScene            - Entity added to scene
11:26:02.177 [JavaFX Application Thread] DEBUG GameScene            - Added MainViewComponent
11:26:02.177 [JavaFX Application Thread] DEBUG GameScene            - Entity added to scene
11:26:02.177 [JavaFX Application Thread] DEBUG GameScene            - Added MainViewComponent
11:26:02.177 [JavaFX Application Thread] DEBUG GameScene            - Creating render group for layer: TOP(2147483647)
11:26:02.178 [JavaFX Application Thread] DEBUG GameScene            - Entity added to scene
11:26:02.178 [JavaFX Application Thread] DEBUG GameScene            - Added MainViewComponent
11:26:02.178 [JavaFX Application Thread] DEBUG GameScene            - Entity added to scene
11:26:02.178 [JavaFX Application Thread] DEBUG GameScene            - Added MainViewComponent
11:26:02.178 [JavaFX Application Thread] DEBUG GameScene            - Entity added to scene
11:26:02.178 [JavaFX Application Thread] DEBUG GameScene            - Added MainViewComponent
11:26:02.179 [JavaFX Application Thread] DEBUG GameScene            - Entity added to scene
11:26:02.179 [JavaFX Application Thread] DEBUG GameScene            - Added MainViewComponent
11:26:02.179 [JavaFX Application Thread] DEBUG GameScene            - Entity added to scene
11:26:02.179 [JavaFX Application Thread] DEBUG GameScene            - Added MainViewComponent
11:26:02.179 [JavaFX Application Thread] DEBUG GameScene            - Entity added to scene
11:26:02.179 [JavaFX Application Thread] DEBUG GameScene            - Added MainViewComponent
11:26:02.179 [JavaFX Application Thread] DEBUG GameScene            - Entity added to scene
11:26:02.180 [JavaFX Application Thread] DEBUG GameScene            - Added MainViewComponent
11:26:02.180 [JavaFX Application Thread] DEBUG GameScene            - Entity added to scene
11:26:02.180 [JavaFX Application Thread] DEBUG GameScene            - Added MainViewComponent
11:26:02.180 [JavaFX Application Thread] DEBUG GameScene            - Entity added to scene
11:26:02.180 [JavaFX Application Thread] DEBUG GameScene            - Added MainViewComponent
11:26:02.180 [JavaFX Application Thread] DEBUG GameScene            - Entity added to scene
11:26:02.180 [JavaFX Application Thread] DEBUG GameScene            - Added MainViewComponent
11:26:02.180 [JavaFX Application Thread] DEBUG GameScene            - Entity added to scene
11:26:02.180 [JavaFX Application Thread] DEBUG GameScene            - Added MainViewComponent
11:26:02.181 [JavaFX Application Thread] DEBUG GameScene            - Entity added to scene
11:26:02.181 [JavaFX Application Thread] DEBUG GameScene            - Added MainViewComponent
11:26:02.181 [JavaFX Application Thread] DEBUG GameScene            - Entity added to scene
11:26:02.181 [JavaFX Application Thread] DEBUG GameScene            - Added MainViewComponent
11:26:02.181 [JavaFX Application Thread] DEBUG GameScene            - Entity added to scene
11:26:02.181 [JavaFX Application Thread] DEBUG GameScene            - Added MainViewComponent
11:26:02.182 [JavaFX Application Thread] DEBUG GameScene            - Entity added to scene
11:26:02.182 [JavaFX Application Thread] DEBUG GameScene            - Added MainViewComponent
11:26:02.182 [JavaFX Application Thread] DEBUG GameScene            - Entity added to scene
11:26:02.182 [JavaFX Application Thread] DEBUG GameScene            - Added MainViewComponent
11:26:02.182 [JavaFX Application Thread] DEBUG GameScene            - Entity added to scene
11:26:02.182 [JavaFX Application Thread] DEBUG GameScene            - Added MainViewComponent
11:26:02.182 [JavaFX Application Thread] DEBUG GameScene            - Entity added to scene
11:26:02.182 [JavaFX Application Thread] DEBUG GameScene            - Added MainViewComponent
11:26:02.183 [JavaFX Application Thread] DEBUG GameScene            - Entity added to scene
11:26:02.183 [JavaFX Application Thread] DEBUG GameScene            - Added MainViewComponent
11:26:02.183 [JavaFX Application Thread] DEBUG GameScene            - Entity added to scene
11:26:02.183 [JavaFX Application Thread] DEBUG GameScene            - Added MainViewComponent
11:26:02.183 [JavaFX Application Thread] DEBUG GameScene            - Entity added to scene
11:26:02.183 [JavaFX Application Thread] DEBUG GameScene            - Added MainViewComponent
11:26:02.184 [JavaFX Application Thread] DEBUG GameScene            - Entity added to scene
11:26:02.184 [JavaFX Application Thread] DEBUG GameScene            - Added MainViewComponent
11:26:02.184 [JavaFX Application Thread] DEBUG GameScene            - Entity added to scene
11:26:02.184 [JavaFX Application Thread] DEBUG GameScene            - Added MainViewComponent
11:26:02.184 [JavaFX Application Thread] DEBUG GameScene            - Entity added to scene
11:26:02.184 [JavaFX Application Thread] DEBUG GameScene            - Added MainViewComponent
11:26:02.185 [JavaFX Application Thread] DEBUG GameScene            - Entity added to scene
11:26:02.185 [JavaFX Application Thread] DEBUG GameScene            - Added MainViewComponent
11:26:02.185 [JavaFX Application Thread] DEBUG GameScene            - Entity added to scene
11:26:02.185 [JavaFX Application Thread] DEBUG GameScene            - Added MainViewComponent
11:26:02.185 [JavaFX Application Thread] DEBUG GameScene            - Entity added to scene
11:26:02.185 [JavaFX Application Thread] DEBUG GameScene            - Added MainViewComponent
11:26:02.185 [JavaFX Application Thread] DEBUG GameScene            - Entity added to scene
11:26:02.185 [JavaFX Application Thread] DEBUG GameScene            - Added MainViewComponent
11:26:02.185 [JavaFX Application Thread] DEBUG GameScene            - Entity added to scene
11:26:02.186 [JavaFX Application Thread] DEBUG GameScene            - Added MainViewComponent
11:26:02.186 [JavaFX Application Thread] DEBUG GameScene            - Entity added to scene
11:26:02.186 [JavaFX Application Thread] DEBUG GameScene            - Added MainViewComponent
11:26:02.186 [JavaFX Application Thread] DEBUG GameScene            - Entity added to scene
11:26:02.186 [JavaFX Application Thread] DEBUG GameScene            - Added MainViewComponent
11:26:02.186 [JavaFX Application Thread] DEBUG GameScene            - Entity added to scene
11:26:02.186 [JavaFX Application Thread] DEBUG GameScene            - Added MainViewComponent
11:26:02.186 [JavaFX Application Thread] DEBUG GameScene            - Entity added to scene
11:26:02.186 [JavaFX Application Thread] DEBUG GameScene            - Added MainViewComponent
11:26:02.186 [JavaFX Application Thread] DEBUG GameScene            - Entity added to scene
11:26:02.186 [JavaFX Application Thread] DEBUG GameScene            - Added MainViewComponent
11:26:02.186 [JavaFX Application Thread] DEBUG GameScene            - Entity added to scene
11:26:02.186 [JavaFX Application Thread] DEBUG GameScene            - Added MainViewComponent
11:26:02.187 [JavaFX Application Thread] DEBUG GameScene            - Entity added to scene
11:26:02.187 [JavaFX Application Thread] DEBUG GameScene            - Added MainViewComponent
11:26:02.187 [JavaFX Application Thread] DEBUG GameScene            - Entity added to scene
11:26:02.187 [JavaFX Application Thread] DEBUG GameScene            - Added MainViewComponent
11:26:02.187 [JavaFX Application Thread] DEBUG GameScene            - Entity added to scene
11:26:02.187 [JavaFX Application Thread] DEBUG GameScene            - Added MainViewComponent
11:26:02.188 [JavaFX Application Thread] DEBUG GameScene            - Entity added to scene
11:26:02.188 [JavaFX Application Thread] DEBUG GameScene            - Added MainViewComponent
11:26:02.188 [JavaFX Application Thread] DEBUG GameScene            - Entity added to scene
11:26:02.188 [JavaFX Application Thread] DEBUG GameScene            - Added MainViewComponent
11:26:02.188 [JavaFX Application Thread] DEBUG GameScene            - Entity added to scene
11:26:02.188 [JavaFX Application Thread] DEBUG GameScene            - Added MainViewComponent
11:26:02.189 [JavaFX Application Thread] DEBUG GameScene            - Entity added to scene
11:26:02.189 [JavaFX Application Thread] DEBUG GameScene            - Added MainViewComponent
11:26:02.189 [JavaFX Application Thread] DEBUG GameScene            - Entity added to scene
11:26:02.189 [JavaFX Application Thread] DEBUG GameScene            - Added MainViewComponent
11:26:02.190 [JavaFX Application Thread] DEBUG GameScene            - Entity added to scene
11:26:02.190 [JavaFX Application Thread] DEBUG GameScene            - Added MainViewComponent
11:26:02.190 [JavaFX Application Thread] DEBUG GameScene            - Entity added to scene
11:26:02.190 [JavaFX Application Thread] DEBUG GameScene            - Added MainViewComponent
11:26:02.190 [JavaFX Application Thread] DEBUG GameScene            - Entity added to scene
11:26:02.190 [JavaFX Application Thread] DEBUG GameScene            - Added MainViewComponent
11:26:02.190 [JavaFX Application Thread] DEBUG GameScene            - Entity added to scene
11:26:02.190 [JavaFX Application Thread] DEBUG GameScene            - Added MainViewComponent
11:26:02.191 [JavaFX Application Thread] DEBUG GameScene            - Entity added to scene
11:26:02.191 [JavaFX Application Thread] DEBUG GameScene            - Added MainViewComponent
11:26:02.191 [JavaFX Application Thread] DEBUG GameScene            - Entity added to scene
11:26:02.191 [JavaFX Application Thread] DEBUG GameScene            - Added MainViewComponent
11:26:02.191 [JavaFX Application Thread] DEBUG GameScene            - Entity added to scene
11:26:02.191 [JavaFX Application Thread] DEBUG GameScene            - Added MainViewComponent
11:26:02.192 [JavaFX Application Thread] DEBUG GameScene            - Entity added to scene
11:26:02.192 [JavaFX Application Thread] DEBUG GameScene            - Added MainViewComponent
11:26:02.192 [JavaFX Application Thread] DEBUG GameScene            - Entity added to scene
11:26:02.192 [JavaFX Application Thread] DEBUG GameScene            - Added MainViewComponent
11:26:02.192 [JavaFX Application Thread] DEBUG GameScene            - Entity added to scene
11:26:02.192 [JavaFX Application Thread] DEBUG GameScene            - Added MainViewComponent
11:26:02.192 [JavaFX Application Thread] DEBUG GameScene            - Entity added to scene
11:26:02.193 [JavaFX Application Thread] DEBUG GameScene            - Added MainViewComponent
11:26:02.193 [JavaFX Application Thread] DEBUG GameScene            - Entity added to scene
11:26:02.193 [JavaFX Application Thread] DEBUG GameScene            - Added MainViewComponent
11:26:02.193 [JavaFX Application Thread] DEBUG GameScene            - Entity added to scene
11:26:02.193 [JavaFX Application Thread] DEBUG GameScene            - Added MainViewComponent
11:26:02.193 [JavaFX Application Thread] DEBUG GameScene            - Entity added to scene
11:26:02.193 [JavaFX Application Thread] DEBUG GameScene            - Added MainViewComponent
11:26:02.193 [JavaFX Application Thread] DEBUG GameScene            - Entity added to scene
11:26:02.194 [JavaFX Application Thread] DEBUG GameScene            - Added MainViewComponent
11:26:02.194 [JavaFX Application Thread] DEBUG GameScene            - Entity added to scene
11:26:02.194 [JavaFX Application Thread] DEBUG GameScene            - Added MainViewComponent
11:26:02.194 [JavaFX Application Thread] DEBUG GameScene            - Entity added to scene
11:26:02.194 [JavaFX Application Thread] DEBUG GameScene            - Added MainViewComponent
11:26:02.194 [JavaFX Application Thread] DEBUG GameScene            - Entity added to scene
11:26:02.194 [JavaFX Application Thread] DEBUG GameScene            - Added MainViewComponent
11:26:02.195 [JavaFX Application Thread] DEBUG GameScene            - Entity added to scene
11:26:02.195 [JavaFX Application Thread] DEBUG GameScene            - Added MainViewComponent
11:26:02.195 [JavaFX Application Thread] DEBUG GameScene            - Entity added to scene
11:26:02.195 [JavaFX Application Thread] DEBUG GameScene            - Added MainViewComponent
11:26:02.195 [JavaFX Application Thread] DEBUG GameScene            - Entity added to scene
11:26:02.195 [JavaFX Application Thread] DEBUG GameScene            - Added MainViewComponent
11:26:02.195 [JavaFX Application Thread] DEBUG GameScene            - Entity added to scene
11:26:02.196 [JavaFX Application Thread] DEBUG GameScene            - Added MainViewComponent
11:26:02.196 [JavaFX Application Thread] DEBUG GameScene            - Entity added to scene
11:26:02.196 [JavaFX Application Thread] DEBUG GameScene            - Added MainViewComponent
11:26:02.196 [JavaFX Application Thread] DEBUG GameScene            - Entity added to scene
11:26:02.196 [JavaFX Application Thread] DEBUG GameScene            - Added MainViewComponent
11:26:02.196 [JavaFX Application Thread] DEBUG GameScene            - Entity added to scene
11:26:02.196 [JavaFX Application Thread] DEBUG GameScene            - Added MainViewComponent
11:26:02.197 [JavaFX Application Thread] DEBUG GameScene            - Entity added to scene
11:26:02.197 [JavaFX Application Thread] DEBUG GameScene            - Added MainViewComponent
11:26:02.197 [JavaFX Application Thread] DEBUG GameScene            - Entity added to scene
11:26:02.197 [JavaFX Application Thread] DEBUG GameScene            - Added MainViewComponent
11:26:02.197 [JavaFX Application Thread] DEBUG GameScene            - Entity added to scene
11:26:02.198 [JavaFX Application Thread] DEBUG GameScene            - Added MainViewComponent
11:26:02.198 [JavaFX Application Thread] DEBUG GameScene            - Entity added to scene
11:26:02.198 [JavaFX Application Thread] DEBUG GameScene            - Added MainViewComponent
11:26:02.198 [JavaFX Application Thread] DEBUG GameScene            - Entity added to scene
11:26:02.198 [JavaFX Application Thread] DEBUG GameScene            - Added MainViewComponent
11:26:02.198 [JavaFX Application Thread] DEBUG GameScene            - Entity added to scene
11:26:02.198 [JavaFX Application Thread] DEBUG GameScene            - Added MainViewComponent
11:26:02.199 [JavaFX Application Thread] DEBUG GameScene            - Entity added to scene
11:26:02.199 [JavaFX Application Thread] DEBUG GameScene            - Added MainViewComponent
11:26:02.199 [JavaFX Application Thread] DEBUG GameScene            - Entity added to scene
11:26:02.199 [JavaFX Application Thread] DEBUG GameScene            - Added MainViewComponent
11:26:02.199 [JavaFX Application Thread] DEBUG GameScene            - Entity added to scene
11:26:02.199 [JavaFX Application Thread] DEBUG GameScene            - Added MainViewComponent
11:26:02.199 [JavaFX Application Thread] DEBUG GameScene            - Entity added to scene
11:26:02.199 [JavaFX Application Thread] DEBUG GameScene            - Added MainViewComponent
11:26:02.200 [JavaFX Application Thread] DEBUG GameScene            - Entity added to scene
11:26:02.200 [JavaFX Application Thread] DEBUG GameScene            - Added MainViewComponent
11:26:02.200 [JavaFX Application Thread] DEBUG GameScene            - Entity added to scene
11:26:02.200 [JavaFX Application Thread] DEBUG GameScene            - Added MainViewComponent
11:26:02.200 [JavaFX Application Thread] DEBUG GameScene            - Entity added to scene
11:26:02.200 [JavaFX Application Thread] DEBUG GameScene            - Added MainViewComponent
11:26:02.200 [JavaFX Application Thread] DEBUG GameScene            - Entity added to scene
11:26:02.200 [JavaFX Application Thread] DEBUG GameScene            - Added MainViewComponent
11:26:02.201 [JavaFX Application Thread] DEBUG GameScene            - Entity added to scene
11:26:02.201 [JavaFX Application Thread] DEBUG GameScene            - Added MainViewComponent
11:26:02.201 [JavaFX Application Thread] DEBUG GameScene            - Entity added to scene
11:26:02.201 [JavaFX Application Thread] DEBUG GameScene            - Added MainViewComponent
11:26:02.201 [JavaFX Application Thread] DEBUG GameScene            - Entity added to scene
11:26:02.201 [JavaFX Application Thread] DEBUG GameScene            - Added MainViewComponent
11:26:02.201 [JavaFX Application Thread] DEBUG GameScene            - Entity added to scene
11:26:02.201 [JavaFX Application Thread] DEBUG GameScene            - Added MainViewComponent
11:26:02.202 [JavaFX Application Thread] DEBUG GameScene            - Entity added to scene
11:26:02.202 [JavaFX Application Thread] DEBUG GameScene            - Added MainViewComponent
11:26:02.202 [JavaFX Application Thread] DEBUG GameScene            - Entity added to scene
11:26:02.202 [JavaFX Application Thread] DEBUG GameScene            - Added MainViewComponent
11:26:02.202 [JavaFX Application Thread] DEBUG GameScene            - Entity added to scene
11:26:02.202 [JavaFX Application Thread] DEBUG GameScene            - Added MainViewComponent
11:26:02.202 [JavaFX Application Thread] DEBUG GameScene            - Entity added to scene
11:26:02.202 [JavaFX Application Thread] DEBUG GameScene            - Added MainViewComponent
11:26:02.203 [JavaFX Application Thread] DEBUG GameScene            - Entity added to scene
11:26:02.203 [JavaFX Application Thread] DEBUG GameScene            - Added MainViewComponent
11:26:02.203 [JavaFX Application Thread] DEBUG GameScene            - Entity added to scene
11:26:02.203 [JavaFX Application Thread] DEBUG GameScene            - Added MainViewComponent
11:26:02.203 [JavaFX Application Thread] DEBUG GameScene            - Entity added to scene
11:26:02.203 [JavaFX Application Thread] DEBUG GameScene            - Added MainViewComponent
11:26:02.204 [JavaFX Application Thread] DEBUG GameScene            - Entity added to scene
11:26:02.204 [JavaFX Application Thread] DEBUG GameScene            - Added MainViewComponent
11:26:02.204 [JavaFX Application Thread] DEBUG GameScene            - Entity added to scene
11:26:02.204 [JavaFX Application Thread] DEBUG GameScene            - Added MainViewComponent
11:26:02.204 [JavaFX Application Thread] DEBUG GameScene            - Entity added to scene
11:26:02.204 [JavaFX Application Thread] DEBUG GameScene            - Added MainViewComponent
11:26:02.204 [JavaFX Application Thread] DEBUG GameScene            - Entity added to scene
11:26:02.204 [JavaFX Application Thread] DEBUG GameScene            - Added MainViewComponent
11:26:02.205 [JavaFX Application Thread] DEBUG GameScene            - Entity added to scene
11:26:02.205 [JavaFX Application Thread] DEBUG GameScene            - Added MainViewComponent
11:26:02.205 [JavaFX Application Thread] DEBUG GameScene            - Entity added to scene
11:26:02.205 [JavaFX Application Thread] DEBUG GameScene            - Added MainViewComponent
11:26:02.205 [JavaFX Application Thread] DEBUG GameScene            - Entity added to scene
11:26:02.206 [JavaFX Application Thread] DEBUG GameScene            - Added MainViewComponent
11:26:02.206 [JavaFX Application Thread] DEBUG GameScene            - Entity added to scene
11:26:02.206 [JavaFX Application Thread] DEBUG GameScene            - Added MainViewComponent
11:26:02.206 [JavaFX Application Thread] DEBUG GameScene            - Entity added to scene
11:26:02.206 [JavaFX Application Thread] DEBUG GameScene            - Added MainViewComponent
11:26:02.206 [JavaFX Application Thread] DEBUG GameScene            - Entity added to scene
11:26:02.206 [JavaFX Application Thread] DEBUG GameScene            - Added MainViewComponent
11:26:02.207 [JavaFX Application Thread] DEBUG GameScene            - Entity added to scene
11:26:02.207 [JavaFX Application Thread] DEBUG GameScene            - Added MainViewComponent
11:26:02.207 [JavaFX Application Thread] DEBUG GameScene            - Entity added to scene
11:26:02.207 [JavaFX Application Thread] DEBUG GameScene            - Added MainViewComponent
11:26:02.207 [JavaFX Application Thread] DEBUG GameScene            - Creating render group for layer: BACKGROUND(0)
11:26:07.787 [JavaFX Application Thread] DEBUG FXGLEventBus         - Firing event: DisplayEvent[type=DIALOG_OPENED]
11:26:07.788 [JavaFX Application Thread] DEBUG FXGLInput            - Clearing active input actions
11:26:07.788 [JavaFX Application Thread] DEBUG FXGLMasterTimer      - Stopping master timer
11:26:07.788 [JavaFX Application Thread] DEBUG GameApplication      - State: PLAYING -> PAUSED
11:26:07.788 [JavaFX Application Thread] DEBUG FXGLEventBus         - Firing event: FXGLEvent[type=PAUSE]
11:26:07.788 [JavaFX Application Thread] DEBUG FXGLInput            - Clearing active input actions
11:26:09.150 [JavaFX Application Thread] DEBUG FXGLEventBus         - Firing event: DisplayEvent[type=DIALOG_CLOSED]
11:26:09.150 [JavaFX Application Thread] DEBUG FXGLInput            - Clearing active input actions
11:26:09.150 [JavaFX Application Thread] DEBUG FXGLMasterTimer      - Starting master timer
11:26:09.150 [JavaFX Application Thread] DEBUG GameApplication      - State: PAUSED -> PLAYING
11:26:09.150 [JavaFX Application Thread] DEBUG FXGLEventBus         - Firing event: FXGLEvent[type=RESUME]
11:26:09.150 [JavaFX Application Thread] DEBUG FXGLEventBus         - Firing event: DisplayEvent[type=CLOSE_REQUEST]
11:26:09.151 [JavaFX Application Thread] DEBUG FXGLEventBus         - Firing event: FXGLEvent[type=EXIT]
11:26:09.151 [JavaFX Application Thread] DEBUG FXGL                 - Saving FXGL system data
11:26:09.152 [JavaFX Application Thread] DEBUG IOTask               - Executing task: writeDataTask(system/fxgl.bundle)
11:26:09.153 [JavaFX Application Thread] DEBUG FS                   - Writing to: system\fxgl.bundle
11:26:09.156 [JavaFX Application Thread] DEBUG IOTask               - Task succeeded: writeDataTask(system/fxgl.bundle)
