11:00:16.560 [FXGL Launcher Thread     ] DEBUG FXGLLoggerFactory    - Service [LoggerFactory] initialized
11:00:16.561 [FXGL Launcher Thread     ] DEBUG FXGL                 - FXGL configuration complete
11:00:16.561 [FXGL Launcher Thread     ] DEBUG FXGL                 - Loading default FXGL system data
11:00:16.579 [JavaFX Application Thread] DEBUG UpdaterTask          - Checking for updates
11:00:16.687 [JavaFX Application Thread] DEBUG FXGLEventBus         - Service [EventBus] initialized
11:00:16.692 [JavaFX Application Thread] DEBUG FXGLExecutor         - Service [Executor] initialized
11:00:16.694 [JavaFX Application Thread] DEBUG IOTask               - Showing dialog
11:00:16.697 [FXGL Background Thread 1 ] DEBUG IOTask               - Executing task: openStream(https://raw.githubusercontent.com/AlmasB/FXGL/master/pom.xml)
11:00:16.697 [FXGL Background Thread 1 ] DEBUG IOTask               - Executing task: openStream(https://raw.githubusercontent.com/AlmasB/FXGL/master/pom.xml)
11:00:17.275 [JavaFX Application Thread] DEBUG IOTask               - fail(): Dismissing dialog
11:00:17.275 [JavaFX Application Thread] WARN  IOTask               - Task failed: openStream(https://raw.githubusercontent.com/AlmasB/FXGL/master/pom.xml) Error: javax.net.ssl.SSLHandshakeException: sun.security.validator.ValidatorException: PKIX path building failed: sun.security.provider.certpath.SunCertPathBuilderException: unable to find valid certification path to requested target
11:00:17.275 [JavaFX Application Thread] WARN  UpdaterTask          - Failed to find updates: javax.net.ssl.SSLHandshakeException: sun.security.validator.ValidatorException: PKIX path building failed: sun.security.provider.certpath.SunCertPathBuilderException: unable to find valid certification path to requested target
11:00:19.285 [FXGL Launcher Thread     ] DEBUG GameApplication      - Configuring GameApplication
11:00:19.291 [FXGL Launcher Thread     ] DEBUG FXGLExceptionHandler - Service [ExceptionHandler] initialized
11:00:19.291 [FXGL Launcher Thread     ] DEBUG PreInitTask          - Injecting gameWorld & physicsWorld
11:00:19.299 [FXGL Launcher Thread     ] DEBUG GameWorld            - Game world initialized
11:00:19.394 [FXGL Launcher Thread     ] DEBUG FXGLPooler           - Service [Pooler] initialized with default size = 128
11:00:19.394 [FXGL Launcher Thread     ] DEBUG PhysicsWorld         - Physics world initialized: appHeight=600.0, physics.ppm=50.0
11:00:19.397 [FXGL Launcher Thread     ] DEBUG FXGLInput            - Service [Input] initialized
11:00:19.399 [FXGL Launcher Thread     ] DEBUG FXGLInput            - Registered new binding: Screenshot - P
11:00:19.399 [FXGL Launcher Thread     ] DEBUG FXGLInput            - Registered new binding: Dev Options - CTRL+0
11:00:19.449 [FXGL Launcher Thread     ] DEBUG GameScene            - Game scene initialized: 800.0x600.0
11:00:19.454 [FXGL Launcher Thread     ] DEBUG FXGLAssetLoader      - Service [AssetLoader] initialized: cacheSize=35
11:00:19.458 [FXGL Launcher Thread     ] DEBUG FXGLAssetLoader      - Loading from disk: /assets/sounds/system/notification.wav
11:00:19.495 [FXGL Launcher Thread     ] DEBUG FXGLAssetLoader      - Loading from disk: /assets/sounds/menu/select.wav
11:00:19.497 [FXGL Launcher Thread     ] DEBUG FXGLAssetLoader      - Loading from disk: /assets/sounds/menu/back.wav
11:00:19.499 [FXGL Launcher Thread     ] DEBUG FXGLAssetLoader      - Loading from disk: /assets/sounds/menu/press.wav
11:00:19.501 [FXGL Launcher Thread     ] DEBUG FXGLAssetLoader      - Loading from disk: /assets/ui/fonts/Copperplate_Gothic_Light_Regular.ttf
11:00:19.511 [FXGL Launcher Thread     ] DEBUG FXGLAssetLoader      - Loading from disk: /assets/ui/css/fxgl.css
11:00:19.512 [FXGL Launcher Thread     ] DEBUG FXGLAssetLoader      - Loading from disk: /assets/ui/icons/fxgl_icon.png
11:00:19.565 [FXGL Launcher Thread     ] DEBUG FXGLAssetLoader      - Loading from disk: /assets/ui/css/fxgl_dark.css
11:00:19.579 [FXGL Launcher Thread     ] DEBUG FXGLDisplay          - Target size: DoubleProperty [value: 800.0] x DoubleProperty [value: 600.0] @ 1.0
11:00:19.579 [FXGL Launcher Thread     ] DEBUG FXGLDisplay          - New size:    800.0 x 600.0 @ DoubleProperty [value: 1.0]
11:00:19.580 [FXGL Launcher Thread     ] DEBUG FXGLDisplay          - Service [Display] initialized
11:00:19.580 [FXGL Launcher Thread     ] DEBUG FXGLDisplay          - Using CSS: CSS(externalForm=jar:file:/C:/Computer%20Science/Game%20Design/3rd/Pacman/lib/fxgl-0.2.9-uber.jar!/assets/ui/css/fxgl_dark.css)
11:00:19.581 [FXGL Launcher Thread     ] DEBUG InitScenesTask       - Injecting introScene
11:00:19.582 [FXGL Launcher Thread     ] DEBUG FXGLEventBus         - Firing event: SaveEvent
11:00:19.591 [FXGL Launcher Thread     ] DEBUG Menu                 - createMenuBodyMainMenu()
11:00:19.596 [FXGL Launcher Thread     ] DEBUG Menu                 - createOptionsMenu()
11:00:19.603 [FXGL Launcher Thread     ] DEBUG Menu                 - createExtraMenu()
11:00:19.610 [FXGL Launcher Thread     ] DEBUG Menu                 - createMenuBodyGameMenu()
11:00:19.612 [FXGL Launcher Thread     ] DEBUG Menu                 - createOptionsMenu()
11:00:19.613 [FXGL Launcher Thread     ] DEBUG Menu                 - createExtraMenu()
11:00:19.614 [FXGL Launcher Thread     ] DEBUG InitScenesTask       - Injecting mainMenuScene & gameMenuScene
11:00:19.615 [FXGL Launcher Thread     ] DEBUG InitScenesTask       - Injecting loadingScene & gameScene
11:00:19.637 [FXGL Launcher Thread     ] DEBUG FXGLMasterTimer      - Service [MasterTimer] initialized
11:00:19.640 [FXGL Launcher Thread     ] DEBUG FXGLAudioPlayer      - Service [AudioPlayer] initialized
11:00:19.649 [FXGL Launcher Thread     ] DEBUG InitProfilerTask     - Injecting profiler
11:00:19.649 [FXGL Launcher Thread     ] DEBUG GameApplication      - State: STARTUP -> INTRO
11:00:19.740 [JavaFX Application Thread] DEBUG FXGLDisplay          - Showing stage
11:00:19.740 [JavaFX Application Thread] DEBUG FXGLDisplay          - Root size: 800.0x600.0
11:00:19.740 [JavaFX Application Thread] DEBUG FXGLDisplay          - Scene size: 800.0x600.0
11:00:19.740 [JavaFX Application Thread] DEBUG FXGLDisplay          - Stage size: 818.0x645.0
11:00:25.169 [JavaFX Application Thread] DEBUG FXGLEventBus         - Firing event: IntroFinishedEvent
11:00:25.169 [JavaFX Application Thread] DEBUG GameApplication      - State: INTRO -> MAIN_MENU
11:00:25.207 [JavaFX Application Thread] DEBUG SaveLoadManager      - Checking profiles dir: profiles/
11:00:25.208 [JavaFX Application Thread] DEBUG SaveLoadManager      - Creating non-existent profiles dir
11:00:25.210 [JavaFX Application Thread] DEBUG SaveLoadManager      - Loading profile names
11:00:25.213 [JavaFX Application Thread] DEBUG IOTask               - Showing dialog
11:00:25.221 [JavaFX Application Thread] DEBUG FXGLEventBus         - Firing event: DisplayEvent[type=DIALOG_OPENED]
11:00:25.222 [JavaFX Application Thread] DEBUG FXGLInput            - Clearing active input actions
11:00:25.223 [FXGL Background Thread 1 ] DEBUG IOTask               - Executing task: loadDirectoryNamesTask(./profiles/, false)
11:00:25.312 [JavaFX Application Thread] DEBUG IOTask               - succeed(): Dismissing dialog
11:00:25.313 [JavaFX Application Thread] DEBUG FXGLEventBus         - Firing event: DisplayEvent[type=DIALOG_CLOSED]
11:00:25.313 [JavaFX Application Thread] DEBUG IOTask               - Task succeeded: loadDirectoryNamesTask(./profiles/, false)
11:00:25.332 [JavaFX Application Thread] DEBUG FXGLEventBus         - Firing event: DisplayEvent[type=DIALOG_OPENED]
11:00:25.332 [JavaFX Application Thread] DEBUG FXGLInput            - Clearing active input actions
