11:18:18.307 [FXGL Launcher Thread     ] DEBUG FXGLLoggerFactory    - Service [LoggerFactory] initialized
11:18:18.312 [FXGL Launcher Thread     ] DEBUG FXGL                 - FXGL configuration complete
11:18:18.313 [FXGL Launcher Thread     ] DEBUG FXGL                 - Loading FXGL system data
11:18:18.316 [FXGL Launcher Thread     ] DEBUG IOTask               - Executing task: readDataTask(system/fxgl.bundle)
11:18:18.318 [FXGL Launcher Thread     ] DEBUG FS                   - Reading from: system\fxgl.bundle
11:18:18.324 [FXGL Launcher Thread     ] DEBUG IOTask               - Task succeeded: readDataTask(system/fxgl.bundle)
11:18:18.325 [FXGL Launcher Thread     ] DEBUG Bundle               - Logging bundle: FXGL
11:18:18.325 [FXGL Launcher Thread     ] DEBUG Bundle               - FXGL.offline.timer.version.check=2017-01-18T11:24:23.393
11:18:18.331 [JavaFX Application Thread] DEBUG UpdaterTask          - Checking for updates
11:18:18.398 [JavaFX Application Thread] DEBUG FXGLEventBus         - Service [EventBus] initialized
11:18:18.400 [JavaFX Application Thread] DEBUG FXGLExecutor         - Service [Executor] initialized
11:18:18.402 [JavaFX Application Thread] DEBUG IOTask               - Showing dialog
11:18:18.404 [FXGL Background Thread 1 ] DEBUG IOTask               - Executing task: openStream(https://raw.githubusercontent.com/AlmasB/FXGL/master/pom.xml)
11:18:18.404 [FXGL Background Thread 1 ] DEBUG IOTask               - Executing task: openStream(https://raw.githubusercontent.com/AlmasB/FXGL/master/pom.xml)
11:18:18.989 [JavaFX Application Thread] DEBUG IOTask               - fail(): Dismissing dialog
11:18:18.989 [JavaFX Application Thread] WARN  IOTask               - Task failed: openStream(https://raw.githubusercontent.com/AlmasB/FXGL/master/pom.xml) Error: javax.net.ssl.SSLHandshakeException: sun.security.validator.ValidatorException: PKIX path building failed: sun.security.provider.certpath.SunCertPathBuilderException: unable to find valid certification path to requested target
11:18:18.989 [JavaFX Application Thread] WARN  UpdaterTask          - Failed to find updates: javax.net.ssl.SSLHandshakeException: sun.security.validator.ValidatorException: PKIX path building failed: sun.security.provider.certpath.SunCertPathBuilderException: unable to find valid certification path to requested target
11:18:19.344 [FXGL Launcher Thread     ] DEBUG GameApplication      - Configuring GameApplication
11:18:19.350 [FXGL Launcher Thread     ] DEBUG FXGLExceptionHandler - Service [ExceptionHandler] initialized
11:18:19.350 [FXGL Launcher Thread     ] DEBUG PreInitTask          - Injecting gameWorld & physicsWorld
11:18:19.360 [FXGL Launcher Thread     ] DEBUG GameWorld            - Game world initialized
11:18:19.449 [FXGL Launcher Thread     ] DEBUG FXGLPooler           - Service [Pooler] initialized with default size = 128
11:18:19.449 [FXGL Launcher Thread     ] DEBUG PhysicsWorld         - Physics world initialized: appHeight=840.0, physics.ppm=50.0
11:18:19.451 [FXGL Launcher Thread     ] DEBUG FXGLInput            - Service [Input] initialized
11:18:19.472 [FXGL Launcher Thread     ] DEBUG FXGLInput            - Registered new binding: Screenshot - P
11:18:19.472 [FXGL Launcher Thread     ] DEBUG FXGLInput            - Registered new binding: Dev Options - CTRL+0
11:18:19.474 [FXGL Launcher Thread     ] DEBUG FXGLInput            - Registered new binding: Up - W
11:18:19.474 [FXGL Launcher Thread     ] DEBUG FXGLInput            - Registered new binding: Left - A
11:18:19.474 [FXGL Launcher Thread     ] DEBUG FXGLInput            - Registered new binding: Down - S
11:18:19.474 [FXGL Launcher Thread     ] DEBUG FXGLInput            - Registered new binding: Right - D
11:18:19.497 [FXGL Launcher Thread     ] DEBUG GameScene            - Game scene initialized: 960.0x840.0
11:18:19.500 [FXGL Launcher Thread     ] DEBUG FXGLAssetLoader      - Service [AssetLoader] initialized: cacheSize=35
11:18:19.503 [FXGL Launcher Thread     ] DEBUG FXGLAssetLoader      - Loading from disk: /assets/sounds/system/notification.wav
11:18:19.525 [FXGL Launcher Thread     ] DEBUG FXGLAssetLoader      - Loading from disk: /assets/sounds/menu/select.wav
11:18:19.526 [FXGL Launcher Thread     ] DEBUG FXGLAssetLoader      - Loading from disk: /assets/sounds/menu/back.wav
11:18:19.529 [FXGL Launcher Thread     ] DEBUG FXGLAssetLoader      - Loading from disk: /assets/sounds/menu/press.wav
11:18:19.531 [FXGL Launcher Thread     ] DEBUG FXGLAssetLoader      - Loading from disk: /assets/ui/fonts/Copperplate_Gothic_Light_Regular.ttf
11:18:19.538 [FXGL Launcher Thread     ] DEBUG FXGLAssetLoader      - Loading from disk: /assets/ui/css/fxgl.css
11:18:19.538 [FXGL Launcher Thread     ] DEBUG FXGLAssetLoader      - Loading from disk: /assets/ui/icons/fxgl_icon.png
11:18:19.577 [FXGL Launcher Thread     ] DEBUG FXGLAssetLoader      - Loading from disk: /assets/ui/css/fxgl_dark.css
11:18:19.588 [FXGL Launcher Thread     ] DEBUG FXGLDisplay          - Target size: DoubleProperty [value: 960.0] x DoubleProperty [value: 840.0] @ 1.0
11:18:19.588 [FXGL Launcher Thread     ] DEBUG FXGLDisplay          - New size:    960.0 x 840.0 @ DoubleProperty [value: 1.0]
11:18:19.589 [FXGL Launcher Thread     ] DEBUG FXGLDisplay          - Service [Display] initialized
11:18:19.589 [FXGL Launcher Thread     ] DEBUG FXGLDisplay          - Using CSS: CSS(externalForm=jar:file:/C:/Computer%20Science/Game%20Design/3rd/Pacman/lib/fxgl-0.2.9-uber.jar!/assets/ui/css/fxgl_dark.css)
11:18:19.590 [FXGL Launcher Thread     ] DEBUG InitScenesTask       - Injecting loadingScene & gameScene
11:18:19.613 [FXGL Launcher Thread     ] DEBUG FXGLMasterTimer      - Service [MasterTimer] initialized
11:18:19.615 [FXGL Launcher Thread     ] DEBUG FXGLAudioPlayer      - Service [AudioPlayer] initialized
11:18:19.630 [FXGL Launcher Thread     ] DEBUG GameApplication      - Starting new game
11:18:19.631 [FXGL Launcher Thread     ] DEBUG GameApplication      - Initializing App
11:18:19.633 [FXGL Launcher Thread     ] DEBUG FXGLInput            - Clearing active input actions
11:18:19.634 [FXGL Launcher Thread     ] DEBUG FXGLMasterTimer      - Stopping master timer
11:18:19.634 [FXGL Launcher Thread     ] DEBUG GameApplication      - State: STARTUP -> PAUSED
11:18:19.636 [FXGL Launcher Thread     ] DEBUG FXGLEventBus         - Firing event: FXGLEvent[type=PAUSE]
11:18:19.637 [FXGL Launcher Thread     ] DEBUG FXGLInput            - Clearing active input actions
11:18:19.637 [FXGL Launcher Thread     ] DEBUG FXGLMasterTimer      - Resetting ticks and clearing all actions
11:18:19.637 [FXGL Launcher Thread     ] DEBUG GameWorld            - Resetting game world
11:18:19.637 [FXGL Launcher Thread     ] TRACE EntityWorld          - Resetting entity world
11:18:19.640 [FXGL Launcher Thread     ] DEBUG PhysicsWorld         - Resetting physics world
11:18:19.640 [FXGL Launcher Thread     ] DEBUG GameScene            - Resetting game scene
11:18:19.640 [FXGL Launcher Thread     ] DEBUG FXGLEventBus         - Firing event: FXGLEvent[type=RESET]
11:18:19.714 [FXGL Launcher Thread     ] DEBUG GameApplication      - State: PAUSED -> LOADING
11:18:19.747 [FXGL Background Thread 1 ] DEBUG InitAppTask          - Initializing Assets
11:18:19.748 [FXGL Background Thread 1 ] DEBUG InitAppTask          - Initializing Game
11:18:19.755 [FXGL Background Thread 1 ] DEBUG FXGLAssetLoader      - Loading from disk: /assets/text/level.txt
11:18:19.851 [JavaFX Application Thread] DEBUG FXGLDisplay          - Showing stage
11:18:19.851 [JavaFX Application Thread] DEBUG FXGLDisplay          - Root size: 960.0x840.0
11:18:19.851 [JavaFX Application Thread] DEBUG FXGLDisplay          - Scene size: 960.0x840.0
11:18:19.851 [JavaFX Application Thread] DEBUG FXGLDisplay          - Stage size: 978.0x885.0
11:18:19.975 [FXGL Background Thread 1 ] DEBUG FXGLAssetLoader      - Loading from disk: /assets/textures/blinkyRight00.png
11:18:20.041 [FXGL Background Thread 1 ] DEBUG FXGLAssetLoader      - Loading from disk: /assets/textures/pacman00.png
11:18:20.083 [FXGL Background Thread 1 ] DEBUG GameWorld            - Resetting game world
11:18:20.084 [FXGL Background Thread 1 ] TRACE EntityWorld          - Resetting entity world
11:18:20.084 [FXGL Background Thread 1 ] DEBUG PhysicsWorld         - Resetting physics world
11:18:20.084 [FXGL Background Thread 1 ] DEBUG GameScene            - Resetting game scene
11:18:20.084 [FXGL Background Thread 1 ] DEBUG GameWorld            - Setting level: com.almasb.fxgl.gameplay.Level@187b70e6
11:18:20.087 [FXGL Background Thread 1 ] DEBUG InitAppTask          - Initializing Physics
11:18:20.089 [FXGL Background Thread 1 ] DEBUG InitAppTask          - Initializing UI
11:18:20.090 [FXGL Background Thread 1 ] DEBUG FXGLAssetLoader      - Loading from disk: /assets/ui/pacman_ui.fxml
11:18:20.144 [FXGL Background Thread 1 ] DEBUG GameScene            - Adding UI node: Pane@31590109
11:18:20.144 [FXGL Background Thread 1 ] DEBUG InitAppTask          - Initialization Complete
11:18:20.146 [JavaFX Application Thread] DEBUG FXGLInput            - Clearing active input actions
11:18:20.146 [JavaFX Application Thread] DEBUG FXGLMasterTimer      - Starting master timer
11:18:20.146 [JavaFX Application Thread] DEBUG GameApplication      - State: LOADING -> PLAYING
11:18:20.153 [JavaFX Application Thread] DEBUG FXGLEventBus         - Firing event: FXGLEvent[type=RESUME]
11:18:20.160 [JavaFX Application Thread] DEBUG GameScene            - Entity added to scene
11:18:20.161 [JavaFX Application Thread] DEBUG GameScene            - Added MainViewComponent
11:18:20.163 [JavaFX Application Thread] DEBUG GameScene            - Creating render group for layer: PLAYGROUND(1073741823)
11:18:20.167 [JavaFX Application Thread] DEBUG GameScene            - Entity added to scene
11:18:20.167 [JavaFX Application Thread] DEBUG GameScene            - Added MainViewComponent
11:18:20.168 [JavaFX Application Thread] DEBUG GameScene            - Entity added to scene
11:18:20.168 [JavaFX Application Thread] DEBUG GameScene            - Added MainViewComponent
11:18:20.170 [JavaFX Application Thread] DEBUG GameScene            - Entity added to scene
11:18:20.170 [JavaFX Application Thread] DEBUG GameScene            - Added MainViewComponent
11:18:20.171 [JavaFX Application Thread] DEBUG GameScene            - Entity added to scene
11:18:20.171 [JavaFX Application Thread] DEBUG GameScene            - Added MainViewComponent
11:18:20.171 [JavaFX Application Thread] DEBUG GameScene            - Entity added to scene
11:18:20.171 [JavaFX Application Thread] DEBUG GameScene            - Added MainViewComponent
11:18:20.172 [JavaFX Application Thread] DEBUG GameScene            - Entity added to scene
11:18:20.172 [JavaFX Application Thread] DEBUG GameScene            - Added MainViewComponent
11:18:20.172 [JavaFX Application Thread] DEBUG GameScene            - Entity added to scene
11:18:20.172 [JavaFX Application Thread] DEBUG GameScene            - Added MainViewComponent
11:18:20.174 [JavaFX Application Thread] DEBUG GameScene            - Entity added to scene
11:18:20.174 [JavaFX Application Thread] DEBUG GameScene            - Added MainViewComponent
11:18:20.174 [JavaFX Application Thread] DEBUG GameScene            - Entity added to scene
11:18:20.174 [JavaFX Application Thread] DEBUG GameScene            - Added MainViewComponent
11:18:20.174 [JavaFX Application Thread] DEBUG GameScene            - Entity added to scene
11:18:20.174 [JavaFX Application Thread] DEBUG GameScene            - Added MainViewComponent
11:18:20.175 [JavaFX Application Thread] DEBUG GameScene            - Entity added to scene
11:18:20.175 [JavaFX Application Thread] DEBUG GameScene            - Added MainViewComponent
11:18:20.175 [JavaFX Application Thread] DEBUG GameScene            - Entity added to scene
11:18:20.175 [JavaFX Application Thread] DEBUG GameScene            - Added MainViewComponent
11:18:20.176 [JavaFX Application Thread] DEBUG GameScene            - Entity added to scene
11:18:20.176 [JavaFX Application Thread] DEBUG GameScene            - Added MainViewComponent
11:18:20.176 [JavaFX Application Thread] DEBUG GameScene            - Entity added to scene
11:18:20.176 [JavaFX Application Thread] DEBUG GameScene            - Added MainViewComponent
11:18:20.176 [JavaFX Application Thread] DEBUG GameScene            - Entity added to scene
11:18:20.177 [JavaFX Application Thread] DEBUG GameScene            - Added MainViewComponent
11:18:20.177 [JavaFX Application Thread] DEBUG GameScene            - Entity added to scene
11:18:20.177 [JavaFX Application Thread] DEBUG GameScene            - Added MainViewComponent
11:18:20.177 [JavaFX Application Thread] DEBUG GameScene            - Entity added to scene
11:18:20.177 [JavaFX Application Thread] DEBUG GameScene            - Added MainViewComponent
11:18:20.177 [JavaFX Application Thread] DEBUG GameScene            - Entity added to scene
11:18:20.177 [JavaFX Application Thread] DEBUG GameScene            - Added MainViewComponent
11:18:20.178 [JavaFX Application Thread] DEBUG GameScene            - Entity added to scene
11:18:20.178 [JavaFX Application Thread] DEBUG GameScene            - Added MainViewComponent
11:18:20.178 [JavaFX Application Thread] DEBUG GameScene            - Entity added to scene
11:18:20.178 [JavaFX Application Thread] DEBUG GameScene            - Added MainViewComponent
11:18:20.179 [JavaFX Application Thread] DEBUG GameScene            - Entity added to scene
11:18:20.179 [JavaFX Application Thread] DEBUG GameScene            - Added MainViewComponent
11:18:20.179 [JavaFX Application Thread] DEBUG GameScene            - Entity added to scene
11:18:20.179 [JavaFX Application Thread] DEBUG GameScene            - Added MainViewComponent
11:18:20.179 [JavaFX Application Thread] DEBUG GameScene            - Entity added to scene
11:18:20.179 [JavaFX Application Thread] DEBUG GameScene            - Added MainViewComponent
11:18:20.179 [JavaFX Application Thread] DEBUG GameScene            - Entity added to scene
11:18:20.179 [JavaFX Application Thread] DEBUG GameScene            - Added MainViewComponent
11:18:20.180 [JavaFX Application Thread] DEBUG GameScene            - Entity added to scene
11:18:20.180 [JavaFX Application Thread] DEBUG GameScene            - Added MainViewComponent
11:18:20.180 [JavaFX Application Thread] DEBUG GameScene            - Entity added to scene
11:18:20.180 [JavaFX Application Thread] DEBUG GameScene            - Added MainViewComponent
11:18:20.180 [JavaFX Application Thread] DEBUG GameScene            - Entity added to scene
11:18:20.180 [JavaFX Application Thread] DEBUG GameScene            - Added MainViewComponent
11:18:20.180 [JavaFX Application Thread] DEBUG GameScene            - Entity added to scene
11:18:20.180 [JavaFX Application Thread] DEBUG GameScene            - Added MainViewComponent
11:18:20.181 [JavaFX Application Thread] DEBUG GameScene            - Entity added to scene
11:18:20.181 [JavaFX Application Thread] DEBUG GameScene            - Added MainViewComponent
11:18:20.181 [JavaFX Application Thread] DEBUG GameScene            - Entity added to scene
11:18:20.181 [JavaFX Application Thread] DEBUG GameScene            - Added MainViewComponent
11:18:20.181 [JavaFX Application Thread] DEBUG GameScene            - Entity added to scene
11:18:20.181 [JavaFX Application Thread] DEBUG GameScene            - Added MainViewComponent
11:18:20.181 [JavaFX Application Thread] DEBUG GameScene            - Entity added to scene
11:18:20.181 [JavaFX Application Thread] DEBUG GameScene            - Added MainViewComponent
11:18:20.181 [JavaFX Application Thread] DEBUG GameScene            - Entity added to scene
11:18:20.182 [JavaFX Application Thread] DEBUG GameScene            - Added MainViewComponent
11:18:20.182 [JavaFX Application Thread] DEBUG GameScene            - Entity added to scene
11:18:20.182 [JavaFX Application Thread] DEBUG GameScene            - Added MainViewComponent
11:18:20.182 [JavaFX Application Thread] DEBUG GameScene            - Entity added to scene
11:18:20.182 [JavaFX Application Thread] DEBUG GameScene            - Added MainViewComponent
11:18:20.182 [JavaFX Application Thread] DEBUG GameScene            - Entity added to scene
11:18:20.182 [JavaFX Application Thread] DEBUG GameScene            - Added MainViewComponent
11:18:20.183 [JavaFX Application Thread] DEBUG GameScene            - Entity added to scene
11:18:20.183 [JavaFX Application Thread] DEBUG GameScene            - Added MainViewComponent
11:18:20.183 [JavaFX Application Thread] DEBUG GameScene            - Entity added to scene
11:18:20.183 [JavaFX Application Thread] DEBUG GameScene            - Added MainViewComponent
11:18:20.183 [JavaFX Application Thread] DEBUG GameScene            - Entity added to scene
11:18:20.183 [JavaFX Application Thread] DEBUG GameScene            - Added MainViewComponent
11:18:20.183 [JavaFX Application Thread] DEBUG GameScene            - Entity added to scene
11:18:20.184 [JavaFX Application Thread] DEBUG GameScene            - Added MainViewComponent
11:18:20.184 [JavaFX Application Thread] DEBUG GameScene            - Entity added to scene
11:18:20.184 [JavaFX Application Thread] DEBUG GameScene            - Added MainViewComponent
11:18:20.184 [JavaFX Application Thread] DEBUG GameScene            - Entity added to scene
11:18:20.184 [JavaFX Application Thread] DEBUG GameScene            - Added MainViewComponent
11:18:20.184 [JavaFX Application Thread] DEBUG GameScene            - Entity added to scene
11:18:20.185 [JavaFX Application Thread] DEBUG GameScene            - Added MainViewComponent
11:18:20.185 [JavaFX Application Thread] DEBUG GameScene            - Entity added to scene
11:18:20.185 [JavaFX Application Thread] DEBUG GameScene            - Added MainViewComponent
11:18:20.186 [JavaFX Application Thread] DEBUG GameScene            - Entity added to scene
11:18:20.188 [JavaFX Application Thread] DEBUG GameScene            - Added MainViewComponent
11:18:20.188 [JavaFX Application Thread] DEBUG GameScene            - Entity added to scene
11:18:20.188 [JavaFX Application Thread] DEBUG GameScene            - Added MainViewComponent
11:18:20.189 [JavaFX Application Thread] DEBUG GameScene            - Entity added to scene
11:18:20.189 [JavaFX Application Thread] DEBUG GameScene            - Added MainViewComponent
11:18:20.189 [JavaFX Application Thread] DEBUG GameScene            - Entity added to scene
11:18:20.189 [JavaFX Application Thread] DEBUG GameScene            - Added MainViewComponent
11:18:20.190 [JavaFX Application Thread] DEBUG GameScene            - Entity added to scene
11:18:20.190 [JavaFX Application Thread] DEBUG GameScene            - Added MainViewComponent
11:18:20.190 [JavaFX Application Thread] DEBUG GameScene            - Entity added to scene
11:18:20.190 [JavaFX Application Thread] DEBUG GameScene            - Added MainViewComponent
11:18:20.191 [JavaFX Application Thread] DEBUG GameScene            - Entity added to scene
11:18:20.191 [JavaFX Application Thread] DEBUG GameScene            - Added MainViewComponent
11:18:20.191 [JavaFX Application Thread] DEBUG GameScene            - Entity added to scene
11:18:20.191 [JavaFX Application Thread] DEBUG GameScene            - Added MainViewComponent
11:18:20.192 [JavaFX Application Thread] DEBUG GameScene            - Entity added to scene
11:18:20.192 [JavaFX Application Thread] DEBUG GameScene            - Added MainViewComponent
11:18:20.192 [JavaFX Application Thread] DEBUG GameScene            - Entity added to scene
11:18:20.193 [JavaFX Application Thread] DEBUG GameScene            - Added MainViewComponent
11:18:20.193 [JavaFX Application Thread] DEBUG GameScene            - Entity added to scene
11:18:20.193 [JavaFX Application Thread] DEBUG GameScene            - Added MainViewComponent
11:18:20.193 [JavaFX Application Thread] DEBUG GameScene            - Entity added to scene
11:18:20.193 [JavaFX Application Thread] DEBUG GameScene            - Added MainViewComponent
11:18:20.194 [JavaFX Application Thread] DEBUG GameScene            - Entity added to scene
11:18:20.194 [JavaFX Application Thread] DEBUG GameScene            - Added MainViewComponent
11:18:20.194 [JavaFX Application Thread] DEBUG GameScene            - Entity added to scene
11:18:20.194 [JavaFX Application Thread] DEBUG GameScene            - Added MainViewComponent
11:18:20.194 [JavaFX Application Thread] DEBUG GameScene            - Entity added to scene
11:18:20.194 [JavaFX Application Thread] DEBUG GameScene            - Added MainViewComponent
11:18:20.195 [JavaFX Application Thread] DEBUG GameScene            - Entity added to scene
11:18:20.195 [JavaFX Application Thread] DEBUG GameScene            - Added MainViewComponent
11:18:20.195 [JavaFX Application Thread] DEBUG GameScene            - Entity added to scene
11:18:20.195 [JavaFX Application Thread] DEBUG GameScene            - Added MainViewComponent
11:18:20.195 [JavaFX Application Thread] DEBUG GameScene            - Entity added to scene
11:18:20.195 [JavaFX Application Thread] DEBUG GameScene            - Added MainViewComponent
11:18:20.196 [JavaFX Application Thread] DEBUG GameScene            - Entity added to scene
11:18:20.196 [JavaFX Application Thread] DEBUG GameScene            - Added MainViewComponent
11:18:20.196 [JavaFX Application Thread] DEBUG GameScene            - Entity added to scene
11:18:20.196 [JavaFX Application Thread] DEBUG GameScene            - Added MainViewComponent
11:18:20.196 [JavaFX Application Thread] DEBUG GameScene            - Entity added to scene
11:18:20.196 [JavaFX Application Thread] DEBUG GameScene            - Added MainViewComponent
11:18:20.197 [JavaFX Application Thread] DEBUG GameScene            - Entity added to scene
11:18:20.197 [JavaFX Application Thread] DEBUG GameScene            - Added MainViewComponent
11:18:20.197 [JavaFX Application Thread] DEBUG GameScene            - Entity added to scene
11:18:20.197 [JavaFX Application Thread] DEBUG GameScene            - Added MainViewComponent
11:18:20.197 [JavaFX Application Thread] DEBUG GameScene            - Entity added to scene
11:18:20.197 [JavaFX Application Thread] DEBUG GameScene            - Added MainViewComponent
11:18:20.197 [JavaFX Application Thread] DEBUG GameScene            - Entity added to scene
11:18:20.197 [JavaFX Application Thread] DEBUG GameScene            - Added MainViewComponent
11:18:20.198 [JavaFX Application Thread] DEBUG GameScene            - Entity added to scene
11:18:20.198 [JavaFX Application Thread] DEBUG GameScene            - Added MainViewComponent
11:18:20.198 [JavaFX Application Thread] DEBUG GameScene            - Entity added to scene
11:18:20.198 [JavaFX Application Thread] DEBUG GameScene            - Added MainViewComponent
11:18:20.198 [JavaFX Application Thread] DEBUG GameScene            - Entity added to scene
11:18:20.198 [JavaFX Application Thread] DEBUG GameScene            - Added MainViewComponent
11:18:20.198 [JavaFX Application Thread] DEBUG GameScene            - Entity added to scene
11:18:20.199 [JavaFX Application Thread] DEBUG GameScene            - Added MainViewComponent
11:18:20.199 [JavaFX Application Thread] DEBUG GameScene            - Entity added to scene
11:18:20.199 [JavaFX Application Thread] DEBUG GameScene            - Added MainViewComponent
11:18:20.199 [JavaFX Application Thread] DEBUG GameScene            - Entity added to scene
11:18:20.199 [JavaFX Application Thread] DEBUG GameScene            - Added MainViewComponent
11:18:20.199 [JavaFX Application Thread] DEBUG GameScene            - Entity added to scene
11:18:20.199 [JavaFX Application Thread] DEBUG GameScene            - Added MainViewComponent
11:18:20.200 [JavaFX Application Thread] DEBUG GameScene            - Entity added to scene
11:18:20.200 [JavaFX Application Thread] DEBUG GameScene            - Added MainViewComponent
11:18:20.200 [JavaFX Application Thread] DEBUG GameScene            - Entity added to scene
11:18:20.200 [JavaFX Application Thread] DEBUG GameScene            - Added MainViewComponent
11:18:20.201 [JavaFX Application Thread] DEBUG GameScene            - Entity added to scene
11:18:20.201 [JavaFX Application Thread] DEBUG GameScene            - Added MainViewComponent
11:18:20.201 [JavaFX Application Thread] DEBUG GameScene            - Entity added to scene
11:18:20.201 [JavaFX Application Thread] DEBUG GameScene            - Added MainViewComponent
11:18:20.202 [JavaFX Application Thread] DEBUG GameScene            - Entity added to scene
11:18:20.202 [JavaFX Application Thread] DEBUG GameScene            - Added MainViewComponent
11:18:20.202 [JavaFX Application Thread] DEBUG GameScene            - Entity added to scene
11:18:20.202 [JavaFX Application Thread] DEBUG GameScene            - Added MainViewComponent
11:18:20.202 [JavaFX Application Thread] DEBUG GameScene            - Entity added to scene
11:18:20.202 [JavaFX Application Thread] DEBUG GameScene            - Added MainViewComponent
11:18:20.202 [JavaFX Application Thread] DEBUG GameScene            - Entity added to scene
11:18:20.202 [JavaFX Application Thread] DEBUG GameScene            - Added MainViewComponent
11:18:20.203 [JavaFX Application Thread] DEBUG GameScene            - Entity added to scene
11:18:20.203 [JavaFX Application Thread] DEBUG GameScene            - Added MainViewComponent
11:18:20.203 [JavaFX Application Thread] DEBUG GameScene            - Entity added to scene
11:18:20.203 [JavaFX Application Thread] DEBUG GameScene            - Added MainViewComponent
11:18:20.203 [JavaFX Application Thread] DEBUG GameScene            - Entity added to scene
11:18:20.203 [JavaFX Application Thread] DEBUG GameScene            - Added MainViewComponent
11:18:20.204 [JavaFX Application Thread] DEBUG GameScene            - Entity added to scene
11:18:20.204 [JavaFX Application Thread] DEBUG GameScene            - Added MainViewComponent
11:18:20.204 [JavaFX Application Thread] DEBUG GameScene            - Entity added to scene
11:18:20.204 [JavaFX Application Thread] DEBUG GameScene            - Added MainViewComponent
11:18:20.205 [JavaFX Application Thread] DEBUG GameScene            - Entity added to scene
11:18:20.205 [JavaFX Application Thread] DEBUG GameScene            - Added MainViewComponent
11:18:20.206 [JavaFX Application Thread] DEBUG GameScene            - Entity added to scene
11:18:20.206 [JavaFX Application Thread] DEBUG GameScene            - Added MainViewComponent
11:18:20.206 [JavaFX Application Thread] DEBUG GameScene            - Entity added to scene
11:18:20.206 [JavaFX Application Thread] DEBUG GameScene            - Added MainViewComponent
11:18:20.207 [JavaFX Application Thread] DEBUG GameScene            - Entity added to scene
11:18:20.207 [JavaFX Application Thread] DEBUG GameScene            - Added MainViewComponent
11:18:20.207 [JavaFX Application Thread] DEBUG GameScene            - Entity added to scene
11:18:20.207 [JavaFX Application Thread] DEBUG GameScene            - Added MainViewComponent
11:18:20.207 [JavaFX Application Thread] DEBUG GameScene            - Entity added to scene
11:18:20.207 [JavaFX Application Thread] DEBUG GameScene            - Added MainViewComponent
11:18:20.208 [JavaFX Application Thread] DEBUG GameScene            - Entity added to scene
11:18:20.208 [JavaFX Application Thread] DEBUG GameScene            - Added MainViewComponent
11:18:20.208 [JavaFX Application Thread] DEBUG GameScene            - Entity added to scene
11:18:20.208 [JavaFX Application Thread] DEBUG GameScene            - Added MainViewComponent
11:18:20.209 [JavaFX Application Thread] DEBUG GameScene            - Entity added to scene
11:18:20.209 [JavaFX Application Thread] DEBUG GameScene            - Added MainViewComponent
11:18:20.209 [JavaFX Application Thread] DEBUG GameScene            - Entity added to scene
11:18:20.209 [JavaFX Application Thread] DEBUG GameScene            - Added MainViewComponent
11:18:20.209 [JavaFX Application Thread] DEBUG GameScene            - Entity added to scene
11:18:20.210 [JavaFX Application Thread] DEBUG GameScene            - Added MainViewComponent
11:18:20.210 [JavaFX Application Thread] DEBUG GameScene            - Entity added to scene
11:18:20.210 [JavaFX Application Thread] DEBUG GameScene            - Added MainViewComponent
11:18:20.210 [JavaFX Application Thread] DEBUG GameScene            - Entity added to scene
11:18:20.210 [JavaFX Application Thread] DEBUG GameScene            - Added MainViewComponent
11:18:20.211 [JavaFX Application Thread] DEBUG GameScene            - Entity added to scene
11:18:20.211 [JavaFX Application Thread] DEBUG GameScene            - Added MainViewComponent
11:18:20.212 [JavaFX Application Thread] DEBUG GameScene            - Entity added to scene
11:18:20.212 [JavaFX Application Thread] DEBUG GameScene            - Added MainViewComponent
11:18:20.212 [JavaFX Application Thread] DEBUG GameScene            - Entity added to scene
11:18:20.212 [JavaFX Application Thread] DEBUG GameScene            - Added MainViewComponent
11:18:20.212 [JavaFX Application Thread] DEBUG GameScene            - Entity added to scene
11:18:20.213 [JavaFX Application Thread] DEBUG GameScene            - Added MainViewComponent
11:18:20.213 [JavaFX Application Thread] DEBUG GameScene            - Entity added to scene
11:18:20.213 [JavaFX Application Thread] DEBUG GameScene            - Added MainViewComponent
11:18:20.213 [JavaFX Application Thread] DEBUG GameScene            - Entity added to scene
11:18:20.213 [JavaFX Application Thread] DEBUG GameScene            - Added MainViewComponent
11:18:20.214 [JavaFX Application Thread] DEBUG GameScene            - Entity added to scene
11:18:20.214 [JavaFX Application Thread] DEBUG GameScene            - Added MainViewComponent
11:18:20.214 [JavaFX Application Thread] DEBUG GameScene            - Entity added to scene
11:18:20.214 [JavaFX Application Thread] DEBUG GameScene            - Added MainViewComponent
11:18:20.214 [JavaFX Application Thread] DEBUG GameScene            - Entity added to scene
11:18:20.214 [JavaFX Application Thread] DEBUG GameScene            - Added MainViewComponent
11:18:20.215 [JavaFX Application Thread] DEBUG GameScene            - Entity added to scene
11:18:20.215 [JavaFX Application Thread] DEBUG GameScene            - Added MainViewComponent
11:18:20.215 [JavaFX Application Thread] DEBUG GameScene            - Entity added to scene
11:18:20.215 [JavaFX Application Thread] DEBUG GameScene            - Added MainViewComponent
11:18:20.215 [JavaFX Application Thread] DEBUG GameScene            - Entity added to scene
11:18:20.215 [JavaFX Application Thread] DEBUG GameScene            - Added MainViewComponent
11:18:20.216 [JavaFX Application Thread] DEBUG GameScene            - Entity added to scene
11:18:20.216 [JavaFX Application Thread] DEBUG GameScene            - Added MainViewComponent
11:18:20.216 [JavaFX Application Thread] DEBUG GameScene            - Entity added to scene
11:18:20.216 [JavaFX Application Thread] DEBUG GameScene            - Added MainViewComponent
11:18:20.216 [JavaFX Application Thread] DEBUG GameScene            - Entity added to scene
11:18:20.216 [JavaFX Application Thread] DEBUG GameScene            - Added MainViewComponent
11:18:20.216 [JavaFX Application Thread] DEBUG GameScene            - Entity added to scene
11:18:20.216 [JavaFX Application Thread] DEBUG GameScene            - Added MainViewComponent
11:18:20.217 [JavaFX Application Thread] DEBUG GameScene            - Entity added to scene
11:18:20.217 [JavaFX Application Thread] DEBUG GameScene            - Added MainViewComponent
11:18:20.217 [JavaFX Application Thread] DEBUG GameScene            - Entity added to scene
11:18:20.217 [JavaFX Application Thread] DEBUG GameScene            - Added MainViewComponent
11:18:20.220 [JavaFX Application Thread] DEBUG GameScene            - Entity added to scene
11:18:20.220 [JavaFX Application Thread] DEBUG GameScene            - Added MainViewComponent
11:18:20.220 [JavaFX Application Thread] DEBUG GameScene            - Entity added to scene
11:18:20.220 [JavaFX Application Thread] DEBUG GameScene            - Added MainViewComponent
11:18:20.221 [JavaFX Application Thread] DEBUG GameScene            - Entity added to scene
11:18:20.221 [JavaFX Application Thread] DEBUG GameScene            - Added MainViewComponent
11:18:20.221 [JavaFX Application Thread] DEBUG GameScene            - Entity added to scene
11:18:20.221 [JavaFX Application Thread] DEBUG GameScene            - Added MainViewComponent
11:18:20.222 [JavaFX Application Thread] DEBUG GameScene            - Entity added to scene
11:18:20.222 [JavaFX Application Thread] DEBUG GameScene            - Added MainViewComponent
11:18:20.222 [JavaFX Application Thread] DEBUG GameScene            - Entity added to scene
11:18:20.222 [JavaFX Application Thread] DEBUG GameScene            - Added MainViewComponent
11:18:20.222 [JavaFX Application Thread] DEBUG GameScene            - Entity added to scene
11:18:20.223 [JavaFX Application Thread] DEBUG GameScene            - Added MainViewComponent
11:18:20.224 [JavaFX Application Thread] DEBUG GameScene            - Entity added to scene
11:18:20.224 [JavaFX Application Thread] DEBUG GameScene            - Added MainViewComponent
11:18:20.224 [JavaFX Application Thread] DEBUG GameScene            - Entity added to scene
11:18:20.224 [JavaFX Application Thread] DEBUG GameScene            - Added MainViewComponent
11:18:20.225 [JavaFX Application Thread] DEBUG GameScene            - Entity added to scene
11:18:20.225 [JavaFX Application Thread] DEBUG GameScene            - Added MainViewComponent
11:18:20.225 [JavaFX Application Thread] DEBUG GameScene            - Entity added to scene
11:18:20.225 [JavaFX Application Thread] DEBUG GameScene            - Added MainViewComponent
11:18:20.225 [JavaFX Application Thread] DEBUG GameScene            - Entity added to scene
11:18:20.225 [JavaFX Application Thread] DEBUG GameScene            - Added MainViewComponent
11:18:20.226 [JavaFX Application Thread] DEBUG GameScene            - Entity added to scene
11:18:20.226 [JavaFX Application Thread] DEBUG GameScene            - Added MainViewComponent
11:18:20.226 [JavaFX Application Thread] DEBUG GameScene            - Entity added to scene
11:18:20.226 [JavaFX Application Thread] DEBUG GameScene            - Added MainViewComponent
11:18:20.226 [JavaFX Application Thread] DEBUG GameScene            - Entity added to scene
11:18:20.226 [JavaFX Application Thread] DEBUG GameScene            - Added MainViewComponent
11:18:20.227 [JavaFX Application Thread] DEBUG GameScene            - Entity added to scene
11:18:20.227 [JavaFX Application Thread] DEBUG GameScene            - Added MainViewComponent
11:18:20.227 [JavaFX Application Thread] DEBUG GameScene            - Entity added to scene
11:18:20.227 [JavaFX Application Thread] DEBUG GameScene            - Added MainViewComponent
11:18:20.227 [JavaFX Application Thread] DEBUG GameScene            - Entity added to scene
11:18:20.227 [JavaFX Application Thread] DEBUG GameScene            - Added MainViewComponent
11:18:20.228 [JavaFX Application Thread] DEBUG GameScene            - Entity added to scene
11:18:20.228 [JavaFX Application Thread] DEBUG GameScene            - Added MainViewComponent
11:18:20.228 [JavaFX Application Thread] DEBUG GameScene            - Entity added to scene
11:18:20.228 [JavaFX Application Thread] DEBUG GameScene            - Added MainViewComponent
11:18:20.228 [JavaFX Application Thread] DEBUG GameScene            - Entity added to scene
11:18:20.228 [JavaFX Application Thread] DEBUG GameScene            - Added MainViewComponent
11:18:20.229 [JavaFX Application Thread] DEBUG GameScene            - Entity added to scene
11:18:20.229 [JavaFX Application Thread] DEBUG GameScene            - Added MainViewComponent
11:18:20.229 [JavaFX Application Thread] DEBUG GameScene            - Creating render group for layer: TOP(2147483647)
11:18:20.230 [JavaFX Application Thread] DEBUG GameScene            - Entity added to scene
11:18:20.230 [JavaFX Application Thread] DEBUG GameScene            - Added MainViewComponent
11:18:20.231 [JavaFX Application Thread] DEBUG GameScene            - Entity added to scene
11:18:20.231 [JavaFX Application Thread] DEBUG GameScene            - Added MainViewComponent
11:18:20.231 [JavaFX Application Thread] DEBUG GameScene            - Entity added to scene
11:18:20.231 [JavaFX Application Thread] DEBUG GameScene            - Added MainViewComponent
11:18:20.232 [JavaFX Application Thread] DEBUG GameScene            - Entity added to scene
11:18:20.232 [JavaFX Application Thread] DEBUG GameScene            - Added MainViewComponent
11:18:20.232 [JavaFX Application Thread] DEBUG GameScene            - Entity added to scene
11:18:20.232 [JavaFX Application Thread] DEBUG GameScene            - Added MainViewComponent
11:18:20.232 [JavaFX Application Thread] DEBUG GameScene            - Entity added to scene
11:18:20.232 [JavaFX Application Thread] DEBUG GameScene            - Added MainViewComponent
11:18:20.232 [JavaFX Application Thread] DEBUG GameScene            - Entity added to scene
11:18:20.232 [JavaFX Application Thread] DEBUG GameScene            - Added MainViewComponent
11:18:20.233 [JavaFX Application Thread] DEBUG GameScene            - Entity added to scene
11:18:20.233 [JavaFX Application Thread] DEBUG GameScene            - Added MainViewComponent
11:18:20.233 [JavaFX Application Thread] DEBUG GameScene            - Entity added to scene
11:18:20.233 [JavaFX Application Thread] DEBUG GameScene            - Added MainViewComponent
11:18:20.233 [JavaFX Application Thread] DEBUG GameScene            - Entity added to scene
11:18:20.233 [JavaFX Application Thread] DEBUG GameScene            - Added MainViewComponent
11:18:20.234 [JavaFX Application Thread] DEBUG GameScene            - Entity added to scene
11:18:20.234 [JavaFX Application Thread] DEBUG GameScene            - Added MainViewComponent
11:18:20.234 [JavaFX Application Thread] DEBUG GameScene            - Entity added to scene
11:18:20.234 [JavaFX Application Thread] DEBUG GameScene            - Added MainViewComponent
11:18:20.235 [JavaFX Application Thread] DEBUG GameScene            - Entity added to scene
11:18:20.235 [JavaFX Application Thread] DEBUG GameScene            - Added MainViewComponent
11:18:20.235 [JavaFX Application Thread] DEBUG GameScene            - Entity added to scene
11:18:20.235 [JavaFX Application Thread] DEBUG GameScene            - Added MainViewComponent
11:18:20.236 [JavaFX Application Thread] DEBUG GameScene            - Entity added to scene
11:18:20.236 [JavaFX Application Thread] DEBUG GameScene            - Added MainViewComponent
11:18:20.236 [JavaFX Application Thread] DEBUG GameScene            - Entity added to scene
11:18:20.236 [JavaFX Application Thread] DEBUG GameScene            - Added MainViewComponent
11:18:20.237 [JavaFX Application Thread] DEBUG GameScene            - Entity added to scene
11:18:20.237 [JavaFX Application Thread] DEBUG GameScene            - Added MainViewComponent
11:18:20.237 [JavaFX Application Thread] DEBUG GameScene            - Entity added to scene
11:18:20.237 [JavaFX Application Thread] DEBUG GameScene            - Added MainViewComponent
11:18:20.237 [JavaFX Application Thread] DEBUG GameScene            - Entity added to scene
11:18:20.237 [JavaFX Application Thread] DEBUG GameScene            - Added MainViewComponent
11:18:20.237 [JavaFX Application Thread] DEBUG GameScene            - Entity added to scene
11:18:20.238 [JavaFX Application Thread] DEBUG GameScene            - Added MainViewComponent
11:18:20.238 [JavaFX Application Thread] DEBUG GameScene            - Entity added to scene
11:18:20.238 [JavaFX Application Thread] DEBUG GameScene            - Added MainViewComponent
11:18:20.238 [JavaFX Application Thread] DEBUG GameScene            - Entity added to scene
11:18:20.238 [JavaFX Application Thread] DEBUG GameScene            - Added MainViewComponent
11:18:20.239 [JavaFX Application Thread] DEBUG GameScene            - Entity added to scene
11:18:20.239 [JavaFX Application Thread] DEBUG GameScene            - Added MainViewComponent
11:18:20.239 [JavaFX Application Thread] DEBUG GameScene            - Entity added to scene
11:18:20.239 [JavaFX Application Thread] DEBUG GameScene            - Added MainViewComponent
11:18:20.239 [JavaFX Application Thread] DEBUG GameScene            - Entity added to scene
11:18:20.240 [JavaFX Application Thread] DEBUG GameScene            - Added MainViewComponent
11:18:20.240 [JavaFX Application Thread] DEBUG GameScene            - Entity added to scene
11:18:20.240 [JavaFX Application Thread] DEBUG GameScene            - Added MainViewComponent
11:18:20.241 [JavaFX Application Thread] DEBUG GameScene            - Entity added to scene
11:18:20.241 [JavaFX Application Thread] DEBUG GameScene            - Added MainViewComponent
11:18:20.241 [JavaFX Application Thread] DEBUG GameScene            - Entity added to scene
11:18:20.241 [JavaFX Application Thread] DEBUG GameScene            - Added MainViewComponent
11:18:20.241 [JavaFX Application Thread] DEBUG GameScene            - Entity added to scene
11:18:20.242 [JavaFX Application Thread] DEBUG GameScene            - Added MainViewComponent
11:18:20.242 [JavaFX Application Thread] DEBUG GameScene            - Entity added to scene
11:18:20.242 [JavaFX Application Thread] DEBUG GameScene            - Added MainViewComponent
11:18:20.242 [JavaFX Application Thread] DEBUG GameScene            - Entity added to scene
11:18:20.242 [JavaFX Application Thread] DEBUG GameScene            - Added MainViewComponent
11:18:20.243 [JavaFX Application Thread] DEBUG GameScene            - Entity added to scene
11:18:20.243 [JavaFX Application Thread] DEBUG GameScene            - Added MainViewComponent
11:18:20.243 [JavaFX Application Thread] DEBUG GameScene            - Entity added to scene
11:18:20.243 [JavaFX Application Thread] DEBUG GameScene            - Added MainViewComponent
11:18:20.244 [JavaFX Application Thread] DEBUG GameScene            - Entity added to scene
11:18:20.244 [JavaFX Application Thread] DEBUG GameScene            - Added MainViewComponent
11:18:20.244 [JavaFX Application Thread] DEBUG GameScene            - Entity added to scene
11:18:20.244 [JavaFX Application Thread] DEBUG GameScene            - Added MainViewComponent
11:18:20.245 [JavaFX Application Thread] DEBUG GameScene            - Entity added to scene
11:18:20.245 [JavaFX Application Thread] DEBUG GameScene            - Added MainViewComponent
11:18:20.245 [JavaFX Application Thread] DEBUG GameScene            - Entity added to scene
11:18:20.245 [JavaFX Application Thread] DEBUG GameScene            - Added MainViewComponent
11:18:20.246 [JavaFX Application Thread] DEBUG GameScene            - Entity added to scene
11:18:20.246 [JavaFX Application Thread] DEBUG GameScene            - Added MainViewComponent
11:18:20.246 [JavaFX Application Thread] DEBUG GameScene            - Entity added to scene
11:18:20.246 [JavaFX Application Thread] DEBUG GameScene            - Added MainViewComponent
11:18:20.246 [JavaFX Application Thread] DEBUG GameScene            - Entity added to scene
11:18:20.246 [JavaFX Application Thread] DEBUG GameScene            - Added MainViewComponent
11:18:20.247 [JavaFX Application Thread] DEBUG GameScene            - Entity added to scene
11:18:20.247 [JavaFX Application Thread] DEBUG GameScene            - Added MainViewComponent
11:18:20.247 [JavaFX Application Thread] DEBUG GameScene            - Entity added to scene
11:18:20.247 [JavaFX Application Thread] DEBUG GameScene            - Added MainViewComponent
11:18:20.248 [JavaFX Application Thread] DEBUG GameScene            - Entity added to scene
11:18:20.248 [JavaFX Application Thread] DEBUG GameScene            - Added MainViewComponent
11:18:20.248 [JavaFX Application Thread] DEBUG GameScene            - Entity added to scene
11:18:20.248 [JavaFX Application Thread] DEBUG GameScene            - Added MainViewComponent
11:18:20.248 [JavaFX Application Thread] DEBUG GameScene            - Entity added to scene
11:18:20.248 [JavaFX Application Thread] DEBUG GameScene            - Added MainViewComponent
11:18:20.249 [JavaFX Application Thread] DEBUG GameScene            - Entity added to scene
11:18:20.249 [JavaFX Application Thread] DEBUG GameScene            - Added MainViewComponent
11:18:20.249 [JavaFX Application Thread] DEBUG GameScene            - Entity added to scene
11:18:20.249 [JavaFX Application Thread] DEBUG GameScene            - Added MainViewComponent
11:18:20.249 [JavaFX Application Thread] DEBUG GameScene            - Entity added to scene
11:18:20.249 [JavaFX Application Thread] DEBUG GameScene            - Added MainViewComponent
11:18:20.250 [JavaFX Application Thread] DEBUG GameScene            - Entity added to scene
11:18:20.250 [JavaFX Application Thread] DEBUG GameScene            - Added MainViewComponent
11:18:20.250 [JavaFX Application Thread] DEBUG GameScene            - Entity added to scene
11:18:20.250 [JavaFX Application Thread] DEBUG GameScene            - Added MainViewComponent
11:18:20.250 [JavaFX Application Thread] DEBUG GameScene            - Entity added to scene
11:18:20.250 [JavaFX Application Thread] DEBUG GameScene            - Added MainViewComponent
11:18:20.251 [JavaFX Application Thread] DEBUG GameScene            - Entity added to scene
11:18:20.251 [JavaFX Application Thread] DEBUG GameScene            - Added MainViewComponent
11:18:20.251 [JavaFX Application Thread] DEBUG GameScene            - Entity added to scene
11:18:20.251 [JavaFX Application Thread] DEBUG GameScene            - Added MainViewComponent
11:18:20.251 [JavaFX Application Thread] DEBUG GameScene            - Entity added to scene
11:18:20.252 [JavaFX Application Thread] DEBUG GameScene            - Added MainViewComponent
11:18:20.253 [JavaFX Application Thread] DEBUG GameScene            - Entity added to scene
11:18:20.254 [JavaFX Application Thread] DEBUG GameScene            - Added MainViewComponent
11:18:20.254 [JavaFX Application Thread] DEBUG GameScene            - Entity added to scene
11:18:20.254 [JavaFX Application Thread] DEBUG GameScene            - Added MainViewComponent
11:18:20.254 [JavaFX Application Thread] DEBUG GameScene            - Entity added to scene
11:18:20.254 [JavaFX Application Thread] DEBUG GameScene            - Added MainViewComponent
11:18:20.255 [JavaFX Application Thread] DEBUG GameScene            - Entity added to scene
11:18:20.255 [JavaFX Application Thread] DEBUG GameScene            - Added MainViewComponent
11:18:20.255 [JavaFX Application Thread] DEBUG GameScene            - Entity added to scene
11:18:20.255 [JavaFX Application Thread] DEBUG GameScene            - Added MainViewComponent
11:18:20.256 [JavaFX Application Thread] DEBUG GameScene            - Entity added to scene
11:18:20.256 [JavaFX Application Thread] DEBUG GameScene            - Added MainViewComponent
11:18:20.256 [JavaFX Application Thread] DEBUG GameScene            - Entity added to scene
11:18:20.256 [JavaFX Application Thread] DEBUG GameScene            - Added MainViewComponent
11:18:20.257 [JavaFX Application Thread] DEBUG GameScene            - Entity added to scene
11:18:20.257 [JavaFX Application Thread] DEBUG GameScene            - Added MainViewComponent
11:18:20.257 [JavaFX Application Thread] DEBUG GameScene            - Entity added to scene
11:18:20.257 [JavaFX Application Thread] DEBUG GameScene            - Added MainViewComponent
11:18:20.258 [JavaFX Application Thread] DEBUG GameScene            - Entity added to scene
11:18:20.258 [JavaFX Application Thread] DEBUG GameScene            - Added MainViewComponent
11:18:20.258 [JavaFX Application Thread] DEBUG GameScene            - Entity added to scene
11:18:20.258 [JavaFX Application Thread] DEBUG GameScene            - Added MainViewComponent
11:18:20.258 [JavaFX Application Thread] DEBUG GameScene            - Entity added to scene
11:18:20.258 [JavaFX Application Thread] DEBUG GameScene            - Added MainViewComponent
11:18:20.259 [JavaFX Application Thread] DEBUG GameScene            - Entity added to scene
11:18:20.259 [JavaFX Application Thread] DEBUG GameScene            - Added MainViewComponent
11:18:20.259 [JavaFX Application Thread] DEBUG GameScene            - Entity added to scene
11:18:20.259 [JavaFX Application Thread] DEBUG GameScene            - Added MainViewComponent
11:18:20.260 [JavaFX Application Thread] DEBUG GameScene            - Entity added to scene
11:18:20.260 [JavaFX Application Thread] DEBUG GameScene            - Added MainViewComponent
11:18:20.260 [JavaFX Application Thread] DEBUG GameScene            - Entity added to scene
11:18:20.261 [JavaFX Application Thread] DEBUG GameScene            - Added MainViewComponent
11:18:20.261 [JavaFX Application Thread] DEBUG GameScene            - Entity added to scene
11:18:20.261 [JavaFX Application Thread] DEBUG GameScene            - Added MainViewComponent
11:18:20.261 [JavaFX Application Thread] DEBUG GameScene            - Entity added to scene
11:18:20.261 [JavaFX Application Thread] DEBUG GameScene            - Added MainViewComponent
11:18:20.262 [JavaFX Application Thread] DEBUG GameScene            - Entity added to scene
11:18:20.262 [JavaFX Application Thread] DEBUG GameScene            - Added MainViewComponent
11:18:20.262 [JavaFX Application Thread] DEBUG GameScene            - Entity added to scene
11:18:20.262 [JavaFX Application Thread] DEBUG GameScene            - Added MainViewComponent
11:18:20.262 [JavaFX Application Thread] DEBUG GameScene            - Entity added to scene
11:18:20.262 [JavaFX Application Thread] DEBUG GameScene            - Added MainViewComponent
11:18:20.263 [JavaFX Application Thread] DEBUG GameScene            - Entity added to scene
11:18:20.263 [JavaFX Application Thread] DEBUG GameScene            - Added MainViewComponent
11:18:20.263 [JavaFX Application Thread] DEBUG GameScene            - Entity added to scene
11:18:20.263 [JavaFX Application Thread] DEBUG GameScene            - Added MainViewComponent
11:18:20.263 [JavaFX Application Thread] DEBUG GameScene            - Entity added to scene
11:18:20.263 [JavaFX Application Thread] DEBUG GameScene            - Added MainViewComponent
11:18:20.264 [JavaFX Application Thread] DEBUG GameScene            - Entity added to scene
11:18:20.264 [JavaFX Application Thread] DEBUG GameScene            - Added MainViewComponent
11:18:20.265 [JavaFX Application Thread] DEBUG GameScene            - Entity added to scene
11:18:20.265 [JavaFX Application Thread] DEBUG GameScene            - Added MainViewComponent
11:18:20.265 [JavaFX Application Thread] DEBUG GameScene            - Entity added to scene
11:18:20.265 [JavaFX Application Thread] DEBUG GameScene            - Added MainViewComponent
11:18:20.266 [JavaFX Application Thread] DEBUG GameScene            - Entity added to scene
11:18:20.266 [JavaFX Application Thread] DEBUG GameScene            - Added MainViewComponent
11:18:20.266 [JavaFX Application Thread] DEBUG GameScene            - Entity added to scene
11:18:20.266 [JavaFX Application Thread] DEBUG GameScene            - Added MainViewComponent
11:18:20.266 [JavaFX Application Thread] DEBUG GameScene            - Entity added to scene
11:18:20.266 [JavaFX Application Thread] DEBUG GameScene            - Added MainViewComponent
11:18:20.267 [JavaFX Application Thread] DEBUG GameScene            - Entity added to scene
11:18:20.267 [JavaFX Application Thread] DEBUG GameScene            - Added MainViewComponent
11:18:20.267 [JavaFX Application Thread] DEBUG GameScene            - Entity added to scene
11:18:20.267 [JavaFX Application Thread] DEBUG GameScene            - Added MainViewComponent
11:18:20.268 [JavaFX Application Thread] DEBUG GameScene            - Entity added to scene
11:18:20.268 [JavaFX Application Thread] DEBUG GameScene            - Added MainViewComponent
11:18:20.268 [JavaFX Application Thread] DEBUG GameScene            - Entity added to scene
11:18:20.268 [JavaFX Application Thread] DEBUG GameScene            - Added MainViewComponent
11:18:20.269 [JavaFX Application Thread] DEBUG GameScene            - Entity added to scene
11:18:20.269 [JavaFX Application Thread] DEBUG GameScene            - Added MainViewComponent
11:18:20.269 [JavaFX Application Thread] DEBUG GameScene            - Entity added to scene
11:18:20.269 [JavaFX Application Thread] DEBUG GameScene            - Added MainViewComponent
11:18:20.269 [JavaFX Application Thread] DEBUG GameScene            - Entity added to scene
11:18:20.269 [JavaFX Application Thread] DEBUG GameScene            - Added MainViewComponent
11:18:20.270 [JavaFX Application Thread] DEBUG GameScene            - Entity added to scene
11:18:20.270 [JavaFX Application Thread] DEBUG GameScene            - Added MainViewComponent
11:18:20.270 [JavaFX Application Thread] DEBUG GameScene            - Entity added to scene
11:18:20.270 [JavaFX Application Thread] DEBUG GameScene            - Added MainViewComponent
11:18:20.270 [JavaFX Application Thread] DEBUG GameScene            - Entity added to scene
11:18:20.270 [JavaFX Application Thread] DEBUG GameScene            - Added MainViewComponent
11:18:20.270 [JavaFX Application Thread] DEBUG GameScene            - Entity added to scene
11:18:20.271 [JavaFX Application Thread] DEBUG GameScene            - Added MainViewComponent
11:18:20.271 [JavaFX Application Thread] DEBUG GameScene            - Entity added to scene
11:18:20.271 [JavaFX Application Thread] DEBUG GameScene            - Added MainViewComponent
11:18:20.271 [JavaFX Application Thread] DEBUG GameScene            - Entity added to scene
11:18:20.271 [JavaFX Application Thread] DEBUG GameScene            - Added MainViewComponent
11:18:20.271 [JavaFX Application Thread] DEBUG GameScene            - Entity added to scene
11:18:20.271 [JavaFX Application Thread] DEBUG GameScene            - Added MainViewComponent
11:18:20.272 [JavaFX Application Thread] DEBUG GameScene            - Entity added to scene
11:18:20.272 [JavaFX Application Thread] DEBUG GameScene            - Added MainViewComponent
11:18:20.272 [JavaFX Application Thread] DEBUG GameScene            - Entity added to scene
11:18:20.272 [JavaFX Application Thread] DEBUG GameScene            - Added MainViewComponent
11:18:20.272 [JavaFX Application Thread] DEBUG GameScene            - Entity added to scene
11:18:20.272 [JavaFX Application Thread] DEBUG GameScene            - Added MainViewComponent
11:18:20.273 [JavaFX Application Thread] DEBUG GameScene            - Entity added to scene
11:18:20.273 [JavaFX Application Thread] DEBUG GameScene            - Added MainViewComponent
11:18:20.273 [JavaFX Application Thread] DEBUG GameScene            - Entity added to scene
11:18:20.273 [JavaFX Application Thread] DEBUG GameScene            - Added MainViewComponent
11:18:20.273 [JavaFX Application Thread] DEBUG GameScene            - Entity added to scene
11:18:20.273 [JavaFX Application Thread] DEBUG GameScene            - Added MainViewComponent
11:18:20.273 [JavaFX Application Thread] DEBUG GameScene            - Entity added to scene
11:18:20.273 [JavaFX Application Thread] DEBUG GameScene            - Added MainViewComponent
11:18:20.274 [JavaFX Application Thread] DEBUG GameScene            - Entity added to scene
11:18:20.274 [JavaFX Application Thread] DEBUG GameScene            - Added MainViewComponent
11:18:20.274 [JavaFX Application Thread] DEBUG GameScene            - Entity added to scene
11:18:20.274 [JavaFX Application Thread] DEBUG GameScene            - Added MainViewComponent
11:18:20.274 [JavaFX Application Thread] DEBUG GameScene            - Entity added to scene
11:18:20.274 [JavaFX Application Thread] DEBUG GameScene            - Added MainViewComponent
11:18:20.274 [JavaFX Application Thread] DEBUG GameScene            - Entity added to scene
11:18:20.274 [JavaFX Application Thread] DEBUG GameScene            - Added MainViewComponent
11:18:20.275 [JavaFX Application Thread] DEBUG GameScene            - Entity added to scene
11:18:20.275 [JavaFX Application Thread] DEBUG GameScene            - Added MainViewComponent
11:18:20.275 [JavaFX Application Thread] DEBUG GameScene            - Entity added to scene
11:18:20.275 [JavaFX Application Thread] DEBUG GameScene            - Added MainViewComponent
11:18:20.275 [JavaFX Application Thread] DEBUG GameScene            - Entity added to scene
11:18:20.275 [JavaFX Application Thread] DEBUG GameScene            - Added MainViewComponent
11:18:20.276 [JavaFX Application Thread] DEBUG GameScene            - Entity added to scene
11:18:20.276 [JavaFX Application Thread] DEBUG GameScene            - Added MainViewComponent
11:18:20.276 [JavaFX Application Thread] DEBUG GameScene            - Entity added to scene
11:18:20.276 [JavaFX Application Thread] DEBUG GameScene            - Added MainViewComponent
11:18:20.276 [JavaFX Application Thread] DEBUG GameScene            - Entity added to scene
11:18:20.276 [JavaFX Application Thread] DEBUG GameScene            - Added MainViewComponent
11:18:20.276 [JavaFX Application Thread] DEBUG GameScene            - Entity added to scene
11:18:20.277 [JavaFX Application Thread] DEBUG GameScene            - Added MainViewComponent
11:18:20.277 [JavaFX Application Thread] DEBUG GameScene            - Entity added to scene
11:18:20.277 [JavaFX Application Thread] DEBUG GameScene            - Added MainViewComponent
11:18:20.277 [JavaFX Application Thread] DEBUG GameScene            - Entity added to scene
11:18:20.277 [JavaFX Application Thread] DEBUG GameScene            - Added MainViewComponent
11:18:20.277 [JavaFX Application Thread] DEBUG GameScene            - Entity added to scene
11:18:20.277 [JavaFX Application Thread] DEBUG GameScene            - Added MainViewComponent
11:18:20.278 [JavaFX Application Thread] DEBUG GameScene            - Entity added to scene
11:18:20.278 [JavaFX Application Thread] DEBUG GameScene            - Added MainViewComponent
11:18:20.278 [JavaFX Application Thread] DEBUG GameScene            - Entity added to scene
11:18:20.278 [JavaFX Application Thread] DEBUG GameScene            - Added MainViewComponent
11:18:20.278 [JavaFX Application Thread] DEBUG GameScene            - Entity added to scene
11:18:20.278 [JavaFX Application Thread] DEBUG GameScene            - Added MainViewComponent
11:18:20.278 [JavaFX Application Thread] DEBUG GameScene            - Entity added to scene
11:18:20.278 [JavaFX Application Thread] DEBUG GameScene            - Added MainViewComponent
11:18:20.278 [JavaFX Application Thread] DEBUG GameScene            - Entity added to scene
11:18:20.279 [JavaFX Application Thread] DEBUG GameScene            - Added MainViewComponent
11:18:20.279 [JavaFX Application Thread] DEBUG GameScene            - Entity added to scene
11:18:20.279 [JavaFX Application Thread] DEBUG GameScene            - Added MainViewComponent
11:18:20.279 [JavaFX Application Thread] DEBUG GameScene            - Entity added to scene
11:18:20.279 [JavaFX Application Thread] DEBUG GameScene            - Added MainViewComponent
11:18:20.279 [JavaFX Application Thread] DEBUG GameScene            - Entity added to scene
11:18:20.279 [JavaFX Application Thread] DEBUG GameScene            - Added MainViewComponent
11:18:20.279 [JavaFX Application Thread] DEBUG GameScene            - Entity added to scene
11:18:20.279 [JavaFX Application Thread] DEBUG GameScene            - Added MainViewComponent
11:18:20.280 [JavaFX Application Thread] DEBUG GameScene            - Entity added to scene
11:18:20.280 [JavaFX Application Thread] DEBUG GameScene            - Added MainViewComponent
11:18:20.280 [JavaFX Application Thread] DEBUG GameScene            - Entity added to scene
11:18:20.280 [JavaFX Application Thread] DEBUG GameScene            - Added MainViewComponent
11:18:20.280 [JavaFX Application Thread] DEBUG GameScene            - Entity added to scene
11:18:20.280 [JavaFX Application Thread] DEBUG GameScene            - Added MainViewComponent
11:18:20.280 [JavaFX Application Thread] DEBUG GameScene            - Entity added to scene
11:18:20.280 [JavaFX Application Thread] DEBUG GameScene            - Added MainViewComponent
11:18:20.281 [JavaFX Application Thread] DEBUG GameScene            - Entity added to scene
11:18:20.281 [JavaFX Application Thread] DEBUG GameScene            - Added MainViewComponent
11:18:20.281 [JavaFX Application Thread] DEBUG GameScene            - Entity added to scene
11:18:20.281 [JavaFX Application Thread] DEBUG GameScene            - Added MainViewComponent
11:18:20.281 [JavaFX Application Thread] DEBUG GameScene            - Entity added to scene
11:18:20.281 [JavaFX Application Thread] DEBUG GameScene            - Added MainViewComponent
11:18:20.282 [JavaFX Application Thread] DEBUG GameScene            - Entity added to scene
11:18:20.282 [JavaFX Application Thread] DEBUG GameScene            - Added MainViewComponent
11:18:20.282 [JavaFX Application Thread] DEBUG GameScene            - Entity added to scene
11:18:20.282 [JavaFX Application Thread] DEBUG GameScene            - Added MainViewComponent
11:18:20.282 [JavaFX Application Thread] DEBUG GameScene            - Entity added to scene
11:18:20.282 [JavaFX Application Thread] DEBUG GameScene            - Added MainViewComponent
11:18:20.283 [JavaFX Application Thread] DEBUG GameScene            - Entity added to scene
11:18:20.283 [JavaFX Application Thread] DEBUG GameScene            - Added MainViewComponent
11:18:20.283 [JavaFX Application Thread] DEBUG GameScene            - Entity added to scene
11:18:20.283 [JavaFX Application Thread] DEBUG GameScene            - Added MainViewComponent
11:18:20.283 [JavaFX Application Thread] DEBUG GameScene            - Entity added to scene
11:18:20.283 [JavaFX Application Thread] DEBUG GameScene            - Added MainViewComponent
11:18:20.284 [JavaFX Application Thread] DEBUG GameScene            - Entity added to scene
11:18:20.284 [JavaFX Application Thread] DEBUG GameScene            - Added MainViewComponent
11:18:20.284 [JavaFX Application Thread] DEBUG GameScene            - Entity added to scene
11:18:20.284 [JavaFX Application Thread] DEBUG GameScene            - Added MainViewComponent
11:18:20.284 [JavaFX Application Thread] DEBUG GameScene            - Entity added to scene
11:18:20.284 [JavaFX Application Thread] DEBUG GameScene            - Added MainViewComponent
11:18:20.284 [JavaFX Application Thread] DEBUG GameScene            - Entity added to scene
11:18:20.285 [JavaFX Application Thread] DEBUG GameScene            - Added MainViewComponent
11:18:20.285 [JavaFX Application Thread] DEBUG GameScene            - Entity added to scene
11:18:20.285 [JavaFX Application Thread] DEBUG GameScene            - Added MainViewComponent
11:18:20.285 [JavaFX Application Thread] DEBUG GameScene            - Entity added to scene
11:18:20.285 [JavaFX Application Thread] DEBUG GameScene            - Added MainViewComponent
11:18:20.285 [JavaFX Application Thread] DEBUG GameScene            - Entity added to scene
11:18:20.286 [JavaFX Application Thread] DEBUG GameScene            - Added MainViewComponent
11:18:20.286 [JavaFX Application Thread] DEBUG GameScene            - Entity added to scene
11:18:20.286 [JavaFX Application Thread] DEBUG GameScene            - Added MainViewComponent
11:18:20.286 [JavaFX Application Thread] DEBUG GameScene            - Entity added to scene
11:18:20.286 [JavaFX Application Thread] DEBUG GameScene            - Added MainViewComponent
11:18:20.286 [JavaFX Application Thread] DEBUG GameScene            - Entity added to scene
11:18:20.286 [JavaFX Application Thread] DEBUG GameScene            - Added MainViewComponent
11:18:20.287 [JavaFX Application Thread] DEBUG GameScene            - Entity added to scene
11:18:20.287 [JavaFX Application Thread] DEBUG GameScene            - Added MainViewComponent
11:18:20.287 [JavaFX Application Thread] DEBUG GameScene            - Entity added to scene
11:18:20.287 [JavaFX Application Thread] DEBUG GameScene            - Added MainViewComponent
11:18:20.288 [JavaFX Application Thread] DEBUG GameScene            - Entity added to scene
11:18:20.288 [JavaFX Application Thread] DEBUG GameScene            - Added MainViewComponent
11:18:20.288 [JavaFX Application Thread] DEBUG GameScene            - Entity added to scene
11:18:20.288 [JavaFX Application Thread] DEBUG GameScene            - Added MainViewComponent
11:18:20.288 [JavaFX Application Thread] DEBUG GameScene            - Entity added to scene
11:18:20.288 [JavaFX Application Thread] DEBUG GameScene            - Added MainViewComponent
11:18:20.289 [JavaFX Application Thread] DEBUG GameScene            - Entity added to scene
11:18:20.289 [JavaFX Application Thread] DEBUG GameScene            - Added MainViewComponent
11:18:20.289 [JavaFX Application Thread] DEBUG GameScene            - Entity added to scene
11:18:20.289 [JavaFX Application Thread] DEBUG GameScene            - Added MainViewComponent
11:18:20.289 [JavaFX Application Thread] DEBUG GameScene            - Entity added to scene
11:18:20.289 [JavaFX Application Thread] DEBUG GameScene            - Added MainViewComponent
11:18:20.290 [JavaFX Application Thread] DEBUG GameScene            - Entity added to scene
11:18:20.290 [JavaFX Application Thread] DEBUG GameScene            - Added MainViewComponent
11:18:20.290 [JavaFX Application Thread] DEBUG GameScene            - Entity added to scene
11:18:20.290 [JavaFX Application Thread] DEBUG GameScene            - Added MainViewComponent
11:18:20.290 [JavaFX Application Thread] DEBUG GameScene            - Entity added to scene
11:18:20.291 [JavaFX Application Thread] DEBUG GameScene            - Added MainViewComponent
11:18:20.291 [JavaFX Application Thread] DEBUG GameScene            - Entity added to scene
11:18:20.291 [JavaFX Application Thread] DEBUG GameScene            - Added MainViewComponent
11:18:20.291 [JavaFX Application Thread] DEBUG GameScene            - Entity added to scene
11:18:20.291 [JavaFX Application Thread] DEBUG GameScene            - Added MainViewComponent
11:18:20.292 [JavaFX Application Thread] DEBUG GameScene            - Entity added to scene
11:18:20.292 [JavaFX Application Thread] DEBUG GameScene            - Added MainViewComponent
11:18:20.292 [JavaFX Application Thread] DEBUG GameScene            - Entity added to scene
11:18:20.292 [JavaFX Application Thread] DEBUG GameScene            - Added MainViewComponent
11:18:20.292 [JavaFX Application Thread] DEBUG GameScene            - Entity added to scene
11:18:20.292 [JavaFX Application Thread] DEBUG GameScene            - Added MainViewComponent
11:18:20.293 [JavaFX Application Thread] DEBUG GameScene            - Entity added to scene
11:18:20.293 [JavaFX Application Thread] DEBUG GameScene            - Added MainViewComponent
11:18:20.293 [JavaFX Application Thread] DEBUG GameScene            - Entity added to scene
11:18:20.293 [JavaFX Application Thread] DEBUG GameScene            - Added MainViewComponent
11:18:20.293 [JavaFX Application Thread] DEBUG GameScene            - Entity added to scene
11:18:20.294 [JavaFX Application Thread] DEBUG GameScene            - Added MainViewComponent
11:18:20.294 [JavaFX Application Thread] DEBUG GameScene            - Entity added to scene
11:18:20.294 [JavaFX Application Thread] DEBUG GameScene            - Added MainViewComponent
11:18:20.294 [JavaFX Application Thread] DEBUG GameScene            - Entity added to scene
11:18:20.294 [JavaFX Application Thread] DEBUG GameScene            - Added MainViewComponent
11:18:20.295 [JavaFX Application Thread] DEBUG GameScene            - Entity added to scene
11:18:20.295 [JavaFX Application Thread] DEBUG GameScene            - Added MainViewComponent
11:18:20.295 [JavaFX Application Thread] DEBUG GameScene            - Entity added to scene
11:18:20.295 [JavaFX Application Thread] DEBUG GameScene            - Added MainViewComponent
11:18:20.295 [JavaFX Application Thread] DEBUG GameScene            - Entity added to scene
11:18:20.295 [JavaFX Application Thread] DEBUG GameScene            - Added MainViewComponent
11:18:20.296 [JavaFX Application Thread] DEBUG GameScene            - Entity added to scene
11:18:20.296 [JavaFX Application Thread] DEBUG GameScene            - Added MainViewComponent
11:18:20.296 [JavaFX Application Thread] DEBUG GameScene            - Entity added to scene
11:18:20.296 [JavaFX Application Thread] DEBUG GameScene            - Added MainViewComponent
11:18:20.296 [JavaFX Application Thread] DEBUG GameScene            - Entity added to scene
11:18:20.296 [JavaFX Application Thread] DEBUG GameScene            - Added MainViewComponent
11:18:20.296 [JavaFX Application Thread] DEBUG GameScene            - Entity added to scene
11:18:20.297 [JavaFX Application Thread] DEBUG GameScene            - Added MainViewComponent
11:18:20.297 [JavaFX Application Thread] DEBUG GameScene            - Entity added to scene
11:18:20.297 [JavaFX Application Thread] DEBUG GameScene            - Added MainViewComponent
11:18:20.297 [JavaFX Application Thread] DEBUG GameScene            - Entity added to scene
11:18:20.297 [JavaFX Application Thread] DEBUG GameScene            - Added MainViewComponent
11:18:20.297 [JavaFX Application Thread] DEBUG GameScene            - Entity added to scene
11:18:20.297 [JavaFX Application Thread] DEBUG GameScene            - Added MainViewComponent
11:18:20.298 [JavaFX Application Thread] DEBUG GameScene            - Entity added to scene
11:18:20.298 [JavaFX Application Thread] DEBUG GameScene            - Added MainViewComponent
11:18:20.298 [JavaFX Application Thread] DEBUG GameScene            - Entity added to scene
11:18:20.298 [JavaFX Application Thread] DEBUG GameScene            - Added MainViewComponent
11:18:20.298 [JavaFX Application Thread] DEBUG GameScene            - Entity added to scene
11:18:20.298 [JavaFX Application Thread] DEBUG GameScene            - Added MainViewComponent
11:18:20.299 [JavaFX Application Thread] DEBUG GameScene            - Entity added to scene
11:18:20.299 [JavaFX Application Thread] DEBUG GameScene            - Added MainViewComponent
11:18:20.299 [JavaFX Application Thread] DEBUG GameScene            - Entity added to scene
11:18:20.299 [JavaFX Application Thread] DEBUG GameScene            - Added MainViewComponent
11:18:20.299 [JavaFX Application Thread] DEBUG GameScene            - Entity added to scene
11:18:20.299 [JavaFX Application Thread] DEBUG GameScene            - Added MainViewComponent
11:18:20.300 [JavaFX Application Thread] DEBUG GameScene            - Entity added to scene
11:18:20.300 [JavaFX Application Thread] DEBUG GameScene            - Added MainViewComponent
11:18:20.300 [JavaFX Application Thread] DEBUG GameScene            - Entity added to scene
11:18:20.300 [JavaFX Application Thread] DEBUG GameScene            - Added MainViewComponent
11:18:20.300 [JavaFX Application Thread] DEBUG GameScene            - Entity added to scene
11:18:20.300 [JavaFX Application Thread] DEBUG GameScene            - Added MainViewComponent
11:18:20.301 [JavaFX Application Thread] DEBUG GameScene            - Entity added to scene
11:18:20.301 [JavaFX Application Thread] DEBUG GameScene            - Added MainViewComponent
11:18:20.301 [JavaFX Application Thread] DEBUG GameScene            - Entity added to scene
11:18:20.301 [JavaFX Application Thread] DEBUG GameScene            - Added MainViewComponent
11:18:20.301 [JavaFX Application Thread] DEBUG GameScene            - Entity added to scene
11:18:20.301 [JavaFX Application Thread] DEBUG GameScene            - Added MainViewComponent
11:18:20.302 [JavaFX Application Thread] DEBUG GameScene            - Entity added to scene
11:18:20.302 [JavaFX Application Thread] DEBUG GameScene            - Added MainViewComponent
11:18:20.302 [JavaFX Application Thread] DEBUG GameScene            - Entity added to scene
11:18:20.302 [JavaFX Application Thread] DEBUG GameScene            - Added MainViewComponent
11:18:20.302 [JavaFX Application Thread] DEBUG GameScene            - Entity added to scene
11:18:20.302 [JavaFX Application Thread] DEBUG GameScene            - Added MainViewComponent
11:18:20.303 [JavaFX Application Thread] DEBUG GameScene            - Entity added to scene
11:18:20.303 [JavaFX Application Thread] DEBUG GameScene            - Added MainViewComponent
11:18:20.303 [JavaFX Application Thread] DEBUG GameScene            - Entity added to scene
11:18:20.303 [JavaFX Application Thread] DEBUG GameScene            - Added MainViewComponent
11:18:20.303 [JavaFX Application Thread] DEBUG GameScene            - Entity added to scene
11:18:20.303 [JavaFX Application Thread] DEBUG GameScene            - Added MainViewComponent
11:18:20.303 [JavaFX Application Thread] DEBUG GameScene            - Entity added to scene
11:18:20.304 [JavaFX Application Thread] DEBUG GameScene            - Added MainViewComponent
11:18:20.304 [JavaFX Application Thread] DEBUG GameScene            - Entity added to scene
11:18:20.304 [JavaFX Application Thread] DEBUG GameScene            - Added MainViewComponent
11:18:20.304 [JavaFX Application Thread] DEBUG GameScene            - Entity added to scene
11:18:20.304 [JavaFX Application Thread] DEBUG GameScene            - Added MainViewComponent
11:18:20.304 [JavaFX Application Thread] DEBUG GameScene            - Entity added to scene
11:18:20.304 [JavaFX Application Thread] DEBUG GameScene            - Added MainViewComponent
11:18:20.304 [JavaFX Application Thread] DEBUG GameScene            - Entity added to scene
11:18:20.304 [JavaFX Application Thread] DEBUG GameScene            - Added MainViewComponent
11:18:20.305 [JavaFX Application Thread] DEBUG GameScene            - Entity added to scene
11:18:20.305 [JavaFX Application Thread] DEBUG GameScene            - Added MainViewComponent
11:18:20.305 [JavaFX Application Thread] DEBUG GameScene            - Entity added to scene
11:18:20.305 [JavaFX Application Thread] DEBUG GameScene            - Added MainViewComponent
11:18:20.305 [JavaFX Application Thread] DEBUG GameScene            - Entity added to scene
11:18:20.305 [JavaFX Application Thread] DEBUG GameScene            - Added MainViewComponent
11:18:20.305 [JavaFX Application Thread] DEBUG GameScene            - Entity added to scene
11:18:20.305 [JavaFX Application Thread] DEBUG GameScene            - Added MainViewComponent
11:18:20.306 [JavaFX Application Thread] DEBUG GameScene            - Entity added to scene
11:18:20.306 [JavaFX Application Thread] DEBUG GameScene            - Added MainViewComponent
11:18:20.306 [JavaFX Application Thread] DEBUG GameScene            - Entity added to scene
11:18:20.306 [JavaFX Application Thread] DEBUG GameScene            - Added MainViewComponent
11:18:20.306 [JavaFX Application Thread] DEBUG GameScene            - Entity added to scene
11:18:20.306 [JavaFX Application Thread] DEBUG GameScene            - Added MainViewComponent
11:18:20.306 [JavaFX Application Thread] DEBUG GameScene            - Entity added to scene
11:18:20.306 [JavaFX Application Thread] DEBUG GameScene            - Added MainViewComponent
11:18:20.307 [JavaFX Application Thread] DEBUG GameScene            - Entity added to scene
11:18:20.307 [JavaFX Application Thread] DEBUG GameScene            - Added MainViewComponent
11:18:20.307 [JavaFX Application Thread] DEBUG GameScene            - Entity added to scene
11:18:20.307 [JavaFX Application Thread] DEBUG GameScene            - Added MainViewComponent
11:18:20.307 [JavaFX Application Thread] DEBUG GameScene            - Entity added to scene
11:18:20.307 [JavaFX Application Thread] DEBUG GameScene            - Added MainViewComponent
11:18:20.308 [JavaFX Application Thread] DEBUG GameScene            - Entity added to scene
11:18:20.308 [JavaFX Application Thread] DEBUG GameScene            - Added MainViewComponent
11:18:20.308 [JavaFX Application Thread] DEBUG GameScene            - Entity added to scene
11:18:20.308 [JavaFX Application Thread] DEBUG GameScene            - Added MainViewComponent
11:18:20.308 [JavaFX Application Thread] DEBUG GameScene            - Entity added to scene
11:18:20.308 [JavaFX Application Thread] DEBUG GameScene            - Added MainViewComponent
11:18:20.308 [JavaFX Application Thread] DEBUG GameScene            - Entity added to scene
11:18:20.308 [JavaFX Application Thread] DEBUG GameScene            - Added MainViewComponent
11:18:20.309 [JavaFX Application Thread] DEBUG GameScene            - Entity added to scene
11:18:20.309 [JavaFX Application Thread] DEBUG GameScene            - Added MainViewComponent
11:18:20.309 [JavaFX Application Thread] DEBUG GameScene            - Entity added to scene
11:18:20.309 [JavaFX Application Thread] DEBUG GameScene            - Added MainViewComponent
11:18:20.309 [JavaFX Application Thread] DEBUG GameScene            - Entity added to scene
11:18:20.309 [JavaFX Application Thread] DEBUG GameScene            - Added MainViewComponent
11:18:20.310 [JavaFX Application Thread] DEBUG GameScene            - Entity added to scene
11:18:20.310 [JavaFX Application Thread] DEBUG GameScene            - Added MainViewComponent
11:18:20.310 [JavaFX Application Thread] DEBUG GameScene            - Entity added to scene
11:18:20.310 [JavaFX Application Thread] DEBUG GameScene            - Added MainViewComponent
11:18:20.310 [JavaFX Application Thread] DEBUG GameScene            - Entity added to scene
11:18:20.310 [JavaFX Application Thread] DEBUG GameScene            - Added MainViewComponent
11:18:20.310 [JavaFX Application Thread] DEBUG GameScene            - Entity added to scene
11:18:20.310 [JavaFX Application Thread] DEBUG GameScene            - Added MainViewComponent
11:18:20.311 [JavaFX Application Thread] DEBUG GameScene            - Entity added to scene
11:18:20.311 [JavaFX Application Thread] DEBUG GameScene            - Added MainViewComponent
11:18:20.311 [JavaFX Application Thread] DEBUG GameScene            - Entity added to scene
11:18:20.311 [JavaFX Application Thread] DEBUG GameScene            - Added MainViewComponent
11:18:20.311 [JavaFX Application Thread] DEBUG GameScene            - Entity added to scene
11:18:20.311 [JavaFX Application Thread] DEBUG GameScene            - Added MainViewComponent
11:18:20.311 [JavaFX Application Thread] DEBUG GameScene            - Entity added to scene
11:18:20.311 [JavaFX Application Thread] DEBUG GameScene            - Added MainViewComponent
11:18:20.311 [JavaFX Application Thread] DEBUG GameScene            - Entity added to scene
11:18:20.311 [JavaFX Application Thread] DEBUG GameScene            - Added MainViewComponent
11:18:20.312 [JavaFX Application Thread] DEBUG GameScene            - Entity added to scene
11:18:20.312 [JavaFX Application Thread] DEBUG GameScene            - Added MainViewComponent
11:18:20.312 [JavaFX Application Thread] DEBUG GameScene            - Entity added to scene
11:18:20.312 [JavaFX Application Thread] DEBUG GameScene            - Added MainViewComponent
11:18:20.312 [JavaFX Application Thread] DEBUG GameScene            - Entity added to scene
11:18:20.312 [JavaFX Application Thread] DEBUG GameScene            - Added MainViewComponent
11:18:20.314 [JavaFX Application Thread] DEBUG GameScene            - Entity added to scene
11:18:20.314 [JavaFX Application Thread] DEBUG GameScene            - Added MainViewComponent
11:18:20.315 [JavaFX Application Thread] DEBUG GameScene            - Entity added to scene
11:18:20.315 [JavaFX Application Thread] DEBUG GameScene            - Added MainViewComponent
11:18:20.315 [JavaFX Application Thread] DEBUG GameScene            - Entity added to scene
11:18:20.315 [JavaFX Application Thread] DEBUG GameScene            - Added MainViewComponent
11:18:20.315 [JavaFX Application Thread] DEBUG GameScene            - Entity added to scene
11:18:20.315 [JavaFX Application Thread] DEBUG GameScene            - Added MainViewComponent
11:18:20.316 [JavaFX Application Thread] DEBUG GameScene            - Entity added to scene
11:18:20.316 [JavaFX Application Thread] DEBUG GameScene            - Added MainViewComponent
11:18:20.316 [JavaFX Application Thread] DEBUG GameScene            - Entity added to scene
11:18:20.316 [JavaFX Application Thread] DEBUG GameScene            - Added MainViewComponent
11:18:20.316 [JavaFX Application Thread] DEBUG GameScene            - Entity added to scene
11:18:20.317 [JavaFX Application Thread] DEBUG GameScene            - Added MainViewComponent
11:18:20.317 [JavaFX Application Thread] DEBUG GameScene            - Entity added to scene
11:18:20.317 [JavaFX Application Thread] DEBUG GameScene            - Added MainViewComponent
11:18:20.317 [JavaFX Application Thread] DEBUG GameScene            - Entity added to scene
11:18:20.317 [JavaFX Application Thread] DEBUG GameScene            - Added MainViewComponent
11:18:20.317 [JavaFX Application Thread] DEBUG GameScene            - Entity added to scene
11:18:20.317 [JavaFX Application Thread] DEBUG GameScene            - Added MainViewComponent
11:18:20.318 [JavaFX Application Thread] DEBUG GameScene            - Entity added to scene
11:18:20.318 [JavaFX Application Thread] DEBUG GameScene            - Added MainViewComponent
11:18:20.318 [JavaFX Application Thread] DEBUG GameScene            - Entity added to scene
11:18:20.318 [JavaFX Application Thread] DEBUG GameScene            - Added MainViewComponent
11:18:20.318 [JavaFX Application Thread] DEBUG GameScene            - Entity added to scene
11:18:20.318 [JavaFX Application Thread] DEBUG GameScene            - Added MainViewComponent
11:18:20.318 [JavaFX Application Thread] DEBUG GameScene            - Entity added to scene
11:18:20.319 [JavaFX Application Thread] DEBUG GameScene            - Added MainViewComponent
11:18:20.319 [JavaFX Application Thread] DEBUG GameScene            - Entity added to scene
11:18:20.319 [JavaFX Application Thread] DEBUG GameScene            - Added MainViewComponent
11:18:20.319 [JavaFX Application Thread] DEBUG GameScene            - Entity added to scene
11:18:20.319 [JavaFX Application Thread] DEBUG GameScene            - Added MainViewComponent
11:18:20.319 [JavaFX Application Thread] DEBUG GameScene            - Entity added to scene
11:18:20.319 [JavaFX Application Thread] DEBUG GameScene            - Added MainViewComponent
11:18:20.319 [JavaFX Application Thread] DEBUG GameScene            - Entity added to scene
11:18:20.320 [JavaFX Application Thread] DEBUG GameScene            - Added MainViewComponent
11:18:20.320 [JavaFX Application Thread] DEBUG GameScene            - Entity added to scene
11:18:20.320 [JavaFX Application Thread] DEBUG GameScene            - Added MainViewComponent
11:18:20.320 [JavaFX Application Thread] DEBUG GameScene            - Entity added to scene
11:18:20.320 [JavaFX Application Thread] DEBUG GameScene            - Added MainViewComponent
11:18:20.320 [JavaFX Application Thread] DEBUG GameScene            - Entity added to scene
11:18:20.320 [JavaFX Application Thread] DEBUG GameScene            - Added MainViewComponent
11:18:20.321 [JavaFX Application Thread] DEBUG GameScene            - Entity added to scene
11:18:20.321 [JavaFX Application Thread] DEBUG GameScene            - Added MainViewComponent
11:18:20.321 [JavaFX Application Thread] DEBUG GameScene            - Creating render group for layer: BACKGROUND(0)
11:18:20.324 [JavaFX Application Thread] FATAL FXGLExceptionHandler - Uncaught Exception:
11:18:20.326 [JavaFX Application Thread] FATAL FXGLExceptionHandler - 

Exception occurred: java.lang.NullPointerException : null
E: com.gamedesign.pacman.control.EnemyControl.updateTexture(EnemyControl.java:50)
E: com.gamedesign.pacman.control.EnemyControl.onUpdate(EnemyControl.java:38)
E: com.almasb.ents.Entity.update(Entity.java:545)
E: com.almasb.ents.EntityWorld.update(EntityWorld.java:263)
E: com.almasb.fxgl.gameplay.GameWorld.onUpdateEvent(GameWorld.java:88)
E: com.almasb.fxgl.time.FXGLMasterTimer.handle(FXGLMasterTimer.kt:143)
E: javafx.animation.AnimationTimer$AnimationTimerReceiver.lambda$handle$485(AnimationTimer.java:57)
E: java.security.AccessController.doPrivileged(Native Method)
E: javafx.animation.AnimationTimer$AnimationTimerReceiver.handle(AnimationTimer.java:56)
E: com.sun.scenario.animation.AbstractMasterTimer.timePulseImpl(AbstractMasterTimer.java:357)
E: com.sun.scenario.animation.AbstractMasterTimer$MainLoop.run(AbstractMasterTimer.java:267)
E: com.sun.javafx.tk.quantum.QuantumToolkit.pulse(QuantumToolkit.java:506)
E: com.sun.javafx.tk.quantum.QuantumToolkit.pulse(QuantumToolkit.java:490)
E: com.sun.javafx.tk.quantum.QuantumToolkit.lambda$runToolkit$405(QuantumToolkit.java:319)
E: com.sun.glass.ui.InvokeLaterDispatcher$Future.run(InvokeLaterDispatcher.java:95)
E: com.sun.glass.ui.win.WinApplication._runLoop(Native Method)
E: com.sun.glass.ui.win.WinApplication.lambda$null$149(WinApplication.java:191)
E: java.lang.Thread.run(Thread.java:745)

11:18:20.326 [JavaFX Application Thread] FATAL FXGLExceptionHandler - Application will now exit
11:18:20.326 [JavaFX Application Thread] DEBUG FXGLInput            - Clearing active input actions
11:18:20.326 [JavaFX Application Thread] DEBUG FXGLMasterTimer      - Stopping master timer
11:18:20.326 [JavaFX Application Thread] DEBUG GameApplication      - State: PLAYING -> PAUSED
11:18:20.327 [JavaFX Application Thread] DEBUG FXGLEventBus         - Firing event: FXGLEvent[type=PAUSE]
11:18:24.897 [JavaFX Application Thread] DEBUG FXGLEventBus         - Firing event: FXGLEvent[type=EXIT]
11:18:24.899 [JavaFX Application Thread] DEBUG FXGL                 - Saving FXGL system data
11:18:24.901 [JavaFX Application Thread] DEBUG IOTask               - Executing task: writeDataTask(system/fxgl.bundle)
11:18:24.904 [JavaFX Application Thread] DEBUG FS                   - Writing to: system\fxgl.bundle
11:18:24.907 [JavaFX Application Thread] DEBUG IOTask               - Task succeeded: writeDataTask(system/fxgl.bundle)
