11:31:38.691 [FXGL Launcher Thread     ] DEBUG FXGLLoggerFactory    - Service [LoggerFactory] initialized
11:31:38.699 [FXGL Launcher Thread     ] DEBUG FXGL                 - FXGL configuration complete
11:31:38.700 [FXGL Launcher Thread     ] DEBUG FXGL                 - Loading FXGL system data
11:31:38.706 [FXGL Launcher Thread     ] DEBUG IOTask               - Executing task: readDataTask(system/fxgl.bundle)
11:31:38.708 [FXGL Launcher Thread     ] DEBUG FS                   - Reading from: system\fxgl.bundle
11:31:38.717 [FXGL Launcher Thread     ] DEBUG IOTask               - Task succeeded: readDataTask(system/fxgl.bundle)
11:31:38.717 [FXGL Launcher Thread     ] DEBUG Bundle               - Logging bundle: FXGL
11:31:38.718 [FXGL Launcher Thread     ] DEBUG Bundle               - FXGL.offline.timer.version.check=2017-01-18T11:24:23.393
11:31:38.739 [JavaFX Application Thread] DEBUG UpdaterTask          - Checking for updates
11:31:38.824 [JavaFX Application Thread] DEBUG FXGLEventBus         - Service [EventBus] initialized
11:31:38.827 [JavaFX Application Thread] DEBUG FXGLExecutor         - Service [Executor] initialized
11:31:38.828 [JavaFX Application Thread] DEBUG IOTask               - Showing dialog
11:31:38.830 [FXGL Background Thread 1 ] DEBUG IOTask               - Executing task: openStream(https://raw.githubusercontent.com/AlmasB/FXGL/master/pom.xml)
11:31:38.831 [FXGL Background Thread 1 ] DEBUG IOTask               - Executing task: openStream(https://raw.githubusercontent.com/AlmasB/FXGL/master/pom.xml)
11:31:39.384 [JavaFX Application Thread] DEBUG IOTask               - fail(): Dismissing dialog
11:31:39.384 [JavaFX Application Thread] WARN  IOTask               - Task failed: openStream(https://raw.githubusercontent.com/AlmasB/FXGL/master/pom.xml) Error: javax.net.ssl.SSLHandshakeException: sun.security.validator.ValidatorException: PKIX path building failed: sun.security.provider.certpath.SunCertPathBuilderException: unable to find valid certification path to requested target
11:31:39.385 [JavaFX Application Thread] WARN  UpdaterTask          - Failed to find updates: javax.net.ssl.SSLHandshakeException: sun.security.validator.ValidatorException: PKIX path building failed: sun.security.provider.certpath.SunCertPathBuilderException: unable to find valid certification path to requested target
11:31:40.251 [FXGL Launcher Thread     ] DEBUG GameApplication      - Configuring GameApplication
11:31:40.258 [FXGL Launcher Thread     ] DEBUG FXGLExceptionHandler - Service [ExceptionHandler] initialized
11:31:40.258 [FXGL Launcher Thread     ] DEBUG PreInitTask          - Injecting gameWorld & physicsWorld
11:31:40.271 [FXGL Launcher Thread     ] DEBUG GameWorld            - Game world initialized
11:31:40.335 [FXGL Launcher Thread     ] DEBUG FXGLPooler           - Service [Pooler] initialized with default size = 128
11:31:40.336 [FXGL Launcher Thread     ] DEBUG PhysicsWorld         - Physics world initialized: appHeight=840.0, physics.ppm=50.0
11:31:40.338 [FXGL Launcher Thread     ] DEBUG FXGLInput            - Service [Input] initialized
11:31:40.363 [FXGL Launcher Thread     ] DEBUG FXGLInput            - Registered new binding: Screenshot - P
11:31:40.363 [FXGL Launcher Thread     ] DEBUG FXGLInput            - Registered new binding: Dev Options - CTRL+0
11:31:40.367 [FXGL Launcher Thread     ] DEBUG FXGLInput            - Registered new binding: Up - W
11:31:40.368 [FXGL Launcher Thread     ] DEBUG FXGLInput            - Registered new binding: Left - A
11:31:40.368 [FXGL Launcher Thread     ] DEBUG FXGLInput            - Registered new binding: Down - S
11:31:40.368 [FXGL Launcher Thread     ] DEBUG FXGLInput            - Registered new binding: Right - D
11:31:40.400 [FXGL Launcher Thread     ] DEBUG GameScene            - Game scene initialized: 960.0x840.0
11:31:40.404 [FXGL Launcher Thread     ] DEBUG FXGLAssetLoader      - Service [AssetLoader] initialized: cacheSize=35
11:31:40.406 [FXGL Launcher Thread     ] DEBUG FXGLAssetLoader      - Loading from disk: /assets/sounds/system/notification.wav
11:31:40.428 [FXGL Launcher Thread     ] DEBUG FXGLAssetLoader      - Loading from disk: /assets/sounds/menu/select.wav
11:31:40.431 [FXGL Launcher Thread     ] DEBUG FXGLAssetLoader      - Loading from disk: /assets/sounds/menu/back.wav
11:31:40.434 [FXGL Launcher Thread     ] DEBUG FXGLAssetLoader      - Loading from disk: /assets/sounds/menu/press.wav
11:31:40.437 [FXGL Launcher Thread     ] DEBUG FXGLAssetLoader      - Loading from disk: /assets/ui/fonts/Copperplate_Gothic_Light_Regular.ttf
11:31:40.442 [FXGL Launcher Thread     ] DEBUG FXGLAssetLoader      - Loading from disk: /assets/ui/css/fxgl.css
11:31:40.442 [FXGL Launcher Thread     ] DEBUG FXGLAssetLoader      - Loading from disk: /assets/ui/icons/fxgl_icon.png
11:31:40.470 [FXGL Launcher Thread     ] DEBUG FXGLAssetLoader      - Loading from disk: /assets/ui/css/fxgl_dark.css
11:31:40.479 [FXGL Launcher Thread     ] DEBUG FXGLDisplay          - Target size: DoubleProperty [value: 960.0] x DoubleProperty [value: 840.0] @ 1.0
11:31:40.479 [FXGL Launcher Thread     ] DEBUG FXGLDisplay          - New size:    960.0 x 840.0 @ DoubleProperty [value: 1.0]
11:31:40.480 [FXGL Launcher Thread     ] DEBUG FXGLDisplay          - Service [Display] initialized
11:31:40.480 [FXGL Launcher Thread     ] DEBUG FXGLDisplay          - Using CSS: CSS(externalForm=jar:file:/C:/Computer%20Science/Game%20Design/3rd/Pacman/lib/fxgl-0.2.9-uber.jar!/assets/ui/css/fxgl_dark.css)
11:31:40.481 [FXGL Launcher Thread     ] DEBUG InitScenesTask       - Injecting loadingScene & gameScene
11:31:40.503 [FXGL Launcher Thread     ] DEBUG FXGLMasterTimer      - Service [MasterTimer] initialized
11:31:40.506 [FXGL Launcher Thread     ] DEBUG FXGLAudioPlayer      - Service [AudioPlayer] initialized
11:31:40.514 [FXGL Launcher Thread     ] DEBUG GameApplication      - Starting new game
11:31:40.516 [FXGL Launcher Thread     ] DEBUG GameApplication      - Initializing App
11:31:40.518 [FXGL Launcher Thread     ] DEBUG FXGLInput            - Clearing active input actions
11:31:40.519 [FXGL Launcher Thread     ] DEBUG FXGLMasterTimer      - Stopping master timer
11:31:40.519 [FXGL Launcher Thread     ] DEBUG GameApplication      - State: STARTUP -> PAUSED
11:31:40.519 [FXGL Launcher Thread     ] DEBUG FXGLEventBus         - Firing event: FXGLEvent[type=PAUSE]
11:31:40.520 [FXGL Launcher Thread     ] DEBUG FXGLInput            - Clearing active input actions
11:31:40.520 [FXGL Launcher Thread     ] DEBUG FXGLMasterTimer      - Resetting ticks and clearing all actions
11:31:40.520 [FXGL Launcher Thread     ] DEBUG GameWorld            - Resetting game world
11:31:40.520 [FXGL Launcher Thread     ] TRACE EntityWorld          - Resetting entity world
11:31:40.522 [FXGL Launcher Thread     ] DEBUG PhysicsWorld         - Resetting physics world
11:31:40.522 [FXGL Launcher Thread     ] DEBUG GameScene            - Resetting game scene
11:31:40.522 [FXGL Launcher Thread     ] DEBUG FXGLEventBus         - Firing event: FXGLEvent[type=RESET]
11:31:40.599 [FXGL Launcher Thread     ] DEBUG GameApplication      - State: PAUSED -> LOADING
11:31:40.629 [FXGL Background Thread 1 ] DEBUG InitAppTask          - Initializing Assets
11:31:40.631 [FXGL Background Thread 1 ] DEBUG InitAppTask          - Initializing Game
11:31:40.636 [FXGL Background Thread 1 ] DEBUG FXGLAssetLoader      - Loading from disk: /assets/text/level.txt
11:31:40.714 [JavaFX Application Thread] DEBUG FXGLDisplay          - Showing stage
11:31:40.714 [JavaFX Application Thread] DEBUG FXGLDisplay          - Root size: 960.0x840.0
11:31:40.715 [JavaFX Application Thread] DEBUG FXGLDisplay          - Scene size: 960.0x840.0
11:31:40.715 [JavaFX Application Thread] DEBUG FXGLDisplay          - Stage size: 978.0x885.0
11:31:40.955 [FXGL Background Thread 1 ] DEBUG GameWorld            - Resetting game world
11:31:40.955 [FXGL Background Thread 1 ] TRACE EntityWorld          - Resetting entity world
11:31:40.955 [FXGL Background Thread 1 ] DEBUG PhysicsWorld         - Resetting physics world
11:31:40.955 [FXGL Background Thread 1 ] DEBUG GameScene            - Resetting game scene
11:31:40.955 [FXGL Background Thread 1 ] DEBUG GameWorld            - Setting level: com.almasb.fxgl.gameplay.Level@3d16386a
11:31:40.957 [FXGL Background Thread 1 ] DEBUG InitAppTask          - Initializing Physics
11:31:40.958 [FXGL Background Thread 1 ] DEBUG InitAppTask          - Initializing UI
11:31:40.959 [FXGL Background Thread 1 ] DEBUG FXGLAssetLoader      - Loading from disk: /assets/ui/pacman_ui.fxml
11:31:41.026 [FXGL Background Thread 1 ] DEBUG GameScene            - Adding UI node: Pane@55b1d119
11:31:41.026 [FXGL Background Thread 1 ] DEBUG InitAppTask          - Initialization Complete
11:31:41.029 [JavaFX Application Thread] DEBUG FXGLInput            - Clearing active input actions
11:31:41.030 [JavaFX Application Thread] DEBUG FXGLMasterTimer      - Starting master timer
11:31:41.030 [JavaFX Application Thread] DEBUG GameApplication      - State: LOADING -> PLAYING
11:31:41.046 [JavaFX Application Thread] DEBUG FXGLEventBus         - Firing event: FXGLEvent[type=RESUME]
11:31:41.056 [JavaFX Application Thread] DEBUG GameScene            - Entity added to scene
11:31:41.057 [JavaFX Application Thread] DEBUG GameScene            - Added MainViewComponent
11:31:41.061 [JavaFX Application Thread] DEBUG GameScene            - Creating render group for layer: PLAYGROUND(1073741823)
11:31:41.068 [JavaFX Application Thread] DEBUG GameScene            - Entity added to scene
11:31:41.068 [JavaFX Application Thread] DEBUG GameScene            - Added MainViewComponent
11:31:41.069 [JavaFX Application Thread] DEBUG GameScene            - Entity added to scene
11:31:41.069 [JavaFX Application Thread] DEBUG GameScene            - Added MainViewComponent
11:31:41.070 [JavaFX Application Thread] DEBUG GameScene            - Entity added to scene
11:31:41.070 [JavaFX Application Thread] DEBUG GameScene            - Added MainViewComponent
11:31:41.071 [JavaFX Application Thread] DEBUG GameScene            - Entity added to scene
11:31:41.071 [JavaFX Application Thread] DEBUG GameScene            - Added MainViewComponent
11:31:41.071 [JavaFX Application Thread] DEBUG GameScene            - Entity added to scene
11:31:41.072 [JavaFX Application Thread] DEBUG GameScene            - Added MainViewComponent
11:31:41.072 [JavaFX Application Thread] DEBUG GameScene            - Entity added to scene
11:31:41.072 [JavaFX Application Thread] DEBUG GameScene            - Added MainViewComponent
11:31:41.073 [JavaFX Application Thread] DEBUG GameScene            - Entity added to scene
11:31:41.073 [JavaFX Application Thread] DEBUG GameScene            - Added MainViewComponent
11:31:41.073 [JavaFX Application Thread] DEBUG GameScene            - Entity added to scene
11:31:41.073 [JavaFX Application Thread] DEBUG GameScene            - Added MainViewComponent
11:31:41.074 [JavaFX Application Thread] DEBUG GameScene            - Entity added to scene
11:31:41.074 [JavaFX Application Thread] DEBUG GameScene            - Added MainViewComponent
11:31:41.074 [JavaFX Application Thread] DEBUG GameScene            - Entity added to scene
11:31:41.075 [JavaFX Application Thread] DEBUG GameScene            - Added MainViewComponent
11:31:41.075 [JavaFX Application Thread] DEBUG GameScene            - Entity added to scene
11:31:41.075 [JavaFX Application Thread] DEBUG GameScene            - Added MainViewComponent
11:31:41.076 [JavaFX Application Thread] DEBUG GameScene            - Entity added to scene
11:31:41.076 [JavaFX Application Thread] DEBUG GameScene            - Added MainViewComponent
11:31:41.076 [JavaFX Application Thread] DEBUG GameScene            - Entity added to scene
11:31:41.076 [JavaFX Application Thread] DEBUG GameScene            - Added MainViewComponent
11:31:41.077 [JavaFX Application Thread] DEBUG GameScene            - Entity added to scene
11:31:41.077 [JavaFX Application Thread] DEBUG GameScene            - Added MainViewComponent
11:31:41.078 [JavaFX Application Thread] DEBUG GameScene            - Entity added to scene
11:31:41.078 [JavaFX Application Thread] DEBUG GameScene            - Added MainViewComponent
11:31:41.078 [JavaFX Application Thread] DEBUG GameScene            - Entity added to scene
11:31:41.078 [JavaFX Application Thread] DEBUG GameScene            - Added MainViewComponent
11:31:41.079 [JavaFX Application Thread] DEBUG GameScene            - Entity added to scene
11:31:41.079 [JavaFX Application Thread] DEBUG GameScene            - Added MainViewComponent
11:31:41.080 [JavaFX Application Thread] DEBUG GameScene            - Entity added to scene
11:31:41.080 [JavaFX Application Thread] DEBUG GameScene            - Added MainViewComponent
11:31:41.081 [JavaFX Application Thread] DEBUG GameScene            - Entity added to scene
11:31:41.081 [JavaFX Application Thread] DEBUG GameScene            - Added MainViewComponent
11:31:41.082 [JavaFX Application Thread] DEBUG GameScene            - Entity added to scene
11:31:41.082 [JavaFX Application Thread] DEBUG GameScene            - Added MainViewComponent
11:31:41.083 [JavaFX Application Thread] DEBUG GameScene            - Entity added to scene
11:31:41.083 [JavaFX Application Thread] DEBUG GameScene            - Added MainViewComponent
11:31:41.084 [JavaFX Application Thread] DEBUG GameScene            - Entity added to scene
11:31:41.084 [JavaFX Application Thread] DEBUG GameScene            - Added MainViewComponent
11:31:41.084 [JavaFX Application Thread] DEBUG GameScene            - Entity added to scene
11:31:41.084 [JavaFX Application Thread] DEBUG GameScene            - Added MainViewComponent
11:31:41.085 [JavaFX Application Thread] DEBUG GameScene            - Entity added to scene
11:31:41.085 [JavaFX Application Thread] DEBUG GameScene            - Added MainViewComponent
11:31:41.085 [JavaFX Application Thread] DEBUG GameScene            - Entity added to scene
11:31:41.085 [JavaFX Application Thread] DEBUG GameScene            - Added MainViewComponent
11:31:41.087 [JavaFX Application Thread] DEBUG GameScene            - Entity added to scene
11:31:41.088 [JavaFX Application Thread] DEBUG GameScene            - Added MainViewComponent
11:31:41.088 [JavaFX Application Thread] DEBUG GameScene            - Entity added to scene
11:31:41.088 [JavaFX Application Thread] DEBUG GameScene            - Added MainViewComponent
11:31:41.089 [JavaFX Application Thread] DEBUG GameScene            - Entity added to scene
11:31:41.089 [JavaFX Application Thread] DEBUG GameScene            - Added MainViewComponent
11:31:41.089 [JavaFX Application Thread] DEBUG GameScene            - Entity added to scene
11:31:41.089 [JavaFX Application Thread] DEBUG GameScene            - Added MainViewComponent
11:31:41.090 [JavaFX Application Thread] DEBUG GameScene            - Entity added to scene
11:31:41.090 [JavaFX Application Thread] DEBUG GameScene            - Added MainViewComponent
11:31:41.090 [JavaFX Application Thread] DEBUG GameScene            - Entity added to scene
11:31:41.090 [JavaFX Application Thread] DEBUG GameScene            - Added MainViewComponent
11:31:41.091 [JavaFX Application Thread] DEBUG GameScene            - Entity added to scene
11:31:41.091 [JavaFX Application Thread] DEBUG GameScene            - Added MainViewComponent
11:31:41.091 [JavaFX Application Thread] DEBUG GameScene            - Entity added to scene
11:31:41.091 [JavaFX Application Thread] DEBUG GameScene            - Added MainViewComponent
11:31:41.092 [JavaFX Application Thread] DEBUG GameScene            - Entity added to scene
11:31:41.092 [JavaFX Application Thread] DEBUG GameScene            - Added MainViewComponent
11:31:41.092 [JavaFX Application Thread] DEBUG GameScene            - Entity added to scene
11:31:41.092 [JavaFX Application Thread] DEBUG GameScene            - Added MainViewComponent
11:31:41.092 [JavaFX Application Thread] DEBUG GameScene            - Entity added to scene
11:31:41.092 [JavaFX Application Thread] DEBUG GameScene            - Added MainViewComponent
11:31:41.093 [JavaFX Application Thread] DEBUG GameScene            - Entity added to scene
11:31:41.093 [JavaFX Application Thread] DEBUG GameScene            - Added MainViewComponent
11:31:41.093 [JavaFX Application Thread] DEBUG GameScene            - Entity added to scene
11:31:41.093 [JavaFX Application Thread] DEBUG GameScene            - Added MainViewComponent
11:31:41.094 [JavaFX Application Thread] DEBUG GameScene            - Entity added to scene
11:31:41.094 [JavaFX Application Thread] DEBUG GameScene            - Added MainViewComponent
11:31:41.094 [JavaFX Application Thread] DEBUG GameScene            - Entity added to scene
11:31:41.094 [JavaFX Application Thread] DEBUG GameScene            - Added MainViewComponent
11:31:41.094 [JavaFX Application Thread] DEBUG GameScene            - Entity added to scene
11:31:41.095 [JavaFX Application Thread] DEBUG GameScene            - Added MainViewComponent
11:31:41.095 [JavaFX Application Thread] DEBUG GameScene            - Entity added to scene
11:31:41.096 [JavaFX Application Thread] DEBUG GameScene            - Added MainViewComponent
11:31:41.096 [JavaFX Application Thread] DEBUG GameScene            - Entity added to scene
11:31:41.096 [JavaFX Application Thread] DEBUG GameScene            - Added MainViewComponent
11:31:41.097 [JavaFX Application Thread] DEBUG GameScene            - Entity added to scene
11:31:41.097 [JavaFX Application Thread] DEBUG GameScene            - Added MainViewComponent
11:31:41.097 [JavaFX Application Thread] DEBUG GameScene            - Entity added to scene
11:31:41.097 [JavaFX Application Thread] DEBUG GameScene            - Added MainViewComponent
11:31:41.098 [JavaFX Application Thread] DEBUG GameScene            - Entity added to scene
11:31:41.098 [JavaFX Application Thread] DEBUG GameScene            - Added MainViewComponent
11:31:41.098 [JavaFX Application Thread] DEBUG GameScene            - Entity added to scene
11:31:41.098 [JavaFX Application Thread] DEBUG GameScene            - Added MainViewComponent
11:31:41.098 [JavaFX Application Thread] DEBUG GameScene            - Entity added to scene
11:31:41.098 [JavaFX Application Thread] DEBUG GameScene            - Added MainViewComponent
11:31:41.099 [JavaFX Application Thread] DEBUG GameScene            - Entity added to scene
11:31:41.099 [JavaFX Application Thread] DEBUG GameScene            - Added MainViewComponent
11:31:41.099 [JavaFX Application Thread] DEBUG GameScene            - Entity added to scene
11:31:41.100 [JavaFX Application Thread] DEBUG GameScene            - Added MainViewComponent
11:31:41.100 [JavaFX Application Thread] DEBUG GameScene            - Entity added to scene
11:31:41.100 [JavaFX Application Thread] DEBUG GameScene            - Added MainViewComponent
11:31:41.100 [JavaFX Application Thread] DEBUG GameScene            - Entity added to scene
11:31:41.100 [JavaFX Application Thread] DEBUG GameScene            - Added MainViewComponent
11:31:41.100 [JavaFX Application Thread] DEBUG GameScene            - Entity added to scene
11:31:41.101 [JavaFX Application Thread] DEBUG GameScene            - Added MainViewComponent
11:31:41.101 [JavaFX Application Thread] DEBUG GameScene            - Entity added to scene
11:31:41.101 [JavaFX Application Thread] DEBUG GameScene            - Added MainViewComponent
11:31:41.101 [JavaFX Application Thread] DEBUG GameScene            - Entity added to scene
11:31:41.101 [JavaFX Application Thread] DEBUG GameScene            - Added MainViewComponent
11:31:41.102 [JavaFX Application Thread] DEBUG GameScene            - Entity added to scene
11:31:41.102 [JavaFX Application Thread] DEBUG GameScene            - Added MainViewComponent
11:31:41.102 [JavaFX Application Thread] DEBUG GameScene            - Entity added to scene
11:31:41.102 [JavaFX Application Thread] DEBUG GameScene            - Added MainViewComponent
11:31:41.103 [JavaFX Application Thread] DEBUG GameScene            - Entity added to scene
11:31:41.103 [JavaFX Application Thread] DEBUG GameScene            - Added MainViewComponent
11:31:41.104 [JavaFX Application Thread] DEBUG GameScene            - Entity added to scene
11:31:41.104 [JavaFX Application Thread] DEBUG GameScene            - Added MainViewComponent
11:31:41.104 [JavaFX Application Thread] DEBUG GameScene            - Entity added to scene
11:31:41.104 [JavaFX Application Thread] DEBUG GameScene            - Added MainViewComponent
11:31:41.105 [JavaFX Application Thread] DEBUG GameScene            - Entity added to scene
11:31:41.105 [JavaFX Application Thread] DEBUG GameScene            - Added MainViewComponent
11:31:41.105 [JavaFX Application Thread] DEBUG GameScene            - Entity added to scene
11:31:41.106 [JavaFX Application Thread] DEBUG GameScene            - Added MainViewComponent
11:31:41.106 [JavaFX Application Thread] DEBUG GameScene            - Entity added to scene
11:31:41.106 [JavaFX Application Thread] DEBUG GameScene            - Added MainViewComponent
11:31:41.107 [JavaFX Application Thread] DEBUG GameScene            - Entity added to scene
11:31:41.107 [JavaFX Application Thread] DEBUG GameScene            - Added MainViewComponent
11:31:41.107 [JavaFX Application Thread] DEBUG GameScene            - Entity added to scene
11:31:41.107 [JavaFX Application Thread] DEBUG GameScene            - Added MainViewComponent
11:31:41.108 [JavaFX Application Thread] DEBUG GameScene            - Entity added to scene
11:31:41.108 [JavaFX Application Thread] DEBUG GameScene            - Added MainViewComponent
11:31:41.108 [JavaFX Application Thread] DEBUG GameScene            - Entity added to scene
11:31:41.108 [JavaFX Application Thread] DEBUG GameScene            - Added MainViewComponent
11:31:41.109 [JavaFX Application Thread] DEBUG GameScene            - Entity added to scene
11:31:41.110 [JavaFX Application Thread] DEBUG GameScene            - Added MainViewComponent
11:31:41.110 [JavaFX Application Thread] DEBUG GameScene            - Entity added to scene
11:31:41.110 [JavaFX Application Thread] DEBUG GameScene            - Added MainViewComponent
11:31:41.110 [JavaFX Application Thread] DEBUG GameScene            - Entity added to scene
11:31:41.110 [JavaFX Application Thread] DEBUG GameScene            - Added MainViewComponent
11:31:41.111 [JavaFX Application Thread] DEBUG GameScene            - Entity added to scene
11:31:41.111 [JavaFX Application Thread] DEBUG GameScene            - Added MainViewComponent
11:31:41.111 [JavaFX Application Thread] DEBUG GameScene            - Entity added to scene
11:31:41.111 [JavaFX Application Thread] DEBUG GameScene            - Added MainViewComponent
11:31:41.111 [JavaFX Application Thread] DEBUG GameScene            - Entity added to scene
11:31:41.112 [JavaFX Application Thread] DEBUG GameScene            - Added MainViewComponent
11:31:41.112 [JavaFX Application Thread] DEBUG GameScene            - Entity added to scene
11:31:41.112 [JavaFX Application Thread] DEBUG GameScene            - Added MainViewComponent
11:31:41.112 [JavaFX Application Thread] DEBUG GameScene            - Entity added to scene
11:31:41.112 [JavaFX Application Thread] DEBUG GameScene            - Added MainViewComponent
11:31:41.113 [JavaFX Application Thread] DEBUG GameScene            - Entity added to scene
11:31:41.113 [JavaFX Application Thread] DEBUG GameScene            - Added MainViewComponent
11:31:41.113 [JavaFX Application Thread] DEBUG GameScene            - Entity added to scene
11:31:41.113 [JavaFX Application Thread] DEBUG GameScene            - Added MainViewComponent
11:31:41.113 [JavaFX Application Thread] DEBUG GameScene            - Entity added to scene
11:31:41.113 [JavaFX Application Thread] DEBUG GameScene            - Added MainViewComponent
11:31:41.114 [JavaFX Application Thread] DEBUG GameScene            - Entity added to scene
11:31:41.114 [JavaFX Application Thread] DEBUG GameScene            - Added MainViewComponent
11:31:41.115 [JavaFX Application Thread] DEBUG GameScene            - Entity added to scene
11:31:41.115 [JavaFX Application Thread] DEBUG GameScene            - Added MainViewComponent
11:31:41.115 [JavaFX Application Thread] DEBUG GameScene            - Entity added to scene
11:31:41.115 [JavaFX Application Thread] DEBUG GameScene            - Added MainViewComponent
11:31:41.116 [JavaFX Application Thread] DEBUG GameScene            - Entity added to scene
11:31:41.116 [JavaFX Application Thread] DEBUG GameScene            - Added MainViewComponent
11:31:41.116 [JavaFX Application Thread] DEBUG GameScene            - Entity added to scene
11:31:41.116 [JavaFX Application Thread] DEBUG GameScene            - Added MainViewComponent
11:31:41.117 [JavaFX Application Thread] DEBUG GameScene            - Entity added to scene
11:31:41.117 [JavaFX Application Thread] DEBUG GameScene            - Added MainViewComponent
11:31:41.117 [JavaFX Application Thread] DEBUG GameScene            - Entity added to scene
11:31:41.117 [JavaFX Application Thread] DEBUG GameScene            - Added MainViewComponent
11:31:41.118 [JavaFX Application Thread] DEBUG GameScene            - Entity added to scene
11:31:41.118 [JavaFX Application Thread] DEBUG GameScene            - Added MainViewComponent
11:31:41.118 [JavaFX Application Thread] DEBUG GameScene            - Entity added to scene
11:31:41.119 [JavaFX Application Thread] DEBUG GameScene            - Added MainViewComponent
11:31:41.119 [JavaFX Application Thread] DEBUG GameScene            - Entity added to scene
11:31:41.119 [JavaFX Application Thread] DEBUG GameScene            - Added MainViewComponent
11:31:41.120 [JavaFX Application Thread] DEBUG GameScene            - Entity added to scene
11:31:41.120 [JavaFX Application Thread] DEBUG GameScene            - Added MainViewComponent
11:31:41.120 [JavaFX Application Thread] DEBUG GameScene            - Entity added to scene
11:31:41.121 [JavaFX Application Thread] DEBUG GameScene            - Added MainViewComponent
11:31:41.121 [JavaFX Application Thread] DEBUG GameScene            - Entity added to scene
11:31:41.121 [JavaFX Application Thread] DEBUG GameScene            - Added MainViewComponent
11:31:41.122 [JavaFX Application Thread] DEBUG GameScene            - Entity added to scene
11:31:41.122 [JavaFX Application Thread] DEBUG GameScene            - Added MainViewComponent
11:31:41.122 [JavaFX Application Thread] DEBUG GameScene            - Entity added to scene
11:31:41.122 [JavaFX Application Thread] DEBUG GameScene            - Added MainViewComponent
11:31:41.122 [JavaFX Application Thread] DEBUG GameScene            - Entity added to scene
11:31:41.122 [JavaFX Application Thread] DEBUG GameScene            - Added MainViewComponent
11:31:41.123 [JavaFX Application Thread] DEBUG GameScene            - Entity added to scene
11:31:41.123 [JavaFX Application Thread] DEBUG GameScene            - Added MainViewComponent
11:31:41.123 [JavaFX Application Thread] DEBUG GameScene            - Entity added to scene
11:31:41.123 [JavaFX Application Thread] DEBUG GameScene            - Added MainViewComponent
11:31:41.124 [JavaFX Application Thread] DEBUG GameScene            - Entity added to scene
11:31:41.124 [JavaFX Application Thread] DEBUG GameScene            - Added MainViewComponent
11:31:41.124 [JavaFX Application Thread] DEBUG GameScene            - Entity added to scene
11:31:41.124 [JavaFX Application Thread] DEBUG GameScene            - Added MainViewComponent
11:31:41.124 [JavaFX Application Thread] DEBUG GameScene            - Entity added to scene
11:31:41.125 [JavaFX Application Thread] DEBUG GameScene            - Added MainViewComponent
11:31:41.125 [JavaFX Application Thread] DEBUG GameScene            - Entity added to scene
11:31:41.125 [JavaFX Application Thread] DEBUG GameScene            - Added MainViewComponent
11:31:41.125 [JavaFX Application Thread] DEBUG GameScene            - Entity added to scene
11:31:41.125 [JavaFX Application Thread] DEBUG GameScene            - Added MainViewComponent
11:31:41.125 [JavaFX Application Thread] DEBUG GameScene            - Entity added to scene
11:31:41.125 [JavaFX Application Thread] DEBUG GameScene            - Added MainViewComponent
11:31:41.126 [JavaFX Application Thread] DEBUG GameScene            - Entity added to scene
11:31:41.126 [JavaFX Application Thread] DEBUG GameScene            - Added MainViewComponent
11:31:41.126 [JavaFX Application Thread] DEBUG GameScene            - Entity added to scene
11:31:41.126 [JavaFX Application Thread] DEBUG GameScene            - Added MainViewComponent
11:31:41.126 [JavaFX Application Thread] DEBUG GameScene            - Entity added to scene
11:31:41.127 [JavaFX Application Thread] DEBUG GameScene            - Added MainViewComponent
11:31:41.127 [JavaFX Application Thread] DEBUG GameScene            - Entity added to scene
11:31:41.127 [JavaFX Application Thread] DEBUG GameScene            - Added MainViewComponent
11:31:41.127 [JavaFX Application Thread] DEBUG GameScene            - Entity added to scene
11:31:41.127 [JavaFX Application Thread] DEBUG GameScene            - Added MainViewComponent
11:31:41.128 [JavaFX Application Thread] DEBUG GameScene            - Entity added to scene
11:31:41.128 [JavaFX Application Thread] DEBUG GameScene            - Added MainViewComponent
11:31:41.128 [JavaFX Application Thread] DEBUG GameScene            - Entity added to scene
11:31:41.128 [JavaFX Application Thread] DEBUG GameScene            - Added MainViewComponent
11:31:41.129 [JavaFX Application Thread] DEBUG GameScene            - Entity added to scene
11:31:41.129 [JavaFX Application Thread] DEBUG GameScene            - Added MainViewComponent
11:31:41.129 [JavaFX Application Thread] DEBUG GameScene            - Entity added to scene
11:31:41.129 [JavaFX Application Thread] DEBUG GameScene            - Added MainViewComponent
11:31:41.129 [JavaFX Application Thread] DEBUG GameScene            - Entity added to scene
11:31:41.130 [JavaFX Application Thread] DEBUG GameScene            - Added MainViewComponent
11:31:41.130 [JavaFX Application Thread] DEBUG GameScene            - Entity added to scene
11:31:41.130 [JavaFX Application Thread] DEBUG GameScene            - Added MainViewComponent
11:31:41.130 [JavaFX Application Thread] DEBUG GameScene            - Entity added to scene
11:31:41.130 [JavaFX Application Thread] DEBUG GameScene            - Added MainViewComponent
11:31:41.131 [JavaFX Application Thread] DEBUG GameScene            - Entity added to scene
11:31:41.131 [JavaFX Application Thread] DEBUG GameScene            - Added MainViewComponent
11:31:41.131 [JavaFX Application Thread] DEBUG GameScene            - Entity added to scene
11:31:41.131 [JavaFX Application Thread] DEBUG GameScene            - Added MainViewComponent
11:31:41.132 [JavaFX Application Thread] DEBUG GameScene            - Entity added to scene
11:31:41.132 [JavaFX Application Thread] DEBUG GameScene            - Added MainViewComponent
11:31:41.132 [JavaFX Application Thread] DEBUG GameScene            - Entity added to scene
11:31:41.132 [JavaFX Application Thread] DEBUG GameScene            - Added MainViewComponent
11:31:41.132 [JavaFX Application Thread] DEBUG GameScene            - Entity added to scene
11:31:41.132 [JavaFX Application Thread] DEBUG GameScene            - Added MainViewComponent
11:31:41.132 [JavaFX Application Thread] DEBUG GameScene            - Entity added to scene
11:31:41.132 [JavaFX Application Thread] DEBUG GameScene            - Added MainViewComponent
11:31:41.133 [JavaFX Application Thread] DEBUG GameScene            - Entity added to scene
11:31:41.133 [JavaFX Application Thread] DEBUG GameScene            - Added MainViewComponent
11:31:41.133 [JavaFX Application Thread] DEBUG GameScene            - Entity added to scene
11:31:41.133 [JavaFX Application Thread] DEBUG GameScene            - Added MainViewComponent
11:31:41.133 [JavaFX Application Thread] DEBUG GameScene            - Entity added to scene
11:31:41.134 [JavaFX Application Thread] DEBUG GameScene            - Added MainViewComponent
11:31:41.134 [JavaFX Application Thread] DEBUG GameScene            - Entity added to scene
11:31:41.134 [JavaFX Application Thread] DEBUG GameScene            - Added MainViewComponent
11:31:41.134 [JavaFX Application Thread] DEBUG GameScene            - Entity added to scene
11:31:41.134 [JavaFX Application Thread] DEBUG GameScene            - Added MainViewComponent
11:31:41.134 [JavaFX Application Thread] DEBUG GameScene            - Entity added to scene
11:31:41.134 [JavaFX Application Thread] DEBUG GameScene            - Added MainViewComponent
11:31:41.134 [JavaFX Application Thread] DEBUG GameScene            - Entity added to scene
11:31:41.134 [JavaFX Application Thread] DEBUG GameScene            - Added MainViewComponent
11:31:41.136 [JavaFX Application Thread] DEBUG GameScene            - Entity added to scene
11:31:41.136 [JavaFX Application Thread] DEBUG GameScene            - Added MainViewComponent
11:31:41.136 [JavaFX Application Thread] DEBUG GameScene            - Entity added to scene
11:31:41.136 [JavaFX Application Thread] DEBUG GameScene            - Added MainViewComponent
11:31:41.136 [JavaFX Application Thread] DEBUG GameScene            - Entity added to scene
11:31:41.137 [JavaFX Application Thread] DEBUG GameScene            - Added MainViewComponent
11:31:41.137 [JavaFX Application Thread] DEBUG GameScene            - Entity added to scene
11:31:41.137 [JavaFX Application Thread] DEBUG GameScene            - Added MainViewComponent
11:31:41.137 [JavaFX Application Thread] DEBUG GameScene            - Entity added to scene
11:31:41.137 [JavaFX Application Thread] DEBUG GameScene            - Added MainViewComponent
11:31:41.137 [JavaFX Application Thread] DEBUG GameScene            - Entity added to scene
11:31:41.138 [JavaFX Application Thread] DEBUG GameScene            - Added MainViewComponent
11:31:41.138 [JavaFX Application Thread] DEBUG GameScene            - Entity added to scene
11:31:41.138 [JavaFX Application Thread] DEBUG GameScene            - Added MainViewComponent
11:31:41.138 [JavaFX Application Thread] DEBUG GameScene            - Entity added to scene
11:31:41.138 [JavaFX Application Thread] DEBUG GameScene            - Added MainViewComponent
11:31:41.138 [JavaFX Application Thread] DEBUG GameScene            - Entity added to scene
11:31:41.138 [JavaFX Application Thread] DEBUG GameScene            - Added MainViewComponent
11:31:41.139 [JavaFX Application Thread] DEBUG GameScene            - Entity added to scene
11:31:41.139 [JavaFX Application Thread] DEBUG GameScene            - Added MainViewComponent
11:31:41.139 [JavaFX Application Thread] DEBUG GameScene            - Entity added to scene
11:31:41.139 [JavaFX Application Thread] DEBUG GameScene            - Added MainViewComponent
11:31:41.139 [JavaFX Application Thread] DEBUG GameScene            - Entity added to scene
11:31:41.139 [JavaFX Application Thread] DEBUG GameScene            - Added MainViewComponent
11:31:41.139 [JavaFX Application Thread] DEBUG GameScene            - Entity added to scene
11:31:41.139 [JavaFX Application Thread] DEBUG GameScene            - Added MainViewComponent
11:31:41.139 [JavaFX Application Thread] DEBUG GameScene            - Entity added to scene
11:31:41.140 [JavaFX Application Thread] DEBUG GameScene            - Added MainViewComponent
11:31:41.140 [JavaFX Application Thread] DEBUG GameScene            - Entity added to scene
11:31:41.140 [JavaFX Application Thread] DEBUG GameScene            - Added MainViewComponent
11:31:41.140 [JavaFX Application Thread] DEBUG GameScene            - Entity added to scene
11:31:41.140 [JavaFX Application Thread] DEBUG GameScene            - Added MainViewComponent
11:31:41.140 [JavaFX Application Thread] DEBUG GameScene            - Entity added to scene
11:31:41.140 [JavaFX Application Thread] DEBUG GameScene            - Added MainViewComponent
11:31:41.140 [JavaFX Application Thread] DEBUG GameScene            - Entity added to scene
11:31:41.140 [JavaFX Application Thread] DEBUG GameScene            - Added MainViewComponent
11:31:41.140 [JavaFX Application Thread] DEBUG GameScene            - Entity added to scene
11:31:41.140 [JavaFX Application Thread] DEBUG GameScene            - Added MainViewComponent
11:31:41.141 [JavaFX Application Thread] DEBUG GameScene            - Entity added to scene
11:31:41.141 [JavaFX Application Thread] DEBUG GameScene            - Added MainViewComponent
11:31:41.141 [JavaFX Application Thread] DEBUG GameScene            - Entity added to scene
11:31:41.141 [JavaFX Application Thread] DEBUG GameScene            - Added MainViewComponent
11:31:41.141 [JavaFX Application Thread] DEBUG GameScene            - Entity added to scene
11:31:41.141 [JavaFX Application Thread] DEBUG GameScene            - Added MainViewComponent
11:31:41.141 [JavaFX Application Thread] DEBUG GameScene            - Entity added to scene
11:31:41.141 [JavaFX Application Thread] DEBUG GameScene            - Added MainViewComponent
11:31:41.141 [JavaFX Application Thread] DEBUG GameScene            - Entity added to scene
11:31:41.141 [JavaFX Application Thread] DEBUG GameScene            - Added MainViewComponent
11:31:41.141 [JavaFX Application Thread] DEBUG GameScene            - Entity added to scene
11:31:41.141 [JavaFX Application Thread] DEBUG GameScene            - Added MainViewComponent
11:31:41.141 [JavaFX Application Thread] DEBUG GameScene            - Entity added to scene
11:31:41.141 [JavaFX Application Thread] DEBUG GameScene            - Added MainViewComponent
11:31:41.142 [JavaFX Application Thread] DEBUG GameScene            - Entity added to scene
11:31:41.142 [JavaFX Application Thread] DEBUG GameScene            - Added MainViewComponent
11:31:41.142 [JavaFX Application Thread] DEBUG GameScene            - Entity added to scene
11:31:41.142 [JavaFX Application Thread] DEBUG GameScene            - Added MainViewComponent
11:31:41.142 [JavaFX Application Thread] DEBUG GameScene            - Entity added to scene
11:31:41.142 [JavaFX Application Thread] DEBUG GameScene            - Added MainViewComponent
11:31:41.142 [JavaFX Application Thread] DEBUG GameScene            - Entity added to scene
11:31:41.142 [JavaFX Application Thread] DEBUG GameScene            - Added MainViewComponent
11:31:41.143 [JavaFX Application Thread] DEBUG GameScene            - Entity added to scene
11:31:41.143 [JavaFX Application Thread] DEBUG GameScene            - Added MainViewComponent
11:31:41.143 [JavaFX Application Thread] DEBUG GameScene            - Entity added to scene
11:31:41.143 [JavaFX Application Thread] DEBUG GameScene            - Added MainViewComponent
11:31:41.143 [JavaFX Application Thread] DEBUG GameScene            - Entity added to scene
11:31:41.143 [JavaFX Application Thread] DEBUG GameScene            - Added MainViewComponent
11:31:41.144 [JavaFX Application Thread] DEBUG GameScene            - Entity added to scene
11:31:41.144 [JavaFX Application Thread] DEBUG GameScene            - Added MainViewComponent
11:31:41.144 [JavaFX Application Thread] DEBUG GameScene            - Entity added to scene
11:31:41.144 [JavaFX Application Thread] DEBUG GameScene            - Added MainViewComponent
11:31:41.144 [JavaFX Application Thread] DEBUG GameScene            - Entity added to scene
11:31:41.144 [JavaFX Application Thread] DEBUG GameScene            - Added MainViewComponent
11:31:41.144 [JavaFX Application Thread] DEBUG GameScene            - Entity added to scene
11:31:41.144 [JavaFX Application Thread] DEBUG GameScene            - Added MainViewComponent
11:31:41.144 [JavaFX Application Thread] DEBUG GameScene            - Entity added to scene
11:31:41.144 [JavaFX Application Thread] DEBUG GameScene            - Added MainViewComponent
11:31:41.145 [JavaFX Application Thread] DEBUG GameScene            - Entity added to scene
11:31:41.145 [JavaFX Application Thread] DEBUG GameScene            - Added MainViewComponent
11:31:41.145 [JavaFX Application Thread] DEBUG GameScene            - Entity added to scene
11:31:41.145 [JavaFX Application Thread] DEBUG GameScene            - Added MainViewComponent
11:31:41.145 [JavaFX Application Thread] DEBUG GameScene            - Entity added to scene
11:31:41.145 [JavaFX Application Thread] DEBUG GameScene            - Added MainViewComponent
11:31:41.145 [JavaFX Application Thread] DEBUG GameScene            - Entity added to scene
11:31:41.145 [JavaFX Application Thread] DEBUG GameScene            - Added MainViewComponent
11:31:41.145 [JavaFX Application Thread] DEBUG GameScene            - Entity added to scene
11:31:41.145 [JavaFX Application Thread] DEBUG GameScene            - Added MainViewComponent
11:31:41.145 [JavaFX Application Thread] DEBUG GameScene            - Entity added to scene
11:31:41.145 [JavaFX Application Thread] DEBUG GameScene            - Added MainViewComponent
11:31:41.146 [JavaFX Application Thread] DEBUG GameScene            - Entity added to scene
11:31:41.146 [JavaFX Application Thread] DEBUG GameScene            - Added MainViewComponent
11:31:41.146 [JavaFX Application Thread] DEBUG GameScene            - Entity added to scene
11:31:41.146 [JavaFX Application Thread] DEBUG GameScene            - Added MainViewComponent
11:31:41.146 [JavaFX Application Thread] DEBUG GameScene            - Entity added to scene
11:31:41.146 [JavaFX Application Thread] DEBUG GameScene            - Added MainViewComponent
11:31:41.146 [JavaFX Application Thread] DEBUG GameScene            - Creating render group for layer: TOP(2147483647)
11:31:41.146 [JavaFX Application Thread] DEBUG GameScene            - Entity added to scene
11:31:41.146 [JavaFX Application Thread] DEBUG GameScene            - Added MainViewComponent
11:31:41.146 [JavaFX Application Thread] DEBUG GameScene            - Entity added to scene
11:31:41.147 [JavaFX Application Thread] DEBUG GameScene            - Added MainViewComponent
11:31:41.147 [JavaFX Application Thread] DEBUG GameScene            - Entity added to scene
11:31:41.147 [JavaFX Application Thread] DEBUG GameScene            - Added MainViewComponent
11:31:41.147 [JavaFX Application Thread] DEBUG GameScene            - Entity added to scene
11:31:41.147 [JavaFX Application Thread] DEBUG GameScene            - Added MainViewComponent
11:31:41.148 [JavaFX Application Thread] DEBUG GameScene            - Entity added to scene
11:31:41.148 [JavaFX Application Thread] DEBUG GameScene            - Added MainViewComponent
11:31:41.148 [JavaFX Application Thread] DEBUG GameScene            - Entity added to scene
11:31:41.148 [JavaFX Application Thread] DEBUG GameScene            - Added MainViewComponent
11:31:41.148 [JavaFX Application Thread] DEBUG GameScene            - Entity added to scene
11:31:41.148 [JavaFX Application Thread] DEBUG GameScene            - Added MainViewComponent
11:31:41.149 [JavaFX Application Thread] DEBUG GameScene            - Entity added to scene
11:31:41.149 [JavaFX Application Thread] DEBUG GameScene            - Added MainViewComponent
11:31:41.149 [JavaFX Application Thread] DEBUG GameScene            - Entity added to scene
11:31:41.149 [JavaFX Application Thread] DEBUG GameScene            - Added MainViewComponent
11:31:41.149 [JavaFX Application Thread] DEBUG GameScene            - Entity added to scene
11:31:41.149 [JavaFX Application Thread] DEBUG GameScene            - Added MainViewComponent
11:31:41.149 [JavaFX Application Thread] DEBUG GameScene            - Entity added to scene
11:31:41.149 [JavaFX Application Thread] DEBUG GameScene            - Added MainViewComponent
11:31:41.150 [JavaFX Application Thread] DEBUG GameScene            - Entity added to scene
11:31:41.150 [JavaFX Application Thread] DEBUG GameScene            - Added MainViewComponent
11:31:41.150 [JavaFX Application Thread] DEBUG GameScene            - Entity added to scene
11:31:41.150 [JavaFX Application Thread] DEBUG GameScene            - Added MainViewComponent
11:31:41.150 [JavaFX Application Thread] DEBUG GameScene            - Entity added to scene
11:31:41.150 [JavaFX Application Thread] DEBUG GameScene            - Added MainViewComponent
11:31:41.150 [JavaFX Application Thread] DEBUG GameScene            - Entity added to scene
11:31:41.150 [JavaFX Application Thread] DEBUG GameScene            - Added MainViewComponent
11:31:41.150 [JavaFX Application Thread] DEBUG GameScene            - Entity added to scene
11:31:41.150 [JavaFX Application Thread] DEBUG GameScene            - Added MainViewComponent
11:31:41.151 [JavaFX Application Thread] DEBUG GameScene            - Entity added to scene
11:31:41.151 [JavaFX Application Thread] DEBUG GameScene            - Added MainViewComponent
11:31:41.151 [JavaFX Application Thread] DEBUG GameScene            - Entity added to scene
11:31:41.151 [JavaFX Application Thread] DEBUG GameScene            - Added MainViewComponent
11:31:41.151 [JavaFX Application Thread] DEBUG GameScene            - Entity added to scene
11:31:41.151 [JavaFX Application Thread] DEBUG GameScene            - Added MainViewComponent
11:31:41.152 [JavaFX Application Thread] DEBUG GameScene            - Entity added to scene
11:31:41.152 [JavaFX Application Thread] DEBUG GameScene            - Added MainViewComponent
11:31:41.152 [JavaFX Application Thread] DEBUG GameScene            - Entity added to scene
11:31:41.152 [JavaFX Application Thread] DEBUG GameScene            - Added MainViewComponent
11:31:41.152 [JavaFX Application Thread] DEBUG GameScene            - Entity added to scene
11:31:41.152 [JavaFX Application Thread] DEBUG GameScene            - Added MainViewComponent
11:31:41.152 [JavaFX Application Thread] DEBUG GameScene            - Entity added to scene
11:31:41.152 [JavaFX Application Thread] DEBUG GameScene            - Added MainViewComponent
11:31:41.152 [JavaFX Application Thread] DEBUG GameScene            - Entity added to scene
11:31:41.152 [JavaFX Application Thread] DEBUG GameScene            - Added MainViewComponent
11:31:41.152 [JavaFX Application Thread] DEBUG GameScene            - Entity added to scene
11:31:41.152 [JavaFX Application Thread] DEBUG GameScene            - Added MainViewComponent
11:31:41.153 [JavaFX Application Thread] DEBUG GameScene            - Entity added to scene
11:31:41.153 [JavaFX Application Thread] DEBUG GameScene            - Added MainViewComponent
11:31:41.153 [JavaFX Application Thread] DEBUG GameScene            - Entity added to scene
11:31:41.153 [JavaFX Application Thread] DEBUG GameScene            - Added MainViewComponent
11:31:41.153 [JavaFX Application Thread] DEBUG GameScene            - Entity added to scene
11:31:41.153 [JavaFX Application Thread] DEBUG GameScene            - Added MainViewComponent
11:31:41.153 [JavaFX Application Thread] DEBUG GameScene            - Entity added to scene
11:31:41.153 [JavaFX Application Thread] DEBUG GameScene            - Added MainViewComponent
11:31:41.154 [JavaFX Application Thread] DEBUG GameScene            - Entity added to scene
11:31:41.154 [JavaFX Application Thread] DEBUG GameScene            - Added MainViewComponent
11:31:41.154 [JavaFX Application Thread] DEBUG GameScene            - Entity added to scene
11:31:41.154 [JavaFX Application Thread] DEBUG GameScene            - Added MainViewComponent
11:31:41.154 [JavaFX Application Thread] DEBUG GameScene            - Entity added to scene
11:31:41.154 [JavaFX Application Thread] DEBUG GameScene            - Added MainViewComponent
11:31:41.154 [JavaFX Application Thread] DEBUG GameScene            - Entity added to scene
11:31:41.154 [JavaFX Application Thread] DEBUG GameScene            - Added MainViewComponent
11:31:41.155 [JavaFX Application Thread] DEBUG GameScene            - Entity added to scene
11:31:41.155 [JavaFX Application Thread] DEBUG GameScene            - Added MainViewComponent
11:31:41.155 [JavaFX Application Thread] DEBUG GameScene            - Entity added to scene
11:31:41.155 [JavaFX Application Thread] DEBUG GameScene            - Added MainViewComponent
11:31:41.155 [JavaFX Application Thread] DEBUG GameScene            - Entity added to scene
11:31:41.155 [JavaFX Application Thread] DEBUG GameScene            - Added MainViewComponent
11:31:41.156 [JavaFX Application Thread] DEBUG GameScene            - Entity added to scene
11:31:41.156 [JavaFX Application Thread] DEBUG GameScene            - Added MainViewComponent
11:31:41.156 [JavaFX Application Thread] DEBUG GameScene            - Entity added to scene
11:31:41.156 [JavaFX Application Thread] DEBUG GameScene            - Added MainViewComponent
11:31:41.157 [JavaFX Application Thread] DEBUG GameScene            - Entity added to scene
11:31:41.157 [JavaFX Application Thread] DEBUG GameScene            - Added MainViewComponent
11:31:41.157 [JavaFX Application Thread] DEBUG GameScene            - Entity added to scene
11:31:41.157 [JavaFX Application Thread] DEBUG GameScene            - Added MainViewComponent
11:31:41.157 [JavaFX Application Thread] DEBUG GameScene            - Entity added to scene
11:31:41.158 [JavaFX Application Thread] DEBUG GameScene            - Added MainViewComponent
11:31:41.158 [JavaFX Application Thread] DEBUG GameScene            - Entity added to scene
11:31:41.158 [JavaFX Application Thread] DEBUG GameScene            - Added MainViewComponent
11:31:41.158 [JavaFX Application Thread] DEBUG GameScene            - Entity added to scene
11:31:41.158 [JavaFX Application Thread] DEBUG GameScene            - Added MainViewComponent
11:31:41.158 [JavaFX Application Thread] DEBUG GameScene            - Entity added to scene
11:31:41.158 [JavaFX Application Thread] DEBUG GameScene            - Added MainViewComponent
11:31:41.159 [JavaFX Application Thread] DEBUG GameScene            - Entity added to scene
11:31:41.159 [JavaFX Application Thread] DEBUG GameScene            - Added MainViewComponent
11:31:41.159 [JavaFX Application Thread] DEBUG GameScene            - Entity added to scene
11:31:41.159 [JavaFX Application Thread] DEBUG GameScene            - Added MainViewComponent
11:31:41.160 [JavaFX Application Thread] DEBUG GameScene            - Entity added to scene
11:31:41.160 [JavaFX Application Thread] DEBUG GameScene            - Added MainViewComponent
11:31:41.160 [JavaFX Application Thread] DEBUG GameScene            - Entity added to scene
11:31:41.160 [JavaFX Application Thread] DEBUG GameScene            - Added MainViewComponent
11:31:41.160 [JavaFX Application Thread] DEBUG GameScene            - Entity added to scene
11:31:41.160 [JavaFX Application Thread] DEBUG GameScene            - Added MainViewComponent
11:31:41.161 [JavaFX Application Thread] DEBUG GameScene            - Entity added to scene
11:31:41.161 [JavaFX Application Thread] DEBUG GameScene            - Added MainViewComponent
11:31:41.161 [JavaFX Application Thread] DEBUG GameScene            - Entity added to scene
11:31:41.161 [JavaFX Application Thread] DEBUG GameScene            - Added MainViewComponent
11:31:41.161 [JavaFX Application Thread] DEBUG GameScene            - Entity added to scene
11:31:41.161 [JavaFX Application Thread] DEBUG GameScene            - Added MainViewComponent
11:31:41.162 [JavaFX Application Thread] DEBUG GameScene            - Entity added to scene
11:31:41.162 [JavaFX Application Thread] DEBUG GameScene            - Added MainViewComponent
11:31:41.162 [JavaFX Application Thread] DEBUG GameScene            - Entity added to scene
11:31:41.162 [JavaFX Application Thread] DEBUG GameScene            - Added MainViewComponent
11:31:41.162 [JavaFX Application Thread] DEBUG GameScene            - Entity added to scene
11:31:41.162 [JavaFX Application Thread] DEBUG GameScene            - Added MainViewComponent
11:31:41.162 [JavaFX Application Thread] DEBUG GameScene            - Entity added to scene
11:31:41.162 [JavaFX Application Thread] DEBUG GameScene            - Added MainViewComponent
11:31:41.162 [JavaFX Application Thread] DEBUG GameScene            - Entity added to scene
11:31:41.162 [JavaFX Application Thread] DEBUG GameScene            - Added MainViewComponent
11:31:41.163 [JavaFX Application Thread] DEBUG GameScene            - Entity added to scene
11:31:41.163 [JavaFX Application Thread] DEBUG GameScene            - Added MainViewComponent
11:31:41.163 [JavaFX Application Thread] DEBUG GameScene            - Entity added to scene
11:31:41.163 [JavaFX Application Thread] DEBUG GameScene            - Added MainViewComponent
11:31:41.163 [JavaFX Application Thread] DEBUG GameScene            - Entity added to scene
11:31:41.163 [JavaFX Application Thread] DEBUG GameScene            - Added MainViewComponent
11:31:41.163 [JavaFX Application Thread] DEBUG GameScene            - Entity added to scene
11:31:41.163 [JavaFX Application Thread] DEBUG GameScene            - Added MainViewComponent
11:31:41.163 [JavaFX Application Thread] DEBUG GameScene            - Entity added to scene
11:31:41.163 [JavaFX Application Thread] DEBUG GameScene            - Added MainViewComponent
11:31:41.163 [JavaFX Application Thread] DEBUG GameScene            - Entity added to scene
11:31:41.164 [JavaFX Application Thread] DEBUG GameScene            - Added MainViewComponent
11:31:41.164 [JavaFX Application Thread] DEBUG GameScene            - Entity added to scene
11:31:41.164 [JavaFX Application Thread] DEBUG GameScene            - Added MainViewComponent
11:31:41.164 [JavaFX Application Thread] DEBUG GameScene            - Entity added to scene
11:31:41.164 [JavaFX Application Thread] DEBUG GameScene            - Added MainViewComponent
11:31:41.164 [JavaFX Application Thread] DEBUG GameScene            - Entity added to scene
11:31:41.164 [JavaFX Application Thread] DEBUG GameScene            - Added MainViewComponent
11:31:41.164 [JavaFX Application Thread] DEBUG GameScene            - Entity added to scene
11:31:41.164 [JavaFX Application Thread] DEBUG GameScene            - Added MainViewComponent
11:31:41.164 [JavaFX Application Thread] DEBUG GameScene            - Entity added to scene
11:31:41.164 [JavaFX Application Thread] DEBUG GameScene            - Added MainViewComponent
11:31:41.165 [JavaFX Application Thread] DEBUG GameScene            - Entity added to scene
11:31:41.165 [JavaFX Application Thread] DEBUG GameScene            - Added MainViewComponent
11:31:41.165 [JavaFX Application Thread] DEBUG GameScene            - Entity added to scene
11:31:41.165 [JavaFX Application Thread] DEBUG GameScene            - Added MainViewComponent
11:31:41.165 [JavaFX Application Thread] DEBUG GameScene            - Entity added to scene
11:31:41.165 [JavaFX Application Thread] DEBUG GameScene            - Added MainViewComponent
11:31:41.165 [JavaFX Application Thread] DEBUG GameScene            - Entity added to scene
11:31:41.165 [JavaFX Application Thread] DEBUG GameScene            - Added MainViewComponent
11:31:41.165 [JavaFX Application Thread] DEBUG GameScene            - Entity added to scene
11:31:41.165 [JavaFX Application Thread] DEBUG GameScene            - Added MainViewComponent
11:31:41.165 [JavaFX Application Thread] DEBUG GameScene            - Entity added to scene
11:31:41.165 [JavaFX Application Thread] DEBUG GameScene            - Added MainViewComponent
11:31:41.166 [JavaFX Application Thread] DEBUG GameScene            - Entity added to scene
11:31:41.166 [JavaFX Application Thread] DEBUG GameScene            - Added MainViewComponent
11:31:41.166 [JavaFX Application Thread] DEBUG GameScene            - Entity added to scene
11:31:41.166 [JavaFX Application Thread] DEBUG GameScene            - Added MainViewComponent
11:31:41.166 [JavaFX Application Thread] DEBUG GameScene            - Entity added to scene
11:31:41.166 [JavaFX Application Thread] DEBUG GameScene            - Added MainViewComponent
11:31:41.166 [JavaFX Application Thread] DEBUG GameScene            - Entity added to scene
11:31:41.166 [JavaFX Application Thread] DEBUG GameScene            - Added MainViewComponent
11:31:41.167 [JavaFX Application Thread] DEBUG GameScene            - Entity added to scene
11:31:41.167 [JavaFX Application Thread] DEBUG GameScene            - Added MainViewComponent
11:31:41.167 [JavaFX Application Thread] DEBUG GameScene            - Entity added to scene
11:31:41.167 [JavaFX Application Thread] DEBUG GameScene            - Added MainViewComponent
11:31:41.168 [JavaFX Application Thread] DEBUG GameScene            - Entity added to scene
11:31:41.168 [JavaFX Application Thread] DEBUG GameScene            - Added MainViewComponent
11:31:41.168 [JavaFX Application Thread] DEBUG GameScene            - Entity added to scene
11:31:41.168 [JavaFX Application Thread] DEBUG GameScene            - Added MainViewComponent
11:31:41.169 [JavaFX Application Thread] DEBUG GameScene            - Entity added to scene
11:31:41.169 [JavaFX Application Thread] DEBUG GameScene            - Added MainViewComponent
11:31:41.169 [JavaFX Application Thread] DEBUG GameScene            - Entity added to scene
11:31:41.169 [JavaFX Application Thread] DEBUG GameScene            - Added MainViewComponent
11:31:41.170 [JavaFX Application Thread] DEBUG GameScene            - Entity added to scene
11:31:41.170 [JavaFX Application Thread] DEBUG GameScene            - Added MainViewComponent
11:31:41.170 [JavaFX Application Thread] DEBUG GameScene            - Entity added to scene
11:31:41.170 [JavaFX Application Thread] DEBUG GameScene            - Added MainViewComponent
11:31:41.170 [JavaFX Application Thread] DEBUG GameScene            - Entity added to scene
11:31:41.170 [JavaFX Application Thread] DEBUG GameScene            - Added MainViewComponent
11:31:41.171 [JavaFX Application Thread] DEBUG GameScene            - Entity added to scene
11:31:41.171 [JavaFX Application Thread] DEBUG GameScene            - Added MainViewComponent
11:31:41.171 [JavaFX Application Thread] DEBUG GameScene            - Entity added to scene
11:31:41.171 [JavaFX Application Thread] DEBUG GameScene            - Added MainViewComponent
11:31:41.172 [JavaFX Application Thread] DEBUG GameScene            - Entity added to scene
11:31:41.172 [JavaFX Application Thread] DEBUG GameScene            - Added MainViewComponent
11:31:41.172 [JavaFX Application Thread] DEBUG GameScene            - Entity added to scene
11:31:41.172 [JavaFX Application Thread] DEBUG GameScene            - Added MainViewComponent
11:31:41.172 [JavaFX Application Thread] DEBUG GameScene            - Entity added to scene
11:31:41.172 [JavaFX Application Thread] DEBUG GameScene            - Added MainViewComponent
11:31:41.173 [JavaFX Application Thread] DEBUG GameScene            - Entity added to scene
11:31:41.173 [JavaFX Application Thread] DEBUG GameScene            - Added MainViewComponent
11:31:41.173 [JavaFX Application Thread] DEBUG GameScene            - Entity added to scene
11:31:41.173 [JavaFX Application Thread] DEBUG GameScene            - Added MainViewComponent
11:31:41.173 [JavaFX Application Thread] DEBUG GameScene            - Entity added to scene
11:31:41.174 [JavaFX Application Thread] DEBUG GameScene            - Added MainViewComponent
11:31:41.174 [JavaFX Application Thread] DEBUG GameScene            - Entity added to scene
11:31:41.174 [JavaFX Application Thread] DEBUG GameScene            - Added MainViewComponent
11:31:41.174 [JavaFX Application Thread] DEBUG GameScene            - Entity added to scene
11:31:41.174 [JavaFX Application Thread] DEBUG GameScene            - Added MainViewComponent
11:31:41.175 [JavaFX Application Thread] DEBUG GameScene            - Entity added to scene
11:31:41.175 [JavaFX Application Thread] DEBUG GameScene            - Added MainViewComponent
11:31:41.175 [JavaFX Application Thread] DEBUG GameScene            - Entity added to scene
11:31:41.175 [JavaFX Application Thread] DEBUG GameScene            - Added MainViewComponent
11:31:41.176 [JavaFX Application Thread] DEBUG GameScene            - Entity added to scene
11:31:41.176 [JavaFX Application Thread] DEBUG GameScene            - Added MainViewComponent
11:31:41.176 [JavaFX Application Thread] DEBUG GameScene            - Entity added to scene
11:31:41.176 [JavaFX Application Thread] DEBUG GameScene            - Added MainViewComponent
11:31:41.176 [JavaFX Application Thread] DEBUG GameScene            - Entity added to scene
11:31:41.176 [JavaFX Application Thread] DEBUG GameScene            - Added MainViewComponent
11:31:41.177 [JavaFX Application Thread] DEBUG GameScene            - Entity added to scene
11:31:41.177 [JavaFX Application Thread] DEBUG GameScene            - Added MainViewComponent
11:31:41.177 [JavaFX Application Thread] DEBUG GameScene            - Entity added to scene
11:31:41.177 [JavaFX Application Thread] DEBUG GameScene            - Added MainViewComponent
11:31:41.178 [JavaFX Application Thread] DEBUG GameScene            - Entity added to scene
11:31:41.178 [JavaFX Application Thread] DEBUG GameScene            - Added MainViewComponent
11:31:41.178 [JavaFX Application Thread] DEBUG GameScene            - Entity added to scene
11:31:41.178 [JavaFX Application Thread] DEBUG GameScene            - Added MainViewComponent
11:31:41.178 [JavaFX Application Thread] DEBUG GameScene            - Entity added to scene
11:31:41.178 [JavaFX Application Thread] DEBUG GameScene            - Added MainViewComponent
11:31:41.179 [JavaFX Application Thread] DEBUG GameScene            - Entity added to scene
11:31:41.179 [JavaFX Application Thread] DEBUG GameScene            - Added MainViewComponent
11:31:41.179 [JavaFX Application Thread] DEBUG GameScene            - Entity added to scene
11:31:41.179 [JavaFX Application Thread] DEBUG GameScene            - Added MainViewComponent
11:31:41.180 [JavaFX Application Thread] DEBUG GameScene            - Entity added to scene
11:31:41.180 [JavaFX Application Thread] DEBUG GameScene            - Added MainViewComponent
11:31:41.180 [JavaFX Application Thread] DEBUG GameScene            - Entity added to scene
11:31:41.180 [JavaFX Application Thread] DEBUG GameScene            - Added MainViewComponent
11:31:41.180 [JavaFX Application Thread] DEBUG GameScene            - Entity added to scene
11:31:41.180 [JavaFX Application Thread] DEBUG GameScene            - Added MainViewComponent
11:31:41.181 [JavaFX Application Thread] DEBUG GameScene            - Entity added to scene
11:31:41.181 [JavaFX Application Thread] DEBUG GameScene            - Added MainViewComponent
11:31:41.181 [JavaFX Application Thread] DEBUG GameScene            - Entity added to scene
11:31:41.181 [JavaFX Application Thread] DEBUG GameScene            - Added MainViewComponent
11:31:41.181 [JavaFX Application Thread] DEBUG GameScene            - Entity added to scene
11:31:41.181 [JavaFX Application Thread] DEBUG GameScene            - Added MainViewComponent
11:31:41.182 [JavaFX Application Thread] DEBUG GameScene            - Entity added to scene
11:31:41.182 [JavaFX Application Thread] DEBUG GameScene            - Added MainViewComponent
11:31:41.182 [JavaFX Application Thread] DEBUG GameScene            - Entity added to scene
11:31:41.182 [JavaFX Application Thread] DEBUG GameScene            - Added MainViewComponent
11:31:41.182 [JavaFX Application Thread] DEBUG GameScene            - Entity added to scene
11:31:41.182 [JavaFX Application Thread] DEBUG GameScene            - Added MainViewComponent
11:31:41.183 [JavaFX Application Thread] DEBUG GameScene            - Entity added to scene
11:31:41.183 [JavaFX Application Thread] DEBUG GameScene            - Added MainViewComponent
11:31:41.183 [JavaFX Application Thread] DEBUG GameScene            - Entity added to scene
11:31:41.184 [JavaFX Application Thread] DEBUG GameScene            - Added MainViewComponent
11:31:41.184 [JavaFX Application Thread] DEBUG GameScene            - Entity added to scene
11:31:41.184 [JavaFX Application Thread] DEBUG GameScene            - Added MainViewComponent
11:31:41.184 [JavaFX Application Thread] DEBUG GameScene            - Entity added to scene
11:31:41.184 [JavaFX Application Thread] DEBUG GameScene            - Added MainViewComponent
11:31:41.184 [JavaFX Application Thread] DEBUG GameScene            - Entity added to scene
11:31:41.184 [JavaFX Application Thread] DEBUG GameScene            - Added MainViewComponent
11:31:41.185 [JavaFX Application Thread] DEBUG GameScene            - Entity added to scene
11:31:41.185 [JavaFX Application Thread] DEBUG GameScene            - Added MainViewComponent
11:31:41.185 [JavaFX Application Thread] DEBUG GameScene            - Entity added to scene
11:31:41.185 [JavaFX Application Thread] DEBUG GameScene            - Added MainViewComponent
11:31:41.186 [JavaFX Application Thread] DEBUG GameScene            - Entity added to scene
11:31:41.186 [JavaFX Application Thread] DEBUG GameScene            - Added MainViewComponent
11:31:41.186 [JavaFX Application Thread] DEBUG GameScene            - Entity added to scene
11:31:41.186 [JavaFX Application Thread] DEBUG GameScene            - Added MainViewComponent
11:31:41.186 [JavaFX Application Thread] DEBUG GameScene            - Entity added to scene
11:31:41.186 [JavaFX Application Thread] DEBUG GameScene            - Added MainViewComponent
11:31:41.187 [JavaFX Application Thread] DEBUG GameScene            - Entity added to scene
11:31:41.187 [JavaFX Application Thread] DEBUG GameScene            - Added MainViewComponent
11:31:41.187 [JavaFX Application Thread] DEBUG GameScene            - Entity added to scene
11:31:41.187 [JavaFX Application Thread] DEBUG GameScene            - Added MainViewComponent
11:31:41.187 [JavaFX Application Thread] DEBUG GameScene            - Entity added to scene
11:31:41.187 [JavaFX Application Thread] DEBUG GameScene            - Added MainViewComponent
11:31:41.187 [JavaFX Application Thread] DEBUG GameScene            - Entity added to scene
11:31:41.187 [JavaFX Application Thread] DEBUG GameScene            - Added MainViewComponent
11:31:41.188 [JavaFX Application Thread] DEBUG GameScene            - Entity added to scene
11:31:41.188 [JavaFX Application Thread] DEBUG GameScene            - Added MainViewComponent
11:31:41.188 [JavaFX Application Thread] DEBUG GameScene            - Entity added to scene
11:31:41.188 [JavaFX Application Thread] DEBUG GameScene            - Added MainViewComponent
11:31:41.188 [JavaFX Application Thread] DEBUG GameScene            - Entity added to scene
11:31:41.188 [JavaFX Application Thread] DEBUG GameScene            - Added MainViewComponent
11:31:41.189 [JavaFX Application Thread] DEBUG GameScene            - Entity added to scene
11:31:41.189 [JavaFX Application Thread] DEBUG GameScene            - Added MainViewComponent
11:31:41.189 [JavaFX Application Thread] DEBUG GameScene            - Entity added to scene
11:31:41.189 [JavaFX Application Thread] DEBUG GameScene            - Added MainViewComponent
11:31:41.189 [JavaFX Application Thread] DEBUG GameScene            - Entity added to scene
11:31:41.189 [JavaFX Application Thread] DEBUG GameScene            - Added MainViewComponent
11:31:41.189 [JavaFX Application Thread] DEBUG GameScene            - Entity added to scene
11:31:41.189 [JavaFX Application Thread] DEBUG GameScene            - Added MainViewComponent
11:31:41.190 [JavaFX Application Thread] DEBUG GameScene            - Entity added to scene
11:31:41.190 [JavaFX Application Thread] DEBUG GameScene            - Added MainViewComponent
11:31:41.190 [JavaFX Application Thread] DEBUG GameScene            - Entity added to scene
11:31:41.190 [JavaFX Application Thread] DEBUG GameScene            - Added MainViewComponent
11:31:41.190 [JavaFX Application Thread] DEBUG GameScene            - Entity added to scene
11:31:41.190 [JavaFX Application Thread] DEBUG GameScene            - Added MainViewComponent
11:31:41.191 [JavaFX Application Thread] DEBUG GameScene            - Entity added to scene
11:31:41.191 [JavaFX Application Thread] DEBUG GameScene            - Added MainViewComponent
11:31:41.191 [JavaFX Application Thread] DEBUG GameScene            - Entity added to scene
11:31:41.191 [JavaFX Application Thread] DEBUG GameScene            - Added MainViewComponent
11:31:41.191 [JavaFX Application Thread] DEBUG GameScene            - Entity added to scene
11:31:41.191 [JavaFX Application Thread] DEBUG GameScene            - Added MainViewComponent
11:31:41.192 [JavaFX Application Thread] DEBUG GameScene            - Entity added to scene
11:31:41.192 [JavaFX Application Thread] DEBUG GameScene            - Added MainViewComponent
11:31:41.192 [JavaFX Application Thread] DEBUG GameScene            - Entity added to scene
11:31:41.192 [JavaFX Application Thread] DEBUG GameScene            - Added MainViewComponent
11:31:41.192 [JavaFX Application Thread] DEBUG GameScene            - Entity added to scene
11:31:41.192 [JavaFX Application Thread] DEBUG GameScene            - Added MainViewComponent
11:31:41.192 [JavaFX Application Thread] DEBUG GameScene            - Entity added to scene
11:31:41.193 [JavaFX Application Thread] DEBUG GameScene            - Added MainViewComponent
11:31:41.193 [JavaFX Application Thread] DEBUG GameScene            - Entity added to scene
11:31:41.193 [JavaFX Application Thread] DEBUG GameScene            - Added MainViewComponent
11:31:41.193 [JavaFX Application Thread] DEBUG GameScene            - Entity added to scene
11:31:41.193 [JavaFX Application Thread] DEBUG GameScene            - Added MainViewComponent
11:31:41.193 [JavaFX Application Thread] DEBUG GameScene            - Entity added to scene
11:31:41.193 [JavaFX Application Thread] DEBUG GameScene            - Added MainViewComponent
11:31:41.193 [JavaFX Application Thread] DEBUG GameScene            - Entity added to scene
11:31:41.193 [JavaFX Application Thread] DEBUG GameScene            - Added MainViewComponent
11:31:41.194 [JavaFX Application Thread] DEBUG GameScene            - Entity added to scene
11:31:41.194 [JavaFX Application Thread] DEBUG GameScene            - Added MainViewComponent
11:31:41.194 [JavaFX Application Thread] DEBUG GameScene            - Entity added to scene
11:31:41.194 [JavaFX Application Thread] DEBUG GameScene            - Added MainViewComponent
11:31:41.194 [JavaFX Application Thread] DEBUG GameScene            - Entity added to scene
11:31:41.194 [JavaFX Application Thread] DEBUG GameScene            - Added MainViewComponent
11:31:41.194 [JavaFX Application Thread] DEBUG GameScene            - Entity added to scene
11:31:41.194 [JavaFX Application Thread] DEBUG GameScene            - Added MainViewComponent
11:31:41.195 [JavaFX Application Thread] DEBUG GameScene            - Entity added to scene
11:31:41.195 [JavaFX Application Thread] DEBUG GameScene            - Added MainViewComponent
11:31:41.195 [JavaFX Application Thread] DEBUG GameScene            - Entity added to scene
11:31:41.195 [JavaFX Application Thread] DEBUG GameScene            - Added MainViewComponent
11:31:41.195 [JavaFX Application Thread] DEBUG GameScene            - Entity added to scene
11:31:41.195 [JavaFX Application Thread] DEBUG GameScene            - Added MainViewComponent
11:31:41.195 [JavaFX Application Thread] DEBUG GameScene            - Entity added to scene
11:31:41.195 [JavaFX Application Thread] DEBUG GameScene            - Added MainViewComponent
11:31:41.196 [JavaFX Application Thread] DEBUG GameScene            - Entity added to scene
11:31:41.196 [JavaFX Application Thread] DEBUG GameScene            - Added MainViewComponent
11:31:41.196 [JavaFX Application Thread] DEBUG GameScene            - Entity added to scene
11:31:41.196 [JavaFX Application Thread] DEBUG GameScene            - Added MainViewComponent
11:31:41.196 [JavaFX Application Thread] DEBUG GameScene            - Entity added to scene
11:31:41.196 [JavaFX Application Thread] DEBUG GameScene            - Added MainViewComponent
11:31:41.196 [JavaFX Application Thread] DEBUG GameScene            - Entity added to scene
11:31:41.196 [JavaFX Application Thread] DEBUG GameScene            - Added MainViewComponent
11:31:41.196 [JavaFX Application Thread] DEBUG GameScene            - Entity added to scene
11:31:41.196 [JavaFX Application Thread] DEBUG GameScene            - Added MainViewComponent
11:31:41.197 [JavaFX Application Thread] DEBUG GameScene            - Entity added to scene
11:31:41.197 [JavaFX Application Thread] DEBUG GameScene            - Added MainViewComponent
11:31:41.197 [JavaFX Application Thread] DEBUG GameScene            - Entity added to scene
11:31:41.197 [JavaFX Application Thread] DEBUG GameScene            - Added MainViewComponent
11:31:41.197 [JavaFX Application Thread] DEBUG GameScene            - Entity added to scene
11:31:41.197 [JavaFX Application Thread] DEBUG GameScene            - Added MainViewComponent
11:31:41.198 [JavaFX Application Thread] DEBUG GameScene            - Entity added to scene
11:31:41.198 [JavaFX Application Thread] DEBUG GameScene            - Added MainViewComponent
11:31:41.198 [JavaFX Application Thread] DEBUG GameScene            - Entity added to scene
11:31:41.198 [JavaFX Application Thread] DEBUG GameScene            - Added MainViewComponent
11:31:41.198 [JavaFX Application Thread] DEBUG GameScene            - Entity added to scene
11:31:41.198 [JavaFX Application Thread] DEBUG GameScene            - Added MainViewComponent
11:31:41.198 [JavaFX Application Thread] DEBUG GameScene            - Entity added to scene
11:31:41.198 [JavaFX Application Thread] DEBUG GameScene            - Added MainViewComponent
11:31:41.198 [JavaFX Application Thread] DEBUG GameScene            - Entity added to scene
11:31:41.199 [JavaFX Application Thread] DEBUG GameScene            - Added MainViewComponent
11:31:41.199 [JavaFX Application Thread] DEBUG GameScene            - Entity added to scene
11:31:41.199 [JavaFX Application Thread] DEBUG GameScene            - Added MainViewComponent
11:31:41.199 [JavaFX Application Thread] DEBUG GameScene            - Entity added to scene
11:31:41.199 [JavaFX Application Thread] DEBUG GameScene            - Added MainViewComponent
11:31:41.200 [JavaFX Application Thread] DEBUG GameScene            - Entity added to scene
11:31:41.200 [JavaFX Application Thread] DEBUG GameScene            - Added MainViewComponent
11:31:41.200 [JavaFX Application Thread] DEBUG GameScene            - Entity added to scene
11:31:41.200 [JavaFX Application Thread] DEBUG GameScene            - Added MainViewComponent
11:31:41.200 [JavaFX Application Thread] DEBUG GameScene            - Entity added to scene
11:31:41.200 [JavaFX Application Thread] DEBUG GameScene            - Added MainViewComponent
11:31:41.200 [JavaFX Application Thread] DEBUG GameScene            - Entity added to scene
11:31:41.200 [JavaFX Application Thread] DEBUG GameScene            - Added MainViewComponent
11:31:41.201 [JavaFX Application Thread] DEBUG GameScene            - Entity added to scene
11:31:41.201 [JavaFX Application Thread] DEBUG GameScene            - Added MainViewComponent
11:31:41.201 [JavaFX Application Thread] DEBUG GameScene            - Entity added to scene
11:31:41.201 [JavaFX Application Thread] DEBUG GameScene            - Added MainViewComponent
11:31:41.202 [JavaFX Application Thread] DEBUG GameScene            - Entity added to scene
11:31:41.202 [JavaFX Application Thread] DEBUG GameScene            - Added MainViewComponent
11:31:41.202 [JavaFX Application Thread] DEBUG GameScene            - Entity added to scene
11:31:41.202 [JavaFX Application Thread] DEBUG GameScene            - Added MainViewComponent
11:31:41.202 [JavaFX Application Thread] DEBUG GameScene            - Entity added to scene
11:31:41.202 [JavaFX Application Thread] DEBUG GameScene            - Added MainViewComponent
11:31:41.202 [JavaFX Application Thread] DEBUG GameScene            - Entity added to scene
11:31:41.202 [JavaFX Application Thread] DEBUG GameScene            - Added MainViewComponent
11:31:41.203 [JavaFX Application Thread] DEBUG GameScene            - Entity added to scene
11:31:41.203 [JavaFX Application Thread] DEBUG GameScene            - Added MainViewComponent
11:31:41.203 [JavaFX Application Thread] DEBUG GameScene            - Entity added to scene
11:31:41.203 [JavaFX Application Thread] DEBUG GameScene            - Added MainViewComponent
11:31:41.203 [JavaFX Application Thread] DEBUG GameScene            - Entity added to scene
11:31:41.203 [JavaFX Application Thread] DEBUG GameScene            - Added MainViewComponent
11:31:41.203 [JavaFX Application Thread] DEBUG GameScene            - Entity added to scene
11:31:41.203 [JavaFX Application Thread] DEBUG GameScene            - Added MainViewComponent
11:31:41.203 [JavaFX Application Thread] DEBUG GameScene            - Entity added to scene
11:31:41.203 [JavaFX Application Thread] DEBUG GameScene            - Added MainViewComponent
11:31:41.204 [JavaFX Application Thread] DEBUG GameScene            - Entity added to scene
11:31:41.204 [JavaFX Application Thread] DEBUG GameScene            - Added MainViewComponent
11:31:41.204 [JavaFX Application Thread] DEBUG GameScene            - Entity added to scene
11:31:41.204 [JavaFX Application Thread] DEBUG GameScene            - Added MainViewComponent
11:31:41.204 [JavaFX Application Thread] DEBUG GameScene            - Entity added to scene
11:31:41.204 [JavaFX Application Thread] DEBUG GameScene            - Added MainViewComponent
11:31:41.204 [JavaFX Application Thread] DEBUG GameScene            - Entity added to scene
11:31:41.204 [JavaFX Application Thread] DEBUG GameScene            - Added MainViewComponent
11:31:41.205 [JavaFX Application Thread] DEBUG GameScene            - Entity added to scene
11:31:41.205 [JavaFX Application Thread] DEBUG GameScene            - Added MainViewComponent
11:31:41.205 [JavaFX Application Thread] DEBUG GameScene            - Entity added to scene
11:31:41.205 [JavaFX Application Thread] DEBUG GameScene            - Added MainViewComponent
11:31:41.205 [JavaFX Application Thread] DEBUG GameScene            - Entity added to scene
11:31:41.205 [JavaFX Application Thread] DEBUG GameScene            - Added MainViewComponent
11:31:41.205 [JavaFX Application Thread] DEBUG GameScene            - Entity added to scene
11:31:41.205 [JavaFX Application Thread] DEBUG GameScene            - Added MainViewComponent
11:31:41.206 [JavaFX Application Thread] DEBUG GameScene            - Entity added to scene
11:31:41.206 [JavaFX Application Thread] DEBUG GameScene            - Added MainViewComponent
11:31:41.206 [JavaFX Application Thread] DEBUG GameScene            - Entity added to scene
11:31:41.206 [JavaFX Application Thread] DEBUG GameScene            - Added MainViewComponent
11:31:41.206 [JavaFX Application Thread] DEBUG GameScene            - Entity added to scene
11:31:41.206 [JavaFX Application Thread] DEBUG GameScene            - Added MainViewComponent
11:31:41.206 [JavaFX Application Thread] DEBUG GameScene            - Entity added to scene
11:31:41.206 [JavaFX Application Thread] DEBUG GameScene            - Added MainViewComponent
11:31:41.207 [JavaFX Application Thread] DEBUG GameScene            - Entity added to scene
11:31:41.207 [JavaFX Application Thread] DEBUG GameScene            - Added MainViewComponent
11:31:41.207 [JavaFX Application Thread] DEBUG GameScene            - Entity added to scene
11:31:41.207 [JavaFX Application Thread] DEBUG GameScene            - Added MainViewComponent
11:31:41.207 [JavaFX Application Thread] DEBUG GameScene            - Entity added to scene
11:31:41.207 [JavaFX Application Thread] DEBUG GameScene            - Added MainViewComponent
11:31:41.208 [JavaFX Application Thread] DEBUG GameScene            - Entity added to scene
11:31:41.208 [JavaFX Application Thread] DEBUG GameScene            - Added MainViewComponent
11:31:41.208 [JavaFX Application Thread] DEBUG GameScene            - Entity added to scene
11:31:41.208 [JavaFX Application Thread] DEBUG GameScene            - Added MainViewComponent
11:31:41.208 [JavaFX Application Thread] DEBUG GameScene            - Entity added to scene
11:31:41.208 [JavaFX Application Thread] DEBUG GameScene            - Added MainViewComponent
11:31:41.208 [JavaFX Application Thread] DEBUG GameScene            - Entity added to scene
11:31:41.209 [JavaFX Application Thread] DEBUG GameScene            - Added MainViewComponent
11:31:41.209 [JavaFX Application Thread] DEBUG GameScene            - Entity added to scene
11:31:41.209 [JavaFX Application Thread] DEBUG GameScene            - Added MainViewComponent
11:31:41.209 [JavaFX Application Thread] DEBUG GameScene            - Entity added to scene
11:31:41.209 [JavaFX Application Thread] DEBUG GameScene            - Added MainViewComponent
11:31:41.209 [JavaFX Application Thread] DEBUG GameScene            - Entity added to scene
11:31:41.209 [JavaFX Application Thread] DEBUG GameScene            - Added MainViewComponent
11:31:41.210 [JavaFX Application Thread] DEBUG GameScene            - Entity added to scene
11:31:41.210 [JavaFX Application Thread] DEBUG GameScene            - Added MainViewComponent
11:31:41.210 [JavaFX Application Thread] DEBUG GameScene            - Entity added to scene
11:31:41.210 [JavaFX Application Thread] DEBUG GameScene            - Added MainViewComponent
11:31:41.210 [JavaFX Application Thread] DEBUG GameScene            - Entity added to scene
11:31:41.210 [JavaFX Application Thread] DEBUG GameScene            - Added MainViewComponent
11:31:41.210 [JavaFX Application Thread] DEBUG GameScene            - Entity added to scene
11:31:41.210 [JavaFX Application Thread] DEBUG GameScene            - Added MainViewComponent
11:31:41.210 [JavaFX Application Thread] DEBUG GameScene            - Entity added to scene
11:31:41.210 [JavaFX Application Thread] DEBUG GameScene            - Added MainViewComponent
11:31:41.211 [JavaFX Application Thread] DEBUG GameScene            - Entity added to scene
11:31:41.211 [JavaFX Application Thread] DEBUG GameScene            - Added MainViewComponent
11:31:41.211 [JavaFX Application Thread] DEBUG GameScene            - Entity added to scene
11:31:41.211 [JavaFX Application Thread] DEBUG GameScene            - Added MainViewComponent
11:31:41.211 [JavaFX Application Thread] DEBUG GameScene            - Entity added to scene
11:31:41.211 [JavaFX Application Thread] DEBUG GameScene            - Added MainViewComponent
11:31:41.211 [JavaFX Application Thread] DEBUG GameScene            - Entity added to scene
11:31:41.211 [JavaFX Application Thread] DEBUG GameScene            - Added MainViewComponent
11:31:41.211 [JavaFX Application Thread] DEBUG GameScene            - Creating render group for layer: BACKGROUND(0)
11:31:45.331 [JavaFX Application Thread] DEBUG GameScene            - Entity removed from scene
11:31:45.332 [JavaFX Application Thread] DEBUG GameScene            - Removed MainViewComponent
11:31:45.782 [JavaFX Application Thread] DEBUG GameScene            - Entity removed from scene
11:31:45.782 [JavaFX Application Thread] DEBUG GameScene            - Removed MainViewComponent
11:31:46.122 [JavaFX Application Thread] FATAL FXGLExceptionHandler - Uncaught Exception:
11:31:46.124 [JavaFX Application Thread] FATAL FXGLExceptionHandler - 

Exception occurred: java.lang.NullPointerException : null
E: com.gamedesign.pacman.control.PlayerControl.onUpdate(PlayerControl.java:37)
E: com.almasb.ents.Entity.update(Entity.java:545)
E: com.almasb.ents.EntityWorld.update(EntityWorld.java:263)
E: com.almasb.fxgl.gameplay.GameWorld.onUpdateEvent(GameWorld.java:88)
E: com.almasb.fxgl.time.FXGLMasterTimer.handle(FXGLMasterTimer.kt:143)
E: javafx.animation.AnimationTimer$AnimationTimerReceiver.lambda$handle$485(AnimationTimer.java:57)
E: java.security.AccessController.doPrivileged(Native Method)
E: javafx.animation.AnimationTimer$AnimationTimerReceiver.handle(AnimationTimer.java:56)
E: com.sun.scenario.animation.AbstractMasterTimer.timePulseImpl(AbstractMasterTimer.java:357)
E: com.sun.scenario.animation.AbstractMasterTimer$MainLoop.run(AbstractMasterTimer.java:267)
E: com.sun.javafx.tk.quantum.QuantumToolkit.pulse(QuantumToolkit.java:506)
E: com.sun.javafx.tk.quantum.QuantumToolkit.pulse(QuantumToolkit.java:490)
E: com.sun.javafx.tk.quantum.QuantumToolkit.lambda$runToolkit$405(QuantumToolkit.java:319)
E: com.sun.glass.ui.InvokeLaterDispatcher$Future.run(InvokeLaterDispatcher.java:95)
E: com.sun.glass.ui.win.WinApplication._runLoop(Native Method)
E: com.sun.glass.ui.win.WinApplication.lambda$null$149(WinApplication.java:191)
E: java.lang.Thread.run(Thread.java:745)

11:31:46.124 [JavaFX Application Thread] FATAL FXGLExceptionHandler - Application will now exit
11:31:46.124 [JavaFX Application Thread] DEBUG FXGLInput            - Clearing active input actions
11:31:46.125 [JavaFX Application Thread] DEBUG FXGLMasterTimer      - Stopping master timer
11:31:46.125 [JavaFX Application Thread] DEBUG GameApplication      - State: PLAYING -> PAUSED
11:31:46.125 [JavaFX Application Thread] DEBUG FXGLEventBus         - Firing event: FXGLEvent[type=PAUSE]
11:31:54.019 [JavaFX Application Thread] DEBUG FXGLEventBus         - Firing event: FXGLEvent[type=EXIT]
11:31:54.020 [JavaFX Application Thread] DEBUG FXGL                 - Saving FXGL system data
11:31:54.023 [JavaFX Application Thread] DEBUG IOTask               - Executing task: writeDataTask(system/fxgl.bundle)
11:31:54.032 [JavaFX Application Thread] DEBUG FS                   - Writing to: system\fxgl.bundle
11:31:54.041 [JavaFX Application Thread] DEBUG IOTask               - Task succeeded: writeDataTask(system/fxgl.bundle)
