10:19:41.291 [FXGL Launcher Thread     ] DEBUG FXGLLoggerFactory    - Service [LoggerFactory] initialized
10:19:41.301 [FXGL Launcher Thread     ] DEBUG FXGL                 - FXGL configuration complete
10:19:41.301 [FXGL Launcher Thread     ] DEBUG FXGL                 - Loading FXGL system data
10:19:41.307 [FXGL Launcher Thread     ] DEBUG IOTask               - Executing task: readDataTask(system/fxgl.bundle)
10:19:41.312 [FXGL Launcher Thread     ] DEBUG FS                   - Reading from: system\fxgl.bundle
10:19:41.322 [FXGL Launcher Thread     ] DEBUG IOTask               - Task succeeded: readDataTask(system/fxgl.bundle)
10:19:41.322 [FXGL Launcher Thread     ] DEBUG Bundle               - Logging bundle: FXGL
10:19:41.323 [FXGL Launcher Thread     ] DEBUG Bundle               - FXGL.offline.timer.version.check=2017-01-18T11:24:23.393
10:19:41.333 [JavaFX Application Thread] DEBUG UpdaterTask          - Checking for updates
10:19:41.432 [JavaFX Application Thread] DEBUG FXGLEventBus         - Service [EventBus] initialized
10:19:41.436 [JavaFX Application Thread] DEBUG FXGLExecutor         - Service [Executor] initialized
10:19:41.439 [JavaFX Application Thread] DEBUG IOTask               - Showing dialog
10:19:41.442 [FXGL Background Thread 1 ] DEBUG IOTask               - Executing task: openStream(https://raw.githubusercontent.com/AlmasB/FXGL/master/pom.xml)
10:19:41.442 [FXGL Background Thread 1 ] DEBUG IOTask               - Executing task: openStream(https://raw.githubusercontent.com/AlmasB/FXGL/master/pom.xml)
10:19:42.043 [JavaFX Application Thread] DEBUG IOTask               - fail(): Dismissing dialog
10:19:42.044 [JavaFX Application Thread] WARN  IOTask               - Task failed: openStream(https://raw.githubusercontent.com/AlmasB/FXGL/master/pom.xml) Error: javax.net.ssl.SSLHandshakeException: sun.security.validator.ValidatorException: PKIX path building failed: sun.security.provider.certpath.SunCertPathBuilderException: unable to find valid certification path to requested target
10:19:42.044 [JavaFX Application Thread] WARN  UpdaterTask          - Failed to find updates: javax.net.ssl.SSLHandshakeException: sun.security.validator.ValidatorException: PKIX path building failed: sun.security.provider.certpath.SunCertPathBuilderException: unable to find valid certification path to requested target
10:19:43.048 [FXGL Launcher Thread     ] DEBUG GameApplication      - Configuring GameApplication
10:19:43.052 [FXGL Launcher Thread     ] DEBUG FXGLExceptionHandler - Service [ExceptionHandler] initialized
10:19:43.052 [FXGL Launcher Thread     ] DEBUG PreInitTask          - Injecting gameWorld & physicsWorld
10:19:43.059 [FXGL Launcher Thread     ] DEBUG GameWorld            - Game world initialized
10:19:43.145 [FXGL Launcher Thread     ] DEBUG FXGLPooler           - Service [Pooler] initialized with default size = 128
10:19:43.146 [FXGL Launcher Thread     ] DEBUG PhysicsWorld         - Physics world initialized: appHeight=840.0, physics.ppm=50.0
10:19:43.149 [FXGL Launcher Thread     ] DEBUG FXGLInput            - Service [Input] initialized
10:19:43.178 [FXGL Launcher Thread     ] DEBUG FXGLInput            - Registered new binding: Screenshot - P
10:19:43.179 [FXGL Launcher Thread     ] DEBUG FXGLInput            - Registered new binding: Dev Options - CTRL+0
10:19:43.180 [FXGL Launcher Thread     ] DEBUG FXGLInput            - Registered new binding: Up - W
10:19:43.180 [FXGL Launcher Thread     ] DEBUG FXGLInput            - Registered new binding: Left - A
10:19:43.181 [FXGL Launcher Thread     ] DEBUG FXGLInput            - Registered new binding: Down - S
10:19:43.181 [FXGL Launcher Thread     ] DEBUG FXGLInput            - Registered new binding: Right - D
10:19:43.220 [FXGL Launcher Thread     ] DEBUG GameScene            - Game scene initialized: 1040.0x840.0
10:19:43.224 [FXGL Launcher Thread     ] DEBUG FXGLAssetLoader      - Service [AssetLoader] initialized: cacheSize=35
10:19:43.229 [FXGL Launcher Thread     ] DEBUG FXGLAssetLoader      - Loading from disk: /assets/sounds/system/notification.wav
10:19:43.269 [FXGL Launcher Thread     ] DEBUG FXGLAssetLoader      - Loading from disk: /assets/sounds/menu/select.wav
10:19:43.271 [FXGL Launcher Thread     ] DEBUG FXGLAssetLoader      - Loading from disk: /assets/sounds/menu/back.wav
10:19:43.273 [FXGL Launcher Thread     ] DEBUG FXGLAssetLoader      - Loading from disk: /assets/sounds/menu/press.wav
10:19:43.276 [FXGL Launcher Thread     ] DEBUG FXGLAssetLoader      - Loading from disk: /assets/ui/fonts/Copperplate_Gothic_Light_Regular.ttf
10:19:43.283 [FXGL Launcher Thread     ] DEBUG FXGLAssetLoader      - Loading from disk: /assets/ui/css/fxgl.css
10:19:43.283 [FXGL Launcher Thread     ] DEBUG FXGLAssetLoader      - Loading from disk: /assets/ui/icons/fxgl_icon.png
10:19:43.313 [FXGL Launcher Thread     ] DEBUG FXGLAssetLoader      - Loading from disk: /assets/ui/css/fxgl_dark.css
10:19:43.323 [FXGL Launcher Thread     ] DEBUG FXGLDisplay          - Target size: DoubleProperty [value: 1040.0] x DoubleProperty [value: 840.0] @ 1.0
10:19:43.323 [FXGL Launcher Thread     ] DEBUG FXGLDisplay          - New size:    1040.0 x 840.0 @ DoubleProperty [value: 1.0]
10:19:43.324 [FXGL Launcher Thread     ] DEBUG FXGLDisplay          - Service [Display] initialized
10:19:43.324 [FXGL Launcher Thread     ] DEBUG FXGLDisplay          - Using CSS: CSS(externalForm=jar:file:/C:/Computer%20Science/Game%20Design/3rd/Pacman/lib/fxgl-0.2.9-uber.jar!/assets/ui/css/fxgl_dark.css)
10:19:43.325 [FXGL Launcher Thread     ] DEBUG InitScenesTask       - Injecting loadingScene & gameScene
10:19:43.355 [FXGL Launcher Thread     ] DEBUG FXGLMasterTimer      - Service [MasterTimer] initialized
10:19:43.358 [FXGL Launcher Thread     ] DEBUG FXGLAudioPlayer      - Service [AudioPlayer] initialized
10:19:43.368 [FXGL Launcher Thread     ] DEBUG GameApplication      - Starting new game
10:19:43.369 [FXGL Launcher Thread     ] DEBUG GameApplication      - Initializing App
10:19:43.371 [FXGL Launcher Thread     ] DEBUG FXGLInput            - Clearing active input actions
10:19:43.371 [FXGL Launcher Thread     ] DEBUG FXGLMasterTimer      - Stopping master timer
10:19:43.371 [FXGL Launcher Thread     ] DEBUG GameApplication      - State: STARTUP -> PAUSED
10:19:43.372 [FXGL Launcher Thread     ] DEBUG FXGLEventBus         - Firing event: FXGLEvent[type=PAUSE]
10:19:43.373 [FXGL Launcher Thread     ] DEBUG FXGLInput            - Clearing active input actions
10:19:43.373 [FXGL Launcher Thread     ] DEBUG FXGLMasterTimer      - Resetting ticks and clearing all actions
10:19:43.373 [FXGL Launcher Thread     ] DEBUG GameWorld            - Resetting game world
10:19:43.373 [FXGL Launcher Thread     ] TRACE EntityWorld          - Resetting entity world
10:19:43.376 [FXGL Launcher Thread     ] DEBUG PhysicsWorld         - Resetting physics world
10:19:43.376 [FXGL Launcher Thread     ] DEBUG GameScene            - Resetting game scene
10:19:43.376 [FXGL Launcher Thread     ] DEBUG FXGLEventBus         - Firing event: FXGLEvent[type=RESET]
10:19:43.446 [FXGL Launcher Thread     ] DEBUG GameApplication      - State: PAUSED -> LOADING
10:19:43.481 [FXGL Background Thread 1 ] DEBUG InitAppTask          - Initializing Assets
10:19:43.482 [FXGL Background Thread 1 ] DEBUG InitAppTask          - Initializing Game
10:19:43.490 [FXGL Background Thread 1 ] DEBUG FXGLAssetLoader      - Loading from disk: /assets/text/level.txt
10:19:43.590 [JavaFX Application Thread] DEBUG FXGLDisplay          - Showing stage
10:19:43.590 [JavaFX Application Thread] DEBUG FXGLDisplay          - Root size: 1040.0x840.0
10:19:43.590 [JavaFX Application Thread] DEBUG FXGLDisplay          - Scene size: 1040.0x840.0
10:19:43.591 [JavaFX Application Thread] DEBUG FXGLDisplay          - Stage size: 1058.0x885.0
10:19:43.888 [FXGL Background Thread 1 ] DEBUG GameWorld            - Resetting game world
10:19:43.888 [FXGL Background Thread 1 ] TRACE EntityWorld          - Resetting entity world
10:19:43.889 [FXGL Background Thread 1 ] DEBUG PhysicsWorld         - Resetting physics world
10:19:43.889 [FXGL Background Thread 1 ] DEBUG GameScene            - Resetting game scene
10:19:43.889 [FXGL Background Thread 1 ] DEBUG GameWorld            - Setting level: com.almasb.fxgl.gameplay.Level@2a1224ac
10:19:43.890 [FXGL Background Thread 1 ] DEBUG InitAppTask          - Initializing Physics
10:19:43.891 [FXGL Background Thread 1 ] DEBUG InitAppTask          - Initializing UI
10:19:43.892 [FXGL Background Thread 1 ] DEBUG FXGLAssetLoader      - Loading from disk: /assets/ui/
10:19:43.932 [FXGL Background Thread 1 ] FATAL FXGLAssetLoader      - Loading failed for asset: . Cause: 
unknown path

10:19:43.932 [JavaFX Application Thread] FATAL FXGLExceptionHandler - Uncaught Exception:
10:19:43.934 [JavaFX Application Thread] FATAL FXGLExceptionHandler - 

Exception occurred: java.lang.IllegalArgumentException : Failed to load asset: . Cause: 
unknown path

E: com.almasb.fxgl.asset.FXGLAssetLoader.loadFailed(FXGLAssetLoader.kt:639)
E: com.almasb.fxgl.asset.FXGLAssetLoader.loadUI(FXGLAssetLoader.kt:338)
E: com.gamedesign.pacman.PacmanApp.initUI(PacmanApp.java:125)
E: com.almasb.fxgl.app.InitAppTask.call(InitAppTask.kt:62)
E: com.almasb.fxgl.app.InitAppTask.call(InitAppTask.kt:38)
E: javafx.concurrent.Task$TaskCallable.call(Task.java:1423)
E: java.util.concurrent.FutureTask.run(FutureTask.java:266)
E: java.util.concurrent.Executors$RunnableAdapter.call(Executors.java:511)
E: java.util.concurrent.FutureTask.run(FutureTask.java:266)
E: java.util.concurrent.ThreadPoolExecutor.runWorker(ThreadPoolExecutor.java:1142)
E: java.util.concurrent.ThreadPoolExecutor$Worker.run(ThreadPoolExecutor.java:617)
E: java.lang.Thread.run(Thread.java:745)

10:19:43.934 [JavaFX Application Thread] FATAL FXGLExceptionHandler - Application will now exit
10:19:43.935 [JavaFX Application Thread] DEBUG FXGLInput            - Clearing active input actions
10:19:43.935 [JavaFX Application Thread] DEBUG FXGLMasterTimer      - Stopping master timer
10:19:43.935 [JavaFX Application Thread] DEBUG GameApplication      - State: LOADING -> PAUSED
10:19:43.935 [JavaFX Application Thread] DEBUG FXGLEventBus         - Firing event: FXGLEvent[type=PAUSE]
10:19:48.648 [JavaFX Application Thread] DEBUG FXGLEventBus         - Firing event: FXGLEvent[type=EXIT]
10:19:48.649 [JavaFX Application Thread] DEBUG FXGL                 - Saving FXGL system data
10:19:48.652 [JavaFX Application Thread] DEBUG IOTask               - Executing task: writeDataTask(system/fxgl.bundle)
10:19:48.661 [JavaFX Application Thread] DEBUG FS                   - Writing to: system\fxgl.bundle
10:19:48.666 [JavaFX Application Thread] DEBUG IOTask               - Task succeeded: writeDataTask(system/fxgl.bundle)
