11:24:23.368 [FXGL Launcher Thread     ] DEBUG FXGLLoggerFactory    - Service [LoggerFactory] initialized
11:24:23.376 [FXGL Launcher Thread     ] DEBUG FXGL                 - FXGL configuration complete
11:24:23.376 [FXGL Launcher Thread     ] DEBUG FXGL                 - Loading FXGL system data
11:24:23.381 [FXGL Launcher Thread     ] DEBUG IOTask               - Executing task: readDataTask(system/fxgl.bundle)
11:24:23.382 [FXGL Launcher Thread     ] WARN  FS                   - Path system\fxgl.bundle does not exist
11:24:23.382 [FXGL Launcher Thread     ] WARN  IOTask               - Task failed: readDataTask(system/fxgl.bundle) Error: java.io.FileNotFoundException: Path system\fxgl.bundle does not exist
11:24:23.383 [FXGL Launcher Thread     ] WARN  FXGL                 - Failed to load: java.io.FileNotFoundException: Path system\fxgl.bundle does not exist
11:24:23.383 [FXGL Launcher Thread     ] DEBUG FXGL                 - Loading default FXGL system data
11:24:23.393 [JavaFX Application Thread] DEBUG UpdaterTask          - Checking for updates
11:24:23.500 [JavaFX Application Thread] DEBUG FXGLEventBus         - Service [EventBus] initialized
11:24:23.504 [JavaFX Application Thread] DEBUG FXGLExecutor         - Service [Executor] initialized
11:24:23.508 [JavaFX Application Thread] DEBUG IOTask               - Showing dialog
11:24:23.512 [FXGL Background Thread 1 ] DEBUG IOTask               - Executing task: openStream(https://raw.githubusercontent.com/AlmasB/FXGL/master/pom.xml)
11:24:23.512 [FXGL Background Thread 1 ] DEBUG IOTask               - Executing task: openStream(https://raw.githubusercontent.com/AlmasB/FXGL/master/pom.xml)
11:24:24.232 [JavaFX Application Thread] DEBUG IOTask               - fail(): Dismissing dialog
11:24:24.233 [JavaFX Application Thread] WARN  IOTask               - Task failed: openStream(https://raw.githubusercontent.com/AlmasB/FXGL/master/pom.xml) Error: javax.net.ssl.SSLHandshakeException: sun.security.validator.ValidatorException: PKIX path building failed: sun.security.provider.certpath.SunCertPathBuilderException: unable to find valid certification path to requested target
11:24:24.233 [JavaFX Application Thread] WARN  UpdaterTask          - Failed to find updates: javax.net.ssl.SSLHandshakeException: sun.security.validator.ValidatorException: PKIX path building failed: sun.security.provider.certpath.SunCertPathBuilderException: unable to find valid certification path to requested target
11:24:25.186 [FXGL Launcher Thread     ] DEBUG GameApplication      - Configuring GameApplication
11:24:25.190 [FXGL Launcher Thread     ] DEBUG FXGLExceptionHandler - Service [ExceptionHandler] initialized
11:24:25.190 [FXGL Launcher Thread     ] DEBUG PreInitTask          - Injecting gameWorld & physicsWorld
11:24:25.197 [FXGL Launcher Thread     ] DEBUG GameWorld            - Game world initialized
11:24:25.276 [FXGL Launcher Thread     ] DEBUG FXGLPooler           - Service [Pooler] initialized with default size = 128
11:24:25.277 [FXGL Launcher Thread     ] DEBUG PhysicsWorld         - Physics world initialized: appHeight=840.0, physics.ppm=50.0
11:24:25.279 [FXGL Launcher Thread     ] DEBUG FXGLInput            - Service [Input] initialized
11:24:25.307 [FXGL Launcher Thread     ] DEBUG FXGLInput            - Registered new binding: Screenshot - P
11:24:25.307 [FXGL Launcher Thread     ] DEBUG FXGLInput            - Registered new binding: Dev Options - CTRL+0
11:24:25.332 [FXGL Launcher Thread     ] DEBUG GameScene            - Game scene initialized: 1040.0x840.0
11:24:25.336 [FXGL Launcher Thread     ] DEBUG FXGLAssetLoader      - Service [AssetLoader] initialized: cacheSize=35
11:24:25.338 [FXGL Launcher Thread     ] DEBUG FXGLAssetLoader      - Loading from disk: /assets/sounds/system/notification.wav
11:24:25.360 [FXGL Launcher Thread     ] DEBUG FXGLAssetLoader      - Loading from disk: /assets/sounds/menu/select.wav
11:24:25.363 [FXGL Launcher Thread     ] DEBUG FXGLAssetLoader      - Loading from disk: /assets/sounds/menu/back.wav
11:24:25.366 [FXGL Launcher Thread     ] DEBUG FXGLAssetLoader      - Loading from disk: /assets/sounds/menu/press.wav
11:24:25.369 [FXGL Launcher Thread     ] DEBUG FXGLAssetLoader      - Loading from disk: /assets/ui/fonts/Copperplate_Gothic_Light_Regular.ttf
11:24:25.375 [FXGL Launcher Thread     ] DEBUG FXGLAssetLoader      - Loading from disk: /assets/ui/css/fxgl.css
11:24:25.375 [FXGL Launcher Thread     ] DEBUG FXGLAssetLoader      - Loading from disk: /assets/ui/icons/fxgl_icon.png
11:24:25.405 [FXGL Launcher Thread     ] DEBUG FXGLAssetLoader      - Loading from disk: /assets/ui/css/fxgl_dark.css
11:24:25.415 [FXGL Launcher Thread     ] DEBUG FXGLDisplay          - Target size: DoubleProperty [value: 1040.0] x DoubleProperty [value: 840.0] @ 1.0
11:24:25.415 [FXGL Launcher Thread     ] DEBUG FXGLDisplay          - New size:    1040.0 x 840.0 @ DoubleProperty [value: 1.0]
11:24:25.415 [FXGL Launcher Thread     ] DEBUG FXGLDisplay          - Service [Display] initialized
11:24:25.416 [FXGL Launcher Thread     ] DEBUG FXGLDisplay          - Using CSS: CSS(externalForm=jar:file:/C:/Computer%20Science/Game%20Design/3rd/Pacman/lib/fxgl-0.2.9-uber.jar!/assets/ui/css/fxgl_dark.css)
11:24:25.416 [FXGL Launcher Thread     ] DEBUG InitScenesTask       - Injecting loadingScene & gameScene
11:24:25.439 [FXGL Launcher Thread     ] DEBUG FXGLMasterTimer      - Service [MasterTimer] initialized
11:24:25.441 [FXGL Launcher Thread     ] DEBUG FXGLAudioPlayer      - Service [AudioPlayer] initialized
11:24:25.452 [FXGL Launcher Thread     ] DEBUG GameApplication      - Starting new game
11:24:25.454 [FXGL Launcher Thread     ] DEBUG GameApplication      - Initializing App
11:24:25.455 [FXGL Launcher Thread     ] DEBUG FXGLInput            - Clearing active input actions
11:24:25.456 [FXGL Launcher Thread     ] DEBUG FXGLMasterTimer      - Stopping master timer
11:24:25.456 [FXGL Launcher Thread     ] DEBUG GameApplication      - State: STARTUP -> PAUSED
11:24:25.456 [FXGL Launcher Thread     ] DEBUG FXGLEventBus         - Firing event: FXGLEvent[type=PAUSE]
11:24:25.457 [FXGL Launcher Thread     ] DEBUG FXGLInput            - Clearing active input actions
11:24:25.457 [FXGL Launcher Thread     ] DEBUG FXGLMasterTimer      - Resetting ticks and clearing all actions
11:24:25.457 [FXGL Launcher Thread     ] DEBUG GameWorld            - Resetting game world
11:24:25.457 [FXGL Launcher Thread     ] TRACE EntityWorld          - Resetting entity world
11:24:25.460 [FXGL Launcher Thread     ] DEBUG PhysicsWorld         - Resetting physics world
11:24:25.460 [FXGL Launcher Thread     ] DEBUG GameScene            - Resetting game scene
11:24:25.460 [FXGL Launcher Thread     ] DEBUG FXGLEventBus         - Firing event: FXGLEvent[type=RESET]
11:24:25.523 [FXGL Launcher Thread     ] DEBUG GameApplication      - State: PAUSED -> LOADING
11:24:25.565 [FXGL Background Thread 1 ] DEBUG InitAppTask          - Initializing Assets
11:24:25.566 [FXGL Background Thread 1 ] DEBUG InitAppTask          - Initializing Game
11:24:25.601 [FXGL Background Thread 1 ] DEBUG InitAppTask          - Initializing Physics
11:24:25.602 [FXGL Background Thread 1 ] DEBUG InitAppTask          - Initializing UI
11:24:25.602 [FXGL Background Thread 1 ] DEBUG InitAppTask          - Initialization Complete
11:24:25.654 [JavaFX Application Thread] DEBUG FXGLDisplay          - Showing stage
11:24:25.654 [JavaFX Application Thread] DEBUG FXGLDisplay          - Root size: 1040.0x840.0
11:24:25.654 [JavaFX Application Thread] DEBUG FXGLDisplay          - Scene size: 1040.0x840.0
11:24:25.654 [JavaFX Application Thread] DEBUG FXGLDisplay          - Stage size: 1058.0x885.0
11:24:25.740 [JavaFX Application Thread] DEBUG FXGLInput            - Clearing active input actions
11:24:25.740 [JavaFX Application Thread] DEBUG FXGLMasterTimer      - Starting master timer
11:24:25.740 [JavaFX Application Thread] DEBUG GameApplication      - State: LOADING -> PLAYING
11:24:25.747 [JavaFX Application Thread] DEBUG FXGLEventBus         - Firing event: FXGLEvent[type=RESUME]
11:24:25.753 [JavaFX Application Thread] DEBUG GameScene            - Entity added to scene
11:24:25.754 [JavaFX Application Thread] DEBUG GameScene            - Added MainViewComponent
11:24:25.757 [JavaFX Application Thread] DEBUG GameScene            - Creating render group for layer: TOP(2147483647)
12:35:47.756 [JavaFX Application Thread] DEBUG FXGLEventBus         - Firing event: DisplayEvent[type=DIALOG_OPENED]
12:35:47.757 [JavaFX Application Thread] DEBUG FXGLInput            - Clearing active input actions
12:35:47.757 [JavaFX Application Thread] DEBUG FXGLMasterTimer      - Stopping master timer
12:35:47.757 [JavaFX Application Thread] DEBUG GameApplication      - State: PLAYING -> PAUSED
12:35:47.758 [JavaFX Application Thread] DEBUG FXGLEventBus         - Firing event: FXGLEvent[type=PAUSE]
12:35:47.758 [JavaFX Application Thread] DEBUG FXGLInput            - Clearing active input actions
12:35:49.165 [JavaFX Application Thread] DEBUG FXGLEventBus         - Firing event: DisplayEvent[type=DIALOG_CLOSED]
12:35:49.166 [JavaFX Application Thread] DEBUG FXGLInput            - Clearing active input actions
12:35:49.166 [JavaFX Application Thread] DEBUG FXGLMasterTimer      - Starting master timer
12:35:49.166 [JavaFX Application Thread] DEBUG GameApplication      - State: PAUSED -> PLAYING
12:35:49.166 [JavaFX Application Thread] DEBUG FXGLEventBus         - Firing event: FXGLEvent[type=RESUME]
12:35:49.167 [JavaFX Application Thread] DEBUG FXGLEventBus         - Firing event: DisplayEvent[type=CLOSE_REQUEST]
12:35:49.169 [JavaFX Application Thread] DEBUG FXGLEventBus         - Firing event: FXGLEvent[type=EXIT]
12:35:49.169 [JavaFX Application Thread] DEBUG FXGL                 - Saving FXGL system data
12:35:49.173 [JavaFX Application Thread] DEBUG IOTask               - Executing task: writeDataTask(system/fxgl.bundle)
12:35:49.180 [JavaFX Application Thread] DEBUG FS                   - Writing to: system\fxgl.bundle
12:35:49.198 [JavaFX Application Thread] DEBUG IOTask               - Task succeeded: writeDataTask(system/fxgl.bundle)
