11:08:57.824 [FXGL Launcher Thread     ] DEBUG FXGLLoggerFactory    - Service [LoggerFactory] initialized
11:08:57.829 [FXGL Launcher Thread     ] DEBUG FXGL                 - FXGL configuration complete
11:08:57.829 [FXGL Launcher Thread     ] DEBUG FXGL                 - Loading FXGL system data
11:08:57.833 [FXGL Launcher Thread     ] DEBUG IOTask               - Executing task: readDataTask(system/fxgl.bundle)
11:08:57.835 [FXGL Launcher Thread     ] DEBUG FS                   - Reading from: system\fxgl.bundle
11:08:57.843 [FXGL Launcher Thread     ] DEBUG IOTask               - Task succeeded: readDataTask(system/fxgl.bundle)
11:08:57.843 [FXGL Launcher Thread     ] DEBUG Bundle               - Logging bundle: FXGL
11:08:57.844 [FXGL Launcher Thread     ] DEBUG Bundle               - FXGL.offline.timer.version.check=2017-01-18T11:24:23.393
11:08:57.849 [JavaFX Application Thread] DEBUG UpdaterTask          - Checking for updates
11:08:57.928 [JavaFX Application Thread] DEBUG FXGLEventBus         - Service [EventBus] initialized
11:08:57.931 [JavaFX Application Thread] DEBUG FXGLExecutor         - Service [Executor] initialized
11:08:57.933 [JavaFX Application Thread] DEBUG IOTask               - Showing dialog
11:08:57.935 [FXGL Background Thread 1 ] DEBUG IOTask               - Executing task: openStream(https://raw.githubusercontent.com/AlmasB/FXGL/master/pom.xml)
11:08:57.935 [FXGL Background Thread 1 ] DEBUG IOTask               - Executing task: openStream(https://raw.githubusercontent.com/AlmasB/FXGL/master/pom.xml)
11:08:58.487 [JavaFX Application Thread] DEBUG IOTask               - fail(): Dismissing dialog
11:08:58.488 [JavaFX Application Thread] WARN  IOTask               - Task failed: openStream(https://raw.githubusercontent.com/AlmasB/FXGL/master/pom.xml) Error: javax.net.ssl.SSLHandshakeException: sun.security.validator.ValidatorException: PKIX path building failed: sun.security.provider.certpath.SunCertPathBuilderException: unable to find valid certification path to requested target
11:08:58.488 [JavaFX Application Thread] WARN  UpdaterTask          - Failed to find updates: javax.net.ssl.SSLHandshakeException: sun.security.validator.ValidatorException: PKIX path building failed: sun.security.provider.certpath.SunCertPathBuilderException: unable to find valid certification path to requested target
11:08:59.082 [FXGL Launcher Thread     ] DEBUG GameApplication      - Configuring GameApplication
11:08:59.100 [FXGL Launcher Thread     ] DEBUG FXGLExceptionHandler - Service [ExceptionHandler] initialized
11:08:59.100 [FXGL Launcher Thread     ] DEBUG PreInitTask          - Injecting gameWorld & physicsWorld
11:08:59.111 [FXGL Launcher Thread     ] DEBUG GameWorld            - Game world initialized
11:08:59.165 [FXGL Launcher Thread     ] DEBUG FXGLPooler           - Service [Pooler] initialized with default size = 128
11:08:59.166 [FXGL Launcher Thread     ] DEBUG PhysicsWorld         - Physics world initialized: appHeight=840.0, physics.ppm=50.0
11:08:59.168 [FXGL Launcher Thread     ] DEBUG FXGLInput            - Service [Input] initialized
11:08:59.191 [FXGL Launcher Thread     ] DEBUG FXGLInput            - Registered new binding: Screenshot - P
11:08:59.191 [FXGL Launcher Thread     ] DEBUG FXGLInput            - Registered new binding: Dev Options - CTRL+0
11:08:59.194 [FXGL Launcher Thread     ] DEBUG FXGLInput            - Registered new binding: Up - W
11:08:59.194 [FXGL Launcher Thread     ] DEBUG FXGLInput            - Registered new binding: Left - A
11:08:59.194 [FXGL Launcher Thread     ] DEBUG FXGLInput            - Registered new binding: Down - S
11:08:59.194 [FXGL Launcher Thread     ] DEBUG FXGLInput            - Registered new binding: Right - D
11:08:59.228 [FXGL Launcher Thread     ] DEBUG GameScene            - Game scene initialized: 960.0x840.0
11:08:59.231 [FXGL Launcher Thread     ] DEBUG FXGLAssetLoader      - Service [AssetLoader] initialized: cacheSize=35
11:08:59.233 [FXGL Launcher Thread     ] DEBUG FXGLAssetLoader      - Loading from disk: /assets/sounds/system/notification.wav
11:08:59.265 [FXGL Launcher Thread     ] DEBUG FXGLAssetLoader      - Loading from disk: /assets/sounds/menu/select.wav
11:08:59.268 [FXGL Launcher Thread     ] DEBUG FXGLAssetLoader      - Loading from disk: /assets/sounds/menu/back.wav
11:08:59.272 [FXGL Launcher Thread     ] DEBUG FXGLAssetLoader      - Loading from disk: /assets/sounds/menu/press.wav
11:08:59.274 [FXGL Launcher Thread     ] DEBUG FXGLAssetLoader      - Loading from disk: /assets/ui/fonts/Copperplate_Gothic_Light_Regular.ttf
11:08:59.282 [FXGL Launcher Thread     ] DEBUG FXGLAssetLoader      - Loading from disk: /assets/ui/css/fxgl.css
11:08:59.282 [FXGL Launcher Thread     ] DEBUG FXGLAssetLoader      - Loading from disk: /assets/ui/icons/fxgl_icon.png
11:08:59.313 [FXGL Launcher Thread     ] DEBUG FXGLAssetLoader      - Loading from disk: /assets/ui/css/fxgl_dark.css
11:08:59.324 [FXGL Launcher Thread     ] DEBUG FXGLDisplay          - Target size: DoubleProperty [value: 960.0] x DoubleProperty [value: 840.0] @ 1.0
11:08:59.324 [FXGL Launcher Thread     ] DEBUG FXGLDisplay          - New size:    960.0 x 840.0 @ DoubleProperty [value: 1.0]
11:08:59.324 [FXGL Launcher Thread     ] DEBUG FXGLDisplay          - Service [Display] initialized
11:08:59.325 [FXGL Launcher Thread     ] DEBUG FXGLDisplay          - Using CSS: CSS(externalForm=jar:file:/C:/Computer%20Science/Game%20Design/3rd/Pacman/lib/fxgl-0.2.9-uber.jar!/assets/ui/css/fxgl_dark.css)
11:08:59.325 [FXGL Launcher Thread     ] DEBUG InitScenesTask       - Injecting loadingScene & gameScene
11:08:59.344 [FXGL Launcher Thread     ] DEBUG FXGLMasterTimer      - Service [MasterTimer] initialized
11:08:59.347 [FXGL Launcher Thread     ] DEBUG FXGLAudioPlayer      - Service [AudioPlayer] initialized
11:08:59.356 [FXGL Launcher Thread     ] DEBUG GameApplication      - Starting new game
11:08:59.357 [FXGL Launcher Thread     ] DEBUG GameApplication      - Initializing App
11:08:59.358 [FXGL Launcher Thread     ] DEBUG FXGLInput            - Clearing active input actions
11:08:59.359 [FXGL Launcher Thread     ] DEBUG FXGLMasterTimer      - Stopping master timer
11:08:59.359 [FXGL Launcher Thread     ] DEBUG GameApplication      - State: STARTUP -> PAUSED
11:08:59.359 [FXGL Launcher Thread     ] DEBUG FXGLEventBus         - Firing event: FXGLEvent[type=PAUSE]
11:08:59.360 [FXGL Launcher Thread     ] DEBUG FXGLInput            - Clearing active input actions
11:08:59.360 [FXGL Launcher Thread     ] DEBUG FXGLMasterTimer      - Resetting ticks and clearing all actions
11:08:59.360 [FXGL Launcher Thread     ] DEBUG GameWorld            - Resetting game world
11:08:59.360 [FXGL Launcher Thread     ] TRACE EntityWorld          - Resetting entity world
11:08:59.363 [FXGL Launcher Thread     ] DEBUG PhysicsWorld         - Resetting physics world
11:08:59.363 [FXGL Launcher Thread     ] DEBUG GameScene            - Resetting game scene
11:08:59.363 [FXGL Launcher Thread     ] DEBUG FXGLEventBus         - Firing event: FXGLEvent[type=RESET]
11:08:59.434 [FXGL Launcher Thread     ] DEBUG GameApplication      - State: PAUSED -> LOADING
11:08:59.472 [FXGL Background Thread 1 ] DEBUG InitAppTask          - Initializing Assets
11:08:59.473 [FXGL Background Thread 1 ] DEBUG InitAppTask          - Initializing Game
11:08:59.479 [FXGL Background Thread 1 ] DEBUG FXGLAssetLoader      - Loading from disk: /assets/text/level.txt
11:08:59.564 [JavaFX Application Thread] DEBUG FXGLDisplay          - Showing stage
11:08:59.564 [JavaFX Application Thread] DEBUG FXGLDisplay          - Root size: 960.0x840.0
11:08:59.565 [JavaFX Application Thread] DEBUG FXGLDisplay          - Scene size: 960.0x840.0
11:08:59.565 [JavaFX Application Thread] DEBUG FXGLDisplay          - Stage size: 978.0x885.0
11:08:59.825 [FXGL Background Thread 1 ] DEBUG GameWorld            - Resetting game world
11:08:59.826 [FXGL Background Thread 1 ] TRACE EntityWorld          - Resetting entity world
11:08:59.826 [FXGL Background Thread 1 ] DEBUG PhysicsWorld         - Resetting physics world
11:08:59.826 [FXGL Background Thread 1 ] DEBUG GameScene            - Resetting game scene
11:08:59.826 [FXGL Background Thread 1 ] DEBUG GameWorld            - Setting level: com.almasb.fxgl.gameplay.Level@194efb53
11:08:59.828 [FXGL Background Thread 1 ] DEBUG InitAppTask          - Initializing Physics
11:08:59.829 [FXGL Background Thread 1 ] DEBUG InitAppTask          - Initializing UI
11:08:59.830 [FXGL Background Thread 1 ] DEBUG FXGLAssetLoader      - Loading from disk: /assets/ui/pacman_ui.fxml
11:08:59.884 [FXGL Background Thread 1 ] DEBUG GameScene            - Adding UI node: Pane@793873d6
11:08:59.884 [FXGL Background Thread 1 ] DEBUG InitAppTask          - Initialization Complete
11:08:59.888 [JavaFX Application Thread] DEBUG FXGLInput            - Clearing active input actions
11:08:59.889 [JavaFX Application Thread] DEBUG FXGLMasterTimer      - Starting master timer
11:08:59.889 [JavaFX Application Thread] DEBUG GameApplication      - State: LOADING -> PLAYING
11:08:59.899 [JavaFX Application Thread] DEBUG FXGLEventBus         - Firing event: FXGLEvent[type=RESUME]
11:08:59.906 [JavaFX Application Thread] DEBUG GameScene            - Entity added to scene
11:08:59.907 [JavaFX Application Thread] DEBUG GameScene            - Added MainViewComponent
11:08:59.909 [JavaFX Application Thread] DEBUG GameScene            - Creating render group for layer: PLAYGROUND(1073741823)
11:08:59.912 [JavaFX Application Thread] DEBUG GameScene            - Entity added to scene
11:08:59.913 [JavaFX Application Thread] DEBUG GameScene            - Added MainViewComponent
11:08:59.914 [JavaFX Application Thread] DEBUG GameScene            - Entity added to scene
11:08:59.914 [JavaFX Application Thread] DEBUG GameScene            - Added MainViewComponent
11:08:59.914 [JavaFX Application Thread] DEBUG GameScene            - Entity added to scene
11:08:59.915 [JavaFX Application Thread] DEBUG GameScene            - Added MainViewComponent
11:08:59.915 [JavaFX Application Thread] DEBUG GameScene            - Entity added to scene
11:08:59.915 [JavaFX Application Thread] DEBUG GameScene            - Added MainViewComponent
11:08:59.916 [JavaFX Application Thread] DEBUG GameScene            - Entity added to scene
11:08:59.916 [JavaFX Application Thread] DEBUG GameScene            - Added MainViewComponent
11:08:59.917 [JavaFX Application Thread] DEBUG GameScene            - Entity added to scene
11:08:59.917 [JavaFX Application Thread] DEBUG GameScene            - Added MainViewComponent
11:08:59.918 [JavaFX Application Thread] DEBUG GameScene            - Entity added to scene
11:08:59.918 [JavaFX Application Thread] DEBUG GameScene            - Added MainViewComponent
11:08:59.918 [JavaFX Application Thread] DEBUG GameScene            - Entity added to scene
11:08:59.918 [JavaFX Application Thread] DEBUG GameScene            - Added MainViewComponent
11:08:59.919 [JavaFX Application Thread] DEBUG GameScene            - Entity added to scene
11:08:59.919 [JavaFX Application Thread] DEBUG GameScene            - Added MainViewComponent
11:08:59.919 [JavaFX Application Thread] DEBUG GameScene            - Entity added to scene
11:08:59.919 [JavaFX Application Thread] DEBUG GameScene            - Added MainViewComponent
11:08:59.920 [JavaFX Application Thread] DEBUG GameScene            - Entity added to scene
11:08:59.920 [JavaFX Application Thread] DEBUG GameScene            - Added MainViewComponent
11:08:59.921 [JavaFX Application Thread] DEBUG GameScene            - Entity added to scene
11:08:59.921 [JavaFX Application Thread] DEBUG GameScene            - Added MainViewComponent
11:08:59.921 [JavaFX Application Thread] DEBUG GameScene            - Entity added to scene
11:08:59.921 [JavaFX Application Thread] DEBUG GameScene            - Added MainViewComponent
11:08:59.922 [JavaFX Application Thread] DEBUG GameScene            - Entity added to scene
11:08:59.922 [JavaFX Application Thread] DEBUG GameScene            - Added MainViewComponent
11:08:59.922 [JavaFX Application Thread] DEBUG GameScene            - Entity added to scene
11:08:59.922 [JavaFX Application Thread] DEBUG GameScene            - Added MainViewComponent
11:08:59.923 [JavaFX Application Thread] DEBUG GameScene            - Entity added to scene
11:08:59.923 [JavaFX Application Thread] DEBUG GameScene            - Added MainViewComponent
11:08:59.923 [JavaFX Application Thread] DEBUG GameScene            - Entity added to scene
11:08:59.923 [JavaFX Application Thread] DEBUG GameScene            - Added MainViewComponent
11:08:59.924 [JavaFX Application Thread] DEBUG GameScene            - Entity added to scene
11:08:59.924 [JavaFX Application Thread] DEBUG GameScene            - Added MainViewComponent
11:08:59.924 [JavaFX Application Thread] DEBUG GameScene            - Entity added to scene
11:08:59.924 [JavaFX Application Thread] DEBUG GameScene            - Added MainViewComponent
11:08:59.925 [JavaFX Application Thread] DEBUG GameScene            - Entity added to scene
11:08:59.925 [JavaFX Application Thread] DEBUG GameScene            - Added MainViewComponent
11:08:59.925 [JavaFX Application Thread] DEBUG GameScene            - Entity added to scene
11:08:59.925 [JavaFX Application Thread] DEBUG GameScene            - Added MainViewComponent
11:08:59.925 [JavaFX Application Thread] DEBUG GameScene            - Entity added to scene
11:08:59.926 [JavaFX Application Thread] DEBUG GameScene            - Added MainViewComponent
11:08:59.926 [JavaFX Application Thread] DEBUG GameScene            - Entity added to scene
11:08:59.926 [JavaFX Application Thread] DEBUG GameScene            - Added MainViewComponent
11:08:59.926 [JavaFX Application Thread] DEBUG GameScene            - Entity added to scene
11:08:59.926 [JavaFX Application Thread] DEBUG GameScene            - Added MainViewComponent
11:08:59.927 [JavaFX Application Thread] DEBUG GameScene            - Entity added to scene
11:08:59.927 [JavaFX Application Thread] DEBUG GameScene            - Added MainViewComponent
11:08:59.927 [JavaFX Application Thread] DEBUG GameScene            - Entity added to scene
11:08:59.927 [JavaFX Application Thread] DEBUG GameScene            - Added MainViewComponent
11:08:59.927 [JavaFX Application Thread] DEBUG GameScene            - Entity added to scene
11:08:59.927 [JavaFX Application Thread] DEBUG GameScene            - Added MainViewComponent
11:08:59.927 [JavaFX Application Thread] DEBUG GameScene            - Entity added to scene
11:08:59.927 [JavaFX Application Thread] DEBUG GameScene            - Added MainViewComponent
11:08:59.927 [JavaFX Application Thread] DEBUG GameScene            - Entity added to scene
11:08:59.928 [JavaFX Application Thread] DEBUG GameScene            - Added MainViewComponent
11:08:59.928 [JavaFX Application Thread] DEBUG GameScene            - Entity added to scene
11:08:59.928 [JavaFX Application Thread] DEBUG GameScene            - Added MainViewComponent
11:08:59.928 [JavaFX Application Thread] DEBUG GameScene            - Entity added to scene
11:08:59.928 [JavaFX Application Thread] DEBUG GameScene            - Added MainViewComponent
11:08:59.928 [JavaFX Application Thread] DEBUG GameScene            - Entity added to scene
11:08:59.928 [JavaFX Application Thread] DEBUG GameScene            - Added MainViewComponent
11:08:59.929 [JavaFX Application Thread] DEBUG GameScene            - Entity added to scene
11:08:59.929 [JavaFX Application Thread] DEBUG GameScene            - Added MainViewComponent
11:08:59.929 [JavaFX Application Thread] DEBUG GameScene            - Entity added to scene
11:08:59.929 [JavaFX Application Thread] DEBUG GameScene            - Added MainViewComponent
11:08:59.929 [JavaFX Application Thread] DEBUG GameScene            - Entity added to scene
11:08:59.929 [JavaFX Application Thread] DEBUG GameScene            - Added MainViewComponent
11:08:59.930 [JavaFX Application Thread] DEBUG GameScene            - Entity added to scene
11:08:59.930 [JavaFX Application Thread] DEBUG GameScene            - Added MainViewComponent
11:08:59.930 [JavaFX Application Thread] DEBUG GameScene            - Entity added to scene
11:08:59.930 [JavaFX Application Thread] DEBUG GameScene            - Added MainViewComponent
11:08:59.930 [JavaFX Application Thread] DEBUG GameScene            - Entity added to scene
11:08:59.930 [JavaFX Application Thread] DEBUG GameScene            - Added MainViewComponent
11:08:59.930 [JavaFX Application Thread] DEBUG GameScene            - Entity added to scene
11:08:59.930 [JavaFX Application Thread] DEBUG GameScene            - Added MainViewComponent
11:08:59.931 [JavaFX Application Thread] DEBUG GameScene            - Entity added to scene
11:08:59.931 [JavaFX Application Thread] DEBUG GameScene            - Added MainViewComponent
11:08:59.931 [JavaFX Application Thread] DEBUG GameScene            - Entity added to scene
11:08:59.931 [JavaFX Application Thread] DEBUG GameScene            - Added MainViewComponent
11:08:59.931 [JavaFX Application Thread] DEBUG GameScene            - Entity added to scene
11:08:59.931 [JavaFX Application Thread] DEBUG GameScene            - Added MainViewComponent
11:08:59.931 [JavaFX Application Thread] DEBUG GameScene            - Entity added to scene
11:08:59.931 [JavaFX Application Thread] DEBUG GameScene            - Added MainViewComponent
11:08:59.931 [JavaFX Application Thread] DEBUG GameScene            - Entity added to scene
11:08:59.931 [JavaFX Application Thread] DEBUG GameScene            - Added MainViewComponent
11:08:59.932 [JavaFX Application Thread] DEBUG GameScene            - Entity added to scene
11:08:59.932 [JavaFX Application Thread] DEBUG GameScene            - Added MainViewComponent
11:08:59.932 [JavaFX Application Thread] DEBUG GameScene            - Entity added to scene
11:08:59.932 [JavaFX Application Thread] DEBUG GameScene            - Added MainViewComponent
11:08:59.932 [JavaFX Application Thread] DEBUG GameScene            - Entity added to scene
11:08:59.932 [JavaFX Application Thread] DEBUG GameScene            - Added MainViewComponent
11:08:59.932 [JavaFX Application Thread] DEBUG GameScene            - Entity added to scene
11:08:59.932 [JavaFX Application Thread] DEBUG GameScene            - Added MainViewComponent
11:08:59.933 [JavaFX Application Thread] DEBUG GameScene            - Entity added to scene
11:08:59.933 [JavaFX Application Thread] DEBUG GameScene            - Added MainViewComponent
11:08:59.933 [JavaFX Application Thread] DEBUG GameScene            - Entity added to scene
11:08:59.933 [JavaFX Application Thread] DEBUG GameScene            - Added MainViewComponent
11:08:59.933 [JavaFX Application Thread] DEBUG GameScene            - Entity added to scene
11:08:59.933 [JavaFX Application Thread] DEBUG GameScene            - Added MainViewComponent
11:08:59.933 [JavaFX Application Thread] DEBUG GameScene            - Entity added to scene
11:08:59.933 [JavaFX Application Thread] DEBUG GameScene            - Added MainViewComponent
11:08:59.933 [JavaFX Application Thread] DEBUG GameScene            - Entity added to scene
11:08:59.933 [JavaFX Application Thread] DEBUG GameScene            - Added MainViewComponent
11:08:59.934 [JavaFX Application Thread] DEBUG GameScene            - Entity added to scene
11:08:59.934 [JavaFX Application Thread] DEBUG GameScene            - Added MainViewComponent
11:08:59.934 [JavaFX Application Thread] DEBUG GameScene            - Entity added to scene
11:08:59.934 [JavaFX Application Thread] DEBUG GameScene            - Added MainViewComponent
11:08:59.934 [JavaFX Application Thread] DEBUG GameScene            - Entity added to scene
11:08:59.934 [JavaFX Application Thread] DEBUG GameScene            - Added MainViewComponent
11:08:59.934 [JavaFX Application Thread] DEBUG GameScene            - Entity added to scene
11:08:59.934 [JavaFX Application Thread] DEBUG GameScene            - Added MainViewComponent
11:08:59.935 [JavaFX Application Thread] DEBUG GameScene            - Entity added to scene
11:08:59.935 [JavaFX Application Thread] DEBUG GameScene            - Added MainViewComponent
11:08:59.936 [JavaFX Application Thread] DEBUG GameScene            - Entity added to scene
11:08:59.937 [JavaFX Application Thread] DEBUG GameScene            - Added MainViewComponent
11:08:59.938 [JavaFX Application Thread] DEBUG GameScene            - Entity added to scene
11:08:59.938 [JavaFX Application Thread] DEBUG GameScene            - Added MainViewComponent
11:08:59.938 [JavaFX Application Thread] DEBUG GameScene            - Entity added to scene
11:08:59.938 [JavaFX Application Thread] DEBUG GameScene            - Added MainViewComponent
11:08:59.938 [JavaFX Application Thread] DEBUG GameScene            - Entity added to scene
11:08:59.938 [JavaFX Application Thread] DEBUG GameScene            - Added MainViewComponent
11:08:59.939 [JavaFX Application Thread] DEBUG GameScene            - Entity added to scene
11:08:59.939 [JavaFX Application Thread] DEBUG GameScene            - Added MainViewComponent
11:08:59.939 [JavaFX Application Thread] DEBUG GameScene            - Entity added to scene
11:08:59.939 [JavaFX Application Thread] DEBUG GameScene            - Added MainViewComponent
11:08:59.939 [JavaFX Application Thread] DEBUG GameScene            - Entity added to scene
11:08:59.939 [JavaFX Application Thread] DEBUG GameScene            - Added MainViewComponent
11:08:59.940 [JavaFX Application Thread] DEBUG GameScene            - Entity added to scene
11:08:59.940 [JavaFX Application Thread] DEBUG GameScene            - Added MainViewComponent
11:08:59.940 [JavaFX Application Thread] DEBUG GameScene            - Entity added to scene
11:08:59.940 [JavaFX Application Thread] DEBUG GameScene            - Added MainViewComponent
11:08:59.940 [JavaFX Application Thread] DEBUG GameScene            - Entity added to scene
11:08:59.940 [JavaFX Application Thread] DEBUG GameScene            - Added MainViewComponent
11:08:59.940 [JavaFX Application Thread] DEBUG GameScene            - Entity added to scene
11:08:59.941 [JavaFX Application Thread] DEBUG GameScene            - Added MainViewComponent
11:08:59.941 [JavaFX Application Thread] DEBUG GameScene            - Entity added to scene
11:08:59.941 [JavaFX Application Thread] DEBUG GameScene            - Added MainViewComponent
11:08:59.941 [JavaFX Application Thread] DEBUG GameScene            - Entity added to scene
11:08:59.941 [JavaFX Application Thread] DEBUG GameScene            - Added MainViewComponent
11:08:59.942 [JavaFX Application Thread] DEBUG GameScene            - Entity added to scene
11:08:59.942 [JavaFX Application Thread] DEBUG GameScene            - Added MainViewComponent
11:08:59.942 [JavaFX Application Thread] DEBUG GameScene            - Entity added to scene
11:08:59.942 [JavaFX Application Thread] DEBUG GameScene            - Added MainViewComponent
11:08:59.942 [JavaFX Application Thread] DEBUG GameScene            - Entity added to scene
11:08:59.942 [JavaFX Application Thread] DEBUG GameScene            - Added MainViewComponent
11:08:59.942 [JavaFX Application Thread] DEBUG GameScene            - Entity added to scene
11:08:59.942 [JavaFX Application Thread] DEBUG GameScene            - Added MainViewComponent
11:08:59.943 [JavaFX Application Thread] DEBUG GameScene            - Entity added to scene
11:08:59.943 [JavaFX Application Thread] DEBUG GameScene            - Added MainViewComponent
11:08:59.943 [JavaFX Application Thread] DEBUG GameScene            - Entity added to scene
11:08:59.943 [JavaFX Application Thread] DEBUG GameScene            - Added MainViewComponent
11:08:59.943 [JavaFX Application Thread] DEBUG GameScene            - Entity added to scene
11:08:59.943 [JavaFX Application Thread] DEBUG GameScene            - Added MainViewComponent
11:08:59.943 [JavaFX Application Thread] DEBUG GameScene            - Entity added to scene
11:08:59.943 [JavaFX Application Thread] DEBUG GameScene            - Added MainViewComponent
11:08:59.944 [JavaFX Application Thread] DEBUG GameScene            - Entity added to scene
11:08:59.944 [JavaFX Application Thread] DEBUG GameScene            - Added MainViewComponent
11:08:59.944 [JavaFX Application Thread] DEBUG GameScene            - Entity added to scene
11:08:59.944 [JavaFX Application Thread] DEBUG GameScene            - Added MainViewComponent
11:08:59.944 [JavaFX Application Thread] DEBUG GameScene            - Entity added to scene
11:08:59.944 [JavaFX Application Thread] DEBUG GameScene            - Added MainViewComponent
11:08:59.944 [JavaFX Application Thread] DEBUG GameScene            - Entity added to scene
11:08:59.944 [JavaFX Application Thread] DEBUG GameScene            - Added MainViewComponent
11:08:59.945 [JavaFX Application Thread] DEBUG GameScene            - Entity added to scene
11:08:59.945 [JavaFX Application Thread] DEBUG GameScene            - Added MainViewComponent
11:08:59.945 [JavaFX Application Thread] DEBUG GameScene            - Entity added to scene
11:08:59.945 [JavaFX Application Thread] DEBUG GameScene            - Added MainViewComponent
11:08:59.945 [JavaFX Application Thread] DEBUG GameScene            - Entity added to scene
11:08:59.945 [JavaFX Application Thread] DEBUG GameScene            - Added MainViewComponent
11:08:59.946 [JavaFX Application Thread] DEBUG GameScene            - Entity added to scene
11:08:59.946 [JavaFX Application Thread] DEBUG GameScene            - Added MainViewComponent
11:08:59.946 [JavaFX Application Thread] DEBUG GameScene            - Entity added to scene
11:08:59.946 [JavaFX Application Thread] DEBUG GameScene            - Added MainViewComponent
11:08:59.946 [JavaFX Application Thread] DEBUG GameScene            - Entity added to scene
11:08:59.946 [JavaFX Application Thread] DEBUG GameScene            - Added MainViewComponent
11:08:59.946 [JavaFX Application Thread] DEBUG GameScene            - Entity added to scene
11:08:59.946 [JavaFX Application Thread] DEBUG GameScene            - Added MainViewComponent
11:08:59.946 [JavaFX Application Thread] DEBUG GameScene            - Entity added to scene
11:08:59.946 [JavaFX Application Thread] DEBUG GameScene            - Added MainViewComponent
11:08:59.947 [JavaFX Application Thread] DEBUG GameScene            - Entity added to scene
11:08:59.947 [JavaFX Application Thread] DEBUG GameScene            - Added MainViewComponent
11:08:59.947 [JavaFX Application Thread] DEBUG GameScene            - Entity added to scene
11:08:59.947 [JavaFX Application Thread] DEBUG GameScene            - Added MainViewComponent
11:08:59.947 [JavaFX Application Thread] DEBUG GameScene            - Entity added to scene
11:08:59.947 [JavaFX Application Thread] DEBUG GameScene            - Added MainViewComponent
11:08:59.947 [JavaFX Application Thread] DEBUG GameScene            - Entity added to scene
11:08:59.947 [JavaFX Application Thread] DEBUG GameScene            - Added MainViewComponent
11:08:59.948 [JavaFX Application Thread] DEBUG GameScene            - Entity added to scene
11:08:59.948 [JavaFX Application Thread] DEBUG GameScene            - Added MainViewComponent
11:08:59.948 [JavaFX Application Thread] DEBUG GameScene            - Entity added to scene
11:08:59.948 [JavaFX Application Thread] DEBUG GameScene            - Added MainViewComponent
11:08:59.949 [JavaFX Application Thread] DEBUG GameScene            - Entity added to scene
11:08:59.949 [JavaFX Application Thread] DEBUG GameScene            - Added MainViewComponent
11:08:59.949 [JavaFX Application Thread] DEBUG GameScene            - Entity added to scene
11:08:59.949 [JavaFX Application Thread] DEBUG GameScene            - Added MainViewComponent
11:08:59.949 [JavaFX Application Thread] DEBUG GameScene            - Entity added to scene
11:08:59.949 [JavaFX Application Thread] DEBUG GameScene            - Added MainViewComponent
11:08:59.949 [JavaFX Application Thread] DEBUG GameScene            - Entity added to scene
11:08:59.950 [JavaFX Application Thread] DEBUG GameScene            - Added MainViewComponent
11:08:59.950 [JavaFX Application Thread] DEBUG GameScene            - Entity added to scene
11:08:59.950 [JavaFX Application Thread] DEBUG GameScene            - Added MainViewComponent
11:08:59.950 [JavaFX Application Thread] DEBUG GameScene            - Entity added to scene
11:08:59.950 [JavaFX Application Thread] DEBUG GameScene            - Added MainViewComponent
11:08:59.950 [JavaFX Application Thread] DEBUG GameScene            - Entity added to scene
11:08:59.950 [JavaFX Application Thread] DEBUG GameScene            - Added MainViewComponent
11:08:59.951 [JavaFX Application Thread] DEBUG GameScene            - Entity added to scene
11:08:59.951 [JavaFX Application Thread] DEBUG GameScene            - Added MainViewComponent
11:08:59.951 [JavaFX Application Thread] DEBUG GameScene            - Entity added to scene
11:08:59.951 [JavaFX Application Thread] DEBUG GameScene            - Added MainViewComponent
11:08:59.951 [JavaFX Application Thread] DEBUG GameScene            - Entity added to scene
11:08:59.951 [JavaFX Application Thread] DEBUG GameScene            - Added MainViewComponent
11:08:59.951 [JavaFX Application Thread] DEBUG GameScene            - Entity added to scene
11:08:59.951 [JavaFX Application Thread] DEBUG GameScene            - Added MainViewComponent
11:08:59.952 [JavaFX Application Thread] DEBUG GameScene            - Entity added to scene
11:08:59.952 [JavaFX Application Thread] DEBUG GameScene            - Added MainViewComponent
11:08:59.952 [JavaFX Application Thread] DEBUG GameScene            - Entity added to scene
11:08:59.952 [JavaFX Application Thread] DEBUG GameScene            - Added MainViewComponent
11:08:59.952 [JavaFX Application Thread] DEBUG GameScene            - Entity added to scene
11:08:59.952 [JavaFX Application Thread] DEBUG GameScene            - Added MainViewComponent
11:08:59.952 [JavaFX Application Thread] DEBUG GameScene            - Entity added to scene
11:08:59.953 [JavaFX Application Thread] DEBUG GameScene            - Added MainViewComponent
11:08:59.953 [JavaFX Application Thread] DEBUG GameScene            - Entity added to scene
11:08:59.953 [JavaFX Application Thread] DEBUG GameScene            - Added MainViewComponent
11:08:59.954 [JavaFX Application Thread] DEBUG GameScene            - Entity added to scene
11:08:59.954 [JavaFX Application Thread] DEBUG GameScene            - Added MainViewComponent
11:08:59.954 [JavaFX Application Thread] DEBUG GameScene            - Entity added to scene
11:08:59.954 [JavaFX Application Thread] DEBUG GameScene            - Added MainViewComponent
11:08:59.954 [JavaFX Application Thread] DEBUG GameScene            - Entity added to scene
11:08:59.954 [JavaFX Application Thread] DEBUG GameScene            - Added MainViewComponent
11:08:59.955 [JavaFX Application Thread] DEBUG GameScene            - Entity added to scene
11:08:59.955 [JavaFX Application Thread] DEBUG GameScene            - Added MainViewComponent
11:08:59.955 [JavaFX Application Thread] DEBUG GameScene            - Entity added to scene
11:08:59.955 [JavaFX Application Thread] DEBUG GameScene            - Added MainViewComponent
11:08:59.955 [JavaFX Application Thread] DEBUG GameScene            - Entity added to scene
11:08:59.955 [JavaFX Application Thread] DEBUG GameScene            - Added MainViewComponent
11:08:59.956 [JavaFX Application Thread] DEBUG GameScene            - Entity added to scene
11:08:59.956 [JavaFX Application Thread] DEBUG GameScene            - Added MainViewComponent
11:08:59.956 [JavaFX Application Thread] DEBUG GameScene            - Entity added to scene
11:08:59.956 [JavaFX Application Thread] DEBUG GameScene            - Added MainViewComponent
11:08:59.956 [JavaFX Application Thread] DEBUG GameScene            - Entity added to scene
11:08:59.956 [JavaFX Application Thread] DEBUG GameScene            - Added MainViewComponent
11:08:59.956 [JavaFX Application Thread] DEBUG GameScene            - Entity added to scene
11:08:59.957 [JavaFX Application Thread] DEBUG GameScene            - Added MainViewComponent
11:08:59.957 [JavaFX Application Thread] DEBUG GameScene            - Entity added to scene
11:08:59.957 [JavaFX Application Thread] DEBUG GameScene            - Added MainViewComponent
11:08:59.957 [JavaFX Application Thread] DEBUG GameScene            - Entity added to scene
11:08:59.957 [JavaFX Application Thread] DEBUG GameScene            - Added MainViewComponent
11:08:59.958 [JavaFX Application Thread] DEBUG GameScene            - Entity added to scene
11:08:59.958 [JavaFX Application Thread] DEBUG GameScene            - Added MainViewComponent
11:08:59.958 [JavaFX Application Thread] DEBUG GameScene            - Entity added to scene
11:08:59.958 [JavaFX Application Thread] DEBUG GameScene            - Added MainViewComponent
11:08:59.959 [JavaFX Application Thread] DEBUG GameScene            - Entity added to scene
11:08:59.959 [JavaFX Application Thread] DEBUG GameScene            - Added MainViewComponent
11:08:59.959 [JavaFX Application Thread] DEBUG GameScene            - Entity added to scene
11:08:59.959 [JavaFX Application Thread] DEBUG GameScene            - Added MainViewComponent
11:08:59.960 [JavaFX Application Thread] DEBUG GameScene            - Entity added to scene
11:08:59.960 [JavaFX Application Thread] DEBUG GameScene            - Added MainViewComponent
11:08:59.960 [JavaFX Application Thread] DEBUG GameScene            - Entity added to scene
11:08:59.960 [JavaFX Application Thread] DEBUG GameScene            - Added MainViewComponent
11:08:59.960 [JavaFX Application Thread] DEBUG GameScene            - Entity added to scene
11:08:59.960 [JavaFX Application Thread] DEBUG GameScene            - Added MainViewComponent
11:08:59.960 [JavaFX Application Thread] DEBUG GameScene            - Entity added to scene
11:08:59.960 [JavaFX Application Thread] DEBUG GameScene            - Added MainViewComponent
11:08:59.960 [JavaFX Application Thread] DEBUG GameScene            - Entity added to scene
11:08:59.960 [JavaFX Application Thread] DEBUG GameScene            - Added MainViewComponent
11:08:59.961 [JavaFX Application Thread] DEBUG GameScene            - Entity added to scene
11:08:59.961 [JavaFX Application Thread] DEBUG GameScene            - Added MainViewComponent
11:08:59.961 [JavaFX Application Thread] DEBUG GameScene            - Entity added to scene
11:08:59.961 [JavaFX Application Thread] DEBUG GameScene            - Added MainViewComponent
11:08:59.961 [JavaFX Application Thread] DEBUG GameScene            - Entity added to scene
11:08:59.961 [JavaFX Application Thread] DEBUG GameScene            - Added MainViewComponent
11:08:59.961 [JavaFX Application Thread] DEBUG GameScene            - Entity added to scene
11:08:59.962 [JavaFX Application Thread] DEBUG GameScene            - Added MainViewComponent
11:08:59.962 [JavaFX Application Thread] DEBUG GameScene            - Entity added to scene
11:08:59.962 [JavaFX Application Thread] DEBUG GameScene            - Added MainViewComponent
11:08:59.962 [JavaFX Application Thread] DEBUG GameScene            - Entity added to scene
11:08:59.962 [JavaFX Application Thread] DEBUG GameScene            - Added MainViewComponent
11:08:59.962 [JavaFX Application Thread] DEBUG GameScene            - Entity added to scene
11:08:59.962 [JavaFX Application Thread] DEBUG GameScene            - Added MainViewComponent
11:08:59.962 [JavaFX Application Thread] DEBUG GameScene            - Entity added to scene
11:08:59.962 [JavaFX Application Thread] DEBUG GameScene            - Added MainViewComponent
11:08:59.962 [JavaFX Application Thread] DEBUG GameScene            - Entity added to scene
11:08:59.962 [JavaFX Application Thread] DEBUG GameScene            - Added MainViewComponent
11:08:59.963 [JavaFX Application Thread] DEBUG GameScene            - Entity added to scene
11:08:59.963 [JavaFX Application Thread] DEBUG GameScene            - Added MainViewComponent
11:08:59.963 [JavaFX Application Thread] DEBUG GameScene            - Entity added to scene
11:08:59.963 [JavaFX Application Thread] DEBUG GameScene            - Added MainViewComponent
11:08:59.963 [JavaFX Application Thread] DEBUG GameScene            - Entity added to scene
11:08:59.963 [JavaFX Application Thread] DEBUG GameScene            - Added MainViewComponent
11:08:59.963 [JavaFX Application Thread] DEBUG GameScene            - Entity added to scene
11:08:59.963 [JavaFX Application Thread] DEBUG GameScene            - Added MainViewComponent
11:08:59.963 [JavaFX Application Thread] DEBUG GameScene            - Entity added to scene
11:08:59.963 [JavaFX Application Thread] DEBUG GameScene            - Added MainViewComponent
11:08:59.963 [JavaFX Application Thread] DEBUG GameScene            - Entity added to scene
11:08:59.963 [JavaFX Application Thread] DEBUG GameScene            - Added MainViewComponent
11:08:59.964 [JavaFX Application Thread] DEBUG GameScene            - Entity added to scene
11:08:59.964 [JavaFX Application Thread] DEBUG GameScene            - Added MainViewComponent
11:08:59.964 [JavaFX Application Thread] DEBUG GameScene            - Entity added to scene
11:08:59.964 [JavaFX Application Thread] DEBUG GameScene            - Added MainViewComponent
11:08:59.964 [JavaFX Application Thread] DEBUG GameScene            - Entity added to scene
11:08:59.964 [JavaFX Application Thread] DEBUG GameScene            - Added MainViewComponent
11:08:59.964 [JavaFX Application Thread] DEBUG GameScene            - Entity added to scene
11:08:59.964 [JavaFX Application Thread] DEBUG GameScene            - Added MainViewComponent
11:08:59.964 [JavaFX Application Thread] DEBUG GameScene            - Entity added to scene
11:08:59.964 [JavaFX Application Thread] DEBUG GameScene            - Added MainViewComponent
11:08:59.965 [JavaFX Application Thread] DEBUG GameScene            - Entity added to scene
11:08:59.965 [JavaFX Application Thread] DEBUG GameScene            - Added MainViewComponent
11:08:59.965 [JavaFX Application Thread] DEBUG GameScene            - Entity added to scene
11:08:59.965 [JavaFX Application Thread] DEBUG GameScene            - Added MainViewComponent
11:08:59.965 [JavaFX Application Thread] DEBUG GameScene            - Entity added to scene
11:08:59.965 [JavaFX Application Thread] DEBUG GameScene            - Added MainViewComponent
11:08:59.965 [JavaFX Application Thread] DEBUG GameScene            - Entity added to scene
11:08:59.965 [JavaFX Application Thread] DEBUG GameScene            - Added MainViewComponent
11:08:59.965 [JavaFX Application Thread] DEBUG GameScene            - Entity added to scene
11:08:59.965 [JavaFX Application Thread] DEBUG GameScene            - Added MainViewComponent
11:08:59.965 [JavaFX Application Thread] DEBUG GameScene            - Entity added to scene
11:08:59.965 [JavaFX Application Thread] DEBUG GameScene            - Added MainViewComponent
11:08:59.965 [JavaFX Application Thread] DEBUG GameScene            - Entity added to scene
11:08:59.966 [JavaFX Application Thread] DEBUG GameScene            - Added MainViewComponent
11:08:59.966 [JavaFX Application Thread] DEBUG GameScene            - Entity added to scene
11:08:59.966 [JavaFX Application Thread] DEBUG GameScene            - Added MainViewComponent
11:08:59.966 [JavaFX Application Thread] DEBUG GameScene            - Entity added to scene
11:08:59.966 [JavaFX Application Thread] DEBUG GameScene            - Added MainViewComponent
11:08:59.966 [JavaFX Application Thread] DEBUG GameScene            - Entity added to scene
11:08:59.966 [JavaFX Application Thread] DEBUG GameScene            - Added MainViewComponent
11:08:59.966 [JavaFX Application Thread] DEBUG GameScene            - Entity added to scene
11:08:59.966 [JavaFX Application Thread] DEBUG GameScene            - Added MainViewComponent
11:08:59.966 [JavaFX Application Thread] DEBUG GameScene            - Entity added to scene
11:08:59.966 [JavaFX Application Thread] DEBUG GameScene            - Added MainViewComponent
11:08:59.966 [JavaFX Application Thread] DEBUG GameScene            - Entity added to scene
11:08:59.966 [JavaFX Application Thread] DEBUG GameScene            - Added MainViewComponent
11:08:59.967 [JavaFX Application Thread] DEBUG GameScene            - Entity added to scene
11:08:59.967 [JavaFX Application Thread] DEBUG GameScene            - Added MainViewComponent
11:08:59.967 [JavaFX Application Thread] DEBUG GameScene            - Entity added to scene
11:08:59.967 [JavaFX Application Thread] DEBUG GameScene            - Added MainViewComponent
11:08:59.967 [JavaFX Application Thread] DEBUG GameScene            - Entity added to scene
11:08:59.967 [JavaFX Application Thread] DEBUG GameScene            - Added MainViewComponent
11:08:59.967 [JavaFX Application Thread] DEBUG GameScene            - Entity added to scene
11:08:59.967 [JavaFX Application Thread] DEBUG GameScene            - Added MainViewComponent
11:08:59.967 [JavaFX Application Thread] DEBUG GameScene            - Entity added to scene
11:08:59.967 [JavaFX Application Thread] DEBUG GameScene            - Added MainViewComponent
11:08:59.967 [JavaFX Application Thread] DEBUG GameScene            - Entity added to scene
11:08:59.968 [JavaFX Application Thread] DEBUG GameScene            - Added MainViewComponent
11:08:59.968 [JavaFX Application Thread] DEBUG GameScene            - Entity added to scene
11:08:59.968 [JavaFX Application Thread] DEBUG GameScene            - Added MainViewComponent
11:08:59.968 [JavaFX Application Thread] DEBUG GameScene            - Creating render group for layer: TOP(2147483647)
11:08:59.968 [JavaFX Application Thread] DEBUG GameScene            - Entity added to scene
11:08:59.968 [JavaFX Application Thread] DEBUG GameScene            - Added MainViewComponent
11:08:59.969 [JavaFX Application Thread] DEBUG GameScene            - Entity added to scene
11:08:59.969 [JavaFX Application Thread] DEBUG GameScene            - Added MainViewComponent
11:08:59.969 [JavaFX Application Thread] DEBUG GameScene            - Entity added to scene
11:08:59.969 [JavaFX Application Thread] DEBUG GameScene            - Added MainViewComponent
11:08:59.969 [JavaFX Application Thread] DEBUG GameScene            - Entity added to scene
11:08:59.969 [JavaFX Application Thread] DEBUG GameScene            - Added MainViewComponent
11:08:59.970 [JavaFX Application Thread] DEBUG GameScene            - Entity added to scene
11:08:59.970 [JavaFX Application Thread] DEBUG GameScene            - Added MainViewComponent
11:08:59.970 [JavaFX Application Thread] DEBUG GameScene            - Entity added to scene
11:08:59.970 [JavaFX Application Thread] DEBUG GameScene            - Added MainViewComponent
11:08:59.970 [JavaFX Application Thread] DEBUG GameScene            - Entity added to scene
11:08:59.970 [JavaFX Application Thread] DEBUG GameScene            - Added MainViewComponent
11:08:59.970 [JavaFX Application Thread] DEBUG GameScene            - Entity added to scene
11:08:59.970 [JavaFX Application Thread] DEBUG GameScene            - Added MainViewComponent
11:08:59.971 [JavaFX Application Thread] DEBUG GameScene            - Entity added to scene
11:08:59.971 [JavaFX Application Thread] DEBUG GameScene            - Added MainViewComponent
11:08:59.971 [JavaFX Application Thread] DEBUG GameScene            - Entity added to scene
11:08:59.971 [JavaFX Application Thread] DEBUG GameScene            - Added MainViewComponent
11:08:59.971 [JavaFX Application Thread] DEBUG GameScene            - Entity added to scene
11:08:59.971 [JavaFX Application Thread] DEBUG GameScene            - Added MainViewComponent
11:08:59.971 [JavaFX Application Thread] DEBUG GameScene            - Entity added to scene
11:08:59.971 [JavaFX Application Thread] DEBUG GameScene            - Added MainViewComponent
11:08:59.971 [JavaFX Application Thread] DEBUG GameScene            - Entity added to scene
11:08:59.971 [JavaFX Application Thread] DEBUG GameScene            - Added MainViewComponent
11:08:59.971 [JavaFX Application Thread] DEBUG GameScene            - Entity added to scene
11:08:59.971 [JavaFX Application Thread] DEBUG GameScene            - Added MainViewComponent
11:08:59.972 [JavaFX Application Thread] DEBUG GameScene            - Entity added to scene
11:08:59.972 [JavaFX Application Thread] DEBUG GameScene            - Added MainViewComponent
11:08:59.972 [JavaFX Application Thread] DEBUG GameScene            - Entity added to scene
11:08:59.972 [JavaFX Application Thread] DEBUG GameScene            - Added MainViewComponent
11:08:59.972 [JavaFX Application Thread] DEBUG GameScene            - Entity added to scene
11:08:59.972 [JavaFX Application Thread] DEBUG GameScene            - Added MainViewComponent
11:08:59.972 [JavaFX Application Thread] DEBUG GameScene            - Entity added to scene
11:08:59.972 [JavaFX Application Thread] DEBUG GameScene            - Added MainViewComponent
11:08:59.972 [JavaFX Application Thread] DEBUG GameScene            - Entity added to scene
11:08:59.972 [JavaFX Application Thread] DEBUG GameScene            - Added MainViewComponent
11:08:59.972 [JavaFX Application Thread] DEBUG GameScene            - Entity added to scene
11:08:59.972 [JavaFX Application Thread] DEBUG GameScene            - Added MainViewComponent
11:08:59.973 [JavaFX Application Thread] DEBUG GameScene            - Entity added to scene
11:08:59.973 [JavaFX Application Thread] DEBUG GameScene            - Added MainViewComponent
11:08:59.973 [JavaFX Application Thread] DEBUG GameScene            - Entity added to scene
11:08:59.973 [JavaFX Application Thread] DEBUG GameScene            - Added MainViewComponent
11:08:59.973 [JavaFX Application Thread] DEBUG GameScene            - Entity added to scene
11:08:59.973 [JavaFX Application Thread] DEBUG GameScene            - Added MainViewComponent
11:08:59.973 [JavaFX Application Thread] DEBUG GameScene            - Entity added to scene
11:08:59.973 [JavaFX Application Thread] DEBUG GameScene            - Added MainViewComponent
11:08:59.973 [JavaFX Application Thread] DEBUG GameScene            - Entity added to scene
11:08:59.973 [JavaFX Application Thread] DEBUG GameScene            - Added MainViewComponent
11:08:59.974 [JavaFX Application Thread] DEBUG GameScene            - Entity added to scene
11:08:59.974 [JavaFX Application Thread] DEBUG GameScene            - Added MainViewComponent
11:08:59.974 [JavaFX Application Thread] DEBUG GameScene            - Entity added to scene
11:08:59.974 [JavaFX Application Thread] DEBUG GameScene            - Added MainViewComponent
11:08:59.974 [JavaFX Application Thread] DEBUG GameScene            - Entity added to scene
11:08:59.974 [JavaFX Application Thread] DEBUG GameScene            - Added MainViewComponent
11:08:59.974 [JavaFX Application Thread] DEBUG GameScene            - Entity added to scene
11:08:59.974 [JavaFX Application Thread] DEBUG GameScene            - Added MainViewComponent
11:08:59.975 [JavaFX Application Thread] DEBUG GameScene            - Entity added to scene
11:08:59.975 [JavaFX Application Thread] DEBUG GameScene            - Added MainViewComponent
11:08:59.975 [JavaFX Application Thread] DEBUG GameScene            - Entity added to scene
11:08:59.975 [JavaFX Application Thread] DEBUG GameScene            - Added MainViewComponent
11:08:59.976 [JavaFX Application Thread] DEBUG GameScene            - Entity added to scene
11:08:59.976 [JavaFX Application Thread] DEBUG GameScene            - Added MainViewComponent
11:08:59.976 [JavaFX Application Thread] DEBUG GameScene            - Entity added to scene
11:08:59.976 [JavaFX Application Thread] DEBUG GameScene            - Added MainViewComponent
11:08:59.976 [JavaFX Application Thread] DEBUG GameScene            - Entity added to scene
11:08:59.976 [JavaFX Application Thread] DEBUG GameScene            - Added MainViewComponent
11:08:59.976 [JavaFX Application Thread] DEBUG GameScene            - Entity added to scene
11:08:59.976 [JavaFX Application Thread] DEBUG GameScene            - Added MainViewComponent
11:08:59.977 [JavaFX Application Thread] DEBUG GameScene            - Entity added to scene
11:08:59.977 [JavaFX Application Thread] DEBUG GameScene            - Added MainViewComponent
11:08:59.977 [JavaFX Application Thread] DEBUG GameScene            - Entity added to scene
11:08:59.977 [JavaFX Application Thread] DEBUG GameScene            - Added MainViewComponent
11:08:59.977 [JavaFX Application Thread] DEBUG GameScene            - Entity added to scene
11:08:59.977 [JavaFX Application Thread] DEBUG GameScene            - Added MainViewComponent
11:08:59.978 [JavaFX Application Thread] DEBUG GameScene            - Entity added to scene
11:08:59.978 [JavaFX Application Thread] DEBUG GameScene            - Added MainViewComponent
11:08:59.978 [JavaFX Application Thread] DEBUG GameScene            - Entity added to scene
11:08:59.979 [JavaFX Application Thread] DEBUG GameScene            - Added MainViewComponent
11:08:59.979 [JavaFX Application Thread] DEBUG GameScene            - Entity added to scene
11:08:59.979 [JavaFX Application Thread] DEBUG GameScene            - Added MainViewComponent
11:08:59.979 [JavaFX Application Thread] DEBUG GameScene            - Entity added to scene
11:08:59.979 [JavaFX Application Thread] DEBUG GameScene            - Added MainViewComponent
11:08:59.979 [JavaFX Application Thread] DEBUG GameScene            - Entity added to scene
11:08:59.979 [JavaFX Application Thread] DEBUG GameScene            - Added MainViewComponent
11:08:59.980 [JavaFX Application Thread] DEBUG GameScene            - Entity added to scene
11:08:59.980 [JavaFX Application Thread] DEBUG GameScene            - Added MainViewComponent
11:08:59.980 [JavaFX Application Thread] DEBUG GameScene            - Entity added to scene
11:08:59.980 [JavaFX Application Thread] DEBUG GameScene            - Added MainViewComponent
11:08:59.980 [JavaFX Application Thread] DEBUG GameScene            - Entity added to scene
11:08:59.980 [JavaFX Application Thread] DEBUG GameScene            - Added MainViewComponent
11:08:59.980 [JavaFX Application Thread] DEBUG GameScene            - Entity added to scene
11:08:59.980 [JavaFX Application Thread] DEBUG GameScene            - Added MainViewComponent
11:08:59.981 [JavaFX Application Thread] DEBUG GameScene            - Entity added to scene
11:08:59.981 [JavaFX Application Thread] DEBUG GameScene            - Added MainViewComponent
11:08:59.981 [JavaFX Application Thread] DEBUG GameScene            - Entity added to scene
11:08:59.981 [JavaFX Application Thread] DEBUG GameScene            - Added MainViewComponent
11:08:59.981 [JavaFX Application Thread] DEBUG GameScene            - Entity added to scene
11:08:59.981 [JavaFX Application Thread] DEBUG GameScene            - Added MainViewComponent
11:08:59.982 [JavaFX Application Thread] DEBUG GameScene            - Entity added to scene
11:08:59.982 [JavaFX Application Thread] DEBUG GameScene            - Added MainViewComponent
11:08:59.982 [JavaFX Application Thread] DEBUG GameScene            - Entity added to scene
11:08:59.982 [JavaFX Application Thread] DEBUG GameScene            - Added MainViewComponent
11:08:59.982 [JavaFX Application Thread] DEBUG GameScene            - Entity added to scene
11:08:59.982 [JavaFX Application Thread] DEBUG GameScene            - Added MainViewComponent
11:08:59.983 [JavaFX Application Thread] DEBUG GameScene            - Entity added to scene
11:08:59.983 [JavaFX Application Thread] DEBUG GameScene            - Added MainViewComponent
11:08:59.983 [JavaFX Application Thread] DEBUG GameScene            - Entity added to scene
11:08:59.983 [JavaFX Application Thread] DEBUG GameScene            - Added MainViewComponent
11:08:59.983 [JavaFX Application Thread] DEBUG GameScene            - Entity added to scene
11:08:59.983 [JavaFX Application Thread] DEBUG GameScene            - Added MainViewComponent
11:08:59.983 [JavaFX Application Thread] DEBUG GameScene            - Entity added to scene
11:08:59.984 [JavaFX Application Thread] DEBUG GameScene            - Added MainViewComponent
11:08:59.984 [JavaFX Application Thread] DEBUG GameScene            - Entity added to scene
11:08:59.984 [JavaFX Application Thread] DEBUG GameScene            - Added MainViewComponent
11:08:59.984 [JavaFX Application Thread] DEBUG GameScene            - Entity added to scene
11:08:59.984 [JavaFX Application Thread] DEBUG GameScene            - Added MainViewComponent
11:08:59.984 [JavaFX Application Thread] DEBUG GameScene            - Entity added to scene
11:08:59.984 [JavaFX Application Thread] DEBUG GameScene            - Added MainViewComponent
11:08:59.984 [JavaFX Application Thread] DEBUG GameScene            - Entity added to scene
11:08:59.985 [JavaFX Application Thread] DEBUG GameScene            - Added MainViewComponent
11:08:59.985 [JavaFX Application Thread] DEBUG GameScene            - Entity added to scene
11:08:59.985 [JavaFX Application Thread] DEBUG GameScene            - Added MainViewComponent
11:08:59.985 [JavaFX Application Thread] DEBUG GameScene            - Entity added to scene
11:08:59.985 [JavaFX Application Thread] DEBUG GameScene            - Added MainViewComponent
11:08:59.985 [JavaFX Application Thread] DEBUG GameScene            - Entity added to scene
11:08:59.985 [JavaFX Application Thread] DEBUG GameScene            - Added MainViewComponent
11:08:59.986 [JavaFX Application Thread] DEBUG GameScene            - Entity added to scene
11:08:59.986 [JavaFX Application Thread] DEBUG GameScene            - Added MainViewComponent
11:08:59.986 [JavaFX Application Thread] DEBUG GameScene            - Entity added to scene
11:08:59.986 [JavaFX Application Thread] DEBUG GameScene            - Added MainViewComponent
11:08:59.986 [JavaFX Application Thread] DEBUG GameScene            - Entity added to scene
11:08:59.986 [JavaFX Application Thread] DEBUG GameScene            - Added MainViewComponent
11:08:59.986 [JavaFX Application Thread] DEBUG GameScene            - Entity added to scene
11:08:59.986 [JavaFX Application Thread] DEBUG GameScene            - Added MainViewComponent
11:08:59.987 [JavaFX Application Thread] DEBUG GameScene            - Entity added to scene
11:08:59.987 [JavaFX Application Thread] DEBUG GameScene            - Added MainViewComponent
11:08:59.987 [JavaFX Application Thread] DEBUG GameScene            - Entity added to scene
11:08:59.987 [JavaFX Application Thread] DEBUG GameScene            - Added MainViewComponent
11:08:59.987 [JavaFX Application Thread] DEBUG GameScene            - Entity added to scene
11:08:59.987 [JavaFX Application Thread] DEBUG GameScene            - Added MainViewComponent
11:08:59.987 [JavaFX Application Thread] DEBUG GameScene            - Entity added to scene
11:08:59.987 [JavaFX Application Thread] DEBUG GameScene            - Added MainViewComponent
11:08:59.988 [JavaFX Application Thread] DEBUG GameScene            - Entity added to scene
11:08:59.988 [JavaFX Application Thread] DEBUG GameScene            - Added MainViewComponent
11:08:59.988 [JavaFX Application Thread] DEBUG GameScene            - Entity added to scene
11:08:59.988 [JavaFX Application Thread] DEBUG GameScene            - Added MainViewComponent
11:08:59.988 [JavaFX Application Thread] DEBUG GameScene            - Entity added to scene
11:08:59.988 [JavaFX Application Thread] DEBUG GameScene            - Added MainViewComponent
11:08:59.988 [JavaFX Application Thread] DEBUG GameScene            - Entity added to scene
11:08:59.988 [JavaFX Application Thread] DEBUG GameScene            - Added MainViewComponent
11:08:59.989 [JavaFX Application Thread] DEBUG GameScene            - Entity added to scene
11:08:59.989 [JavaFX Application Thread] DEBUG GameScene            - Added MainViewComponent
11:08:59.989 [JavaFX Application Thread] DEBUG GameScene            - Entity added to scene
11:08:59.989 [JavaFX Application Thread] DEBUG GameScene            - Added MainViewComponent
11:08:59.989 [JavaFX Application Thread] DEBUG GameScene            - Entity added to scene
11:08:59.989 [JavaFX Application Thread] DEBUG GameScene            - Added MainViewComponent
11:08:59.989 [JavaFX Application Thread] DEBUG GameScene            - Entity added to scene
11:08:59.989 [JavaFX Application Thread] DEBUG GameScene            - Added MainViewComponent
11:08:59.990 [JavaFX Application Thread] DEBUG GameScene            - Entity added to scene
11:08:59.990 [JavaFX Application Thread] DEBUG GameScene            - Added MainViewComponent
11:08:59.990 [JavaFX Application Thread] DEBUG GameScene            - Entity added to scene
11:08:59.990 [JavaFX Application Thread] DEBUG GameScene            - Added MainViewComponent
11:08:59.990 [JavaFX Application Thread] DEBUG GameScene            - Entity added to scene
11:08:59.990 [JavaFX Application Thread] DEBUG GameScene            - Added MainViewComponent
11:08:59.991 [JavaFX Application Thread] DEBUG GameScene            - Entity added to scene
11:08:59.991 [JavaFX Application Thread] DEBUG GameScene            - Added MainViewComponent
11:08:59.991 [JavaFX Application Thread] DEBUG GameScene            - Entity added to scene
11:08:59.991 [JavaFX Application Thread] DEBUG GameScene            - Added MainViewComponent
11:08:59.991 [JavaFX Application Thread] DEBUG GameScene            - Entity added to scene
11:08:59.991 [JavaFX Application Thread] DEBUG GameScene            - Added MainViewComponent
11:08:59.992 [JavaFX Application Thread] DEBUG GameScene            - Entity added to scene
11:08:59.992 [JavaFX Application Thread] DEBUG GameScene            - Added MainViewComponent
11:08:59.992 [JavaFX Application Thread] DEBUG GameScene            - Entity added to scene
11:08:59.992 [JavaFX Application Thread] DEBUG GameScene            - Added MainViewComponent
11:08:59.992 [JavaFX Application Thread] DEBUG GameScene            - Entity added to scene
11:08:59.992 [JavaFX Application Thread] DEBUG GameScene            - Added MainViewComponent
11:08:59.993 [JavaFX Application Thread] DEBUG GameScene            - Entity added to scene
11:08:59.994 [JavaFX Application Thread] DEBUG GameScene            - Added MainViewComponent
11:08:59.994 [JavaFX Application Thread] DEBUG GameScene            - Entity added to scene
11:08:59.994 [JavaFX Application Thread] DEBUG GameScene            - Added MainViewComponent
11:08:59.994 [JavaFX Application Thread] DEBUG GameScene            - Entity added to scene
11:08:59.994 [JavaFX Application Thread] DEBUG GameScene            - Added MainViewComponent
11:08:59.995 [JavaFX Application Thread] DEBUG GameScene            - Entity added to scene
11:08:59.995 [JavaFX Application Thread] DEBUG GameScene            - Added MainViewComponent
11:08:59.995 [JavaFX Application Thread] DEBUG GameScene            - Entity added to scene
11:08:59.995 [JavaFX Application Thread] DEBUG GameScene            - Added MainViewComponent
11:08:59.995 [JavaFX Application Thread] DEBUG GameScene            - Entity added to scene
11:08:59.995 [JavaFX Application Thread] DEBUG GameScene            - Added MainViewComponent
11:08:59.996 [JavaFX Application Thread] DEBUG GameScene            - Entity added to scene
11:08:59.996 [JavaFX Application Thread] DEBUG GameScene            - Added MainViewComponent
11:08:59.996 [JavaFX Application Thread] DEBUG GameScene            - Entity added to scene
11:08:59.996 [JavaFX Application Thread] DEBUG GameScene            - Added MainViewComponent
11:08:59.996 [JavaFX Application Thread] DEBUG GameScene            - Entity added to scene
11:08:59.996 [JavaFX Application Thread] DEBUG GameScene            - Added MainViewComponent
11:08:59.997 [JavaFX Application Thread] DEBUG GameScene            - Entity added to scene
11:08:59.997 [JavaFX Application Thread] DEBUG GameScene            - Added MainViewComponent
11:08:59.997 [JavaFX Application Thread] DEBUG GameScene            - Entity added to scene
11:08:59.997 [JavaFX Application Thread] DEBUG GameScene            - Added MainViewComponent
11:08:59.997 [JavaFX Application Thread] DEBUG GameScene            - Entity added to scene
11:08:59.997 [JavaFX Application Thread] DEBUG GameScene            - Added MainViewComponent
11:08:59.998 [JavaFX Application Thread] DEBUG GameScene            - Entity added to scene
11:08:59.998 [JavaFX Application Thread] DEBUG GameScene            - Added MainViewComponent
11:08:59.998 [JavaFX Application Thread] DEBUG GameScene            - Entity added to scene
11:08:59.998 [JavaFX Application Thread] DEBUG GameScene            - Added MainViewComponent
11:08:59.998 [JavaFX Application Thread] DEBUG GameScene            - Entity added to scene
11:08:59.998 [JavaFX Application Thread] DEBUG GameScene            - Added MainViewComponent
11:08:59.998 [JavaFX Application Thread] DEBUG GameScene            - Entity added to scene
11:08:59.999 [JavaFX Application Thread] DEBUG GameScene            - Added MainViewComponent
11:08:59.999 [JavaFX Application Thread] DEBUG GameScene            - Entity added to scene
11:08:59.999 [JavaFX Application Thread] DEBUG GameScene            - Added MainViewComponent
11:08:59.999 [JavaFX Application Thread] DEBUG GameScene            - Entity added to scene
11:08:59.999 [JavaFX Application Thread] DEBUG GameScene            - Added MainViewComponent
11:08:59.999 [JavaFX Application Thread] DEBUG GameScene            - Entity added to scene
11:08:59.999 [JavaFX Application Thread] DEBUG GameScene            - Added MainViewComponent
11:09:00.000 [JavaFX Application Thread] DEBUG GameScene            - Entity added to scene
11:09:00.000 [JavaFX Application Thread] DEBUG GameScene            - Added MainViewComponent
11:09:00.000 [JavaFX Application Thread] DEBUG GameScene            - Entity added to scene
11:09:00.000 [JavaFX Application Thread] DEBUG GameScene            - Added MainViewComponent
11:09:00.001 [JavaFX Application Thread] DEBUG GameScene            - Entity added to scene
11:09:00.001 [JavaFX Application Thread] DEBUG GameScene            - Added MainViewComponent
11:09:00.002 [JavaFX Application Thread] DEBUG GameScene            - Entity added to scene
11:09:00.002 [JavaFX Application Thread] DEBUG GameScene            - Added MainViewComponent
11:09:00.002 [JavaFX Application Thread] DEBUG GameScene            - Entity added to scene
11:09:00.002 [JavaFX Application Thread] DEBUG GameScene            - Added MainViewComponent
11:09:00.003 [JavaFX Application Thread] DEBUG GameScene            - Entity added to scene
11:09:00.003 [JavaFX Application Thread] DEBUG GameScene            - Added MainViewComponent
11:09:00.003 [JavaFX Application Thread] DEBUG GameScene            - Entity added to scene
11:09:00.003 [JavaFX Application Thread] DEBUG GameScene            - Added MainViewComponent
11:09:00.003 [JavaFX Application Thread] DEBUG GameScene            - Entity added to scene
11:09:00.003 [JavaFX Application Thread] DEBUG GameScene            - Added MainViewComponent
11:09:00.004 [JavaFX Application Thread] DEBUG GameScene            - Entity added to scene
11:09:00.004 [JavaFX Application Thread] DEBUG GameScene            - Added MainViewComponent
11:09:00.004 [JavaFX Application Thread] DEBUG GameScene            - Entity added to scene
11:09:00.004 [JavaFX Application Thread] DEBUG GameScene            - Added MainViewComponent
11:09:00.004 [JavaFX Application Thread] DEBUG GameScene            - Entity added to scene
11:09:00.004 [JavaFX Application Thread] DEBUG GameScene            - Added MainViewComponent
11:09:00.004 [JavaFX Application Thread] DEBUG GameScene            - Entity added to scene
11:09:00.004 [JavaFX Application Thread] DEBUG GameScene            - Added MainViewComponent
11:09:00.005 [JavaFX Application Thread] DEBUG GameScene            - Entity added to scene
11:09:00.005 [JavaFX Application Thread] DEBUG GameScene            - Added MainViewComponent
11:09:00.005 [JavaFX Application Thread] DEBUG GameScene            - Entity added to scene
11:09:00.005 [JavaFX Application Thread] DEBUG GameScene            - Added MainViewComponent
11:09:00.005 [JavaFX Application Thread] DEBUG GameScene            - Entity added to scene
11:09:00.005 [JavaFX Application Thread] DEBUG GameScene            - Added MainViewComponent
11:09:00.006 [JavaFX Application Thread] DEBUG GameScene            - Entity added to scene
11:09:00.006 [JavaFX Application Thread] DEBUG GameScene            - Added MainViewComponent
11:09:00.006 [JavaFX Application Thread] DEBUG GameScene            - Entity added to scene
11:09:00.006 [JavaFX Application Thread] DEBUG GameScene            - Added MainViewComponent
11:09:00.006 [JavaFX Application Thread] DEBUG GameScene            - Entity added to scene
11:09:00.006 [JavaFX Application Thread] DEBUG GameScene            - Added MainViewComponent
11:09:00.006 [JavaFX Application Thread] DEBUG GameScene            - Entity added to scene
11:09:00.006 [JavaFX Application Thread] DEBUG GameScene            - Added MainViewComponent
11:09:00.007 [JavaFX Application Thread] DEBUG GameScene            - Entity added to scene
11:09:00.007 [JavaFX Application Thread] DEBUG GameScene            - Added MainViewComponent
11:09:00.007 [JavaFX Application Thread] DEBUG GameScene            - Entity added to scene
11:09:00.007 [JavaFX Application Thread] DEBUG GameScene            - Added MainViewComponent
11:09:00.007 [JavaFX Application Thread] DEBUG GameScene            - Entity added to scene
11:09:00.007 [JavaFX Application Thread] DEBUG GameScene            - Added MainViewComponent
11:09:00.007 [JavaFX Application Thread] DEBUG GameScene            - Entity added to scene
11:09:00.007 [JavaFX Application Thread] DEBUG GameScene            - Added MainViewComponent
11:09:00.008 [JavaFX Application Thread] DEBUG GameScene            - Entity added to scene
11:09:00.008 [JavaFX Application Thread] DEBUG GameScene            - Added MainViewComponent
11:09:00.008 [JavaFX Application Thread] DEBUG GameScene            - Entity added to scene
11:09:00.008 [JavaFX Application Thread] DEBUG GameScene            - Added MainViewComponent
11:09:00.008 [JavaFX Application Thread] DEBUG GameScene            - Entity added to scene
11:09:00.008 [JavaFX Application Thread] DEBUG GameScene            - Added MainViewComponent
11:09:00.008 [JavaFX Application Thread] DEBUG GameScene            - Entity added to scene
11:09:00.008 [JavaFX Application Thread] DEBUG GameScene            - Added MainViewComponent
11:09:00.009 [JavaFX Application Thread] DEBUG GameScene            - Entity added to scene
11:09:00.009 [JavaFX Application Thread] DEBUG GameScene            - Added MainViewComponent
11:09:00.009 [JavaFX Application Thread] DEBUG GameScene            - Entity added to scene
11:09:00.009 [JavaFX Application Thread] DEBUG GameScene            - Added MainViewComponent
11:09:00.010 [JavaFX Application Thread] DEBUG GameScene            - Entity added to scene
11:09:00.010 [JavaFX Application Thread] DEBUG GameScene            - Added MainViewComponent
11:09:00.010 [JavaFX Application Thread] DEBUG GameScene            - Entity added to scene
11:09:00.010 [JavaFX Application Thread] DEBUG GameScene            - Added MainViewComponent
11:09:00.010 [JavaFX Application Thread] DEBUG GameScene            - Entity added to scene
11:09:00.010 [JavaFX Application Thread] DEBUG GameScene            - Added MainViewComponent
11:09:00.010 [JavaFX Application Thread] DEBUG GameScene            - Entity added to scene
11:09:00.010 [JavaFX Application Thread] DEBUG GameScene            - Added MainViewComponent
11:09:00.011 [JavaFX Application Thread] DEBUG GameScene            - Entity added to scene
11:09:00.011 [JavaFX Application Thread] DEBUG GameScene            - Added MainViewComponent
11:09:00.011 [JavaFX Application Thread] DEBUG GameScene            - Entity added to scene
11:09:00.011 [JavaFX Application Thread] DEBUG GameScene            - Added MainViewComponent
11:09:00.011 [JavaFX Application Thread] DEBUG GameScene            - Entity added to scene
11:09:00.011 [JavaFX Application Thread] DEBUG GameScene            - Added MainViewComponent
11:09:00.011 [JavaFX Application Thread] DEBUG GameScene            - Entity added to scene
11:09:00.011 [JavaFX Application Thread] DEBUG GameScene            - Added MainViewComponent
11:09:00.011 [JavaFX Application Thread] DEBUG GameScene            - Entity added to scene
11:09:00.011 [JavaFX Application Thread] DEBUG GameScene            - Added MainViewComponent
11:09:00.012 [JavaFX Application Thread] DEBUG GameScene            - Entity added to scene
11:09:00.012 [JavaFX Application Thread] DEBUG GameScene            - Added MainViewComponent
11:09:00.012 [JavaFX Application Thread] DEBUG GameScene            - Entity added to scene
11:09:00.012 [JavaFX Application Thread] DEBUG GameScene            - Added MainViewComponent
11:09:00.012 [JavaFX Application Thread] DEBUG GameScene            - Entity added to scene
11:09:00.012 [JavaFX Application Thread] DEBUG GameScene            - Added MainViewComponent
11:09:00.012 [JavaFX Application Thread] DEBUG GameScene            - Entity added to scene
11:09:00.012 [JavaFX Application Thread] DEBUG GameScene            - Added MainViewComponent
11:09:00.012 [JavaFX Application Thread] DEBUG GameScene            - Entity added to scene
11:09:00.012 [JavaFX Application Thread] DEBUG GameScene            - Added MainViewComponent
11:09:00.013 [JavaFX Application Thread] DEBUG GameScene            - Entity added to scene
11:09:00.013 [JavaFX Application Thread] DEBUG GameScene            - Added MainViewComponent
11:09:00.013 [JavaFX Application Thread] DEBUG GameScene            - Entity added to scene
11:09:00.013 [JavaFX Application Thread] DEBUG GameScene            - Added MainViewComponent
11:09:00.013 [JavaFX Application Thread] DEBUG GameScene            - Entity added to scene
11:09:00.013 [JavaFX Application Thread] DEBUG GameScene            - Added MainViewComponent
11:09:00.013 [JavaFX Application Thread] DEBUG GameScene            - Entity added to scene
11:09:00.013 [JavaFX Application Thread] DEBUG GameScene            - Added MainViewComponent
11:09:00.013 [JavaFX Application Thread] DEBUG GameScene            - Entity added to scene
11:09:00.013 [JavaFX Application Thread] DEBUG GameScene            - Added MainViewComponent
11:09:00.014 [JavaFX Application Thread] DEBUG GameScene            - Entity added to scene
11:09:00.014 [JavaFX Application Thread] DEBUG GameScene            - Added MainViewComponent
11:09:00.014 [JavaFX Application Thread] DEBUG GameScene            - Entity added to scene
11:09:00.014 [JavaFX Application Thread] DEBUG GameScene            - Added MainViewComponent
11:09:00.014 [JavaFX Application Thread] DEBUG GameScene            - Entity added to scene
11:09:00.014 [JavaFX Application Thread] DEBUG GameScene            - Added MainViewComponent
11:09:00.014 [JavaFX Application Thread] DEBUG GameScene            - Entity added to scene
11:09:00.014 [JavaFX Application Thread] DEBUG GameScene            - Added MainViewComponent
11:09:00.014 [JavaFX Application Thread] DEBUG GameScene            - Entity added to scene
11:09:00.014 [JavaFX Application Thread] DEBUG GameScene            - Added MainViewComponent
11:09:00.015 [JavaFX Application Thread] DEBUG GameScene            - Entity added to scene
11:09:00.015 [JavaFX Application Thread] DEBUG GameScene            - Added MainViewComponent
11:09:00.015 [JavaFX Application Thread] DEBUG GameScene            - Entity added to scene
11:09:00.015 [JavaFX Application Thread] DEBUG GameScene            - Added MainViewComponent
11:09:00.015 [JavaFX Application Thread] DEBUG GameScene            - Entity added to scene
11:09:00.015 [JavaFX Application Thread] DEBUG GameScene            - Added MainViewComponent
11:09:00.015 [JavaFX Application Thread] DEBUG GameScene            - Entity added to scene
11:09:00.015 [JavaFX Application Thread] DEBUG GameScene            - Added MainViewComponent
11:09:00.015 [JavaFX Application Thread] DEBUG GameScene            - Entity added to scene
11:09:00.016 [JavaFX Application Thread] DEBUG GameScene            - Added MainViewComponent
11:09:00.016 [JavaFX Application Thread] DEBUG GameScene            - Entity added to scene
11:09:00.016 [JavaFX Application Thread] DEBUG GameScene            - Added MainViewComponent
11:09:00.016 [JavaFX Application Thread] DEBUG GameScene            - Entity added to scene
11:09:00.016 [JavaFX Application Thread] DEBUG GameScene            - Added MainViewComponent
11:09:00.016 [JavaFX Application Thread] DEBUG GameScene            - Entity added to scene
11:09:00.016 [JavaFX Application Thread] DEBUG GameScene            - Added MainViewComponent
11:09:00.016 [JavaFX Application Thread] DEBUG GameScene            - Entity added to scene
11:09:00.017 [JavaFX Application Thread] DEBUG GameScene            - Added MainViewComponent
11:09:00.017 [JavaFX Application Thread] DEBUG GameScene            - Entity added to scene
11:09:00.017 [JavaFX Application Thread] DEBUG GameScene            - Added MainViewComponent
11:09:00.017 [JavaFX Application Thread] DEBUG GameScene            - Entity added to scene
11:09:00.017 [JavaFX Application Thread] DEBUG GameScene            - Added MainViewComponent
11:09:00.017 [JavaFX Application Thread] DEBUG GameScene            - Entity added to scene
11:09:00.017 [JavaFX Application Thread] DEBUG GameScene            - Added MainViewComponent
11:09:00.018 [JavaFX Application Thread] DEBUG GameScene            - Entity added to scene
11:09:00.018 [JavaFX Application Thread] DEBUG GameScene            - Added MainViewComponent
11:09:00.018 [JavaFX Application Thread] DEBUG GameScene            - Entity added to scene
11:09:00.018 [JavaFX Application Thread] DEBUG GameScene            - Added MainViewComponent
11:09:00.018 [JavaFX Application Thread] DEBUG GameScene            - Entity added to scene
11:09:00.018 [JavaFX Application Thread] DEBUG GameScene            - Added MainViewComponent
11:09:00.018 [JavaFX Application Thread] DEBUG GameScene            - Entity added to scene
11:09:00.018 [JavaFX Application Thread] DEBUG GameScene            - Added MainViewComponent
11:09:00.019 [JavaFX Application Thread] DEBUG GameScene            - Entity added to scene
11:09:00.019 [JavaFX Application Thread] DEBUG GameScene            - Added MainViewComponent
11:09:00.019 [JavaFX Application Thread] DEBUG GameScene            - Entity added to scene
11:09:00.019 [JavaFX Application Thread] DEBUG GameScene            - Added MainViewComponent
11:09:00.019 [JavaFX Application Thread] DEBUG GameScene            - Entity added to scene
11:09:00.019 [JavaFX Application Thread] DEBUG GameScene            - Added MainViewComponent
11:09:00.019 [JavaFX Application Thread] DEBUG GameScene            - Entity added to scene
11:09:00.020 [JavaFX Application Thread] DEBUG GameScene            - Added MainViewComponent
11:09:00.020 [JavaFX Application Thread] DEBUG GameScene            - Entity added to scene
11:09:00.020 [JavaFX Application Thread] DEBUG GameScene            - Added MainViewComponent
11:09:00.020 [JavaFX Application Thread] DEBUG GameScene            - Entity added to scene
11:09:00.020 [JavaFX Application Thread] DEBUG GameScene            - Added MainViewComponent
11:09:00.020 [JavaFX Application Thread] DEBUG GameScene            - Entity added to scene
11:09:00.020 [JavaFX Application Thread] DEBUG GameScene            - Added MainViewComponent
11:09:00.020 [JavaFX Application Thread] DEBUG GameScene            - Entity added to scene
11:09:00.020 [JavaFX Application Thread] DEBUG GameScene            - Added MainViewComponent
11:09:00.021 [JavaFX Application Thread] DEBUG GameScene            - Entity added to scene
11:09:00.021 [JavaFX Application Thread] DEBUG GameScene            - Added MainViewComponent
11:09:00.021 [JavaFX Application Thread] DEBUG GameScene            - Entity added to scene
11:09:00.021 [JavaFX Application Thread] DEBUG GameScene            - Added MainViewComponent
11:09:00.021 [JavaFX Application Thread] DEBUG GameScene            - Entity added to scene
11:09:00.021 [JavaFX Application Thread] DEBUG GameScene            - Added MainViewComponent
11:09:00.021 [JavaFX Application Thread] DEBUG GameScene            - Entity added to scene
11:09:00.021 [JavaFX Application Thread] DEBUG GameScene            - Added MainViewComponent
11:09:00.022 [JavaFX Application Thread] DEBUG GameScene            - Entity added to scene
11:09:00.022 [JavaFX Application Thread] DEBUG GameScene            - Added MainViewComponent
11:09:00.022 [JavaFX Application Thread] DEBUG GameScene            - Entity added to scene
11:09:00.022 [JavaFX Application Thread] DEBUG GameScene            - Added MainViewComponent
11:09:00.022 [JavaFX Application Thread] DEBUG GameScene            - Entity added to scene
11:09:00.022 [JavaFX Application Thread] DEBUG GameScene            - Added MainViewComponent
11:09:00.022 [JavaFX Application Thread] DEBUG GameScene            - Entity added to scene
11:09:00.022 [JavaFX Application Thread] DEBUG GameScene            - Added MainViewComponent
11:09:00.022 [JavaFX Application Thread] DEBUG GameScene            - Entity added to scene
11:09:00.023 [JavaFX Application Thread] DEBUG GameScene            - Added MainViewComponent
11:09:00.023 [JavaFX Application Thread] DEBUG GameScene            - Entity added to scene
11:09:00.023 [JavaFX Application Thread] DEBUG GameScene            - Added MainViewComponent
11:09:00.023 [JavaFX Application Thread] DEBUG GameScene            - Entity added to scene
11:09:00.023 [JavaFX Application Thread] DEBUG GameScene            - Added MainViewComponent
11:09:00.023 [JavaFX Application Thread] DEBUG GameScene            - Entity added to scene
11:09:00.023 [JavaFX Application Thread] DEBUG GameScene            - Added MainViewComponent
11:09:00.024 [JavaFX Application Thread] DEBUG GameScene            - Entity added to scene
11:09:00.024 [JavaFX Application Thread] DEBUG GameScene            - Added MainViewComponent
11:09:00.024 [JavaFX Application Thread] DEBUG GameScene            - Entity added to scene
11:09:00.024 [JavaFX Application Thread] DEBUG GameScene            - Added MainViewComponent
11:09:00.024 [JavaFX Application Thread] DEBUG GameScene            - Entity added to scene
11:09:00.024 [JavaFX Application Thread] DEBUG GameScene            - Added MainViewComponent
11:09:00.024 [JavaFX Application Thread] DEBUG GameScene            - Entity added to scene
11:09:00.024 [JavaFX Application Thread] DEBUG GameScene            - Added MainViewComponent
11:09:00.025 [JavaFX Application Thread] DEBUG GameScene            - Entity added to scene
11:09:00.025 [JavaFX Application Thread] DEBUG GameScene            - Added MainViewComponent
11:09:00.025 [JavaFX Application Thread] DEBUG GameScene            - Entity added to scene
11:09:00.025 [JavaFX Application Thread] DEBUG GameScene            - Added MainViewComponent
11:09:00.025 [JavaFX Application Thread] DEBUG GameScene            - Entity added to scene
11:09:00.025 [JavaFX Application Thread] DEBUG GameScene            - Added MainViewComponent
11:09:00.025 [JavaFX Application Thread] DEBUG GameScene            - Entity added to scene
11:09:00.025 [JavaFX Application Thread] DEBUG GameScene            - Added MainViewComponent
11:09:00.026 [JavaFX Application Thread] DEBUG GameScene            - Entity added to scene
11:09:00.026 [JavaFX Application Thread] DEBUG GameScene            - Added MainViewComponent
11:09:00.026 [JavaFX Application Thread] DEBUG GameScene            - Entity added to scene
11:09:00.026 [JavaFX Application Thread] DEBUG GameScene            - Added MainViewComponent
11:09:00.027 [JavaFX Application Thread] DEBUG GameScene            - Entity added to scene
11:09:00.027 [JavaFX Application Thread] DEBUG GameScene            - Added MainViewComponent
11:09:00.028 [JavaFX Application Thread] DEBUG GameScene            - Entity added to scene
11:09:00.028 [JavaFX Application Thread] DEBUG GameScene            - Added MainViewComponent
11:09:00.028 [JavaFX Application Thread] DEBUG GameScene            - Entity added to scene
11:09:00.028 [JavaFX Application Thread] DEBUG GameScene            - Added MainViewComponent
11:09:00.029 [JavaFX Application Thread] DEBUG GameScene            - Entity added to scene
11:09:00.029 [JavaFX Application Thread] DEBUG GameScene            - Added MainViewComponent
11:09:00.029 [JavaFX Application Thread] DEBUG GameScene            - Entity added to scene
11:09:00.029 [JavaFX Application Thread] DEBUG GameScene            - Added MainViewComponent
11:09:00.029 [JavaFX Application Thread] DEBUG GameScene            - Entity added to scene
11:09:00.029 [JavaFX Application Thread] DEBUG GameScene            - Added MainViewComponent
11:09:00.030 [JavaFX Application Thread] DEBUG GameScene            - Entity added to scene
11:09:00.030 [JavaFX Application Thread] DEBUG GameScene            - Added MainViewComponent
11:09:00.030 [JavaFX Application Thread] DEBUG GameScene            - Entity added to scene
11:09:00.030 [JavaFX Application Thread] DEBUG GameScene            - Added MainViewComponent
11:09:00.030 [JavaFX Application Thread] DEBUG GameScene            - Entity added to scene
11:09:00.030 [JavaFX Application Thread] DEBUG GameScene            - Added MainViewComponent
11:09:00.030 [JavaFX Application Thread] DEBUG GameScene            - Entity added to scene
11:09:00.030 [JavaFX Application Thread] DEBUG GameScene            - Added MainViewComponent
11:09:00.030 [JavaFX Application Thread] DEBUG GameScene            - Entity added to scene
11:09:00.030 [JavaFX Application Thread] DEBUG GameScene            - Added MainViewComponent
11:09:00.031 [JavaFX Application Thread] DEBUG GameScene            - Entity added to scene
11:09:00.031 [JavaFX Application Thread] DEBUG GameScene            - Added MainViewComponent
11:09:00.031 [JavaFX Application Thread] DEBUG GameScene            - Entity added to scene
11:09:00.031 [JavaFX Application Thread] DEBUG GameScene            - Added MainViewComponent
11:09:00.031 [JavaFX Application Thread] DEBUG GameScene            - Entity added to scene
11:09:00.031 [JavaFX Application Thread] DEBUG GameScene            - Added MainViewComponent
11:09:00.031 [JavaFX Application Thread] DEBUG GameScene            - Entity added to scene
11:09:00.031 [JavaFX Application Thread] DEBUG GameScene            - Added MainViewComponent
11:09:00.031 [JavaFX Application Thread] DEBUG GameScene            - Creating render group for layer: BACKGROUND(0)
11:09:04.121 [JavaFX Application Thread] DEBUG GameScene            - Entity removed from scene
11:09:04.121 [JavaFX Application Thread] DEBUG GameScene            - Removed MainViewComponent
11:09:04.282 [JavaFX Application Thread] DEBUG GameScene            - Entity removed from scene
11:09:04.283 [JavaFX Application Thread] DEBUG GameScene            - Removed MainViewComponent
11:09:04.888 [JavaFX Application Thread] DEBUG GameScene            - Entity removed from scene
11:09:04.888 [JavaFX Application Thread] DEBUG GameScene            - Removed MainViewComponent
11:09:05.018 [JavaFX Application Thread] DEBUG GameScene            - Entity removed from scene
11:09:05.018 [JavaFX Application Thread] DEBUG GameScene            - Removed MainViewComponent
11:09:05.737 [JavaFX Application Thread] DEBUG GameScene            - Entity removed from scene
11:09:05.737 [JavaFX Application Thread] DEBUG GameScene            - Removed MainViewComponent
11:09:05.867 [JavaFX Application Thread] DEBUG GameScene            - Entity removed from scene
11:09:05.867 [JavaFX Application Thread] DEBUG GameScene            - Removed MainViewComponent
11:10:22.739 [JavaFX Application Thread] DEBUG FXGLEventBus         - Firing event: DisplayEvent[type=DIALOG_OPENED]
11:10:22.740 [JavaFX Application Thread] DEBUG FXGLInput            - Clearing active input actions
11:10:22.740 [JavaFX Application Thread] DEBUG FXGLMasterTimer      - Stopping master timer
11:10:22.740 [JavaFX Application Thread] DEBUG GameApplication      - State: PLAYING -> PAUSED
11:10:22.740 [JavaFX Application Thread] DEBUG FXGLEventBus         - Firing event: FXGLEvent[type=PAUSE]
11:10:22.740 [JavaFX Application Thread] DEBUG FXGLInput            - Clearing active input actions
11:10:25.341 [JavaFX Application Thread] DEBUG FXGLEventBus         - Firing event: DisplayEvent[type=DIALOG_CLOSED]
11:10:25.342 [JavaFX Application Thread] DEBUG FXGLInput            - Clearing active input actions
11:10:25.342 [JavaFX Application Thread] DEBUG FXGLMasterTimer      - Starting master timer
11:10:25.342 [JavaFX Application Thread] DEBUG GameApplication      - State: PAUSED -> PLAYING
11:10:25.342 [JavaFX Application Thread] DEBUG FXGLEventBus         - Firing event: FXGLEvent[type=RESUME]
11:10:25.342 [JavaFX Application Thread] DEBUG FXGLEventBus         - Firing event: DisplayEvent[type=CLOSE_REQUEST]
11:10:25.343 [JavaFX Application Thread] DEBUG FXGLEventBus         - Firing event: FXGLEvent[type=EXIT]
11:10:25.343 [JavaFX Application Thread] DEBUG FXGL                 - Saving FXGL system data
11:10:25.344 [JavaFX Application Thread] DEBUG IOTask               - Executing task: writeDataTask(system/fxgl.bundle)
11:10:25.346 [JavaFX Application Thread] DEBUG FS                   - Writing to: system\fxgl.bundle
11:10:25.349 [JavaFX Application Thread] DEBUG IOTask               - Task succeeded: writeDataTask(system/fxgl.bundle)
