11:09:09.929 [FXGL Launcher Thread     ] DEBUG FXGLLoggerFactory    - Service [LoggerFactory] initialized
11:09:09.934 [FXGL Launcher Thread     ] DEBUG FXGL                 - FXGL configuration complete
11:09:09.934 [FXGL Launcher Thread     ] DEBUG FXGL                 - Loading FXGL system data
11:09:09.939 [FXGL Launcher Thread     ] DEBUG IOTask               - Executing task: readDataTask(system/fxgl.bundle)
11:09:09.941 [FXGL Launcher Thread     ] DEBUG FS                   - Reading from: system\fxgl.bundle
11:09:09.947 [FXGL Launcher Thread     ] DEBUG IOTask               - Task succeeded: readDataTask(system/fxgl.bundle)
11:09:09.947 [FXGL Launcher Thread     ] DEBUG Bundle               - Logging bundle: FXGL
11:09:09.948 [FXGL Launcher Thread     ] DEBUG Bundle               - FXGL.offline.timer.version.check=2017-01-18T11:24:23.393
11:09:09.957 [JavaFX Application Thread] DEBUG UpdaterTask          - Checking for updates
11:09:10.036 [JavaFX Application Thread] DEBUG FXGLEventBus         - Service [EventBus] initialized
11:09:10.040 [JavaFX Application Thread] DEBUG FXGLExecutor         - Service [Executor] initialized
11:09:10.042 [JavaFX Application Thread] DEBUG IOTask               - Showing dialog
11:09:10.044 [FXGL Background Thread 1 ] DEBUG IOTask               - Executing task: openStream(https://raw.githubusercontent.com/AlmasB/FXGL/master/pom.xml)
11:09:10.045 [FXGL Background Thread 1 ] DEBUG IOTask               - Executing task: openStream(https://raw.githubusercontent.com/AlmasB/FXGL/master/pom.xml)
11:09:10.587 [JavaFX Application Thread] DEBUG IOTask               - fail(): Dismissing dialog
11:09:10.587 [JavaFX Application Thread] WARN  IOTask               - Task failed: openStream(https://raw.githubusercontent.com/AlmasB/FXGL/master/pom.xml) Error: javax.net.ssl.SSLHandshakeException: sun.security.validator.ValidatorException: PKIX path building failed: sun.security.provider.certpath.SunCertPathBuilderException: unable to find valid certification path to requested target
11:09:10.588 [JavaFX Application Thread] WARN  UpdaterTask          - Failed to find updates: javax.net.ssl.SSLHandshakeException: sun.security.validator.ValidatorException: PKIX path building failed: sun.security.provider.certpath.SunCertPathBuilderException: unable to find valid certification path to requested target
11:09:11.190 [FXGL Launcher Thread     ] DEBUG GameApplication      - Configuring GameApplication
11:09:11.198 [FXGL Launcher Thread     ] DEBUG FXGLExceptionHandler - Service [ExceptionHandler] initialized
11:09:11.198 [FXGL Launcher Thread     ] DEBUG PreInitTask          - Injecting gameWorld & physicsWorld
11:09:11.205 [FXGL Launcher Thread     ] DEBUG GameWorld            - Game world initialized
11:09:11.296 [FXGL Launcher Thread     ] DEBUG FXGLPooler           - Service [Pooler] initialized with default size = 128
11:09:11.296 [FXGL Launcher Thread     ] DEBUG PhysicsWorld         - Physics world initialized: appHeight=840.0, physics.ppm=50.0
11:09:11.298 [FXGL Launcher Thread     ] DEBUG FXGLInput            - Service [Input] initialized
11:09:11.318 [FXGL Launcher Thread     ] DEBUG FXGLInput            - Registered new binding: Screenshot - P
11:09:11.319 [FXGL Launcher Thread     ] DEBUG FXGLInput            - Registered new binding: Dev Options - CTRL+0
11:09:11.325 [FXGL Launcher Thread     ] DEBUG FXGLInput            - Registered new binding: Up - W
11:09:11.325 [FXGL Launcher Thread     ] DEBUG FXGLInput            - Registered new binding: Left - A
11:09:11.325 [FXGL Launcher Thread     ] DEBUG FXGLInput            - Registered new binding: Down - S
11:09:11.325 [FXGL Launcher Thread     ] DEBUG FXGLInput            - Registered new binding: Right - D
11:09:11.348 [FXGL Launcher Thread     ] DEBUG GameScene            - Game scene initialized: 960.0x840.0
11:09:11.352 [FXGL Launcher Thread     ] DEBUG FXGLAssetLoader      - Service [AssetLoader] initialized: cacheSize=35
11:09:11.354 [FXGL Launcher Thread     ] DEBUG FXGLAssetLoader      - Loading from disk: /assets/sounds/system/notification.wav
11:09:11.375 [FXGL Launcher Thread     ] DEBUG FXGLAssetLoader      - Loading from disk: /assets/sounds/menu/select.wav
11:09:11.377 [FXGL Launcher Thread     ] DEBUG FXGLAssetLoader      - Loading from disk: /assets/sounds/menu/back.wav
11:09:11.379 [FXGL Launcher Thread     ] DEBUG FXGLAssetLoader      - Loading from disk: /assets/sounds/menu/press.wav
11:09:11.381 [FXGL Launcher Thread     ] DEBUG FXGLAssetLoader      - Loading from disk: /assets/ui/fonts/Copperplate_Gothic_Light_Regular.ttf
11:09:11.388 [FXGL Launcher Thread     ] DEBUG FXGLAssetLoader      - Loading from disk: /assets/ui/css/fxgl.css
11:09:11.389 [FXGL Launcher Thread     ] DEBUG FXGLAssetLoader      - Loading from disk: /assets/ui/icons/fxgl_icon.png
11:09:11.420 [FXGL Launcher Thread     ] DEBUG FXGLAssetLoader      - Loading from disk: /assets/ui/css/fxgl_dark.css
11:09:11.430 [FXGL Launcher Thread     ] DEBUG FXGLDisplay          - Target size: DoubleProperty [value: 960.0] x DoubleProperty [value: 840.0] @ 1.0
11:09:11.430 [FXGL Launcher Thread     ] DEBUG FXGLDisplay          - New size:    960.0 x 840.0 @ DoubleProperty [value: 1.0]
11:09:11.431 [FXGL Launcher Thread     ] DEBUG FXGLDisplay          - Service [Display] initialized
11:09:11.431 [FXGL Launcher Thread     ] DEBUG FXGLDisplay          - Using CSS: CSS(externalForm=jar:file:/C:/Computer%20Science/Game%20Design/3rd/Pacman/lib/fxgl-0.2.9-uber.jar!/assets/ui/css/fxgl_dark.css)
11:09:11.431 [FXGL Launcher Thread     ] DEBUG InitScenesTask       - Injecting loadingScene & gameScene
11:09:11.455 [FXGL Launcher Thread     ] DEBUG FXGLMasterTimer      - Service [MasterTimer] initialized
11:09:11.458 [FXGL Launcher Thread     ] DEBUG FXGLAudioPlayer      - Service [AudioPlayer] initialized
11:09:11.466 [FXGL Launcher Thread     ] DEBUG GameApplication      - Starting new game
11:09:11.467 [FXGL Launcher Thread     ] DEBUG GameApplication      - Initializing App
11:09:11.470 [FXGL Launcher Thread     ] DEBUG FXGLInput            - Clearing active input actions
11:09:11.470 [FXGL Launcher Thread     ] DEBUG FXGLMasterTimer      - Stopping master timer
11:09:11.470 [FXGL Launcher Thread     ] DEBUG GameApplication      - State: STARTUP -> PAUSED
11:09:11.471 [FXGL Launcher Thread     ] DEBUG FXGLEventBus         - Firing event: FXGLEvent[type=PAUSE]
11:09:11.472 [FXGL Launcher Thread     ] DEBUG FXGLInput            - Clearing active input actions
11:09:11.472 [FXGL Launcher Thread     ] DEBUG FXGLMasterTimer      - Resetting ticks and clearing all actions
11:09:11.472 [FXGL Launcher Thread     ] DEBUG GameWorld            - Resetting game world
11:09:11.472 [FXGL Launcher Thread     ] TRACE EntityWorld          - Resetting entity world
11:09:11.474 [FXGL Launcher Thread     ] DEBUG PhysicsWorld         - Resetting physics world
11:09:11.474 [FXGL Launcher Thread     ] DEBUG GameScene            - Resetting game scene
11:09:11.474 [FXGL Launcher Thread     ] DEBUG FXGLEventBus         - Firing event: FXGLEvent[type=RESET]
11:09:11.543 [FXGL Launcher Thread     ] DEBUG GameApplication      - State: PAUSED -> LOADING
11:09:11.576 [FXGL Background Thread 1 ] DEBUG InitAppTask          - Initializing Assets
11:09:11.577 [FXGL Background Thread 1 ] DEBUG InitAppTask          - Initializing Game
11:09:11.582 [FXGL Background Thread 1 ] DEBUG FXGLAssetLoader      - Loading from disk: /assets/text/level.txt
11:09:11.690 [JavaFX Application Thread] DEBUG FXGLDisplay          - Showing stage
11:09:11.690 [JavaFX Application Thread] DEBUG FXGLDisplay          - Root size: 960.0x840.0
11:09:11.690 [JavaFX Application Thread] DEBUG FXGLDisplay          - Scene size: 960.0x840.0
11:09:11.690 [JavaFX Application Thread] DEBUG FXGLDisplay          - Stage size: 978.0x885.0
11:09:11.963 [FXGL Background Thread 1 ] DEBUG GameWorld            - Resetting game world
11:09:11.963 [FXGL Background Thread 1 ] TRACE EntityWorld          - Resetting entity world
11:09:11.963 [FXGL Background Thread 1 ] DEBUG PhysicsWorld         - Resetting physics world
11:09:11.963 [FXGL Background Thread 1 ] DEBUG GameScene            - Resetting game scene
11:09:11.963 [FXGL Background Thread 1 ] DEBUG GameWorld            - Setting level: com.almasb.fxgl.gameplay.Level@bf5041f
11:09:11.965 [FXGL Background Thread 1 ] DEBUG InitAppTask          - Initializing Physics
11:09:11.966 [FXGL Background Thread 1 ] DEBUG InitAppTask          - Initializing UI
11:09:11.966 [FXGL Background Thread 1 ] DEBUG FXGLAssetLoader      - Loading from disk: /assets/ui/pacman_ui.fxml
11:09:12.040 [FXGL Background Thread 1 ] DEBUG GameScene            - Adding UI node: Pane@792385d8
11:09:12.040 [FXGL Background Thread 1 ] DEBUG InitAppTask          - Initialization Complete
11:09:12.042 [JavaFX Application Thread] DEBUG FXGLInput            - Clearing active input actions
11:09:12.043 [JavaFX Application Thread] DEBUG FXGLMasterTimer      - Starting master timer
11:09:12.043 [JavaFX Application Thread] DEBUG GameApplication      - State: LOADING -> PLAYING
11:09:12.052 [JavaFX Application Thread] DEBUG FXGLEventBus         - Firing event: FXGLEvent[type=RESUME]
11:09:12.061 [JavaFX Application Thread] DEBUG GameScene            - Entity added to scene
11:09:12.061 [JavaFX Application Thread] DEBUG GameScene            - Added MainViewComponent
11:09:12.065 [JavaFX Application Thread] DEBUG GameScene            - Creating render group for layer: PLAYGROUND(1073741823)
11:09:12.073 [JavaFX Application Thread] DEBUG GameScene            - Entity added to scene
11:09:12.074 [JavaFX Application Thread] DEBUG GameScene            - Added MainViewComponent
11:09:12.074 [JavaFX Application Thread] DEBUG GameScene            - Entity added to scene
11:09:12.074 [JavaFX Application Thread] DEBUG GameScene            - Added MainViewComponent
11:09:12.075 [JavaFX Application Thread] DEBUG GameScene            - Entity added to scene
11:09:12.075 [JavaFX Application Thread] DEBUG GameScene            - Added MainViewComponent
11:09:12.076 [JavaFX Application Thread] DEBUG GameScene            - Entity added to scene
11:09:12.076 [JavaFX Application Thread] DEBUG GameScene            - Added MainViewComponent
11:09:12.076 [JavaFX Application Thread] DEBUG GameScene            - Entity added to scene
11:09:12.077 [JavaFX Application Thread] DEBUG GameScene            - Added MainViewComponent
11:09:12.077 [JavaFX Application Thread] DEBUG GameScene            - Entity added to scene
11:09:12.077 [JavaFX Application Thread] DEBUG GameScene            - Added MainViewComponent
11:09:12.078 [JavaFX Application Thread] DEBUG GameScene            - Entity added to scene
11:09:12.078 [JavaFX Application Thread] DEBUG GameScene            - Added MainViewComponent
11:09:12.079 [JavaFX Application Thread] DEBUG GameScene            - Entity added to scene
11:09:12.079 [JavaFX Application Thread] DEBUG GameScene            - Added MainViewComponent
11:09:12.079 [JavaFX Application Thread] DEBUG GameScene            - Entity added to scene
11:09:12.080 [JavaFX Application Thread] DEBUG GameScene            - Added MainViewComponent
11:09:12.080 [JavaFX Application Thread] DEBUG GameScene            - Entity added to scene
11:09:12.080 [JavaFX Application Thread] DEBUG GameScene            - Added MainViewComponent
11:09:12.081 [JavaFX Application Thread] DEBUG GameScene            - Entity added to scene
11:09:12.081 [JavaFX Application Thread] DEBUG GameScene            - Added MainViewComponent
11:09:12.081 [JavaFX Application Thread] DEBUG GameScene            - Entity added to scene
11:09:12.082 [JavaFX Application Thread] DEBUG GameScene            - Added MainViewComponent
11:09:12.082 [JavaFX Application Thread] DEBUG GameScene            - Entity added to scene
11:09:12.082 [JavaFX Application Thread] DEBUG GameScene            - Added MainViewComponent
11:09:12.084 [JavaFX Application Thread] DEBUG GameScene            - Entity added to scene
11:09:12.084 [JavaFX Application Thread] DEBUG GameScene            - Added MainViewComponent
11:09:12.085 [JavaFX Application Thread] DEBUG GameScene            - Entity added to scene
11:09:12.085 [JavaFX Application Thread] DEBUG GameScene            - Added MainViewComponent
11:09:12.086 [JavaFX Application Thread] DEBUG GameScene            - Entity added to scene
11:09:12.086 [JavaFX Application Thread] DEBUG GameScene            - Added MainViewComponent
11:09:12.086 [JavaFX Application Thread] DEBUG GameScene            - Entity added to scene
11:09:12.087 [JavaFX Application Thread] DEBUG GameScene            - Added MainViewComponent
11:09:12.087 [JavaFX Application Thread] DEBUG GameScene            - Entity added to scene
11:09:12.087 [JavaFX Application Thread] DEBUG GameScene            - Added MainViewComponent
11:09:12.088 [JavaFX Application Thread] DEBUG GameScene            - Entity added to scene
11:09:12.088 [JavaFX Application Thread] DEBUG GameScene            - Added MainViewComponent
11:09:12.088 [JavaFX Application Thread] DEBUG GameScene            - Entity added to scene
11:09:12.088 [JavaFX Application Thread] DEBUG GameScene            - Added MainViewComponent
11:09:12.089 [JavaFX Application Thread] DEBUG GameScene            - Entity added to scene
11:09:12.089 [JavaFX Application Thread] DEBUG GameScene            - Added MainViewComponent
11:09:12.089 [JavaFX Application Thread] DEBUG GameScene            - Entity added to scene
11:09:12.089 [JavaFX Application Thread] DEBUG GameScene            - Added MainViewComponent
11:09:12.090 [JavaFX Application Thread] DEBUG GameScene            - Entity added to scene
11:09:12.090 [JavaFX Application Thread] DEBUG GameScene            - Added MainViewComponent
11:09:12.090 [JavaFX Application Thread] DEBUG GameScene            - Entity added to scene
11:09:12.090 [JavaFX Application Thread] DEBUG GameScene            - Added MainViewComponent
11:09:12.090 [JavaFX Application Thread] DEBUG GameScene            - Entity added to scene
11:09:12.091 [JavaFX Application Thread] DEBUG GameScene            - Added MainViewComponent
11:09:12.091 [JavaFX Application Thread] DEBUG GameScene            - Entity added to scene
11:09:12.091 [JavaFX Application Thread] DEBUG GameScene            - Added MainViewComponent
11:09:12.091 [JavaFX Application Thread] DEBUG GameScene            - Entity added to scene
11:09:12.091 [JavaFX Application Thread] DEBUG GameScene            - Added MainViewComponent
11:09:12.092 [JavaFX Application Thread] DEBUG GameScene            - Entity added to scene
11:09:12.092 [JavaFX Application Thread] DEBUG GameScene            - Added MainViewComponent
11:09:12.092 [JavaFX Application Thread] DEBUG GameScene            - Entity added to scene
11:09:12.093 [JavaFX Application Thread] DEBUG GameScene            - Added MainViewComponent
11:09:12.093 [JavaFX Application Thread] DEBUG GameScene            - Entity added to scene
11:09:12.093 [JavaFX Application Thread] DEBUG GameScene            - Added MainViewComponent
11:09:12.094 [JavaFX Application Thread] DEBUG GameScene            - Entity added to scene
11:09:12.094 [JavaFX Application Thread] DEBUG GameScene            - Added MainViewComponent
11:09:12.094 [JavaFX Application Thread] DEBUG GameScene            - Entity added to scene
11:09:12.094 [JavaFX Application Thread] DEBUG GameScene            - Added MainViewComponent
11:09:12.094 [JavaFX Application Thread] DEBUG GameScene            - Entity added to scene
11:09:12.094 [JavaFX Application Thread] DEBUG GameScene            - Added MainViewComponent
11:09:12.095 [JavaFX Application Thread] DEBUG GameScene            - Entity added to scene
11:09:12.095 [JavaFX Application Thread] DEBUG GameScene            - Added MainViewComponent
11:09:12.095 [JavaFX Application Thread] DEBUG GameScene            - Entity added to scene
11:09:12.095 [JavaFX Application Thread] DEBUG GameScene            - Added MainViewComponent
11:09:12.096 [JavaFX Application Thread] DEBUG GameScene            - Entity added to scene
11:09:12.096 [JavaFX Application Thread] DEBUG GameScene            - Added MainViewComponent
11:09:12.096 [JavaFX Application Thread] DEBUG GameScene            - Entity added to scene
11:09:12.096 [JavaFX Application Thread] DEBUG GameScene            - Added MainViewComponent
11:09:12.096 [JavaFX Application Thread] DEBUG GameScene            - Entity added to scene
11:09:12.097 [JavaFX Application Thread] DEBUG GameScene            - Added MainViewComponent
11:09:12.097 [JavaFX Application Thread] DEBUG GameScene            - Entity added to scene
11:09:12.097 [JavaFX Application Thread] DEBUG GameScene            - Added MainViewComponent
11:09:12.097 [JavaFX Application Thread] DEBUG GameScene            - Entity added to scene
11:09:12.097 [JavaFX Application Thread] DEBUG GameScene            - Added MainViewComponent
11:09:12.098 [JavaFX Application Thread] DEBUG GameScene            - Entity added to scene
11:09:12.098 [JavaFX Application Thread] DEBUG GameScene            - Added MainViewComponent
11:09:12.098 [JavaFX Application Thread] DEBUG GameScene            - Entity added to scene
11:09:12.098 [JavaFX Application Thread] DEBUG GameScene            - Added MainViewComponent
11:09:12.099 [JavaFX Application Thread] DEBUG GameScene            - Entity added to scene
11:09:12.099 [JavaFX Application Thread] DEBUG GameScene            - Added MainViewComponent
11:09:12.099 [JavaFX Application Thread] DEBUG GameScene            - Entity added to scene
11:09:12.099 [JavaFX Application Thread] DEBUG GameScene            - Added MainViewComponent
11:09:12.100 [JavaFX Application Thread] DEBUG GameScene            - Entity added to scene
11:09:12.100 [JavaFX Application Thread] DEBUG GameScene            - Added MainViewComponent
11:09:12.100 [JavaFX Application Thread] DEBUG GameScene            - Entity added to scene
11:09:12.100 [JavaFX Application Thread] DEBUG GameScene            - Added MainViewComponent
11:09:12.101 [JavaFX Application Thread] DEBUG GameScene            - Entity added to scene
11:09:12.101 [JavaFX Application Thread] DEBUG GameScene            - Added MainViewComponent
11:09:12.101 [JavaFX Application Thread] DEBUG GameScene            - Entity added to scene
11:09:12.101 [JavaFX Application Thread] DEBUG GameScene            - Added MainViewComponent
11:09:12.102 [JavaFX Application Thread] DEBUG GameScene            - Entity added to scene
11:09:12.102 [JavaFX Application Thread] DEBUG GameScene            - Added MainViewComponent
11:09:12.102 [JavaFX Application Thread] DEBUG GameScene            - Entity added to scene
11:09:12.102 [JavaFX Application Thread] DEBUG GameScene            - Added MainViewComponent
11:09:12.103 [JavaFX Application Thread] DEBUG GameScene            - Entity added to scene
11:09:12.103 [JavaFX Application Thread] DEBUG GameScene            - Added MainViewComponent
11:09:12.104 [JavaFX Application Thread] DEBUG GameScene            - Entity added to scene
11:09:12.104 [JavaFX Application Thread] DEBUG GameScene            - Added MainViewComponent
11:09:12.104 [JavaFX Application Thread] DEBUG GameScene            - Entity added to scene
11:09:12.104 [JavaFX Application Thread] DEBUG GameScene            - Added MainViewComponent
11:09:12.105 [JavaFX Application Thread] DEBUG GameScene            - Entity added to scene
11:09:12.105 [JavaFX Application Thread] DEBUG GameScene            - Added MainViewComponent
11:09:12.105 [JavaFX Application Thread] DEBUG GameScene            - Entity added to scene
11:09:12.105 [JavaFX Application Thread] DEBUG GameScene            - Added MainViewComponent
11:09:12.106 [JavaFX Application Thread] DEBUG GameScene            - Entity added to scene
11:09:12.106 [JavaFX Application Thread] DEBUG GameScene            - Added MainViewComponent
11:09:12.106 [JavaFX Application Thread] DEBUG GameScene            - Entity added to scene
11:09:12.106 [JavaFX Application Thread] DEBUG GameScene            - Added MainViewComponent
11:09:12.106 [JavaFX Application Thread] DEBUG GameScene            - Entity added to scene
11:09:12.106 [JavaFX Application Thread] DEBUG GameScene            - Added MainViewComponent
11:09:12.107 [JavaFX Application Thread] DEBUG GameScene            - Entity added to scene
11:09:12.107 [JavaFX Application Thread] DEBUG GameScene            - Added MainViewComponent
11:09:12.107 [JavaFX Application Thread] DEBUG GameScene            - Entity added to scene
11:09:12.107 [JavaFX Application Thread] DEBUG GameScene            - Added MainViewComponent
11:09:12.108 [JavaFX Application Thread] DEBUG GameScene            - Entity added to scene
11:09:12.108 [JavaFX Application Thread] DEBUG GameScene            - Added MainViewComponent
11:09:12.109 [JavaFX Application Thread] DEBUG GameScene            - Entity added to scene
11:09:12.109 [JavaFX Application Thread] DEBUG GameScene            - Added MainViewComponent
11:09:12.109 [JavaFX Application Thread] DEBUG GameScene            - Entity added to scene
11:09:12.109 [JavaFX Application Thread] DEBUG GameScene            - Added MainViewComponent
11:09:12.109 [JavaFX Application Thread] DEBUG GameScene            - Entity added to scene
11:09:12.109 [JavaFX Application Thread] DEBUG GameScene            - Added MainViewComponent
11:09:12.110 [JavaFX Application Thread] DEBUG GameScene            - Entity added to scene
11:09:12.110 [JavaFX Application Thread] DEBUG GameScene            - Added MainViewComponent
11:09:12.110 [JavaFX Application Thread] DEBUG GameScene            - Entity added to scene
11:09:12.110 [JavaFX Application Thread] DEBUG GameScene            - Added MainViewComponent
11:09:12.110 [JavaFX Application Thread] DEBUG GameScene            - Entity added to scene
11:09:12.110 [JavaFX Application Thread] DEBUG GameScene            - Added MainViewComponent
11:09:12.111 [JavaFX Application Thread] DEBUG GameScene            - Entity added to scene
11:09:12.111 [JavaFX Application Thread] DEBUG GameScene            - Added MainViewComponent
11:09:12.111 [JavaFX Application Thread] DEBUG GameScene            - Entity added to scene
11:09:12.111 [JavaFX Application Thread] DEBUG GameScene            - Added MainViewComponent
11:09:12.111 [JavaFX Application Thread] DEBUG GameScene            - Entity added to scene
11:09:12.111 [JavaFX Application Thread] DEBUG GameScene            - Added MainViewComponent
11:09:12.112 [JavaFX Application Thread] DEBUG GameScene            - Entity added to scene
11:09:12.112 [JavaFX Application Thread] DEBUG GameScene            - Added MainViewComponent
11:09:12.112 [JavaFX Application Thread] DEBUG GameScene            - Entity added to scene
11:09:12.112 [JavaFX Application Thread] DEBUG GameScene            - Added MainViewComponent
11:09:12.112 [JavaFX Application Thread] DEBUG GameScene            - Entity added to scene
11:09:12.112 [JavaFX Application Thread] DEBUG GameScene            - Added MainViewComponent
11:09:12.112 [JavaFX Application Thread] DEBUG GameScene            - Entity added to scene
11:09:12.112 [JavaFX Application Thread] DEBUG GameScene            - Added MainViewComponent
11:09:12.113 [JavaFX Application Thread] DEBUG GameScene            - Entity added to scene
11:09:12.113 [JavaFX Application Thread] DEBUG GameScene            - Added MainViewComponent
11:09:12.113 [JavaFX Application Thread] DEBUG GameScene            - Entity added to scene
11:09:12.113 [JavaFX Application Thread] DEBUG GameScene            - Added MainViewComponent
11:09:12.113 [JavaFX Application Thread] DEBUG GameScene            - Entity added to scene
11:09:12.113 [JavaFX Application Thread] DEBUG GameScene            - Added MainViewComponent
11:09:12.114 [JavaFX Application Thread] DEBUG GameScene            - Entity added to scene
11:09:12.114 [JavaFX Application Thread] DEBUG GameScene            - Added MainViewComponent
11:09:12.114 [JavaFX Application Thread] DEBUG GameScene            - Entity added to scene
11:09:12.114 [JavaFX Application Thread] DEBUG GameScene            - Added MainViewComponent
11:09:12.115 [JavaFX Application Thread] DEBUG GameScene            - Entity added to scene
11:09:12.115 [JavaFX Application Thread] DEBUG GameScene            - Added MainViewComponent
11:09:12.116 [JavaFX Application Thread] DEBUG GameScene            - Entity added to scene
11:09:12.116 [JavaFX Application Thread] DEBUG GameScene            - Added MainViewComponent
11:09:12.116 [JavaFX Application Thread] DEBUG GameScene            - Entity added to scene
11:09:12.116 [JavaFX Application Thread] DEBUG GameScene            - Added MainViewComponent
11:09:12.117 [JavaFX Application Thread] DEBUG GameScene            - Entity added to scene
11:09:12.117 [JavaFX Application Thread] DEBUG GameScene            - Added MainViewComponent
11:09:12.117 [JavaFX Application Thread] DEBUG GameScene            - Entity added to scene
11:09:12.117 [JavaFX Application Thread] DEBUG GameScene            - Added MainViewComponent
11:09:12.118 [JavaFX Application Thread] DEBUG GameScene            - Entity added to scene
11:09:12.118 [JavaFX Application Thread] DEBUG GameScene            - Added MainViewComponent
11:09:12.119 [JavaFX Application Thread] DEBUG GameScene            - Entity added to scene
11:09:12.119 [JavaFX Application Thread] DEBUG GameScene            - Added MainViewComponent
11:09:12.119 [JavaFX Application Thread] DEBUG GameScene            - Entity added to scene
11:09:12.119 [JavaFX Application Thread] DEBUG GameScene            - Added MainViewComponent
11:09:12.120 [JavaFX Application Thread] DEBUG GameScene            - Entity added to scene
11:09:12.120 [JavaFX Application Thread] DEBUG GameScene            - Added MainViewComponent
11:09:12.120 [JavaFX Application Thread] DEBUG GameScene            - Entity added to scene
11:09:12.120 [JavaFX Application Thread] DEBUG GameScene            - Added MainViewComponent
11:09:12.121 [JavaFX Application Thread] DEBUG GameScene            - Entity added to scene
11:09:12.121 [JavaFX Application Thread] DEBUG GameScene            - Added MainViewComponent
11:09:12.121 [JavaFX Application Thread] DEBUG GameScene            - Entity added to scene
11:09:12.121 [JavaFX Application Thread] DEBUG GameScene            - Added MainViewComponent
11:09:12.122 [JavaFX Application Thread] DEBUG GameScene            - Entity added to scene
11:09:12.122 [JavaFX Application Thread] DEBUG GameScene            - Added MainViewComponent
11:09:12.122 [JavaFX Application Thread] DEBUG GameScene            - Entity added to scene
11:09:12.122 [JavaFX Application Thread] DEBUG GameScene            - Added MainViewComponent
11:09:12.123 [JavaFX Application Thread] DEBUG GameScene            - Entity added to scene
11:09:12.123 [JavaFX Application Thread] DEBUG GameScene            - Added MainViewComponent
11:09:12.124 [JavaFX Application Thread] DEBUG GameScene            - Entity added to scene
11:09:12.124 [JavaFX Application Thread] DEBUG GameScene            - Added MainViewComponent
11:09:12.124 [JavaFX Application Thread] DEBUG GameScene            - Entity added to scene
11:09:12.124 [JavaFX Application Thread] DEBUG GameScene            - Added MainViewComponent
11:09:12.125 [JavaFX Application Thread] DEBUG GameScene            - Entity added to scene
11:09:12.125 [JavaFX Application Thread] DEBUG GameScene            - Added MainViewComponent
11:09:12.125 [JavaFX Application Thread] DEBUG GameScene            - Entity added to scene
11:09:12.125 [JavaFX Application Thread] DEBUG GameScene            - Added MainViewComponent
11:09:12.126 [JavaFX Application Thread] DEBUG GameScene            - Entity added to scene
11:09:12.126 [JavaFX Application Thread] DEBUG GameScene            - Added MainViewComponent
11:09:12.126 [JavaFX Application Thread] DEBUG GameScene            - Entity added to scene
11:09:12.127 [JavaFX Application Thread] DEBUG GameScene            - Added MainViewComponent
11:09:12.127 [JavaFX Application Thread] DEBUG GameScene            - Entity added to scene
11:09:12.127 [JavaFX Application Thread] DEBUG GameScene            - Added MainViewComponent
11:09:12.128 [JavaFX Application Thread] DEBUG GameScene            - Entity added to scene
11:09:12.128 [JavaFX Application Thread] DEBUG GameScene            - Added MainViewComponent
11:09:12.128 [JavaFX Application Thread] DEBUG GameScene            - Entity added to scene
11:09:12.128 [JavaFX Application Thread] DEBUG GameScene            - Added MainViewComponent
11:09:12.128 [JavaFX Application Thread] DEBUG GameScene            - Entity added to scene
11:09:12.129 [JavaFX Application Thread] DEBUG GameScene            - Added MainViewComponent
11:09:12.129 [JavaFX Application Thread] DEBUG GameScene            - Entity added to scene
11:09:12.129 [JavaFX Application Thread] DEBUG GameScene            - Added MainViewComponent
11:09:12.130 [JavaFX Application Thread] DEBUG GameScene            - Entity added to scene
11:09:12.130 [JavaFX Application Thread] DEBUG GameScene            - Added MainViewComponent
11:09:12.130 [JavaFX Application Thread] DEBUG GameScene            - Entity added to scene
11:09:12.130 [JavaFX Application Thread] DEBUG GameScene            - Added MainViewComponent
11:09:12.130 [JavaFX Application Thread] DEBUG GameScene            - Entity added to scene
11:09:12.131 [JavaFX Application Thread] DEBUG GameScene            - Added MainViewComponent
11:09:12.131 [JavaFX Application Thread] DEBUG GameScene            - Entity added to scene
11:09:12.131 [JavaFX Application Thread] DEBUG GameScene            - Added MainViewComponent
11:09:12.131 [JavaFX Application Thread] DEBUG GameScene            - Entity added to scene
11:09:12.131 [JavaFX Application Thread] DEBUG GameScene            - Added MainViewComponent
11:09:12.132 [JavaFX Application Thread] DEBUG GameScene            - Entity added to scene
11:09:12.132 [JavaFX Application Thread] DEBUG GameScene            - Added MainViewComponent
11:09:12.133 [JavaFX Application Thread] DEBUG GameScene            - Entity added to scene
11:09:12.133 [JavaFX Application Thread] DEBUG GameScene            - Added MainViewComponent
11:09:12.133 [JavaFX Application Thread] DEBUG GameScene            - Entity added to scene
11:09:12.133 [JavaFX Application Thread] DEBUG GameScene            - Added MainViewComponent
11:09:12.133 [JavaFX Application Thread] DEBUG GameScene            - Entity added to scene
11:09:12.134 [JavaFX Application Thread] DEBUG GameScene            - Added MainViewComponent
11:09:12.134 [JavaFX Application Thread] DEBUG GameScene            - Entity added to scene
11:09:12.134 [JavaFX Application Thread] DEBUG GameScene            - Added MainViewComponent
11:09:12.134 [JavaFX Application Thread] DEBUG GameScene            - Entity added to scene
11:09:12.134 [JavaFX Application Thread] DEBUG GameScene            - Added MainViewComponent
11:09:12.135 [JavaFX Application Thread] DEBUG GameScene            - Entity added to scene
11:09:12.135 [JavaFX Application Thread] DEBUG GameScene            - Added MainViewComponent
11:09:12.135 [JavaFX Application Thread] DEBUG GameScene            - Entity added to scene
11:09:12.135 [JavaFX Application Thread] DEBUG GameScene            - Added MainViewComponent
11:09:12.136 [JavaFX Application Thread] DEBUG GameScene            - Entity added to scene
11:09:12.136 [JavaFX Application Thread] DEBUG GameScene            - Added MainViewComponent
11:09:12.136 [JavaFX Application Thread] DEBUG GameScene            - Entity added to scene
11:09:12.136 [JavaFX Application Thread] DEBUG GameScene            - Added MainViewComponent
11:09:12.137 [JavaFX Application Thread] DEBUG GameScene            - Entity added to scene
11:09:12.137 [JavaFX Application Thread] DEBUG GameScene            - Added MainViewComponent
11:09:12.137 [JavaFX Application Thread] DEBUG GameScene            - Entity added to scene
11:09:12.137 [JavaFX Application Thread] DEBUG GameScene            - Added MainViewComponent
11:09:12.138 [JavaFX Application Thread] DEBUG GameScene            - Entity added to scene
11:09:12.138 [JavaFX Application Thread] DEBUG GameScene            - Added MainViewComponent
11:09:12.138 [JavaFX Application Thread] DEBUG GameScene            - Entity added to scene
11:09:12.138 [JavaFX Application Thread] DEBUG GameScene            - Added MainViewComponent
11:09:12.138 [JavaFX Application Thread] DEBUG GameScene            - Entity added to scene
11:09:12.139 [JavaFX Application Thread] DEBUG GameScene            - Added MainViewComponent
11:09:12.139 [JavaFX Application Thread] DEBUG GameScene            - Entity added to scene
11:09:12.139 [JavaFX Application Thread] DEBUG GameScene            - Added MainViewComponent
11:09:12.139 [JavaFX Application Thread] DEBUG GameScene            - Entity added to scene
11:09:12.140 [JavaFX Application Thread] DEBUG GameScene            - Added MainViewComponent
11:09:12.142 [JavaFX Application Thread] DEBUG GameScene            - Entity added to scene
11:09:12.142 [JavaFX Application Thread] DEBUG GameScene            - Added MainViewComponent
11:09:12.142 [JavaFX Application Thread] DEBUG GameScene            - Entity added to scene
11:09:12.142 [JavaFX Application Thread] DEBUG GameScene            - Added MainViewComponent
11:09:12.142 [JavaFX Application Thread] DEBUG GameScene            - Entity added to scene
11:09:12.143 [JavaFX Application Thread] DEBUG GameScene            - Added MainViewComponent
11:09:12.143 [JavaFX Application Thread] DEBUG GameScene            - Entity added to scene
11:09:12.143 [JavaFX Application Thread] DEBUG GameScene            - Added MainViewComponent
11:09:12.143 [JavaFX Application Thread] DEBUG GameScene            - Entity added to scene
11:09:12.143 [JavaFX Application Thread] DEBUG GameScene            - Added MainViewComponent
11:09:12.144 [JavaFX Application Thread] DEBUG GameScene            - Entity added to scene
11:09:12.144 [JavaFX Application Thread] DEBUG GameScene            - Added MainViewComponent
11:09:12.144 [JavaFX Application Thread] DEBUG GameScene            - Entity added to scene
11:09:12.144 [JavaFX Application Thread] DEBUG GameScene            - Added MainViewComponent
11:09:12.144 [JavaFX Application Thread] DEBUG GameScene            - Entity added to scene
11:09:12.144 [JavaFX Application Thread] DEBUG GameScene            - Added MainViewComponent
11:09:12.145 [JavaFX Application Thread] DEBUG GameScene            - Entity added to scene
11:09:12.145 [JavaFX Application Thread] DEBUG GameScene            - Added MainViewComponent
11:09:12.145 [JavaFX Application Thread] DEBUG GameScene            - Entity added to scene
11:09:12.145 [JavaFX Application Thread] DEBUG GameScene            - Added MainViewComponent
11:09:12.145 [JavaFX Application Thread] DEBUG GameScene            - Entity added to scene
11:09:12.145 [JavaFX Application Thread] DEBUG GameScene            - Added MainViewComponent
11:09:12.145 [JavaFX Application Thread] DEBUG GameScene            - Entity added to scene
11:09:12.145 [JavaFX Application Thread] DEBUG GameScene            - Added MainViewComponent
11:09:12.146 [JavaFX Application Thread] DEBUG GameScene            - Entity added to scene
11:09:12.146 [JavaFX Application Thread] DEBUG GameScene            - Added MainViewComponent
11:09:12.146 [JavaFX Application Thread] DEBUG GameScene            - Entity added to scene
11:09:12.146 [JavaFX Application Thread] DEBUG GameScene            - Added MainViewComponent
11:09:12.146 [JavaFX Application Thread] DEBUG GameScene            - Entity added to scene
11:09:12.146 [JavaFX Application Thread] DEBUG GameScene            - Added MainViewComponent
11:09:12.146 [JavaFX Application Thread] DEBUG GameScene            - Entity added to scene
11:09:12.146 [JavaFX Application Thread] DEBUG GameScene            - Added MainViewComponent
11:09:12.147 [JavaFX Application Thread] DEBUG GameScene            - Entity added to scene
11:09:12.147 [JavaFX Application Thread] DEBUG GameScene            - Added MainViewComponent
11:09:12.147 [JavaFX Application Thread] DEBUG GameScene            - Entity added to scene
11:09:12.147 [JavaFX Application Thread] DEBUG GameScene            - Added MainViewComponent
11:09:12.147 [JavaFX Application Thread] DEBUG GameScene            - Entity added to scene
11:09:12.147 [JavaFX Application Thread] DEBUG GameScene            - Added MainViewComponent
11:09:12.147 [JavaFX Application Thread] DEBUG GameScene            - Entity added to scene
11:09:12.147 [JavaFX Application Thread] DEBUG GameScene            - Added MainViewComponent
11:09:12.148 [JavaFX Application Thread] DEBUG GameScene            - Entity added to scene
11:09:12.148 [JavaFX Application Thread] DEBUG GameScene            - Added MainViewComponent
11:09:12.148 [JavaFX Application Thread] DEBUG GameScene            - Entity added to scene
11:09:12.148 [JavaFX Application Thread] DEBUG GameScene            - Added MainViewComponent
11:09:12.148 [JavaFX Application Thread] DEBUG GameScene            - Entity added to scene
11:09:12.148 [JavaFX Application Thread] DEBUG GameScene            - Added MainViewComponent
11:09:12.149 [JavaFX Application Thread] DEBUG GameScene            - Entity added to scene
11:09:12.149 [JavaFX Application Thread] DEBUG GameScene            - Added MainViewComponent
11:09:12.149 [JavaFX Application Thread] DEBUG GameScene            - Entity added to scene
11:09:12.149 [JavaFX Application Thread] DEBUG GameScene            - Added MainViewComponent
11:09:12.149 [JavaFX Application Thread] DEBUG GameScene            - Entity added to scene
11:09:12.149 [JavaFX Application Thread] DEBUG GameScene            - Added MainViewComponent
11:09:12.150 [JavaFX Application Thread] DEBUG GameScene            - Entity added to scene
11:09:12.150 [JavaFX Application Thread] DEBUG GameScene            - Added MainViewComponent
11:09:12.150 [JavaFX Application Thread] DEBUG GameScene            - Entity added to scene
11:09:12.150 [JavaFX Application Thread] DEBUG GameScene            - Added MainViewComponent
11:09:12.150 [JavaFX Application Thread] DEBUG GameScene            - Entity added to scene
11:09:12.150 [JavaFX Application Thread] DEBUG GameScene            - Added MainViewComponent
11:09:12.151 [JavaFX Application Thread] DEBUG GameScene            - Entity added to scene
11:09:12.151 [JavaFX Application Thread] DEBUG GameScene            - Added MainViewComponent
11:09:12.151 [JavaFX Application Thread] DEBUG GameScene            - Entity added to scene
11:09:12.151 [JavaFX Application Thread] DEBUG GameScene            - Added MainViewComponent
11:09:12.151 [JavaFX Application Thread] DEBUG GameScene            - Entity added to scene
11:09:12.151 [JavaFX Application Thread] DEBUG GameScene            - Added MainViewComponent
11:09:12.151 [JavaFX Application Thread] DEBUG GameScene            - Entity added to scene
11:09:12.151 [JavaFX Application Thread] DEBUG GameScene            - Added MainViewComponent
11:09:12.151 [JavaFX Application Thread] DEBUG GameScene            - Entity added to scene
11:09:12.151 [JavaFX Application Thread] DEBUG GameScene            - Added MainViewComponent
11:09:12.152 [JavaFX Application Thread] DEBUG GameScene            - Entity added to scene
11:09:12.152 [JavaFX Application Thread] DEBUG GameScene            - Added MainViewComponent
11:09:12.152 [JavaFX Application Thread] DEBUG GameScene            - Entity added to scene
11:09:12.152 [JavaFX Application Thread] DEBUG GameScene            - Added MainViewComponent
11:09:12.152 [JavaFX Application Thread] DEBUG GameScene            - Entity added to scene
11:09:12.152 [JavaFX Application Thread] DEBUG GameScene            - Added MainViewComponent
11:09:12.152 [JavaFX Application Thread] DEBUG GameScene            - Entity added to scene
11:09:12.152 [JavaFX Application Thread] DEBUG GameScene            - Added MainViewComponent
11:09:12.153 [JavaFX Application Thread] DEBUG GameScene            - Entity added to scene
11:09:12.153 [JavaFX Application Thread] DEBUG GameScene            - Added MainViewComponent
11:09:12.153 [JavaFX Application Thread] DEBUG GameScene            - Entity added to scene
11:09:12.153 [JavaFX Application Thread] DEBUG GameScene            - Added MainViewComponent
11:09:12.153 [JavaFX Application Thread] DEBUG GameScene            - Entity added to scene
11:09:12.153 [JavaFX Application Thread] DEBUG GameScene            - Added MainViewComponent
11:09:12.154 [JavaFX Application Thread] DEBUG GameScene            - Entity added to scene
11:09:12.154 [JavaFX Application Thread] DEBUG GameScene            - Added MainViewComponent
11:09:12.154 [JavaFX Application Thread] DEBUG GameScene            - Entity added to scene
11:09:12.154 [JavaFX Application Thread] DEBUG GameScene            - Added MainViewComponent
11:09:12.155 [JavaFX Application Thread] DEBUG GameScene            - Entity added to scene
11:09:12.155 [JavaFX Application Thread] DEBUG GameScene            - Added MainViewComponent
11:09:12.155 [JavaFX Application Thread] DEBUG GameScene            - Entity added to scene
11:09:12.155 [JavaFX Application Thread] DEBUG GameScene            - Added MainViewComponent
11:09:12.155 [JavaFX Application Thread] DEBUG GameScene            - Entity added to scene
11:09:12.155 [JavaFX Application Thread] DEBUG GameScene            - Added MainViewComponent
11:09:12.155 [JavaFX Application Thread] DEBUG GameScene            - Entity added to scene
11:09:12.155 [JavaFX Application Thread] DEBUG GameScene            - Added MainViewComponent
11:09:12.156 [JavaFX Application Thread] DEBUG GameScene            - Entity added to scene
11:09:12.156 [JavaFX Application Thread] DEBUG GameScene            - Added MainViewComponent
11:09:12.156 [JavaFX Application Thread] DEBUG GameScene            - Entity added to scene
11:09:12.156 [JavaFX Application Thread] DEBUG GameScene            - Added MainViewComponent
11:09:12.156 [JavaFX Application Thread] DEBUG GameScene            - Entity added to scene
11:09:12.156 [JavaFX Application Thread] DEBUG GameScene            - Added MainViewComponent
11:09:12.156 [JavaFX Application Thread] DEBUG GameScene            - Entity added to scene
11:09:12.156 [JavaFX Application Thread] DEBUG GameScene            - Added MainViewComponent
11:09:12.157 [JavaFX Application Thread] DEBUG GameScene            - Entity added to scene
11:09:12.157 [JavaFX Application Thread] DEBUG GameScene            - Added MainViewComponent
11:09:12.157 [JavaFX Application Thread] DEBUG GameScene            - Entity added to scene
11:09:12.157 [JavaFX Application Thread] DEBUG GameScene            - Added MainViewComponent
11:09:12.157 [JavaFX Application Thread] DEBUG GameScene            - Entity added to scene
11:09:12.157 [JavaFX Application Thread] DEBUG GameScene            - Added MainViewComponent
11:09:12.157 [JavaFX Application Thread] DEBUG GameScene            - Entity added to scene
11:09:12.157 [JavaFX Application Thread] DEBUG GameScene            - Added MainViewComponent
11:09:12.157 [JavaFX Application Thread] DEBUG GameScene            - Entity added to scene
11:09:12.158 [JavaFX Application Thread] DEBUG GameScene            - Added MainViewComponent
11:09:12.158 [JavaFX Application Thread] DEBUG GameScene            - Entity added to scene
11:09:12.158 [JavaFX Application Thread] DEBUG GameScene            - Added MainViewComponent
11:09:12.158 [JavaFX Application Thread] DEBUG GameScene            - Entity added to scene
11:09:12.158 [JavaFX Application Thread] DEBUG GameScene            - Added MainViewComponent
11:09:12.158 [JavaFX Application Thread] DEBUG GameScene            - Entity added to scene
11:09:12.158 [JavaFX Application Thread] DEBUG GameScene            - Added MainViewComponent
11:09:12.158 [JavaFX Application Thread] DEBUG GameScene            - Entity added to scene
11:09:12.158 [JavaFX Application Thread] DEBUG GameScene            - Added MainViewComponent
11:09:12.159 [JavaFX Application Thread] DEBUG GameScene            - Entity added to scene
11:09:12.159 [JavaFX Application Thread] DEBUG GameScene            - Added MainViewComponent
11:09:12.159 [JavaFX Application Thread] DEBUG GameScene            - Entity added to scene
11:09:12.159 [JavaFX Application Thread] DEBUG GameScene            - Added MainViewComponent
11:09:12.159 [JavaFX Application Thread] DEBUG GameScene            - Entity added to scene
11:09:12.159 [JavaFX Application Thread] DEBUG GameScene            - Added MainViewComponent
11:09:12.159 [JavaFX Application Thread] DEBUG GameScene            - Entity added to scene
11:09:12.159 [JavaFX Application Thread] DEBUG GameScene            - Added MainViewComponent
11:09:12.160 [JavaFX Application Thread] DEBUG GameScene            - Entity added to scene
11:09:12.160 [JavaFX Application Thread] DEBUG GameScene            - Added MainViewComponent
11:09:12.160 [JavaFX Application Thread] DEBUG GameScene            - Entity added to scene
11:09:12.160 [JavaFX Application Thread] DEBUG GameScene            - Added MainViewComponent
11:09:12.160 [JavaFX Application Thread] DEBUG GameScene            - Entity added to scene
11:09:12.160 [JavaFX Application Thread] DEBUG GameScene            - Added MainViewComponent
11:09:12.160 [JavaFX Application Thread] DEBUG GameScene            - Entity added to scene
11:09:12.160 [JavaFX Application Thread] DEBUG GameScene            - Added MainViewComponent
11:09:12.162 [JavaFX Application Thread] DEBUG GameScene            - Entity added to scene
11:09:12.162 [JavaFX Application Thread] DEBUG GameScene            - Added MainViewComponent
11:09:12.162 [JavaFX Application Thread] DEBUG GameScene            - Entity added to scene
11:09:12.162 [JavaFX Application Thread] DEBUG GameScene            - Added MainViewComponent
11:09:12.162 [JavaFX Application Thread] DEBUG GameScene            - Entity added to scene
11:09:12.162 [JavaFX Application Thread] DEBUG GameScene            - Added MainViewComponent
11:09:12.163 [JavaFX Application Thread] DEBUG GameScene            - Entity added to scene
11:09:12.163 [JavaFX Application Thread] DEBUG GameScene            - Added MainViewComponent
11:09:12.163 [JavaFX Application Thread] DEBUG GameScene            - Entity added to scene
11:09:12.163 [JavaFX Application Thread] DEBUG GameScene            - Added MainViewComponent
11:09:12.163 [JavaFX Application Thread] DEBUG GameScene            - Entity added to scene
11:09:12.163 [JavaFX Application Thread] DEBUG GameScene            - Added MainViewComponent
11:09:12.163 [JavaFX Application Thread] DEBUG GameScene            - Entity added to scene
11:09:12.163 [JavaFX Application Thread] DEBUG GameScene            - Added MainViewComponent
11:09:12.164 [JavaFX Application Thread] DEBUG GameScene            - Entity added to scene
11:09:12.164 [JavaFX Application Thread] DEBUG GameScene            - Added MainViewComponent
11:09:12.164 [JavaFX Application Thread] DEBUG GameScene            - Entity added to scene
11:09:12.164 [JavaFX Application Thread] DEBUG GameScene            - Added MainViewComponent
11:09:12.164 [JavaFX Application Thread] DEBUG GameScene            - Entity added to scene
11:09:12.164 [JavaFX Application Thread] DEBUG GameScene            - Added MainViewComponent
11:09:12.165 [JavaFX Application Thread] DEBUG GameScene            - Entity added to scene
11:09:12.165 [JavaFX Application Thread] DEBUG GameScene            - Added MainViewComponent
11:09:12.165 [JavaFX Application Thread] DEBUG GameScene            - Entity added to scene
11:09:12.165 [JavaFX Application Thread] DEBUG GameScene            - Added MainViewComponent
11:09:12.165 [JavaFX Application Thread] DEBUG GameScene            - Entity added to scene
11:09:12.165 [JavaFX Application Thread] DEBUG GameScene            - Added MainViewComponent
11:09:12.167 [JavaFX Application Thread] DEBUG GameScene            - Entity added to scene
11:09:12.167 [JavaFX Application Thread] DEBUG GameScene            - Added MainViewComponent
11:09:12.183 [JavaFX Application Thread] DEBUG GameScene            - Entity added to scene
11:09:12.183 [JavaFX Application Thread] DEBUG GameScene            - Added MainViewComponent
11:09:12.183 [JavaFX Application Thread] DEBUG GameScene            - Entity added to scene
11:09:12.183 [JavaFX Application Thread] DEBUG GameScene            - Added MainViewComponent
11:09:12.184 [JavaFX Application Thread] DEBUG GameScene            - Entity added to scene
11:09:12.184 [JavaFX Application Thread] DEBUG GameScene            - Added MainViewComponent
11:09:12.185 [JavaFX Application Thread] DEBUG GameScene            - Entity added to scene
11:09:12.185 [JavaFX Application Thread] DEBUG GameScene            - Added MainViewComponent
11:09:12.186 [JavaFX Application Thread] DEBUG GameScene            - Entity added to scene
11:09:12.186 [JavaFX Application Thread] DEBUG GameScene            - Added MainViewComponent
11:09:12.187 [JavaFX Application Thread] DEBUG GameScene            - Entity added to scene
11:09:12.187 [JavaFX Application Thread] DEBUG GameScene            - Added MainViewComponent
11:09:12.187 [JavaFX Application Thread] DEBUG GameScene            - Entity added to scene
11:09:12.187 [JavaFX Application Thread] DEBUG GameScene            - Added MainViewComponent
11:09:12.187 [JavaFX Application Thread] DEBUG GameScene            - Entity added to scene
11:09:12.188 [JavaFX Application Thread] DEBUG GameScene            - Added MainViewComponent
11:09:12.188 [JavaFX Application Thread] DEBUG GameScene            - Entity added to scene
11:09:12.188 [JavaFX Application Thread] DEBUG GameScene            - Added MainViewComponent
11:09:12.188 [JavaFX Application Thread] DEBUG GameScene            - Entity added to scene
11:09:12.188 [JavaFX Application Thread] DEBUG GameScene            - Added MainViewComponent
11:09:12.189 [JavaFX Application Thread] DEBUG GameScene            - Entity added to scene
11:09:12.189 [JavaFX Application Thread] DEBUG GameScene            - Added MainViewComponent
11:09:12.189 [JavaFX Application Thread] DEBUG GameScene            - Entity added to scene
11:09:12.189 [JavaFX Application Thread] DEBUG GameScene            - Added MainViewComponent
11:09:12.190 [JavaFX Application Thread] DEBUG GameScene            - Entity added to scene
11:09:12.190 [JavaFX Application Thread] DEBUG GameScene            - Added MainViewComponent
11:09:12.190 [JavaFX Application Thread] DEBUG GameScene            - Entity added to scene
11:09:12.190 [JavaFX Application Thread] DEBUG GameScene            - Added MainViewComponent
11:09:12.190 [JavaFX Application Thread] DEBUG GameScene            - Entity added to scene
11:09:12.190 [JavaFX Application Thread] DEBUG GameScene            - Added MainViewComponent
11:09:12.191 [JavaFX Application Thread] DEBUG GameScene            - Entity added to scene
11:09:12.191 [JavaFX Application Thread] DEBUG GameScene            - Added MainViewComponent
11:09:12.191 [JavaFX Application Thread] DEBUG GameScene            - Entity added to scene
11:09:12.191 [JavaFX Application Thread] DEBUG GameScene            - Added MainViewComponent
11:09:12.191 [JavaFX Application Thread] DEBUG GameScene            - Entity added to scene
11:09:12.192 [JavaFX Application Thread] DEBUG GameScene            - Added MainViewComponent
11:09:12.192 [JavaFX Application Thread] DEBUG GameScene            - Entity added to scene
11:09:12.192 [JavaFX Application Thread] DEBUG GameScene            - Added MainViewComponent
11:09:12.192 [JavaFX Application Thread] DEBUG GameScene            - Entity added to scene
11:09:12.192 [JavaFX Application Thread] DEBUG GameScene            - Added MainViewComponent
11:09:12.192 [JavaFX Application Thread] DEBUG GameScene            - Entity added to scene
11:09:12.193 [JavaFX Application Thread] DEBUG GameScene            - Added MainViewComponent
11:09:12.193 [JavaFX Application Thread] DEBUG GameScene            - Entity added to scene
11:09:12.193 [JavaFX Application Thread] DEBUG GameScene            - Added MainViewComponent
11:09:12.193 [JavaFX Application Thread] DEBUG GameScene            - Entity added to scene
11:09:12.193 [JavaFX Application Thread] DEBUG GameScene            - Added MainViewComponent
11:09:12.194 [JavaFX Application Thread] DEBUG GameScene            - Entity added to scene
11:09:12.194 [JavaFX Application Thread] DEBUG GameScene            - Added MainViewComponent
11:09:12.194 [JavaFX Application Thread] DEBUG GameScene            - Entity added to scene
11:09:12.194 [JavaFX Application Thread] DEBUG GameScene            - Added MainViewComponent
11:09:12.194 [JavaFX Application Thread] DEBUG GameScene            - Entity added to scene
11:09:12.194 [JavaFX Application Thread] DEBUG GameScene            - Added MainViewComponent
11:09:12.195 [JavaFX Application Thread] DEBUG GameScene            - Entity added to scene
11:09:12.195 [JavaFX Application Thread] DEBUG GameScene            - Added MainViewComponent
11:09:12.195 [JavaFX Application Thread] DEBUG GameScene            - Entity added to scene
11:09:12.195 [JavaFX Application Thread] DEBUG GameScene            - Added MainViewComponent
11:09:12.195 [JavaFX Application Thread] DEBUG GameScene            - Entity added to scene
11:09:12.195 [JavaFX Application Thread] DEBUG GameScene            - Added MainViewComponent
11:09:12.196 [JavaFX Application Thread] DEBUG GameScene            - Entity added to scene
11:09:12.196 [JavaFX Application Thread] DEBUG GameScene            - Added MainViewComponent
11:09:12.196 [JavaFX Application Thread] DEBUG GameScene            - Entity added to scene
11:09:12.196 [JavaFX Application Thread] DEBUG GameScene            - Added MainViewComponent
11:09:12.197 [JavaFX Application Thread] DEBUG GameScene            - Entity added to scene
11:09:12.197 [JavaFX Application Thread] DEBUG GameScene            - Added MainViewComponent
11:09:12.197 [JavaFX Application Thread] DEBUG GameScene            - Entity added to scene
11:09:12.197 [JavaFX Application Thread] DEBUG GameScene            - Added MainViewComponent
11:09:12.198 [JavaFX Application Thread] DEBUG GameScene            - Entity added to scene
11:09:12.198 [JavaFX Application Thread] DEBUG GameScene            - Added MainViewComponent
11:09:12.198 [JavaFX Application Thread] DEBUG GameScene            - Entity added to scene
11:09:12.198 [JavaFX Application Thread] DEBUG GameScene            - Added MainViewComponent
11:09:12.198 [JavaFX Application Thread] DEBUG GameScene            - Entity added to scene
11:09:12.198 [JavaFX Application Thread] DEBUG GameScene            - Added MainViewComponent
11:09:12.199 [JavaFX Application Thread] DEBUG GameScene            - Entity added to scene
11:09:12.199 [JavaFX Application Thread] DEBUG GameScene            - Added MainViewComponent
11:09:12.199 [JavaFX Application Thread] DEBUG GameScene            - Entity added to scene
11:09:12.199 [JavaFX Application Thread] DEBUG GameScene            - Added MainViewComponent
11:09:12.199 [JavaFX Application Thread] DEBUG GameScene            - Entity added to scene
11:09:12.199 [JavaFX Application Thread] DEBUG GameScene            - Added MainViewComponent
11:09:12.200 [JavaFX Application Thread] DEBUG GameScene            - Entity added to scene
11:09:12.200 [JavaFX Application Thread] DEBUG GameScene            - Added MainViewComponent
11:09:12.200 [JavaFX Application Thread] DEBUG GameScene            - Entity added to scene
11:09:12.200 [JavaFX Application Thread] DEBUG GameScene            - Added MainViewComponent
11:09:12.201 [JavaFX Application Thread] DEBUG GameScene            - Entity added to scene
11:09:12.201 [JavaFX Application Thread] DEBUG GameScene            - Added MainViewComponent
11:09:12.201 [JavaFX Application Thread] DEBUG GameScene            - Entity added to scene
11:09:12.201 [JavaFX Application Thread] DEBUG GameScene            - Added MainViewComponent
11:09:12.202 [JavaFX Application Thread] DEBUG GameScene            - Entity added to scene
11:09:12.202 [JavaFX Application Thread] DEBUG GameScene            - Added MainViewComponent
11:09:12.204 [JavaFX Application Thread] DEBUG GameScene            - Entity added to scene
11:09:12.204 [JavaFX Application Thread] DEBUG GameScene            - Added MainViewComponent
11:09:12.215 [JavaFX Application Thread] DEBUG GameScene            - Entity added to scene
11:09:12.215 [JavaFX Application Thread] DEBUG GameScene            - Added MainViewComponent
11:09:12.220 [JavaFX Application Thread] DEBUG GameScene            - Entity added to scene
11:09:12.220 [JavaFX Application Thread] DEBUG GameScene            - Added MainViewComponent
11:09:12.224 [JavaFX Application Thread] DEBUG GameScene            - Entity added to scene
11:09:12.224 [JavaFX Application Thread] DEBUG GameScene            - Added MainViewComponent
11:09:12.224 [JavaFX Application Thread] DEBUG GameScene            - Entity added to scene
11:09:12.224 [JavaFX Application Thread] DEBUG GameScene            - Added MainViewComponent
11:09:12.225 [JavaFX Application Thread] DEBUG GameScene            - Entity added to scene
11:09:12.225 [JavaFX Application Thread] DEBUG GameScene            - Added MainViewComponent
11:09:12.227 [JavaFX Application Thread] DEBUG GameScene            - Entity added to scene
11:09:12.227 [JavaFX Application Thread] DEBUG GameScene            - Added MainViewComponent
11:09:12.228 [JavaFX Application Thread] DEBUG GameScene            - Entity added to scene
11:09:12.228 [JavaFX Application Thread] DEBUG GameScene            - Added MainViewComponent
11:09:12.228 [JavaFX Application Thread] DEBUG GameScene            - Entity added to scene
11:09:12.228 [JavaFX Application Thread] DEBUG GameScene            - Added MainViewComponent
11:09:12.228 [JavaFX Application Thread] DEBUG GameScene            - Entity added to scene
11:09:12.228 [JavaFX Application Thread] DEBUG GameScene            - Added MainViewComponent
11:09:12.229 [JavaFX Application Thread] DEBUG GameScene            - Entity added to scene
11:09:12.229 [JavaFX Application Thread] DEBUG GameScene            - Added MainViewComponent
11:09:12.229 [JavaFX Application Thread] DEBUG GameScene            - Entity added to scene
11:09:12.229 [JavaFX Application Thread] DEBUG GameScene            - Added MainViewComponent
11:09:12.229 [JavaFX Application Thread] DEBUG GameScene            - Entity added to scene
11:09:12.229 [JavaFX Application Thread] DEBUG GameScene            - Added MainViewComponent
11:09:12.229 [JavaFX Application Thread] DEBUG GameScene            - Entity added to scene
11:09:12.229 [JavaFX Application Thread] DEBUG GameScene            - Added MainViewComponent
11:09:12.229 [JavaFX Application Thread] DEBUG GameScene            - Entity added to scene
11:09:12.229 [JavaFX Application Thread] DEBUG GameScene            - Added MainViewComponent
11:09:12.230 [JavaFX Application Thread] DEBUG GameScene            - Entity added to scene
11:09:12.230 [JavaFX Application Thread] DEBUG GameScene            - Added MainViewComponent
11:09:12.230 [JavaFX Application Thread] DEBUG GameScene            - Entity added to scene
11:09:12.230 [JavaFX Application Thread] DEBUG GameScene            - Added MainViewComponent
11:09:12.230 [JavaFX Application Thread] DEBUG GameScene            - Entity added to scene
11:09:12.230 [JavaFX Application Thread] DEBUG GameScene            - Added MainViewComponent
11:09:12.230 [JavaFX Application Thread] DEBUG GameScene            - Entity added to scene
11:09:12.230 [JavaFX Application Thread] DEBUG GameScene            - Added MainViewComponent
11:09:12.230 [JavaFX Application Thread] DEBUG GameScene            - Entity added to scene
11:09:12.230 [JavaFX Application Thread] DEBUG GameScene            - Added MainViewComponent
11:09:12.231 [JavaFX Application Thread] DEBUG GameScene            - Entity added to scene
11:09:12.231 [JavaFX Application Thread] DEBUG GameScene            - Added MainViewComponent
11:09:12.231 [JavaFX Application Thread] DEBUG GameScene            - Entity added to scene
11:09:12.231 [JavaFX Application Thread] DEBUG GameScene            - Added MainViewComponent
11:09:12.231 [JavaFX Application Thread] DEBUG GameScene            - Entity added to scene
11:09:12.231 [JavaFX Application Thread] DEBUG GameScene            - Added MainViewComponent
11:09:12.231 [JavaFX Application Thread] DEBUG GameScene            - Entity added to scene
11:09:12.232 [JavaFX Application Thread] DEBUG GameScene            - Added MainViewComponent
11:09:12.232 [JavaFX Application Thread] DEBUG GameScene            - Entity added to scene
11:09:12.232 [JavaFX Application Thread] DEBUG GameScene            - Added MainViewComponent
11:09:12.233 [JavaFX Application Thread] DEBUG GameScene            - Entity added to scene
11:09:12.233 [JavaFX Application Thread] DEBUG GameScene            - Added MainViewComponent
11:09:12.233 [JavaFX Application Thread] DEBUG GameScene            - Entity added to scene
11:09:12.233 [JavaFX Application Thread] DEBUG GameScene            - Added MainViewComponent
11:09:12.233 [JavaFX Application Thread] DEBUG GameScene            - Entity added to scene
11:09:12.233 [JavaFX Application Thread] DEBUG GameScene            - Added MainViewComponent
11:09:12.234 [JavaFX Application Thread] DEBUG GameScene            - Entity added to scene
11:09:12.234 [JavaFX Application Thread] DEBUG GameScene            - Added MainViewComponent
11:09:12.234 [JavaFX Application Thread] DEBUG GameScene            - Entity added to scene
11:09:12.234 [JavaFX Application Thread] DEBUG GameScene            - Added MainViewComponent
11:09:12.234 [JavaFX Application Thread] DEBUG GameScene            - Entity added to scene
11:09:12.234 [JavaFX Application Thread] DEBUG GameScene            - Added MainViewComponent
11:09:12.234 [JavaFX Application Thread] DEBUG GameScene            - Creating render group for layer: TOP(2147483647)
11:09:12.234 [JavaFX Application Thread] DEBUG GameScene            - Entity added to scene
11:09:12.234 [JavaFX Application Thread] DEBUG GameScene            - Added MainViewComponent
11:09:12.234 [JavaFX Application Thread] DEBUG GameScene            - Entity added to scene
11:09:12.235 [JavaFX Application Thread] DEBUG GameScene            - Added MainViewComponent
11:09:12.235 [JavaFX Application Thread] DEBUG GameScene            - Entity added to scene
11:09:12.235 [JavaFX Application Thread] DEBUG GameScene            - Added MainViewComponent
11:09:12.235 [JavaFX Application Thread] DEBUG GameScene            - Entity added to scene
11:09:12.235 [JavaFX Application Thread] DEBUG GameScene            - Added MainViewComponent
11:09:12.242 [JavaFX Application Thread] DEBUG GameScene            - Entity added to scene
11:09:12.242 [JavaFX Application Thread] DEBUG GameScene            - Added MainViewComponent
11:09:12.242 [JavaFX Application Thread] DEBUG GameScene            - Entity added to scene
11:09:12.243 [JavaFX Application Thread] DEBUG GameScene            - Added MainViewComponent
11:09:12.243 [JavaFX Application Thread] DEBUG GameScene            - Entity added to scene
11:09:12.243 [JavaFX Application Thread] DEBUG GameScene            - Added MainViewComponent
11:09:12.243 [JavaFX Application Thread] DEBUG GameScene            - Entity added to scene
11:09:12.243 [JavaFX Application Thread] DEBUG GameScene            - Added MainViewComponent
11:09:12.243 [JavaFX Application Thread] DEBUG GameScene            - Entity added to scene
11:09:12.243 [JavaFX Application Thread] DEBUG GameScene            - Added MainViewComponent
11:09:12.243 [JavaFX Application Thread] DEBUG GameScene            - Entity added to scene
11:09:12.243 [JavaFX Application Thread] DEBUG GameScene            - Added MainViewComponent
11:09:12.244 [JavaFX Application Thread] DEBUG GameScene            - Entity added to scene
11:09:12.244 [JavaFX Application Thread] DEBUG GameScene            - Added MainViewComponent
11:09:12.244 [JavaFX Application Thread] DEBUG GameScene            - Entity added to scene
11:09:12.244 [JavaFX Application Thread] DEBUG GameScene            - Added MainViewComponent
11:09:12.244 [JavaFX Application Thread] DEBUG GameScene            - Entity added to scene
11:09:12.244 [JavaFX Application Thread] DEBUG GameScene            - Added MainViewComponent
11:09:12.244 [JavaFX Application Thread] DEBUG GameScene            - Entity added to scene
11:09:12.244 [JavaFX Application Thread] DEBUG GameScene            - Added MainViewComponent
11:09:12.245 [JavaFX Application Thread] DEBUG GameScene            - Entity added to scene
11:09:12.245 [JavaFX Application Thread] DEBUG GameScene            - Added MainViewComponent
11:09:12.245 [JavaFX Application Thread] DEBUG GameScene            - Entity added to scene
11:09:12.245 [JavaFX Application Thread] DEBUG GameScene            - Added MainViewComponent
11:09:12.245 [JavaFX Application Thread] DEBUG GameScene            - Entity added to scene
11:09:12.245 [JavaFX Application Thread] DEBUG GameScene            - Added MainViewComponent
11:09:12.245 [JavaFX Application Thread] DEBUG GameScene            - Entity added to scene
11:09:12.245 [JavaFX Application Thread] DEBUG GameScene            - Added MainViewComponent
11:09:12.245 [JavaFX Application Thread] DEBUG GameScene            - Entity added to scene
11:09:12.245 [JavaFX Application Thread] DEBUG GameScene            - Added MainViewComponent
11:09:12.246 [JavaFX Application Thread] DEBUG GameScene            - Entity added to scene
11:09:12.246 [JavaFX Application Thread] DEBUG GameScene            - Added MainViewComponent
11:09:12.246 [JavaFX Application Thread] DEBUG GameScene            - Entity added to scene
11:09:12.246 [JavaFX Application Thread] DEBUG GameScene            - Added MainViewComponent
11:09:12.246 [JavaFX Application Thread] DEBUG GameScene            - Entity added to scene
11:09:12.246 [JavaFX Application Thread] DEBUG GameScene            - Added MainViewComponent
11:09:12.246 [JavaFX Application Thread] DEBUG GameScene            - Entity added to scene
11:09:12.246 [JavaFX Application Thread] DEBUG GameScene            - Added MainViewComponent
11:09:12.246 [JavaFX Application Thread] DEBUG GameScene            - Entity added to scene
11:09:12.246 [JavaFX Application Thread] DEBUG GameScene            - Added MainViewComponent
11:09:12.247 [JavaFX Application Thread] DEBUG GameScene            - Entity added to scene
11:09:12.247 [JavaFX Application Thread] DEBUG GameScene            - Added MainViewComponent
11:09:12.247 [JavaFX Application Thread] DEBUG GameScene            - Entity added to scene
11:09:12.247 [JavaFX Application Thread] DEBUG GameScene            - Added MainViewComponent
11:09:12.247 [JavaFX Application Thread] DEBUG GameScene            - Entity added to scene
11:09:12.247 [JavaFX Application Thread] DEBUG GameScene            - Added MainViewComponent
11:09:12.247 [JavaFX Application Thread] DEBUG GameScene            - Entity added to scene
11:09:12.247 [JavaFX Application Thread] DEBUG GameScene            - Added MainViewComponent
11:09:12.247 [JavaFX Application Thread] DEBUG GameScene            - Entity added to scene
11:09:12.247 [JavaFX Application Thread] DEBUG GameScene            - Added MainViewComponent
11:09:12.248 [JavaFX Application Thread] DEBUG GameScene            - Entity added to scene
11:09:12.248 [JavaFX Application Thread] DEBUG GameScene            - Added MainViewComponent
11:09:12.248 [JavaFX Application Thread] DEBUG GameScene            - Entity added to scene
11:09:12.248 [JavaFX Application Thread] DEBUG GameScene            - Added MainViewComponent
11:09:12.249 [JavaFX Application Thread] DEBUG GameScene            - Entity added to scene
11:09:12.249 [JavaFX Application Thread] DEBUG GameScene            - Added MainViewComponent
11:09:12.249 [JavaFX Application Thread] DEBUG GameScene            - Entity added to scene
11:09:12.249 [JavaFX Application Thread] DEBUG GameScene            - Added MainViewComponent
11:09:12.249 [JavaFX Application Thread] DEBUG GameScene            - Entity added to scene
11:09:12.249 [JavaFX Application Thread] DEBUG GameScene            - Added MainViewComponent
11:09:12.250 [JavaFX Application Thread] DEBUG GameScene            - Entity added to scene
11:09:12.250 [JavaFX Application Thread] DEBUG GameScene            - Added MainViewComponent
11:09:12.250 [JavaFX Application Thread] DEBUG GameScene            - Entity added to scene
11:09:12.250 [JavaFX Application Thread] DEBUG GameScene            - Added MainViewComponent
11:09:12.250 [JavaFX Application Thread] DEBUG GameScene            - Entity added to scene
11:09:12.250 [JavaFX Application Thread] DEBUG GameScene            - Added MainViewComponent
11:09:12.250 [JavaFX Application Thread] DEBUG GameScene            - Entity added to scene
11:09:12.250 [JavaFX Application Thread] DEBUG GameScene            - Added MainViewComponent
11:09:12.251 [JavaFX Application Thread] DEBUG GameScene            - Entity added to scene
11:09:12.251 [JavaFX Application Thread] DEBUG GameScene            - Added MainViewComponent
11:09:12.251 [JavaFX Application Thread] DEBUG GameScene            - Entity added to scene
11:09:12.251 [JavaFX Application Thread] DEBUG GameScene            - Added MainViewComponent
11:09:12.251 [JavaFX Application Thread] DEBUG GameScene            - Entity added to scene
11:09:12.251 [JavaFX Application Thread] DEBUG GameScene            - Added MainViewComponent
11:09:12.251 [JavaFX Application Thread] DEBUG GameScene            - Entity added to scene
11:09:12.251 [JavaFX Application Thread] DEBUG GameScene            - Added MainViewComponent
11:09:12.252 [JavaFX Application Thread] DEBUG GameScene            - Entity added to scene
11:09:12.252 [JavaFX Application Thread] DEBUG GameScene            - Added MainViewComponent
11:09:12.253 [JavaFX Application Thread] DEBUG GameScene            - Entity added to scene
11:09:12.253 [JavaFX Application Thread] DEBUG GameScene            - Added MainViewComponent
11:09:12.253 [JavaFX Application Thread] DEBUG GameScene            - Entity added to scene
11:09:12.253 [JavaFX Application Thread] DEBUG GameScene            - Added MainViewComponent
11:09:12.253 [JavaFX Application Thread] DEBUG GameScene            - Entity added to scene
11:09:12.253 [JavaFX Application Thread] DEBUG GameScene            - Added MainViewComponent
11:09:12.253 [JavaFX Application Thread] DEBUG GameScene            - Entity added to scene
11:09:12.253 [JavaFX Application Thread] DEBUG GameScene            - Added MainViewComponent
11:09:12.253 [JavaFX Application Thread] DEBUG GameScene            - Entity added to scene
11:09:12.253 [JavaFX Application Thread] DEBUG GameScene            - Added MainViewComponent
11:09:12.253 [JavaFX Application Thread] DEBUG GameScene            - Entity added to scene
11:09:12.254 [JavaFX Application Thread] DEBUG GameScene            - Added MainViewComponent
11:09:12.254 [JavaFX Application Thread] DEBUG GameScene            - Entity added to scene
11:09:12.254 [JavaFX Application Thread] DEBUG GameScene            - Added MainViewComponent
11:09:12.255 [JavaFX Application Thread] DEBUG GameScene            - Entity added to scene
11:09:12.255 [JavaFX Application Thread] DEBUG GameScene            - Added MainViewComponent
11:09:12.255 [JavaFX Application Thread] DEBUG GameScene            - Entity added to scene
11:09:12.255 [JavaFX Application Thread] DEBUG GameScene            - Added MainViewComponent
11:09:12.255 [JavaFX Application Thread] DEBUG GameScene            - Entity added to scene
11:09:12.255 [JavaFX Application Thread] DEBUG GameScene            - Added MainViewComponent
11:09:12.256 [JavaFX Application Thread] DEBUG GameScene            - Entity added to scene
11:09:12.256 [JavaFX Application Thread] DEBUG GameScene            - Added MainViewComponent
11:09:12.256 [JavaFX Application Thread] DEBUG GameScene            - Entity added to scene
11:09:12.256 [JavaFX Application Thread] DEBUG GameScene            - Added MainViewComponent
11:09:12.256 [JavaFX Application Thread] DEBUG GameScene            - Entity added to scene
11:09:12.256 [JavaFX Application Thread] DEBUG GameScene            - Added MainViewComponent
11:09:12.256 [JavaFX Application Thread] DEBUG GameScene            - Entity added to scene
11:09:12.262 [JavaFX Application Thread] DEBUG GameScene            - Added MainViewComponent
11:09:12.268 [JavaFX Application Thread] DEBUG GameScene            - Entity added to scene
11:09:12.269 [JavaFX Application Thread] DEBUG GameScene            - Added MainViewComponent
11:09:12.269 [JavaFX Application Thread] DEBUG GameScene            - Entity added to scene
11:09:12.269 [JavaFX Application Thread] DEBUG GameScene            - Added MainViewComponent
11:09:12.270 [JavaFX Application Thread] DEBUG GameScene            - Entity added to scene
11:09:12.270 [JavaFX Application Thread] DEBUG GameScene            - Added MainViewComponent
11:09:12.270 [JavaFX Application Thread] DEBUG GameScene            - Entity added to scene
11:09:12.270 [JavaFX Application Thread] DEBUG GameScene            - Added MainViewComponent
11:09:12.271 [JavaFX Application Thread] DEBUG GameScene            - Entity added to scene
11:09:12.271 [JavaFX Application Thread] DEBUG GameScene            - Added MainViewComponent
11:09:12.271 [JavaFX Application Thread] DEBUG GameScene            - Entity added to scene
11:09:12.271 [JavaFX Application Thread] DEBUG GameScene            - Added MainViewComponent
11:09:12.271 [JavaFX Application Thread] DEBUG GameScene            - Entity added to scene
11:09:12.271 [JavaFX Application Thread] DEBUG GameScene            - Added MainViewComponent
11:09:12.271 [JavaFX Application Thread] DEBUG GameScene            - Entity added to scene
11:09:12.271 [JavaFX Application Thread] DEBUG GameScene            - Added MainViewComponent
11:09:12.271 [JavaFX Application Thread] DEBUG GameScene            - Entity added to scene
11:09:12.271 [JavaFX Application Thread] DEBUG GameScene            - Added MainViewComponent
11:09:12.271 [JavaFX Application Thread] DEBUG GameScene            - Entity added to scene
11:09:12.272 [JavaFX Application Thread] DEBUG GameScene            - Added MainViewComponent
11:09:12.272 [JavaFX Application Thread] DEBUG GameScene            - Entity added to scene
11:09:12.272 [JavaFX Application Thread] DEBUG GameScene            - Added MainViewComponent
11:09:12.272 [JavaFX Application Thread] DEBUG GameScene            - Entity added to scene
11:09:12.272 [JavaFX Application Thread] DEBUG GameScene            - Added MainViewComponent
11:09:12.272 [JavaFX Application Thread] DEBUG GameScene            - Entity added to scene
11:09:12.272 [JavaFX Application Thread] DEBUG GameScene            - Added MainViewComponent
11:09:12.273 [JavaFX Application Thread] DEBUG GameScene            - Entity added to scene
11:09:12.273 [JavaFX Application Thread] DEBUG GameScene            - Added MainViewComponent
11:09:12.273 [JavaFX Application Thread] DEBUG GameScene            - Entity added to scene
11:09:12.273 [JavaFX Application Thread] DEBUG GameScene            - Added MainViewComponent
11:09:12.273 [JavaFX Application Thread] DEBUG GameScene            - Entity added to scene
11:09:12.273 [JavaFX Application Thread] DEBUG GameScene            - Added MainViewComponent
11:09:12.273 [JavaFX Application Thread] DEBUG GameScene            - Entity added to scene
11:09:12.273 [JavaFX Application Thread] DEBUG GameScene            - Added MainViewComponent
11:09:12.274 [JavaFX Application Thread] DEBUG GameScene            - Entity added to scene
11:09:12.274 [JavaFX Application Thread] DEBUG GameScene            - Added MainViewComponent
11:09:12.274 [JavaFX Application Thread] DEBUG GameScene            - Entity added to scene
11:09:12.274 [JavaFX Application Thread] DEBUG GameScene            - Added MainViewComponent
11:09:12.274 [JavaFX Application Thread] DEBUG GameScene            - Entity added to scene
11:09:12.274 [JavaFX Application Thread] DEBUG GameScene            - Added MainViewComponent
11:09:12.274 [JavaFX Application Thread] DEBUG GameScene            - Entity added to scene
11:09:12.274 [JavaFX Application Thread] DEBUG GameScene            - Added MainViewComponent
11:09:12.274 [JavaFX Application Thread] DEBUG GameScene            - Entity added to scene
11:09:12.274 [JavaFX Application Thread] DEBUG GameScene            - Added MainViewComponent
11:09:12.274 [JavaFX Application Thread] DEBUG GameScene            - Entity added to scene
11:09:12.274 [JavaFX Application Thread] DEBUG GameScene            - Added MainViewComponent
11:09:12.275 [JavaFX Application Thread] DEBUG GameScene            - Entity added to scene
11:09:12.275 [JavaFX Application Thread] DEBUG GameScene            - Added MainViewComponent
11:09:12.275 [JavaFX Application Thread] DEBUG GameScene            - Entity added to scene
11:09:12.275 [JavaFX Application Thread] DEBUG GameScene            - Added MainViewComponent
11:09:12.275 [JavaFX Application Thread] DEBUG GameScene            - Entity added to scene
11:09:12.275 [JavaFX Application Thread] DEBUG GameScene            - Added MainViewComponent
11:09:12.275 [JavaFX Application Thread] DEBUG GameScene            - Entity added to scene
11:09:12.275 [JavaFX Application Thread] DEBUG GameScene            - Added MainViewComponent
11:09:12.275 [JavaFX Application Thread] DEBUG GameScene            - Entity added to scene
11:09:12.275 [JavaFX Application Thread] DEBUG GameScene            - Added MainViewComponent
11:09:12.275 [JavaFX Application Thread] DEBUG GameScene            - Entity added to scene
11:09:12.275 [JavaFX Application Thread] DEBUG GameScene            - Added MainViewComponent
11:09:12.275 [JavaFX Application Thread] DEBUG GameScene            - Entity added to scene
11:09:12.275 [JavaFX Application Thread] DEBUG GameScene            - Added MainViewComponent
11:09:12.275 [JavaFX Application Thread] DEBUG GameScene            - Entity added to scene
11:09:12.275 [JavaFX Application Thread] DEBUG GameScene            - Added MainViewComponent
11:09:12.276 [JavaFX Application Thread] DEBUG GameScene            - Entity added to scene
11:09:12.276 [JavaFX Application Thread] DEBUG GameScene            - Added MainViewComponent
11:09:12.276 [JavaFX Application Thread] DEBUG GameScene            - Entity added to scene
11:09:12.276 [JavaFX Application Thread] DEBUG GameScene            - Added MainViewComponent
11:09:12.276 [JavaFX Application Thread] DEBUG GameScene            - Entity added to scene
11:09:12.276 [JavaFX Application Thread] DEBUG GameScene            - Added MainViewComponent
11:09:12.276 [JavaFX Application Thread] DEBUG GameScene            - Entity added to scene
11:09:12.276 [JavaFX Application Thread] DEBUG GameScene            - Added MainViewComponent
11:09:12.276 [JavaFX Application Thread] DEBUG GameScene            - Entity added to scene
11:09:12.276 [JavaFX Application Thread] DEBUG GameScene            - Added MainViewComponent
11:09:12.276 [JavaFX Application Thread] DEBUG GameScene            - Entity added to scene
11:09:12.276 [JavaFX Application Thread] DEBUG GameScene            - Added MainViewComponent
11:09:12.276 [JavaFX Application Thread] DEBUG GameScene            - Entity added to scene
11:09:12.276 [JavaFX Application Thread] DEBUG GameScene            - Added MainViewComponent
11:09:12.277 [JavaFX Application Thread] DEBUG GameScene            - Entity added to scene
11:09:12.277 [JavaFX Application Thread] DEBUG GameScene            - Added MainViewComponent
11:09:12.277 [JavaFX Application Thread] DEBUG GameScene            - Entity added to scene
11:09:12.277 [JavaFX Application Thread] DEBUG GameScene            - Added MainViewComponent
11:09:12.278 [JavaFX Application Thread] DEBUG GameScene            - Entity added to scene
11:09:12.278 [JavaFX Application Thread] DEBUG GameScene            - Added MainViewComponent
11:09:12.283 [JavaFX Application Thread] DEBUG GameScene            - Entity added to scene
11:09:12.283 [JavaFX Application Thread] DEBUG GameScene            - Added MainViewComponent
11:09:12.284 [JavaFX Application Thread] DEBUG GameScene            - Entity added to scene
11:09:12.284 [JavaFX Application Thread] DEBUG GameScene            - Added MainViewComponent
11:09:12.285 [JavaFX Application Thread] DEBUG GameScene            - Entity added to scene
11:09:12.285 [JavaFX Application Thread] DEBUG GameScene            - Added MainViewComponent
11:09:12.285 [JavaFX Application Thread] DEBUG GameScene            - Entity added to scene
11:09:12.285 [JavaFX Application Thread] DEBUG GameScene            - Added MainViewComponent
11:09:12.286 [JavaFX Application Thread] DEBUG GameScene            - Entity added to scene
11:09:12.286 [JavaFX Application Thread] DEBUG GameScene            - Added MainViewComponent
11:09:12.287 [JavaFX Application Thread] DEBUG GameScene            - Entity added to scene
11:09:12.287 [JavaFX Application Thread] DEBUG GameScene            - Added MainViewComponent
11:09:12.287 [JavaFX Application Thread] DEBUG GameScene            - Entity added to scene
11:09:12.287 [JavaFX Application Thread] DEBUG GameScene            - Added MainViewComponent
11:09:12.287 [JavaFX Application Thread] DEBUG GameScene            - Creating render group for layer: BACKGROUND(0)
11:09:33.020 [JavaFX Application Thread] DEBUG FXGLEventBus         - Firing event: DisplayEvent[type=DIALOG_OPENED]
11:09:33.021 [JavaFX Application Thread] DEBUG FXGLInput            - Clearing active input actions
11:09:33.021 [JavaFX Application Thread] DEBUG FXGLMasterTimer      - Stopping master timer
11:09:33.021 [JavaFX Application Thread] DEBUG GameApplication      - State: PLAYING -> PAUSED
11:09:33.021 [JavaFX Application Thread] DEBUG FXGLEventBus         - Firing event: FXGLEvent[type=PAUSE]
11:09:33.021 [JavaFX Application Thread] DEBUG FXGLInput            - Clearing active input actions
11:09:37.120 [JavaFX Application Thread] DEBUG FXGLEventBus         - Firing event: DisplayEvent[type=DIALOG_CLOSED]
11:09:37.121 [JavaFX Application Thread] DEBUG FXGLInput            - Clearing active input actions
11:09:37.121 [JavaFX Application Thread] DEBUG FXGLMasterTimer      - Starting master timer
11:09:37.121 [JavaFX Application Thread] DEBUG GameApplication      - State: PAUSED -> PLAYING
11:09:37.121 [JavaFX Application Thread] DEBUG FXGLEventBus         - Firing event: FXGLEvent[type=RESUME]
11:09:37.121 [JavaFX Application Thread] DEBUG FXGLEventBus         - Firing event: DisplayEvent[type=CLOSE_REQUEST]
11:09:37.124 [JavaFX Application Thread] DEBUG FXGLEventBus         - Firing event: FXGLEvent[type=EXIT]
11:09:37.124 [JavaFX Application Thread] DEBUG FXGL                 - Saving FXGL system data
11:09:37.128 [JavaFX Application Thread] DEBUG IOTask               - Executing task: writeDataTask(system/fxgl.bundle)
11:09:37.133 [JavaFX Application Thread] DEBUG FS                   - Writing to: system\fxgl.bundle
11:09:37.142 [JavaFX Application Thread] DEBUG IOTask               - Task succeeded: writeDataTask(system/fxgl.bundle)
