10:49:55.373 [FXGL Launcher Thread     ] DEBUG FXGLLoggerFactory    - Service [LoggerFactory] initialized
10:49:55.378 [FXGL Launcher Thread     ] DEBUG FXGL                 - FXGL configuration complete
10:49:55.378 [FXGL Launcher Thread     ] DEBUG FXGL                 - Loading FXGL system data
10:49:55.382 [FXGL Launcher Thread     ] DEBUG IOTask               - Executing task: readDataTask(system/fxgl.bundle)
10:49:55.385 [FXGL Launcher Thread     ] DEBUG FS                   - Reading from: system\fxgl.bundle
10:49:55.392 [FXGL Launcher Thread     ] DEBUG IOTask               - Task succeeded: readDataTask(system/fxgl.bundle)
10:49:55.392 [FXGL Launcher Thread     ] DEBUG Bundle               - Logging bundle: FXGL
10:49:55.392 [FXGL Launcher Thread     ] DEBUG Bundle               - FXGL.offline.timer.version.check=2017-01-18T11:24:23.393
10:49:55.405 [JavaFX Application Thread] DEBUG UpdaterTask          - Checking for updates
10:49:55.487 [JavaFX Application Thread] DEBUG FXGLEventBus         - Service [EventBus] initialized
10:49:55.490 [JavaFX Application Thread] DEBUG FXGLExecutor         - Service [Executor] initialized
10:49:55.491 [JavaFX Application Thread] DEBUG IOTask               - Showing dialog
10:49:55.494 [FXGL Background Thread 1 ] DEBUG IOTask               - Executing task: openStream(https://raw.githubusercontent.com/AlmasB/FXGL/master/pom.xml)
10:49:55.494 [FXGL Background Thread 1 ] DEBUG IOTask               - Executing task: openStream(https://raw.githubusercontent.com/AlmasB/FXGL/master/pom.xml)
10:49:56.050 [JavaFX Application Thread] DEBUG IOTask               - fail(): Dismissing dialog
10:49:56.050 [JavaFX Application Thread] WARN  IOTask               - Task failed: openStream(https://raw.githubusercontent.com/AlmasB/FXGL/master/pom.xml) Error: javax.net.ssl.SSLHandshakeException: sun.security.validator.ValidatorException: PKIX path building failed: sun.security.provider.certpath.SunCertPathBuilderException: unable to find valid certification path to requested target
10:49:56.051 [JavaFX Application Thread] WARN  UpdaterTask          - Failed to find updates: javax.net.ssl.SSLHandshakeException: sun.security.validator.ValidatorException: PKIX path building failed: sun.security.provider.certpath.SunCertPathBuilderException: unable to find valid certification path to requested target
10:49:57.005 [FXGL Launcher Thread     ] DEBUG GameApplication      - Configuring GameApplication
10:49:57.011 [FXGL Launcher Thread     ] DEBUG FXGLExceptionHandler - Service [ExceptionHandler] initialized
10:49:57.011 [FXGL Launcher Thread     ] DEBUG PreInitTask          - Injecting gameWorld & physicsWorld
10:49:57.021 [FXGL Launcher Thread     ] DEBUG GameWorld            - Game world initialized
10:49:57.101 [FXGL Launcher Thread     ] DEBUG FXGLPooler           - Service [Pooler] initialized with default size = 128
10:49:57.102 [FXGL Launcher Thread     ] DEBUG PhysicsWorld         - Physics world initialized: appHeight=840.0, physics.ppm=50.0
10:49:57.104 [FXGL Launcher Thread     ] DEBUG FXGLInput            - Service [Input] initialized
10:49:57.124 [FXGL Launcher Thread     ] DEBUG FXGLInput            - Registered new binding: Screenshot - P
10:49:57.125 [FXGL Launcher Thread     ] DEBUG FXGLInput            - Registered new binding: Dev Options - CTRL+0
10:49:57.125 [FXGL Launcher Thread     ] DEBUG FXGLInput            - Registered new binding: Up - W
10:49:57.125 [FXGL Launcher Thread     ] DEBUG FXGLInput            - Registered new binding: Left - A
10:49:57.125 [FXGL Launcher Thread     ] DEBUG FXGLInput            - Registered new binding: Down - S
10:49:57.125 [FXGL Launcher Thread     ] DEBUG FXGLInput            - Registered new binding: Right - D
10:49:57.148 [FXGL Launcher Thread     ] DEBUG GameScene            - Game scene initialized: 1040.0x840.0
10:49:57.152 [FXGL Launcher Thread     ] DEBUG FXGLAssetLoader      - Service [AssetLoader] initialized: cacheSize=35
10:49:57.154 [FXGL Launcher Thread     ] DEBUG FXGLAssetLoader      - Loading from disk: /assets/sounds/system/notification.wav
10:49:57.179 [FXGL Launcher Thread     ] DEBUG FXGLAssetLoader      - Loading from disk: /assets/sounds/menu/select.wav
10:49:57.181 [FXGL Launcher Thread     ] DEBUG FXGLAssetLoader      - Loading from disk: /assets/sounds/menu/back.wav
10:49:57.184 [FXGL Launcher Thread     ] DEBUG FXGLAssetLoader      - Loading from disk: /assets/sounds/menu/press.wav
10:49:57.186 [FXGL Launcher Thread     ] DEBUG FXGLAssetLoader      - Loading from disk: /assets/ui/fonts/Copperplate_Gothic_Light_Regular.ttf
10:49:57.192 [FXGL Launcher Thread     ] DEBUG FXGLAssetLoader      - Loading from disk: /assets/ui/css/fxgl.css
10:49:57.192 [FXGL Launcher Thread     ] DEBUG FXGLAssetLoader      - Loading from disk: /assets/ui/icons/fxgl_icon.png
10:49:57.223 [FXGL Launcher Thread     ] DEBUG FXGLAssetLoader      - Loading from disk: /assets/ui/css/fxgl_dark.css
10:49:57.234 [FXGL Launcher Thread     ] DEBUG FXGLDisplay          - Target size: DoubleProperty [value: 1040.0] x DoubleProperty [value: 840.0] @ 1.0
10:49:57.234 [FXGL Launcher Thread     ] DEBUG FXGLDisplay          - New size:    1040.0 x 840.0 @ DoubleProperty [value: 1.0]
10:49:57.235 [FXGL Launcher Thread     ] DEBUG FXGLDisplay          - Service [Display] initialized
10:49:57.235 [FXGL Launcher Thread     ] DEBUG FXGLDisplay          - Using CSS: CSS(externalForm=jar:file:/C:/Computer%20Science/Game%20Design/3rd/Pacman/lib/fxgl-0.2.9-uber.jar!/assets/ui/css/fxgl_dark.css)
10:49:57.236 [FXGL Launcher Thread     ] DEBUG InitScenesTask       - Injecting loadingScene & gameScene
10:49:57.257 [FXGL Launcher Thread     ] DEBUG FXGLMasterTimer      - Service [MasterTimer] initialized
10:49:57.260 [FXGL Launcher Thread     ] DEBUG FXGLAudioPlayer      - Service [AudioPlayer] initialized
10:49:57.269 [FXGL Launcher Thread     ] DEBUG GameApplication      - Starting new game
10:49:57.271 [FXGL Launcher Thread     ] DEBUG GameApplication      - Initializing App
10:49:57.272 [FXGL Launcher Thread     ] DEBUG FXGLInput            - Clearing active input actions
10:49:57.273 [FXGL Launcher Thread     ] DEBUG FXGLMasterTimer      - Stopping master timer
10:49:57.273 [FXGL Launcher Thread     ] DEBUG GameApplication      - State: STARTUP -> PAUSED
10:49:57.274 [FXGL Launcher Thread     ] DEBUG FXGLEventBus         - Firing event: FXGLEvent[type=PAUSE]
10:49:57.275 [FXGL Launcher Thread     ] DEBUG FXGLInput            - Clearing active input actions
10:49:57.275 [FXGL Launcher Thread     ] DEBUG FXGLMasterTimer      - Resetting ticks and clearing all actions
10:49:57.275 [FXGL Launcher Thread     ] DEBUG GameWorld            - Resetting game world
10:49:57.275 [FXGL Launcher Thread     ] TRACE EntityWorld          - Resetting entity world
10:49:57.277 [FXGL Launcher Thread     ] DEBUG PhysicsWorld         - Resetting physics world
10:49:57.277 [FXGL Launcher Thread     ] DEBUG GameScene            - Resetting game scene
10:49:57.277 [FXGL Launcher Thread     ] DEBUG FXGLEventBus         - Firing event: FXGLEvent[type=RESET]
10:49:57.346 [FXGL Launcher Thread     ] DEBUG GameApplication      - State: PAUSED -> LOADING
10:49:57.380 [FXGL Background Thread 1 ] DEBUG InitAppTask          - Initializing Assets
10:49:57.381 [FXGL Background Thread 1 ] DEBUG InitAppTask          - Initializing Game
10:49:57.386 [FXGL Background Thread 1 ] DEBUG FXGLAssetLoader      - Loading from disk: /assets/text/level.txt
10:49:57.497 [JavaFX Application Thread] DEBUG FXGLDisplay          - Showing stage
10:49:57.497 [JavaFX Application Thread] DEBUG FXGLDisplay          - Root size: 1040.0x840.0
10:49:57.497 [JavaFX Application Thread] DEBUG FXGLDisplay          - Scene size: 1040.0x840.0
10:49:57.497 [JavaFX Application Thread] DEBUG FXGLDisplay          - Stage size: 1058.0x885.0
10:49:57.609 [FXGL Background Thread 1 ] DEBUG GameWorld            - Resetting game world
10:49:57.609 [FXGL Background Thread 1 ] TRACE EntityWorld          - Resetting entity world
10:49:57.609 [FXGL Background Thread 1 ] DEBUG PhysicsWorld         - Resetting physics world
10:49:57.609 [FXGL Background Thread 1 ] DEBUG GameScene            - Resetting game scene
10:49:57.609 [FXGL Background Thread 1 ] DEBUG GameWorld            - Setting level: com.almasb.fxgl.gameplay.Level@18dd7a07
10:49:57.611 [FXGL Background Thread 1 ] DEBUG InitAppTask          - Initializing Physics
10:49:57.611 [FXGL Background Thread 1 ] DEBUG InitAppTask          - Initializing UI
10:49:57.611 [FXGL Background Thread 1 ] DEBUG InitAppTask          - Initialization Complete
10:49:57.645 [JavaFX Application Thread] DEBUG FXGLInput            - Clearing active input actions
10:49:57.645 [JavaFX Application Thread] DEBUG FXGLMasterTimer      - Starting master timer
10:49:57.646 [JavaFX Application Thread] DEBUG GameApplication      - State: LOADING -> PLAYING
10:49:57.651 [JavaFX Application Thread] DEBUG FXGLEventBus         - Firing event: FXGLEvent[type=RESUME]
10:49:57.661 [JavaFX Application Thread] DEBUG GameScene            - Entity added to scene
10:49:57.662 [JavaFX Application Thread] DEBUG GameScene            - Added MainViewComponent
10:49:57.666 [JavaFX Application Thread] DEBUG GameScene            - Creating render group for layer: BACKGROUND(1000)
10:49:57.673 [JavaFX Application Thread] DEBUG GameScene            - Entity added to scene
10:49:57.673 [JavaFX Application Thread] DEBUG GameScene            - Added MainViewComponent
10:49:57.674 [JavaFX Application Thread] DEBUG GameScene            - Entity added to scene
10:49:57.674 [JavaFX Application Thread] DEBUG GameScene            - Added MainViewComponent
10:49:57.675 [JavaFX Application Thread] DEBUG GameScene            - Entity added to scene
10:49:57.675 [JavaFX Application Thread] DEBUG GameScene            - Added MainViewComponent
10:49:57.675 [JavaFX Application Thread] DEBUG GameScene            - Entity added to scene
10:49:57.675 [JavaFX Application Thread] DEBUG GameScene            - Added MainViewComponent
10:49:57.676 [JavaFX Application Thread] DEBUG GameScene            - Entity added to scene
10:49:57.676 [JavaFX Application Thread] DEBUG GameScene            - Added MainViewComponent
10:49:57.676 [JavaFX Application Thread] DEBUG GameScene            - Entity added to scene
10:49:57.676 [JavaFX Application Thread] DEBUG GameScene            - Added MainViewComponent
10:49:57.676 [JavaFX Application Thread] DEBUG GameScene            - Entity added to scene
10:49:57.677 [JavaFX Application Thread] DEBUG GameScene            - Added MainViewComponent
10:49:57.677 [JavaFX Application Thread] DEBUG GameScene            - Entity added to scene
10:49:57.677 [JavaFX Application Thread] DEBUG GameScene            - Added MainViewComponent
10:49:57.677 [JavaFX Application Thread] DEBUG GameScene            - Entity added to scene
10:49:57.677 [JavaFX Application Thread] DEBUG GameScene            - Added MainViewComponent
10:49:57.678 [JavaFX Application Thread] DEBUG GameScene            - Entity added to scene
10:49:57.678 [JavaFX Application Thread] DEBUG GameScene            - Added MainViewComponent
10:49:57.679 [JavaFX Application Thread] DEBUG GameScene            - Entity added to scene
10:49:57.679 [JavaFX Application Thread] DEBUG GameScene            - Added MainViewComponent
10:49:57.679 [JavaFX Application Thread] DEBUG GameScene            - Entity added to scene
10:49:57.679 [JavaFX Application Thread] DEBUG GameScene            - Added MainViewComponent
10:49:57.680 [JavaFX Application Thread] DEBUG GameScene            - Entity added to scene
10:49:57.680 [JavaFX Application Thread] DEBUG GameScene            - Added MainViewComponent
10:49:57.680 [JavaFX Application Thread] DEBUG GameScene            - Entity added to scene
10:49:57.680 [JavaFX Application Thread] DEBUG GameScene            - Added MainViewComponent
10:49:57.681 [JavaFX Application Thread] DEBUG GameScene            - Entity added to scene
10:49:57.681 [JavaFX Application Thread] DEBUG GameScene            - Added MainViewComponent
10:49:57.681 [JavaFX Application Thread] DEBUG GameScene            - Entity added to scene
10:49:57.682 [JavaFX Application Thread] DEBUG GameScene            - Added MainViewComponent
10:49:57.685 [JavaFX Application Thread] DEBUG GameScene            - Entity added to scene
10:49:57.686 [JavaFX Application Thread] DEBUG GameScene            - Added MainViewComponent
10:49:57.688 [JavaFX Application Thread] DEBUG GameScene            - Entity added to scene
10:49:57.688 [JavaFX Application Thread] DEBUG GameScene            - Added MainViewComponent
10:49:57.688 [JavaFX Application Thread] DEBUG GameScene            - Entity added to scene
10:49:57.689 [JavaFX Application Thread] DEBUG GameScene            - Added MainViewComponent
10:49:57.689 [JavaFX Application Thread] DEBUG GameScene            - Entity added to scene
10:49:57.689 [JavaFX Application Thread] DEBUG GameScene            - Added MainViewComponent
10:49:57.690 [JavaFX Application Thread] DEBUG GameScene            - Entity added to scene
10:49:57.690 [JavaFX Application Thread] DEBUG GameScene            - Added MainViewComponent
10:49:57.690 [JavaFX Application Thread] DEBUG GameScene            - Entity added to scene
10:49:57.690 [JavaFX Application Thread] DEBUG GameScene            - Added MainViewComponent
10:49:57.702 [JavaFX Application Thread] DEBUG GameScene            - Entity added to scene
10:49:57.702 [JavaFX Application Thread] DEBUG GameScene            - Added MainViewComponent
10:49:57.702 [JavaFX Application Thread] DEBUG GameScene            - Entity added to scene
10:49:57.702 [JavaFX Application Thread] DEBUG GameScene            - Added MainViewComponent
10:49:57.703 [JavaFX Application Thread] DEBUG GameScene            - Entity added to scene
10:49:57.703 [JavaFX Application Thread] DEBUG GameScene            - Added MainViewComponent
10:49:57.703 [JavaFX Application Thread] DEBUG GameScene            - Entity added to scene
10:49:57.704 [JavaFX Application Thread] DEBUG GameScene            - Added MainViewComponent
10:49:57.704 [JavaFX Application Thread] DEBUG GameScene            - Entity added to scene
10:49:57.704 [JavaFX Application Thread] DEBUG GameScene            - Added MainViewComponent
10:49:57.705 [JavaFX Application Thread] DEBUG GameScene            - Entity added to scene
10:49:57.705 [JavaFX Application Thread] DEBUG GameScene            - Added MainViewComponent
10:49:57.706 [JavaFX Application Thread] DEBUG GameScene            - Entity added to scene
10:49:57.706 [JavaFX Application Thread] DEBUG GameScene            - Added MainViewComponent
10:49:57.706 [JavaFX Application Thread] DEBUG GameScene            - Entity added to scene
10:49:57.706 [JavaFX Application Thread] DEBUG GameScene            - Added MainViewComponent
10:49:57.707 [JavaFX Application Thread] DEBUG GameScene            - Entity added to scene
10:49:57.707 [JavaFX Application Thread] DEBUG GameScene            - Added MainViewComponent
10:49:57.708 [JavaFX Application Thread] DEBUG GameScene            - Entity added to scene
10:49:57.708 [JavaFX Application Thread] DEBUG GameScene            - Added MainViewComponent
10:49:57.708 [JavaFX Application Thread] DEBUG GameScene            - Entity added to scene
10:49:57.709 [JavaFX Application Thread] DEBUG GameScene            - Added MainViewComponent
10:49:57.709 [JavaFX Application Thread] DEBUG GameScene            - Entity added to scene
10:49:57.709 [JavaFX Application Thread] DEBUG GameScene            - Added MainViewComponent
10:49:57.710 [JavaFX Application Thread] DEBUG GameScene            - Entity added to scene
10:49:57.710 [JavaFX Application Thread] DEBUG GameScene            - Added MainViewComponent
10:49:57.710 [JavaFX Application Thread] DEBUG GameScene            - Entity added to scene
10:49:57.710 [JavaFX Application Thread] DEBUG GameScene            - Added MainViewComponent
10:49:57.711 [JavaFX Application Thread] DEBUG GameScene            - Entity added to scene
10:49:57.711 [JavaFX Application Thread] DEBUG GameScene            - Added MainViewComponent
10:49:57.711 [JavaFX Application Thread] DEBUG GameScene            - Entity added to scene
10:49:57.712 [JavaFX Application Thread] DEBUG GameScene            - Added MainViewComponent
10:49:57.712 [JavaFX Application Thread] DEBUG GameScene            - Entity added to scene
10:49:57.712 [JavaFX Application Thread] DEBUG GameScene            - Added MainViewComponent
10:49:57.713 [JavaFX Application Thread] DEBUG GameScene            - Entity added to scene
10:49:57.713 [JavaFX Application Thread] DEBUG GameScene            - Added MainViewComponent
10:49:57.713 [JavaFX Application Thread] DEBUG GameScene            - Entity added to scene
10:49:57.715 [JavaFX Application Thread] DEBUG GameScene            - Added MainViewComponent
10:49:57.715 [JavaFX Application Thread] DEBUG GameScene            - Entity added to scene
10:49:57.715 [JavaFX Application Thread] DEBUG GameScene            - Added MainViewComponent
10:49:57.716 [JavaFX Application Thread] DEBUG GameScene            - Entity added to scene
10:49:57.717 [JavaFX Application Thread] DEBUG GameScene            - Added MainViewComponent
10:49:57.720 [JavaFX Application Thread] DEBUG GameScene            - Entity added to scene
10:49:57.720 [JavaFX Application Thread] DEBUG GameScene            - Added MainViewComponent
10:49:57.721 [JavaFX Application Thread] DEBUG GameScene            - Entity added to scene
10:49:57.721 [JavaFX Application Thread] DEBUG GameScene            - Added MainViewComponent
10:49:57.722 [JavaFX Application Thread] DEBUG GameScene            - Entity added to scene
10:49:57.722 [JavaFX Application Thread] DEBUG GameScene            - Added MainViewComponent
10:49:57.722 [JavaFX Application Thread] DEBUG GameScene            - Entity added to scene
10:49:57.723 [JavaFX Application Thread] DEBUG GameScene            - Added MainViewComponent
10:49:57.723 [JavaFX Application Thread] DEBUG GameScene            - Entity added to scene
10:49:57.723 [JavaFX Application Thread] DEBUG GameScene            - Added MainViewComponent
10:49:57.723 [JavaFX Application Thread] DEBUG GameScene            - Entity added to scene
10:49:57.723 [JavaFX Application Thread] DEBUG GameScene            - Added MainViewComponent
10:49:57.724 [JavaFX Application Thread] DEBUG GameScene            - Entity added to scene
10:49:57.724 [JavaFX Application Thread] DEBUG GameScene            - Added MainViewComponent
10:49:57.724 [JavaFX Application Thread] DEBUG GameScene            - Entity added to scene
10:49:57.724 [JavaFX Application Thread] DEBUG GameScene            - Added MainViewComponent
10:49:57.725 [JavaFX Application Thread] DEBUG GameScene            - Entity added to scene
10:49:57.725 [JavaFX Application Thread] DEBUG GameScene            - Added MainViewComponent
10:49:57.725 [JavaFX Application Thread] DEBUG GameScene            - Entity added to scene
10:49:57.725 [JavaFX Application Thread] DEBUG GameScene            - Added MainViewComponent
10:49:57.726 [JavaFX Application Thread] DEBUG GameScene            - Entity added to scene
10:49:57.726 [JavaFX Application Thread] DEBUG GameScene            - Added MainViewComponent
10:49:57.726 [JavaFX Application Thread] DEBUG GameScene            - Entity added to scene
10:49:57.726 [JavaFX Application Thread] DEBUG GameScene            - Added MainViewComponent
10:49:57.726 [JavaFX Application Thread] DEBUG GameScene            - Entity added to scene
10:49:57.726 [JavaFX Application Thread] DEBUG GameScene            - Added MainViewComponent
10:49:57.727 [JavaFX Application Thread] DEBUG GameScene            - Entity added to scene
10:49:57.727 [JavaFX Application Thread] DEBUG GameScene            - Added MainViewComponent
10:49:57.727 [JavaFX Application Thread] DEBUG GameScene            - Entity added to scene
10:49:57.727 [JavaFX Application Thread] DEBUG GameScene            - Added MainViewComponent
10:49:57.728 [JavaFX Application Thread] DEBUG GameScene            - Entity added to scene
10:49:57.728 [JavaFX Application Thread] DEBUG GameScene            - Added MainViewComponent
10:49:57.728 [JavaFX Application Thread] DEBUG GameScene            - Entity added to scene
10:49:57.728 [JavaFX Application Thread] DEBUG GameScene            - Added MainViewComponent
10:49:57.728 [JavaFX Application Thread] DEBUG GameScene            - Entity added to scene
10:49:57.728 [JavaFX Application Thread] DEBUG GameScene            - Added MainViewComponent
10:49:57.729 [JavaFX Application Thread] DEBUG GameScene            - Entity added to scene
10:49:57.729 [JavaFX Application Thread] DEBUG GameScene            - Added MainViewComponent
10:49:57.729 [JavaFX Application Thread] DEBUG GameScene            - Entity added to scene
10:49:57.729 [JavaFX Application Thread] DEBUG GameScene            - Added MainViewComponent
10:49:57.729 [JavaFX Application Thread] DEBUG GameScene            - Entity added to scene
10:49:57.729 [JavaFX Application Thread] DEBUG GameScene            - Added MainViewComponent
10:49:57.730 [JavaFX Application Thread] DEBUG GameScene            - Entity added to scene
10:49:57.730 [JavaFX Application Thread] DEBUG GameScene            - Added MainViewComponent
10:49:57.730 [JavaFX Application Thread] DEBUG GameScene            - Entity added to scene
10:49:57.730 [JavaFX Application Thread] DEBUG GameScene            - Added MainViewComponent
10:49:57.731 [JavaFX Application Thread] DEBUG GameScene            - Entity added to scene
10:49:57.731 [JavaFX Application Thread] DEBUG GameScene            - Added MainViewComponent
10:49:57.731 [JavaFX Application Thread] DEBUG GameScene            - Entity added to scene
10:49:57.731 [JavaFX Application Thread] DEBUG GameScene            - Added MainViewComponent
10:49:57.731 [JavaFX Application Thread] DEBUG GameScene            - Entity added to scene
10:49:57.731 [JavaFX Application Thread] DEBUG GameScene            - Added MainViewComponent
10:49:57.733 [JavaFX Application Thread] DEBUG GameScene            - Entity added to scene
10:49:57.734 [JavaFX Application Thread] DEBUG GameScene            - Added MainViewComponent
10:49:57.736 [JavaFX Application Thread] DEBUG GameScene            - Entity added to scene
10:49:57.737 [JavaFX Application Thread] DEBUG GameScene            - Added MainViewComponent
10:49:57.737 [JavaFX Application Thread] DEBUG GameScene            - Entity added to scene
10:49:57.737 [JavaFX Application Thread] DEBUG GameScene            - Added MainViewComponent
10:49:57.737 [JavaFX Application Thread] DEBUG GameScene            - Entity added to scene
10:49:57.737 [JavaFX Application Thread] DEBUG GameScene            - Added MainViewComponent
10:49:57.738 [JavaFX Application Thread] DEBUG GameScene            - Entity added to scene
10:49:57.738 [JavaFX Application Thread] DEBUG GameScene            - Added MainViewComponent
10:49:57.738 [JavaFX Application Thread] DEBUG GameScene            - Entity added to scene
10:49:57.738 [JavaFX Application Thread] DEBUG GameScene            - Added MainViewComponent
10:49:57.738 [JavaFX Application Thread] DEBUG GameScene            - Entity added to scene
10:49:57.738 [JavaFX Application Thread] DEBUG GameScene            - Added MainViewComponent
10:49:57.738 [JavaFX Application Thread] DEBUG GameScene            - Entity added to scene
10:49:57.738 [JavaFX Application Thread] DEBUG GameScene            - Added MainViewComponent
10:49:57.738 [JavaFX Application Thread] DEBUG GameScene            - Entity added to scene
10:49:57.738 [JavaFX Application Thread] DEBUG GameScene            - Added MainViewComponent
10:49:57.739 [JavaFX Application Thread] DEBUG GameScene            - Entity added to scene
10:49:57.739 [JavaFX Application Thread] DEBUG GameScene            - Added MainViewComponent
10:49:57.739 [JavaFX Application Thread] DEBUG GameScene            - Entity added to scene
10:49:57.739 [JavaFX Application Thread] DEBUG GameScene            - Added MainViewComponent
10:49:57.740 [JavaFX Application Thread] DEBUG GameScene            - Entity added to scene
10:49:57.740 [JavaFX Application Thread] DEBUG GameScene            - Added MainViewComponent
10:49:57.740 [JavaFX Application Thread] DEBUG GameScene            - Entity added to scene
10:49:57.740 [JavaFX Application Thread] DEBUG GameScene            - Added MainViewComponent
10:49:57.740 [JavaFX Application Thread] DEBUG GameScene            - Entity added to scene
10:49:57.740 [JavaFX Application Thread] DEBUG GameScene            - Added MainViewComponent
10:49:57.741 [JavaFX Application Thread] DEBUG GameScene            - Entity added to scene
10:49:57.741 [JavaFX Application Thread] DEBUG GameScene            - Added MainViewComponent
10:49:57.741 [JavaFX Application Thread] DEBUG GameScene            - Entity added to scene
10:49:57.741 [JavaFX Application Thread] DEBUG GameScene            - Added MainViewComponent
10:49:57.741 [JavaFX Application Thread] DEBUG GameScene            - Entity added to scene
10:49:57.741 [JavaFX Application Thread] DEBUG GameScene            - Added MainViewComponent
10:49:57.741 [JavaFX Application Thread] DEBUG GameScene            - Entity added to scene
10:49:57.741 [JavaFX Application Thread] DEBUG GameScene            - Added MainViewComponent
10:49:57.741 [JavaFX Application Thread] DEBUG GameScene            - Entity added to scene
10:49:57.742 [JavaFX Application Thread] DEBUG GameScene            - Added MainViewComponent
10:49:57.742 [JavaFX Application Thread] DEBUG GameScene            - Entity added to scene
10:49:57.742 [JavaFX Application Thread] DEBUG GameScene            - Added MainViewComponent
10:49:57.742 [JavaFX Application Thread] DEBUG GameScene            - Entity added to scene
10:49:57.742 [JavaFX Application Thread] DEBUG GameScene            - Added MainViewComponent
10:49:57.742 [JavaFX Application Thread] DEBUG GameScene            - Entity added to scene
10:49:57.742 [JavaFX Application Thread] DEBUG GameScene            - Added MainViewComponent
10:49:57.742 [JavaFX Application Thread] DEBUG GameScene            - Entity added to scene
10:49:57.742 [JavaFX Application Thread] DEBUG GameScene            - Added MainViewComponent
10:49:57.743 [JavaFX Application Thread] DEBUG GameScene            - Entity added to scene
10:49:57.743 [JavaFX Application Thread] DEBUG GameScene            - Added MainViewComponent
10:49:57.743 [JavaFX Application Thread] DEBUG GameScene            - Entity added to scene
10:49:57.743 [JavaFX Application Thread] DEBUG GameScene            - Added MainViewComponent
10:49:57.743 [JavaFX Application Thread] DEBUG GameScene            - Entity added to scene
10:49:57.743 [JavaFX Application Thread] DEBUG GameScene            - Added MainViewComponent
10:49:57.743 [JavaFX Application Thread] DEBUG GameScene            - Entity added to scene
10:49:57.743 [JavaFX Application Thread] DEBUG GameScene            - Added MainViewComponent
10:49:57.743 [JavaFX Application Thread] DEBUG GameScene            - Entity added to scene
10:49:57.743 [JavaFX Application Thread] DEBUG GameScene            - Added MainViewComponent
10:49:57.744 [JavaFX Application Thread] DEBUG GameScene            - Entity added to scene
10:49:57.744 [JavaFX Application Thread] DEBUG GameScene            - Added MainViewComponent
10:49:57.744 [JavaFX Application Thread] DEBUG GameScene            - Entity added to scene
10:49:57.744 [JavaFX Application Thread] DEBUG GameScene            - Added MainViewComponent
10:49:57.744 [JavaFX Application Thread] DEBUG GameScene            - Entity added to scene
10:49:57.744 [JavaFX Application Thread] DEBUG GameScene            - Added MainViewComponent
10:49:57.745 [JavaFX Application Thread] DEBUG GameScene            - Entity added to scene
10:49:57.745 [JavaFX Application Thread] DEBUG GameScene            - Added MainViewComponent
10:49:57.745 [JavaFX Application Thread] DEBUG GameScene            - Entity added to scene
10:49:57.745 [JavaFX Application Thread] DEBUG GameScene            - Added MainViewComponent
10:49:57.746 [JavaFX Application Thread] DEBUG GameScene            - Entity added to scene
10:49:57.746 [JavaFX Application Thread] DEBUG GameScene            - Added MainViewComponent
10:49:57.746 [JavaFX Application Thread] DEBUG GameScene            - Entity added to scene
10:49:57.746 [JavaFX Application Thread] DEBUG GameScene            - Added MainViewComponent
10:49:57.746 [JavaFX Application Thread] DEBUG GameScene            - Entity added to scene
10:49:57.746 [JavaFX Application Thread] DEBUG GameScene            - Added MainViewComponent
10:49:57.747 [JavaFX Application Thread] DEBUG GameScene            - Entity added to scene
10:49:57.747 [JavaFX Application Thread] DEBUG GameScene            - Added MainViewComponent
10:49:57.747 [JavaFX Application Thread] DEBUG GameScene            - Entity added to scene
10:49:57.748 [JavaFX Application Thread] DEBUG GameScene            - Added MainViewComponent
10:49:57.748 [JavaFX Application Thread] DEBUG GameScene            - Entity added to scene
10:49:57.748 [JavaFX Application Thread] DEBUG GameScene            - Added MainViewComponent
10:49:57.748 [JavaFX Application Thread] DEBUG GameScene            - Entity added to scene
10:49:57.749 [JavaFX Application Thread] DEBUG GameScene            - Added MainViewComponent
10:49:57.750 [JavaFX Application Thread] DEBUG GameScene            - Entity added to scene
10:49:57.750 [JavaFX Application Thread] DEBUG GameScene            - Added MainViewComponent
10:49:57.752 [JavaFX Application Thread] DEBUG GameScene            - Entity added to scene
10:49:57.753 [JavaFX Application Thread] DEBUG GameScene            - Added MainViewComponent
10:49:57.754 [JavaFX Application Thread] DEBUG GameScene            - Entity added to scene
10:49:57.754 [JavaFX Application Thread] DEBUG GameScene            - Added MainViewComponent
10:49:57.754 [JavaFX Application Thread] DEBUG GameScene            - Entity added to scene
10:49:57.754 [JavaFX Application Thread] DEBUG GameScene            - Added MainViewComponent
10:49:57.756 [JavaFX Application Thread] DEBUG GameScene            - Entity added to scene
10:49:57.756 [JavaFX Application Thread] DEBUG GameScene            - Added MainViewComponent
10:49:57.757 [JavaFX Application Thread] DEBUG GameScene            - Entity added to scene
10:49:57.757 [JavaFX Application Thread] DEBUG GameScene            - Added MainViewComponent
10:49:57.757 [JavaFX Application Thread] DEBUG GameScene            - Entity added to scene
10:49:57.757 [JavaFX Application Thread] DEBUG GameScene            - Added MainViewComponent
10:49:57.757 [JavaFX Application Thread] DEBUG GameScene            - Entity added to scene
10:49:57.758 [JavaFX Application Thread] DEBUG GameScene            - Added MainViewComponent
10:49:57.758 [JavaFX Application Thread] DEBUG GameScene            - Entity added to scene
10:49:57.758 [JavaFX Application Thread] DEBUG GameScene            - Added MainViewComponent
10:49:57.758 [JavaFX Application Thread] DEBUG GameScene            - Entity added to scene
10:49:57.758 [JavaFX Application Thread] DEBUG GameScene            - Added MainViewComponent
10:49:57.759 [JavaFX Application Thread] DEBUG GameScene            - Entity added to scene
10:49:57.759 [JavaFX Application Thread] DEBUG GameScene            - Added MainViewComponent
10:49:57.759 [JavaFX Application Thread] DEBUG GameScene            - Entity added to scene
10:49:57.759 [JavaFX Application Thread] DEBUG GameScene            - Added MainViewComponent
10:49:57.759 [JavaFX Application Thread] DEBUG GameScene            - Entity added to scene
10:49:57.759 [JavaFX Application Thread] DEBUG GameScene            - Added MainViewComponent
10:49:57.760 [JavaFX Application Thread] DEBUG GameScene            - Entity added to scene
10:49:57.760 [JavaFX Application Thread] DEBUG GameScene            - Added MainViewComponent
10:49:57.760 [JavaFX Application Thread] DEBUG GameScene            - Entity added to scene
10:49:57.760 [JavaFX Application Thread] DEBUG GameScene            - Added MainViewComponent
10:49:57.761 [JavaFX Application Thread] DEBUG GameScene            - Entity added to scene
10:49:57.761 [JavaFX Application Thread] DEBUG GameScene            - Added MainViewComponent
10:49:57.761 [JavaFX Application Thread] DEBUG GameScene            - Entity added to scene
10:49:57.761 [JavaFX Application Thread] DEBUG GameScene            - Added MainViewComponent
10:49:57.761 [JavaFX Application Thread] DEBUG GameScene            - Entity added to scene
10:49:57.762 [JavaFX Application Thread] DEBUG GameScene            - Added MainViewComponent
10:49:57.763 [JavaFX Application Thread] DEBUG GameScene            - Entity added to scene
10:49:57.763 [JavaFX Application Thread] DEBUG GameScene            - Added MainViewComponent
10:49:57.763 [JavaFX Application Thread] DEBUG GameScene            - Entity added to scene
10:49:57.763 [JavaFX Application Thread] DEBUG GameScene            - Added MainViewComponent
10:49:57.764 [JavaFX Application Thread] DEBUG GameScene            - Entity added to scene
10:49:57.764 [JavaFX Application Thread] DEBUG GameScene            - Added MainViewComponent
10:49:57.765 [JavaFX Application Thread] DEBUG GameScene            - Entity added to scene
10:49:57.765 [JavaFX Application Thread] DEBUG GameScene            - Added MainViewComponent
10:49:57.765 [JavaFX Application Thread] DEBUG GameScene            - Entity added to scene
10:49:57.765 [JavaFX Application Thread] DEBUG GameScene            - Added MainViewComponent
10:49:57.766 [JavaFX Application Thread] DEBUG GameScene            - Entity added to scene
10:49:57.766 [JavaFX Application Thread] DEBUG GameScene            - Added MainViewComponent
10:49:57.769 [JavaFX Application Thread] DEBUG GameScene            - Entity added to scene
10:49:57.769 [JavaFX Application Thread] DEBUG GameScene            - Added MainViewComponent
10:49:57.771 [JavaFX Application Thread] DEBUG GameScene            - Entity added to scene
10:49:57.771 [JavaFX Application Thread] DEBUG GameScene            - Added MainViewComponent
10:49:57.771 [JavaFX Application Thread] DEBUG GameScene            - Entity added to scene
10:49:57.771 [JavaFX Application Thread] DEBUG GameScene            - Added MainViewComponent
10:49:57.772 [JavaFX Application Thread] DEBUG GameScene            - Entity added to scene
10:49:57.772 [JavaFX Application Thread] DEBUG GameScene            - Added MainViewComponent
10:49:57.773 [JavaFX Application Thread] DEBUG GameScene            - Entity added to scene
10:49:57.773 [JavaFX Application Thread] DEBUG GameScene            - Added MainViewComponent
10:49:57.773 [JavaFX Application Thread] DEBUG GameScene            - Entity added to scene
10:49:57.773 [JavaFX Application Thread] DEBUG GameScene            - Added MainViewComponent
10:49:57.773 [JavaFX Application Thread] DEBUG GameScene            - Creating render group for layer: TOP(2147483647)
10:49:57.774 [JavaFX Application Thread] DEBUG GameScene            - Entity added to scene
10:49:57.774 [JavaFX Application Thread] DEBUG GameScene            - Added MainViewComponent
10:49:57.775 [JavaFX Application Thread] DEBUG GameScene            - Entity added to scene
10:49:57.775 [JavaFX Application Thread] DEBUG GameScene            - Added MainViewComponent
10:49:57.775 [JavaFX Application Thread] DEBUG GameScene            - Entity added to scene
10:49:57.775 [JavaFX Application Thread] DEBUG GameScene            - Added MainViewComponent
10:49:57.775 [JavaFX Application Thread] DEBUG GameScene            - Entity added to scene
10:49:57.776 [JavaFX Application Thread] DEBUG GameScene            - Added MainViewComponent
10:49:57.776 [JavaFX Application Thread] DEBUG GameScene            - Entity added to scene
10:49:57.777 [JavaFX Application Thread] DEBUG GameScene            - Added MainViewComponent
10:49:57.777 [JavaFX Application Thread] DEBUG GameScene            - Entity added to scene
10:49:57.777 [JavaFX Application Thread] DEBUG GameScene            - Added MainViewComponent
10:49:57.778 [JavaFX Application Thread] DEBUG GameScene            - Entity added to scene
10:49:57.778 [JavaFX Application Thread] DEBUG GameScene            - Added MainViewComponent
10:49:57.778 [JavaFX Application Thread] DEBUG GameScene            - Entity added to scene
10:49:57.778 [JavaFX Application Thread] DEBUG GameScene            - Added MainViewComponent
10:49:57.778 [JavaFX Application Thread] DEBUG GameScene            - Entity added to scene
10:49:57.779 [JavaFX Application Thread] DEBUG GameScene            - Added MainViewComponent
10:49:57.779 [JavaFX Application Thread] DEBUG GameScene            - Entity added to scene
10:49:57.779 [JavaFX Application Thread] DEBUG GameScene            - Added MainViewComponent
10:49:57.779 [JavaFX Application Thread] DEBUG GameScene            - Entity added to scene
10:49:57.779 [JavaFX Application Thread] DEBUG GameScene            - Added MainViewComponent
10:49:57.780 [JavaFX Application Thread] DEBUG GameScene            - Entity added to scene
10:49:57.780 [JavaFX Application Thread] DEBUG GameScene            - Added MainViewComponent
10:49:57.780 [JavaFX Application Thread] DEBUG GameScene            - Entity added to scene
10:49:57.780 [JavaFX Application Thread] DEBUG GameScene            - Added MainViewComponent
10:49:57.781 [JavaFX Application Thread] DEBUG GameScene            - Entity added to scene
10:49:57.781 [JavaFX Application Thread] DEBUG GameScene            - Added MainViewComponent
10:49:57.781 [JavaFX Application Thread] DEBUG GameScene            - Entity added to scene
10:49:57.781 [JavaFX Application Thread] DEBUG GameScene            - Added MainViewComponent
10:49:57.781 [JavaFX Application Thread] DEBUG GameScene            - Entity added to scene
10:49:57.782 [JavaFX Application Thread] DEBUG GameScene            - Added MainViewComponent
10:49:57.782 [JavaFX Application Thread] DEBUG GameScene            - Entity added to scene
10:49:57.782 [JavaFX Application Thread] DEBUG GameScene            - Added MainViewComponent
10:49:57.783 [JavaFX Application Thread] DEBUG GameScene            - Entity added to scene
10:49:57.783 [JavaFX Application Thread] DEBUG GameScene            - Added MainViewComponent
10:49:57.785 [JavaFX Application Thread] DEBUG GameScene            - Entity added to scene
10:49:57.785 [JavaFX Application Thread] DEBUG GameScene            - Added MainViewComponent
10:49:57.787 [JavaFX Application Thread] DEBUG GameScene            - Entity added to scene
10:49:57.787 [JavaFX Application Thread] DEBUG GameScene            - Added MainViewComponent
10:49:57.788 [JavaFX Application Thread] DEBUG GameScene            - Entity added to scene
10:49:57.788 [JavaFX Application Thread] DEBUG GameScene            - Added MainViewComponent
10:49:57.788 [JavaFX Application Thread] DEBUG GameScene            - Entity added to scene
10:49:57.789 [JavaFX Application Thread] DEBUG GameScene            - Added MainViewComponent
10:49:57.789 [JavaFX Application Thread] DEBUG GameScene            - Entity added to scene
10:49:57.789 [JavaFX Application Thread] DEBUG GameScene            - Added MainViewComponent
10:49:57.789 [JavaFX Application Thread] DEBUG GameScene            - Entity added to scene
10:49:57.790 [JavaFX Application Thread] DEBUG GameScene            - Added MainViewComponent
10:49:57.790 [JavaFX Application Thread] DEBUG GameScene            - Entity added to scene
10:49:57.790 [JavaFX Application Thread] DEBUG GameScene            - Added MainViewComponent
10:49:57.790 [JavaFX Application Thread] DEBUG GameScene            - Entity added to scene
10:49:57.790 [JavaFX Application Thread] DEBUG GameScene            - Added MainViewComponent
10:49:57.792 [JavaFX Application Thread] DEBUG GameScene            - Entity added to scene
10:49:57.792 [JavaFX Application Thread] DEBUG GameScene            - Added MainViewComponent
10:49:57.792 [JavaFX Application Thread] DEBUG GameScene            - Entity added to scene
10:49:57.792 [JavaFX Application Thread] DEBUG GameScene            - Added MainViewComponent
10:49:57.793 [JavaFX Application Thread] DEBUG GameScene            - Entity added to scene
10:49:57.793 [JavaFX Application Thread] DEBUG GameScene            - Added MainViewComponent
10:49:57.793 [JavaFX Application Thread] DEBUG GameScene            - Entity added to scene
10:49:57.793 [JavaFX Application Thread] DEBUG GameScene            - Added MainViewComponent
10:49:57.794 [JavaFX Application Thread] DEBUG GameScene            - Entity added to scene
10:49:57.794 [JavaFX Application Thread] DEBUG GameScene            - Added MainViewComponent
10:49:57.794 [JavaFX Application Thread] DEBUG GameScene            - Entity added to scene
10:49:57.794 [JavaFX Application Thread] DEBUG GameScene            - Added MainViewComponent
10:49:57.794 [JavaFX Application Thread] DEBUG GameScene            - Entity added to scene
10:49:57.795 [JavaFX Application Thread] DEBUG GameScene            - Added MainViewComponent
10:49:57.795 [JavaFX Application Thread] DEBUG GameScene            - Entity added to scene
10:49:57.795 [JavaFX Application Thread] DEBUG GameScene            - Added MainViewComponent
10:49:57.795 [JavaFX Application Thread] DEBUG GameScene            - Entity added to scene
10:49:57.795 [JavaFX Application Thread] DEBUG GameScene            - Added MainViewComponent
10:49:57.796 [JavaFX Application Thread] DEBUG GameScene            - Entity added to scene
10:49:57.796 [JavaFX Application Thread] DEBUG GameScene            - Added MainViewComponent
10:49:57.797 [JavaFX Application Thread] DEBUG GameScene            - Entity added to scene
10:49:57.797 [JavaFX Application Thread] DEBUG GameScene            - Added MainViewComponent
10:49:57.798 [JavaFX Application Thread] DEBUG GameScene            - Entity added to scene
10:49:57.798 [JavaFX Application Thread] DEBUG GameScene            - Added MainViewComponent
10:49:57.798 [JavaFX Application Thread] DEBUG GameScene            - Entity added to scene
10:49:57.798 [JavaFX Application Thread] DEBUG GameScene            - Added MainViewComponent
10:49:57.800 [JavaFX Application Thread] DEBUG GameScene            - Entity added to scene
10:49:57.800 [JavaFX Application Thread] DEBUG GameScene            - Added MainViewComponent
10:49:57.800 [JavaFX Application Thread] DEBUG GameScene            - Entity added to scene
10:49:57.801 [JavaFX Application Thread] DEBUG GameScene            - Added MainViewComponent
10:49:57.801 [JavaFX Application Thread] DEBUG GameScene            - Entity added to scene
10:49:57.801 [JavaFX Application Thread] DEBUG GameScene            - Added MainViewComponent
10:49:57.801 [JavaFX Application Thread] DEBUG GameScene            - Entity added to scene
10:49:57.801 [JavaFX Application Thread] DEBUG GameScene            - Added MainViewComponent
10:49:57.802 [JavaFX Application Thread] DEBUG GameScene            - Entity added to scene
10:49:57.802 [JavaFX Application Thread] DEBUG GameScene            - Added MainViewComponent
10:49:57.802 [JavaFX Application Thread] DEBUG GameScene            - Entity added to scene
10:49:57.802 [JavaFX Application Thread] DEBUG GameScene            - Added MainViewComponent
10:49:57.802 [JavaFX Application Thread] DEBUG GameScene            - Entity added to scene
10:49:57.802 [JavaFX Application Thread] DEBUG GameScene            - Added MainViewComponent
10:49:57.803 [JavaFX Application Thread] DEBUG GameScene            - Entity added to scene
10:49:57.803 [JavaFX Application Thread] DEBUG GameScene            - Added MainViewComponent
10:49:57.803 [JavaFX Application Thread] DEBUG GameScene            - Entity added to scene
10:49:57.803 [JavaFX Application Thread] DEBUG GameScene            - Added MainViewComponent
10:49:57.803 [JavaFX Application Thread] DEBUG GameScene            - Entity added to scene
10:49:57.803 [JavaFX Application Thread] DEBUG GameScene            - Added MainViewComponent
10:49:57.803 [JavaFX Application Thread] DEBUG GameScene            - Entity added to scene
10:49:57.804 [JavaFX Application Thread] DEBUG GameScene            - Added MainViewComponent
10:49:57.804 [JavaFX Application Thread] DEBUG GameScene            - Entity added to scene
10:49:57.804 [JavaFX Application Thread] DEBUG GameScene            - Added MainViewComponent
10:49:57.804 [JavaFX Application Thread] DEBUG GameScene            - Entity added to scene
10:49:57.804 [JavaFX Application Thread] DEBUG GameScene            - Added MainViewComponent
10:49:57.805 [JavaFX Application Thread] DEBUG GameScene            - Entity added to scene
10:49:57.805 [JavaFX Application Thread] DEBUG GameScene            - Added MainViewComponent
10:49:57.805 [JavaFX Application Thread] DEBUG GameScene            - Entity added to scene
10:49:57.805 [JavaFX Application Thread] DEBUG GameScene            - Added MainViewComponent
10:49:57.805 [JavaFX Application Thread] DEBUG GameScene            - Entity added to scene
10:49:57.805 [JavaFX Application Thread] DEBUG GameScene            - Added MainViewComponent
10:49:57.805 [JavaFX Application Thread] DEBUG GameScene            - Entity added to scene
10:49:57.805 [JavaFX Application Thread] DEBUG GameScene            - Added MainViewComponent
10:52:20.119 [JavaFX Application Thread] DEBUG FXGLEventBus         - Firing event: DisplayEvent[type=DIALOG_OPENED]
10:52:20.120 [JavaFX Application Thread] DEBUG FXGLInput            - Clearing active input actions
10:52:20.121 [JavaFX Application Thread] DEBUG FXGLMasterTimer      - Stopping master timer
10:52:20.121 [JavaFX Application Thread] DEBUG GameApplication      - State: PLAYING -> PAUSED
10:52:20.121 [JavaFX Application Thread] DEBUG FXGLEventBus         - Firing event: FXGLEvent[type=PAUSE]
10:52:20.121 [JavaFX Application Thread] DEBUG FXGLInput            - Clearing active input actions
10:52:22.573 [JavaFX Application Thread] DEBUG FXGLEventBus         - Firing event: DisplayEvent[type=DIALOG_CLOSED]
10:52:22.575 [JavaFX Application Thread] DEBUG FXGLInput            - Clearing active input actions
10:52:22.575 [JavaFX Application Thread] DEBUG FXGLMasterTimer      - Starting master timer
10:52:22.575 [JavaFX Application Thread] DEBUG GameApplication      - State: PAUSED -> PLAYING
10:52:22.575 [JavaFX Application Thread] DEBUG FXGLEventBus         - Firing event: FXGLEvent[type=RESUME]
10:52:22.575 [JavaFX Application Thread] DEBUG FXGLEventBus         - Firing event: DisplayEvent[type=CLOSE_REQUEST]
10:52:22.578 [JavaFX Application Thread] DEBUG FXGLEventBus         - Firing event: FXGLEvent[type=EXIT]
10:52:22.579 [JavaFX Application Thread] DEBUG FXGL                 - Saving FXGL system data
10:52:22.583 [JavaFX Application Thread] DEBUG IOTask               - Executing task: writeDataTask(system/fxgl.bundle)
10:52:22.588 [JavaFX Application Thread] DEBUG FS                   - Writing to: system\fxgl.bundle
10:52:22.598 [JavaFX Application Thread] DEBUG IOTask               - Task succeeded: writeDataTask(system/fxgl.bundle)
