11:21:24.606 [FXGL Launcher Thread     ] DEBUG FXGLLoggerFactory    - Service [LoggerFactory] initialized
11:21:24.613 [FXGL Launcher Thread     ] DEBUG FXGL                 - FXGL configuration complete
11:21:24.613 [FXGL Launcher Thread     ] DEBUG FXGL                 - Loading FXGL system data
11:21:24.617 [FXGL Launcher Thread     ] DEBUG IOTask               - Executing task: readDataTask(system/fxgl.bundle)
11:21:24.619 [FXGL Launcher Thread     ] DEBUG FS                   - Reading from: system\fxgl.bundle
11:21:24.627 [FXGL Launcher Thread     ] DEBUG IOTask               - Task succeeded: readDataTask(system/fxgl.bundle)
11:21:24.627 [FXGL Launcher Thread     ] DEBUG Bundle               - Logging bundle: FXGL
11:21:24.628 [FXGL Launcher Thread     ] DEBUG Bundle               - FXGL.offline.timer.version.check=2017-01-18T11:24:23.393
11:21:24.635 [JavaFX Application Thread] DEBUG UpdaterTask          - Checking for updates
11:21:24.706 [JavaFX Application Thread] DEBUG FXGLEventBus         - Service [EventBus] initialized
11:21:24.710 [JavaFX Application Thread] DEBUG FXGLExecutor         - Service [Executor] initialized
11:21:24.712 [JavaFX Application Thread] DEBUG IOTask               - Showing dialog
11:21:24.715 [FXGL Background Thread 1 ] DEBUG IOTask               - Executing task: openStream(https://raw.githubusercontent.com/AlmasB/FXGL/master/pom.xml)
11:21:24.715 [FXGL Background Thread 1 ] DEBUG IOTask               - Executing task: openStream(https://raw.githubusercontent.com/AlmasB/FXGL/master/pom.xml)
11:21:25.258 [JavaFX Application Thread] DEBUG IOTask               - fail(): Dismissing dialog
11:21:25.259 [JavaFX Application Thread] WARN  IOTask               - Task failed: openStream(https://raw.githubusercontent.com/AlmasB/FXGL/master/pom.xml) Error: javax.net.ssl.SSLHandshakeException: sun.security.validator.ValidatorException: PKIX path building failed: sun.security.provider.certpath.SunCertPathBuilderException: unable to find valid certification path to requested target
11:21:25.259 [JavaFX Application Thread] WARN  UpdaterTask          - Failed to find updates: javax.net.ssl.SSLHandshakeException: sun.security.validator.ValidatorException: PKIX path building failed: sun.security.provider.certpath.SunCertPathBuilderException: unable to find valid certification path to requested target
11:21:25.895 [FXGL Launcher Thread     ] DEBUG GameApplication      - Configuring GameApplication
11:21:25.899 [FXGL Launcher Thread     ] DEBUG FXGLExceptionHandler - Service [ExceptionHandler] initialized
11:21:25.900 [FXGL Launcher Thread     ] DEBUG PreInitTask          - Injecting gameWorld & physicsWorld
11:21:25.907 [FXGL Launcher Thread     ] DEBUG GameWorld            - Game world initialized
11:21:25.980 [FXGL Launcher Thread     ] DEBUG FXGLPooler           - Service [Pooler] initialized with default size = 128
11:21:25.981 [FXGL Launcher Thread     ] DEBUG PhysicsWorld         - Physics world initialized: appHeight=840.0, physics.ppm=50.0
11:21:25.982 [FXGL Launcher Thread     ] DEBUG FXGLInput            - Service [Input] initialized
11:21:26.002 [FXGL Launcher Thread     ] DEBUG FXGLInput            - Registered new binding: Screenshot - P
11:21:26.002 [FXGL Launcher Thread     ] DEBUG FXGLInput            - Registered new binding: Dev Options - CTRL+0
11:21:26.004 [FXGL Launcher Thread     ] DEBUG FXGLInput            - Registered new binding: Up - W
11:21:26.004 [FXGL Launcher Thread     ] DEBUG FXGLInput            - Registered new binding: Left - A
11:21:26.004 [FXGL Launcher Thread     ] DEBUG FXGLInput            - Registered new binding: Down - S
11:21:26.004 [FXGL Launcher Thread     ] DEBUG FXGLInput            - Registered new binding: Right - D
11:21:26.027 [FXGL Launcher Thread     ] DEBUG GameScene            - Game scene initialized: 960.0x840.0
11:21:26.031 [FXGL Launcher Thread     ] DEBUG FXGLAssetLoader      - Service [AssetLoader] initialized: cacheSize=35
11:21:26.033 [FXGL Launcher Thread     ] DEBUG FXGLAssetLoader      - Loading from disk: /assets/sounds/system/notification.wav
11:21:26.058 [FXGL Launcher Thread     ] DEBUG FXGLAssetLoader      - Loading from disk: /assets/sounds/menu/select.wav
11:21:26.060 [FXGL Launcher Thread     ] DEBUG FXGLAssetLoader      - Loading from disk: /assets/sounds/menu/back.wav
11:21:26.062 [FXGL Launcher Thread     ] DEBUG FXGLAssetLoader      - Loading from disk: /assets/sounds/menu/press.wav
11:21:26.064 [FXGL Launcher Thread     ] DEBUG FXGLAssetLoader      - Loading from disk: /assets/ui/fonts/Copperplate_Gothic_Light_Regular.ttf
11:21:26.069 [FXGL Launcher Thread     ] DEBUG FXGLAssetLoader      - Loading from disk: /assets/ui/css/fxgl.css
11:21:26.070 [FXGL Launcher Thread     ] DEBUG FXGLAssetLoader      - Loading from disk: /assets/ui/icons/fxgl_icon.png
11:21:26.101 [FXGL Launcher Thread     ] DEBUG FXGLAssetLoader      - Loading from disk: /assets/ui/css/fxgl_dark.css
11:21:26.111 [FXGL Launcher Thread     ] DEBUG FXGLDisplay          - Target size: DoubleProperty [value: 960.0] x DoubleProperty [value: 840.0] @ 1.0
11:21:26.111 [FXGL Launcher Thread     ] DEBUG FXGLDisplay          - New size:    960.0 x 840.0 @ DoubleProperty [value: 1.0]
11:21:26.111 [FXGL Launcher Thread     ] DEBUG FXGLDisplay          - Service [Display] initialized
11:21:26.112 [FXGL Launcher Thread     ] DEBUG FXGLDisplay          - Using CSS: CSS(externalForm=jar:file:/C:/Computer%20Science/Game%20Design/3rd/Pacman/lib/fxgl-0.2.9-uber.jar!/assets/ui/css/fxgl_dark.css)
11:21:26.112 [FXGL Launcher Thread     ] DEBUG InitScenesTask       - Injecting loadingScene & gameScene
11:21:26.133 [FXGL Launcher Thread     ] DEBUG FXGLMasterTimer      - Service [MasterTimer] initialized
11:21:26.136 [FXGL Launcher Thread     ] DEBUG FXGLAudioPlayer      - Service [AudioPlayer] initialized
11:21:26.145 [FXGL Launcher Thread     ] DEBUG GameApplication      - Starting new game
11:21:26.146 [FXGL Launcher Thread     ] DEBUG GameApplication      - Initializing App
11:21:26.148 [FXGL Launcher Thread     ] DEBUG FXGLInput            - Clearing active input actions
11:21:26.148 [FXGL Launcher Thread     ] DEBUG FXGLMasterTimer      - Stopping master timer
11:21:26.148 [FXGL Launcher Thread     ] DEBUG GameApplication      - State: STARTUP -> PAUSED
11:21:26.149 [FXGL Launcher Thread     ] DEBUG FXGLEventBus         - Firing event: FXGLEvent[type=PAUSE]
11:21:26.150 [FXGL Launcher Thread     ] DEBUG FXGLInput            - Clearing active input actions
11:21:26.150 [FXGL Launcher Thread     ] DEBUG FXGLMasterTimer      - Resetting ticks and clearing all actions
11:21:26.150 [FXGL Launcher Thread     ] DEBUG GameWorld            - Resetting game world
11:21:26.150 [FXGL Launcher Thread     ] TRACE EntityWorld          - Resetting entity world
11:21:26.152 [FXGL Launcher Thread     ] DEBUG PhysicsWorld         - Resetting physics world
11:21:26.152 [FXGL Launcher Thread     ] DEBUG GameScene            - Resetting game scene
11:21:26.152 [FXGL Launcher Thread     ] DEBUG FXGLEventBus         - Firing event: FXGLEvent[type=RESET]
11:21:26.224 [FXGL Launcher Thread     ] DEBUG GameApplication      - State: PAUSED -> LOADING
11:21:26.254 [FXGL Background Thread 1 ] DEBUG InitAppTask          - Initializing Assets
11:21:26.255 [FXGL Background Thread 1 ] DEBUG InitAppTask          - Initializing Game
11:21:26.262 [FXGL Background Thread 1 ] DEBUG FXGLAssetLoader      - Loading from disk: /assets/text/level.txt
11:21:26.321 [JavaFX Application Thread] DEBUG FXGLDisplay          - Showing stage
11:21:26.321 [JavaFX Application Thread] DEBUG FXGLDisplay          - Root size: 960.0x840.0
11:21:26.321 [JavaFX Application Thread] DEBUG FXGLDisplay          - Scene size: 960.0x840.0
11:21:26.321 [JavaFX Application Thread] DEBUG FXGLDisplay          - Stage size: 978.0x885.0
11:21:26.587 [FXGL Background Thread 1 ] DEBUG GameWorld            - Resetting game world
11:21:26.587 [FXGL Background Thread 1 ] TRACE EntityWorld          - Resetting entity world
11:21:26.587 [FXGL Background Thread 1 ] DEBUG PhysicsWorld         - Resetting physics world
11:21:26.587 [FXGL Background Thread 1 ] DEBUG GameScene            - Resetting game scene
11:21:26.587 [FXGL Background Thread 1 ] DEBUG GameWorld            - Setting level: com.almasb.fxgl.gameplay.Level@6b62ccff
11:21:26.590 [FXGL Background Thread 1 ] DEBUG InitAppTask          - Initializing Physics
11:21:26.593 [FXGL Background Thread 1 ] DEBUG InitAppTask          - Initializing UI
11:21:26.594 [FXGL Background Thread 1 ] DEBUG FXGLAssetLoader      - Loading from disk: /assets/ui/pacman_ui.fxml
11:21:26.666 [FXGL Background Thread 1 ] DEBUG GameScene            - Adding UI node: Pane@5a7c7d03
11:21:26.667 [FXGL Background Thread 1 ] DEBUG InitAppTask          - Initialization Complete
11:21:26.670 [JavaFX Application Thread] DEBUG FXGLInput            - Clearing active input actions
11:21:26.670 [JavaFX Application Thread] DEBUG FXGLMasterTimer      - Starting master timer
11:21:26.671 [JavaFX Application Thread] DEBUG GameApplication      - State: LOADING -> PLAYING
11:21:26.695 [JavaFX Application Thread] DEBUG FXGLEventBus         - Firing event: FXGLEvent[type=RESUME]
11:21:26.702 [JavaFX Application Thread] DEBUG GameScene            - Entity added to scene
11:21:26.702 [JavaFX Application Thread] DEBUG GameScene            - Added MainViewComponent
11:21:26.706 [JavaFX Application Thread] DEBUG GameScene            - Creating render group for layer: PLAYGROUND(1073741823)
11:21:26.711 [JavaFX Application Thread] DEBUG GameScene            - Entity added to scene
11:21:26.711 [JavaFX Application Thread] DEBUG GameScene            - Added MainViewComponent
11:21:26.711 [JavaFX Application Thread] DEBUG GameScene            - Entity added to scene
11:21:26.712 [JavaFX Application Thread] DEBUG GameScene            - Added MainViewComponent
11:21:26.712 [JavaFX Application Thread] DEBUG GameScene            - Entity added to scene
11:21:26.712 [JavaFX Application Thread] DEBUG GameScene            - Added MainViewComponent
11:21:26.712 [JavaFX Application Thread] DEBUG GameScene            - Entity added to scene
11:21:26.712 [JavaFX Application Thread] DEBUG GameScene            - Added MainViewComponent
11:21:26.713 [JavaFX Application Thread] DEBUG GameScene            - Entity added to scene
11:21:26.714 [JavaFX Application Thread] DEBUG GameScene            - Added MainViewComponent
11:21:26.714 [JavaFX Application Thread] DEBUG GameScene            - Entity added to scene
11:21:26.714 [JavaFX Application Thread] DEBUG GameScene            - Added MainViewComponent
11:21:26.715 [JavaFX Application Thread] DEBUG GameScene            - Entity added to scene
11:21:26.715 [JavaFX Application Thread] DEBUG GameScene            - Added MainViewComponent
11:21:26.715 [JavaFX Application Thread] DEBUG GameScene            - Entity added to scene
11:21:26.715 [JavaFX Application Thread] DEBUG GameScene            - Added MainViewComponent
11:21:26.715 [JavaFX Application Thread] DEBUG GameScene            - Entity added to scene
11:21:26.715 [JavaFX Application Thread] DEBUG GameScene            - Added MainViewComponent
11:21:26.716 [JavaFX Application Thread] DEBUG GameScene            - Entity added to scene
11:21:26.716 [JavaFX Application Thread] DEBUG GameScene            - Added MainViewComponent
11:21:26.716 [JavaFX Application Thread] DEBUG GameScene            - Entity added to scene
11:21:26.716 [JavaFX Application Thread] DEBUG GameScene            - Added MainViewComponent
11:21:26.717 [JavaFX Application Thread] DEBUG GameScene            - Entity added to scene
11:21:26.718 [JavaFX Application Thread] DEBUG GameScene            - Added MainViewComponent
11:21:26.718 [JavaFX Application Thread] DEBUG GameScene            - Entity added to scene
11:21:26.718 [JavaFX Application Thread] DEBUG GameScene            - Added MainViewComponent
11:21:26.718 [JavaFX Application Thread] DEBUG GameScene            - Entity added to scene
11:21:26.719 [JavaFX Application Thread] DEBUG GameScene            - Added MainViewComponent
11:21:26.719 [JavaFX Application Thread] DEBUG GameScene            - Entity added to scene
11:21:26.719 [JavaFX Application Thread] DEBUG GameScene            - Added MainViewComponent
11:21:26.721 [JavaFX Application Thread] DEBUG GameScene            - Entity added to scene
11:21:26.721 [JavaFX Application Thread] DEBUG GameScene            - Added MainViewComponent
11:21:26.722 [JavaFX Application Thread] DEBUG GameScene            - Entity added to scene
11:21:26.722 [JavaFX Application Thread] DEBUG GameScene            - Added MainViewComponent
11:21:26.722 [JavaFX Application Thread] DEBUG GameScene            - Entity added to scene
11:21:26.722 [JavaFX Application Thread] DEBUG GameScene            - Added MainViewComponent
11:21:26.725 [JavaFX Application Thread] DEBUG GameScene            - Entity added to scene
11:21:26.725 [JavaFX Application Thread] DEBUG GameScene            - Added MainViewComponent
11:21:26.726 [JavaFX Application Thread] DEBUG GameScene            - Entity added to scene
11:21:26.726 [JavaFX Application Thread] DEBUG GameScene            - Added MainViewComponent
11:21:26.727 [JavaFX Application Thread] DEBUG GameScene            - Entity added to scene
11:21:26.728 [JavaFX Application Thread] DEBUG GameScene            - Added MainViewComponent
11:21:26.729 [JavaFX Application Thread] DEBUG GameScene            - Entity added to scene
11:21:26.729 [JavaFX Application Thread] DEBUG GameScene            - Added MainViewComponent
11:21:26.730 [JavaFX Application Thread] DEBUG GameScene            - Entity added to scene
11:21:26.730 [JavaFX Application Thread] DEBUG GameScene            - Added MainViewComponent
11:21:26.730 [JavaFX Application Thread] DEBUG GameScene            - Entity added to scene
11:21:26.730 [JavaFX Application Thread] DEBUG GameScene            - Added MainViewComponent
11:21:26.731 [JavaFX Application Thread] DEBUG GameScene            - Entity added to scene
11:21:26.731 [JavaFX Application Thread] DEBUG GameScene            - Added MainViewComponent
11:21:26.731 [JavaFX Application Thread] DEBUG GameScene            - Entity added to scene
11:21:26.731 [JavaFX Application Thread] DEBUG GameScene            - Added MainViewComponent
11:21:26.731 [JavaFX Application Thread] DEBUG GameScene            - Entity added to scene
11:21:26.731 [JavaFX Application Thread] DEBUG GameScene            - Added MainViewComponent
11:21:26.732 [JavaFX Application Thread] DEBUG GameScene            - Entity added to scene
11:21:26.732 [JavaFX Application Thread] DEBUG GameScene            - Added MainViewComponent
11:21:26.732 [JavaFX Application Thread] DEBUG GameScene            - Entity added to scene
11:21:26.732 [JavaFX Application Thread] DEBUG GameScene            - Added MainViewComponent
11:21:26.732 [JavaFX Application Thread] DEBUG GameScene            - Entity added to scene
11:21:26.732 [JavaFX Application Thread] DEBUG GameScene            - Added MainViewComponent
11:21:26.733 [JavaFX Application Thread] DEBUG GameScene            - Entity added to scene
11:21:26.733 [JavaFX Application Thread] DEBUG GameScene            - Added MainViewComponent
11:21:26.733 [JavaFX Application Thread] DEBUG GameScene            - Entity added to scene
11:21:26.733 [JavaFX Application Thread] DEBUG GameScene            - Added MainViewComponent
11:21:26.733 [JavaFX Application Thread] DEBUG GameScene            - Entity added to scene
11:21:26.733 [JavaFX Application Thread] DEBUG GameScene            - Added MainViewComponent
11:21:26.734 [JavaFX Application Thread] DEBUG GameScene            - Entity added to scene
11:21:26.734 [JavaFX Application Thread] DEBUG GameScene            - Added MainViewComponent
11:21:26.734 [JavaFX Application Thread] DEBUG GameScene            - Creating render group for layer: TOP(2147483647)
11:21:26.735 [JavaFX Application Thread] DEBUG GameScene            - Entity added to scene
11:21:26.735 [JavaFX Application Thread] DEBUG GameScene            - Added MainViewComponent
11:21:26.735 [JavaFX Application Thread] DEBUG GameScene            - Entity added to scene
11:21:26.735 [JavaFX Application Thread] DEBUG GameScene            - Added MainViewComponent
11:21:26.736 [JavaFX Application Thread] DEBUG GameScene            - Entity added to scene
11:21:26.736 [JavaFX Application Thread] DEBUG GameScene            - Added MainViewComponent
11:21:26.736 [JavaFX Application Thread] DEBUG GameScene            - Entity added to scene
11:21:26.736 [JavaFX Application Thread] DEBUG GameScene            - Added MainViewComponent
11:21:26.737 [JavaFX Application Thread] DEBUG GameScene            - Entity added to scene
11:21:26.737 [JavaFX Application Thread] DEBUG GameScene            - Added MainViewComponent
11:21:26.737 [JavaFX Application Thread] DEBUG GameScene            - Entity added to scene
11:21:26.738 [JavaFX Application Thread] DEBUG GameScene            - Added MainViewComponent
11:21:26.738 [JavaFX Application Thread] DEBUG GameScene            - Entity added to scene
11:21:26.738 [JavaFX Application Thread] DEBUG GameScene            - Added MainViewComponent
11:21:26.739 [JavaFX Application Thread] DEBUG GameScene            - Entity added to scene
11:21:26.740 [JavaFX Application Thread] DEBUG GameScene            - Added MainViewComponent
11:21:26.741 [JavaFX Application Thread] DEBUG GameScene            - Entity added to scene
11:21:26.742 [JavaFX Application Thread] DEBUG GameScene            - Added MainViewComponent
11:21:26.742 [JavaFX Application Thread] DEBUG GameScene            - Entity added to scene
11:21:26.742 [JavaFX Application Thread] DEBUG GameScene            - Added MainViewComponent
11:21:26.742 [JavaFX Application Thread] DEBUG GameScene            - Entity added to scene
11:21:26.743 [JavaFX Application Thread] DEBUG GameScene            - Added MainViewComponent
11:21:26.743 [JavaFX Application Thread] DEBUG GameScene            - Entity added to scene
11:21:26.743 [JavaFX Application Thread] DEBUG GameScene            - Added MainViewComponent
11:21:26.743 [JavaFX Application Thread] DEBUG GameScene            - Entity added to scene
11:21:26.743 [JavaFX Application Thread] DEBUG GameScene            - Added MainViewComponent
11:21:26.744 [JavaFX Application Thread] DEBUG GameScene            - Entity added to scene
11:21:26.744 [JavaFX Application Thread] DEBUG GameScene            - Added MainViewComponent
11:21:26.744 [JavaFX Application Thread] DEBUG GameScene            - Entity added to scene
11:21:26.744 [JavaFX Application Thread] DEBUG GameScene            - Added MainViewComponent
11:21:26.745 [JavaFX Application Thread] DEBUG GameScene            - Entity added to scene
11:21:26.745 [JavaFX Application Thread] DEBUG GameScene            - Added MainViewComponent
11:21:26.745 [JavaFX Application Thread] DEBUG GameScene            - Entity added to scene
11:21:26.745 [JavaFX Application Thread] DEBUG GameScene            - Added MainViewComponent
11:21:26.746 [JavaFX Application Thread] DEBUG GameScene            - Entity added to scene
11:21:26.746 [JavaFX Application Thread] DEBUG GameScene            - Added MainViewComponent
11:21:26.746 [JavaFX Application Thread] DEBUG GameScene            - Entity added to scene
11:21:26.746 [JavaFX Application Thread] DEBUG GameScene            - Added MainViewComponent
11:21:26.747 [JavaFX Application Thread] DEBUG GameScene            - Entity added to scene
11:21:26.747 [JavaFX Application Thread] DEBUG GameScene            - Added MainViewComponent
11:21:26.747 [JavaFX Application Thread] DEBUG GameScene            - Entity added to scene
11:21:26.747 [JavaFX Application Thread] DEBUG GameScene            - Added MainViewComponent
11:21:26.747 [JavaFX Application Thread] DEBUG GameScene            - Entity added to scene
11:21:26.747 [JavaFX Application Thread] DEBUG GameScene            - Added MainViewComponent
11:21:26.748 [JavaFX Application Thread] DEBUG GameScene            - Entity added to scene
11:21:26.748 [JavaFX Application Thread] DEBUG GameScene            - Added MainViewComponent
11:21:26.748 [JavaFX Application Thread] DEBUG GameScene            - Entity added to scene
11:21:26.748 [JavaFX Application Thread] DEBUG GameScene            - Added MainViewComponent
11:21:26.748 [JavaFX Application Thread] DEBUG GameScene            - Entity added to scene
11:21:26.748 [JavaFX Application Thread] DEBUG GameScene            - Added MainViewComponent
11:21:26.748 [JavaFX Application Thread] DEBUG GameScene            - Entity added to scene
11:21:26.748 [JavaFX Application Thread] DEBUG GameScene            - Added MainViewComponent
11:21:26.749 [JavaFX Application Thread] DEBUG GameScene            - Entity added to scene
11:21:26.749 [JavaFX Application Thread] DEBUG GameScene            - Added MainViewComponent
11:21:26.749 [JavaFX Application Thread] DEBUG GameScene            - Entity added to scene
11:21:26.749 [JavaFX Application Thread] DEBUG GameScene            - Added MainViewComponent
11:21:26.749 [JavaFX Application Thread] DEBUG GameScene            - Entity added to scene
11:21:26.749 [JavaFX Application Thread] DEBUG GameScene            - Added MainViewComponent
11:21:26.749 [JavaFX Application Thread] DEBUG GameScene            - Entity added to scene
11:21:26.749 [JavaFX Application Thread] DEBUG GameScene            - Added MainViewComponent
11:21:26.750 [JavaFX Application Thread] DEBUG GameScene            - Entity added to scene
11:21:26.750 [JavaFX Application Thread] DEBUG GameScene            - Added MainViewComponent
11:21:26.750 [JavaFX Application Thread] DEBUG GameScene            - Entity added to scene
11:21:26.750 [JavaFX Application Thread] DEBUG GameScene            - Added MainViewComponent
11:21:26.750 [JavaFX Application Thread] DEBUG GameScene            - Entity added to scene
11:21:26.750 [JavaFX Application Thread] DEBUG GameScene            - Added MainViewComponent
11:21:26.751 [JavaFX Application Thread] DEBUG GameScene            - Entity added to scene
11:21:26.751 [JavaFX Application Thread] DEBUG GameScene            - Added MainViewComponent
11:21:26.751 [JavaFX Application Thread] DEBUG GameScene            - Entity added to scene
11:21:26.751 [JavaFX Application Thread] DEBUG GameScene            - Added MainViewComponent
11:21:26.751 [JavaFX Application Thread] DEBUG GameScene            - Entity added to scene
11:21:26.751 [JavaFX Application Thread] DEBUG GameScene            - Added MainViewComponent
11:21:26.752 [JavaFX Application Thread] DEBUG GameScene            - Entity added to scene
11:21:26.752 [JavaFX Application Thread] DEBUG GameScene            - Added MainViewComponent
11:21:26.752 [JavaFX Application Thread] DEBUG GameScene            - Entity added to scene
11:21:26.752 [JavaFX Application Thread] DEBUG GameScene            - Added MainViewComponent
11:21:26.753 [JavaFX Application Thread] DEBUG GameScene            - Entity added to scene
11:21:26.753 [JavaFX Application Thread] DEBUG GameScene            - Added MainViewComponent
11:21:26.753 [JavaFX Application Thread] DEBUG GameScene            - Entity added to scene
11:21:26.754 [JavaFX Application Thread] DEBUG GameScene            - Added MainViewComponent
11:21:26.754 [JavaFX Application Thread] DEBUG GameScene            - Entity added to scene
11:21:26.754 [JavaFX Application Thread] DEBUG GameScene            - Added MainViewComponent
11:21:26.754 [JavaFX Application Thread] DEBUG GameScene            - Entity added to scene
11:21:26.754 [JavaFX Application Thread] DEBUG GameScene            - Added MainViewComponent
11:21:26.755 [JavaFX Application Thread] DEBUG GameScene            - Entity added to scene
11:21:26.755 [JavaFX Application Thread] DEBUG GameScene            - Added MainViewComponent
11:21:26.756 [JavaFX Application Thread] DEBUG GameScene            - Entity added to scene
11:21:26.756 [JavaFX Application Thread] DEBUG GameScene            - Added MainViewComponent
11:21:26.757 [JavaFX Application Thread] DEBUG GameScene            - Entity added to scene
11:21:26.757 [JavaFX Application Thread] DEBUG GameScene            - Added MainViewComponent
11:21:26.757 [JavaFX Application Thread] DEBUG GameScene            - Entity added to scene
11:21:26.757 [JavaFX Application Thread] DEBUG GameScene            - Added MainViewComponent
11:21:26.757 [JavaFX Application Thread] DEBUG GameScene            - Entity added to scene
11:21:26.757 [JavaFX Application Thread] DEBUG GameScene            - Added MainViewComponent
11:21:26.758 [JavaFX Application Thread] DEBUG GameScene            - Entity added to scene
11:21:26.758 [JavaFX Application Thread] DEBUG GameScene            - Added MainViewComponent
11:21:26.758 [JavaFX Application Thread] DEBUG GameScene            - Entity added to scene
11:21:26.758 [JavaFX Application Thread] DEBUG GameScene            - Added MainViewComponent
11:21:26.759 [JavaFX Application Thread] DEBUG GameScene            - Entity added to scene
11:21:26.759 [JavaFX Application Thread] DEBUG GameScene            - Added MainViewComponent
11:21:26.759 [JavaFX Application Thread] DEBUG GameScene            - Entity added to scene
11:21:26.759 [JavaFX Application Thread] DEBUG GameScene            - Added MainViewComponent
11:21:26.760 [JavaFX Application Thread] DEBUG GameScene            - Entity added to scene
11:21:26.760 [JavaFX Application Thread] DEBUG GameScene            - Added MainViewComponent
11:21:26.761 [JavaFX Application Thread] DEBUG GameScene            - Entity added to scene
11:21:26.761 [JavaFX Application Thread] DEBUG GameScene            - Added MainViewComponent
11:21:26.761 [JavaFX Application Thread] DEBUG GameScene            - Entity added to scene
11:21:26.761 [JavaFX Application Thread] DEBUG GameScene            - Added MainViewComponent
11:21:26.762 [JavaFX Application Thread] DEBUG GameScene            - Entity added to scene
11:21:26.763 [JavaFX Application Thread] DEBUG GameScene            - Added MainViewComponent
11:21:26.763 [JavaFX Application Thread] DEBUG GameScene            - Entity added to scene
11:21:26.763 [JavaFX Application Thread] DEBUG GameScene            - Added MainViewComponent
11:21:26.764 [JavaFX Application Thread] DEBUG GameScene            - Entity added to scene
11:21:26.764 [JavaFX Application Thread] DEBUG GameScene            - Added MainViewComponent
11:21:26.764 [JavaFX Application Thread] DEBUG GameScene            - Entity added to scene
11:21:26.764 [JavaFX Application Thread] DEBUG GameScene            - Added MainViewComponent
11:21:26.765 [JavaFX Application Thread] DEBUG GameScene            - Entity added to scene
11:21:26.765 [JavaFX Application Thread] DEBUG GameScene            - Added MainViewComponent
11:21:26.766 [JavaFX Application Thread] DEBUG GameScene            - Entity added to scene
11:21:26.766 [JavaFX Application Thread] DEBUG GameScene            - Added MainViewComponent
11:21:26.766 [JavaFX Application Thread] DEBUG GameScene            - Entity added to scene
11:21:26.766 [JavaFX Application Thread] DEBUG GameScene            - Added MainViewComponent
11:21:26.767 [JavaFX Application Thread] DEBUG GameScene            - Entity added to scene
11:21:26.767 [JavaFX Application Thread] DEBUG GameScene            - Added MainViewComponent
11:21:26.767 [JavaFX Application Thread] DEBUG GameScene            - Entity added to scene
11:21:26.767 [JavaFX Application Thread] DEBUG GameScene            - Added MainViewComponent
11:21:26.768 [JavaFX Application Thread] DEBUG GameScene            - Entity added to scene
11:21:26.768 [JavaFX Application Thread] DEBUG GameScene            - Added MainViewComponent
11:21:26.768 [JavaFX Application Thread] DEBUG GameScene            - Entity added to scene
11:21:26.768 [JavaFX Application Thread] DEBUG GameScene            - Added MainViewComponent
11:21:26.768 [JavaFX Application Thread] DEBUG GameScene            - Entity added to scene
11:21:26.769 [JavaFX Application Thread] DEBUG GameScene            - Added MainViewComponent
11:21:26.769 [JavaFX Application Thread] DEBUG GameScene            - Entity added to scene
11:21:26.769 [JavaFX Application Thread] DEBUG GameScene            - Added MainViewComponent
11:21:26.770 [JavaFX Application Thread] DEBUG GameScene            - Entity added to scene
11:21:26.770 [JavaFX Application Thread] DEBUG GameScene            - Added MainViewComponent
11:21:26.771 [JavaFX Application Thread] DEBUG GameScene            - Entity added to scene
11:21:26.771 [JavaFX Application Thread] DEBUG GameScene            - Added MainViewComponent
11:21:26.771 [JavaFX Application Thread] DEBUG GameScene            - Entity added to scene
11:21:26.771 [JavaFX Application Thread] DEBUG GameScene            - Added MainViewComponent
11:21:26.772 [JavaFX Application Thread] DEBUG GameScene            - Entity added to scene
11:21:26.772 [JavaFX Application Thread] DEBUG GameScene            - Added MainViewComponent
11:21:26.772 [JavaFX Application Thread] DEBUG GameScene            - Entity added to scene
11:21:26.772 [JavaFX Application Thread] DEBUG GameScene            - Added MainViewComponent
11:21:26.773 [JavaFX Application Thread] DEBUG GameScene            - Entity added to scene
11:21:26.773 [JavaFX Application Thread] DEBUG GameScene            - Added MainViewComponent
11:21:26.773 [JavaFX Application Thread] DEBUG GameScene            - Entity added to scene
11:21:26.773 [JavaFX Application Thread] DEBUG GameScene            - Added MainViewComponent
11:21:26.774 [JavaFX Application Thread] DEBUG GameScene            - Entity added to scene
11:21:26.774 [JavaFX Application Thread] DEBUG GameScene            - Added MainViewComponent
11:21:26.774 [JavaFX Application Thread] DEBUG GameScene            - Entity added to scene
11:21:26.774 [JavaFX Application Thread] DEBUG GameScene            - Added MainViewComponent
11:21:26.774 [JavaFX Application Thread] DEBUG GameScene            - Entity added to scene
11:21:26.774 [JavaFX Application Thread] DEBUG GameScene            - Added MainViewComponent
11:21:26.775 [JavaFX Application Thread] DEBUG GameScene            - Entity added to scene
11:21:26.775 [JavaFX Application Thread] DEBUG GameScene            - Added MainViewComponent
11:21:26.775 [JavaFX Application Thread] DEBUG GameScene            - Entity added to scene
11:21:26.775 [JavaFX Application Thread] DEBUG GameScene            - Added MainViewComponent
11:21:26.775 [JavaFX Application Thread] DEBUG GameScene            - Entity added to scene
11:21:26.775 [JavaFX Application Thread] DEBUG GameScene            - Added MainViewComponent
11:21:26.776 [JavaFX Application Thread] DEBUG GameScene            - Entity added to scene
11:21:26.776 [JavaFX Application Thread] DEBUG GameScene            - Added MainViewComponent
11:21:26.776 [JavaFX Application Thread] DEBUG GameScene            - Entity added to scene
11:21:26.776 [JavaFX Application Thread] DEBUG GameScene            - Added MainViewComponent
11:21:26.776 [JavaFX Application Thread] DEBUG GameScene            - Entity added to scene
11:21:26.776 [JavaFX Application Thread] DEBUG GameScene            - Added MainViewComponent
11:21:26.777 [JavaFX Application Thread] DEBUG GameScene            - Entity added to scene
11:21:26.777 [JavaFX Application Thread] DEBUG GameScene            - Added MainViewComponent
11:21:26.777 [JavaFX Application Thread] DEBUG GameScene            - Entity added to scene
11:21:26.777 [JavaFX Application Thread] DEBUG GameScene            - Added MainViewComponent
11:21:26.778 [JavaFX Application Thread] DEBUG GameScene            - Entity added to scene
11:21:26.778 [JavaFX Application Thread] DEBUG GameScene            - Added MainViewComponent
11:21:26.778 [JavaFX Application Thread] DEBUG GameScene            - Entity added to scene
11:21:26.778 [JavaFX Application Thread] DEBUG GameScene            - Added MainViewComponent
11:21:26.779 [JavaFX Application Thread] DEBUG GameScene            - Entity added to scene
11:21:26.779 [JavaFX Application Thread] DEBUG GameScene            - Added MainViewComponent
11:21:26.779 [JavaFX Application Thread] DEBUG GameScene            - Entity added to scene
11:21:26.779 [JavaFX Application Thread] DEBUG GameScene            - Added MainViewComponent
11:21:26.780 [JavaFX Application Thread] DEBUG GameScene            - Entity added to scene
11:21:26.780 [JavaFX Application Thread] DEBUG GameScene            - Added MainViewComponent
11:21:26.780 [JavaFX Application Thread] DEBUG GameScene            - Entity added to scene
11:21:26.780 [JavaFX Application Thread] DEBUG GameScene            - Added MainViewComponent
11:21:26.780 [JavaFX Application Thread] DEBUG GameScene            - Entity added to scene
11:21:26.781 [JavaFX Application Thread] DEBUG GameScene            - Added MainViewComponent
11:21:26.781 [JavaFX Application Thread] DEBUG GameScene            - Entity added to scene
11:21:26.781 [JavaFX Application Thread] DEBUG GameScene            - Added MainViewComponent
11:21:26.782 [JavaFX Application Thread] DEBUG GameScene            - Entity added to scene
11:21:26.782 [JavaFX Application Thread] DEBUG GameScene            - Added MainViewComponent
11:21:26.782 [JavaFX Application Thread] DEBUG GameScene            - Entity added to scene
11:21:26.783 [JavaFX Application Thread] DEBUG GameScene            - Added MainViewComponent
11:21:26.783 [JavaFX Application Thread] DEBUG GameScene            - Entity added to scene
11:21:26.783 [JavaFX Application Thread] DEBUG GameScene            - Added MainViewComponent
11:21:26.783 [JavaFX Application Thread] DEBUG GameScene            - Entity added to scene
11:21:26.783 [JavaFX Application Thread] DEBUG GameScene            - Added MainViewComponent
11:21:26.784 [JavaFX Application Thread] DEBUG GameScene            - Entity added to scene
11:21:26.784 [JavaFX Application Thread] DEBUG GameScene            - Added MainViewComponent
11:21:26.784 [JavaFX Application Thread] DEBUG GameScene            - Entity added to scene
11:21:26.784 [JavaFX Application Thread] DEBUG GameScene            - Added MainViewComponent
11:21:26.785 [JavaFX Application Thread] DEBUG GameScene            - Entity added to scene
11:21:26.785 [JavaFX Application Thread] DEBUG GameScene            - Added MainViewComponent
11:21:26.785 [JavaFX Application Thread] DEBUG GameScene            - Entity added to scene
11:21:26.785 [JavaFX Application Thread] DEBUG GameScene            - Added MainViewComponent
11:21:26.786 [JavaFX Application Thread] DEBUG GameScene            - Entity added to scene
11:21:26.786 [JavaFX Application Thread] DEBUG GameScene            - Added MainViewComponent
11:21:26.786 [JavaFX Application Thread] DEBUG GameScene            - Entity added to scene
11:21:26.786 [JavaFX Application Thread] DEBUG GameScene            - Added MainViewComponent
11:21:26.787 [JavaFX Application Thread] DEBUG GameScene            - Entity added to scene
11:21:26.787 [JavaFX Application Thread] DEBUG GameScene            - Added MainViewComponent
11:21:26.787 [JavaFX Application Thread] DEBUG GameScene            - Entity added to scene
11:21:26.787 [JavaFX Application Thread] DEBUG GameScene            - Added MainViewComponent
11:21:26.787 [JavaFX Application Thread] DEBUG GameScene            - Entity added to scene
11:21:26.787 [JavaFX Application Thread] DEBUG GameScene            - Added MainViewComponent
11:21:26.788 [JavaFX Application Thread] DEBUG GameScene            - Entity added to scene
11:21:26.788 [JavaFX Application Thread] DEBUG GameScene            - Added MainViewComponent
11:21:26.788 [JavaFX Application Thread] DEBUG GameScene            - Entity added to scene
11:21:26.788 [JavaFX Application Thread] DEBUG GameScene            - Added MainViewComponent
11:21:26.788 [JavaFX Application Thread] DEBUG GameScene            - Entity added to scene
11:21:26.788 [JavaFX Application Thread] DEBUG GameScene            - Added MainViewComponent
11:21:26.789 [JavaFX Application Thread] DEBUG GameScene            - Entity added to scene
11:21:26.789 [JavaFX Application Thread] DEBUG GameScene            - Added MainViewComponent
11:21:26.789 [JavaFX Application Thread] DEBUG GameScene            - Entity added to scene
11:21:26.789 [JavaFX Application Thread] DEBUG GameScene            - Added MainViewComponent
11:21:26.789 [JavaFX Application Thread] DEBUG GameScene            - Entity added to scene
11:21:26.789 [JavaFX Application Thread] DEBUG GameScene            - Added MainViewComponent
11:21:26.790 [JavaFX Application Thread] DEBUG GameScene            - Entity added to scene
11:21:26.790 [JavaFX Application Thread] DEBUG GameScene            - Added MainViewComponent
11:21:26.790 [JavaFX Application Thread] DEBUG GameScene            - Entity added to scene
11:21:26.790 [JavaFX Application Thread] DEBUG GameScene            - Added MainViewComponent
11:21:26.790 [JavaFX Application Thread] DEBUG GameScene            - Entity added to scene
11:21:26.790 [JavaFX Application Thread] DEBUG GameScene            - Added MainViewComponent
11:21:26.791 [JavaFX Application Thread] DEBUG GameScene            - Entity added to scene
11:21:26.791 [JavaFX Application Thread] DEBUG GameScene            - Added MainViewComponent
11:21:26.791 [JavaFX Application Thread] DEBUG GameScene            - Entity added to scene
11:21:26.791 [JavaFX Application Thread] DEBUG GameScene            - Added MainViewComponent
11:21:26.791 [JavaFX Application Thread] DEBUG GameScene            - Entity added to scene
11:21:26.792 [JavaFX Application Thread] DEBUG GameScene            - Added MainViewComponent
11:21:26.792 [JavaFX Application Thread] DEBUG GameScene            - Entity added to scene
11:21:26.792 [JavaFX Application Thread] DEBUG GameScene            - Added MainViewComponent
11:21:26.792 [JavaFX Application Thread] DEBUG GameScene            - Entity added to scene
11:21:26.792 [JavaFX Application Thread] DEBUG GameScene            - Added MainViewComponent
11:21:26.792 [JavaFX Application Thread] DEBUG GameScene            - Entity added to scene
11:21:26.792 [JavaFX Application Thread] DEBUG GameScene            - Added MainViewComponent
11:21:26.793 [JavaFX Application Thread] DEBUG GameScene            - Entity added to scene
11:21:26.793 [JavaFX Application Thread] DEBUG GameScene            - Added MainViewComponent
11:21:26.793 [JavaFX Application Thread] DEBUG GameScene            - Entity added to scene
11:21:26.793 [JavaFX Application Thread] DEBUG GameScene            - Added MainViewComponent
11:21:26.794 [JavaFX Application Thread] DEBUG GameScene            - Entity added to scene
11:21:26.794 [JavaFX Application Thread] DEBUG GameScene            - Added MainViewComponent
11:21:26.794 [JavaFX Application Thread] DEBUG GameScene            - Entity added to scene
11:21:26.794 [JavaFX Application Thread] DEBUG GameScene            - Added MainViewComponent
11:21:26.794 [JavaFX Application Thread] DEBUG GameScene            - Entity added to scene
11:21:26.794 [JavaFX Application Thread] DEBUG GameScene            - Added MainViewComponent
11:21:26.795 [JavaFX Application Thread] DEBUG GameScene            - Entity added to scene
11:21:26.795 [JavaFX Application Thread] DEBUG GameScene            - Added MainViewComponent
11:21:26.795 [JavaFX Application Thread] DEBUG GameScene            - Entity added to scene
11:21:26.795 [JavaFX Application Thread] DEBUG GameScene            - Added MainViewComponent
11:21:26.795 [JavaFX Application Thread] DEBUG GameScene            - Entity added to scene
11:21:26.796 [JavaFX Application Thread] DEBUG GameScene            - Added MainViewComponent
11:21:26.796 [JavaFX Application Thread] DEBUG GameScene            - Entity added to scene
11:21:26.796 [JavaFX Application Thread] DEBUG GameScene            - Added MainViewComponent
11:21:26.796 [JavaFX Application Thread] DEBUG GameScene            - Entity added to scene
11:21:26.796 [JavaFX Application Thread] DEBUG GameScene            - Added MainViewComponent
11:21:26.796 [JavaFX Application Thread] DEBUG GameScene            - Entity added to scene
11:21:26.796 [JavaFX Application Thread] DEBUG GameScene            - Added MainViewComponent
11:21:26.796 [JavaFX Application Thread] DEBUG GameScene            - Entity added to scene
11:21:26.796 [JavaFX Application Thread] DEBUG GameScene            - Added MainViewComponent
11:21:26.797 [JavaFX Application Thread] DEBUG GameScene            - Entity added to scene
11:21:26.797 [JavaFX Application Thread] DEBUG GameScene            - Added MainViewComponent
11:21:26.797 [JavaFX Application Thread] DEBUG GameScene            - Entity added to scene
11:21:26.797 [JavaFX Application Thread] DEBUG GameScene            - Added MainViewComponent
11:21:26.797 [JavaFX Application Thread] DEBUG GameScene            - Entity added to scene
11:21:26.797 [JavaFX Application Thread] DEBUG GameScene            - Added MainViewComponent
11:21:26.798 [JavaFX Application Thread] DEBUG GameScene            - Entity added to scene
11:21:26.798 [JavaFX Application Thread] DEBUG GameScene            - Added MainViewComponent
11:21:26.798 [JavaFX Application Thread] DEBUG GameScene            - Entity added to scene
11:21:26.798 [JavaFX Application Thread] DEBUG GameScene            - Added MainViewComponent
11:21:26.798 [JavaFX Application Thread] DEBUG GameScene            - Entity added to scene
11:21:26.798 [JavaFX Application Thread] DEBUG GameScene            - Added MainViewComponent
11:21:26.798 [JavaFX Application Thread] DEBUG GameScene            - Entity added to scene
11:21:26.799 [JavaFX Application Thread] DEBUG GameScene            - Added MainViewComponent
11:21:26.799 [JavaFX Application Thread] DEBUG GameScene            - Entity added to scene
11:21:26.799 [JavaFX Application Thread] DEBUG GameScene            - Added MainViewComponent
11:21:26.799 [JavaFX Application Thread] DEBUG GameScene            - Entity added to scene
11:21:26.799 [JavaFX Application Thread] DEBUG GameScene            - Added MainViewComponent
11:21:26.799 [JavaFX Application Thread] DEBUG GameScene            - Entity added to scene
11:21:26.799 [JavaFX Application Thread] DEBUG GameScene            - Added MainViewComponent
11:21:26.800 [JavaFX Application Thread] DEBUG GameScene            - Entity added to scene
11:21:26.800 [JavaFX Application Thread] DEBUG GameScene            - Added MainViewComponent
11:21:26.800 [JavaFX Application Thread] DEBUG GameScene            - Entity added to scene
11:21:26.800 [JavaFX Application Thread] DEBUG GameScene            - Added MainViewComponent
11:21:26.800 [JavaFX Application Thread] DEBUG GameScene            - Entity added to scene
11:21:26.800 [JavaFX Application Thread] DEBUG GameScene            - Added MainViewComponent
11:21:26.800 [JavaFX Application Thread] DEBUG GameScene            - Entity added to scene
11:21:26.800 [JavaFX Application Thread] DEBUG GameScene            - Added MainViewComponent
11:21:26.801 [JavaFX Application Thread] DEBUG GameScene            - Entity added to scene
11:21:26.801 [JavaFX Application Thread] DEBUG GameScene            - Added MainViewComponent
11:21:26.801 [JavaFX Application Thread] DEBUG GameScene            - Entity added to scene
11:21:26.802 [JavaFX Application Thread] DEBUG GameScene            - Added MainViewComponent
11:21:26.802 [JavaFX Application Thread] DEBUG GameScene            - Entity added to scene
11:21:26.802 [JavaFX Application Thread] DEBUG GameScene            - Added MainViewComponent
11:21:26.802 [JavaFX Application Thread] DEBUG GameScene            - Entity added to scene
11:21:26.802 [JavaFX Application Thread] DEBUG GameScene            - Added MainViewComponent
11:21:26.803 [JavaFX Application Thread] DEBUG GameScene            - Entity added to scene
11:21:26.803 [JavaFX Application Thread] DEBUG GameScene            - Added MainViewComponent
11:21:26.803 [JavaFX Application Thread] DEBUG GameScene            - Entity added to scene
11:21:26.804 [JavaFX Application Thread] DEBUG GameScene            - Added MainViewComponent
11:21:26.804 [JavaFX Application Thread] DEBUG GameScene            - Entity added to scene
11:21:26.804 [JavaFX Application Thread] DEBUG GameScene            - Added MainViewComponent
11:21:26.804 [JavaFX Application Thread] DEBUG GameScene            - Entity added to scene
11:21:26.804 [JavaFX Application Thread] DEBUG GameScene            - Added MainViewComponent
11:21:26.805 [JavaFX Application Thread] DEBUG GameScene            - Entity added to scene
11:21:26.805 [JavaFX Application Thread] DEBUG GameScene            - Added MainViewComponent
11:21:26.807 [JavaFX Application Thread] DEBUG GameScene            - Entity added to scene
11:21:26.807 [JavaFX Application Thread] DEBUG GameScene            - Added MainViewComponent
11:21:26.807 [JavaFX Application Thread] DEBUG GameScene            - Entity added to scene
11:21:26.807 [JavaFX Application Thread] DEBUG GameScene            - Added MainViewComponent
11:21:26.807 [JavaFX Application Thread] DEBUG GameScene            - Entity added to scene
11:21:26.807 [JavaFX Application Thread] DEBUG GameScene            - Added MainViewComponent
11:21:26.808 [JavaFX Application Thread] DEBUG GameScene            - Entity added to scene
11:21:26.808 [JavaFX Application Thread] DEBUG GameScene            - Added MainViewComponent
11:21:26.808 [JavaFX Application Thread] DEBUG GameScene            - Entity added to scene
11:21:26.808 [JavaFX Application Thread] DEBUG GameScene            - Added MainViewComponent
11:21:26.809 [JavaFX Application Thread] DEBUG GameScene            - Entity added to scene
11:21:26.809 [JavaFX Application Thread] DEBUG GameScene            - Added MainViewComponent
11:21:26.809 [JavaFX Application Thread] DEBUG GameScene            - Entity added to scene
11:21:26.809 [JavaFX Application Thread] DEBUG GameScene            - Added MainViewComponent
11:21:26.810 [JavaFX Application Thread] DEBUG GameScene            - Entity added to scene
11:21:26.810 [JavaFX Application Thread] DEBUG GameScene            - Added MainViewComponent
11:21:26.810 [JavaFX Application Thread] DEBUG GameScene            - Entity added to scene
11:21:26.810 [JavaFX Application Thread] DEBUG GameScene            - Added MainViewComponent
11:21:26.811 [JavaFX Application Thread] DEBUG GameScene            - Entity added to scene
11:21:26.811 [JavaFX Application Thread] DEBUG GameScene            - Added MainViewComponent
11:21:26.811 [JavaFX Application Thread] DEBUG GameScene            - Entity added to scene
11:21:26.811 [JavaFX Application Thread] DEBUG GameScene            - Added MainViewComponent
11:21:26.811 [JavaFX Application Thread] DEBUG GameScene            - Entity added to scene
11:21:26.811 [JavaFX Application Thread] DEBUG GameScene            - Added MainViewComponent
11:21:26.811 [JavaFX Application Thread] DEBUG GameScene            - Entity added to scene
11:21:26.812 [JavaFX Application Thread] DEBUG GameScene            - Added MainViewComponent
11:21:26.812 [JavaFX Application Thread] DEBUG GameScene            - Entity added to scene
11:21:26.812 [JavaFX Application Thread] DEBUG GameScene            - Added MainViewComponent
11:21:26.812 [JavaFX Application Thread] DEBUG GameScene            - Entity added to scene
11:21:26.812 [JavaFX Application Thread] DEBUG GameScene            - Added MainViewComponent
11:21:26.812 [JavaFX Application Thread] DEBUG GameScene            - Entity added to scene
11:21:26.812 [JavaFX Application Thread] DEBUG GameScene            - Added MainViewComponent
11:21:26.813 [JavaFX Application Thread] DEBUG GameScene            - Entity added to scene
11:21:26.813 [JavaFX Application Thread] DEBUG GameScene            - Added MainViewComponent
11:21:26.813 [JavaFX Application Thread] DEBUG GameScene            - Entity added to scene
11:21:26.813 [JavaFX Application Thread] DEBUG GameScene            - Added MainViewComponent
11:21:26.813 [JavaFX Application Thread] DEBUG GameScene            - Entity added to scene
11:21:26.813 [JavaFX Application Thread] DEBUG GameScene            - Added MainViewComponent
11:21:26.814 [JavaFX Application Thread] DEBUG GameScene            - Entity added to scene
11:21:26.814 [JavaFX Application Thread] DEBUG GameScene            - Added MainViewComponent
11:21:26.815 [JavaFX Application Thread] DEBUG GameScene            - Entity added to scene
11:21:26.815 [JavaFX Application Thread] DEBUG GameScene            - Added MainViewComponent
11:21:26.815 [JavaFX Application Thread] DEBUG GameScene            - Entity added to scene
11:21:26.815 [JavaFX Application Thread] DEBUG GameScene            - Added MainViewComponent
11:21:26.816 [JavaFX Application Thread] DEBUG GameScene            - Entity added to scene
11:21:26.816 [JavaFX Application Thread] DEBUG GameScene            - Added MainViewComponent
11:21:26.817 [JavaFX Application Thread] DEBUG GameScene            - Entity added to scene
11:21:26.817 [JavaFX Application Thread] DEBUG GameScene            - Added MainViewComponent
11:21:26.818 [JavaFX Application Thread] DEBUG GameScene            - Entity added to scene
11:21:26.818 [JavaFX Application Thread] DEBUG GameScene            - Added MainViewComponent
11:21:26.818 [JavaFX Application Thread] DEBUG GameScene            - Entity added to scene
11:21:26.818 [JavaFX Application Thread] DEBUG GameScene            - Added MainViewComponent
11:21:26.818 [JavaFX Application Thread] DEBUG GameScene            - Entity added to scene
11:21:26.818 [JavaFX Application Thread] DEBUG GameScene            - Added MainViewComponent
11:21:26.819 [JavaFX Application Thread] DEBUG GameScene            - Entity added to scene
11:21:26.819 [JavaFX Application Thread] DEBUG GameScene            - Added MainViewComponent
11:21:26.819 [JavaFX Application Thread] DEBUG GameScene            - Entity added to scene
11:21:26.819 [JavaFX Application Thread] DEBUG GameScene            - Added MainViewComponent
11:21:26.819 [JavaFX Application Thread] DEBUG GameScene            - Entity added to scene
11:21:26.819 [JavaFX Application Thread] DEBUG GameScene            - Added MainViewComponent
11:21:26.819 [JavaFX Application Thread] DEBUG GameScene            - Entity added to scene
11:21:26.820 [JavaFX Application Thread] DEBUG GameScene            - Added MainViewComponent
11:21:26.820 [JavaFX Application Thread] DEBUG GameScene            - Entity added to scene
11:21:26.820 [JavaFX Application Thread] DEBUG GameScene            - Added MainViewComponent
11:21:26.821 [JavaFX Application Thread] DEBUG GameScene            - Entity added to scene
11:21:26.821 [JavaFX Application Thread] DEBUG GameScene            - Added MainViewComponent
11:21:26.821 [JavaFX Application Thread] DEBUG GameScene            - Entity added to scene
11:21:26.821 [JavaFX Application Thread] DEBUG GameScene            - Added MainViewComponent
11:21:26.822 [JavaFX Application Thread] DEBUG GameScene            - Entity added to scene
11:21:26.822 [JavaFX Application Thread] DEBUG GameScene            - Added MainViewComponent
11:21:26.822 [JavaFX Application Thread] DEBUG GameScene            - Entity added to scene
11:21:26.822 [JavaFX Application Thread] DEBUG GameScene            - Added MainViewComponent
11:21:26.822 [JavaFX Application Thread] DEBUG GameScene            - Entity added to scene
11:21:26.823 [JavaFX Application Thread] DEBUG GameScene            - Added MainViewComponent
11:21:26.823 [JavaFX Application Thread] DEBUG GameScene            - Entity added to scene
11:21:26.823 [JavaFX Application Thread] DEBUG GameScene            - Added MainViewComponent
11:21:26.823 [JavaFX Application Thread] DEBUG GameScene            - Entity added to scene
11:21:26.823 [JavaFX Application Thread] DEBUG GameScene            - Added MainViewComponent
11:21:26.823 [JavaFX Application Thread] DEBUG GameScene            - Entity added to scene
11:21:26.823 [JavaFX Application Thread] DEBUG GameScene            - Added MainViewComponent
11:21:26.824 [JavaFX Application Thread] DEBUG GameScene            - Entity added to scene
11:21:26.824 [JavaFX Application Thread] DEBUG GameScene            - Added MainViewComponent
11:21:26.824 [JavaFX Application Thread] DEBUG GameScene            - Entity added to scene
11:21:26.824 [JavaFX Application Thread] DEBUG GameScene            - Added MainViewComponent
11:21:26.824 [JavaFX Application Thread] DEBUG GameScene            - Entity added to scene
11:21:26.824 [JavaFX Application Thread] DEBUG GameScene            - Added MainViewComponent
11:21:26.824 [JavaFX Application Thread] DEBUG GameScene            - Entity added to scene
11:21:26.824 [JavaFX Application Thread] DEBUG GameScene            - Added MainViewComponent
11:21:26.824 [JavaFX Application Thread] DEBUG GameScene            - Entity added to scene
11:21:26.825 [JavaFX Application Thread] DEBUG GameScene            - Added MainViewComponent
11:21:26.826 [JavaFX Application Thread] DEBUG GameScene            - Entity added to scene
11:21:26.826 [JavaFX Application Thread] DEBUG GameScene            - Added MainViewComponent
11:21:26.826 [JavaFX Application Thread] DEBUG GameScene            - Entity added to scene
11:21:26.826 [JavaFX Application Thread] DEBUG GameScene            - Added MainViewComponent
11:21:26.826 [JavaFX Application Thread] DEBUG GameScene            - Entity added to scene
11:21:26.827 [JavaFX Application Thread] DEBUG GameScene            - Added MainViewComponent
11:21:26.827 [JavaFX Application Thread] DEBUG GameScene            - Entity added to scene
11:21:26.827 [JavaFX Application Thread] DEBUG GameScene            - Added MainViewComponent
11:21:26.827 [JavaFX Application Thread] DEBUG GameScene            - Entity added to scene
11:21:26.827 [JavaFX Application Thread] DEBUG GameScene            - Added MainViewComponent
11:21:26.827 [JavaFX Application Thread] DEBUG GameScene            - Entity added to scene
11:21:26.827 [JavaFX Application Thread] DEBUG GameScene            - Added MainViewComponent
11:21:26.828 [JavaFX Application Thread] DEBUG GameScene            - Entity added to scene
11:21:26.828 [JavaFX Application Thread] DEBUG GameScene            - Added MainViewComponent
11:21:26.828 [JavaFX Application Thread] DEBUG GameScene            - Entity added to scene
11:21:26.828 [JavaFX Application Thread] DEBUG GameScene            - Added MainViewComponent
11:21:26.828 [JavaFX Application Thread] DEBUG GameScene            - Entity added to scene
11:21:26.828 [JavaFX Application Thread] DEBUG GameScene            - Added MainViewComponent
11:21:26.828 [JavaFX Application Thread] DEBUG GameScene            - Entity added to scene
11:21:26.828 [JavaFX Application Thread] DEBUG GameScene            - Added MainViewComponent
11:21:26.829 [JavaFX Application Thread] DEBUG GameScene            - Entity added to scene
11:21:26.829 [JavaFX Application Thread] DEBUG GameScene            - Added MainViewComponent
11:21:26.829 [JavaFX Application Thread] DEBUG GameScene            - Entity added to scene
11:21:26.829 [JavaFX Application Thread] DEBUG GameScene            - Added MainViewComponent
11:21:26.829 [JavaFX Application Thread] DEBUG GameScene            - Entity added to scene
11:21:26.829 [JavaFX Application Thread] DEBUG GameScene            - Added MainViewComponent
11:21:26.829 [JavaFX Application Thread] DEBUG GameScene            - Entity added to scene
11:21:26.829 [JavaFX Application Thread] DEBUG GameScene            - Added MainViewComponent
11:21:26.830 [JavaFX Application Thread] DEBUG GameScene            - Entity added to scene
11:21:26.830 [JavaFX Application Thread] DEBUG GameScene            - Added MainViewComponent
11:21:26.830 [JavaFX Application Thread] DEBUG GameScene            - Entity added to scene
11:21:26.830 [JavaFX Application Thread] DEBUG GameScene            - Added MainViewComponent
11:21:26.830 [JavaFX Application Thread] DEBUG GameScene            - Entity added to scene
11:21:26.830 [JavaFX Application Thread] DEBUG GameScene            - Added MainViewComponent
11:21:26.830 [JavaFX Application Thread] DEBUG GameScene            - Entity added to scene
11:21:26.831 [JavaFX Application Thread] DEBUG GameScene            - Added MainViewComponent
11:21:26.831 [JavaFX Application Thread] DEBUG GameScene            - Entity added to scene
11:21:26.831 [JavaFX Application Thread] DEBUG GameScene            - Added MainViewComponent
11:21:26.831 [JavaFX Application Thread] DEBUG GameScene            - Entity added to scene
11:21:26.831 [JavaFX Application Thread] DEBUG GameScene            - Added MainViewComponent
11:21:26.831 [JavaFX Application Thread] DEBUG GameScene            - Entity added to scene
11:21:26.831 [JavaFX Application Thread] DEBUG GameScene            - Added MainViewComponent
11:21:26.832 [JavaFX Application Thread] DEBUG GameScene            - Entity added to scene
11:21:26.832 [JavaFX Application Thread] DEBUG GameScene            - Added MainViewComponent
11:21:26.832 [JavaFX Application Thread] DEBUG GameScene            - Entity added to scene
11:21:26.832 [JavaFX Application Thread] DEBUG GameScene            - Added MainViewComponent
11:21:26.832 [JavaFX Application Thread] DEBUG GameScene            - Entity added to scene
11:21:26.832 [JavaFX Application Thread] DEBUG GameScene            - Added MainViewComponent
11:21:26.832 [JavaFX Application Thread] DEBUG GameScene            - Entity added to scene
11:21:26.832 [JavaFX Application Thread] DEBUG GameScene            - Added MainViewComponent
11:21:26.833 [JavaFX Application Thread] DEBUG GameScene            - Entity added to scene
11:21:26.833 [JavaFX Application Thread] DEBUG GameScene            - Added MainViewComponent
11:21:26.833 [JavaFX Application Thread] DEBUG GameScene            - Entity added to scene
11:21:26.833 [JavaFX Application Thread] DEBUG GameScene            - Added MainViewComponent
11:21:26.834 [JavaFX Application Thread] DEBUG GameScene            - Entity added to scene
11:21:26.834 [JavaFX Application Thread] DEBUG GameScene            - Added MainViewComponent
11:21:26.834 [JavaFX Application Thread] DEBUG GameScene            - Entity added to scene
11:21:26.834 [JavaFX Application Thread] DEBUG GameScene            - Added MainViewComponent
11:21:26.834 [JavaFX Application Thread] DEBUG GameScene            - Entity added to scene
11:21:26.834 [JavaFX Application Thread] DEBUG GameScene            - Added MainViewComponent
11:21:26.835 [JavaFX Application Thread] DEBUG GameScene            - Entity added to scene
11:21:26.835 [JavaFX Application Thread] DEBUG GameScene            - Added MainViewComponent
11:21:26.835 [JavaFX Application Thread] DEBUG GameScene            - Entity added to scene
11:21:26.835 [JavaFX Application Thread] DEBUG GameScene            - Added MainViewComponent
11:21:26.835 [JavaFX Application Thread] DEBUG GameScene            - Entity added to scene
11:21:26.835 [JavaFX Application Thread] DEBUG GameScene            - Added MainViewComponent
11:21:26.836 [JavaFX Application Thread] DEBUG GameScene            - Entity added to scene
11:21:26.836 [JavaFX Application Thread] DEBUG GameScene            - Added MainViewComponent
11:21:26.836 [JavaFX Application Thread] DEBUG GameScene            - Entity added to scene
11:21:26.836 [JavaFX Application Thread] DEBUG GameScene            - Added MainViewComponent
11:21:26.836 [JavaFX Application Thread] DEBUG GameScene            - Entity added to scene
11:21:26.836 [JavaFX Application Thread] DEBUG GameScene            - Added MainViewComponent
11:21:26.837 [JavaFX Application Thread] DEBUG GameScene            - Entity added to scene
11:21:26.837 [JavaFX Application Thread] DEBUG GameScene            - Added MainViewComponent
11:21:26.837 [JavaFX Application Thread] DEBUG GameScene            - Entity added to scene
11:21:26.837 [JavaFX Application Thread] DEBUG GameScene            - Added MainViewComponent
11:21:26.837 [JavaFX Application Thread] DEBUG GameScene            - Entity added to scene
11:21:26.837 [JavaFX Application Thread] DEBUG GameScene            - Added MainViewComponent
11:21:26.838 [JavaFX Application Thread] DEBUG GameScene            - Entity added to scene
11:21:26.838 [JavaFX Application Thread] DEBUG GameScene            - Added MainViewComponent
11:21:26.838 [JavaFX Application Thread] DEBUG GameScene            - Entity added to scene
11:21:26.838 [JavaFX Application Thread] DEBUG GameScene            - Added MainViewComponent
11:21:26.839 [JavaFX Application Thread] DEBUG GameScene            - Entity added to scene
11:21:26.839 [JavaFX Application Thread] DEBUG GameScene            - Added MainViewComponent
11:21:26.839 [JavaFX Application Thread] DEBUG GameScene            - Entity added to scene
11:21:26.839 [JavaFX Application Thread] DEBUG GameScene            - Added MainViewComponent
11:21:26.840 [JavaFX Application Thread] DEBUG GameScene            - Entity added to scene
11:21:26.840 [JavaFX Application Thread] DEBUG GameScene            - Added MainViewComponent
11:21:26.840 [JavaFX Application Thread] DEBUG GameScene            - Entity added to scene
11:21:26.840 [JavaFX Application Thread] DEBUG GameScene            - Added MainViewComponent
11:21:26.840 [JavaFX Application Thread] DEBUG GameScene            - Entity added to scene
11:21:26.841 [JavaFX Application Thread] DEBUG GameScene            - Added MainViewComponent
11:21:26.841 [JavaFX Application Thread] DEBUG GameScene            - Entity added to scene
11:21:26.841 [JavaFX Application Thread] DEBUG GameScene            - Added MainViewComponent
11:21:26.842 [JavaFX Application Thread] DEBUG GameScene            - Entity added to scene
11:21:26.842 [JavaFX Application Thread] DEBUG GameScene            - Added MainViewComponent
11:21:26.842 [JavaFX Application Thread] DEBUG GameScene            - Entity added to scene
11:21:26.842 [JavaFX Application Thread] DEBUG GameScene            - Added MainViewComponent
11:21:26.843 [JavaFX Application Thread] DEBUG GameScene            - Entity added to scene
11:21:26.843 [JavaFX Application Thread] DEBUG GameScene            - Added MainViewComponent
11:21:26.843 [JavaFX Application Thread] DEBUG GameScene            - Entity added to scene
11:21:26.843 [JavaFX Application Thread] DEBUG GameScene            - Added MainViewComponent
11:21:26.843 [JavaFX Application Thread] DEBUG GameScene            - Entity added to scene
11:21:26.843 [JavaFX Application Thread] DEBUG GameScene            - Added MainViewComponent
11:21:26.844 [JavaFX Application Thread] DEBUG GameScene            - Entity added to scene
11:21:26.844 [JavaFX Application Thread] DEBUG GameScene            - Added MainViewComponent
11:21:26.844 [JavaFX Application Thread] DEBUG GameScene            - Entity added to scene
11:21:26.844 [JavaFX Application Thread] DEBUG GameScene            - Added MainViewComponent
11:21:26.845 [JavaFX Application Thread] DEBUG GameScene            - Entity added to scene
11:21:26.845 [JavaFX Application Thread] DEBUG GameScene            - Added MainViewComponent
11:21:26.845 [JavaFX Application Thread] DEBUG GameScene            - Entity added to scene
11:21:26.845 [JavaFX Application Thread] DEBUG GameScene            - Added MainViewComponent
11:21:26.845 [JavaFX Application Thread] DEBUG GameScene            - Entity added to scene
11:21:26.846 [JavaFX Application Thread] DEBUG GameScene            - Added MainViewComponent
11:21:26.846 [JavaFX Application Thread] DEBUG GameScene            - Entity added to scene
11:21:26.846 [JavaFX Application Thread] DEBUG GameScene            - Added MainViewComponent
11:21:26.846 [JavaFX Application Thread] DEBUG GameScene            - Entity added to scene
11:21:26.846 [JavaFX Application Thread] DEBUG GameScene            - Added MainViewComponent
11:21:26.847 [JavaFX Application Thread] DEBUG GameScene            - Entity added to scene
11:21:26.847 [JavaFX Application Thread] DEBUG GameScene            - Added MainViewComponent
11:21:26.847 [JavaFX Application Thread] DEBUG GameScene            - Entity added to scene
11:21:26.847 [JavaFX Application Thread] DEBUG GameScene            - Added MainViewComponent
11:21:26.847 [JavaFX Application Thread] DEBUG GameScene            - Entity added to scene
11:21:26.847 [JavaFX Application Thread] DEBUG GameScene            - Added MainViewComponent
11:21:26.848 [JavaFX Application Thread] DEBUG GameScene            - Entity added to scene
11:21:26.848 [JavaFX Application Thread] DEBUG GameScene            - Added MainViewComponent
11:21:26.848 [JavaFX Application Thread] DEBUG GameScene            - Entity added to scene
11:21:26.848 [JavaFX Application Thread] DEBUG GameScene            - Added MainViewComponent
11:21:26.849 [JavaFX Application Thread] DEBUG GameScene            - Entity added to scene
11:21:26.849 [JavaFX Application Thread] DEBUG GameScene            - Added MainViewComponent
11:21:26.849 [JavaFX Application Thread] DEBUG GameScene            - Entity added to scene
11:21:26.849 [JavaFX Application Thread] DEBUG GameScene            - Added MainViewComponent
11:21:26.850 [JavaFX Application Thread] DEBUG GameScene            - Entity added to scene
11:21:26.850 [JavaFX Application Thread] DEBUG GameScene            - Added MainViewComponent
11:21:26.850 [JavaFX Application Thread] DEBUG GameScene            - Entity added to scene
11:21:26.850 [JavaFX Application Thread] DEBUG GameScene            - Added MainViewComponent
11:21:26.850 [JavaFX Application Thread] DEBUG GameScene            - Entity added to scene
11:21:26.850 [JavaFX Application Thread] DEBUG GameScene            - Added MainViewComponent
11:21:26.850 [JavaFX Application Thread] DEBUG GameScene            - Entity added to scene
11:21:26.850 [JavaFX Application Thread] DEBUG GameScene            - Added MainViewComponent
11:21:26.851 [JavaFX Application Thread] DEBUG GameScene            - Entity added to scene
11:21:26.851 [JavaFX Application Thread] DEBUG GameScene            - Added MainViewComponent
11:21:26.851 [JavaFX Application Thread] DEBUG GameScene            - Entity added to scene
11:21:26.851 [JavaFX Application Thread] DEBUG GameScene            - Added MainViewComponent
11:21:26.851 [JavaFX Application Thread] DEBUG GameScene            - Entity added to scene
11:21:26.851 [JavaFX Application Thread] DEBUG GameScene            - Added MainViewComponent
11:21:26.851 [JavaFX Application Thread] DEBUG GameScene            - Entity added to scene
11:21:26.851 [JavaFX Application Thread] DEBUG GameScene            - Added MainViewComponent
11:21:26.851 [JavaFX Application Thread] DEBUG GameScene            - Entity added to scene
11:21:26.851 [JavaFX Application Thread] DEBUG GameScene            - Added MainViewComponent
11:21:26.851 [JavaFX Application Thread] DEBUG GameScene            - Entity added to scene
11:21:26.851 [JavaFX Application Thread] DEBUG GameScene            - Added MainViewComponent
11:21:26.851 [JavaFX Application Thread] DEBUG GameScene            - Entity added to scene
11:21:26.852 [JavaFX Application Thread] DEBUG GameScene            - Added MainViewComponent
11:21:26.852 [JavaFX Application Thread] DEBUG GameScene            - Entity added to scene
11:21:26.852 [JavaFX Application Thread] DEBUG GameScene            - Added MainViewComponent
11:21:26.852 [JavaFX Application Thread] DEBUG GameScene            - Entity added to scene
11:21:26.852 [JavaFX Application Thread] DEBUG GameScene            - Added MainViewComponent
11:21:26.852 [JavaFX Application Thread] DEBUG GameScene            - Entity added to scene
11:21:26.852 [JavaFX Application Thread] DEBUG GameScene            - Added MainViewComponent
11:21:26.852 [JavaFX Application Thread] DEBUG GameScene            - Entity added to scene
11:21:26.852 [JavaFX Application Thread] DEBUG GameScene            - Added MainViewComponent
11:21:26.852 [JavaFX Application Thread] DEBUG GameScene            - Entity added to scene
11:21:26.852 [JavaFX Application Thread] DEBUG GameScene            - Added MainViewComponent
11:21:26.853 [JavaFX Application Thread] DEBUG GameScene            - Entity added to scene
11:21:26.853 [JavaFX Application Thread] DEBUG GameScene            - Added MainViewComponent
11:21:26.853 [JavaFX Application Thread] DEBUG GameScene            - Entity added to scene
11:21:26.853 [JavaFX Application Thread] DEBUG GameScene            - Added MainViewComponent
11:21:26.853 [JavaFX Application Thread] DEBUG GameScene            - Entity added to scene
11:21:26.853 [JavaFX Application Thread] DEBUG GameScene            - Added MainViewComponent
11:21:26.853 [JavaFX Application Thread] DEBUG GameScene            - Entity added to scene
11:21:26.853 [JavaFX Application Thread] DEBUG GameScene            - Added MainViewComponent
11:21:26.853 [JavaFX Application Thread] DEBUG GameScene            - Entity added to scene
11:21:26.853 [JavaFX Application Thread] DEBUG GameScene            - Added MainViewComponent
11:21:26.853 [JavaFX Application Thread] DEBUG GameScene            - Entity added to scene
11:21:26.853 [JavaFX Application Thread] DEBUG GameScene            - Added MainViewComponent
11:21:26.853 [JavaFX Application Thread] DEBUG GameScene            - Entity added to scene
11:21:26.853 [JavaFX Application Thread] DEBUG GameScene            - Added MainViewComponent
11:21:26.854 [JavaFX Application Thread] DEBUG GameScene            - Entity added to scene
11:21:26.854 [JavaFX Application Thread] DEBUG GameScene            - Added MainViewComponent
11:21:26.854 [JavaFX Application Thread] DEBUG GameScene            - Entity added to scene
11:21:26.854 [JavaFX Application Thread] DEBUG GameScene            - Added MainViewComponent
11:21:26.854 [JavaFX Application Thread] DEBUG GameScene            - Entity added to scene
11:21:26.854 [JavaFX Application Thread] DEBUG GameScene            - Added MainViewComponent
11:21:26.854 [JavaFX Application Thread] DEBUG GameScene            - Entity added to scene
11:21:26.854 [JavaFX Application Thread] DEBUG GameScene            - Added MainViewComponent
11:21:26.854 [JavaFX Application Thread] DEBUG GameScene            - Entity added to scene
11:21:26.854 [JavaFX Application Thread] DEBUG GameScene            - Added MainViewComponent
11:21:26.854 [JavaFX Application Thread] DEBUG GameScene            - Entity added to scene
11:21:26.855 [JavaFX Application Thread] DEBUG GameScene            - Added MainViewComponent
11:21:26.855 [JavaFX Application Thread] DEBUG GameScene            - Entity added to scene
11:21:26.855 [JavaFX Application Thread] DEBUG GameScene            - Added MainViewComponent
11:21:26.855 [JavaFX Application Thread] DEBUG GameScene            - Entity added to scene
11:21:26.855 [JavaFX Application Thread] DEBUG GameScene            - Added MainViewComponent
11:21:26.855 [JavaFX Application Thread] DEBUG GameScene            - Entity added to scene
11:21:26.855 [JavaFX Application Thread] DEBUG GameScene            - Added MainViewComponent
11:21:26.856 [JavaFX Application Thread] DEBUG GameScene            - Entity added to scene
11:21:26.856 [JavaFX Application Thread] DEBUG GameScene            - Added MainViewComponent
11:21:26.856 [JavaFX Application Thread] DEBUG GameScene            - Entity added to scene
11:21:26.856 [JavaFX Application Thread] DEBUG GameScene            - Added MainViewComponent
11:21:26.856 [JavaFX Application Thread] DEBUG GameScene            - Entity added to scene
11:21:26.856 [JavaFX Application Thread] DEBUG GameScene            - Added MainViewComponent
11:21:26.856 [JavaFX Application Thread] DEBUG GameScene            - Entity added to scene
11:21:26.856 [JavaFX Application Thread] DEBUG GameScene            - Added MainViewComponent
11:21:26.857 [JavaFX Application Thread] DEBUG GameScene            - Entity added to scene
11:21:26.857 [JavaFX Application Thread] DEBUG GameScene            - Added MainViewComponent
11:21:26.857 [JavaFX Application Thread] DEBUG GameScene            - Entity added to scene
11:21:26.857 [JavaFX Application Thread] DEBUG GameScene            - Added MainViewComponent
11:21:26.858 [JavaFX Application Thread] DEBUG GameScene            - Entity added to scene
11:21:26.858 [JavaFX Application Thread] DEBUG GameScene            - Added MainViewComponent
11:21:26.859 [JavaFX Application Thread] DEBUG GameScene            - Entity added to scene
11:21:26.859 [JavaFX Application Thread] DEBUG GameScene            - Added MainViewComponent
11:21:26.859 [JavaFX Application Thread] DEBUG GameScene            - Entity added to scene
11:21:26.859 [JavaFX Application Thread] DEBUG GameScene            - Added MainViewComponent
11:21:26.860 [JavaFX Application Thread] DEBUG GameScene            - Entity added to scene
11:21:26.860 [JavaFX Application Thread] DEBUG GameScene            - Added MainViewComponent
11:21:26.860 [JavaFX Application Thread] DEBUG GameScene            - Entity added to scene
11:21:26.860 [JavaFX Application Thread] DEBUG GameScene            - Added MainViewComponent
11:21:26.860 [JavaFX Application Thread] DEBUG GameScene            - Entity added to scene
11:21:26.860 [JavaFX Application Thread] DEBUG GameScene            - Added MainViewComponent
11:21:26.860 [JavaFX Application Thread] DEBUG GameScene            - Entity added to scene
11:21:26.861 [JavaFX Application Thread] DEBUG GameScene            - Added MainViewComponent
11:21:26.861 [JavaFX Application Thread] DEBUG GameScene            - Entity added to scene
11:21:26.861 [JavaFX Application Thread] DEBUG GameScene            - Added MainViewComponent
11:21:26.861 [JavaFX Application Thread] DEBUG GameScene            - Entity added to scene
11:21:26.861 [JavaFX Application Thread] DEBUG GameScene            - Added MainViewComponent
11:21:26.861 [JavaFX Application Thread] DEBUG GameScene            - Entity added to scene
11:21:26.861 [JavaFX Application Thread] DEBUG GameScene            - Added MainViewComponent
11:21:26.861 [JavaFX Application Thread] DEBUG GameScene            - Entity added to scene
11:21:26.861 [JavaFX Application Thread] DEBUG GameScene            - Added MainViewComponent
11:21:26.862 [JavaFX Application Thread] DEBUG GameScene            - Entity added to scene
11:21:26.862 [JavaFX Application Thread] DEBUG GameScene            - Added MainViewComponent
11:21:26.862 [JavaFX Application Thread] DEBUG GameScene            - Entity added to scene
11:21:26.862 [JavaFX Application Thread] DEBUG GameScene            - Added MainViewComponent
11:21:26.862 [JavaFX Application Thread] DEBUG GameScene            - Entity added to scene
11:21:26.862 [JavaFX Application Thread] DEBUG GameScene            - Added MainViewComponent
11:21:26.862 [JavaFX Application Thread] DEBUG GameScene            - Entity added to scene
11:21:26.862 [JavaFX Application Thread] DEBUG GameScene            - Added MainViewComponent
11:21:26.862 [JavaFX Application Thread] DEBUG GameScene            - Entity added to scene
11:21:26.862 [JavaFX Application Thread] DEBUG GameScene            - Added MainViewComponent
11:21:26.863 [JavaFX Application Thread] DEBUG GameScene            - Entity added to scene
11:21:26.863 [JavaFX Application Thread] DEBUG GameScene            - Added MainViewComponent
11:21:26.863 [JavaFX Application Thread] DEBUG GameScene            - Entity added to scene
11:21:26.863 [JavaFX Application Thread] DEBUG GameScene            - Added MainViewComponent
11:21:26.863 [JavaFX Application Thread] DEBUG GameScene            - Entity added to scene
11:21:26.863 [JavaFX Application Thread] DEBUG GameScene            - Added MainViewComponent
11:21:26.863 [JavaFX Application Thread] DEBUG GameScene            - Entity added to scene
11:21:26.863 [JavaFX Application Thread] DEBUG GameScene            - Added MainViewComponent
11:21:26.863 [JavaFX Application Thread] DEBUG GameScene            - Entity added to scene
11:21:26.863 [JavaFX Application Thread] DEBUG GameScene            - Added MainViewComponent
11:21:26.864 [JavaFX Application Thread] DEBUG GameScene            - Entity added to scene
11:21:26.864 [JavaFX Application Thread] DEBUG GameScene            - Added MainViewComponent
11:21:26.864 [JavaFX Application Thread] DEBUG GameScene            - Entity added to scene
11:21:26.864 [JavaFX Application Thread] DEBUG GameScene            - Added MainViewComponent
11:21:26.864 [JavaFX Application Thread] DEBUG GameScene            - Entity added to scene
11:21:26.864 [JavaFX Application Thread] DEBUG GameScene            - Added MainViewComponent
11:21:26.864 [JavaFX Application Thread] DEBUG GameScene            - Entity added to scene
11:21:26.864 [JavaFX Application Thread] DEBUG GameScene            - Added MainViewComponent
11:21:26.865 [JavaFX Application Thread] DEBUG GameScene            - Entity added to scene
11:21:26.865 [JavaFX Application Thread] DEBUG GameScene            - Added MainViewComponent
11:21:26.865 [JavaFX Application Thread] DEBUG GameScene            - Entity added to scene
11:21:26.865 [JavaFX Application Thread] DEBUG GameScene            - Added MainViewComponent
11:21:26.865 [JavaFX Application Thread] DEBUG GameScene            - Entity added to scene
11:21:26.865 [JavaFX Application Thread] DEBUG GameScene            - Added MainViewComponent
11:21:26.866 [JavaFX Application Thread] DEBUG GameScene            - Entity added to scene
11:21:26.866 [JavaFX Application Thread] DEBUG GameScene            - Added MainViewComponent
11:21:26.866 [JavaFX Application Thread] DEBUG GameScene            - Entity added to scene
11:21:26.866 [JavaFX Application Thread] DEBUG GameScene            - Added MainViewComponent
11:21:26.866 [JavaFX Application Thread] DEBUG GameScene            - Entity added to scene
11:21:26.866 [JavaFX Application Thread] DEBUG GameScene            - Added MainViewComponent
11:21:26.866 [JavaFX Application Thread] DEBUG GameScene            - Entity added to scene
11:21:26.866 [JavaFX Application Thread] DEBUG GameScene            - Added MainViewComponent
11:21:26.866 [JavaFX Application Thread] DEBUG GameScene            - Entity added to scene
11:21:26.866 [JavaFX Application Thread] DEBUG GameScene            - Added MainViewComponent
11:21:26.866 [JavaFX Application Thread] DEBUG GameScene            - Entity added to scene
11:21:26.866 [JavaFX Application Thread] DEBUG GameScene            - Added MainViewComponent
11:21:26.867 [JavaFX Application Thread] DEBUG GameScene            - Entity added to scene
11:21:26.867 [JavaFX Application Thread] DEBUG GameScene            - Added MainViewComponent
11:21:26.867 [JavaFX Application Thread] DEBUG GameScene            - Entity added to scene
11:21:26.867 [JavaFX Application Thread] DEBUG GameScene            - Added MainViewComponent
11:21:26.867 [JavaFX Application Thread] DEBUG GameScene            - Entity added to scene
11:21:26.867 [JavaFX Application Thread] DEBUG GameScene            - Added MainViewComponent
11:21:26.867 [JavaFX Application Thread] DEBUG GameScene            - Entity added to scene
11:21:26.867 [JavaFX Application Thread] DEBUG GameScene            - Added MainViewComponent
11:21:26.867 [JavaFX Application Thread] DEBUG GameScene            - Entity added to scene
11:21:26.867 [JavaFX Application Thread] DEBUG GameScene            - Added MainViewComponent
11:21:26.867 [JavaFX Application Thread] DEBUG GameScene            - Entity added to scene
11:21:26.867 [JavaFX Application Thread] DEBUG GameScene            - Added MainViewComponent
11:21:26.868 [JavaFX Application Thread] DEBUG GameScene            - Entity added to scene
11:21:26.868 [JavaFX Application Thread] DEBUG GameScene            - Added MainViewComponent
11:21:26.868 [JavaFX Application Thread] DEBUG GameScene            - Entity added to scene
11:21:26.868 [JavaFX Application Thread] DEBUG GameScene            - Added MainViewComponent
11:21:26.868 [JavaFX Application Thread] DEBUG GameScene            - Entity added to scene
11:21:26.868 [JavaFX Application Thread] DEBUG GameScene            - Added MainViewComponent
11:21:26.868 [JavaFX Application Thread] DEBUG GameScene            - Entity added to scene
11:21:26.868 [JavaFX Application Thread] DEBUG GameScene            - Added MainViewComponent
11:21:26.868 [JavaFX Application Thread] DEBUG GameScene            - Entity added to scene
11:21:26.868 [JavaFX Application Thread] DEBUG GameScene            - Added MainViewComponent
11:21:26.869 [JavaFX Application Thread] DEBUG GameScene            - Entity added to scene
11:21:26.869 [JavaFX Application Thread] DEBUG GameScene            - Added MainViewComponent
11:21:26.869 [JavaFX Application Thread] DEBUG GameScene            - Entity added to scene
11:21:26.869 [JavaFX Application Thread] DEBUG GameScene            - Added MainViewComponent
11:21:26.869 [JavaFX Application Thread] DEBUG GameScene            - Entity added to scene
11:21:26.869 [JavaFX Application Thread] DEBUG GameScene            - Added MainViewComponent
11:21:26.869 [JavaFX Application Thread] DEBUG GameScene            - Entity added to scene
11:21:26.869 [JavaFX Application Thread] DEBUG GameScene            - Added MainViewComponent
11:21:26.870 [JavaFX Application Thread] DEBUG GameScene            - Entity added to scene
11:21:26.870 [JavaFX Application Thread] DEBUG GameScene            - Added MainViewComponent
11:21:26.870 [JavaFX Application Thread] DEBUG GameScene            - Entity added to scene
11:21:26.870 [JavaFX Application Thread] DEBUG GameScene            - Added MainViewComponent
11:21:26.870 [JavaFX Application Thread] DEBUG GameScene            - Entity added to scene
11:21:26.870 [JavaFX Application Thread] DEBUG GameScene            - Added MainViewComponent
11:21:26.870 [JavaFX Application Thread] DEBUG GameScene            - Entity added to scene
11:21:26.871 [JavaFX Application Thread] DEBUG GameScene            - Added MainViewComponent
11:21:26.871 [JavaFX Application Thread] DEBUG GameScene            - Entity added to scene
11:21:26.871 [JavaFX Application Thread] DEBUG GameScene            - Added MainViewComponent
11:21:26.871 [JavaFX Application Thread] DEBUG GameScene            - Creating render group for layer: BACKGROUND(0)
11:21:32.227 [JavaFX Application Thread] DEBUG GameScene            - Entity removed from scene
11:21:32.228 [JavaFX Application Thread] DEBUG GameScene            - Removed MainViewComponent
11:21:32.705 [JavaFX Application Thread] DEBUG GameScene            - Entity removed from scene
11:21:32.705 [JavaFX Application Thread] DEBUG GameScene            - Removed MainViewComponent
11:21:43.107 [JavaFX Application Thread] DEBUG GameScene            - Entity removed from scene
11:21:43.107 [JavaFX Application Thread] DEBUG GameScene            - Removed MainViewComponent
11:21:44.479 [JavaFX Application Thread] DEBUG GameScene            - Entity removed from scene
11:21:44.479 [JavaFX Application Thread] DEBUG GameScene            - Removed MainViewComponent
11:21:46.755 [JavaFX Application Thread] DEBUG GameScene            - Entity removed from scene
11:21:46.755 [JavaFX Application Thread] DEBUG GameScene            - Removed MainViewComponent
11:21:53.039 [JavaFX Application Thread] DEBUG GameScene            - Entity removed from scene
11:21:53.039 [JavaFX Application Thread] DEBUG GameScene            - Removed MainViewComponent
11:21:53.775 [JavaFX Application Thread] DEBUG GameScene            - Entity removed from scene
11:21:53.775 [JavaFX Application Thread] DEBUG GameScene            - Removed MainViewComponent
11:21:53.904 [JavaFX Application Thread] DEBUG GameScene            - Entity removed from scene
11:21:53.904 [JavaFX Application Thread] DEBUG GameScene            - Removed MainViewComponent
11:22:04.166 [JavaFX Application Thread] DEBUG FXGLEventBus         - Firing event: DisplayEvent[type=DIALOG_OPENED]
11:22:04.167 [JavaFX Application Thread] DEBUG FXGLInput            - Clearing active input actions
11:22:04.167 [JavaFX Application Thread] DEBUG FXGLMasterTimer      - Stopping master timer
11:22:04.167 [JavaFX Application Thread] DEBUG GameApplication      - State: PLAYING -> PAUSED
11:22:04.167 [JavaFX Application Thread] DEBUG FXGLEventBus         - Firing event: FXGLEvent[type=PAUSE]
11:22:04.167 [JavaFX Application Thread] DEBUG FXGLInput            - Clearing active input actions
11:22:06.184 [JavaFX Application Thread] DEBUG FXGLEventBus         - Firing event: DisplayEvent[type=DIALOG_CLOSED]
11:22:06.185 [JavaFX Application Thread] DEBUG FXGLInput            - Clearing active input actions
11:22:06.185 [JavaFX Application Thread] DEBUG FXGLMasterTimer      - Starting master timer
11:22:06.185 [JavaFX Application Thread] DEBUG GameApplication      - State: PAUSED -> PLAYING
11:22:06.185 [JavaFX Application Thread] DEBUG FXGLEventBus         - Firing event: FXGLEvent[type=RESUME]
11:22:06.186 [JavaFX Application Thread] DEBUG FXGLEventBus         - Firing event: DisplayEvent[type=CLOSE_REQUEST]
11:22:06.187 [JavaFX Application Thread] DEBUG FXGLEventBus         - Firing event: FXGLEvent[type=EXIT]
11:22:06.188 [JavaFX Application Thread] DEBUG FXGL                 - Saving FXGL system data
11:22:06.191 [JavaFX Application Thread] DEBUG IOTask               - Executing task: writeDataTask(system/fxgl.bundle)
11:22:06.193 [JavaFX Application Thread] DEBUG FS                   - Writing to: system\fxgl.bundle
11:22:06.199 [JavaFX Application Thread] DEBUG IOTask               - Task succeeded: writeDataTask(system/fxgl.bundle)
