11:28:15.131 [FXGL Launcher Thread     ] DEBUG FXGLLoggerFactory    - Service [LoggerFactory] initialized
11:28:15.136 [FXGL Launcher Thread     ] DEBUG FXGL                 - FXGL configuration complete
11:28:15.136 [FXGL Launcher Thread     ] DEBUG FXGL                 - Loading FXGL system data
11:28:15.140 [FXGL Launcher Thread     ] DEBUG IOTask               - Executing task: readDataTask(system/fxgl.bundle)
11:28:15.142 [FXGL Launcher Thread     ] DEBUG FS                   - Reading from: system\fxgl.bundle
11:28:15.149 [FXGL Launcher Thread     ] DEBUG IOTask               - Task succeeded: readDataTask(system/fxgl.bundle)
11:28:15.149 [FXGL Launcher Thread     ] DEBUG Bundle               - Logging bundle: FXGL
11:28:15.150 [FXGL Launcher Thread     ] DEBUG Bundle               - FXGL.offline.timer.version.check=2017-01-18T11:24:23.393
11:28:15.162 [FXGL Launcher Thread     ] DEBUG GameApplication      - Configuring GameApplication
11:28:15.167 [FXGL Launcher Thread     ] DEBUG FXGLExceptionHandler - Service [ExceptionHandler] initialized
11:28:15.168 [FXGL Launcher Thread     ] DEBUG FXGLEventBus         - Service [EventBus] initialized
11:28:15.171 [FXGL Launcher Thread     ] DEBUG FXGLExecutor         - Service [Executor] initialized
11:28:15.171 [FXGL Launcher Thread     ] DEBUG PreInitTask          - Injecting gameWorld & physicsWorld
11:28:15.178 [FXGL Launcher Thread     ] DEBUG GameWorld            - Game world initialized
11:28:15.226 [FXGL Launcher Thread     ] DEBUG FXGLPooler           - Service [Pooler] initialized with default size = 128
11:28:15.227 [FXGL Launcher Thread     ] DEBUG PhysicsWorld         - Physics world initialized: appHeight=840.0, physics.ppm=50.0
11:28:15.228 [FXGL Launcher Thread     ] DEBUG FXGLInput            - Service [Input] initialized
11:28:15.247 [FXGL Launcher Thread     ] DEBUG FXGLInput            - Registered new binding: Screenshot - P
11:28:15.248 [FXGL Launcher Thread     ] DEBUG FXGLInput            - Registered new binding: Dev Options - CTRL+0
11:28:15.248 [FXGL Launcher Thread     ] DEBUG FXGLInput            - Registered new binding: Up - W
11:28:15.248 [FXGL Launcher Thread     ] DEBUG FXGLInput            - Registered new binding: Left - A
11:28:15.248 [FXGL Launcher Thread     ] DEBUG FXGLInput            - Registered new binding: Down - S
11:28:15.249 [FXGL Launcher Thread     ] DEBUG FXGLInput            - Registered new binding: Right - D
11:28:15.276 [FXGL Launcher Thread     ] DEBUG GameScene            - Game scene initialized: 1040.0x840.0
11:28:15.282 [FXGL Launcher Thread     ] DEBUG FXGLAssetLoader      - Service [AssetLoader] initialized: cacheSize=35
11:28:15.319 [FXGL Launcher Thread     ] DEBUG FXGLAssetLoader      - Loading from disk: /assets/sounds/system/notification.wav
11:28:15.359 [FXGL Launcher Thread     ] DEBUG FXGLAssetLoader      - Loading from disk: /assets/sounds/menu/select.wav
11:28:15.361 [FXGL Launcher Thread     ] DEBUG FXGLAssetLoader      - Loading from disk: /assets/sounds/menu/back.wav
11:28:15.364 [FXGL Launcher Thread     ] DEBUG FXGLAssetLoader      - Loading from disk: /assets/sounds/menu/press.wav
11:28:15.366 [FXGL Launcher Thread     ] DEBUG FXGLAssetLoader      - Loading from disk: /assets/ui/fonts/Copperplate_Gothic_Light_Regular.ttf
11:28:15.472 [FXGL Launcher Thread     ] DEBUG FXGLAssetLoader      - Loading from disk: /assets/ui/css/fxgl.css
11:28:15.473 [FXGL Launcher Thread     ] DEBUG FXGLAssetLoader      - Loading from disk: /assets/ui/icons/fxgl_icon.png
11:28:15.512 [FXGL Launcher Thread     ] DEBUG FXGLAssetLoader      - Loading from disk: /assets/ui/css/fxgl_dark.css
11:28:15.527 [FXGL Launcher Thread     ] DEBUG FXGLDisplay          - Target size: DoubleProperty [value: 1040.0] x DoubleProperty [value: 840.0] @ 1.0
11:28:15.527 [FXGL Launcher Thread     ] DEBUG FXGLDisplay          - New size:    1040.0 x 840.0 @ DoubleProperty [value: 1.0]
11:28:15.527 [FXGL Launcher Thread     ] DEBUG FXGLDisplay          - Service [Display] initialized
11:28:15.528 [FXGL Launcher Thread     ] DEBUG FXGLDisplay          - Using CSS: CSS(externalForm=jar:file:/C:/Computer%20Science/Game%20Design/3rd/Pacman/lib/fxgl-0.2.9-uber.jar!/assets/ui/css/fxgl_dark.css)
11:28:15.529 [FXGL Launcher Thread     ] DEBUG InitScenesTask       - Injecting loadingScene & gameScene
11:28:15.558 [FXGL Launcher Thread     ] DEBUG FXGLMasterTimer      - Service [MasterTimer] initialized
11:28:15.561 [FXGL Launcher Thread     ] DEBUG FXGLAudioPlayer      - Service [AudioPlayer] initialized
11:28:15.569 [FXGL Launcher Thread     ] DEBUG GameApplication      - Starting new game
11:28:15.571 [FXGL Launcher Thread     ] DEBUG GameApplication      - Initializing App
11:28:15.572 [FXGL Launcher Thread     ] DEBUG FXGLInput            - Clearing active input actions
11:28:15.573 [FXGL Launcher Thread     ] DEBUG FXGLMasterTimer      - Stopping master timer
11:28:15.573 [FXGL Launcher Thread     ] DEBUG GameApplication      - State: STARTUP -> PAUSED
11:28:15.574 [FXGL Launcher Thread     ] DEBUG FXGLEventBus         - Firing event: FXGLEvent[type=PAUSE]
11:28:15.576 [FXGL Launcher Thread     ] DEBUG FXGLInput            - Clearing active input actions
11:28:15.576 [FXGL Launcher Thread     ] DEBUG FXGLMasterTimer      - Resetting ticks and clearing all actions
11:28:15.576 [FXGL Launcher Thread     ] DEBUG GameWorld            - Resetting game world
11:28:15.576 [FXGL Launcher Thread     ] TRACE EntityWorld          - Resetting entity world
11:28:15.577 [FXGL Launcher Thread     ] DEBUG PhysicsWorld         - Resetting physics world
11:28:15.577 [FXGL Launcher Thread     ] DEBUG GameScene            - Resetting game scene
11:28:15.578 [FXGL Launcher Thread     ] DEBUG FXGLEventBus         - Firing event: FXGLEvent[type=RESET]
11:28:15.627 [FXGL Launcher Thread     ] DEBUG GameApplication      - State: PAUSED -> LOADING
11:28:15.665 [FXGL Background Thread 1 ] DEBUG InitAppTask          - Initializing Assets
11:28:15.667 [FXGL Background Thread 1 ] DEBUG InitAppTask          - Initializing Game
11:28:15.699 [FXGL Background Thread 1 ] DEBUG InitAppTask          - Initializing Physics
11:28:15.699 [FXGL Background Thread 1 ] DEBUG InitAppTask          - Initializing UI
11:28:15.700 [FXGL Background Thread 1 ] DEBUG InitAppTask          - Initialization Complete
11:28:15.763 [JavaFX Application Thread] DEBUG FXGLDisplay          - Showing stage
11:28:15.763 [JavaFX Application Thread] DEBUG FXGLDisplay          - Root size: 1040.0x840.0
11:28:15.763 [JavaFX Application Thread] DEBUG FXGLDisplay          - Scene size: 1040.0x840.0
11:28:15.763 [JavaFX Application Thread] DEBUG FXGLDisplay          - Stage size: 1058.0x885.0
11:28:15.885 [JavaFX Application Thread] DEBUG FXGLInput            - Clearing active input actions
11:28:15.885 [JavaFX Application Thread] DEBUG FXGLMasterTimer      - Starting master timer
11:28:15.886 [JavaFX Application Thread] DEBUG GameApplication      - State: LOADING -> PLAYING
11:28:15.897 [JavaFX Application Thread] DEBUG FXGLEventBus         - Firing event: FXGLEvent[type=RESUME]
11:28:15.904 [JavaFX Application Thread] DEBUG GameScene            - Entity added to scene
11:28:15.905 [JavaFX Application Thread] DEBUG GameScene            - Added MainViewComponent
11:28:15.913 [JavaFX Application Thread] DEBUG GameScene            - Creating render group for layer: TOP(2147483647)
11:28:52.396 [JavaFX Application Thread] DEBUG FXGLEventBus         - Firing event: DisplayEvent[type=DIALOG_OPENED]
11:28:52.397 [JavaFX Application Thread] DEBUG FXGLInput            - Clearing active input actions
11:28:52.397 [JavaFX Application Thread] DEBUG FXGLMasterTimer      - Stopping master timer
11:28:52.397 [JavaFX Application Thread] DEBUG GameApplication      - State: PLAYING -> PAUSED
11:28:52.397 [JavaFX Application Thread] DEBUG FXGLEventBus         - Firing event: FXGLEvent[type=PAUSE]
11:28:52.397 [JavaFX Application Thread] DEBUG FXGLInput            - Clearing active input actions
11:28:54.114 [JavaFX Application Thread] DEBUG FXGLEventBus         - Firing event: DisplayEvent[type=DIALOG_CLOSED]
11:28:54.116 [JavaFX Application Thread] DEBUG FXGLInput            - Clearing active input actions
11:28:54.116 [JavaFX Application Thread] DEBUG FXGLMasterTimer      - Starting master timer
11:28:54.116 [JavaFX Application Thread] DEBUG GameApplication      - State: PAUSED -> PLAYING
11:28:54.116 [JavaFX Application Thread] DEBUG FXGLEventBus         - Firing event: FXGLEvent[type=RESUME]
11:28:54.116 [JavaFX Application Thread] DEBUG FXGLEventBus         - Firing event: DisplayEvent[type=CLOSE_REQUEST]
11:28:54.118 [JavaFX Application Thread] DEBUG FXGLEventBus         - Firing event: FXGLEvent[type=EXIT]
11:28:54.119 [JavaFX Application Thread] DEBUG FXGL                 - Saving FXGL system data
11:28:54.122 [JavaFX Application Thread] DEBUG IOTask               - Executing task: writeDataTask(system/fxgl.bundle)
11:28:54.126 [JavaFX Application Thread] DEBUG FS                   - Writing to: system\fxgl.bundle
11:28:54.133 [JavaFX Application Thread] DEBUG IOTask               - Task succeeded: writeDataTask(system/fxgl.bundle)
