11:16:23.473 [FXGL Launcher Thread     ] DEBUG FXGLLoggerFactory    - Service [LoggerFactory] initialized
11:16:23.478 [FXGL Launcher Thread     ] DEBUG FXGL                 - FXGL configuration complete
11:16:23.478 [FXGL Launcher Thread     ] DEBUG FXGL                 - Loading FXGL system data
11:16:23.482 [FXGL Launcher Thread     ] DEBUG IOTask               - Executing task: readDataTask(system/fxgl.bundle)
11:16:23.484 [FXGL Launcher Thread     ] DEBUG FS                   - Reading from: system\fxgl.bundle
11:16:23.490 [FXGL Launcher Thread     ] DEBUG IOTask               - Task succeeded: readDataTask(system/fxgl.bundle)
11:16:23.490 [FXGL Launcher Thread     ] DEBUG Bundle               - Logging bundle: FXGL
11:16:23.491 [FXGL Launcher Thread     ] DEBUG Bundle               - FXGL.offline.timer.version.check=2017-01-18T11:24:23.393
11:16:23.497 [FXGL Launcher Thread     ] DEBUG GameApplication      - Configuring GameApplication
11:16:23.502 [FXGL Launcher Thread     ] DEBUG FXGLExceptionHandler - Service [ExceptionHandler] initialized
11:16:23.502 [FXGL Launcher Thread     ] DEBUG FXGLEventBus         - Service [EventBus] initialized
11:16:23.507 [FXGL Launcher Thread     ] DEBUG FXGLExecutor         - Service [Executor] initialized
11:16:23.507 [FXGL Launcher Thread     ] DEBUG PreInitTask          - Injecting gameWorld & physicsWorld
11:16:23.513 [FXGL Launcher Thread     ] DEBUG GameWorld            - Game world initialized
11:16:23.575 [FXGL Launcher Thread     ] DEBUG FXGLPooler           - Service [Pooler] initialized with default size = 128
11:16:23.576 [FXGL Launcher Thread     ] DEBUG PhysicsWorld         - Physics world initialized: appHeight=840.0, physics.ppm=50.0
11:16:23.577 [FXGL Launcher Thread     ] DEBUG FXGLInput            - Service [Input] initialized
11:16:23.596 [FXGL Launcher Thread     ] DEBUG FXGLInput            - Registered new binding: Screenshot - P
11:16:23.597 [FXGL Launcher Thread     ] DEBUG FXGLInput            - Registered new binding: Dev Options - CTRL+0
11:16:23.597 [FXGL Launcher Thread     ] DEBUG FXGLInput            - Registered new binding: Up - W
11:16:23.634 [FXGL Launcher Thread     ] DEBUG GameScene            - Game scene initialized: 1040.0x840.0
11:16:23.643 [FXGL Launcher Thread     ] DEBUG FXGLAssetLoader      - Service [AssetLoader] initialized: cacheSize=35
11:16:23.645 [FXGL Launcher Thread     ] DEBUG FXGLAssetLoader      - Loading from disk: /assets/sounds/system/notification.wav
11:16:23.730 [FXGL Launcher Thread     ] DEBUG FXGLAssetLoader      - Loading from disk: /assets/sounds/menu/select.wav
11:16:23.734 [FXGL Launcher Thread     ] DEBUG FXGLAssetLoader      - Loading from disk: /assets/sounds/menu/back.wav
11:16:23.737 [FXGL Launcher Thread     ] DEBUG FXGLAssetLoader      - Loading from disk: /assets/sounds/menu/press.wav
11:16:23.740 [FXGL Launcher Thread     ] DEBUG FXGLAssetLoader      - Loading from disk: /assets/ui/fonts/Copperplate_Gothic_Light_Regular.ttf
11:16:23.847 [FXGL Launcher Thread     ] DEBUG FXGLAssetLoader      - Loading from disk: /assets/ui/css/fxgl.css
11:16:23.848 [FXGL Launcher Thread     ] DEBUG FXGLAssetLoader      - Loading from disk: /assets/ui/icons/fxgl_icon.png
11:16:23.885 [FXGL Launcher Thread     ] DEBUG FXGLAssetLoader      - Loading from disk: /assets/ui/css/fxgl_dark.css
11:16:23.900 [FXGL Launcher Thread     ] DEBUG FXGLDisplay          - Target size: DoubleProperty [value: 1040.0] x DoubleProperty [value: 840.0] @ 1.0
11:16:23.900 [FXGL Launcher Thread     ] DEBUG FXGLDisplay          - New size:    1040.0 x 840.0 @ DoubleProperty [value: 1.0]
11:16:23.900 [FXGL Launcher Thread     ] DEBUG FXGLDisplay          - Service [Display] initialized
11:16:23.901 [FXGL Launcher Thread     ] DEBUG FXGLDisplay          - Using CSS: CSS(externalForm=jar:file:/C:/Computer%20Science/Game%20Design/3rd/Pacman/lib/fxgl-0.2.9-uber.jar!/assets/ui/css/fxgl_dark.css)
11:16:23.901 [FXGL Launcher Thread     ] DEBUG InitScenesTask       - Injecting loadingScene & gameScene
11:16:23.928 [FXGL Launcher Thread     ] DEBUG FXGLMasterTimer      - Service [MasterTimer] initialized
11:16:23.931 [FXGL Launcher Thread     ] DEBUG FXGLAudioPlayer      - Service [AudioPlayer] initialized
11:16:23.941 [FXGL Launcher Thread     ] DEBUG GameApplication      - Starting new game
11:16:23.943 [FXGL Launcher Thread     ] DEBUG GameApplication      - Initializing App
11:16:23.945 [FXGL Launcher Thread     ] DEBUG FXGLInput            - Clearing active input actions
11:16:23.945 [FXGL Launcher Thread     ] DEBUG FXGLMasterTimer      - Stopping master timer
11:16:23.945 [FXGL Launcher Thread     ] DEBUG GameApplication      - State: STARTUP -> PAUSED
11:16:23.946 [FXGL Launcher Thread     ] DEBUG FXGLEventBus         - Firing event: FXGLEvent[type=PAUSE]
11:16:23.948 [FXGL Launcher Thread     ] DEBUG FXGLInput            - Clearing active input actions
11:16:23.948 [FXGL Launcher Thread     ] DEBUG FXGLMasterTimer      - Resetting ticks and clearing all actions
11:16:23.948 [FXGL Launcher Thread     ] DEBUG GameWorld            - Resetting game world
11:16:23.948 [FXGL Launcher Thread     ] TRACE EntityWorld          - Resetting entity world
11:16:23.950 [FXGL Launcher Thread     ] DEBUG PhysicsWorld         - Resetting physics world
11:16:23.950 [FXGL Launcher Thread     ] DEBUG GameScene            - Resetting game scene
11:16:23.950 [FXGL Launcher Thread     ] DEBUG FXGLEventBus         - Firing event: FXGLEvent[type=RESET]
11:16:24.004 [FXGL Launcher Thread     ] DEBUG GameApplication      - State: PAUSED -> LOADING
11:16:24.040 [FXGL Background Thread 1 ] DEBUG InitAppTask          - Initializing Assets
11:16:24.041 [FXGL Background Thread 1 ] DEBUG InitAppTask          - Initializing Game
11:16:24.064 [FXGL Background Thread 1 ] DEBUG InitAppTask          - Initializing Physics
11:16:24.064 [FXGL Background Thread 1 ] DEBUG InitAppTask          - Initializing UI
11:16:24.064 [FXGL Background Thread 1 ] DEBUG InitAppTask          - Initialization Complete
11:16:24.121 [JavaFX Application Thread] DEBUG FXGLDisplay          - Showing stage
11:16:24.121 [JavaFX Application Thread] DEBUG FXGLDisplay          - Root size: 1040.0x840.0
11:16:24.121 [JavaFX Application Thread] DEBUG FXGLDisplay          - Scene size: 1040.0x840.0
11:16:24.121 [JavaFX Application Thread] DEBUG FXGLDisplay          - Stage size: 1058.0x885.0
11:16:24.266 [JavaFX Application Thread] DEBUG FXGLInput            - Clearing active input actions
11:16:24.267 [JavaFX Application Thread] DEBUG FXGLMasterTimer      - Starting master timer
11:16:24.271 [JavaFX Application Thread] DEBUG GameApplication      - State: LOADING -> PLAYING
11:16:24.283 [JavaFX Application Thread] DEBUG FXGLEventBus         - Firing event: FXGLEvent[type=RESUME]
11:16:24.303 [JavaFX Application Thread] DEBUG GameScene            - Entity added to scene
11:16:24.304 [JavaFX Application Thread] DEBUG GameScene            - Added MainViewComponent
11:16:24.308 [JavaFX Application Thread] DEBUG GameScene            - Creating render group for layer: TOP(2147483647)
11:16:26.639 [JavaFX Application Thread] FATAL FXGLExceptionHandler - Uncaught Exception:
11:16:26.640 [JavaFX Application Thread] FATAL FXGLExceptionHandler - 

Exception occurred: java.lang.NullPointerException : null
E: com.gamedesign.pacman.PacmanApp$1.onAction(PacmanApp.java:52)
E: com.almasb.fxgl.input.FXGLInput.onUpdateEvent(FXGLInput.kt:130)
E: com.almasb.fxgl.time.FXGLMasterTimer.handle(FXGLMasterTimer.kt:143)
E: javafx.animation.AnimationTimer$AnimationTimerReceiver.lambda$handle$485(AnimationTimer.java:57)
E: java.security.AccessController.doPrivileged(Native Method)
E: javafx.animation.AnimationTimer$AnimationTimerReceiver.handle(AnimationTimer.java:56)
E: com.sun.scenario.animation.AbstractMasterTimer.timePulseImpl(AbstractMasterTimer.java:357)
E: com.sun.scenario.animation.AbstractMasterTimer$MainLoop.run(AbstractMasterTimer.java:267)
E: com.sun.javafx.tk.quantum.QuantumToolkit.pulse(QuantumToolkit.java:506)
E: com.sun.javafx.tk.quantum.QuantumToolkit.pulse(QuantumToolkit.java:490)
E: com.sun.javafx.tk.quantum.QuantumToolkit.lambda$runToolkit$405(QuantumToolkit.java:319)
E: com.sun.glass.ui.InvokeLaterDispatcher$Future.run(InvokeLaterDispatcher.java:95)
E: com.sun.glass.ui.win.WinApplication._runLoop(Native Method)
E: com.sun.glass.ui.win.WinApplication.lambda$null$149(WinApplication.java:191)
E: java.lang.Thread.run(Thread.java:745)

11:16:26.641 [JavaFX Application Thread] FATAL FXGLExceptionHandler - Application will now exit
11:16:26.641 [JavaFX Application Thread] DEBUG FXGLInput            - Clearing active input actions
11:16:26.641 [JavaFX Application Thread] DEBUG FXGLMasterTimer      - Stopping master timer
11:16:26.641 [JavaFX Application Thread] DEBUG GameApplication      - State: PLAYING -> PAUSED
11:16:26.641 [JavaFX Application Thread] DEBUG FXGLEventBus         - Firing event: FXGLEvent[type=PAUSE]
11:16:27.938 [JavaFX Application Thread] DEBUG FXGLEventBus         - Firing event: FXGLEvent[type=EXIT]
11:16:27.939 [JavaFX Application Thread] DEBUG FXGL                 - Saving FXGL system data
11:16:27.940 [JavaFX Application Thread] DEBUG IOTask               - Executing task: writeDataTask(system/fxgl.bundle)
11:16:27.942 [JavaFX Application Thread] DEBUG FS                   - Writing to: system\fxgl.bundle
11:16:27.947 [JavaFX Application Thread] DEBUG IOTask               - Task succeeded: writeDataTask(system/fxgl.bundle)
