11:10:25.835 [FXGL Launcher Thread     ] DEBUG FXGLLoggerFactory    - Service [LoggerFactory] initialized
11:10:25.847 [FXGL Launcher Thread     ] DEBUG FXGL                 - FXGL configuration complete
11:10:25.847 [FXGL Launcher Thread     ] DEBUG FXGL                 - Loading FXGL system data
11:10:25.854 [FXGL Launcher Thread     ] DEBUG IOTask               - Executing task: readDataTask(system/fxgl.bundle)
11:10:25.859 [FXGL Launcher Thread     ] DEBUG FS                   - Reading from: system\fxgl.bundle
11:10:25.869 [FXGL Launcher Thread     ] DEBUG IOTask               - Task succeeded: readDataTask(system/fxgl.bundle)
11:10:25.870 [FXGL Launcher Thread     ] DEBUG Bundle               - Logging bundle: FXGL
11:10:25.871 [FXGL Launcher Thread     ] DEBUG Bundle               - FXGL.offline.timer.version.check=2017-01-18T11:24:23.393
11:10:25.886 [JavaFX Application Thread] DEBUG UpdaterTask          - Checking for updates
11:10:25.994 [JavaFX Application Thread] DEBUG FXGLEventBus         - Service [EventBus] initialized
11:10:25.997 [JavaFX Application Thread] DEBUG FXGLExecutor         - Service [Executor] initialized
11:10:26.000 [JavaFX Application Thread] DEBUG IOTask               - Showing dialog
11:10:26.002 [FXGL Background Thread 1 ] DEBUG IOTask               - Executing task: openStream(https://raw.githubusercontent.com/AlmasB/FXGL/master/pom.xml)
11:10:26.002 [FXGL Background Thread 1 ] DEBUG IOTask               - Executing task: openStream(https://raw.githubusercontent.com/AlmasB/FXGL/master/pom.xml)
11:10:26.680 [JavaFX Application Thread] DEBUG IOTask               - fail(): Dismissing dialog
11:10:26.680 [JavaFX Application Thread] WARN  IOTask               - Task failed: openStream(https://raw.githubusercontent.com/AlmasB/FXGL/master/pom.xml) Error: javax.net.ssl.SSLHandshakeException: sun.security.validator.ValidatorException: PKIX path building failed: sun.security.provider.certpath.SunCertPathBuilderException: unable to find valid certification path to requested target
11:10:26.681 [JavaFX Application Thread] WARN  UpdaterTask          - Failed to find updates: javax.net.ssl.SSLHandshakeException: sun.security.validator.ValidatorException: PKIX path building failed: sun.security.provider.certpath.SunCertPathBuilderException: unable to find valid certification path to requested target
11:10:28.037 [FXGL Launcher Thread     ] DEBUG GameApplication      - Configuring GameApplication
11:10:28.044 [FXGL Launcher Thread     ] DEBUG FXGLExceptionHandler - Service [ExceptionHandler] initialized
11:10:28.045 [FXGL Launcher Thread     ] DEBUG PreInitTask          - Injecting gameWorld & physicsWorld
11:10:28.058 [FXGL Launcher Thread     ] DEBUG GameWorld            - Game world initialized
11:10:28.141 [FXGL Launcher Thread     ] DEBUG FXGLPooler           - Service [Pooler] initialized with default size = 128
11:10:28.142 [FXGL Launcher Thread     ] DEBUG PhysicsWorld         - Physics world initialized: appHeight=840.0, physics.ppm=50.0
11:10:28.143 [FXGL Launcher Thread     ] DEBUG FXGLInput            - Service [Input] initialized
11:10:28.166 [FXGL Launcher Thread     ] DEBUG FXGLInput            - Registered new binding: Screenshot - P
11:10:28.166 [FXGL Launcher Thread     ] DEBUG FXGLInput            - Registered new binding: Dev Options - CTRL+0
11:10:28.168 [FXGL Launcher Thread     ] DEBUG FXGLInput            - Registered new binding: Up - W
11:10:28.168 [FXGL Launcher Thread     ] DEBUG FXGLInput            - Registered new binding: Left - A
11:10:28.168 [FXGL Launcher Thread     ] DEBUG FXGLInput            - Registered new binding: Down - S
11:10:28.168 [FXGL Launcher Thread     ] DEBUG FXGLInput            - Registered new binding: Right - D
11:10:28.193 [FXGL Launcher Thread     ] DEBUG GameScene            - Game scene initialized: 960.0x840.0
11:10:28.199 [FXGL Launcher Thread     ] DEBUG FXGLAssetLoader      - Service [AssetLoader] initialized: cacheSize=35
11:10:28.203 [FXGL Launcher Thread     ] DEBUG FXGLAssetLoader      - Loading from disk: /assets/sounds/system/notification.wav
11:10:28.225 [FXGL Launcher Thread     ] DEBUG FXGLAssetLoader      - Loading from disk: /assets/sounds/menu/select.wav
11:10:28.226 [FXGL Launcher Thread     ] DEBUG FXGLAssetLoader      - Loading from disk: /assets/sounds/menu/back.wav
11:10:28.228 [FXGL Launcher Thread     ] DEBUG FXGLAssetLoader      - Loading from disk: /assets/sounds/menu/press.wav
11:10:28.231 [FXGL Launcher Thread     ] DEBUG FXGLAssetLoader      - Loading from disk: /assets/ui/fonts/Copperplate_Gothic_Light_Regular.ttf
11:10:28.237 [FXGL Launcher Thread     ] DEBUG FXGLAssetLoader      - Loading from disk: /assets/ui/css/fxgl.css
11:10:28.237 [FXGL Launcher Thread     ] DEBUG FXGLAssetLoader      - Loading from disk: /assets/ui/icons/fxgl_icon.png
11:10:28.265 [FXGL Launcher Thread     ] DEBUG FXGLAssetLoader      - Loading from disk: /assets/ui/css/fxgl_dark.css
11:10:28.274 [FXGL Launcher Thread     ] DEBUG FXGLDisplay          - Target size: DoubleProperty [value: 960.0] x DoubleProperty [value: 840.0] @ 1.0
11:10:28.275 [FXGL Launcher Thread     ] DEBUG FXGLDisplay          - New size:    960.0 x 840.0 @ DoubleProperty [value: 1.0]
11:10:28.275 [FXGL Launcher Thread     ] DEBUG FXGLDisplay          - Service [Display] initialized
11:10:28.276 [FXGL Launcher Thread     ] DEBUG FXGLDisplay          - Using CSS: CSS(externalForm=jar:file:/C:/Computer%20Science/Game%20Design/3rd/Pacman/lib/fxgl-0.2.9-uber.jar!/assets/ui/css/fxgl_dark.css)
11:10:28.276 [FXGL Launcher Thread     ] DEBUG InitScenesTask       - Injecting loadingScene & gameScene
11:10:28.296 [FXGL Launcher Thread     ] DEBUG FXGLMasterTimer      - Service [MasterTimer] initialized
11:10:28.299 [FXGL Launcher Thread     ] DEBUG FXGLAudioPlayer      - Service [AudioPlayer] initialized
11:10:28.307 [FXGL Launcher Thread     ] DEBUG GameApplication      - Starting new game
11:10:28.308 [FXGL Launcher Thread     ] DEBUG GameApplication      - Initializing App
11:10:28.309 [FXGL Launcher Thread     ] DEBUG FXGLInput            - Clearing active input actions
11:10:28.310 [FXGL Launcher Thread     ] DEBUG FXGLMasterTimer      - Stopping master timer
11:10:28.310 [FXGL Launcher Thread     ] DEBUG GameApplication      - State: STARTUP -> PAUSED
11:10:28.311 [FXGL Launcher Thread     ] DEBUG FXGLEventBus         - Firing event: FXGLEvent[type=PAUSE]
11:10:28.312 [FXGL Launcher Thread     ] DEBUG FXGLInput            - Clearing active input actions
11:10:28.312 [FXGL Launcher Thread     ] DEBUG FXGLMasterTimer      - Resetting ticks and clearing all actions
11:10:28.312 [FXGL Launcher Thread     ] DEBUG GameWorld            - Resetting game world
11:10:28.312 [FXGL Launcher Thread     ] TRACE EntityWorld          - Resetting entity world
11:10:28.315 [FXGL Launcher Thread     ] DEBUG PhysicsWorld         - Resetting physics world
11:10:28.315 [FXGL Launcher Thread     ] DEBUG GameScene            - Resetting game scene
11:10:28.315 [FXGL Launcher Thread     ] DEBUG FXGLEventBus         - Firing event: FXGLEvent[type=RESET]
11:10:28.388 [FXGL Launcher Thread     ] DEBUG GameApplication      - State: PAUSED -> LOADING
11:10:28.420 [FXGL Background Thread 1 ] DEBUG InitAppTask          - Initializing Assets
11:10:28.422 [FXGL Background Thread 1 ] DEBUG InitAppTask          - Initializing Game
11:10:28.426 [FXGL Background Thread 1 ] DEBUG FXGLAssetLoader      - Loading from disk: /assets/text/level.txt
11:10:28.511 [JavaFX Application Thread] DEBUG FXGLDisplay          - Showing stage
11:10:28.511 [JavaFX Application Thread] DEBUG FXGLDisplay          - Root size: 960.0x840.0
11:10:28.511 [JavaFX Application Thread] DEBUG FXGLDisplay          - Scene size: 960.0x840.0
11:10:28.511 [JavaFX Application Thread] DEBUG FXGLDisplay          - Stage size: 978.0x885.0
11:10:28.830 [FXGL Background Thread 1 ] DEBUG GameWorld            - Resetting game world
11:10:28.830 [FXGL Background Thread 1 ] TRACE EntityWorld          - Resetting entity world
11:10:28.830 [FXGL Background Thread 1 ] DEBUG PhysicsWorld         - Resetting physics world
11:10:28.830 [FXGL Background Thread 1 ] DEBUG GameScene            - Resetting game scene
11:10:28.830 [FXGL Background Thread 1 ] DEBUG GameWorld            - Setting level: com.almasb.fxgl.gameplay.Level@62389465
11:10:28.833 [FXGL Background Thread 1 ] DEBUG InitAppTask          - Initializing Physics
11:10:28.834 [FXGL Background Thread 1 ] DEBUG InitAppTask          - Initializing UI
11:10:28.835 [FXGL Background Thread 1 ] DEBUG FXGLAssetLoader      - Loading from disk: /assets/ui/pacman_ui.fxml
11:10:28.893 [FXGL Background Thread 1 ] DEBUG GameScene            - Adding UI node: Pane@57055ec0
11:10:28.893 [FXGL Background Thread 1 ] DEBUG InitAppTask          - Initialization Complete
11:10:28.896 [JavaFX Application Thread] DEBUG FXGLInput            - Clearing active input actions
11:10:28.897 [JavaFX Application Thread] DEBUG FXGLMasterTimer      - Starting master timer
11:10:28.897 [JavaFX Application Thread] DEBUG GameApplication      - State: LOADING -> PLAYING
11:10:28.905 [JavaFX Application Thread] DEBUG FXGLEventBus         - Firing event: FXGLEvent[type=RESUME]
11:10:28.912 [JavaFX Application Thread] DEBUG GameScene            - Entity added to scene
11:10:28.912 [JavaFX Application Thread] DEBUG GameScene            - Added MainViewComponent
11:10:28.915 [JavaFX Application Thread] DEBUG GameScene            - Creating render group for layer: PLAYGROUND(1073741823)
11:10:28.918 [JavaFX Application Thread] DEBUG GameScene            - Entity added to scene
11:10:28.919 [JavaFX Application Thread] DEBUG GameScene            - Added MainViewComponent
11:10:28.919 [JavaFX Application Thread] DEBUG GameScene            - Entity added to scene
11:10:28.919 [JavaFX Application Thread] DEBUG GameScene            - Added MainViewComponent
11:10:28.920 [JavaFX Application Thread] DEBUG GameScene            - Entity added to scene
11:10:28.920 [JavaFX Application Thread] DEBUG GameScene            - Added MainViewComponent
11:10:28.920 [JavaFX Application Thread] DEBUG GameScene            - Entity added to scene
11:10:28.920 [JavaFX Application Thread] DEBUG GameScene            - Added MainViewComponent
11:10:28.920 [JavaFX Application Thread] DEBUG GameScene            - Entity added to scene
11:10:28.920 [JavaFX Application Thread] DEBUG GameScene            - Added MainViewComponent
11:10:28.921 [JavaFX Application Thread] DEBUG GameScene            - Entity added to scene
11:10:28.921 [JavaFX Application Thread] DEBUG GameScene            - Added MainViewComponent
11:10:28.921 [JavaFX Application Thread] DEBUG GameScene            - Entity added to scene
11:10:28.921 [JavaFX Application Thread] DEBUG GameScene            - Added MainViewComponent
11:10:28.921 [JavaFX Application Thread] DEBUG GameScene            - Entity added to scene
11:10:28.921 [JavaFX Application Thread] DEBUG GameScene            - Added MainViewComponent
11:10:28.922 [JavaFX Application Thread] DEBUG GameScene            - Entity added to scene
11:10:28.922 [JavaFX Application Thread] DEBUG GameScene            - Added MainViewComponent
11:10:28.922 [JavaFX Application Thread] DEBUG GameScene            - Entity added to scene
11:10:28.922 [JavaFX Application Thread] DEBUG GameScene            - Added MainViewComponent
11:10:28.923 [JavaFX Application Thread] DEBUG GameScene            - Entity added to scene
11:10:28.923 [JavaFX Application Thread] DEBUG GameScene            - Added MainViewComponent
11:10:28.923 [JavaFX Application Thread] DEBUG GameScene            - Entity added to scene
11:10:28.923 [JavaFX Application Thread] DEBUG GameScene            - Added MainViewComponent
11:10:28.923 [JavaFX Application Thread] DEBUG GameScene            - Entity added to scene
11:10:28.923 [JavaFX Application Thread] DEBUG GameScene            - Added MainViewComponent
11:10:28.924 [JavaFX Application Thread] DEBUG GameScene            - Entity added to scene
11:10:28.924 [JavaFX Application Thread] DEBUG GameScene            - Added MainViewComponent
11:10:28.924 [JavaFX Application Thread] DEBUG GameScene            - Entity added to scene
11:10:28.924 [JavaFX Application Thread] DEBUG GameScene            - Added MainViewComponent
11:10:28.924 [JavaFX Application Thread] DEBUG GameScene            - Entity added to scene
11:10:28.924 [JavaFX Application Thread] DEBUG GameScene            - Added MainViewComponent
11:10:28.925 [JavaFX Application Thread] DEBUG GameScene            - Entity added to scene
11:10:28.925 [JavaFX Application Thread] DEBUG GameScene            - Added MainViewComponent
11:10:28.925 [JavaFX Application Thread] DEBUG GameScene            - Entity added to scene
11:10:28.925 [JavaFX Application Thread] DEBUG GameScene            - Added MainViewComponent
11:10:28.926 [JavaFX Application Thread] DEBUG GameScene            - Entity added to scene
11:10:28.926 [JavaFX Application Thread] DEBUG GameScene            - Added MainViewComponent
11:10:28.926 [JavaFX Application Thread] DEBUG GameScene            - Entity added to scene
11:10:28.926 [JavaFX Application Thread] DEBUG GameScene            - Added MainViewComponent
11:10:28.926 [JavaFX Application Thread] DEBUG GameScene            - Entity added to scene
11:10:28.927 [JavaFX Application Thread] DEBUG GameScene            - Added MainViewComponent
11:10:28.927 [JavaFX Application Thread] DEBUG GameScene            - Entity added to scene
11:10:28.928 [JavaFX Application Thread] DEBUG GameScene            - Added MainViewComponent
11:10:28.928 [JavaFX Application Thread] DEBUG GameScene            - Entity added to scene
11:10:28.928 [JavaFX Application Thread] DEBUG GameScene            - Added MainViewComponent
11:10:28.929 [JavaFX Application Thread] DEBUG GameScene            - Entity added to scene
11:10:28.929 [JavaFX Application Thread] DEBUG GameScene            - Added MainViewComponent
11:10:28.929 [JavaFX Application Thread] DEBUG GameScene            - Entity added to scene
11:10:28.929 [JavaFX Application Thread] DEBUG GameScene            - Added MainViewComponent
11:10:28.930 [JavaFX Application Thread] DEBUG GameScene            - Entity added to scene
11:10:28.930 [JavaFX Application Thread] DEBUG GameScene            - Added MainViewComponent
11:10:28.930 [JavaFX Application Thread] DEBUG GameScene            - Entity added to scene
11:10:28.930 [JavaFX Application Thread] DEBUG GameScene            - Added MainViewComponent
11:10:28.931 [JavaFX Application Thread] DEBUG GameScene            - Entity added to scene
11:10:28.931 [JavaFX Application Thread] DEBUG GameScene            - Added MainViewComponent
11:10:28.931 [JavaFX Application Thread] DEBUG GameScene            - Entity added to scene
11:10:28.931 [JavaFX Application Thread] DEBUG GameScene            - Added MainViewComponent
11:10:28.932 [JavaFX Application Thread] DEBUG GameScene            - Entity added to scene
11:10:28.932 [JavaFX Application Thread] DEBUG GameScene            - Added MainViewComponent
11:10:28.932 [JavaFX Application Thread] DEBUG GameScene            - Entity added to scene
11:10:28.932 [JavaFX Application Thread] DEBUG GameScene            - Added MainViewComponent
11:10:28.932 [JavaFX Application Thread] DEBUG GameScene            - Entity added to scene
11:10:28.933 [JavaFX Application Thread] DEBUG GameScene            - Added MainViewComponent
11:10:28.933 [JavaFX Application Thread] DEBUG GameScene            - Entity added to scene
11:10:28.933 [JavaFX Application Thread] DEBUG GameScene            - Added MainViewComponent
11:10:28.933 [JavaFX Application Thread] DEBUG GameScene            - Entity added to scene
11:10:28.933 [JavaFX Application Thread] DEBUG GameScene            - Added MainViewComponent
11:10:28.934 [JavaFX Application Thread] DEBUG GameScene            - Entity added to scene
11:10:28.934 [JavaFX Application Thread] DEBUG GameScene            - Added MainViewComponent
11:10:28.934 [JavaFX Application Thread] DEBUG GameScene            - Entity added to scene
11:10:28.934 [JavaFX Application Thread] DEBUG GameScene            - Added MainViewComponent
11:10:28.935 [JavaFX Application Thread] DEBUG GameScene            - Entity added to scene
11:10:28.935 [JavaFX Application Thread] DEBUG GameScene            - Added MainViewComponent
11:10:28.936 [JavaFX Application Thread] DEBUG GameScene            - Entity added to scene
11:10:28.936 [JavaFX Application Thread] DEBUG GameScene            - Added MainViewComponent
11:10:28.936 [JavaFX Application Thread] DEBUG GameScene            - Entity added to scene
11:10:28.936 [JavaFX Application Thread] DEBUG GameScene            - Added MainViewComponent
11:10:28.937 [JavaFX Application Thread] DEBUG GameScene            - Entity added to scene
11:10:28.937 [JavaFX Application Thread] DEBUG GameScene            - Added MainViewComponent
11:10:28.937 [JavaFX Application Thread] DEBUG GameScene            - Entity added to scene
11:10:28.937 [JavaFX Application Thread] DEBUG GameScene            - Added MainViewComponent
11:10:28.937 [JavaFX Application Thread] DEBUG GameScene            - Entity added to scene
11:10:28.937 [JavaFX Application Thread] DEBUG GameScene            - Added MainViewComponent
11:10:28.938 [JavaFX Application Thread] DEBUG GameScene            - Entity added to scene
11:10:28.938 [JavaFX Application Thread] DEBUG GameScene            - Added MainViewComponent
11:10:28.938 [JavaFX Application Thread] DEBUG GameScene            - Entity added to scene
11:10:28.938 [JavaFX Application Thread] DEBUG GameScene            - Added MainViewComponent
11:10:28.939 [JavaFX Application Thread] DEBUG GameScene            - Entity added to scene
11:10:28.939 [JavaFX Application Thread] DEBUG GameScene            - Added MainViewComponent
11:10:28.939 [JavaFX Application Thread] DEBUG GameScene            - Entity added to scene
11:10:28.939 [JavaFX Application Thread] DEBUG GameScene            - Added MainViewComponent
11:10:28.940 [JavaFX Application Thread] DEBUG GameScene            - Entity added to scene
11:10:28.940 [JavaFX Application Thread] DEBUG GameScene            - Added MainViewComponent
11:10:28.940 [JavaFX Application Thread] DEBUG GameScene            - Entity added to scene
11:10:28.940 [JavaFX Application Thread] DEBUG GameScene            - Added MainViewComponent
11:10:28.940 [JavaFX Application Thread] DEBUG GameScene            - Entity added to scene
11:10:28.940 [JavaFX Application Thread] DEBUG GameScene            - Added MainViewComponent
11:10:28.941 [JavaFX Application Thread] DEBUG GameScene            - Entity added to scene
11:10:28.941 [JavaFX Application Thread] DEBUG GameScene            - Added MainViewComponent
11:10:28.941 [JavaFX Application Thread] DEBUG GameScene            - Entity added to scene
11:10:28.941 [JavaFX Application Thread] DEBUG GameScene            - Added MainViewComponent
11:10:28.941 [JavaFX Application Thread] DEBUG GameScene            - Entity added to scene
11:10:28.942 [JavaFX Application Thread] DEBUG GameScene            - Added MainViewComponent
11:10:28.942 [JavaFX Application Thread] DEBUG GameScene            - Entity added to scene
11:10:28.942 [JavaFX Application Thread] DEBUG GameScene            - Added MainViewComponent
11:10:28.942 [JavaFX Application Thread] DEBUG GameScene            - Entity added to scene
11:10:28.942 [JavaFX Application Thread] DEBUG GameScene            - Added MainViewComponent
11:10:28.943 [JavaFX Application Thread] DEBUG GameScene            - Entity added to scene
11:10:28.943 [JavaFX Application Thread] DEBUG GameScene            - Added MainViewComponent
11:10:28.943 [JavaFX Application Thread] DEBUG GameScene            - Entity added to scene
11:10:28.943 [JavaFX Application Thread] DEBUG GameScene            - Added MainViewComponent
11:10:28.944 [JavaFX Application Thread] DEBUG GameScene            - Entity added to scene
11:10:28.944 [JavaFX Application Thread] DEBUG GameScene            - Added MainViewComponent
11:10:28.944 [JavaFX Application Thread] DEBUG GameScene            - Entity added to scene
11:10:28.944 [JavaFX Application Thread] DEBUG GameScene            - Added MainViewComponent
11:10:28.945 [JavaFX Application Thread] DEBUG GameScene            - Entity added to scene
11:10:28.945 [JavaFX Application Thread] DEBUG GameScene            - Added MainViewComponent
11:10:28.945 [JavaFX Application Thread] DEBUG GameScene            - Entity added to scene
11:10:28.945 [JavaFX Application Thread] DEBUG GameScene            - Added MainViewComponent
11:10:28.946 [JavaFX Application Thread] DEBUG GameScene            - Entity added to scene
11:10:28.946 [JavaFX Application Thread] DEBUG GameScene            - Added MainViewComponent
11:10:28.946 [JavaFX Application Thread] DEBUG GameScene            - Entity added to scene
11:10:28.946 [JavaFX Application Thread] DEBUG GameScene            - Added MainViewComponent
11:10:28.947 [JavaFX Application Thread] DEBUG GameScene            - Entity added to scene
11:10:28.947 [JavaFX Application Thread] DEBUG GameScene            - Added MainViewComponent
11:10:28.947 [JavaFX Application Thread] DEBUG GameScene            - Entity added to scene
11:10:28.947 [JavaFX Application Thread] DEBUG GameScene            - Added MainViewComponent
11:10:28.947 [JavaFX Application Thread] DEBUG GameScene            - Entity added to scene
11:10:28.947 [JavaFX Application Thread] DEBUG GameScene            - Added MainViewComponent
11:10:28.948 [JavaFX Application Thread] DEBUG GameScene            - Entity added to scene
11:10:28.948 [JavaFX Application Thread] DEBUG GameScene            - Added MainViewComponent
11:10:28.948 [JavaFX Application Thread] DEBUG GameScene            - Entity added to scene
11:10:28.948 [JavaFX Application Thread] DEBUG GameScene            - Added MainViewComponent
11:10:28.948 [JavaFX Application Thread] DEBUG GameScene            - Entity added to scene
11:10:28.949 [JavaFX Application Thread] DEBUG GameScene            - Added MainViewComponent
11:10:28.949 [JavaFX Application Thread] DEBUG GameScene            - Entity added to scene
11:10:28.949 [JavaFX Application Thread] DEBUG GameScene            - Added MainViewComponent
11:10:28.949 [JavaFX Application Thread] DEBUG GameScene            - Entity added to scene
11:10:28.949 [JavaFX Application Thread] DEBUG GameScene            - Added MainViewComponent
11:10:28.950 [JavaFX Application Thread] DEBUG GameScene            - Entity added to scene
11:10:28.950 [JavaFX Application Thread] DEBUG GameScene            - Added MainViewComponent
11:10:28.950 [JavaFX Application Thread] DEBUG GameScene            - Entity added to scene
11:10:28.950 [JavaFX Application Thread] DEBUG GameScene            - Added MainViewComponent
11:10:28.951 [JavaFX Application Thread] DEBUG GameScene            - Entity added to scene
11:10:28.951 [JavaFX Application Thread] DEBUG GameScene            - Added MainViewComponent
11:10:28.951 [JavaFX Application Thread] DEBUG GameScene            - Entity added to scene
11:10:28.951 [JavaFX Application Thread] DEBUG GameScene            - Added MainViewComponent
11:10:28.952 [JavaFX Application Thread] DEBUG GameScene            - Entity added to scene
11:10:28.952 [JavaFX Application Thread] DEBUG GameScene            - Added MainViewComponent
11:10:28.952 [JavaFX Application Thread] DEBUG GameScene            - Entity added to scene
11:10:28.952 [JavaFX Application Thread] DEBUG GameScene            - Added MainViewComponent
11:10:28.953 [JavaFX Application Thread] DEBUG GameScene            - Entity added to scene
11:10:28.953 [JavaFX Application Thread] DEBUG GameScene            - Added MainViewComponent
11:10:28.953 [JavaFX Application Thread] DEBUG GameScene            - Entity added to scene
11:10:28.953 [JavaFX Application Thread] DEBUG GameScene            - Added MainViewComponent
11:10:28.954 [JavaFX Application Thread] DEBUG GameScene            - Entity added to scene
11:10:28.954 [JavaFX Application Thread] DEBUG GameScene            - Added MainViewComponent
11:10:28.954 [JavaFX Application Thread] DEBUG GameScene            - Entity added to scene
11:10:28.954 [JavaFX Application Thread] DEBUG GameScene            - Added MainViewComponent
11:10:28.954 [JavaFX Application Thread] DEBUG GameScene            - Entity added to scene
11:10:28.955 [JavaFX Application Thread] DEBUG GameScene            - Added MainViewComponent
11:10:28.955 [JavaFX Application Thread] DEBUG GameScene            - Entity added to scene
11:10:28.955 [JavaFX Application Thread] DEBUG GameScene            - Added MainViewComponent
11:10:28.955 [JavaFX Application Thread] DEBUG GameScene            - Entity added to scene
11:10:28.956 [JavaFX Application Thread] DEBUG GameScene            - Added MainViewComponent
11:10:28.956 [JavaFX Application Thread] DEBUG GameScene            - Entity added to scene
11:10:28.956 [JavaFX Application Thread] DEBUG GameScene            - Added MainViewComponent
11:10:28.956 [JavaFX Application Thread] DEBUG GameScene            - Entity added to scene
11:10:28.957 [JavaFX Application Thread] DEBUG GameScene            - Added MainViewComponent
11:10:28.957 [JavaFX Application Thread] DEBUG GameScene            - Entity added to scene
11:10:28.957 [JavaFX Application Thread] DEBUG GameScene            - Added MainViewComponent
11:10:28.958 [JavaFX Application Thread] DEBUG GameScene            - Entity added to scene
11:10:28.958 [JavaFX Application Thread] DEBUG GameScene            - Added MainViewComponent
11:10:28.958 [JavaFX Application Thread] DEBUG GameScene            - Entity added to scene
11:10:28.958 [JavaFX Application Thread] DEBUG GameScene            - Added MainViewComponent
11:10:28.959 [JavaFX Application Thread] DEBUG GameScene            - Entity added to scene
11:10:28.959 [JavaFX Application Thread] DEBUG GameScene            - Added MainViewComponent
11:10:28.959 [JavaFX Application Thread] DEBUG GameScene            - Entity added to scene
11:10:28.960 [JavaFX Application Thread] DEBUG GameScene            - Added MainViewComponent
11:10:28.960 [JavaFX Application Thread] DEBUG GameScene            - Entity added to scene
11:10:28.960 [JavaFX Application Thread] DEBUG GameScene            - Added MainViewComponent
11:10:28.960 [JavaFX Application Thread] DEBUG GameScene            - Entity added to scene
11:10:28.961 [JavaFX Application Thread] DEBUG GameScene            - Added MainViewComponent
11:10:28.961 [JavaFX Application Thread] DEBUG GameScene            - Entity added to scene
11:10:28.961 [JavaFX Application Thread] DEBUG GameScene            - Added MainViewComponent
11:10:28.961 [JavaFX Application Thread] DEBUG GameScene            - Entity added to scene
11:10:28.961 [JavaFX Application Thread] DEBUG GameScene            - Added MainViewComponent
11:10:28.962 [JavaFX Application Thread] DEBUG GameScene            - Entity added to scene
11:10:28.962 [JavaFX Application Thread] DEBUG GameScene            - Added MainViewComponent
11:10:28.962 [JavaFX Application Thread] DEBUG GameScene            - Entity added to scene
11:10:28.962 [JavaFX Application Thread] DEBUG GameScene            - Added MainViewComponent
11:10:28.962 [JavaFX Application Thread] DEBUG GameScene            - Entity added to scene
11:10:28.963 [JavaFX Application Thread] DEBUG GameScene            - Added MainViewComponent
11:10:28.963 [JavaFX Application Thread] DEBUG GameScene            - Entity added to scene
11:10:28.963 [JavaFX Application Thread] DEBUG GameScene            - Added MainViewComponent
11:10:28.964 [JavaFX Application Thread] DEBUG GameScene            - Entity added to scene
11:10:28.964 [JavaFX Application Thread] DEBUG GameScene            - Added MainViewComponent
11:10:28.964 [JavaFX Application Thread] DEBUG GameScene            - Entity added to scene
11:10:28.964 [JavaFX Application Thread] DEBUG GameScene            - Added MainViewComponent
11:10:28.965 [JavaFX Application Thread] DEBUG GameScene            - Entity added to scene
11:10:28.965 [JavaFX Application Thread] DEBUG GameScene            - Added MainViewComponent
11:10:28.965 [JavaFX Application Thread] DEBUG GameScene            - Entity added to scene
11:10:28.965 [JavaFX Application Thread] DEBUG GameScene            - Added MainViewComponent
11:10:28.966 [JavaFX Application Thread] DEBUG GameScene            - Entity added to scene
11:10:28.966 [JavaFX Application Thread] DEBUG GameScene            - Added MainViewComponent
11:10:28.966 [JavaFX Application Thread] DEBUG GameScene            - Entity added to scene
11:10:28.966 [JavaFX Application Thread] DEBUG GameScene            - Added MainViewComponent
11:10:28.967 [JavaFX Application Thread] DEBUG GameScene            - Entity added to scene
11:10:28.967 [JavaFX Application Thread] DEBUG GameScene            - Added MainViewComponent
11:10:28.967 [JavaFX Application Thread] DEBUG GameScene            - Entity added to scene
11:10:28.967 [JavaFX Application Thread] DEBUG GameScene            - Added MainViewComponent
11:10:28.968 [JavaFX Application Thread] DEBUG GameScene            - Entity added to scene
11:10:28.968 [JavaFX Application Thread] DEBUG GameScene            - Added MainViewComponent
11:10:28.968 [JavaFX Application Thread] DEBUG GameScene            - Entity added to scene
11:10:28.968 [JavaFX Application Thread] DEBUG GameScene            - Added MainViewComponent
11:10:28.968 [JavaFX Application Thread] DEBUG GameScene            - Entity added to scene
11:10:28.969 [JavaFX Application Thread] DEBUG GameScene            - Added MainViewComponent
11:10:28.969 [JavaFX Application Thread] DEBUG GameScene            - Entity added to scene
11:10:28.969 [JavaFX Application Thread] DEBUG GameScene            - Added MainViewComponent
11:10:28.969 [JavaFX Application Thread] DEBUG GameScene            - Entity added to scene
11:10:28.969 [JavaFX Application Thread] DEBUG GameScene            - Added MainViewComponent
11:10:28.969 [JavaFX Application Thread] DEBUG GameScene            - Entity added to scene
11:10:28.969 [JavaFX Application Thread] DEBUG GameScene            - Added MainViewComponent
11:10:28.970 [JavaFX Application Thread] DEBUG GameScene            - Entity added to scene
11:10:28.970 [JavaFX Application Thread] DEBUG GameScene            - Added MainViewComponent
11:10:28.970 [JavaFX Application Thread] DEBUG GameScene            - Entity added to scene
11:10:28.970 [JavaFX Application Thread] DEBUG GameScene            - Added MainViewComponent
11:10:28.970 [JavaFX Application Thread] DEBUG GameScene            - Entity added to scene
11:10:28.970 [JavaFX Application Thread] DEBUG GameScene            - Added MainViewComponent
11:10:28.971 [JavaFX Application Thread] DEBUG GameScene            - Entity added to scene
11:10:28.971 [JavaFX Application Thread] DEBUG GameScene            - Added MainViewComponent
11:10:28.971 [JavaFX Application Thread] DEBUG GameScene            - Entity added to scene
11:10:28.971 [JavaFX Application Thread] DEBUG GameScene            - Added MainViewComponent
11:10:28.971 [JavaFX Application Thread] DEBUG GameScene            - Entity added to scene
11:10:28.971 [JavaFX Application Thread] DEBUG GameScene            - Added MainViewComponent
11:10:28.972 [JavaFX Application Thread] DEBUG GameScene            - Entity added to scene
11:10:28.972 [JavaFX Application Thread] DEBUG GameScene            - Added MainViewComponent
11:10:28.972 [JavaFX Application Thread] DEBUG GameScene            - Entity added to scene
11:10:28.972 [JavaFX Application Thread] DEBUG GameScene            - Added MainViewComponent
11:10:28.973 [JavaFX Application Thread] DEBUG GameScene            - Entity added to scene
11:10:28.973 [JavaFX Application Thread] DEBUG GameScene            - Added MainViewComponent
11:10:28.974 [JavaFX Application Thread] DEBUG GameScene            - Entity added to scene
11:10:28.974 [JavaFX Application Thread] DEBUG GameScene            - Added MainViewComponent
11:10:28.974 [JavaFX Application Thread] DEBUG GameScene            - Entity added to scene
11:10:28.974 [JavaFX Application Thread] DEBUG GameScene            - Added MainViewComponent
11:10:28.975 [JavaFX Application Thread] DEBUG GameScene            - Entity added to scene
11:10:28.975 [JavaFX Application Thread] DEBUG GameScene            - Added MainViewComponent
11:10:28.975 [JavaFX Application Thread] DEBUG GameScene            - Entity added to scene
11:10:28.975 [JavaFX Application Thread] DEBUG GameScene            - Added MainViewComponent
11:10:28.976 [JavaFX Application Thread] DEBUG GameScene            - Entity added to scene
11:10:28.976 [JavaFX Application Thread] DEBUG GameScene            - Added MainViewComponent
11:10:28.976 [JavaFX Application Thread] DEBUG GameScene            - Entity added to scene
11:10:28.976 [JavaFX Application Thread] DEBUG GameScene            - Added MainViewComponent
11:10:28.977 [JavaFX Application Thread] DEBUG GameScene            - Entity added to scene
11:10:28.977 [JavaFX Application Thread] DEBUG GameScene            - Added MainViewComponent
11:10:28.978 [JavaFX Application Thread] DEBUG GameScene            - Entity added to scene
11:10:28.978 [JavaFX Application Thread] DEBUG GameScene            - Added MainViewComponent
11:10:28.978 [JavaFX Application Thread] DEBUG GameScene            - Entity added to scene
11:10:28.978 [JavaFX Application Thread] DEBUG GameScene            - Added MainViewComponent
11:10:28.979 [JavaFX Application Thread] DEBUG GameScene            - Entity added to scene
11:10:28.979 [JavaFX Application Thread] DEBUG GameScene            - Added MainViewComponent
11:10:28.979 [JavaFX Application Thread] DEBUG GameScene            - Entity added to scene
11:10:28.979 [JavaFX Application Thread] DEBUG GameScene            - Added MainViewComponent
11:10:28.980 [JavaFX Application Thread] DEBUG GameScene            - Entity added to scene
11:10:28.980 [JavaFX Application Thread] DEBUG GameScene            - Added MainViewComponent
11:10:28.980 [JavaFX Application Thread] DEBUG GameScene            - Entity added to scene
11:10:28.980 [JavaFX Application Thread] DEBUG GameScene            - Added MainViewComponent
11:10:28.981 [JavaFX Application Thread] DEBUG GameScene            - Entity added to scene
11:10:28.981 [JavaFX Application Thread] DEBUG GameScene            - Added MainViewComponent
11:10:28.981 [JavaFX Application Thread] DEBUG GameScene            - Entity added to scene
11:10:28.981 [JavaFX Application Thread] DEBUG GameScene            - Added MainViewComponent
11:10:28.982 [JavaFX Application Thread] DEBUG GameScene            - Entity added to scene
11:10:28.982 [JavaFX Application Thread] DEBUG GameScene            - Added MainViewComponent
11:10:28.982 [JavaFX Application Thread] DEBUG GameScene            - Entity added to scene
11:10:28.982 [JavaFX Application Thread] DEBUG GameScene            - Added MainViewComponent
11:10:28.983 [JavaFX Application Thread] DEBUG GameScene            - Entity added to scene
11:10:28.983 [JavaFX Application Thread] DEBUG GameScene            - Added MainViewComponent
11:10:28.983 [JavaFX Application Thread] DEBUG GameScene            - Entity added to scene
11:10:28.983 [JavaFX Application Thread] DEBUG GameScene            - Added MainViewComponent
11:10:28.984 [JavaFX Application Thread] DEBUG GameScene            - Entity added to scene
11:10:28.984 [JavaFX Application Thread] DEBUG GameScene            - Added MainViewComponent
11:10:28.984 [JavaFX Application Thread] DEBUG GameScene            - Entity added to scene
11:10:28.984 [JavaFX Application Thread] DEBUG GameScene            - Added MainViewComponent
11:10:28.984 [JavaFX Application Thread] DEBUG GameScene            - Entity added to scene
11:10:28.984 [JavaFX Application Thread] DEBUG GameScene            - Added MainViewComponent
11:10:28.984 [JavaFX Application Thread] DEBUG GameScene            - Entity added to scene
11:10:28.985 [JavaFX Application Thread] DEBUG GameScene            - Added MainViewComponent
11:10:28.985 [JavaFX Application Thread] DEBUG GameScene            - Entity added to scene
11:10:28.985 [JavaFX Application Thread] DEBUG GameScene            - Added MainViewComponent
11:10:28.985 [JavaFX Application Thread] DEBUG GameScene            - Entity added to scene
11:10:28.985 [JavaFX Application Thread] DEBUG GameScene            - Added MainViewComponent
11:10:28.985 [JavaFX Application Thread] DEBUG GameScene            - Entity added to scene
11:10:28.985 [JavaFX Application Thread] DEBUG GameScene            - Added MainViewComponent
11:10:28.986 [JavaFX Application Thread] DEBUG GameScene            - Entity added to scene
11:10:28.986 [JavaFX Application Thread] DEBUG GameScene            - Added MainViewComponent
11:10:28.986 [JavaFX Application Thread] DEBUG GameScene            - Entity added to scene
11:10:28.986 [JavaFX Application Thread] DEBUG GameScene            - Added MainViewComponent
11:10:28.986 [JavaFX Application Thread] DEBUG GameScene            - Entity added to scene
11:10:28.986 [JavaFX Application Thread] DEBUG GameScene            - Added MainViewComponent
11:10:28.986 [JavaFX Application Thread] DEBUG GameScene            - Entity added to scene
11:10:28.986 [JavaFX Application Thread] DEBUG GameScene            - Added MainViewComponent
11:10:28.987 [JavaFX Application Thread] DEBUG GameScene            - Entity added to scene
11:10:28.987 [JavaFX Application Thread] DEBUG GameScene            - Added MainViewComponent
11:10:28.987 [JavaFX Application Thread] DEBUG GameScene            - Entity added to scene
11:10:28.987 [JavaFX Application Thread] DEBUG GameScene            - Added MainViewComponent
11:10:28.987 [JavaFX Application Thread] DEBUG GameScene            - Entity added to scene
11:10:28.987 [JavaFX Application Thread] DEBUG GameScene            - Added MainViewComponent
11:10:28.988 [JavaFX Application Thread] DEBUG GameScene            - Entity added to scene
11:10:28.988 [JavaFX Application Thread] DEBUG GameScene            - Added MainViewComponent
11:10:28.988 [JavaFX Application Thread] DEBUG GameScene            - Entity added to scene
11:10:28.988 [JavaFX Application Thread] DEBUG GameScene            - Added MainViewComponent
11:10:28.988 [JavaFX Application Thread] DEBUG GameScene            - Entity added to scene
11:10:28.988 [JavaFX Application Thread] DEBUG GameScene            - Added MainViewComponent
11:10:28.988 [JavaFX Application Thread] DEBUG GameScene            - Entity added to scene
11:10:28.988 [JavaFX Application Thread] DEBUG GameScene            - Added MainViewComponent
11:10:28.989 [JavaFX Application Thread] DEBUG GameScene            - Entity added to scene
11:10:28.989 [JavaFX Application Thread] DEBUG GameScene            - Added MainViewComponent
11:10:28.989 [JavaFX Application Thread] DEBUG GameScene            - Entity added to scene
11:10:28.989 [JavaFX Application Thread] DEBUG GameScene            - Added MainViewComponent
11:10:28.989 [JavaFX Application Thread] DEBUG GameScene            - Entity added to scene
11:10:28.989 [JavaFX Application Thread] DEBUG GameScene            - Added MainViewComponent
11:10:28.989 [JavaFX Application Thread] DEBUG GameScene            - Entity added to scene
11:10:28.989 [JavaFX Application Thread] DEBUG GameScene            - Added MainViewComponent
11:10:28.989 [JavaFX Application Thread] DEBUG GameScene            - Entity added to scene
11:10:28.989 [JavaFX Application Thread] DEBUG GameScene            - Added MainViewComponent
11:10:28.989 [JavaFX Application Thread] DEBUG GameScene            - Entity added to scene
11:10:28.989 [JavaFX Application Thread] DEBUG GameScene            - Added MainViewComponent
11:10:28.990 [JavaFX Application Thread] DEBUG GameScene            - Entity added to scene
11:10:28.990 [JavaFX Application Thread] DEBUG GameScene            - Added MainViewComponent
11:10:28.990 [JavaFX Application Thread] DEBUG GameScene            - Entity added to scene
11:10:28.990 [JavaFX Application Thread] DEBUG GameScene            - Added MainViewComponent
11:10:28.990 [JavaFX Application Thread] DEBUG GameScene            - Entity added to scene
11:10:28.990 [JavaFX Application Thread] DEBUG GameScene            - Added MainViewComponent
11:10:28.990 [JavaFX Application Thread] DEBUG GameScene            - Entity added to scene
11:10:28.990 [JavaFX Application Thread] DEBUG GameScene            - Added MainViewComponent
11:10:28.990 [JavaFX Application Thread] DEBUG GameScene            - Entity added to scene
11:10:28.990 [JavaFX Application Thread] DEBUG GameScene            - Added MainViewComponent
11:10:28.991 [JavaFX Application Thread] DEBUG GameScene            - Entity added to scene
11:10:28.991 [JavaFX Application Thread] DEBUG GameScene            - Added MainViewComponent
11:10:28.991 [JavaFX Application Thread] DEBUG GameScene            - Entity added to scene
11:10:28.991 [JavaFX Application Thread] DEBUG GameScene            - Added MainViewComponent
11:10:28.991 [JavaFX Application Thread] DEBUG GameScene            - Entity added to scene
11:10:28.991 [JavaFX Application Thread] DEBUG GameScene            - Added MainViewComponent
11:10:28.991 [JavaFX Application Thread] DEBUG GameScene            - Entity added to scene
11:10:28.991 [JavaFX Application Thread] DEBUG GameScene            - Added MainViewComponent
11:10:28.992 [JavaFX Application Thread] DEBUG GameScene            - Entity added to scene
11:10:28.992 [JavaFX Application Thread] DEBUG GameScene            - Added MainViewComponent
11:10:28.992 [JavaFX Application Thread] DEBUG GameScene            - Entity added to scene
11:10:28.992 [JavaFX Application Thread] DEBUG GameScene            - Added MainViewComponent
11:10:28.992 [JavaFX Application Thread] DEBUG GameScene            - Entity added to scene
11:10:28.992 [JavaFX Application Thread] DEBUG GameScene            - Added MainViewComponent
11:10:28.992 [JavaFX Application Thread] DEBUG GameScene            - Entity added to scene
11:10:28.992 [JavaFX Application Thread] DEBUG GameScene            - Added MainViewComponent
11:10:28.992 [JavaFX Application Thread] DEBUG GameScene            - Entity added to scene
11:10:28.992 [JavaFX Application Thread] DEBUG GameScene            - Added MainViewComponent
11:10:28.993 [JavaFX Application Thread] DEBUG GameScene            - Entity added to scene
11:10:28.993 [JavaFX Application Thread] DEBUG GameScene            - Added MainViewComponent
11:10:28.993 [JavaFX Application Thread] DEBUG GameScene            - Entity added to scene
11:10:28.993 [JavaFX Application Thread] DEBUG GameScene            - Added MainViewComponent
11:10:28.993 [JavaFX Application Thread] DEBUG GameScene            - Entity added to scene
11:10:28.993 [JavaFX Application Thread] DEBUG GameScene            - Added MainViewComponent
11:10:28.993 [JavaFX Application Thread] DEBUG GameScene            - Entity added to scene
11:10:28.993 [JavaFX Application Thread] DEBUG GameScene            - Added MainViewComponent
11:10:28.993 [JavaFX Application Thread] DEBUG GameScene            - Entity added to scene
11:10:28.993 [JavaFX Application Thread] DEBUG GameScene            - Added MainViewComponent
11:10:28.993 [JavaFX Application Thread] DEBUG GameScene            - Entity added to scene
11:10:28.993 [JavaFX Application Thread] DEBUG GameScene            - Added MainViewComponent
11:10:28.993 [JavaFX Application Thread] DEBUG GameScene            - Entity added to scene
11:10:28.994 [JavaFX Application Thread] DEBUG GameScene            - Added MainViewComponent
11:10:28.994 [JavaFX Application Thread] DEBUG GameScene            - Entity added to scene
11:10:28.994 [JavaFX Application Thread] DEBUG GameScene            - Added MainViewComponent
11:10:28.994 [JavaFX Application Thread] DEBUG GameScene            - Entity added to scene
11:10:28.994 [JavaFX Application Thread] DEBUG GameScene            - Added MainViewComponent
11:10:28.994 [JavaFX Application Thread] DEBUG GameScene            - Entity added to scene
11:10:28.994 [JavaFX Application Thread] DEBUG GameScene            - Added MainViewComponent
11:10:28.994 [JavaFX Application Thread] DEBUG GameScene            - Entity added to scene
11:10:28.994 [JavaFX Application Thread] DEBUG GameScene            - Added MainViewComponent
11:10:28.994 [JavaFX Application Thread] DEBUG GameScene            - Entity added to scene
11:10:28.994 [JavaFX Application Thread] DEBUG GameScene            - Added MainViewComponent
11:10:28.994 [JavaFX Application Thread] DEBUG GameScene            - Entity added to scene
11:10:28.994 [JavaFX Application Thread] DEBUG GameScene            - Added MainViewComponent
11:10:28.995 [JavaFX Application Thread] DEBUG GameScene            - Entity added to scene
11:10:28.995 [JavaFX Application Thread] DEBUG GameScene            - Added MainViewComponent
11:10:28.995 [JavaFX Application Thread] DEBUG GameScene            - Entity added to scene
11:10:28.995 [JavaFX Application Thread] DEBUG GameScene            - Added MainViewComponent
11:10:28.995 [JavaFX Application Thread] DEBUG GameScene            - Entity added to scene
11:10:28.995 [JavaFX Application Thread] DEBUG GameScene            - Added MainViewComponent
11:10:28.996 [JavaFX Application Thread] DEBUG GameScene            - Entity added to scene
11:10:28.996 [JavaFX Application Thread] DEBUG GameScene            - Added MainViewComponent
11:10:28.996 [JavaFX Application Thread] DEBUG GameScene            - Entity added to scene
11:10:28.996 [JavaFX Application Thread] DEBUG GameScene            - Added MainViewComponent
11:10:28.996 [JavaFX Application Thread] DEBUG GameScene            - Entity added to scene
11:10:28.996 [JavaFX Application Thread] DEBUG GameScene            - Added MainViewComponent
11:10:28.997 [JavaFX Application Thread] DEBUG GameScene            - Entity added to scene
11:10:28.997 [JavaFX Application Thread] DEBUG GameScene            - Added MainViewComponent
11:10:28.997 [JavaFX Application Thread] DEBUG GameScene            - Entity added to scene
11:10:28.997 [JavaFX Application Thread] DEBUG GameScene            - Added MainViewComponent
11:10:28.997 [JavaFX Application Thread] DEBUG GameScene            - Entity added to scene
11:10:28.997 [JavaFX Application Thread] DEBUG GameScene            - Added MainViewComponent
11:10:28.997 [JavaFX Application Thread] DEBUG GameScene            - Entity added to scene
11:10:28.997 [JavaFX Application Thread] DEBUG GameScene            - Added MainViewComponent
11:10:28.998 [JavaFX Application Thread] DEBUG GameScene            - Entity added to scene
11:10:28.998 [JavaFX Application Thread] DEBUG GameScene            - Added MainViewComponent
11:10:28.998 [JavaFX Application Thread] DEBUG GameScene            - Entity added to scene
11:10:28.998 [JavaFX Application Thread] DEBUG GameScene            - Added MainViewComponent
11:10:28.998 [JavaFX Application Thread] DEBUG GameScene            - Entity added to scene
11:10:28.998 [JavaFX Application Thread] DEBUG GameScene            - Added MainViewComponent
11:10:28.999 [JavaFX Application Thread] DEBUG GameScene            - Entity added to scene
11:10:28.999 [JavaFX Application Thread] DEBUG GameScene            - Added MainViewComponent
11:10:28.999 [JavaFX Application Thread] DEBUG GameScene            - Entity added to scene
11:10:28.999 [JavaFX Application Thread] DEBUG GameScene            - Added MainViewComponent
11:10:29.000 [JavaFX Application Thread] DEBUG GameScene            - Entity added to scene
11:10:29.000 [JavaFX Application Thread] DEBUG GameScene            - Added MainViewComponent
11:10:29.000 [JavaFX Application Thread] DEBUG GameScene            - Entity added to scene
11:10:29.000 [JavaFX Application Thread] DEBUG GameScene            - Added MainViewComponent
11:10:29.001 [JavaFX Application Thread] DEBUG GameScene            - Entity added to scene
11:10:29.001 [JavaFX Application Thread] DEBUG GameScene            - Added MainViewComponent
11:10:29.002 [JavaFX Application Thread] DEBUG GameScene            - Entity added to scene
11:10:29.002 [JavaFX Application Thread] DEBUG GameScene            - Added MainViewComponent
11:10:29.002 [JavaFX Application Thread] DEBUG GameScene            - Entity added to scene
11:10:29.002 [JavaFX Application Thread] DEBUG GameScene            - Added MainViewComponent
11:10:29.003 [JavaFX Application Thread] DEBUG GameScene            - Entity added to scene
11:10:29.003 [JavaFX Application Thread] DEBUG GameScene            - Added MainViewComponent
11:10:29.003 [JavaFX Application Thread] DEBUG GameScene            - Entity added to scene
11:10:29.004 [JavaFX Application Thread] DEBUG GameScene            - Added MainViewComponent
11:10:29.004 [JavaFX Application Thread] DEBUG GameScene            - Entity added to scene
11:10:29.004 [JavaFX Application Thread] DEBUG GameScene            - Added MainViewComponent
11:10:29.005 [JavaFX Application Thread] DEBUG GameScene            - Entity added to scene
11:10:29.005 [JavaFX Application Thread] DEBUG GameScene            - Added MainViewComponent
11:10:29.005 [JavaFX Application Thread] DEBUG GameScene            - Entity added to scene
11:10:29.005 [JavaFX Application Thread] DEBUG GameScene            - Added MainViewComponent
11:10:29.005 [JavaFX Application Thread] DEBUG GameScene            - Entity added to scene
11:10:29.005 [JavaFX Application Thread] DEBUG GameScene            - Added MainViewComponent
11:10:29.006 [JavaFX Application Thread] DEBUG GameScene            - Entity added to scene
11:10:29.006 [JavaFX Application Thread] DEBUG GameScene            - Added MainViewComponent
11:10:29.006 [JavaFX Application Thread] DEBUG GameScene            - Entity added to scene
11:10:29.006 [JavaFX Application Thread] DEBUG GameScene            - Added MainViewComponent
11:10:29.006 [JavaFX Application Thread] DEBUG GameScene            - Entity added to scene
11:10:29.006 [JavaFX Application Thread] DEBUG GameScene            - Added MainViewComponent
11:10:29.006 [JavaFX Application Thread] DEBUG GameScene            - Entity added to scene
11:10:29.006 [JavaFX Application Thread] DEBUG GameScene            - Added MainViewComponent
11:10:29.007 [JavaFX Application Thread] DEBUG GameScene            - Entity added to scene
11:10:29.007 [JavaFX Application Thread] DEBUG GameScene            - Added MainViewComponent
11:10:29.007 [JavaFX Application Thread] DEBUG GameScene            - Entity added to scene
11:10:29.007 [JavaFX Application Thread] DEBUG GameScene            - Added MainViewComponent
11:10:29.007 [JavaFX Application Thread] DEBUG GameScene            - Entity added to scene
11:10:29.007 [JavaFX Application Thread] DEBUG GameScene            - Added MainViewComponent
11:10:29.007 [JavaFX Application Thread] DEBUG GameScene            - Entity added to scene
11:10:29.007 [JavaFX Application Thread] DEBUG GameScene            - Added MainViewComponent
11:10:29.008 [JavaFX Application Thread] DEBUG GameScene            - Entity added to scene
11:10:29.008 [JavaFX Application Thread] DEBUG GameScene            - Added MainViewComponent
11:10:29.008 [JavaFX Application Thread] DEBUG GameScene            - Entity added to scene
11:10:29.008 [JavaFX Application Thread] DEBUG GameScene            - Added MainViewComponent
11:10:29.008 [JavaFX Application Thread] DEBUG GameScene            - Entity added to scene
11:10:29.008 [JavaFX Application Thread] DEBUG GameScene            - Added MainViewComponent
11:10:29.008 [JavaFX Application Thread] DEBUG GameScene            - Entity added to scene
11:10:29.008 [JavaFX Application Thread] DEBUG GameScene            - Added MainViewComponent
11:10:29.009 [JavaFX Application Thread] DEBUG GameScene            - Entity added to scene
11:10:29.009 [JavaFX Application Thread] DEBUG GameScene            - Added MainViewComponent
11:10:29.009 [JavaFX Application Thread] DEBUG GameScene            - Entity added to scene
11:10:29.009 [JavaFX Application Thread] DEBUG GameScene            - Added MainViewComponent
11:10:29.009 [JavaFX Application Thread] DEBUG GameScene            - Entity added to scene
11:10:29.009 [JavaFX Application Thread] DEBUG GameScene            - Added MainViewComponent
11:10:29.009 [JavaFX Application Thread] DEBUG GameScene            - Entity added to scene
11:10:29.009 [JavaFX Application Thread] DEBUG GameScene            - Added MainViewComponent
11:10:29.010 [JavaFX Application Thread] DEBUG GameScene            - Entity added to scene
11:10:29.010 [JavaFX Application Thread] DEBUG GameScene            - Added MainViewComponent
11:10:29.010 [JavaFX Application Thread] DEBUG GameScene            - Entity added to scene
11:10:29.010 [JavaFX Application Thread] DEBUG GameScene            - Added MainViewComponent
11:10:29.010 [JavaFX Application Thread] DEBUG GameScene            - Entity added to scene
11:10:29.010 [JavaFX Application Thread] DEBUG GameScene            - Added MainViewComponent
11:10:29.011 [JavaFX Application Thread] DEBUG GameScene            - Entity added to scene
11:10:29.011 [JavaFX Application Thread] DEBUG GameScene            - Added MainViewComponent
11:10:29.011 [JavaFX Application Thread] DEBUG GameScene            - Entity added to scene
11:10:29.011 [JavaFX Application Thread] DEBUG GameScene            - Added MainViewComponent
11:10:29.011 [JavaFX Application Thread] DEBUG GameScene            - Entity added to scene
11:10:29.011 [JavaFX Application Thread] DEBUG GameScene            - Added MainViewComponent
11:10:29.011 [JavaFX Application Thread] DEBUG GameScene            - Entity added to scene
11:10:29.011 [JavaFX Application Thread] DEBUG GameScene            - Added MainViewComponent
11:10:29.012 [JavaFX Application Thread] DEBUG GameScene            - Entity added to scene
11:10:29.012 [JavaFX Application Thread] DEBUG GameScene            - Added MainViewComponent
11:10:29.012 [JavaFX Application Thread] DEBUG GameScene            - Entity added to scene
11:10:29.012 [JavaFX Application Thread] DEBUG GameScene            - Added MainViewComponent
11:10:29.012 [JavaFX Application Thread] DEBUG GameScene            - Entity added to scene
11:10:29.012 [JavaFX Application Thread] DEBUG GameScene            - Added MainViewComponent
11:10:29.012 [JavaFX Application Thread] DEBUG GameScene            - Entity added to scene
11:10:29.012 [JavaFX Application Thread] DEBUG GameScene            - Added MainViewComponent
11:10:29.013 [JavaFX Application Thread] DEBUG GameScene            - Entity added to scene
11:10:29.013 [JavaFX Application Thread] DEBUG GameScene            - Added MainViewComponent
11:10:29.013 [JavaFX Application Thread] DEBUG GameScene            - Entity added to scene
11:10:29.013 [JavaFX Application Thread] DEBUG GameScene            - Added MainViewComponent
11:10:29.013 [JavaFX Application Thread] DEBUG GameScene            - Entity added to scene
11:10:29.013 [JavaFX Application Thread] DEBUG GameScene            - Added MainViewComponent
11:10:29.013 [JavaFX Application Thread] DEBUG GameScene            - Entity added to scene
11:10:29.013 [JavaFX Application Thread] DEBUG GameScene            - Added MainViewComponent
11:10:29.013 [JavaFX Application Thread] DEBUG GameScene            - Entity added to scene
11:10:29.013 [JavaFX Application Thread] DEBUG GameScene            - Added MainViewComponent
11:10:29.014 [JavaFX Application Thread] DEBUG GameScene            - Entity added to scene
11:10:29.014 [JavaFX Application Thread] DEBUG GameScene            - Added MainViewComponent
11:10:29.014 [JavaFX Application Thread] DEBUG GameScene            - Entity added to scene
11:10:29.014 [JavaFX Application Thread] DEBUG GameScene            - Added MainViewComponent
11:10:29.014 [JavaFX Application Thread] DEBUG GameScene            - Entity added to scene
11:10:29.014 [JavaFX Application Thread] DEBUG GameScene            - Added MainViewComponent
11:10:29.014 [JavaFX Application Thread] DEBUG GameScene            - Entity added to scene
11:10:29.014 [JavaFX Application Thread] DEBUG GameScene            - Added MainViewComponent
11:10:29.015 [JavaFX Application Thread] DEBUG GameScene            - Entity added to scene
11:10:29.015 [JavaFX Application Thread] DEBUG GameScene            - Added MainViewComponent
11:10:29.015 [JavaFX Application Thread] DEBUG GameScene            - Entity added to scene
11:10:29.015 [JavaFX Application Thread] DEBUG GameScene            - Added MainViewComponent
11:10:29.015 [JavaFX Application Thread] DEBUG GameScene            - Entity added to scene
11:10:29.015 [JavaFX Application Thread] DEBUG GameScene            - Added MainViewComponent
11:10:29.016 [JavaFX Application Thread] DEBUG GameScene            - Entity added to scene
11:10:29.016 [JavaFX Application Thread] DEBUG GameScene            - Added MainViewComponent
11:10:29.016 [JavaFX Application Thread] DEBUG GameScene            - Entity added to scene
11:10:29.016 [JavaFX Application Thread] DEBUG GameScene            - Added MainViewComponent
11:10:29.016 [JavaFX Application Thread] DEBUG GameScene            - Entity added to scene
11:10:29.016 [JavaFX Application Thread] DEBUG GameScene            - Added MainViewComponent
11:10:29.017 [JavaFX Application Thread] DEBUG GameScene            - Entity added to scene
11:10:29.017 [JavaFX Application Thread] DEBUG GameScene            - Added MainViewComponent
11:10:29.017 [JavaFX Application Thread] DEBUG GameScene            - Entity added to scene
11:10:29.017 [JavaFX Application Thread] DEBUG GameScene            - Added MainViewComponent
11:10:29.017 [JavaFX Application Thread] DEBUG GameScene            - Entity added to scene
11:10:29.017 [JavaFX Application Thread] DEBUG GameScene            - Added MainViewComponent
11:10:29.018 [JavaFX Application Thread] DEBUG GameScene            - Entity added to scene
11:10:29.018 [JavaFX Application Thread] DEBUG GameScene            - Added MainViewComponent
11:10:29.018 [JavaFX Application Thread] DEBUG GameScene            - Entity added to scene
11:10:29.018 [JavaFX Application Thread] DEBUG GameScene            - Added MainViewComponent
11:10:29.018 [JavaFX Application Thread] DEBUG GameScene            - Entity added to scene
11:10:29.018 [JavaFX Application Thread] DEBUG GameScene            - Added MainViewComponent
11:10:29.018 [JavaFX Application Thread] DEBUG GameScene            - Entity added to scene
11:10:29.018 [JavaFX Application Thread] DEBUG GameScene            - Added MainViewComponent
11:10:29.019 [JavaFX Application Thread] DEBUG GameScene            - Entity added to scene
11:10:29.019 [JavaFX Application Thread] DEBUG GameScene            - Added MainViewComponent
11:10:29.019 [JavaFX Application Thread] DEBUG GameScene            - Entity added to scene
11:10:29.019 [JavaFX Application Thread] DEBUG GameScene            - Added MainViewComponent
11:10:29.019 [JavaFX Application Thread] DEBUG GameScene            - Entity added to scene
11:10:29.019 [JavaFX Application Thread] DEBUG GameScene            - Added MainViewComponent
11:10:29.019 [JavaFX Application Thread] DEBUG GameScene            - Entity added to scene
11:10:29.019 [JavaFX Application Thread] DEBUG GameScene            - Added MainViewComponent
11:10:29.019 [JavaFX Application Thread] DEBUG GameScene            - Entity added to scene
11:10:29.020 [JavaFX Application Thread] DEBUG GameScene            - Added MainViewComponent
11:10:29.020 [JavaFX Application Thread] DEBUG GameScene            - Entity added to scene
11:10:29.020 [JavaFX Application Thread] DEBUG GameScene            - Added MainViewComponent
11:10:29.020 [JavaFX Application Thread] DEBUG GameScene            - Entity added to scene
11:10:29.020 [JavaFX Application Thread] DEBUG GameScene            - Added MainViewComponent
11:10:29.020 [JavaFX Application Thread] DEBUG GameScene            - Entity added to scene
11:10:29.020 [JavaFX Application Thread] DEBUG GameScene            - Added MainViewComponent
11:10:29.020 [JavaFX Application Thread] DEBUG GameScene            - Entity added to scene
11:10:29.020 [JavaFX Application Thread] DEBUG GameScene            - Added MainViewComponent
11:10:29.021 [JavaFX Application Thread] DEBUG GameScene            - Entity added to scene
11:10:29.021 [JavaFX Application Thread] DEBUG GameScene            - Added MainViewComponent
11:10:29.021 [JavaFX Application Thread] DEBUG GameScene            - Entity added to scene
11:10:29.021 [JavaFX Application Thread] DEBUG GameScene            - Added MainViewComponent
11:10:29.021 [JavaFX Application Thread] DEBUG GameScene            - Entity added to scene
11:10:29.021 [JavaFX Application Thread] DEBUG GameScene            - Added MainViewComponent
11:10:29.021 [JavaFX Application Thread] DEBUG GameScene            - Entity added to scene
11:10:29.021 [JavaFX Application Thread] DEBUG GameScene            - Added MainViewComponent
11:10:29.022 [JavaFX Application Thread] DEBUG GameScene            - Entity added to scene
11:10:29.022 [JavaFX Application Thread] DEBUG GameScene            - Added MainViewComponent
11:10:29.022 [JavaFX Application Thread] DEBUG GameScene            - Entity added to scene
11:10:29.022 [JavaFX Application Thread] DEBUG GameScene            - Added MainViewComponent
11:10:29.022 [JavaFX Application Thread] DEBUG GameScene            - Entity added to scene
11:10:29.022 [JavaFX Application Thread] DEBUG GameScene            - Added MainViewComponent
11:10:29.022 [JavaFX Application Thread] DEBUG GameScene            - Entity added to scene
11:10:29.022 [JavaFX Application Thread] DEBUG GameScene            - Added MainViewComponent
11:10:29.022 [JavaFX Application Thread] DEBUG GameScene            - Entity added to scene
11:10:29.023 [JavaFX Application Thread] DEBUG GameScene            - Added MainViewComponent
11:10:29.023 [JavaFX Application Thread] DEBUG GameScene            - Creating render group for layer: TOP(2147483647)
11:10:29.023 [JavaFX Application Thread] DEBUG GameScene            - Entity added to scene
11:10:29.023 [JavaFX Application Thread] DEBUG GameScene            - Added MainViewComponent
11:10:29.023 [JavaFX Application Thread] DEBUG GameScene            - Entity added to scene
11:10:29.023 [JavaFX Application Thread] DEBUG GameScene            - Added MainViewComponent
11:10:29.028 [JavaFX Application Thread] DEBUG GameScene            - Entity added to scene
11:10:29.028 [JavaFX Application Thread] DEBUG GameScene            - Added MainViewComponent
11:10:29.028 [JavaFX Application Thread] DEBUG GameScene            - Entity added to scene
11:10:29.028 [JavaFX Application Thread] DEBUG GameScene            - Added MainViewComponent
11:10:29.028 [JavaFX Application Thread] DEBUG GameScene            - Entity added to scene
11:10:29.028 [JavaFX Application Thread] DEBUG GameScene            - Added MainViewComponent
11:10:29.029 [JavaFX Application Thread] DEBUG GameScene            - Entity added to scene
11:10:29.029 [JavaFX Application Thread] DEBUG GameScene            - Added MainViewComponent
11:10:29.029 [JavaFX Application Thread] DEBUG GameScene            - Entity added to scene
11:10:29.029 [JavaFX Application Thread] DEBUG GameScene            - Added MainViewComponent
11:10:29.029 [JavaFX Application Thread] DEBUG GameScene            - Entity added to scene
11:10:29.029 [JavaFX Application Thread] DEBUG GameScene            - Added MainViewComponent
11:10:29.029 [JavaFX Application Thread] DEBUG GameScene            - Entity added to scene
11:10:29.029 [JavaFX Application Thread] DEBUG GameScene            - Added MainViewComponent
11:10:29.029 [JavaFX Application Thread] DEBUG GameScene            - Entity added to scene
11:10:29.029 [JavaFX Application Thread] DEBUG GameScene            - Added MainViewComponent
11:10:29.030 [JavaFX Application Thread] DEBUG GameScene            - Entity added to scene
11:10:29.030 [JavaFX Application Thread] DEBUG GameScene            - Added MainViewComponent
11:10:29.030 [JavaFX Application Thread] DEBUG GameScene            - Entity added to scene
11:10:29.030 [JavaFX Application Thread] DEBUG GameScene            - Added MainViewComponent
11:10:29.030 [JavaFX Application Thread] DEBUG GameScene            - Entity added to scene
11:10:29.030 [JavaFX Application Thread] DEBUG GameScene            - Added MainViewComponent
11:10:29.030 [JavaFX Application Thread] DEBUG GameScene            - Entity added to scene
11:10:29.030 [JavaFX Application Thread] DEBUG GameScene            - Added MainViewComponent
11:10:29.030 [JavaFX Application Thread] DEBUG GameScene            - Entity added to scene
11:10:29.030 [JavaFX Application Thread] DEBUG GameScene            - Added MainViewComponent
11:10:29.031 [JavaFX Application Thread] DEBUG GameScene            - Entity added to scene
11:10:29.031 [JavaFX Application Thread] DEBUG GameScene            - Added MainViewComponent
11:10:29.031 [JavaFX Application Thread] DEBUG GameScene            - Entity added to scene
11:10:29.031 [JavaFX Application Thread] DEBUG GameScene            - Added MainViewComponent
11:10:29.031 [JavaFX Application Thread] DEBUG GameScene            - Entity added to scene
11:10:29.031 [JavaFX Application Thread] DEBUG GameScene            - Added MainViewComponent
11:10:29.031 [JavaFX Application Thread] DEBUG GameScene            - Entity added to scene
11:10:29.031 [JavaFX Application Thread] DEBUG GameScene            - Added MainViewComponent
11:10:29.031 [JavaFX Application Thread] DEBUG GameScene            - Entity added to scene
11:10:29.031 [JavaFX Application Thread] DEBUG GameScene            - Added MainViewComponent
11:10:29.032 [JavaFX Application Thread] DEBUG GameScene            - Entity added to scene
11:10:29.032 [JavaFX Application Thread] DEBUG GameScene            - Added MainViewComponent
11:10:29.032 [JavaFX Application Thread] DEBUG GameScene            - Entity added to scene
11:10:29.032 [JavaFX Application Thread] DEBUG GameScene            - Added MainViewComponent
11:10:29.033 [JavaFX Application Thread] DEBUG GameScene            - Entity added to scene
11:10:29.033 [JavaFX Application Thread] DEBUG GameScene            - Added MainViewComponent
11:10:29.033 [JavaFX Application Thread] DEBUG GameScene            - Entity added to scene
11:10:29.033 [JavaFX Application Thread] DEBUG GameScene            - Added MainViewComponent
11:10:29.033 [JavaFX Application Thread] DEBUG GameScene            - Entity added to scene
11:10:29.033 [JavaFX Application Thread] DEBUG GameScene            - Added MainViewComponent
11:10:29.034 [JavaFX Application Thread] DEBUG GameScene            - Entity added to scene
11:10:29.034 [JavaFX Application Thread] DEBUG GameScene            - Added MainViewComponent
11:10:29.034 [JavaFX Application Thread] DEBUG GameScene            - Entity added to scene
11:10:29.034 [JavaFX Application Thread] DEBUG GameScene            - Added MainViewComponent
11:10:29.035 [JavaFX Application Thread] DEBUG GameScene            - Entity added to scene
11:10:29.035 [JavaFX Application Thread] DEBUG GameScene            - Added MainViewComponent
11:10:29.035 [JavaFX Application Thread] DEBUG GameScene            - Entity added to scene
11:10:29.035 [JavaFX Application Thread] DEBUG GameScene            - Added MainViewComponent
11:10:29.035 [JavaFX Application Thread] DEBUG GameScene            - Entity added to scene
11:10:29.035 [JavaFX Application Thread] DEBUG GameScene            - Added MainViewComponent
11:10:29.035 [JavaFX Application Thread] DEBUG GameScene            - Entity added to scene
11:10:29.035 [JavaFX Application Thread] DEBUG GameScene            - Added MainViewComponent
11:10:29.036 [JavaFX Application Thread] DEBUG GameScene            - Entity added to scene
11:10:29.036 [JavaFX Application Thread] DEBUG GameScene            - Added MainViewComponent
11:10:29.036 [JavaFX Application Thread] DEBUG GameScene            - Entity added to scene
11:10:29.036 [JavaFX Application Thread] DEBUG GameScene            - Added MainViewComponent
11:10:29.036 [JavaFX Application Thread] DEBUG GameScene            - Entity added to scene
11:10:29.036 [JavaFX Application Thread] DEBUG GameScene            - Added MainViewComponent
11:10:29.036 [JavaFX Application Thread] DEBUG GameScene            - Entity added to scene
11:10:29.036 [JavaFX Application Thread] DEBUG GameScene            - Added MainViewComponent
11:10:29.036 [JavaFX Application Thread] DEBUG GameScene            - Entity added to scene
11:10:29.036 [JavaFX Application Thread] DEBUG GameScene            - Added MainViewComponent
11:10:29.037 [JavaFX Application Thread] DEBUG GameScene            - Entity added to scene
11:10:29.037 [JavaFX Application Thread] DEBUG GameScene            - Added MainViewComponent
11:10:29.037 [JavaFX Application Thread] DEBUG GameScene            - Entity added to scene
11:10:29.037 [JavaFX Application Thread] DEBUG GameScene            - Added MainViewComponent
11:10:29.037 [JavaFX Application Thread] DEBUG GameScene            - Entity added to scene
11:10:29.037 [JavaFX Application Thread] DEBUG GameScene            - Added MainViewComponent
11:10:29.037 [JavaFX Application Thread] DEBUG GameScene            - Entity added to scene
11:10:29.037 [JavaFX Application Thread] DEBUG GameScene            - Added MainViewComponent
11:10:29.037 [JavaFX Application Thread] DEBUG GameScene            - Entity added to scene
11:10:29.037 [JavaFX Application Thread] DEBUG GameScene            - Added MainViewComponent
11:10:29.037 [JavaFX Application Thread] DEBUG GameScene            - Entity added to scene
11:10:29.038 [JavaFX Application Thread] DEBUG GameScene            - Added MainViewComponent
11:10:29.038 [JavaFX Application Thread] DEBUG GameScene            - Entity added to scene
11:10:29.038 [JavaFX Application Thread] DEBUG GameScene            - Added MainViewComponent
11:10:29.038 [JavaFX Application Thread] DEBUG GameScene            - Entity added to scene
11:10:29.038 [JavaFX Application Thread] DEBUG GameScene            - Added MainViewComponent
11:10:29.038 [JavaFX Application Thread] DEBUG GameScene            - Entity added to scene
11:10:29.038 [JavaFX Application Thread] DEBUG GameScene            - Added MainViewComponent
11:10:29.038 [JavaFX Application Thread] DEBUG GameScene            - Entity added to scene
11:10:29.038 [JavaFX Application Thread] DEBUG GameScene            - Added MainViewComponent
11:10:29.039 [JavaFX Application Thread] DEBUG GameScene            - Entity added to scene
11:10:29.039 [JavaFX Application Thread] DEBUG GameScene            - Added MainViewComponent
11:10:29.039 [JavaFX Application Thread] DEBUG GameScene            - Entity added to scene
11:10:29.039 [JavaFX Application Thread] DEBUG GameScene            - Added MainViewComponent
11:10:29.039 [JavaFX Application Thread] DEBUG GameScene            - Entity added to scene
11:10:29.039 [JavaFX Application Thread] DEBUG GameScene            - Added MainViewComponent
11:10:29.039 [JavaFX Application Thread] DEBUG GameScene            - Entity added to scene
11:10:29.039 [JavaFX Application Thread] DEBUG GameScene            - Added MainViewComponent
11:10:29.040 [JavaFX Application Thread] DEBUG GameScene            - Entity added to scene
11:10:29.040 [JavaFX Application Thread] DEBUG GameScene            - Added MainViewComponent
11:10:29.040 [JavaFX Application Thread] DEBUG GameScene            - Entity added to scene
11:10:29.040 [JavaFX Application Thread] DEBUG GameScene            - Added MainViewComponent
11:10:29.040 [JavaFX Application Thread] DEBUG GameScene            - Entity added to scene
11:10:29.040 [JavaFX Application Thread] DEBUG GameScene            - Added MainViewComponent
11:10:29.040 [JavaFX Application Thread] DEBUG GameScene            - Entity added to scene
11:10:29.040 [JavaFX Application Thread] DEBUG GameScene            - Added MainViewComponent
11:10:29.040 [JavaFX Application Thread] DEBUG GameScene            - Entity added to scene
11:10:29.040 [JavaFX Application Thread] DEBUG GameScene            - Added MainViewComponent
11:10:29.041 [JavaFX Application Thread] DEBUG GameScene            - Entity added to scene
11:10:29.041 [JavaFX Application Thread] DEBUG GameScene            - Added MainViewComponent
11:10:29.041 [JavaFX Application Thread] DEBUG GameScene            - Entity added to scene
11:10:29.041 [JavaFX Application Thread] DEBUG GameScene            - Added MainViewComponent
11:10:29.041 [JavaFX Application Thread] DEBUG GameScene            - Entity added to scene
11:10:29.041 [JavaFX Application Thread] DEBUG GameScene            - Added MainViewComponent
11:10:29.041 [JavaFX Application Thread] DEBUG GameScene            - Entity added to scene
11:10:29.041 [JavaFX Application Thread] DEBUG GameScene            - Added MainViewComponent
11:10:29.042 [JavaFX Application Thread] DEBUG GameScene            - Entity added to scene
11:10:29.042 [JavaFX Application Thread] DEBUG GameScene            - Added MainViewComponent
11:10:29.042 [JavaFX Application Thread] DEBUG GameScene            - Entity added to scene
11:10:29.042 [JavaFX Application Thread] DEBUG GameScene            - Added MainViewComponent
11:10:29.042 [JavaFX Application Thread] DEBUG GameScene            - Entity added to scene
11:10:29.042 [JavaFX Application Thread] DEBUG GameScene            - Added MainViewComponent
11:10:29.042 [JavaFX Application Thread] DEBUG GameScene            - Entity added to scene
11:10:29.042 [JavaFX Application Thread] DEBUG GameScene            - Added MainViewComponent
11:10:29.042 [JavaFX Application Thread] DEBUG GameScene            - Entity added to scene
11:10:29.042 [JavaFX Application Thread] DEBUG GameScene            - Added MainViewComponent
11:10:29.043 [JavaFX Application Thread] DEBUG GameScene            - Entity added to scene
11:10:29.043 [JavaFX Application Thread] DEBUG GameScene            - Added MainViewComponent
11:10:29.043 [JavaFX Application Thread] DEBUG GameScene            - Entity added to scene
11:10:29.043 [JavaFX Application Thread] DEBUG GameScene            - Added MainViewComponent
11:10:29.043 [JavaFX Application Thread] DEBUG GameScene            - Entity added to scene
11:10:29.043 [JavaFX Application Thread] DEBUG GameScene            - Added MainViewComponent
11:10:29.043 [JavaFX Application Thread] DEBUG GameScene            - Entity added to scene
11:10:29.043 [JavaFX Application Thread] DEBUG GameScene            - Added MainViewComponent
11:10:29.043 [JavaFX Application Thread] DEBUG GameScene            - Entity added to scene
11:10:29.043 [JavaFX Application Thread] DEBUG GameScene            - Added MainViewComponent
11:10:29.044 [JavaFX Application Thread] DEBUG GameScene            - Entity added to scene
11:10:29.044 [JavaFX Application Thread] DEBUG GameScene            - Added MainViewComponent
11:10:29.044 [JavaFX Application Thread] DEBUG GameScene            - Entity added to scene
11:10:29.044 [JavaFX Application Thread] DEBUG GameScene            - Added MainViewComponent
11:10:29.044 [JavaFX Application Thread] DEBUG GameScene            - Entity added to scene
11:10:29.044 [JavaFX Application Thread] DEBUG GameScene            - Added MainViewComponent
11:10:29.044 [JavaFX Application Thread] DEBUG GameScene            - Entity added to scene
11:10:29.044 [JavaFX Application Thread] DEBUG GameScene            - Added MainViewComponent
11:10:29.045 [JavaFX Application Thread] DEBUG GameScene            - Entity added to scene
11:10:29.045 [JavaFX Application Thread] DEBUG GameScene            - Added MainViewComponent
11:10:29.045 [JavaFX Application Thread] DEBUG GameScene            - Entity added to scene
11:10:29.045 [JavaFX Application Thread] DEBUG GameScene            - Added MainViewComponent
11:10:29.045 [JavaFX Application Thread] DEBUG GameScene            - Entity added to scene
11:10:29.045 [JavaFX Application Thread] DEBUG GameScene            - Added MainViewComponent
11:10:29.045 [JavaFX Application Thread] DEBUG GameScene            - Entity added to scene
11:10:29.045 [JavaFX Application Thread] DEBUG GameScene            - Added MainViewComponent
11:10:29.045 [JavaFX Application Thread] DEBUG GameScene            - Entity added to scene
11:10:29.045 [JavaFX Application Thread] DEBUG GameScene            - Added MainViewComponent
11:10:29.046 [JavaFX Application Thread] DEBUG GameScene            - Entity added to scene
11:10:29.046 [JavaFX Application Thread] DEBUG GameScene            - Added MainViewComponent
11:10:29.046 [JavaFX Application Thread] DEBUG GameScene            - Entity added to scene
11:10:29.046 [JavaFX Application Thread] DEBUG GameScene            - Added MainViewComponent
11:10:29.046 [JavaFX Application Thread] DEBUG GameScene            - Entity added to scene
11:10:29.046 [JavaFX Application Thread] DEBUG GameScene            - Added MainViewComponent
11:10:29.046 [JavaFX Application Thread] DEBUG GameScene            - Entity added to scene
11:10:29.046 [JavaFX Application Thread] DEBUG GameScene            - Added MainViewComponent
11:10:29.046 [JavaFX Application Thread] DEBUG GameScene            - Entity added to scene
11:10:29.046 [JavaFX Application Thread] DEBUG GameScene            - Added MainViewComponent
11:10:29.046 [JavaFX Application Thread] DEBUG GameScene            - Entity added to scene
11:10:29.046 [JavaFX Application Thread] DEBUG GameScene            - Added MainViewComponent
11:10:29.046 [JavaFX Application Thread] DEBUG GameScene            - Entity added to scene
11:10:29.046 [JavaFX Application Thread] DEBUG GameScene            - Added MainViewComponent
11:10:29.047 [JavaFX Application Thread] DEBUG GameScene            - Entity added to scene
11:10:29.047 [JavaFX Application Thread] DEBUG GameScene            - Added MainViewComponent
11:10:29.047 [JavaFX Application Thread] DEBUG GameScene            - Entity added to scene
11:10:29.047 [JavaFX Application Thread] DEBUG GameScene            - Added MainViewComponent
11:10:29.047 [JavaFX Application Thread] DEBUG GameScene            - Entity added to scene
11:10:29.047 [JavaFX Application Thread] DEBUG GameScene            - Added MainViewComponent
11:10:29.047 [JavaFX Application Thread] DEBUG GameScene            - Entity added to scene
11:10:29.047 [JavaFX Application Thread] DEBUG GameScene            - Added MainViewComponent
11:10:29.047 [JavaFX Application Thread] DEBUG GameScene            - Entity added to scene
11:10:29.047 [JavaFX Application Thread] DEBUG GameScene            - Added MainViewComponent
11:10:29.048 [JavaFX Application Thread] DEBUG GameScene            - Entity added to scene
11:10:29.048 [JavaFX Application Thread] DEBUG GameScene            - Added MainViewComponent
11:10:29.048 [JavaFX Application Thread] DEBUG GameScene            - Entity added to scene
11:10:29.048 [JavaFX Application Thread] DEBUG GameScene            - Added MainViewComponent
11:10:29.048 [JavaFX Application Thread] DEBUG GameScene            - Entity added to scene
11:10:29.048 [JavaFX Application Thread] DEBUG GameScene            - Added MainViewComponent
11:10:29.048 [JavaFX Application Thread] DEBUG GameScene            - Entity added to scene
11:10:29.048 [JavaFX Application Thread] DEBUG GameScene            - Added MainViewComponent
11:10:29.049 [JavaFX Application Thread] DEBUG GameScene            - Entity added to scene
11:10:29.049 [JavaFX Application Thread] DEBUG GameScene            - Added MainViewComponent
11:10:29.049 [JavaFX Application Thread] DEBUG GameScene            - Entity added to scene
11:10:29.049 [JavaFX Application Thread] DEBUG GameScene            - Added MainViewComponent
11:10:29.049 [JavaFX Application Thread] DEBUG GameScene            - Entity added to scene
11:10:29.049 [JavaFX Application Thread] DEBUG GameScene            - Added MainViewComponent
11:10:29.049 [JavaFX Application Thread] DEBUG GameScene            - Entity added to scene
11:10:29.049 [JavaFX Application Thread] DEBUG GameScene            - Added MainViewComponent
11:10:29.049 [JavaFX Application Thread] DEBUG GameScene            - Entity added to scene
11:10:29.049 [JavaFX Application Thread] DEBUG GameScene            - Added MainViewComponent
11:10:29.050 [JavaFX Application Thread] DEBUG GameScene            - Entity added to scene
11:10:29.050 [JavaFX Application Thread] DEBUG GameScene            - Added MainViewComponent
11:10:29.050 [JavaFX Application Thread] DEBUG GameScene            - Entity added to scene
11:10:29.050 [JavaFX Application Thread] DEBUG GameScene            - Added MainViewComponent
11:10:29.050 [JavaFX Application Thread] DEBUG GameScene            - Entity added to scene
11:10:29.050 [JavaFX Application Thread] DEBUG GameScene            - Added MainViewComponent
11:10:29.050 [JavaFX Application Thread] DEBUG GameScene            - Entity added to scene
11:10:29.050 [JavaFX Application Thread] DEBUG GameScene            - Added MainViewComponent
11:10:29.050 [JavaFX Application Thread] DEBUG GameScene            - Entity added to scene
11:10:29.050 [JavaFX Application Thread] DEBUG GameScene            - Added MainViewComponent
11:10:29.051 [JavaFX Application Thread] DEBUG GameScene            - Entity added to scene
11:10:29.051 [JavaFX Application Thread] DEBUG GameScene            - Added MainViewComponent
11:10:29.051 [JavaFX Application Thread] DEBUG GameScene            - Creating render group for layer: BACKGROUND(0)
11:10:37.798 [JavaFX Application Thread] DEBUG FXGLEventBus         - Firing event: DisplayEvent[type=DIALOG_OPENED]
11:10:37.799 [JavaFX Application Thread] DEBUG FXGLInput            - Clearing active input actions
11:10:37.799 [JavaFX Application Thread] DEBUG FXGLMasterTimer      - Stopping master timer
11:10:37.799 [JavaFX Application Thread] DEBUG GameApplication      - State: PLAYING -> PAUSED
11:10:37.799 [JavaFX Application Thread] DEBUG FXGLEventBus         - Firing event: FXGLEvent[type=PAUSE]
11:10:37.800 [JavaFX Application Thread] DEBUG FXGLInput            - Clearing active input actions
11:10:39.594 [JavaFX Application Thread] DEBUG FXGLEventBus         - Firing event: DisplayEvent[type=DIALOG_CLOSED]
11:10:39.595 [JavaFX Application Thread] DEBUG FXGLInput            - Clearing active input actions
11:10:39.595 [JavaFX Application Thread] DEBUG FXGLMasterTimer      - Starting master timer
11:10:39.595 [JavaFX Application Thread] DEBUG GameApplication      - State: PAUSED -> PLAYING
11:10:39.595 [JavaFX Application Thread] DEBUG FXGLEventBus         - Firing event: FXGLEvent[type=RESUME]
11:10:39.595 [JavaFX Application Thread] DEBUG FXGLEventBus         - Firing event: DisplayEvent[type=CLOSE_REQUEST]
11:10:39.597 [JavaFX Application Thread] DEBUG FXGLEventBus         - Firing event: FXGLEvent[type=EXIT]
11:10:39.597 [JavaFX Application Thread] DEBUG FXGL                 - Saving FXGL system data
11:10:39.601 [JavaFX Application Thread] DEBUG IOTask               - Executing task: writeDataTask(system/fxgl.bundle)
11:10:39.605 [JavaFX Application Thread] DEBUG FS                   - Writing to: system\fxgl.bundle
11:10:39.613 [JavaFX Application Thread] DEBUG IOTask               - Task succeeded: writeDataTask(system/fxgl.bundle)
