15:06:51.435 [FXGL Launcher Thread     ] DEBUG FXGLLoggerFactory    - Service [LoggerFactory] initialized
15:06:51.442 [FXGL Launcher Thread     ] DEBUG FXGL                 - FXGL configuration complete
15:06:51.442 [FXGL Launcher Thread     ] DEBUG FXGL                 - Loading FXGL system data
15:06:51.445 [FXGL Launcher Thread     ] DEBUG IOTask               - Executing task: readDataTask(system/fxgl.bundle)
15:06:51.448 [FXGL Launcher Thread     ] DEBUG FS                   - Reading from: system\fxgl.bundle
15:06:51.454 [FXGL Launcher Thread     ] DEBUG IOTask               - Task succeeded: readDataTask(system/fxgl.bundle)
15:06:51.455 [FXGL Launcher Thread     ] DEBUG Bundle               - Logging bundle: FXGL
15:06:51.455 [FXGL Launcher Thread     ] DEBUG Bundle               - FXGL.offline.timer.version.check=2017-01-18T11:24:23.393
15:06:51.462 [JavaFX Application Thread] DEBUG UpdaterTask          - Checking for updates
15:06:51.543 [JavaFX Application Thread] DEBUG FXGLEventBus         - Service [EventBus] initialized
15:06:51.546 [JavaFX Application Thread] DEBUG FXGLExecutor         - Service [Executor] initialized
15:06:51.547 [JavaFX Application Thread] DEBUG IOTask               - Showing dialog
15:06:51.550 [FXGL Background Thread 1 ] DEBUG IOTask               - Executing task: openStream(https://raw.githubusercontent.com/AlmasB/FXGL/master/pom.xml)
15:06:51.550 [FXGL Background Thread 1 ] DEBUG IOTask               - Executing task: openStream(https://raw.githubusercontent.com/AlmasB/FXGL/master/pom.xml)
15:06:52.109 [JavaFX Application Thread] DEBUG IOTask               - fail(): Dismissing dialog
15:06:52.109 [JavaFX Application Thread] WARN  IOTask               - Task failed: openStream(https://raw.githubusercontent.com/AlmasB/FXGL/master/pom.xml) Error: javax.net.ssl.SSLHandshakeException: sun.security.validator.ValidatorException: PKIX path building failed: sun.security.provider.certpath.SunCertPathBuilderException: unable to find valid certification path to requested target
15:06:52.109 [JavaFX Application Thread] WARN  UpdaterTask          - Failed to find updates: javax.net.ssl.SSLHandshakeException: sun.security.validator.ValidatorException: PKIX path building failed: sun.security.provider.certpath.SunCertPathBuilderException: unable to find valid certification path to requested target
15:06:54.159 [FXGL Launcher Thread     ] DEBUG GameApplication      - Configuring GameApplication
15:06:54.165 [FXGL Launcher Thread     ] DEBUG FXGLExceptionHandler - Service [ExceptionHandler] initialized
15:06:54.165 [FXGL Launcher Thread     ] DEBUG PreInitTask          - Injecting gameWorld & physicsWorld
15:06:54.172 [FXGL Launcher Thread     ] DEBUG GameWorld            - Game world initialized
15:06:54.265 [FXGL Launcher Thread     ] DEBUG FXGLPooler           - Service [Pooler] initialized with default size = 128
15:06:54.265 [FXGL Launcher Thread     ] DEBUG PhysicsWorld         - Physics world initialized: appHeight=840.0, physics.ppm=50.0
15:06:54.268 [FXGL Launcher Thread     ] DEBUG FXGLInput            - Service [Input] initialized
15:06:54.292 [FXGL Launcher Thread     ] DEBUG FXGLInput            - Registered new binding: Screenshot - P
15:06:54.293 [FXGL Launcher Thread     ] DEBUG FXGLInput            - Registered new binding: Dev Options - CTRL+0
15:06:54.294 [FXGL Launcher Thread     ] DEBUG FXGLInput            - Registered new binding: Up - W
15:06:54.294 [FXGL Launcher Thread     ] DEBUG FXGLInput            - Registered new binding: Left - A
15:06:54.295 [FXGL Launcher Thread     ] DEBUG FXGLInput            - Registered new binding: Down - S
15:06:54.295 [FXGL Launcher Thread     ] DEBUG FXGLInput            - Registered new binding: Right - D
15:06:54.319 [FXGL Launcher Thread     ] DEBUG GameScene            - Game scene initialized: 960.0x840.0
15:06:54.325 [FXGL Launcher Thread     ] DEBUG FXGLAssetLoader      - Service [AssetLoader] initialized: cacheSize=35
15:06:54.327 [FXGL Launcher Thread     ] DEBUG FXGLAssetLoader      - Loading from disk: /assets/sounds/system/notification.wav
15:06:54.351 [FXGL Launcher Thread     ] DEBUG FXGLAssetLoader      - Loading from disk: /assets/sounds/menu/select.wav
15:06:54.353 [FXGL Launcher Thread     ] DEBUG FXGLAssetLoader      - Loading from disk: /assets/sounds/menu/back.wav
15:06:54.357 [FXGL Launcher Thread     ] DEBUG FXGLAssetLoader      - Loading from disk: /assets/sounds/menu/press.wav
15:06:54.359 [FXGL Launcher Thread     ] DEBUG FXGLAssetLoader      - Loading from disk: /assets/ui/fonts/Copperplate_Gothic_Light_Regular.ttf
15:06:54.365 [FXGL Launcher Thread     ] DEBUG FXGLAssetLoader      - Loading from disk: /assets/ui/css/fxgl.css
15:06:54.365 [FXGL Launcher Thread     ] DEBUG FXGLAssetLoader      - Loading from disk: /assets/ui/icons/fxgl_icon.png
15:06:54.397 [FXGL Launcher Thread     ] DEBUG FXGLAssetLoader      - Loading from disk: /assets/ui/css/fxgl_dark.css
15:06:54.408 [FXGL Launcher Thread     ] DEBUG FXGLDisplay          - Target size: DoubleProperty [value: 960.0] x DoubleProperty [value: 840.0] @ 1.0
15:06:54.409 [FXGL Launcher Thread     ] DEBUG FXGLDisplay          - New size:    960.0 x 840.0 @ DoubleProperty [value: 1.0]
15:06:54.409 [FXGL Launcher Thread     ] DEBUG FXGLDisplay          - Service [Display] initialized
15:06:54.410 [FXGL Launcher Thread     ] DEBUG FXGLDisplay          - Using CSS: CSS(externalForm=jar:file:/C:/Computer%20Science/Game%20Design/3rd/Pacman/lib/fxgl-0.2.9-uber.jar!/assets/ui/css/fxgl_dark.css)
15:06:54.410 [FXGL Launcher Thread     ] DEBUG InitScenesTask       - Injecting loadingScene & gameScene
15:06:54.434 [FXGL Launcher Thread     ] DEBUG FXGLMasterTimer      - Service [MasterTimer] initialized
15:06:54.439 [FXGL Launcher Thread     ] DEBUG FXGLAudioPlayer      - Service [AudioPlayer] initialized
15:06:54.450 [FXGL Launcher Thread     ] DEBUG GameApplication      - Starting new game
15:06:54.452 [FXGL Launcher Thread     ] DEBUG GameApplication      - Initializing App
15:06:54.455 [FXGL Launcher Thread     ] DEBUG FXGLInput            - Clearing active input actions
15:06:54.456 [FXGL Launcher Thread     ] DEBUG FXGLMasterTimer      - Stopping master timer
15:06:54.456 [FXGL Launcher Thread     ] DEBUG GameApplication      - State: STARTUP -> PAUSED
15:06:54.457 [FXGL Launcher Thread     ] DEBUG FXGLEventBus         - Firing event: FXGLEvent[type=PAUSE]
15:06:54.458 [FXGL Launcher Thread     ] DEBUG FXGLInput            - Clearing active input actions
15:06:54.458 [FXGL Launcher Thread     ] DEBUG FXGLMasterTimer      - Resetting ticks and clearing all actions
15:06:54.458 [FXGL Launcher Thread     ] DEBUG GameWorld            - Resetting game world
15:06:54.458 [FXGL Launcher Thread     ] TRACE EntityWorld          - Resetting entity world
15:06:54.460 [FXGL Launcher Thread     ] DEBUG PhysicsWorld         - Resetting physics world
15:06:54.460 [FXGL Launcher Thread     ] DEBUG GameScene            - Resetting game scene
15:06:54.460 [FXGL Launcher Thread     ] DEBUG FXGLEventBus         - Firing event: FXGLEvent[type=RESET]
15:06:54.530 [FXGL Launcher Thread     ] DEBUG GameApplication      - State: PAUSED -> LOADING
15:06:54.565 [FXGL Background Thread 1 ] DEBUG InitAppTask          - Initializing Assets
15:06:54.567 [FXGL Background Thread 1 ] DEBUG InitAppTask          - Initializing Game
15:06:54.573 [FXGL Background Thread 1 ] DEBUG FXGLAssetLoader      - Loading from disk: /assets/text/level.txt
15:06:54.667 [JavaFX Application Thread] DEBUG FXGLDisplay          - Showing stage
15:06:54.667 [JavaFX Application Thread] DEBUG FXGLDisplay          - Root size: 960.0x840.0
15:06:54.667 [JavaFX Application Thread] DEBUG FXGLDisplay          - Scene size: 960.0x840.0
15:06:54.668 [JavaFX Application Thread] DEBUG FXGLDisplay          - Stage size: 978.0x885.0
15:06:54.931 [FXGL Background Thread 1 ] DEBUG GameWorld            - Resetting game world
15:06:54.931 [FXGL Background Thread 1 ] TRACE EntityWorld          - Resetting entity world
15:06:54.931 [FXGL Background Thread 1 ] DEBUG PhysicsWorld         - Resetting physics world
15:06:54.931 [FXGL Background Thread 1 ] DEBUG GameScene            - Resetting game scene
15:06:54.931 [FXGL Background Thread 1 ] DEBUG GameWorld            - Setting level: com.almasb.fxgl.gameplay.Level@4045ac05
15:06:54.933 [FXGL Background Thread 1 ] DEBUG InitAppTask          - Initializing Physics
15:06:54.934 [FXGL Background Thread 1 ] DEBUG InitAppTask          - Initializing UI
15:06:54.935 [FXGL Background Thread 1 ] DEBUG FXGLAssetLoader      - Loading from disk: /assets/ui/pacman_ui.fxml
15:06:54.988 [FXGL Background Thread 1 ] DEBUG GameScene            - Adding UI node: Pane@6aed5f12
15:06:54.988 [FXGL Background Thread 1 ] DEBUG InitAppTask          - Initialization Complete
15:06:54.990 [JavaFX Application Thread] DEBUG FXGLInput            - Clearing active input actions
15:06:54.991 [JavaFX Application Thread] DEBUG FXGLMasterTimer      - Starting master timer
15:06:54.991 [JavaFX Application Thread] DEBUG GameApplication      - State: LOADING -> PLAYING
15:06:54.998 [JavaFX Application Thread] DEBUG FXGLEventBus         - Firing event: FXGLEvent[type=RESUME]
15:06:55.009 [JavaFX Application Thread] DEBUG GameScene            - Entity added to scene
15:06:55.009 [JavaFX Application Thread] DEBUG GameScene            - Added MainViewComponent
15:06:55.013 [JavaFX Application Thread] DEBUG GameScene            - Creating render group for layer: PLAYGROUND(1073741823)
15:06:55.016 [JavaFX Application Thread] DEBUG GameScene            - Entity added to scene
15:06:55.016 [JavaFX Application Thread] DEBUG GameScene            - Added MainViewComponent
15:06:55.017 [JavaFX Application Thread] DEBUG GameScene            - Entity added to scene
15:06:55.017 [JavaFX Application Thread] DEBUG GameScene            - Added MainViewComponent
15:06:55.017 [JavaFX Application Thread] DEBUG GameScene            - Entity added to scene
15:06:55.017 [JavaFX Application Thread] DEBUG GameScene            - Added MainViewComponent
15:06:55.018 [JavaFX Application Thread] DEBUG GameScene            - Entity added to scene
15:06:55.018 [JavaFX Application Thread] DEBUG GameScene            - Added MainViewComponent
15:06:55.018 [JavaFX Application Thread] DEBUG GameScene            - Entity added to scene
15:06:55.018 [JavaFX Application Thread] DEBUG GameScene            - Added MainViewComponent
15:06:55.019 [JavaFX Application Thread] DEBUG GameScene            - Entity added to scene
15:06:55.019 [JavaFX Application Thread] DEBUG GameScene            - Added MainViewComponent
15:06:55.019 [JavaFX Application Thread] DEBUG GameScene            - Entity added to scene
15:06:55.019 [JavaFX Application Thread] DEBUG GameScene            - Added MainViewComponent
15:06:55.019 [JavaFX Application Thread] DEBUG GameScene            - Entity added to scene
15:06:55.019 [JavaFX Application Thread] DEBUG GameScene            - Added MainViewComponent
15:06:55.020 [JavaFX Application Thread] DEBUG GameScene            - Entity added to scene
15:06:55.020 [JavaFX Application Thread] DEBUG GameScene            - Added MainViewComponent
15:06:55.020 [JavaFX Application Thread] DEBUG GameScene            - Entity added to scene
15:06:55.020 [JavaFX Application Thread] DEBUG GameScene            - Added MainViewComponent
15:06:55.020 [JavaFX Application Thread] DEBUG GameScene            - Entity added to scene
15:06:55.020 [JavaFX Application Thread] DEBUG GameScene            - Added MainViewComponent
15:06:55.021 [JavaFX Application Thread] DEBUG GameScene            - Entity added to scene
15:06:55.021 [JavaFX Application Thread] DEBUG GameScene            - Added MainViewComponent
15:06:55.021 [JavaFX Application Thread] DEBUG GameScene            - Entity added to scene
15:06:55.021 [JavaFX Application Thread] DEBUG GameScene            - Added MainViewComponent
15:06:55.021 [JavaFX Application Thread] DEBUG GameScene            - Entity added to scene
15:06:55.021 [JavaFX Application Thread] DEBUG GameScene            - Added MainViewComponent
15:06:55.021 [JavaFX Application Thread] DEBUG GameScene            - Entity added to scene
15:06:55.021 [JavaFX Application Thread] DEBUG GameScene            - Added MainViewComponent
15:06:55.022 [JavaFX Application Thread] DEBUG GameScene            - Entity added to scene
15:06:55.022 [JavaFX Application Thread] DEBUG GameScene            - Added MainViewComponent
15:06:55.022 [JavaFX Application Thread] DEBUG GameScene            - Entity added to scene
15:06:55.022 [JavaFX Application Thread] DEBUG GameScene            - Added MainViewComponent
15:06:55.022 [JavaFX Application Thread] DEBUG GameScene            - Entity added to scene
15:06:55.022 [JavaFX Application Thread] DEBUG GameScene            - Added MainViewComponent
15:06:55.022 [JavaFX Application Thread] DEBUG GameScene            - Entity added to scene
15:06:55.022 [JavaFX Application Thread] DEBUG GameScene            - Added MainViewComponent
15:06:55.023 [JavaFX Application Thread] DEBUG GameScene            - Entity added to scene
15:06:55.023 [JavaFX Application Thread] DEBUG GameScene            - Added MainViewComponent
15:06:55.023 [JavaFX Application Thread] DEBUG GameScene            - Entity added to scene
15:06:55.023 [JavaFX Application Thread] DEBUG GameScene            - Added MainViewComponent
15:06:55.023 [JavaFX Application Thread] DEBUG GameScene            - Entity added to scene
15:06:55.023 [JavaFX Application Thread] DEBUG GameScene            - Added MainViewComponent
15:06:55.023 [JavaFX Application Thread] DEBUG GameScene            - Entity added to scene
15:06:55.023 [JavaFX Application Thread] DEBUG GameScene            - Added MainViewComponent
15:06:55.024 [JavaFX Application Thread] DEBUG GameScene            - Entity added to scene
15:06:55.024 [JavaFX Application Thread] DEBUG GameScene            - Added MainViewComponent
15:06:55.024 [JavaFX Application Thread] DEBUG GameScene            - Entity added to scene
15:06:55.024 [JavaFX Application Thread] DEBUG GameScene            - Added MainViewComponent
15:06:55.024 [JavaFX Application Thread] DEBUG GameScene            - Entity added to scene
15:06:55.024 [JavaFX Application Thread] DEBUG GameScene            - Added MainViewComponent
15:06:55.024 [JavaFX Application Thread] DEBUG GameScene            - Entity added to scene
15:06:55.024 [JavaFX Application Thread] DEBUG GameScene            - Added MainViewComponent
15:06:55.025 [JavaFX Application Thread] DEBUG GameScene            - Entity added to scene
15:06:55.025 [JavaFX Application Thread] DEBUG GameScene            - Added MainViewComponent
15:06:55.025 [JavaFX Application Thread] DEBUG GameScene            - Entity added to scene
15:06:55.025 [JavaFX Application Thread] DEBUG GameScene            - Added MainViewComponent
15:06:55.025 [JavaFX Application Thread] DEBUG GameScene            - Entity added to scene
15:06:55.025 [JavaFX Application Thread] DEBUG GameScene            - Added MainViewComponent
15:06:55.026 [JavaFX Application Thread] DEBUG GameScene            - Entity added to scene
15:06:55.026 [JavaFX Application Thread] DEBUG GameScene            - Added MainViewComponent
15:06:55.026 [JavaFX Application Thread] DEBUG GameScene            - Entity added to scene
15:06:55.026 [JavaFX Application Thread] DEBUG GameScene            - Added MainViewComponent
15:06:55.027 [JavaFX Application Thread] DEBUG GameScene            - Entity added to scene
15:06:55.027 [JavaFX Application Thread] DEBUG GameScene            - Added MainViewComponent
15:06:55.027 [JavaFX Application Thread] DEBUG GameScene            - Entity added to scene
15:06:55.027 [JavaFX Application Thread] DEBUG GameScene            - Added MainViewComponent
15:06:55.027 [JavaFX Application Thread] DEBUG GameScene            - Creating render group for layer: TOP(2147483647)
15:06:55.028 [JavaFX Application Thread] DEBUG GameScene            - Entity added to scene
15:06:55.029 [JavaFX Application Thread] DEBUG GameScene            - Added MainViewComponent
15:06:55.029 [JavaFX Application Thread] DEBUG GameScene            - Entity added to scene
15:06:55.030 [JavaFX Application Thread] DEBUG GameScene            - Added MainViewComponent
15:06:55.030 [JavaFX Application Thread] DEBUG GameScene            - Entity added to scene
15:06:55.030 [JavaFX Application Thread] DEBUG GameScene            - Added MainViewComponent
15:06:55.030 [JavaFX Application Thread] DEBUG GameScene            - Entity added to scene
15:06:55.031 [JavaFX Application Thread] DEBUG GameScene            - Added MainViewComponent
15:06:55.031 [JavaFX Application Thread] DEBUG GameScene            - Entity added to scene
15:06:55.031 [JavaFX Application Thread] DEBUG GameScene            - Added MainViewComponent
15:06:55.031 [JavaFX Application Thread] DEBUG GameScene            - Entity added to scene
15:06:55.031 [JavaFX Application Thread] DEBUG GameScene            - Added MainViewComponent
15:06:55.031 [JavaFX Application Thread] DEBUG GameScene            - Entity added to scene
15:06:55.031 [JavaFX Application Thread] DEBUG GameScene            - Added MainViewComponent
15:06:55.031 [JavaFX Application Thread] DEBUG GameScene            - Entity added to scene
15:06:55.031 [JavaFX Application Thread] DEBUG GameScene            - Added MainViewComponent
15:06:55.032 [JavaFX Application Thread] DEBUG GameScene            - Entity added to scene
15:06:55.032 [JavaFX Application Thread] DEBUG GameScene            - Added MainViewComponent
15:06:55.032 [JavaFX Application Thread] DEBUG GameScene            - Entity added to scene
15:06:55.032 [JavaFX Application Thread] DEBUG GameScene            - Added MainViewComponent
15:06:55.032 [JavaFX Application Thread] DEBUG GameScene            - Entity added to scene
15:06:55.033 [JavaFX Application Thread] DEBUG GameScene            - Added MainViewComponent
15:06:55.033 [JavaFX Application Thread] DEBUG GameScene            - Entity added to scene
15:06:55.033 [JavaFX Application Thread] DEBUG GameScene            - Added MainViewComponent
15:06:55.033 [JavaFX Application Thread] DEBUG GameScene            - Entity added to scene
15:06:55.033 [JavaFX Application Thread] DEBUG GameScene            - Added MainViewComponent
15:06:55.034 [JavaFX Application Thread] DEBUG GameScene            - Entity added to scene
15:06:55.034 [JavaFX Application Thread] DEBUG GameScene            - Added MainViewComponent
15:06:55.034 [JavaFX Application Thread] DEBUG GameScene            - Entity added to scene
15:06:55.034 [JavaFX Application Thread] DEBUG GameScene            - Added MainViewComponent
15:06:55.035 [JavaFX Application Thread] DEBUG GameScene            - Entity added to scene
15:06:55.035 [JavaFX Application Thread] DEBUG GameScene            - Added MainViewComponent
15:06:55.035 [JavaFX Application Thread] DEBUG GameScene            - Entity added to scene
15:06:55.035 [JavaFX Application Thread] DEBUG GameScene            - Added MainViewComponent
15:06:55.035 [JavaFX Application Thread] DEBUG GameScene            - Entity added to scene
15:06:55.036 [JavaFX Application Thread] DEBUG GameScene            - Added MainViewComponent
15:06:55.036 [JavaFX Application Thread] DEBUG GameScene            - Entity added to scene
15:06:55.036 [JavaFX Application Thread] DEBUG GameScene            - Added MainViewComponent
15:06:55.036 [JavaFX Application Thread] DEBUG GameScene            - Entity added to scene
15:06:55.036 [JavaFX Application Thread] DEBUG GameScene            - Added MainViewComponent
15:06:55.036 [JavaFX Application Thread] DEBUG GameScene            - Entity added to scene
15:06:55.036 [JavaFX Application Thread] DEBUG GameScene            - Added MainViewComponent
15:06:55.036 [JavaFX Application Thread] DEBUG GameScene            - Entity added to scene
15:06:55.036 [JavaFX Application Thread] DEBUG GameScene            - Added MainViewComponent
15:06:55.037 [JavaFX Application Thread] DEBUG GameScene            - Entity added to scene
15:06:55.037 [JavaFX Application Thread] DEBUG GameScene            - Added MainViewComponent
15:06:55.037 [JavaFX Application Thread] DEBUG GameScene            - Entity added to scene
15:06:55.037 [JavaFX Application Thread] DEBUG GameScene            - Added MainViewComponent
15:06:55.037 [JavaFX Application Thread] DEBUG GameScene            - Entity added to scene
15:06:55.037 [JavaFX Application Thread] DEBUG GameScene            - Added MainViewComponent
15:06:55.037 [JavaFX Application Thread] DEBUG GameScene            - Entity added to scene
15:06:55.037 [JavaFX Application Thread] DEBUG GameScene            - Added MainViewComponent
15:06:55.038 [JavaFX Application Thread] DEBUG GameScene            - Entity added to scene
15:06:55.038 [JavaFX Application Thread] DEBUG GameScene            - Added MainViewComponent
15:06:55.038 [JavaFX Application Thread] DEBUG GameScene            - Entity added to scene
15:06:55.038 [JavaFX Application Thread] DEBUG GameScene            - Added MainViewComponent
15:06:55.038 [JavaFX Application Thread] DEBUG GameScene            - Entity added to scene
15:06:55.038 [JavaFX Application Thread] DEBUG GameScene            - Added MainViewComponent
15:06:55.038 [JavaFX Application Thread] DEBUG GameScene            - Entity added to scene
15:06:55.038 [JavaFX Application Thread] DEBUG GameScene            - Added MainViewComponent
15:06:55.039 [JavaFX Application Thread] DEBUG GameScene            - Entity added to scene
15:06:55.039 [JavaFX Application Thread] DEBUG GameScene            - Added MainViewComponent
15:06:55.039 [JavaFX Application Thread] DEBUG GameScene            - Entity added to scene
15:06:55.039 [JavaFX Application Thread] DEBUG GameScene            - Added MainViewComponent
15:06:55.039 [JavaFX Application Thread] DEBUG GameScene            - Entity added to scene
15:06:55.039 [JavaFX Application Thread] DEBUG GameScene            - Added MainViewComponent
15:06:55.039 [JavaFX Application Thread] DEBUG GameScene            - Entity added to scene
15:06:55.039 [JavaFX Application Thread] DEBUG GameScene            - Added MainViewComponent
15:06:55.039 [JavaFX Application Thread] DEBUG GameScene            - Entity added to scene
15:06:55.039 [JavaFX Application Thread] DEBUG GameScene            - Added MainViewComponent
15:06:55.040 [JavaFX Application Thread] DEBUG GameScene            - Entity added to scene
15:06:55.040 [JavaFX Application Thread] DEBUG GameScene            - Added MainViewComponent
15:06:55.040 [JavaFX Application Thread] DEBUG GameScene            - Entity added to scene
15:06:55.040 [JavaFX Application Thread] DEBUG GameScene            - Added MainViewComponent
15:06:55.040 [JavaFX Application Thread] DEBUG GameScene            - Entity added to scene
15:06:55.040 [JavaFX Application Thread] DEBUG GameScene            - Added MainViewComponent
15:06:55.041 [JavaFX Application Thread] DEBUG GameScene            - Entity added to scene
15:06:55.041 [JavaFX Application Thread] DEBUG GameScene            - Added MainViewComponent
15:06:55.041 [JavaFX Application Thread] DEBUG GameScene            - Entity added to scene
15:06:55.041 [JavaFX Application Thread] DEBUG GameScene            - Added MainViewComponent
15:06:55.041 [JavaFX Application Thread] DEBUG GameScene            - Entity added to scene
15:06:55.041 [JavaFX Application Thread] DEBUG GameScene            - Added MainViewComponent
15:06:55.042 [JavaFX Application Thread] DEBUG GameScene            - Entity added to scene
15:06:55.042 [JavaFX Application Thread] DEBUG GameScene            - Added MainViewComponent
15:06:55.042 [JavaFX Application Thread] DEBUG GameScene            - Entity added to scene
15:06:55.042 [JavaFX Application Thread] DEBUG GameScene            - Added MainViewComponent
15:06:55.043 [JavaFX Application Thread] DEBUG GameScene            - Entity added to scene
15:06:55.043 [JavaFX Application Thread] DEBUG GameScene            - Added MainViewComponent
15:06:55.043 [JavaFX Application Thread] DEBUG GameScene            - Entity added to scene
15:06:55.043 [JavaFX Application Thread] DEBUG GameScene            - Added MainViewComponent
15:06:55.043 [JavaFX Application Thread] DEBUG GameScene            - Entity added to scene
15:06:55.043 [JavaFX Application Thread] DEBUG GameScene            - Added MainViewComponent
15:06:55.044 [JavaFX Application Thread] DEBUG GameScene            - Entity added to scene
15:06:55.044 [JavaFX Application Thread] DEBUG GameScene            - Added MainViewComponent
15:06:55.044 [JavaFX Application Thread] DEBUG GameScene            - Entity added to scene
15:06:55.044 [JavaFX Application Thread] DEBUG GameScene            - Added MainViewComponent
15:06:55.045 [JavaFX Application Thread] DEBUG GameScene            - Entity added to scene
15:06:55.045 [JavaFX Application Thread] DEBUG GameScene            - Added MainViewComponent
15:06:55.045 [JavaFX Application Thread] DEBUG GameScene            - Entity added to scene
15:06:55.045 [JavaFX Application Thread] DEBUG GameScene            - Added MainViewComponent
15:06:55.045 [JavaFX Application Thread] DEBUG GameScene            - Entity added to scene
15:06:55.046 [JavaFX Application Thread] DEBUG GameScene            - Added MainViewComponent
15:06:55.046 [JavaFX Application Thread] DEBUG GameScene            - Entity added to scene
15:06:55.046 [JavaFX Application Thread] DEBUG GameScene            - Added MainViewComponent
15:06:55.046 [JavaFX Application Thread] DEBUG GameScene            - Entity added to scene
15:06:55.046 [JavaFX Application Thread] DEBUG GameScene            - Added MainViewComponent
15:06:55.047 [JavaFX Application Thread] DEBUG GameScene            - Entity added to scene
15:06:55.047 [JavaFX Application Thread] DEBUG GameScene            - Added MainViewComponent
15:06:55.047 [JavaFX Application Thread] DEBUG GameScene            - Entity added to scene
15:06:55.047 [JavaFX Application Thread] DEBUG GameScene            - Added MainViewComponent
15:06:55.048 [JavaFX Application Thread] DEBUG GameScene            - Entity added to scene
15:06:55.048 [JavaFX Application Thread] DEBUG GameScene            - Added MainViewComponent
15:06:55.048 [JavaFX Application Thread] DEBUG GameScene            - Entity added to scene
15:06:55.048 [JavaFX Application Thread] DEBUG GameScene            - Added MainViewComponent
15:06:55.049 [JavaFX Application Thread] DEBUG GameScene            - Entity added to scene
15:06:55.049 [JavaFX Application Thread] DEBUG GameScene            - Added MainViewComponent
15:06:55.049 [JavaFX Application Thread] DEBUG GameScene            - Entity added to scene
15:06:55.049 [JavaFX Application Thread] DEBUG GameScene            - Added MainViewComponent
15:06:55.050 [JavaFX Application Thread] DEBUG GameScene            - Entity added to scene
15:06:55.050 [JavaFX Application Thread] DEBUG GameScene            - Added MainViewComponent
15:06:55.050 [JavaFX Application Thread] DEBUG GameScene            - Entity added to scene
15:06:55.050 [JavaFX Application Thread] DEBUG GameScene            - Added MainViewComponent
15:06:55.050 [JavaFX Application Thread] DEBUG GameScene            - Entity added to scene
15:06:55.050 [JavaFX Application Thread] DEBUG GameScene            - Added MainViewComponent
15:06:55.051 [JavaFX Application Thread] DEBUG GameScene            - Entity added to scene
15:06:55.051 [JavaFX Application Thread] DEBUG GameScene            - Added MainViewComponent
15:06:55.051 [JavaFX Application Thread] DEBUG GameScene            - Entity added to scene
15:06:55.051 [JavaFX Application Thread] DEBUG GameScene            - Added MainViewComponent
15:06:55.052 [JavaFX Application Thread] DEBUG GameScene            - Entity added to scene
15:06:55.052 [JavaFX Application Thread] DEBUG GameScene            - Added MainViewComponent
15:06:55.052 [JavaFX Application Thread] DEBUG GameScene            - Entity added to scene
15:06:55.052 [JavaFX Application Thread] DEBUG GameScene            - Added MainViewComponent
15:06:55.052 [JavaFX Application Thread] DEBUG GameScene            - Entity added to scene
15:06:55.052 [JavaFX Application Thread] DEBUG GameScene            - Added MainViewComponent
15:06:55.053 [JavaFX Application Thread] DEBUG GameScene            - Entity added to scene
15:06:55.053 [JavaFX Application Thread] DEBUG GameScene            - Added MainViewComponent
15:06:55.053 [JavaFX Application Thread] DEBUG GameScene            - Entity added to scene
15:06:55.053 [JavaFX Application Thread] DEBUG GameScene            - Added MainViewComponent
15:06:55.054 [JavaFX Application Thread] DEBUG GameScene            - Entity added to scene
15:06:55.054 [JavaFX Application Thread] DEBUG GameScene            - Added MainViewComponent
15:06:55.054 [JavaFX Application Thread] DEBUG GameScene            - Entity added to scene
15:06:55.054 [JavaFX Application Thread] DEBUG GameScene            - Added MainViewComponent
15:06:55.055 [JavaFX Application Thread] DEBUG GameScene            - Entity added to scene
15:06:55.055 [JavaFX Application Thread] DEBUG GameScene            - Added MainViewComponent
15:06:55.055 [JavaFX Application Thread] DEBUG GameScene            - Entity added to scene
15:06:55.055 [JavaFX Application Thread] DEBUG GameScene            - Added MainViewComponent
15:06:55.056 [JavaFX Application Thread] DEBUG GameScene            - Entity added to scene
15:06:55.056 [JavaFX Application Thread] DEBUG GameScene            - Added MainViewComponent
15:06:55.057 [JavaFX Application Thread] DEBUG GameScene            - Entity added to scene
15:06:55.057 [JavaFX Application Thread] DEBUG GameScene            - Added MainViewComponent
15:06:55.057 [JavaFX Application Thread] DEBUG GameScene            - Entity added to scene
15:06:55.057 [JavaFX Application Thread] DEBUG GameScene            - Added MainViewComponent
15:06:55.058 [JavaFX Application Thread] DEBUG GameScene            - Entity added to scene
15:06:55.058 [JavaFX Application Thread] DEBUG GameScene            - Added MainViewComponent
15:06:55.058 [JavaFX Application Thread] DEBUG GameScene            - Entity added to scene
15:06:55.058 [JavaFX Application Thread] DEBUG GameScene            - Added MainViewComponent
15:06:55.059 [JavaFX Application Thread] DEBUG GameScene            - Entity added to scene
15:06:55.059 [JavaFX Application Thread] DEBUG GameScene            - Added MainViewComponent
15:06:55.059 [JavaFX Application Thread] DEBUG GameScene            - Entity added to scene
15:06:55.059 [JavaFX Application Thread] DEBUG GameScene            - Added MainViewComponent
15:06:55.059 [JavaFX Application Thread] DEBUG GameScene            - Entity added to scene
15:06:55.059 [JavaFX Application Thread] DEBUG GameScene            - Added MainViewComponent
15:06:55.060 [JavaFX Application Thread] DEBUG GameScene            - Entity added to scene
15:06:55.060 [JavaFX Application Thread] DEBUG GameScene            - Added MainViewComponent
15:06:55.060 [JavaFX Application Thread] DEBUG GameScene            - Entity added to scene
15:06:55.060 [JavaFX Application Thread] DEBUG GameScene            - Added MainViewComponent
15:06:55.060 [JavaFX Application Thread] DEBUG GameScene            - Entity added to scene
15:06:55.060 [JavaFX Application Thread] DEBUG GameScene            - Added MainViewComponent
15:06:55.061 [JavaFX Application Thread] DEBUG GameScene            - Entity added to scene
15:06:55.061 [JavaFX Application Thread] DEBUG GameScene            - Added MainViewComponent
15:06:55.061 [JavaFX Application Thread] DEBUG GameScene            - Entity added to scene
15:06:55.061 [JavaFX Application Thread] DEBUG GameScene            - Added MainViewComponent
15:06:55.061 [JavaFX Application Thread] DEBUG GameScene            - Entity added to scene
15:06:55.061 [JavaFX Application Thread] DEBUG GameScene            - Added MainViewComponent
15:06:55.061 [JavaFX Application Thread] DEBUG GameScene            - Entity added to scene
15:06:55.061 [JavaFX Application Thread] DEBUG GameScene            - Added MainViewComponent
15:06:55.061 [JavaFX Application Thread] DEBUG GameScene            - Entity added to scene
15:06:55.061 [JavaFX Application Thread] DEBUG GameScene            - Added MainViewComponent
15:06:55.062 [JavaFX Application Thread] DEBUG GameScene            - Entity added to scene
15:06:55.062 [JavaFX Application Thread] DEBUG GameScene            - Added MainViewComponent
15:06:55.062 [JavaFX Application Thread] DEBUG GameScene            - Entity added to scene
15:06:55.062 [JavaFX Application Thread] DEBUG GameScene            - Added MainViewComponent
15:06:55.062 [JavaFX Application Thread] DEBUG GameScene            - Entity added to scene
15:06:55.062 [JavaFX Application Thread] DEBUG GameScene            - Added MainViewComponent
15:06:55.062 [JavaFX Application Thread] DEBUG GameScene            - Entity added to scene
15:06:55.062 [JavaFX Application Thread] DEBUG GameScene            - Added MainViewComponent
15:06:55.063 [JavaFX Application Thread] DEBUG GameScene            - Entity added to scene
15:06:55.063 [JavaFX Application Thread] DEBUG GameScene            - Added MainViewComponent
15:06:55.063 [JavaFX Application Thread] DEBUG GameScene            - Entity added to scene
15:06:55.063 [JavaFX Application Thread] DEBUG GameScene            - Added MainViewComponent
15:06:55.063 [JavaFX Application Thread] DEBUG GameScene            - Entity added to scene
15:06:55.063 [JavaFX Application Thread] DEBUG GameScene            - Added MainViewComponent
15:06:55.064 [JavaFX Application Thread] DEBUG GameScene            - Entity added to scene
15:06:55.064 [JavaFX Application Thread] DEBUG GameScene            - Added MainViewComponent
15:06:55.064 [JavaFX Application Thread] DEBUG GameScene            - Entity added to scene
15:06:55.064 [JavaFX Application Thread] DEBUG GameScene            - Added MainViewComponent
15:06:55.064 [JavaFX Application Thread] DEBUG GameScene            - Entity added to scene
15:06:55.064 [JavaFX Application Thread] DEBUG GameScene            - Added MainViewComponent
15:06:55.064 [JavaFX Application Thread] DEBUG GameScene            - Entity added to scene
15:06:55.064 [JavaFX Application Thread] DEBUG GameScene            - Added MainViewComponent
15:06:55.064 [JavaFX Application Thread] DEBUG GameScene            - Entity added to scene
15:06:55.064 [JavaFX Application Thread] DEBUG GameScene            - Added MainViewComponent
15:06:55.065 [JavaFX Application Thread] DEBUG GameScene            - Entity added to scene
15:06:55.065 [JavaFX Application Thread] DEBUG GameScene            - Added MainViewComponent
15:06:55.065 [JavaFX Application Thread] DEBUG GameScene            - Entity added to scene
15:06:55.065 [JavaFX Application Thread] DEBUG GameScene            - Added MainViewComponent
15:06:55.065 [JavaFX Application Thread] DEBUG GameScene            - Entity added to scene
15:06:55.065 [JavaFX Application Thread] DEBUG GameScene            - Added MainViewComponent
15:06:55.065 [JavaFX Application Thread] DEBUG GameScene            - Entity added to scene
15:06:55.065 [JavaFX Application Thread] DEBUG GameScene            - Added MainViewComponent
15:06:55.065 [JavaFX Application Thread] DEBUG GameScene            - Entity added to scene
15:06:55.065 [JavaFX Application Thread] DEBUG GameScene            - Added MainViewComponent
15:06:55.066 [JavaFX Application Thread] DEBUG GameScene            - Entity added to scene
15:06:55.066 [JavaFX Application Thread] DEBUG GameScene            - Added MainViewComponent
15:06:55.066 [JavaFX Application Thread] DEBUG GameScene            - Entity added to scene
15:06:55.066 [JavaFX Application Thread] DEBUG GameScene            - Added MainViewComponent
15:06:55.066 [JavaFX Application Thread] DEBUG GameScene            - Entity added to scene
15:06:55.066 [JavaFX Application Thread] DEBUG GameScene            - Added MainViewComponent
15:06:55.066 [JavaFX Application Thread] DEBUG GameScene            - Entity added to scene
15:06:55.066 [JavaFX Application Thread] DEBUG GameScene            - Added MainViewComponent
15:06:55.066 [JavaFX Application Thread] DEBUG GameScene            - Entity added to scene
15:06:55.066 [JavaFX Application Thread] DEBUG GameScene            - Added MainViewComponent
15:06:55.066 [JavaFX Application Thread] DEBUG GameScene            - Entity added to scene
15:06:55.066 [JavaFX Application Thread] DEBUG GameScene            - Added MainViewComponent
15:06:55.067 [JavaFX Application Thread] DEBUG GameScene            - Entity added to scene
15:06:55.067 [JavaFX Application Thread] DEBUG GameScene            - Added MainViewComponent
15:06:55.067 [JavaFX Application Thread] DEBUG GameScene            - Entity added to scene
15:06:55.067 [JavaFX Application Thread] DEBUG GameScene            - Added MainViewComponent
15:06:55.067 [JavaFX Application Thread] DEBUG GameScene            - Entity added to scene
15:06:55.067 [JavaFX Application Thread] DEBUG GameScene            - Added MainViewComponent
15:06:55.067 [JavaFX Application Thread] DEBUG GameScene            - Entity added to scene
15:06:55.067 [JavaFX Application Thread] DEBUG GameScene            - Added MainViewComponent
15:06:55.067 [JavaFX Application Thread] DEBUG GameScene            - Entity added to scene
15:06:55.067 [JavaFX Application Thread] DEBUG GameScene            - Added MainViewComponent
15:06:55.068 [JavaFX Application Thread] DEBUG GameScene            - Entity added to scene
15:06:55.068 [JavaFX Application Thread] DEBUG GameScene            - Added MainViewComponent
15:06:55.068 [JavaFX Application Thread] DEBUG GameScene            - Entity added to scene
15:06:55.068 [JavaFX Application Thread] DEBUG GameScene            - Added MainViewComponent
15:06:55.068 [JavaFX Application Thread] DEBUG GameScene            - Entity added to scene
15:06:55.068 [JavaFX Application Thread] DEBUG GameScene            - Added MainViewComponent
15:06:55.068 [JavaFX Application Thread] DEBUG GameScene            - Entity added to scene
15:06:55.069 [JavaFX Application Thread] DEBUG GameScene            - Added MainViewComponent
15:06:55.069 [JavaFX Application Thread] DEBUG GameScene            - Entity added to scene
15:06:55.069 [JavaFX Application Thread] DEBUG GameScene            - Added MainViewComponent
15:06:55.069 [JavaFX Application Thread] DEBUG GameScene            - Entity added to scene
15:06:55.069 [JavaFX Application Thread] DEBUG GameScene            - Added MainViewComponent
15:06:55.069 [JavaFX Application Thread] DEBUG GameScene            - Entity added to scene
15:06:55.069 [JavaFX Application Thread] DEBUG GameScene            - Added MainViewComponent
15:06:55.070 [JavaFX Application Thread] DEBUG GameScene            - Entity added to scene
15:06:55.070 [JavaFX Application Thread] DEBUG GameScene            - Added MainViewComponent
15:06:55.070 [JavaFX Application Thread] DEBUG GameScene            - Entity added to scene
15:06:55.070 [JavaFX Application Thread] DEBUG GameScene            - Added MainViewComponent
15:06:55.071 [JavaFX Application Thread] DEBUG GameScene            - Entity added to scene
15:06:55.071 [JavaFX Application Thread] DEBUG GameScene            - Added MainViewComponent
15:06:55.071 [JavaFX Application Thread] DEBUG GameScene            - Entity added to scene
15:06:55.071 [JavaFX Application Thread] DEBUG GameScene            - Added MainViewComponent
15:06:55.071 [JavaFX Application Thread] DEBUG GameScene            - Entity added to scene
15:06:55.071 [JavaFX Application Thread] DEBUG GameScene            - Added MainViewComponent
15:06:55.071 [JavaFX Application Thread] DEBUG GameScene            - Entity added to scene
15:06:55.071 [JavaFX Application Thread] DEBUG GameScene            - Added MainViewComponent
15:06:55.072 [JavaFX Application Thread] DEBUG GameScene            - Entity added to scene
15:06:55.072 [JavaFX Application Thread] DEBUG GameScene            - Added MainViewComponent
15:06:55.072 [JavaFX Application Thread] DEBUG GameScene            - Entity added to scene
15:06:55.072 [JavaFX Application Thread] DEBUG GameScene            - Added MainViewComponent
15:06:55.072 [JavaFX Application Thread] DEBUG GameScene            - Entity added to scene
15:06:55.072 [JavaFX Application Thread] DEBUG GameScene            - Added MainViewComponent
15:06:55.072 [JavaFX Application Thread] DEBUG GameScene            - Entity added to scene
15:06:55.072 [JavaFX Application Thread] DEBUG GameScene            - Added MainViewComponent
15:06:55.072 [JavaFX Application Thread] DEBUG GameScene            - Entity added to scene
15:06:55.073 [JavaFX Application Thread] DEBUG GameScene            - Added MainViewComponent
15:06:55.073 [JavaFX Application Thread] DEBUG GameScene            - Entity added to scene
15:06:55.073 [JavaFX Application Thread] DEBUG GameScene            - Added MainViewComponent
15:06:55.073 [JavaFX Application Thread] DEBUG GameScene            - Entity added to scene
15:06:55.073 [JavaFX Application Thread] DEBUG GameScene            - Added MainViewComponent
15:06:55.073 [JavaFX Application Thread] DEBUG GameScene            - Entity added to scene
15:06:55.073 [JavaFX Application Thread] DEBUG GameScene            - Added MainViewComponent
15:06:55.074 [JavaFX Application Thread] DEBUG GameScene            - Entity added to scene
15:06:55.074 [JavaFX Application Thread] DEBUG GameScene            - Added MainViewComponent
15:06:55.074 [JavaFX Application Thread] DEBUG GameScene            - Entity added to scene
15:06:55.074 [JavaFX Application Thread] DEBUG GameScene            - Added MainViewComponent
15:06:55.074 [JavaFX Application Thread] DEBUG GameScene            - Entity added to scene
15:06:55.075 [JavaFX Application Thread] DEBUG GameScene            - Added MainViewComponent
15:06:55.075 [JavaFX Application Thread] DEBUG GameScene            - Entity added to scene
15:06:55.075 [JavaFX Application Thread] DEBUG GameScene            - Added MainViewComponent
15:06:55.075 [JavaFX Application Thread] DEBUG GameScene            - Entity added to scene
15:06:55.075 [JavaFX Application Thread] DEBUG GameScene            - Added MainViewComponent
15:06:55.075 [JavaFX Application Thread] DEBUG GameScene            - Entity added to scene
15:06:55.075 [JavaFX Application Thread] DEBUG GameScene            - Added MainViewComponent
15:06:55.076 [JavaFX Application Thread] DEBUG GameScene            - Entity added to scene
15:06:55.076 [JavaFX Application Thread] DEBUG GameScene            - Added MainViewComponent
15:06:55.076 [JavaFX Application Thread] DEBUG GameScene            - Entity added to scene
15:06:55.076 [JavaFX Application Thread] DEBUG GameScene            - Added MainViewComponent
15:06:55.076 [JavaFX Application Thread] DEBUG GameScene            - Entity added to scene
15:06:55.076 [JavaFX Application Thread] DEBUG GameScene            - Added MainViewComponent
15:06:55.076 [JavaFX Application Thread] DEBUG GameScene            - Entity added to scene
15:06:55.076 [JavaFX Application Thread] DEBUG GameScene            - Added MainViewComponent
15:06:55.076 [JavaFX Application Thread] DEBUG GameScene            - Entity added to scene
15:06:55.076 [JavaFX Application Thread] DEBUG GameScene            - Added MainViewComponent
15:06:55.076 [JavaFX Application Thread] DEBUG GameScene            - Entity added to scene
15:06:55.076 [JavaFX Application Thread] DEBUG GameScene            - Added MainViewComponent
15:06:55.077 [JavaFX Application Thread] DEBUG GameScene            - Entity added to scene
15:06:55.077 [JavaFX Application Thread] DEBUG GameScene            - Added MainViewComponent
15:06:55.077 [JavaFX Application Thread] DEBUG GameScene            - Entity added to scene
15:06:55.077 [JavaFX Application Thread] DEBUG GameScene            - Added MainViewComponent
15:06:55.077 [JavaFX Application Thread] DEBUG GameScene            - Entity added to scene
15:06:55.077 [JavaFX Application Thread] DEBUG GameScene            - Added MainViewComponent
15:06:55.077 [JavaFX Application Thread] DEBUG GameScene            - Entity added to scene
15:06:55.077 [JavaFX Application Thread] DEBUG GameScene            - Added MainViewComponent
15:06:55.077 [JavaFX Application Thread] DEBUG GameScene            - Entity added to scene
15:06:55.077 [JavaFX Application Thread] DEBUG GameScene            - Added MainViewComponent
15:06:55.077 [JavaFX Application Thread] DEBUG GameScene            - Entity added to scene
15:06:55.077 [JavaFX Application Thread] DEBUG GameScene            - Added MainViewComponent
15:06:55.077 [JavaFX Application Thread] DEBUG GameScene            - Entity added to scene
15:06:55.078 [JavaFX Application Thread] DEBUG GameScene            - Added MainViewComponent
15:06:55.078 [JavaFX Application Thread] DEBUG GameScene            - Entity added to scene
15:06:55.078 [JavaFX Application Thread] DEBUG GameScene            - Added MainViewComponent
15:06:55.078 [JavaFX Application Thread] DEBUG GameScene            - Entity added to scene
15:06:55.078 [JavaFX Application Thread] DEBUG GameScene            - Added MainViewComponent
15:06:55.078 [JavaFX Application Thread] DEBUG GameScene            - Entity added to scene
15:06:55.078 [JavaFX Application Thread] DEBUG GameScene            - Added MainViewComponent
15:06:55.078 [JavaFX Application Thread] DEBUG GameScene            - Entity added to scene
15:06:55.078 [JavaFX Application Thread] DEBUG GameScene            - Added MainViewComponent
15:06:55.078 [JavaFX Application Thread] DEBUG GameScene            - Entity added to scene
15:06:55.078 [JavaFX Application Thread] DEBUG GameScene            - Added MainViewComponent
15:06:55.079 [JavaFX Application Thread] DEBUG GameScene            - Entity added to scene
15:06:55.079 [JavaFX Application Thread] DEBUG GameScene            - Added MainViewComponent
15:06:55.079 [JavaFX Application Thread] DEBUG GameScene            - Entity added to scene
15:06:55.079 [JavaFX Application Thread] DEBUG GameScene            - Added MainViewComponent
15:06:55.079 [JavaFX Application Thread] DEBUG GameScene            - Entity added to scene
15:06:55.079 [JavaFX Application Thread] DEBUG GameScene            - Added MainViewComponent
15:06:55.079 [JavaFX Application Thread] DEBUG GameScene            - Entity added to scene
15:06:55.079 [JavaFX Application Thread] DEBUG GameScene            - Added MainViewComponent
15:06:55.079 [JavaFX Application Thread] DEBUG GameScene            - Entity added to scene
15:06:55.079 [JavaFX Application Thread] DEBUG GameScene            - Added MainViewComponent
15:06:55.080 [JavaFX Application Thread] DEBUG GameScene            - Entity added to scene
15:06:55.080 [JavaFX Application Thread] DEBUG GameScene            - Added MainViewComponent
15:06:55.080 [JavaFX Application Thread] DEBUG GameScene            - Entity added to scene
15:06:55.080 [JavaFX Application Thread] DEBUG GameScene            - Added MainViewComponent
15:06:55.080 [JavaFX Application Thread] DEBUG GameScene            - Entity added to scene
15:06:55.080 [JavaFX Application Thread] DEBUG GameScene            - Added MainViewComponent
15:06:55.080 [JavaFX Application Thread] DEBUG GameScene            - Entity added to scene
15:06:55.080 [JavaFX Application Thread] DEBUG GameScene            - Added MainViewComponent
15:06:55.081 [JavaFX Application Thread] DEBUG GameScene            - Entity added to scene
15:06:55.081 [JavaFX Application Thread] DEBUG GameScene            - Added MainViewComponent
15:06:55.081 [JavaFX Application Thread] DEBUG GameScene            - Entity added to scene
15:06:55.081 [JavaFX Application Thread] DEBUG GameScene            - Added MainViewComponent
15:06:55.081 [JavaFX Application Thread] DEBUG GameScene            - Entity added to scene
15:06:55.081 [JavaFX Application Thread] DEBUG GameScene            - Added MainViewComponent
15:06:55.081 [JavaFX Application Thread] DEBUG GameScene            - Entity added to scene
15:06:55.082 [JavaFX Application Thread] DEBUG GameScene            - Added MainViewComponent
15:06:55.082 [JavaFX Application Thread] DEBUG GameScene            - Entity added to scene
15:06:55.082 [JavaFX Application Thread] DEBUG GameScene            - Added MainViewComponent
15:06:55.082 [JavaFX Application Thread] DEBUG GameScene            - Entity added to scene
15:06:55.082 [JavaFX Application Thread] DEBUG GameScene            - Added MainViewComponent
15:06:55.083 [JavaFX Application Thread] DEBUG GameScene            - Entity added to scene
15:06:55.083 [JavaFX Application Thread] DEBUG GameScene            - Added MainViewComponent
15:06:55.083 [JavaFX Application Thread] DEBUG GameScene            - Entity added to scene
15:06:55.083 [JavaFX Application Thread] DEBUG GameScene            - Added MainViewComponent
15:06:55.084 [JavaFX Application Thread] DEBUG GameScene            - Entity added to scene
15:06:55.084 [JavaFX Application Thread] DEBUG GameScene            - Added MainViewComponent
15:06:55.084 [JavaFX Application Thread] DEBUG GameScene            - Entity added to scene
15:06:55.084 [JavaFX Application Thread] DEBUG GameScene            - Added MainViewComponent
15:06:55.084 [JavaFX Application Thread] DEBUG GameScene            - Entity added to scene
15:06:55.084 [JavaFX Application Thread] DEBUG GameScene            - Added MainViewComponent
15:06:55.085 [JavaFX Application Thread] DEBUG GameScene            - Entity added to scene
15:06:55.085 [JavaFX Application Thread] DEBUG GameScene            - Added MainViewComponent
15:06:55.085 [JavaFX Application Thread] DEBUG GameScene            - Entity added to scene
15:06:55.085 [JavaFX Application Thread] DEBUG GameScene            - Added MainViewComponent
15:06:55.086 [JavaFX Application Thread] DEBUG GameScene            - Entity added to scene
15:06:55.086 [JavaFX Application Thread] DEBUG GameScene            - Added MainViewComponent
15:06:55.086 [JavaFX Application Thread] DEBUG GameScene            - Entity added to scene
15:06:55.086 [JavaFX Application Thread] DEBUG GameScene            - Added MainViewComponent
15:06:55.086 [JavaFX Application Thread] DEBUG GameScene            - Entity added to scene
15:06:55.087 [JavaFX Application Thread] DEBUG GameScene            - Added MainViewComponent
15:06:55.087 [JavaFX Application Thread] DEBUG GameScene            - Entity added to scene
15:06:55.087 [JavaFX Application Thread] DEBUG GameScene            - Added MainViewComponent
15:06:55.087 [JavaFX Application Thread] DEBUG GameScene            - Entity added to scene
15:06:55.088 [JavaFX Application Thread] DEBUG GameScene            - Added MainViewComponent
15:06:55.088 [JavaFX Application Thread] DEBUG GameScene            - Entity added to scene
15:06:55.088 [JavaFX Application Thread] DEBUG GameScene            - Added MainViewComponent
15:06:55.088 [JavaFX Application Thread] DEBUG GameScene            - Entity added to scene
15:06:55.088 [JavaFX Application Thread] DEBUG GameScene            - Added MainViewComponent
15:06:55.088 [JavaFX Application Thread] DEBUG GameScene            - Entity added to scene
15:06:55.088 [JavaFX Application Thread] DEBUG GameScene            - Added MainViewComponent
15:06:55.089 [JavaFX Application Thread] DEBUG GameScene            - Entity added to scene
15:06:55.089 [JavaFX Application Thread] DEBUG GameScene            - Added MainViewComponent
15:06:55.089 [JavaFX Application Thread] DEBUG GameScene            - Entity added to scene
15:06:55.089 [JavaFX Application Thread] DEBUG GameScene            - Added MainViewComponent
15:06:55.089 [JavaFX Application Thread] DEBUG GameScene            - Entity added to scene
15:06:55.089 [JavaFX Application Thread] DEBUG GameScene            - Added MainViewComponent
15:06:55.090 [JavaFX Application Thread] DEBUG GameScene            - Entity added to scene
15:06:55.090 [JavaFX Application Thread] DEBUG GameScene            - Added MainViewComponent
15:06:55.090 [JavaFX Application Thread] DEBUG GameScene            - Entity added to scene
15:06:55.090 [JavaFX Application Thread] DEBUG GameScene            - Added MainViewComponent
15:06:55.090 [JavaFX Application Thread] DEBUG GameScene            - Entity added to scene
15:06:55.090 [JavaFX Application Thread] DEBUG GameScene            - Added MainViewComponent
15:06:55.091 [JavaFX Application Thread] DEBUG GameScene            - Entity added to scene
15:06:55.091 [JavaFX Application Thread] DEBUG GameScene            - Added MainViewComponent
15:06:55.091 [JavaFX Application Thread] DEBUG GameScene            - Entity added to scene
15:06:55.091 [JavaFX Application Thread] DEBUG GameScene            - Added MainViewComponent
15:06:55.091 [JavaFX Application Thread] DEBUG GameScene            - Entity added to scene
15:06:55.091 [JavaFX Application Thread] DEBUG GameScene            - Added MainViewComponent
15:06:55.091 [JavaFX Application Thread] DEBUG GameScene            - Entity added to scene
15:06:55.091 [JavaFX Application Thread] DEBUG GameScene            - Added MainViewComponent
15:06:55.091 [JavaFX Application Thread] DEBUG GameScene            - Entity added to scene
15:06:55.091 [JavaFX Application Thread] DEBUG GameScene            - Added MainViewComponent
15:06:55.091 [JavaFX Application Thread] DEBUG GameScene            - Entity added to scene
15:06:55.092 [JavaFX Application Thread] DEBUG GameScene            - Added MainViewComponent
15:06:55.092 [JavaFX Application Thread] DEBUG GameScene            - Entity added to scene
15:06:55.092 [JavaFX Application Thread] DEBUG GameScene            - Added MainViewComponent
15:06:55.092 [JavaFX Application Thread] DEBUG GameScene            - Entity added to scene
15:06:55.092 [JavaFX Application Thread] DEBUG GameScene            - Added MainViewComponent
15:06:55.092 [JavaFX Application Thread] DEBUG GameScene            - Entity added to scene
15:06:55.092 [JavaFX Application Thread] DEBUG GameScene            - Added MainViewComponent
15:06:55.092 [JavaFX Application Thread] DEBUG GameScene            - Entity added to scene
15:06:55.092 [JavaFX Application Thread] DEBUG GameScene            - Added MainViewComponent
15:06:55.092 [JavaFX Application Thread] DEBUG GameScene            - Entity added to scene
15:06:55.092 [JavaFX Application Thread] DEBUG GameScene            - Added MainViewComponent
15:06:55.092 [JavaFX Application Thread] DEBUG GameScene            - Entity added to scene
15:06:55.093 [JavaFX Application Thread] DEBUG GameScene            - Added MainViewComponent
15:06:55.093 [JavaFX Application Thread] DEBUG GameScene            - Entity added to scene
15:06:55.093 [JavaFX Application Thread] DEBUG GameScene            - Added MainViewComponent
15:06:55.093 [JavaFX Application Thread] DEBUG GameScene            - Entity added to scene
15:06:55.093 [JavaFX Application Thread] DEBUG GameScene            - Added MainViewComponent
15:06:55.093 [JavaFX Application Thread] DEBUG GameScene            - Entity added to scene
15:06:55.093 [JavaFX Application Thread] DEBUG GameScene            - Added MainViewComponent
15:06:55.094 [JavaFX Application Thread] DEBUG GameScene            - Entity added to scene
15:06:55.094 [JavaFX Application Thread] DEBUG GameScene            - Added MainViewComponent
15:06:55.094 [JavaFX Application Thread] DEBUG GameScene            - Entity added to scene
15:06:55.094 [JavaFX Application Thread] DEBUG GameScene            - Added MainViewComponent
15:06:55.094 [JavaFX Application Thread] DEBUG GameScene            - Entity added to scene
15:06:55.094 [JavaFX Application Thread] DEBUG GameScene            - Added MainViewComponent
15:06:55.095 [JavaFX Application Thread] DEBUG GameScene            - Entity added to scene
15:06:55.095 [JavaFX Application Thread] DEBUG GameScene            - Added MainViewComponent
15:06:55.095 [JavaFX Application Thread] DEBUG GameScene            - Entity added to scene
15:06:55.095 [JavaFX Application Thread] DEBUG GameScene            - Added MainViewComponent
15:06:55.095 [JavaFX Application Thread] DEBUG GameScene            - Entity added to scene
15:06:55.095 [JavaFX Application Thread] DEBUG GameScene            - Added MainViewComponent
15:06:55.096 [JavaFX Application Thread] DEBUG GameScene            - Entity added to scene
15:06:55.096 [JavaFX Application Thread] DEBUG GameScene            - Added MainViewComponent
15:06:55.096 [JavaFX Application Thread] DEBUG GameScene            - Entity added to scene
15:06:55.096 [JavaFX Application Thread] DEBUG GameScene            - Added MainViewComponent
15:06:55.096 [JavaFX Application Thread] DEBUG GameScene            - Entity added to scene
15:06:55.096 [JavaFX Application Thread] DEBUG GameScene            - Added MainViewComponent
15:06:55.097 [JavaFX Application Thread] DEBUG GameScene            - Entity added to scene
15:06:55.097 [JavaFX Application Thread] DEBUG GameScene            - Added MainViewComponent
15:06:55.097 [JavaFX Application Thread] DEBUG GameScene            - Entity added to scene
15:06:55.097 [JavaFX Application Thread] DEBUG GameScene            - Added MainViewComponent
15:06:55.097 [JavaFX Application Thread] DEBUG GameScene            - Entity added to scene
15:06:55.097 [JavaFX Application Thread] DEBUG GameScene            - Added MainViewComponent
15:06:55.098 [JavaFX Application Thread] DEBUG GameScene            - Entity added to scene
15:06:55.098 [JavaFX Application Thread] DEBUG GameScene            - Added MainViewComponent
15:06:55.098 [JavaFX Application Thread] DEBUG GameScene            - Entity added to scene
15:06:55.098 [JavaFX Application Thread] DEBUG GameScene            - Added MainViewComponent
15:06:55.098 [JavaFX Application Thread] DEBUG GameScene            - Entity added to scene
15:06:55.098 [JavaFX Application Thread] DEBUG GameScene            - Added MainViewComponent
15:06:55.099 [JavaFX Application Thread] DEBUG GameScene            - Entity added to scene
15:06:55.099 [JavaFX Application Thread] DEBUG GameScene            - Added MainViewComponent
15:06:55.099 [JavaFX Application Thread] DEBUG GameScene            - Entity added to scene
15:06:55.099 [JavaFX Application Thread] DEBUG GameScene            - Added MainViewComponent
15:06:55.099 [JavaFX Application Thread] DEBUG GameScene            - Entity added to scene
15:06:55.099 [JavaFX Application Thread] DEBUG GameScene            - Added MainViewComponent
15:06:55.100 [JavaFX Application Thread] DEBUG GameScene            - Entity added to scene
15:06:55.100 [JavaFX Application Thread] DEBUG GameScene            - Added MainViewComponent
15:06:55.100 [JavaFX Application Thread] DEBUG GameScene            - Entity added to scene
15:06:55.100 [JavaFX Application Thread] DEBUG GameScene            - Added MainViewComponent
15:06:55.100 [JavaFX Application Thread] DEBUG GameScene            - Entity added to scene
15:06:55.100 [JavaFX Application Thread] DEBUG GameScene            - Added MainViewComponent
15:06:55.101 [JavaFX Application Thread] DEBUG GameScene            - Entity added to scene
15:06:55.101 [JavaFX Application Thread] DEBUG GameScene            - Added MainViewComponent
15:06:55.101 [JavaFX Application Thread] DEBUG GameScene            - Entity added to scene
15:06:55.101 [JavaFX Application Thread] DEBUG GameScene            - Added MainViewComponent
15:06:55.101 [JavaFX Application Thread] DEBUG GameScene            - Entity added to scene
15:06:55.101 [JavaFX Application Thread] DEBUG GameScene            - Added MainViewComponent
15:06:55.101 [JavaFX Application Thread] DEBUG GameScene            - Entity added to scene
15:06:55.101 [JavaFX Application Thread] DEBUG GameScene            - Added MainViewComponent
15:06:55.102 [JavaFX Application Thread] DEBUG GameScene            - Entity added to scene
15:06:55.102 [JavaFX Application Thread] DEBUG GameScene            - Added MainViewComponent
15:06:55.102 [JavaFX Application Thread] DEBUG GameScene            - Entity added to scene
15:06:55.102 [JavaFX Application Thread] DEBUG GameScene            - Added MainViewComponent
15:06:55.102 [JavaFX Application Thread] DEBUG GameScene            - Entity added to scene
15:06:55.102 [JavaFX Application Thread] DEBUG GameScene            - Added MainViewComponent
15:06:55.102 [JavaFX Application Thread] DEBUG GameScene            - Entity added to scene
15:06:55.102 [JavaFX Application Thread] DEBUG GameScene            - Added MainViewComponent
15:06:55.103 [JavaFX Application Thread] DEBUG GameScene            - Entity added to scene
15:06:55.103 [JavaFX Application Thread] DEBUG GameScene            - Added MainViewComponent
15:06:55.103 [JavaFX Application Thread] DEBUG GameScene            - Entity added to scene
15:06:55.103 [JavaFX Application Thread] DEBUG GameScene            - Added MainViewComponent
15:06:55.104 [JavaFX Application Thread] DEBUG GameScene            - Entity added to scene
15:06:55.104 [JavaFX Application Thread] DEBUG GameScene            - Added MainViewComponent
15:06:55.104 [JavaFX Application Thread] DEBUG GameScene            - Entity added to scene
15:06:55.104 [JavaFX Application Thread] DEBUG GameScene            - Added MainViewComponent
15:06:55.105 [JavaFX Application Thread] DEBUG GameScene            - Entity added to scene
15:06:55.105 [JavaFX Application Thread] DEBUG GameScene            - Added MainViewComponent
15:06:55.105 [JavaFX Application Thread] DEBUG GameScene            - Entity added to scene
15:06:55.105 [JavaFX Application Thread] DEBUG GameScene            - Added MainViewComponent
15:06:55.105 [JavaFX Application Thread] DEBUG GameScene            - Entity added to scene
15:06:55.105 [JavaFX Application Thread] DEBUG GameScene            - Added MainViewComponent
15:06:55.106 [JavaFX Application Thread] DEBUG GameScene            - Entity added to scene
15:06:55.106 [JavaFX Application Thread] DEBUG GameScene            - Added MainViewComponent
15:06:55.106 [JavaFX Application Thread] DEBUG GameScene            - Entity added to scene
15:06:55.106 [JavaFX Application Thread] DEBUG GameScene            - Added MainViewComponent
15:06:55.106 [JavaFX Application Thread] DEBUG GameScene            - Entity added to scene
15:06:55.106 [JavaFX Application Thread] DEBUG GameScene            - Added MainViewComponent
15:06:55.106 [JavaFX Application Thread] DEBUG GameScene            - Entity added to scene
15:06:55.106 [JavaFX Application Thread] DEBUG GameScene            - Added MainViewComponent
15:06:55.107 [JavaFX Application Thread] DEBUG GameScene            - Entity added to scene
15:06:55.107 [JavaFX Application Thread] DEBUG GameScene            - Added MainViewComponent
15:06:55.107 [JavaFX Application Thread] DEBUG GameScene            - Entity added to scene
15:06:55.107 [JavaFX Application Thread] DEBUG GameScene            - Added MainViewComponent
15:06:55.107 [JavaFX Application Thread] DEBUG GameScene            - Entity added to scene
15:06:55.107 [JavaFX Application Thread] DEBUG GameScene            - Added MainViewComponent
15:06:55.108 [JavaFX Application Thread] DEBUG GameScene            - Entity added to scene
15:06:55.108 [JavaFX Application Thread] DEBUG GameScene            - Added MainViewComponent
15:06:55.108 [JavaFX Application Thread] DEBUG GameScene            - Entity added to scene
15:06:55.108 [JavaFX Application Thread] DEBUG GameScene            - Added MainViewComponent
15:06:55.108 [JavaFX Application Thread] DEBUG GameScene            - Entity added to scene
15:06:55.108 [JavaFX Application Thread] DEBUG GameScene            - Added MainViewComponent
15:06:55.108 [JavaFX Application Thread] DEBUG GameScene            - Entity added to scene
15:06:55.108 [JavaFX Application Thread] DEBUG GameScene            - Added MainViewComponent
15:06:55.109 [JavaFX Application Thread] DEBUG GameScene            - Entity added to scene
15:06:55.109 [JavaFX Application Thread] DEBUG GameScene            - Added MainViewComponent
15:06:55.109 [JavaFX Application Thread] DEBUG GameScene            - Entity added to scene
15:06:55.109 [JavaFX Application Thread] DEBUG GameScene            - Added MainViewComponent
15:06:55.109 [JavaFX Application Thread] DEBUG GameScene            - Entity added to scene
15:06:55.109 [JavaFX Application Thread] DEBUG GameScene            - Added MainViewComponent
15:06:55.110 [JavaFX Application Thread] DEBUG GameScene            - Entity added to scene
15:06:55.110 [JavaFX Application Thread] DEBUG GameScene            - Added MainViewComponent
15:06:55.110 [JavaFX Application Thread] DEBUG GameScene            - Entity added to scene
15:06:55.110 [JavaFX Application Thread] DEBUG GameScene            - Added MainViewComponent
15:06:55.110 [JavaFX Application Thread] DEBUG GameScene            - Entity added to scene
15:06:55.110 [JavaFX Application Thread] DEBUG GameScene            - Added MainViewComponent
15:06:55.111 [JavaFX Application Thread] DEBUG GameScene            - Entity added to scene
15:06:55.111 [JavaFX Application Thread] DEBUG GameScene            - Added MainViewComponent
15:06:55.111 [JavaFX Application Thread] DEBUG GameScene            - Entity added to scene
15:06:55.111 [JavaFX Application Thread] DEBUG GameScene            - Added MainViewComponent
15:06:55.111 [JavaFX Application Thread] DEBUG GameScene            - Entity added to scene
15:06:55.111 [JavaFX Application Thread] DEBUG GameScene            - Added MainViewComponent
15:06:55.111 [JavaFX Application Thread] DEBUG GameScene            - Entity added to scene
15:06:55.111 [JavaFX Application Thread] DEBUG GameScene            - Added MainViewComponent
15:06:55.111 [JavaFX Application Thread] DEBUG GameScene            - Entity added to scene
15:06:55.111 [JavaFX Application Thread] DEBUG GameScene            - Added MainViewComponent
15:06:55.112 [JavaFX Application Thread] DEBUG GameScene            - Entity added to scene
15:06:55.112 [JavaFX Application Thread] DEBUG GameScene            - Added MainViewComponent
15:06:55.112 [JavaFX Application Thread] DEBUG GameScene            - Entity added to scene
15:06:55.112 [JavaFX Application Thread] DEBUG GameScene            - Added MainViewComponent
15:06:55.112 [JavaFX Application Thread] DEBUG GameScene            - Entity added to scene
15:06:55.112 [JavaFX Application Thread] DEBUG GameScene            - Added MainViewComponent
15:06:55.112 [JavaFX Application Thread] DEBUG GameScene            - Entity added to scene
15:06:55.112 [JavaFX Application Thread] DEBUG GameScene            - Added MainViewComponent
15:06:55.112 [JavaFX Application Thread] DEBUG GameScene            - Entity added to scene
15:06:55.112 [JavaFX Application Thread] DEBUG GameScene            - Added MainViewComponent
15:06:55.112 [JavaFX Application Thread] DEBUG GameScene            - Entity added to scene
15:06:55.112 [JavaFX Application Thread] DEBUG GameScene            - Added MainViewComponent
15:06:55.113 [JavaFX Application Thread] DEBUG GameScene            - Entity added to scene
15:06:55.113 [JavaFX Application Thread] DEBUG GameScene            - Added MainViewComponent
15:06:55.113 [JavaFX Application Thread] DEBUG GameScene            - Entity added to scene
15:06:55.113 [JavaFX Application Thread] DEBUG GameScene            - Added MainViewComponent
15:06:55.113 [JavaFX Application Thread] DEBUG GameScene            - Entity added to scene
15:06:55.113 [JavaFX Application Thread] DEBUG GameScene            - Added MainViewComponent
15:06:55.113 [JavaFX Application Thread] DEBUG GameScene            - Entity added to scene
15:06:55.113 [JavaFX Application Thread] DEBUG GameScene            - Added MainViewComponent
15:06:55.113 [JavaFX Application Thread] DEBUG GameScene            - Entity added to scene
15:06:55.113 [JavaFX Application Thread] DEBUG GameScene            - Added MainViewComponent
15:06:55.114 [JavaFX Application Thread] DEBUG GameScene            - Entity added to scene
15:06:55.114 [JavaFX Application Thread] DEBUG GameScene            - Added MainViewComponent
15:06:55.114 [JavaFX Application Thread] DEBUG GameScene            - Entity added to scene
15:06:55.114 [JavaFX Application Thread] DEBUG GameScene            - Added MainViewComponent
15:06:55.114 [JavaFX Application Thread] DEBUG GameScene            - Entity added to scene
15:06:55.115 [JavaFX Application Thread] DEBUG GameScene            - Added MainViewComponent
15:06:55.115 [JavaFX Application Thread] DEBUG GameScene            - Entity added to scene
15:06:55.115 [JavaFX Application Thread] DEBUG GameScene            - Added MainViewComponent
15:06:55.115 [JavaFX Application Thread] DEBUG GameScene            - Entity added to scene
15:06:55.115 [JavaFX Application Thread] DEBUG GameScene            - Added MainViewComponent
15:06:55.115 [JavaFX Application Thread] DEBUG GameScene            - Entity added to scene
15:06:55.115 [JavaFX Application Thread] DEBUG GameScene            - Added MainViewComponent
15:06:55.116 [JavaFX Application Thread] DEBUG GameScene            - Entity added to scene
15:06:55.116 [JavaFX Application Thread] DEBUG GameScene            - Added MainViewComponent
15:06:55.116 [JavaFX Application Thread] DEBUG GameScene            - Entity added to scene
15:06:55.116 [JavaFX Application Thread] DEBUG GameScene            - Added MainViewComponent
15:06:55.116 [JavaFX Application Thread] DEBUG GameScene            - Entity added to scene
15:06:55.116 [JavaFX Application Thread] DEBUG GameScene            - Added MainViewComponent
15:06:55.116 [JavaFX Application Thread] DEBUG GameScene            - Entity added to scene
15:06:55.116 [JavaFX Application Thread] DEBUG GameScene            - Added MainViewComponent
15:06:55.117 [JavaFX Application Thread] DEBUG GameScene            - Entity added to scene
15:06:55.117 [JavaFX Application Thread] DEBUG GameScene            - Added MainViewComponent
15:06:55.117 [JavaFX Application Thread] DEBUG GameScene            - Entity added to scene
15:06:55.117 [JavaFX Application Thread] DEBUG GameScene            - Added MainViewComponent
15:06:55.117 [JavaFX Application Thread] DEBUG GameScene            - Entity added to scene
15:06:55.117 [JavaFX Application Thread] DEBUG GameScene            - Added MainViewComponent
15:06:55.117 [JavaFX Application Thread] DEBUG GameScene            - Entity added to scene
15:06:55.118 [JavaFX Application Thread] DEBUG GameScene            - Added MainViewComponent
15:06:55.118 [JavaFX Application Thread] DEBUG GameScene            - Entity added to scene
15:06:55.118 [JavaFX Application Thread] DEBUG GameScene            - Added MainViewComponent
15:06:55.118 [JavaFX Application Thread] DEBUG GameScene            - Entity added to scene
15:06:55.118 [JavaFX Application Thread] DEBUG GameScene            - Added MainViewComponent
15:06:55.118 [JavaFX Application Thread] DEBUG GameScene            - Entity added to scene
15:06:55.119 [JavaFX Application Thread] DEBUG GameScene            - Added MainViewComponent
15:06:55.119 [JavaFX Application Thread] DEBUG GameScene            - Entity added to scene
15:06:55.119 [JavaFX Application Thread] DEBUG GameScene            - Added MainViewComponent
15:06:55.119 [JavaFX Application Thread] DEBUG GameScene            - Entity added to scene
15:06:55.119 [JavaFX Application Thread] DEBUG GameScene            - Added MainViewComponent
15:06:55.119 [JavaFX Application Thread] DEBUG GameScene            - Entity added to scene
15:06:55.120 [JavaFX Application Thread] DEBUG GameScene            - Added MainViewComponent
15:06:55.120 [JavaFX Application Thread] DEBUG GameScene            - Entity added to scene
15:06:55.120 [JavaFX Application Thread] DEBUG GameScene            - Added MainViewComponent
15:06:55.120 [JavaFX Application Thread] DEBUG GameScene            - Entity added to scene
15:06:55.121 [JavaFX Application Thread] DEBUG GameScene            - Added MainViewComponent
15:06:55.121 [JavaFX Application Thread] DEBUG GameScene            - Entity added to scene
15:06:55.121 [JavaFX Application Thread] DEBUG GameScene            - Added MainViewComponent
15:06:55.121 [JavaFX Application Thread] DEBUG GameScene            - Entity added to scene
15:06:55.121 [JavaFX Application Thread] DEBUG GameScene            - Added MainViewComponent
15:06:55.122 [JavaFX Application Thread] DEBUG GameScene            - Entity added to scene
15:06:55.122 [JavaFX Application Thread] DEBUG GameScene            - Added MainViewComponent
15:06:55.122 [JavaFX Application Thread] DEBUG GameScene            - Entity added to scene
15:06:55.122 [JavaFX Application Thread] DEBUG GameScene            - Added MainViewComponent
15:06:55.122 [JavaFX Application Thread] DEBUG GameScene            - Entity added to scene
15:06:55.123 [JavaFX Application Thread] DEBUG GameScene            - Added MainViewComponent
15:06:55.123 [JavaFX Application Thread] DEBUG GameScene            - Entity added to scene
15:06:55.123 [JavaFX Application Thread] DEBUG GameScene            - Added MainViewComponent
15:06:55.123 [JavaFX Application Thread] DEBUG GameScene            - Entity added to scene
15:06:55.123 [JavaFX Application Thread] DEBUG GameScene            - Added MainViewComponent
15:06:55.123 [JavaFX Application Thread] DEBUG GameScene            - Entity added to scene
15:06:55.123 [JavaFX Application Thread] DEBUG GameScene            - Added MainViewComponent
15:06:55.124 [JavaFX Application Thread] DEBUG GameScene            - Entity added to scene
15:06:55.124 [JavaFX Application Thread] DEBUG GameScene            - Added MainViewComponent
15:06:55.124 [JavaFX Application Thread] DEBUG GameScene            - Entity added to scene
15:06:55.124 [JavaFX Application Thread] DEBUG GameScene            - Added MainViewComponent
15:06:55.124 [JavaFX Application Thread] DEBUG GameScene            - Entity added to scene
15:06:55.124 [JavaFX Application Thread] DEBUG GameScene            - Added MainViewComponent
15:06:55.124 [JavaFX Application Thread] DEBUG GameScene            - Entity added to scene
15:06:55.124 [JavaFX Application Thread] DEBUG GameScene            - Added MainViewComponent
15:06:55.125 [JavaFX Application Thread] DEBUG GameScene            - Entity added to scene
15:06:55.125 [JavaFX Application Thread] DEBUG GameScene            - Added MainViewComponent
15:06:55.125 [JavaFX Application Thread] DEBUG GameScene            - Entity added to scene
15:06:55.125 [JavaFX Application Thread] DEBUG GameScene            - Added MainViewComponent
15:06:55.125 [JavaFX Application Thread] DEBUG GameScene            - Entity added to scene
15:06:55.125 [JavaFX Application Thread] DEBUG GameScene            - Added MainViewComponent
15:06:55.125 [JavaFX Application Thread] DEBUG GameScene            - Entity added to scene
15:06:55.125 [JavaFX Application Thread] DEBUG GameScene            - Added MainViewComponent
15:06:55.126 [JavaFX Application Thread] DEBUG GameScene            - Entity added to scene
15:06:55.126 [JavaFX Application Thread] DEBUG GameScene            - Added MainViewComponent
15:06:55.126 [JavaFX Application Thread] DEBUG GameScene            - Entity added to scene
15:06:55.126 [JavaFX Application Thread] DEBUG GameScene            - Added MainViewComponent
15:06:55.126 [JavaFX Application Thread] DEBUG GameScene            - Entity added to scene
15:06:55.126 [JavaFX Application Thread] DEBUG GameScene            - Added MainViewComponent
15:06:55.126 [JavaFX Application Thread] DEBUG GameScene            - Entity added to scene
15:06:55.126 [JavaFX Application Thread] DEBUG GameScene            - Added MainViewComponent
15:06:55.127 [JavaFX Application Thread] DEBUG GameScene            - Entity added to scene
15:06:55.127 [JavaFX Application Thread] DEBUG GameScene            - Added MainViewComponent
15:06:55.127 [JavaFX Application Thread] DEBUG GameScene            - Entity added to scene
15:06:55.127 [JavaFX Application Thread] DEBUG GameScene            - Added MainViewComponent
15:06:55.127 [JavaFX Application Thread] DEBUG GameScene            - Entity added to scene
15:06:55.127 [JavaFX Application Thread] DEBUG GameScene            - Added MainViewComponent
15:06:55.128 [JavaFX Application Thread] DEBUG GameScene            - Entity added to scene
15:06:55.128 [JavaFX Application Thread] DEBUG GameScene            - Added MainViewComponent
15:06:55.128 [JavaFX Application Thread] DEBUG GameScene            - Entity added to scene
15:06:55.128 [JavaFX Application Thread] DEBUG GameScene            - Added MainViewComponent
15:06:55.128 [JavaFX Application Thread] DEBUG GameScene            - Entity added to scene
15:06:55.128 [JavaFX Application Thread] DEBUG GameScene            - Added MainViewComponent
15:06:55.128 [JavaFX Application Thread] DEBUG GameScene            - Entity added to scene
15:06:55.128 [JavaFX Application Thread] DEBUG GameScene            - Added MainViewComponent
15:06:55.129 [JavaFX Application Thread] DEBUG GameScene            - Entity added to scene
15:06:55.129 [JavaFX Application Thread] DEBUG GameScene            - Added MainViewComponent
15:06:55.129 [JavaFX Application Thread] DEBUG GameScene            - Entity added to scene
15:06:55.129 [JavaFX Application Thread] DEBUG GameScene            - Added MainViewComponent
15:06:55.129 [JavaFX Application Thread] DEBUG GameScene            - Entity added to scene
15:06:55.129 [JavaFX Application Thread] DEBUG GameScene            - Added MainViewComponent
15:06:55.129 [JavaFX Application Thread] DEBUG GameScene            - Entity added to scene
15:06:55.130 [JavaFX Application Thread] DEBUG GameScene            - Added MainViewComponent
15:06:55.130 [JavaFX Application Thread] DEBUG GameScene            - Entity added to scene
15:06:55.130 [JavaFX Application Thread] DEBUG GameScene            - Added MainViewComponent
15:06:55.130 [JavaFX Application Thread] DEBUG GameScene            - Entity added to scene
15:06:55.130 [JavaFX Application Thread] DEBUG GameScene            - Added MainViewComponent
15:06:55.130 [JavaFX Application Thread] DEBUG GameScene            - Entity added to scene
15:06:55.131 [JavaFX Application Thread] DEBUG GameScene            - Added MainViewComponent
15:06:55.131 [JavaFX Application Thread] DEBUG GameScene            - Entity added to scene
15:06:55.131 [JavaFX Application Thread] DEBUG GameScene            - Added MainViewComponent
15:06:55.131 [JavaFX Application Thread] DEBUG GameScene            - Entity added to scene
15:06:55.131 [JavaFX Application Thread] DEBUG GameScene            - Added MainViewComponent
15:06:55.131 [JavaFX Application Thread] DEBUG GameScene            - Entity added to scene
15:06:55.131 [JavaFX Application Thread] DEBUG GameScene            - Added MainViewComponent
15:06:55.131 [JavaFX Application Thread] DEBUG GameScene            - Entity added to scene
15:06:55.132 [JavaFX Application Thread] DEBUG GameScene            - Added MainViewComponent
15:06:55.132 [JavaFX Application Thread] DEBUG GameScene            - Entity added to scene
15:06:55.132 [JavaFX Application Thread] DEBUG GameScene            - Added MainViewComponent
15:06:55.132 [JavaFX Application Thread] DEBUG GameScene            - Entity added to scene
15:06:55.132 [JavaFX Application Thread] DEBUG GameScene            - Added MainViewComponent
15:06:55.132 [JavaFX Application Thread] DEBUG GameScene            - Entity added to scene
15:06:55.132 [JavaFX Application Thread] DEBUG GameScene            - Added MainViewComponent
15:06:55.132 [JavaFX Application Thread] DEBUG GameScene            - Entity added to scene
15:06:55.132 [JavaFX Application Thread] DEBUG GameScene            - Added MainViewComponent
15:06:55.132 [JavaFX Application Thread] DEBUG GameScene            - Entity added to scene
15:06:55.133 [JavaFX Application Thread] DEBUG GameScene            - Added MainViewComponent
15:06:55.133 [JavaFX Application Thread] DEBUG GameScene            - Entity added to scene
15:06:55.133 [JavaFX Application Thread] DEBUG GameScene            - Added MainViewComponent
15:06:55.133 [JavaFX Application Thread] DEBUG GameScene            - Entity added to scene
15:06:55.133 [JavaFX Application Thread] DEBUG GameScene            - Added MainViewComponent
15:06:55.133 [JavaFX Application Thread] DEBUG GameScene            - Entity added to scene
15:06:55.133 [JavaFX Application Thread] DEBUG GameScene            - Added MainViewComponent
15:06:55.134 [JavaFX Application Thread] DEBUG GameScene            - Entity added to scene
15:06:55.134 [JavaFX Application Thread] DEBUG GameScene            - Added MainViewComponent
15:06:55.134 [JavaFX Application Thread] DEBUG GameScene            - Entity added to scene
15:06:55.134 [JavaFX Application Thread] DEBUG GameScene            - Added MainViewComponent
15:06:55.134 [JavaFX Application Thread] DEBUG GameScene            - Entity added to scene
15:06:55.134 [JavaFX Application Thread] DEBUG GameScene            - Added MainViewComponent
15:06:55.134 [JavaFX Application Thread] DEBUG GameScene            - Entity added to scene
15:06:55.134 [JavaFX Application Thread] DEBUG GameScene            - Added MainViewComponent
15:06:55.135 [JavaFX Application Thread] DEBUG GameScene            - Entity added to scene
15:06:55.135 [JavaFX Application Thread] DEBUG GameScene            - Added MainViewComponent
15:06:55.135 [JavaFX Application Thread] DEBUG GameScene            - Entity added to scene
15:06:55.135 [JavaFX Application Thread] DEBUG GameScene            - Added MainViewComponent
15:06:55.135 [JavaFX Application Thread] DEBUG GameScene            - Entity added to scene
15:06:55.135 [JavaFX Application Thread] DEBUG GameScene            - Added MainViewComponent
15:06:55.135 [JavaFX Application Thread] DEBUG GameScene            - Entity added to scene
15:06:55.135 [JavaFX Application Thread] DEBUG GameScene            - Added MainViewComponent
15:06:55.135 [JavaFX Application Thread] DEBUG GameScene            - Entity added to scene
15:06:55.136 [JavaFX Application Thread] DEBUG GameScene            - Added MainViewComponent
15:06:55.136 [JavaFX Application Thread] DEBUG GameScene            - Entity added to scene
15:06:55.136 [JavaFX Application Thread] DEBUG GameScene            - Added MainViewComponent
15:06:55.136 [JavaFX Application Thread] DEBUG GameScene            - Entity added to scene
15:06:55.136 [JavaFX Application Thread] DEBUG GameScene            - Added MainViewComponent
15:06:55.136 [JavaFX Application Thread] DEBUG GameScene            - Entity added to scene
15:06:55.136 [JavaFX Application Thread] DEBUG GameScene            - Added MainViewComponent
15:06:55.136 [JavaFX Application Thread] DEBUG GameScene            - Entity added to scene
15:06:55.136 [JavaFX Application Thread] DEBUG GameScene            - Added MainViewComponent
15:06:55.136 [JavaFX Application Thread] DEBUG GameScene            - Entity added to scene
15:06:55.136 [JavaFX Application Thread] DEBUG GameScene            - Added MainViewComponent
15:06:55.137 [JavaFX Application Thread] DEBUG GameScene            - Entity added to scene
15:06:55.137 [JavaFX Application Thread] DEBUG GameScene            - Added MainViewComponent
15:06:55.137 [JavaFX Application Thread] DEBUG GameScene            - Creating render group for layer: BACKGROUND(0)
15:06:55.374 [JavaFX Application Thread] DEBUG FXGLAssetLoader      - Loading from disk: /assets/textures/pacman01.png
15:06:55.585 [JavaFX Application Thread] DEBUG FXGLAssetLoader      - Loading from disk: /assets/textures/pacman02.png
15:06:55.845 [JavaFX Application Thread] DEBUG FXGLAssetLoader      - Loading from disk: /assets/textures/pacman00.png
15:06:56.020 [JavaFX Application Thread] DEBUG FXGLAssetLoader      - Loading from cache: /assets/textures/pacman01.png
15:06:56.175 [JavaFX Application Thread] DEBUG FXGLAssetLoader      - Loading from cache: /assets/textures/pacman02.png
15:06:56.308 [JavaFX Application Thread] DEBUG FXGLAssetLoader      - Loading from cache: /assets/textures/pacman00.png
15:06:56.408 [JavaFX Application Thread] DEBUG FXGLAssetLoader      - Loading from cache: /assets/textures/pacman01.png
15:06:56.512 [JavaFX Application Thread] DEBUG FXGLAssetLoader      - Loading from cache: /assets/textures/pacman02.png
15:06:56.640 [JavaFX Application Thread] DEBUG FXGLAssetLoader      - Loading from cache: /assets/textures/pacman00.png
15:06:56.747 [JavaFX Application Thread] DEBUG FXGLAssetLoader      - Loading from cache: /assets/textures/pacman01.png
15:06:56.877 [JavaFX Application Thread] DEBUG FXGLAssetLoader      - Loading from cache: /assets/textures/pacman02.png
15:06:57.004 [JavaFX Application Thread] DEBUG FXGLAssetLoader      - Loading from cache: /assets/textures/pacman00.png
15:06:57.133 [JavaFX Application Thread] DEBUG FXGLAssetLoader      - Loading from cache: /assets/textures/pacman01.png
15:06:57.245 [JavaFX Application Thread] DEBUG FXGLAssetLoader      - Loading from cache: /assets/textures/pacman02.png
15:06:57.406 [JavaFX Application Thread] DEBUG FXGLAssetLoader      - Loading from cache: /assets/textures/pacman00.png
15:06:57.597 [JavaFX Application Thread] DEBUG FXGLAssetLoader      - Loading from cache: /assets/textures/pacman01.png
15:06:57.777 [JavaFX Application Thread] DEBUG FXGLAssetLoader      - Loading from cache: /assets/textures/pacman02.png
15:06:57.965 [JavaFX Application Thread] DEBUG FXGLAssetLoader      - Loading from cache: /assets/textures/pacman00.png
15:06:58.157 [JavaFX Application Thread] DEBUG FXGLAssetLoader      - Loading from cache: /assets/textures/pacman01.png
15:06:58.350 [JavaFX Application Thread] DEBUG FXGLAssetLoader      - Loading from cache: /assets/textures/pacman02.png
15:06:58.526 [JavaFX Application Thread] DEBUG FXGLAssetLoader      - Loading from cache: /assets/textures/pacman00.png
15:06:58.718 [JavaFX Application Thread] DEBUG FXGLAssetLoader      - Loading from cache: /assets/textures/pacman01.png
15:06:58.895 [JavaFX Application Thread] DEBUG FXGLAssetLoader      - Loading from cache: /assets/textures/pacman02.png
15:06:59.087 [JavaFX Application Thread] DEBUG FXGLAssetLoader      - Loading from cache: /assets/textures/pacman00.png
15:06:59.278 [JavaFX Application Thread] DEBUG FXGLAssetLoader      - Loading from cache: /assets/textures/pacman01.png
15:06:59.455 [JavaFX Application Thread] DEBUG FXGLAssetLoader      - Loading from cache: /assets/textures/pacman02.png
15:06:59.647 [JavaFX Application Thread] DEBUG FXGLAssetLoader      - Loading from cache: /assets/textures/pacman00.png
15:06:59.838 [JavaFX Application Thread] DEBUG FXGLAssetLoader      - Loading from cache: /assets/textures/pacman01.png
15:06:59.977 [JavaFX Application Thread] DEBUG FXGLEventBus         - Firing event: DisplayEvent[type=DIALOG_OPENED]
15:06:59.986 [JavaFX Application Thread] DEBUG FXGLInput            - Clearing active input actions
15:06:59.986 [JavaFX Application Thread] DEBUG FXGLMasterTimer      - Stopping master timer
15:06:59.986 [JavaFX Application Thread] DEBUG GameApplication      - State: PLAYING -> PAUSED
15:06:59.986 [JavaFX Application Thread] DEBUG FXGLEventBus         - Firing event: FXGLEvent[type=PAUSE]
15:06:59.986 [JavaFX Application Thread] DEBUG FXGLInput            - Clearing active input actions
15:07:00.738 [JavaFX Application Thread] DEBUG FXGLEventBus         - Firing event: DisplayEvent[type=DIALOG_CLOSED]
15:07:00.739 [JavaFX Application Thread] DEBUG FXGLInput            - Clearing active input actions
15:07:00.739 [JavaFX Application Thread] DEBUG FXGLMasterTimer      - Starting master timer
15:07:00.739 [JavaFX Application Thread] DEBUG GameApplication      - State: PAUSED -> PLAYING
15:07:00.739 [JavaFX Application Thread] DEBUG FXGLEventBus         - Firing event: FXGLEvent[type=RESUME]
15:07:00.739 [JavaFX Application Thread] DEBUG FXGLEventBus         - Firing event: DisplayEvent[type=CLOSE_REQUEST]
15:07:00.741 [JavaFX Application Thread] DEBUG FXGLEventBus         - Firing event: FXGLEvent[type=EXIT]
15:07:00.741 [JavaFX Application Thread] DEBUG FXGL                 - Saving FXGL system data
15:07:00.742 [JavaFX Application Thread] DEBUG IOTask               - Executing task: writeDataTask(system/fxgl.bundle)
15:07:00.743 [JavaFX Application Thread] DEBUG FS                   - Writing to: system\fxgl.bundle
15:07:00.746 [JavaFX Application Thread] DEBUG IOTask               - Task succeeded: writeDataTask(system/fxgl.bundle)
