11:25:00.647 [FXGL Launcher Thread     ] DEBUG FXGLLoggerFactory    - Service [LoggerFactory] initialized
11:25:00.654 [FXGL Launcher Thread     ] DEBUG FXGL                 - FXGL configuration complete
11:25:00.655 [FXGL Launcher Thread     ] DEBUG FXGL                 - Loading FXGL system data
11:25:00.658 [FXGL Launcher Thread     ] DEBUG IOTask               - Executing task: readDataTask(system/fxgl.bundle)
11:25:00.660 [FXGL Launcher Thread     ] DEBUG FS                   - Reading from: system\fxgl.bundle
11:25:00.666 [FXGL Launcher Thread     ] DEBUG IOTask               - Task succeeded: readDataTask(system/fxgl.bundle)
11:25:00.666 [FXGL Launcher Thread     ] DEBUG Bundle               - Logging bundle: FXGL
11:25:00.667 [FXGL Launcher Thread     ] DEBUG Bundle               - FXGL.offline.timer.version.check=2017-01-18T11:24:23.393
11:25:00.674 [JavaFX Application Thread] DEBUG UpdaterTask          - Checking for updates
11:25:00.760 [JavaFX Application Thread] DEBUG FXGLEventBus         - Service [EventBus] initialized
11:25:00.764 [JavaFX Application Thread] DEBUG FXGLExecutor         - Service [Executor] initialized
11:25:00.765 [JavaFX Application Thread] DEBUG IOTask               - Showing dialog
11:25:00.767 [FXGL Background Thread 1 ] DEBUG IOTask               - Executing task: openStream(https://raw.githubusercontent.com/AlmasB/FXGL/master/pom.xml)
11:25:00.767 [FXGL Background Thread 1 ] DEBUG IOTask               - Executing task: openStream(https://raw.githubusercontent.com/AlmasB/FXGL/master/pom.xml)
11:25:01.354 [JavaFX Application Thread] DEBUG IOTask               - fail(): Dismissing dialog
11:25:01.354 [JavaFX Application Thread] WARN  IOTask               - Task failed: openStream(https://raw.githubusercontent.com/AlmasB/FXGL/master/pom.xml) Error: javax.net.ssl.SSLHandshakeException: sun.security.validator.ValidatorException: PKIX path building failed: sun.security.provider.certpath.SunCertPathBuilderException: unable to find valid certification path to requested target
11:25:01.354 [JavaFX Application Thread] WARN  UpdaterTask          - Failed to find updates: javax.net.ssl.SSLHandshakeException: sun.security.validator.ValidatorException: PKIX path building failed: sun.security.provider.certpath.SunCertPathBuilderException: unable to find valid certification path to requested target
11:25:02.077 [FXGL Launcher Thread     ] DEBUG GameApplication      - Configuring GameApplication
11:25:02.083 [FXGL Launcher Thread     ] DEBUG FXGLExceptionHandler - Service [ExceptionHandler] initialized
11:25:02.083 [FXGL Launcher Thread     ] DEBUG PreInitTask          - Injecting gameWorld & physicsWorld
11:25:02.094 [FXGL Launcher Thread     ] DEBUG GameWorld            - Game world initialized
11:25:02.191 [FXGL Launcher Thread     ] DEBUG FXGLPooler           - Service [Pooler] initialized with default size = 128
11:25:02.191 [FXGL Launcher Thread     ] DEBUG PhysicsWorld         - Physics world initialized: appHeight=840.0, physics.ppm=50.0
11:25:02.193 [FXGL Launcher Thread     ] DEBUG FXGLInput            - Service [Input] initialized
11:25:02.213 [FXGL Launcher Thread     ] DEBUG FXGLInput            - Registered new binding: Screenshot - P
11:25:02.213 [FXGL Launcher Thread     ] DEBUG FXGLInput            - Registered new binding: Dev Options - CTRL+0
11:25:02.215 [FXGL Launcher Thread     ] DEBUG FXGLInput            - Registered new binding: Up - W
11:25:02.215 [FXGL Launcher Thread     ] DEBUG FXGLInput            - Registered new binding: Left - A
11:25:02.216 [FXGL Launcher Thread     ] DEBUG FXGLInput            - Registered new binding: Down - S
11:25:02.216 [FXGL Launcher Thread     ] DEBUG FXGLInput            - Registered new binding: Right - D
11:25:02.244 [FXGL Launcher Thread     ] DEBUG GameScene            - Game scene initialized: 960.0x840.0
11:25:02.249 [FXGL Launcher Thread     ] DEBUG FXGLAssetLoader      - Service [AssetLoader] initialized: cacheSize=35
11:25:02.252 [FXGL Launcher Thread     ] DEBUG FXGLAssetLoader      - Loading from disk: /assets/sounds/system/notification.wav
11:25:02.279 [FXGL Launcher Thread     ] DEBUG FXGLAssetLoader      - Loading from disk: /assets/sounds/menu/select.wav
11:25:02.281 [FXGL Launcher Thread     ] DEBUG FXGLAssetLoader      - Loading from disk: /assets/sounds/menu/back.wav
11:25:02.284 [FXGL Launcher Thread     ] DEBUG FXGLAssetLoader      - Loading from disk: /assets/sounds/menu/press.wav
11:25:02.288 [FXGL Launcher Thread     ] DEBUG FXGLAssetLoader      - Loading from disk: /assets/ui/fonts/Copperplate_Gothic_Light_Regular.ttf
11:25:02.294 [FXGL Launcher Thread     ] DEBUG FXGLAssetLoader      - Loading from disk: /assets/ui/css/fxgl.css
11:25:02.295 [FXGL Launcher Thread     ] DEBUG FXGLAssetLoader      - Loading from disk: /assets/ui/icons/fxgl_icon.png
11:25:02.334 [FXGL Launcher Thread     ] DEBUG FXGLAssetLoader      - Loading from disk: /assets/ui/css/fxgl_dark.css
11:25:02.344 [FXGL Launcher Thread     ] DEBUG FXGLDisplay          - Target size: DoubleProperty [value: 960.0] x DoubleProperty [value: 840.0] @ 1.0
11:25:02.345 [FXGL Launcher Thread     ] DEBUG FXGLDisplay          - New size:    960.0 x 840.0 @ DoubleProperty [value: 1.0]
11:25:02.345 [FXGL Launcher Thread     ] DEBUG FXGLDisplay          - Service [Display] initialized
11:25:02.346 [FXGL Launcher Thread     ] DEBUG FXGLDisplay          - Using CSS: CSS(externalForm=jar:file:/C:/Computer%20Science/Game%20Design/3rd/Pacman/lib/fxgl-0.2.9-uber.jar!/assets/ui/css/fxgl_dark.css)
11:25:02.346 [FXGL Launcher Thread     ] DEBUG InitScenesTask       - Injecting loadingScene & gameScene
11:25:02.367 [FXGL Launcher Thread     ] DEBUG FXGLMasterTimer      - Service [MasterTimer] initialized
11:25:02.370 [FXGL Launcher Thread     ] DEBUG FXGLAudioPlayer      - Service [AudioPlayer] initialized
11:25:02.378 [FXGL Launcher Thread     ] DEBUG GameApplication      - Starting new game
11:25:02.380 [FXGL Launcher Thread     ] DEBUG GameApplication      - Initializing App
11:25:02.381 [FXGL Launcher Thread     ] DEBUG FXGLInput            - Clearing active input actions
11:25:02.382 [FXGL Launcher Thread     ] DEBUG FXGLMasterTimer      - Stopping master timer
11:25:02.382 [FXGL Launcher Thread     ] DEBUG GameApplication      - State: STARTUP -> PAUSED
11:25:02.382 [FXGL Launcher Thread     ] DEBUG FXGLEventBus         - Firing event: FXGLEvent[type=PAUSE]
11:25:02.383 [FXGL Launcher Thread     ] DEBUG FXGLInput            - Clearing active input actions
11:25:02.383 [FXGL Launcher Thread     ] DEBUG FXGLMasterTimer      - Resetting ticks and clearing all actions
11:25:02.383 [FXGL Launcher Thread     ] DEBUG GameWorld            - Resetting game world
11:25:02.383 [FXGL Launcher Thread     ] TRACE EntityWorld          - Resetting entity world
11:25:02.386 [FXGL Launcher Thread     ] DEBUG PhysicsWorld         - Resetting physics world
11:25:02.387 [FXGL Launcher Thread     ] DEBUG GameScene            - Resetting game scene
11:25:02.387 [FXGL Launcher Thread     ] DEBUG FXGLEventBus         - Firing event: FXGLEvent[type=RESET]
11:25:02.455 [FXGL Launcher Thread     ] DEBUG GameApplication      - State: PAUSED -> LOADING
11:25:02.487 [FXGL Background Thread 1 ] DEBUG InitAppTask          - Initializing Assets
11:25:02.488 [FXGL Background Thread 1 ] DEBUG InitAppTask          - Initializing Game
11:25:02.494 [FXGL Background Thread 1 ] DEBUG FXGLAssetLoader      - Loading from disk: /assets/text/level.txt
11:25:02.630 [JavaFX Application Thread] DEBUG FXGLDisplay          - Showing stage
11:25:02.630 [JavaFX Application Thread] DEBUG FXGLDisplay          - Root size: 960.0x840.0
11:25:02.630 [JavaFX Application Thread] DEBUG FXGLDisplay          - Scene size: 960.0x840.0
11:25:02.630 [JavaFX Application Thread] DEBUG FXGLDisplay          - Stage size: 978.0x885.0
11:25:02.691 [FXGL Background Thread 1 ] DEBUG FXGLAssetLoader      - Loading from disk: /assets/textures/blinkyRight00.png
11:25:02.791 [FXGL Background Thread 1 ] DEBUG FXGLAssetLoader      - Loading from disk: /assets/textures/pacman00.png
11:25:02.827 [FXGL Background Thread 1 ] DEBUG GameWorld            - Resetting game world
11:25:02.827 [FXGL Background Thread 1 ] TRACE EntityWorld          - Resetting entity world
11:25:02.828 [FXGL Background Thread 1 ] DEBUG PhysicsWorld         - Resetting physics world
11:25:02.828 [FXGL Background Thread 1 ] DEBUG GameScene            - Resetting game scene
11:25:02.828 [FXGL Background Thread 1 ] DEBUG GameWorld            - Setting level: com.almasb.fxgl.gameplay.Level@7932a780
11:25:02.829 [FXGL Background Thread 1 ] DEBUG InitAppTask          - Initializing Physics
11:25:02.830 [FXGL Background Thread 1 ] DEBUG InitAppTask          - Initializing UI
11:25:02.831 [FXGL Background Thread 1 ] DEBUG FXGLAssetLoader      - Loading from disk: /assets/ui/pacman_ui.fxml
11:25:02.895 [FXGL Background Thread 1 ] DEBUG GameScene            - Adding UI node: Pane@3bab227b
11:25:02.895 [FXGL Background Thread 1 ] DEBUG InitAppTask          - Initialization Complete
11:25:02.897 [JavaFX Application Thread] DEBUG FXGLInput            - Clearing active input actions
11:25:02.898 [JavaFX Application Thread] DEBUG FXGLMasterTimer      - Starting master timer
11:25:02.898 [JavaFX Application Thread] DEBUG GameApplication      - State: LOADING -> PLAYING
11:25:02.913 [JavaFX Application Thread] DEBUG FXGLEventBus         - Firing event: FXGLEvent[type=RESUME]
11:25:02.921 [JavaFX Application Thread] DEBUG GameScene            - Entity added to scene
11:25:02.922 [JavaFX Application Thread] DEBUG GameScene            - Added MainViewComponent
11:25:02.926 [JavaFX Application Thread] DEBUG GameScene            - Creating render group for layer: PLAYGROUND(1073741823)
11:25:02.930 [JavaFX Application Thread] DEBUG GameScene            - Entity added to scene
11:25:02.931 [JavaFX Application Thread] DEBUG GameScene            - Added MainViewComponent
11:25:02.931 [JavaFX Application Thread] DEBUG GameScene            - Entity added to scene
11:25:02.931 [JavaFX Application Thread] DEBUG GameScene            - Added MainViewComponent
11:25:02.932 [JavaFX Application Thread] DEBUG GameScene            - Entity added to scene
11:25:02.932 [JavaFX Application Thread] DEBUG GameScene            - Added MainViewComponent
11:25:02.932 [JavaFX Application Thread] DEBUG GameScene            - Entity added to scene
11:25:02.932 [JavaFX Application Thread] DEBUG GameScene            - Added MainViewComponent
11:25:02.933 [JavaFX Application Thread] DEBUG GameScene            - Entity added to scene
11:25:02.933 [JavaFX Application Thread] DEBUG GameScene            - Added MainViewComponent
11:25:02.933 [JavaFX Application Thread] DEBUG GameScene            - Entity added to scene
11:25:02.933 [JavaFX Application Thread] DEBUG GameScene            - Added MainViewComponent
11:25:02.934 [JavaFX Application Thread] DEBUG GameScene            - Entity added to scene
11:25:02.934 [JavaFX Application Thread] DEBUG GameScene            - Added MainViewComponent
11:25:02.934 [JavaFX Application Thread] DEBUG GameScene            - Entity added to scene
11:25:02.934 [JavaFX Application Thread] DEBUG GameScene            - Added MainViewComponent
11:25:02.935 [JavaFX Application Thread] DEBUG GameScene            - Entity added to scene
11:25:02.935 [JavaFX Application Thread] DEBUG GameScene            - Added MainViewComponent
11:25:02.935 [JavaFX Application Thread] DEBUG GameScene            - Entity added to scene
11:25:02.935 [JavaFX Application Thread] DEBUG GameScene            - Added MainViewComponent
11:25:02.936 [JavaFX Application Thread] DEBUG GameScene            - Entity added to scene
11:25:02.936 [JavaFX Application Thread] DEBUG GameScene            - Added MainViewComponent
11:25:02.936 [JavaFX Application Thread] DEBUG GameScene            - Entity added to scene
11:25:02.936 [JavaFX Application Thread] DEBUG GameScene            - Added MainViewComponent
11:25:02.937 [JavaFX Application Thread] DEBUG GameScene            - Entity added to scene
11:25:02.937 [JavaFX Application Thread] DEBUG GameScene            - Added MainViewComponent
11:25:02.938 [JavaFX Application Thread] DEBUG GameScene            - Entity added to scene
11:25:02.938 [JavaFX Application Thread] DEBUG GameScene            - Added MainViewComponent
11:25:02.938 [JavaFX Application Thread] DEBUG GameScene            - Entity added to scene
11:25:02.938 [JavaFX Application Thread] DEBUG GameScene            - Added MainViewComponent
11:25:02.939 [JavaFX Application Thread] DEBUG GameScene            - Entity added to scene
11:25:02.939 [JavaFX Application Thread] DEBUG GameScene            - Added MainViewComponent
11:25:02.939 [JavaFX Application Thread] DEBUG GameScene            - Entity added to scene
11:25:02.939 [JavaFX Application Thread] DEBUG GameScene            - Added MainViewComponent
11:25:02.940 [JavaFX Application Thread] DEBUG GameScene            - Entity added to scene
11:25:02.940 [JavaFX Application Thread] DEBUG GameScene            - Added MainViewComponent
11:25:02.940 [JavaFX Application Thread] DEBUG GameScene            - Entity added to scene
11:25:02.941 [JavaFX Application Thread] DEBUG GameScene            - Added MainViewComponent
11:25:02.941 [JavaFX Application Thread] DEBUG GameScene            - Entity added to scene
11:25:02.941 [JavaFX Application Thread] DEBUG GameScene            - Added MainViewComponent
11:25:02.942 [JavaFX Application Thread] DEBUG GameScene            - Entity added to scene
11:25:02.944 [JavaFX Application Thread] DEBUG GameScene            - Added MainViewComponent
11:25:02.945 [JavaFX Application Thread] DEBUG GameScene            - Entity added to scene
11:25:02.945 [JavaFX Application Thread] DEBUG GameScene            - Added MainViewComponent
11:25:02.945 [JavaFX Application Thread] DEBUG GameScene            - Entity added to scene
11:25:02.946 [JavaFX Application Thread] DEBUG GameScene            - Added MainViewComponent
11:25:02.946 [JavaFX Application Thread] DEBUG GameScene            - Entity added to scene
11:25:02.946 [JavaFX Application Thread] DEBUG GameScene            - Added MainViewComponent
11:25:02.947 [JavaFX Application Thread] DEBUG GameScene            - Entity added to scene
11:25:02.947 [JavaFX Application Thread] DEBUG GameScene            - Added MainViewComponent
11:25:02.947 [JavaFX Application Thread] DEBUG GameScene            - Entity added to scene
11:25:02.947 [JavaFX Application Thread] DEBUG GameScene            - Added MainViewComponent
11:25:02.948 [JavaFX Application Thread] DEBUG GameScene            - Entity added to scene
11:25:02.948 [JavaFX Application Thread] DEBUG GameScene            - Added MainViewComponent
11:25:02.949 [JavaFX Application Thread] DEBUG GameScene            - Entity added to scene
11:25:02.949 [JavaFX Application Thread] DEBUG GameScene            - Added MainViewComponent
11:25:02.949 [JavaFX Application Thread] DEBUG GameScene            - Entity added to scene
11:25:02.949 [JavaFX Application Thread] DEBUG GameScene            - Added MainViewComponent
11:25:02.950 [JavaFX Application Thread] DEBUG GameScene            - Entity added to scene
11:25:02.950 [JavaFX Application Thread] DEBUG GameScene            - Added MainViewComponent
11:25:02.950 [JavaFX Application Thread] DEBUG GameScene            - Entity added to scene
11:25:02.950 [JavaFX Application Thread] DEBUG GameScene            - Added MainViewComponent
11:25:02.951 [JavaFX Application Thread] DEBUG GameScene            - Entity added to scene
11:25:02.951 [JavaFX Application Thread] DEBUG GameScene            - Added MainViewComponent
11:25:02.953 [JavaFX Application Thread] DEBUG GameScene            - Entity added to scene
11:25:02.953 [JavaFX Application Thread] DEBUG GameScene            - Added MainViewComponent
11:25:02.953 [JavaFX Application Thread] DEBUG GameScene            - Entity added to scene
11:25:02.953 [JavaFX Application Thread] DEBUG GameScene            - Added MainViewComponent
11:25:02.954 [JavaFX Application Thread] DEBUG GameScene            - Entity added to scene
11:25:02.954 [JavaFX Application Thread] DEBUG GameScene            - Added MainViewComponent
11:25:02.954 [JavaFX Application Thread] DEBUG GameScene            - Entity added to scene
11:25:02.954 [JavaFX Application Thread] DEBUG GameScene            - Added MainViewComponent
11:25:02.954 [JavaFX Application Thread] DEBUG GameScene            - Entity added to scene
11:25:02.954 [JavaFX Application Thread] DEBUG GameScene            - Added MainViewComponent
11:25:02.954 [JavaFX Application Thread] DEBUG GameScene            - Entity added to scene
11:25:02.954 [JavaFX Application Thread] DEBUG GameScene            - Added MainViewComponent
11:25:02.955 [JavaFX Application Thread] DEBUG GameScene            - Entity added to scene
11:25:02.955 [JavaFX Application Thread] DEBUG GameScene            - Added MainViewComponent
11:25:02.955 [JavaFX Application Thread] DEBUG GameScene            - Entity added to scene
11:25:02.955 [JavaFX Application Thread] DEBUG GameScene            - Added MainViewComponent
11:25:02.955 [JavaFX Application Thread] DEBUG GameScene            - Entity added to scene
11:25:02.955 [JavaFX Application Thread] DEBUG GameScene            - Added MainViewComponent
11:25:02.956 [JavaFX Application Thread] DEBUG GameScene            - Entity added to scene
11:25:02.956 [JavaFX Application Thread] DEBUG GameScene            - Added MainViewComponent
11:25:02.956 [JavaFX Application Thread] DEBUG GameScene            - Entity added to scene
11:25:02.956 [JavaFX Application Thread] DEBUG GameScene            - Added MainViewComponent
11:25:02.957 [JavaFX Application Thread] DEBUG GameScene            - Entity added to scene
11:25:02.957 [JavaFX Application Thread] DEBUG GameScene            - Added MainViewComponent
11:25:02.957 [JavaFX Application Thread] DEBUG GameScene            - Entity added to scene
11:25:02.957 [JavaFX Application Thread] DEBUG GameScene            - Added MainViewComponent
11:25:02.957 [JavaFX Application Thread] DEBUG GameScene            - Entity added to scene
11:25:02.957 [JavaFX Application Thread] DEBUG GameScene            - Added MainViewComponent
11:25:02.958 [JavaFX Application Thread] DEBUG GameScene            - Entity added to scene
11:25:02.958 [JavaFX Application Thread] DEBUG GameScene            - Added MainViewComponent
11:25:02.958 [JavaFX Application Thread] DEBUG GameScene            - Entity added to scene
11:25:02.958 [JavaFX Application Thread] DEBUG GameScene            - Added MainViewComponent
11:25:02.958 [JavaFX Application Thread] DEBUG GameScene            - Entity added to scene
11:25:02.958 [JavaFX Application Thread] DEBUG GameScene            - Added MainViewComponent
11:25:02.959 [JavaFX Application Thread] DEBUG GameScene            - Entity added to scene
11:25:02.959 [JavaFX Application Thread] DEBUG GameScene            - Added MainViewComponent
11:25:02.959 [JavaFX Application Thread] DEBUG GameScene            - Entity added to scene
11:25:02.959 [JavaFX Application Thread] DEBUG GameScene            - Added MainViewComponent
11:25:02.960 [JavaFX Application Thread] DEBUG GameScene            - Entity added to scene
11:25:02.960 [JavaFX Application Thread] DEBUG GameScene            - Added MainViewComponent
11:25:02.960 [JavaFX Application Thread] DEBUG GameScene            - Entity added to scene
11:25:02.960 [JavaFX Application Thread] DEBUG GameScene            - Added MainViewComponent
11:25:02.960 [JavaFX Application Thread] DEBUG GameScene            - Entity added to scene
11:25:02.961 [JavaFX Application Thread] DEBUG GameScene            - Added MainViewComponent
11:25:02.961 [JavaFX Application Thread] DEBUG GameScene            - Entity added to scene
11:25:02.961 [JavaFX Application Thread] DEBUG GameScene            - Added MainViewComponent
11:25:02.961 [JavaFX Application Thread] DEBUG GameScene            - Entity added to scene
11:25:02.961 [JavaFX Application Thread] DEBUG GameScene            - Added MainViewComponent
11:25:02.961 [JavaFX Application Thread] DEBUG GameScene            - Entity added to scene
11:25:02.961 [JavaFX Application Thread] DEBUG GameScene            - Added MainViewComponent
11:25:02.962 [JavaFX Application Thread] DEBUG GameScene            - Entity added to scene
11:25:02.962 [JavaFX Application Thread] DEBUG GameScene            - Added MainViewComponent
11:25:02.962 [JavaFX Application Thread] DEBUG GameScene            - Entity added to scene
11:25:02.962 [JavaFX Application Thread] DEBUG GameScene            - Added MainViewComponent
11:25:02.962 [JavaFX Application Thread] DEBUG GameScene            - Entity added to scene
11:25:02.962 [JavaFX Application Thread] DEBUG GameScene            - Added MainViewComponent
11:25:02.962 [JavaFX Application Thread] DEBUG GameScene            - Entity added to scene
11:25:02.962 [JavaFX Application Thread] DEBUG GameScene            - Added MainViewComponent
11:25:02.963 [JavaFX Application Thread] DEBUG GameScene            - Entity added to scene
11:25:02.963 [JavaFX Application Thread] DEBUG GameScene            - Added MainViewComponent
11:25:02.963 [JavaFX Application Thread] DEBUG GameScene            - Entity added to scene
11:25:02.963 [JavaFX Application Thread] DEBUG GameScene            - Added MainViewComponent
11:25:02.963 [JavaFX Application Thread] DEBUG GameScene            - Entity added to scene
11:25:02.963 [JavaFX Application Thread] DEBUG GameScene            - Added MainViewComponent
11:25:02.964 [JavaFX Application Thread] DEBUG GameScene            - Entity added to scene
11:25:02.964 [JavaFX Application Thread] DEBUG GameScene            - Added MainViewComponent
11:25:02.964 [JavaFX Application Thread] DEBUG GameScene            - Entity added to scene
11:25:02.964 [JavaFX Application Thread] DEBUG GameScene            - Added MainViewComponent
11:25:02.964 [JavaFX Application Thread] DEBUG GameScene            - Entity added to scene
11:25:02.964 [JavaFX Application Thread] DEBUG GameScene            - Added MainViewComponent
11:25:02.964 [JavaFX Application Thread] DEBUG GameScene            - Entity added to scene
11:25:02.964 [JavaFX Application Thread] DEBUG GameScene            - Added MainViewComponent
11:25:02.965 [JavaFX Application Thread] DEBUG GameScene            - Entity added to scene
11:25:02.965 [JavaFX Application Thread] DEBUG GameScene            - Added MainViewComponent
11:25:02.965 [JavaFX Application Thread] DEBUG GameScene            - Entity added to scene
11:25:02.965 [JavaFX Application Thread] DEBUG GameScene            - Added MainViewComponent
11:25:02.965 [JavaFX Application Thread] DEBUG GameScene            - Entity added to scene
11:25:02.965 [JavaFX Application Thread] DEBUG GameScene            - Added MainViewComponent
11:25:02.966 [JavaFX Application Thread] DEBUG GameScene            - Entity added to scene
11:25:02.966 [JavaFX Application Thread] DEBUG GameScene            - Added MainViewComponent
11:25:02.966 [JavaFX Application Thread] DEBUG GameScene            - Entity added to scene
11:25:02.966 [JavaFX Application Thread] DEBUG GameScene            - Added MainViewComponent
11:25:02.966 [JavaFX Application Thread] DEBUG GameScene            - Entity added to scene
11:25:02.966 [JavaFX Application Thread] DEBUG GameScene            - Added MainViewComponent
11:25:02.966 [JavaFX Application Thread] DEBUG GameScene            - Entity added to scene
11:25:02.967 [JavaFX Application Thread] DEBUG GameScene            - Added MainViewComponent
11:25:02.967 [JavaFX Application Thread] DEBUG GameScene            - Entity added to scene
11:25:02.967 [JavaFX Application Thread] DEBUG GameScene            - Added MainViewComponent
11:25:02.967 [JavaFX Application Thread] DEBUG GameScene            - Entity added to scene
11:25:02.967 [JavaFX Application Thread] DEBUG GameScene            - Added MainViewComponent
11:25:02.968 [JavaFX Application Thread] DEBUG GameScene            - Entity added to scene
11:25:02.968 [JavaFX Application Thread] DEBUG GameScene            - Added MainViewComponent
11:25:02.968 [JavaFX Application Thread] DEBUG GameScene            - Entity added to scene
11:25:02.968 [JavaFX Application Thread] DEBUG GameScene            - Added MainViewComponent
11:25:02.969 [JavaFX Application Thread] DEBUG GameScene            - Entity added to scene
11:25:02.969 [JavaFX Application Thread] DEBUG GameScene            - Added MainViewComponent
11:25:02.969 [JavaFX Application Thread] DEBUG GameScene            - Entity added to scene
11:25:02.969 [JavaFX Application Thread] DEBUG GameScene            - Added MainViewComponent
11:25:02.969 [JavaFX Application Thread] DEBUG GameScene            - Entity added to scene
11:25:02.969 [JavaFX Application Thread] DEBUG GameScene            - Added MainViewComponent
11:25:02.970 [JavaFX Application Thread] DEBUG GameScene            - Entity added to scene
11:25:02.970 [JavaFX Application Thread] DEBUG GameScene            - Added MainViewComponent
11:25:02.970 [JavaFX Application Thread] DEBUG GameScene            - Entity added to scene
11:25:02.970 [JavaFX Application Thread] DEBUG GameScene            - Added MainViewComponent
11:25:02.970 [JavaFX Application Thread] DEBUG GameScene            - Entity added to scene
11:25:02.971 [JavaFX Application Thread] DEBUG GameScene            - Added MainViewComponent
11:25:02.971 [JavaFX Application Thread] DEBUG GameScene            - Entity added to scene
11:25:02.971 [JavaFX Application Thread] DEBUG GameScene            - Added MainViewComponent
11:25:02.971 [JavaFX Application Thread] DEBUG GameScene            - Entity added to scene
11:25:02.971 [JavaFX Application Thread] DEBUG GameScene            - Added MainViewComponent
11:25:02.972 [JavaFX Application Thread] DEBUG GameScene            - Entity added to scene
11:25:02.972 [JavaFX Application Thread] DEBUG GameScene            - Added MainViewComponent
11:25:02.973 [JavaFX Application Thread] DEBUG GameScene            - Entity added to scene
11:25:02.973 [JavaFX Application Thread] DEBUG GameScene            - Added MainViewComponent
11:25:02.973 [JavaFX Application Thread] DEBUG GameScene            - Entity added to scene
11:25:02.973 [JavaFX Application Thread] DEBUG GameScene            - Added MainViewComponent
11:25:02.973 [JavaFX Application Thread] DEBUG GameScene            - Entity added to scene
11:25:02.974 [JavaFX Application Thread] DEBUG GameScene            - Added MainViewComponent
11:25:02.974 [JavaFX Application Thread] DEBUG GameScene            - Entity added to scene
11:25:02.974 [JavaFX Application Thread] DEBUG GameScene            - Added MainViewComponent
11:25:02.974 [JavaFX Application Thread] DEBUG GameScene            - Entity added to scene
11:25:02.974 [JavaFX Application Thread] DEBUG GameScene            - Added MainViewComponent
11:25:02.975 [JavaFX Application Thread] DEBUG GameScene            - Entity added to scene
11:25:02.975 [JavaFX Application Thread] DEBUG GameScene            - Added MainViewComponent
11:25:02.975 [JavaFX Application Thread] DEBUG GameScene            - Entity added to scene
11:25:02.975 [JavaFX Application Thread] DEBUG GameScene            - Added MainViewComponent
11:25:02.975 [JavaFX Application Thread] DEBUG GameScene            - Entity added to scene
11:25:02.976 [JavaFX Application Thread] DEBUG GameScene            - Added MainViewComponent
11:25:02.976 [JavaFX Application Thread] DEBUG GameScene            - Entity added to scene
11:25:02.976 [JavaFX Application Thread] DEBUG GameScene            - Added MainViewComponent
11:25:02.976 [JavaFX Application Thread] DEBUG GameScene            - Entity added to scene
11:25:02.976 [JavaFX Application Thread] DEBUG GameScene            - Added MainViewComponent
11:25:02.976 [JavaFX Application Thread] DEBUG GameScene            - Entity added to scene
11:25:02.976 [JavaFX Application Thread] DEBUG GameScene            - Added MainViewComponent
11:25:02.977 [JavaFX Application Thread] DEBUG GameScene            - Entity added to scene
11:25:02.977 [JavaFX Application Thread] DEBUG GameScene            - Added MainViewComponent
11:25:02.977 [JavaFX Application Thread] DEBUG GameScene            - Entity added to scene
11:25:02.977 [JavaFX Application Thread] DEBUG GameScene            - Added MainViewComponent
11:25:02.977 [JavaFX Application Thread] DEBUG GameScene            - Entity added to scene
11:25:02.977 [JavaFX Application Thread] DEBUG GameScene            - Added MainViewComponent
11:25:02.978 [JavaFX Application Thread] DEBUG GameScene            - Entity added to scene
11:25:02.978 [JavaFX Application Thread] DEBUG GameScene            - Added MainViewComponent
11:25:02.978 [JavaFX Application Thread] DEBUG GameScene            - Entity added to scene
11:25:02.978 [JavaFX Application Thread] DEBUG GameScene            - Added MainViewComponent
11:25:02.978 [JavaFX Application Thread] DEBUG GameScene            - Entity added to scene
11:25:02.978 [JavaFX Application Thread] DEBUG GameScene            - Added MainViewComponent
11:25:02.979 [JavaFX Application Thread] DEBUG GameScene            - Entity added to scene
11:25:02.979 [JavaFX Application Thread] DEBUG GameScene            - Added MainViewComponent
11:25:02.979 [JavaFX Application Thread] DEBUG GameScene            - Entity added to scene
11:25:02.979 [JavaFX Application Thread] DEBUG GameScene            - Added MainViewComponent
11:25:02.979 [JavaFX Application Thread] DEBUG GameScene            - Entity added to scene
11:25:02.979 [JavaFX Application Thread] DEBUG GameScene            - Added MainViewComponent
11:25:02.981 [JavaFX Application Thread] DEBUG GameScene            - Entity added to scene
11:25:02.981 [JavaFX Application Thread] DEBUG GameScene            - Added MainViewComponent
11:25:02.981 [JavaFX Application Thread] DEBUG GameScene            - Entity added to scene
11:25:02.981 [JavaFX Application Thread] DEBUG GameScene            - Added MainViewComponent
11:25:02.982 [JavaFX Application Thread] DEBUG GameScene            - Entity added to scene
11:25:02.982 [JavaFX Application Thread] DEBUG GameScene            - Added MainViewComponent
11:25:02.982 [JavaFX Application Thread] DEBUG GameScene            - Entity added to scene
11:25:02.982 [JavaFX Application Thread] DEBUG GameScene            - Added MainViewComponent
11:25:02.982 [JavaFX Application Thread] DEBUG GameScene            - Entity added to scene
11:25:02.982 [JavaFX Application Thread] DEBUG GameScene            - Added MainViewComponent
11:25:02.983 [JavaFX Application Thread] DEBUG GameScene            - Entity added to scene
11:25:02.983 [JavaFX Application Thread] DEBUG GameScene            - Added MainViewComponent
11:25:02.983 [JavaFX Application Thread] DEBUG GameScene            - Entity added to scene
11:25:02.983 [JavaFX Application Thread] DEBUG GameScene            - Added MainViewComponent
11:25:02.983 [JavaFX Application Thread] DEBUG GameScene            - Entity added to scene
11:25:02.983 [JavaFX Application Thread] DEBUG GameScene            - Added MainViewComponent
11:25:02.984 [JavaFX Application Thread] DEBUG GameScene            - Entity added to scene
11:25:02.984 [JavaFX Application Thread] DEBUG GameScene            - Added MainViewComponent
11:25:02.984 [JavaFX Application Thread] DEBUG GameScene            - Entity added to scene
11:25:02.984 [JavaFX Application Thread] DEBUG GameScene            - Added MainViewComponent
11:25:02.985 [JavaFX Application Thread] DEBUG GameScene            - Entity added to scene
11:25:02.985 [JavaFX Application Thread] DEBUG GameScene            - Added MainViewComponent
11:25:02.985 [JavaFX Application Thread] DEBUG GameScene            - Entity added to scene
11:25:02.985 [JavaFX Application Thread] DEBUG GameScene            - Added MainViewComponent
11:25:02.986 [JavaFX Application Thread] DEBUG GameScene            - Entity added to scene
11:25:02.986 [JavaFX Application Thread] DEBUG GameScene            - Added MainViewComponent
11:25:02.986 [JavaFX Application Thread] DEBUG GameScene            - Entity added to scene
11:25:02.986 [JavaFX Application Thread] DEBUG GameScene            - Added MainViewComponent
11:25:02.986 [JavaFX Application Thread] DEBUG GameScene            - Entity added to scene
11:25:02.986 [JavaFX Application Thread] DEBUG GameScene            - Added MainViewComponent
11:25:02.986 [JavaFX Application Thread] DEBUG GameScene            - Entity added to scene
11:25:02.986 [JavaFX Application Thread] DEBUG GameScene            - Added MainViewComponent
11:25:02.987 [JavaFX Application Thread] DEBUG GameScene            - Entity added to scene
11:25:02.987 [JavaFX Application Thread] DEBUG GameScene            - Added MainViewComponent
11:25:02.987 [JavaFX Application Thread] DEBUG GameScene            - Entity added to scene
11:25:02.987 [JavaFX Application Thread] DEBUG GameScene            - Added MainViewComponent
11:25:02.987 [JavaFX Application Thread] DEBUG GameScene            - Entity added to scene
11:25:02.987 [JavaFX Application Thread] DEBUG GameScene            - Added MainViewComponent
11:25:02.988 [JavaFX Application Thread] DEBUG GameScene            - Entity added to scene
11:25:02.988 [JavaFX Application Thread] DEBUG GameScene            - Added MainViewComponent
11:25:02.989 [JavaFX Application Thread] DEBUG GameScene            - Entity added to scene
11:25:02.989 [JavaFX Application Thread] DEBUG GameScene            - Added MainViewComponent
11:25:02.989 [JavaFX Application Thread] DEBUG GameScene            - Entity added to scene
11:25:02.989 [JavaFX Application Thread] DEBUG GameScene            - Added MainViewComponent
11:25:02.989 [JavaFX Application Thread] DEBUG GameScene            - Entity added to scene
11:25:02.990 [JavaFX Application Thread] DEBUG GameScene            - Added MainViewComponent
11:25:02.990 [JavaFX Application Thread] DEBUG GameScene            - Entity added to scene
11:25:02.990 [JavaFX Application Thread] DEBUG GameScene            - Added MainViewComponent
11:25:02.990 [JavaFX Application Thread] DEBUG GameScene            - Entity added to scene
11:25:02.990 [JavaFX Application Thread] DEBUG GameScene            - Added MainViewComponent
11:25:02.991 [JavaFX Application Thread] DEBUG GameScene            - Entity added to scene
11:25:02.991 [JavaFX Application Thread] DEBUG GameScene            - Added MainViewComponent
11:25:02.991 [JavaFX Application Thread] DEBUG GameScene            - Entity added to scene
11:25:02.991 [JavaFX Application Thread] DEBUG GameScene            - Added MainViewComponent
11:25:02.991 [JavaFX Application Thread] DEBUG GameScene            - Entity added to scene
11:25:02.991 [JavaFX Application Thread] DEBUG GameScene            - Added MainViewComponent
11:25:02.992 [JavaFX Application Thread] DEBUG GameScene            - Entity added to scene
11:25:02.992 [JavaFX Application Thread] DEBUG GameScene            - Added MainViewComponent
11:25:02.992 [JavaFX Application Thread] DEBUG GameScene            - Entity added to scene
11:25:02.992 [JavaFX Application Thread] DEBUG GameScene            - Added MainViewComponent
11:25:02.992 [JavaFX Application Thread] DEBUG GameScene            - Entity added to scene
11:25:02.992 [JavaFX Application Thread] DEBUG GameScene            - Added MainViewComponent
11:25:02.992 [JavaFX Application Thread] DEBUG GameScene            - Entity added to scene
11:25:02.992 [JavaFX Application Thread] DEBUG GameScene            - Added MainViewComponent
11:25:02.993 [JavaFX Application Thread] DEBUG GameScene            - Entity added to scene
11:25:02.993 [JavaFX Application Thread] DEBUG GameScene            - Added MainViewComponent
11:25:02.993 [JavaFX Application Thread] DEBUG GameScene            - Entity added to scene
11:25:02.993 [JavaFX Application Thread] DEBUG GameScene            - Added MainViewComponent
11:25:02.993 [JavaFX Application Thread] DEBUG GameScene            - Creating render group for layer: TOP(2147483647)
11:25:02.995 [JavaFX Application Thread] DEBUG GameScene            - Entity added to scene
11:25:02.995 [JavaFX Application Thread] DEBUG GameScene            - Added MainViewComponent
11:25:02.995 [JavaFX Application Thread] DEBUG GameScene            - Entity added to scene
11:25:02.996 [JavaFX Application Thread] DEBUG GameScene            - Added MainViewComponent
11:25:02.996 [JavaFX Application Thread] DEBUG GameScene            - Entity added to scene
11:25:02.996 [JavaFX Application Thread] DEBUG GameScene            - Added MainViewComponent
11:25:02.996 [JavaFX Application Thread] DEBUG GameScene            - Entity added to scene
11:25:02.996 [JavaFX Application Thread] DEBUG GameScene            - Added MainViewComponent
11:25:02.996 [JavaFX Application Thread] DEBUG GameScene            - Entity added to scene
11:25:02.996 [JavaFX Application Thread] DEBUG GameScene            - Added MainViewComponent
11:25:02.997 [JavaFX Application Thread] DEBUG GameScene            - Entity added to scene
11:25:02.997 [JavaFX Application Thread] DEBUG GameScene            - Added MainViewComponent
11:25:02.997 [JavaFX Application Thread] DEBUG GameScene            - Entity added to scene
11:25:02.997 [JavaFX Application Thread] DEBUG GameScene            - Added MainViewComponent
11:25:02.997 [JavaFX Application Thread] DEBUG GameScene            - Entity added to scene
11:25:02.998 [JavaFX Application Thread] DEBUG GameScene            - Added MainViewComponent
11:25:02.998 [JavaFX Application Thread] DEBUG GameScene            - Entity added to scene
11:25:02.998 [JavaFX Application Thread] DEBUG GameScene            - Added MainViewComponent
11:25:02.998 [JavaFX Application Thread] DEBUG GameScene            - Entity added to scene
11:25:02.998 [JavaFX Application Thread] DEBUG GameScene            - Added MainViewComponent
11:25:02.999 [JavaFX Application Thread] DEBUG GameScene            - Entity added to scene
11:25:02.999 [JavaFX Application Thread] DEBUG GameScene            - Added MainViewComponent
11:25:02.999 [JavaFX Application Thread] DEBUG GameScene            - Entity added to scene
11:25:02.999 [JavaFX Application Thread] DEBUG GameScene            - Added MainViewComponent
11:25:02.999 [JavaFX Application Thread] DEBUG GameScene            - Entity added to scene
11:25:02.999 [JavaFX Application Thread] DEBUG GameScene            - Added MainViewComponent
11:25:03.000 [JavaFX Application Thread] DEBUG GameScene            - Entity added to scene
11:25:03.000 [JavaFX Application Thread] DEBUG GameScene            - Added MainViewComponent
11:25:03.000 [JavaFX Application Thread] DEBUG GameScene            - Entity added to scene
11:25:03.000 [JavaFX Application Thread] DEBUG GameScene            - Added MainViewComponent
11:25:03.000 [JavaFX Application Thread] DEBUG GameScene            - Entity added to scene
11:25:03.000 [JavaFX Application Thread] DEBUG GameScene            - Added MainViewComponent
11:25:03.000 [JavaFX Application Thread] DEBUG GameScene            - Entity added to scene
11:25:03.001 [JavaFX Application Thread] DEBUG GameScene            - Added MainViewComponent
11:25:03.001 [JavaFX Application Thread] DEBUG GameScene            - Entity added to scene
11:25:03.001 [JavaFX Application Thread] DEBUG GameScene            - Added MainViewComponent
11:25:03.001 [JavaFX Application Thread] DEBUG GameScene            - Entity added to scene
11:25:03.001 [JavaFX Application Thread] DEBUG GameScene            - Added MainViewComponent
11:25:03.002 [JavaFX Application Thread] DEBUG GameScene            - Entity added to scene
11:25:03.002 [JavaFX Application Thread] DEBUG GameScene            - Added MainViewComponent
11:25:03.002 [JavaFX Application Thread] DEBUG GameScene            - Entity added to scene
11:25:03.002 [JavaFX Application Thread] DEBUG GameScene            - Added MainViewComponent
11:25:03.002 [JavaFX Application Thread] DEBUG GameScene            - Entity added to scene
11:25:03.002 [JavaFX Application Thread] DEBUG GameScene            - Added MainViewComponent
11:25:03.002 [JavaFX Application Thread] DEBUG GameScene            - Entity added to scene
11:25:03.002 [JavaFX Application Thread] DEBUG GameScene            - Added MainViewComponent
11:25:03.002 [JavaFX Application Thread] DEBUG GameScene            - Entity added to scene
11:25:03.002 [JavaFX Application Thread] DEBUG GameScene            - Added MainViewComponent
11:25:03.003 [JavaFX Application Thread] DEBUG GameScene            - Entity added to scene
11:25:03.003 [JavaFX Application Thread] DEBUG GameScene            - Added MainViewComponent
11:25:03.003 [JavaFX Application Thread] DEBUG GameScene            - Entity added to scene
11:25:03.003 [JavaFX Application Thread] DEBUG GameScene            - Added MainViewComponent
11:25:03.003 [JavaFX Application Thread] DEBUG GameScene            - Entity added to scene
11:25:03.003 [JavaFX Application Thread] DEBUG GameScene            - Added MainViewComponent
11:25:03.004 [JavaFX Application Thread] DEBUG GameScene            - Entity added to scene
11:25:03.004 [JavaFX Application Thread] DEBUG GameScene            - Added MainViewComponent
11:25:03.004 [JavaFX Application Thread] DEBUG GameScene            - Entity added to scene
11:25:03.004 [JavaFX Application Thread] DEBUG GameScene            - Added MainViewComponent
11:25:03.004 [JavaFX Application Thread] DEBUG GameScene            - Entity added to scene
11:25:03.004 [JavaFX Application Thread] DEBUG GameScene            - Added MainViewComponent
11:25:03.004 [JavaFX Application Thread] DEBUG GameScene            - Entity added to scene
11:25:03.004 [JavaFX Application Thread] DEBUG GameScene            - Added MainViewComponent
11:25:03.005 [JavaFX Application Thread] DEBUG GameScene            - Entity added to scene
11:25:03.005 [JavaFX Application Thread] DEBUG GameScene            - Added MainViewComponent
11:25:03.005 [JavaFX Application Thread] DEBUG GameScene            - Entity added to scene
11:25:03.005 [JavaFX Application Thread] DEBUG GameScene            - Added MainViewComponent
11:25:03.005 [JavaFX Application Thread] DEBUG GameScene            - Entity added to scene
11:25:03.005 [JavaFX Application Thread] DEBUG GameScene            - Added MainViewComponent
11:25:03.005 [JavaFX Application Thread] DEBUG GameScene            - Entity added to scene
11:25:03.005 [JavaFX Application Thread] DEBUG GameScene            - Added MainViewComponent
11:25:03.005 [JavaFX Application Thread] DEBUG GameScene            - Entity added to scene
11:25:03.005 [JavaFX Application Thread] DEBUG GameScene            - Added MainViewComponent
11:25:03.006 [JavaFX Application Thread] DEBUG GameScene            - Entity added to scene
11:25:03.006 [JavaFX Application Thread] DEBUG GameScene            - Added MainViewComponent
11:25:03.006 [JavaFX Application Thread] DEBUG GameScene            - Entity added to scene
11:25:03.006 [JavaFX Application Thread] DEBUG GameScene            - Added MainViewComponent
11:25:03.006 [JavaFX Application Thread] DEBUG GameScene            - Entity added to scene
11:25:03.006 [JavaFX Application Thread] DEBUG GameScene            - Added MainViewComponent
11:25:03.006 [JavaFX Application Thread] DEBUG GameScene            - Entity added to scene
11:25:03.006 [JavaFX Application Thread] DEBUG GameScene            - Added MainViewComponent
11:25:03.007 [JavaFX Application Thread] DEBUG GameScene            - Entity added to scene
11:25:03.007 [JavaFX Application Thread] DEBUG GameScene            - Added MainViewComponent
11:25:03.007 [JavaFX Application Thread] DEBUG GameScene            - Entity added to scene
11:25:03.007 [JavaFX Application Thread] DEBUG GameScene            - Added MainViewComponent
11:25:03.007 [JavaFX Application Thread] DEBUG GameScene            - Entity added to scene
11:25:03.007 [JavaFX Application Thread] DEBUG GameScene            - Added MainViewComponent
11:25:03.007 [JavaFX Application Thread] DEBUG GameScene            - Entity added to scene
11:25:03.007 [JavaFX Application Thread] DEBUG GameScene            - Added MainViewComponent
11:25:03.007 [JavaFX Application Thread] DEBUG GameScene            - Entity added to scene
11:25:03.008 [JavaFX Application Thread] DEBUG GameScene            - Added MainViewComponent
11:25:03.008 [JavaFX Application Thread] DEBUG GameScene            - Entity added to scene
11:25:03.008 [JavaFX Application Thread] DEBUG GameScene            - Added MainViewComponent
11:25:03.008 [JavaFX Application Thread] DEBUG GameScene            - Entity added to scene
11:25:03.008 [JavaFX Application Thread] DEBUG GameScene            - Added MainViewComponent
11:25:03.008 [JavaFX Application Thread] DEBUG GameScene            - Entity added to scene
11:25:03.008 [JavaFX Application Thread] DEBUG GameScene            - Added MainViewComponent
11:25:03.008 [JavaFX Application Thread] DEBUG GameScene            - Entity added to scene
11:25:03.008 [JavaFX Application Thread] DEBUG GameScene            - Added MainViewComponent
11:25:03.009 [JavaFX Application Thread] DEBUG GameScene            - Entity added to scene
11:25:03.009 [JavaFX Application Thread] DEBUG GameScene            - Added MainViewComponent
11:25:03.009 [JavaFX Application Thread] DEBUG GameScene            - Entity added to scene
11:25:03.009 [JavaFX Application Thread] DEBUG GameScene            - Added MainViewComponent
11:25:03.009 [JavaFX Application Thread] DEBUG GameScene            - Entity added to scene
11:25:03.009 [JavaFX Application Thread] DEBUG GameScene            - Added MainViewComponent
11:25:03.009 [JavaFX Application Thread] DEBUG GameScene            - Entity added to scene
11:25:03.009 [JavaFX Application Thread] DEBUG GameScene            - Added MainViewComponent
11:25:03.009 [JavaFX Application Thread] DEBUG GameScene            - Entity added to scene
11:25:03.009 [JavaFX Application Thread] DEBUG GameScene            - Added MainViewComponent
11:25:03.010 [JavaFX Application Thread] DEBUG GameScene            - Entity added to scene
11:25:03.010 [JavaFX Application Thread] DEBUG GameScene            - Added MainViewComponent
11:25:03.010 [JavaFX Application Thread] DEBUG GameScene            - Entity added to scene
11:25:03.010 [JavaFX Application Thread] DEBUG GameScene            - Added MainViewComponent
11:25:03.010 [JavaFX Application Thread] DEBUG GameScene            - Entity added to scene
11:25:03.010 [JavaFX Application Thread] DEBUG GameScene            - Added MainViewComponent
11:25:03.011 [JavaFX Application Thread] DEBUG GameScene            - Entity added to scene
11:25:03.011 [JavaFX Application Thread] DEBUG GameScene            - Added MainViewComponent
11:25:03.011 [JavaFX Application Thread] DEBUG GameScene            - Entity added to scene
11:25:03.011 [JavaFX Application Thread] DEBUG GameScene            - Added MainViewComponent
11:25:03.011 [JavaFX Application Thread] DEBUG GameScene            - Entity added to scene
11:25:03.011 [JavaFX Application Thread] DEBUG GameScene            - Added MainViewComponent
11:25:03.012 [JavaFX Application Thread] DEBUG GameScene            - Entity added to scene
11:25:03.012 [JavaFX Application Thread] DEBUG GameScene            - Added MainViewComponent
11:25:03.012 [JavaFX Application Thread] DEBUG GameScene            - Entity added to scene
11:25:03.012 [JavaFX Application Thread] DEBUG GameScene            - Added MainViewComponent
11:25:03.012 [JavaFX Application Thread] DEBUG GameScene            - Entity added to scene
11:25:03.012 [JavaFX Application Thread] DEBUG GameScene            - Added MainViewComponent
11:25:03.012 [JavaFX Application Thread] DEBUG GameScene            - Entity added to scene
11:25:03.012 [JavaFX Application Thread] DEBUG GameScene            - Added MainViewComponent
11:25:03.013 [JavaFX Application Thread] DEBUG GameScene            - Entity added to scene
11:25:03.013 [JavaFX Application Thread] DEBUG GameScene            - Added MainViewComponent
11:25:03.013 [JavaFX Application Thread] DEBUG GameScene            - Entity added to scene
11:25:03.013 [JavaFX Application Thread] DEBUG GameScene            - Added MainViewComponent
11:25:03.014 [JavaFX Application Thread] DEBUG GameScene            - Entity added to scene
11:25:03.014 [JavaFX Application Thread] DEBUG GameScene            - Added MainViewComponent
11:25:03.014 [JavaFX Application Thread] DEBUG GameScene            - Entity added to scene
11:25:03.014 [JavaFX Application Thread] DEBUG GameScene            - Added MainViewComponent
11:25:03.015 [JavaFX Application Thread] DEBUG GameScene            - Entity added to scene
11:25:03.015 [JavaFX Application Thread] DEBUG GameScene            - Added MainViewComponent
11:25:03.016 [JavaFX Application Thread] DEBUG GameScene            - Entity added to scene
11:25:03.016 [JavaFX Application Thread] DEBUG GameScene            - Added MainViewComponent
11:25:03.016 [JavaFX Application Thread] DEBUG GameScene            - Entity added to scene
11:25:03.016 [JavaFX Application Thread] DEBUG GameScene            - Added MainViewComponent
11:25:03.017 [JavaFX Application Thread] DEBUG GameScene            - Entity added to scene
11:25:03.017 [JavaFX Application Thread] DEBUG GameScene            - Added MainViewComponent
11:25:03.017 [JavaFX Application Thread] DEBUG GameScene            - Entity added to scene
11:25:03.017 [JavaFX Application Thread] DEBUG GameScene            - Added MainViewComponent
11:25:03.017 [JavaFX Application Thread] DEBUG GameScene            - Entity added to scene
11:25:03.017 [JavaFX Application Thread] DEBUG GameScene            - Added MainViewComponent
11:25:03.017 [JavaFX Application Thread] DEBUG GameScene            - Entity added to scene
11:25:03.017 [JavaFX Application Thread] DEBUG GameScene            - Added MainViewComponent
11:25:03.018 [JavaFX Application Thread] DEBUG GameScene            - Entity added to scene
11:25:03.018 [JavaFX Application Thread] DEBUG GameScene            - Added MainViewComponent
11:25:03.018 [JavaFX Application Thread] DEBUG GameScene            - Entity added to scene
11:25:03.018 [JavaFX Application Thread] DEBUG GameScene            - Added MainViewComponent
11:25:03.019 [JavaFX Application Thread] DEBUG GameScene            - Entity added to scene
11:25:03.019 [JavaFX Application Thread] DEBUG GameScene            - Added MainViewComponent
11:25:03.019 [JavaFX Application Thread] DEBUG GameScene            - Entity added to scene
11:25:03.019 [JavaFX Application Thread] DEBUG GameScene            - Added MainViewComponent
11:25:03.019 [JavaFX Application Thread] DEBUG GameScene            - Entity added to scene
11:25:03.019 [JavaFX Application Thread] DEBUG GameScene            - Added MainViewComponent
11:25:03.019 [JavaFX Application Thread] DEBUG GameScene            - Entity added to scene
11:25:03.020 [JavaFX Application Thread] DEBUG GameScene            - Added MainViewComponent
11:25:03.020 [JavaFX Application Thread] DEBUG GameScene            - Entity added to scene
11:25:03.020 [JavaFX Application Thread] DEBUG GameScene            - Added MainViewComponent
11:25:03.020 [JavaFX Application Thread] DEBUG GameScene            - Entity added to scene
11:25:03.020 [JavaFX Application Thread] DEBUG GameScene            - Added MainViewComponent
11:25:03.020 [JavaFX Application Thread] DEBUG GameScene            - Entity added to scene
11:25:03.020 [JavaFX Application Thread] DEBUG GameScene            - Added MainViewComponent
11:25:03.021 [JavaFX Application Thread] DEBUG GameScene            - Entity added to scene
11:25:03.021 [JavaFX Application Thread] DEBUG GameScene            - Added MainViewComponent
11:25:03.021 [JavaFX Application Thread] DEBUG GameScene            - Entity added to scene
11:25:03.021 [JavaFX Application Thread] DEBUG GameScene            - Added MainViewComponent
11:25:03.021 [JavaFX Application Thread] DEBUG GameScene            - Entity added to scene
11:25:03.021 [JavaFX Application Thread] DEBUG GameScene            - Added MainViewComponent
11:25:03.021 [JavaFX Application Thread] DEBUG GameScene            - Entity added to scene
11:25:03.021 [JavaFX Application Thread] DEBUG GameScene            - Added MainViewComponent
11:25:03.022 [JavaFX Application Thread] DEBUG GameScene            - Entity added to scene
11:25:03.022 [JavaFX Application Thread] DEBUG GameScene            - Added MainViewComponent
11:25:03.022 [JavaFX Application Thread] DEBUG GameScene            - Entity added to scene
11:25:03.022 [JavaFX Application Thread] DEBUG GameScene            - Added MainViewComponent
11:25:03.022 [JavaFX Application Thread] DEBUG GameScene            - Entity added to scene
11:25:03.022 [JavaFX Application Thread] DEBUG GameScene            - Added MainViewComponent
11:25:03.022 [JavaFX Application Thread] DEBUG GameScene            - Entity added to scene
11:25:03.022 [JavaFX Application Thread] DEBUG GameScene            - Added MainViewComponent
11:25:03.023 [JavaFX Application Thread] DEBUG GameScene            - Entity added to scene
11:25:03.023 [JavaFX Application Thread] DEBUG GameScene            - Added MainViewComponent
11:25:03.023 [JavaFX Application Thread] DEBUG GameScene            - Entity added to scene
11:25:03.023 [JavaFX Application Thread] DEBUG GameScene            - Added MainViewComponent
11:25:03.023 [JavaFX Application Thread] DEBUG GameScene            - Entity added to scene
11:25:03.023 [JavaFX Application Thread] DEBUG GameScene            - Added MainViewComponent
11:25:03.024 [JavaFX Application Thread] DEBUG GameScene            - Entity added to scene
11:25:03.024 [JavaFX Application Thread] DEBUG GameScene            - Added MainViewComponent
11:25:03.024 [JavaFX Application Thread] DEBUG GameScene            - Entity added to scene
11:25:03.024 [JavaFX Application Thread] DEBUG GameScene            - Added MainViewComponent
11:25:03.024 [JavaFX Application Thread] DEBUG GameScene            - Entity added to scene
11:25:03.024 [JavaFX Application Thread] DEBUG GameScene            - Added MainViewComponent
11:25:03.024 [JavaFX Application Thread] DEBUG GameScene            - Entity added to scene
11:25:03.024 [JavaFX Application Thread] DEBUG GameScene            - Added MainViewComponent
11:25:03.025 [JavaFX Application Thread] DEBUG GameScene            - Entity added to scene
11:25:03.025 [JavaFX Application Thread] DEBUG GameScene            - Added MainViewComponent
11:25:03.025 [JavaFX Application Thread] DEBUG GameScene            - Entity added to scene
11:25:03.025 [JavaFX Application Thread] DEBUG GameScene            - Added MainViewComponent
11:25:03.025 [JavaFX Application Thread] DEBUG GameScene            - Entity added to scene
11:25:03.025 [JavaFX Application Thread] DEBUG GameScene            - Added MainViewComponent
11:25:03.025 [JavaFX Application Thread] DEBUG GameScene            - Entity added to scene
11:25:03.025 [JavaFX Application Thread] DEBUG GameScene            - Added MainViewComponent
11:25:03.026 [JavaFX Application Thread] DEBUG GameScene            - Entity added to scene
11:25:03.026 [JavaFX Application Thread] DEBUG GameScene            - Added MainViewComponent
11:25:03.026 [JavaFX Application Thread] DEBUG GameScene            - Entity added to scene
11:25:03.026 [JavaFX Application Thread] DEBUG GameScene            - Added MainViewComponent
11:25:03.026 [JavaFX Application Thread] DEBUG GameScene            - Entity added to scene
11:25:03.026 [JavaFX Application Thread] DEBUG GameScene            - Added MainViewComponent
11:25:03.026 [JavaFX Application Thread] DEBUG GameScene            - Entity added to scene
11:25:03.027 [JavaFX Application Thread] DEBUG GameScene            - Added MainViewComponent
11:25:03.027 [JavaFX Application Thread] DEBUG GameScene            - Entity added to scene
11:25:03.027 [JavaFX Application Thread] DEBUG GameScene            - Added MainViewComponent
11:25:03.027 [JavaFX Application Thread] DEBUG GameScene            - Entity added to scene
11:25:03.027 [JavaFX Application Thread] DEBUG GameScene            - Added MainViewComponent
11:25:03.027 [JavaFX Application Thread] DEBUG GameScene            - Entity added to scene
11:25:03.027 [JavaFX Application Thread] DEBUG GameScene            - Added MainViewComponent
11:25:03.028 [JavaFX Application Thread] DEBUG GameScene            - Entity added to scene
11:25:03.028 [JavaFX Application Thread] DEBUG GameScene            - Added MainViewComponent
11:25:03.028 [JavaFX Application Thread] DEBUG GameScene            - Entity added to scene
11:25:03.028 [JavaFX Application Thread] DEBUG GameScene            - Added MainViewComponent
11:25:03.028 [JavaFX Application Thread] DEBUG GameScene            - Entity added to scene
11:25:03.028 [JavaFX Application Thread] DEBUG GameScene            - Added MainViewComponent
11:25:03.029 [JavaFX Application Thread] DEBUG GameScene            - Entity added to scene
11:25:03.029 [JavaFX Application Thread] DEBUG GameScene            - Added MainViewComponent
11:25:03.029 [JavaFX Application Thread] DEBUG GameScene            - Entity added to scene
11:25:03.029 [JavaFX Application Thread] DEBUG GameScene            - Added MainViewComponent
11:25:03.029 [JavaFX Application Thread] DEBUG GameScene            - Entity added to scene
11:25:03.029 [JavaFX Application Thread] DEBUG GameScene            - Added MainViewComponent
11:25:03.030 [JavaFX Application Thread] DEBUG GameScene            - Entity added to scene
11:25:03.030 [JavaFX Application Thread] DEBUG GameScene            - Added MainViewComponent
11:25:03.030 [JavaFX Application Thread] DEBUG GameScene            - Entity added to scene
11:25:03.030 [JavaFX Application Thread] DEBUG GameScene            - Added MainViewComponent
11:25:03.030 [JavaFX Application Thread] DEBUG GameScene            - Entity added to scene
11:25:03.030 [JavaFX Application Thread] DEBUG GameScene            - Added MainViewComponent
11:25:03.031 [JavaFX Application Thread] DEBUG GameScene            - Entity added to scene
11:25:03.031 [JavaFX Application Thread] DEBUG GameScene            - Added MainViewComponent
11:25:03.031 [JavaFX Application Thread] DEBUG GameScene            - Entity added to scene
11:25:03.031 [JavaFX Application Thread] DEBUG GameScene            - Added MainViewComponent
11:25:03.031 [JavaFX Application Thread] DEBUG GameScene            - Entity added to scene
11:25:03.031 [JavaFX Application Thread] DEBUG GameScene            - Added MainViewComponent
11:25:03.031 [JavaFX Application Thread] DEBUG GameScene            - Entity added to scene
11:25:03.032 [JavaFX Application Thread] DEBUG GameScene            - Added MainViewComponent
11:25:03.032 [JavaFX Application Thread] DEBUG GameScene            - Entity added to scene
11:25:03.032 [JavaFX Application Thread] DEBUG GameScene            - Added MainViewComponent
11:25:03.032 [JavaFX Application Thread] DEBUG GameScene            - Entity added to scene
11:25:03.032 [JavaFX Application Thread] DEBUG GameScene            - Added MainViewComponent
11:25:03.032 [JavaFX Application Thread] DEBUG GameScene            - Entity added to scene
11:25:03.032 [JavaFX Application Thread] DEBUG GameScene            - Added MainViewComponent
11:25:03.033 [JavaFX Application Thread] DEBUG GameScene            - Entity added to scene
11:25:03.033 [JavaFX Application Thread] DEBUG GameScene            - Added MainViewComponent
11:25:03.033 [JavaFX Application Thread] DEBUG GameScene            - Entity added to scene
11:25:03.033 [JavaFX Application Thread] DEBUG GameScene            - Added MainViewComponent
11:25:03.033 [JavaFX Application Thread] DEBUG GameScene            - Entity added to scene
11:25:03.033 [JavaFX Application Thread] DEBUG GameScene            - Added MainViewComponent
11:25:03.034 [JavaFX Application Thread] DEBUG GameScene            - Entity added to scene
11:25:03.034 [JavaFX Application Thread] DEBUG GameScene            - Added MainViewComponent
11:25:03.034 [JavaFX Application Thread] DEBUG GameScene            - Entity added to scene
11:25:03.034 [JavaFX Application Thread] DEBUG GameScene            - Added MainViewComponent
11:25:03.034 [JavaFX Application Thread] DEBUG GameScene            - Entity added to scene
11:25:03.034 [JavaFX Application Thread] DEBUG GameScene            - Added MainViewComponent
11:25:03.035 [JavaFX Application Thread] DEBUG GameScene            - Entity added to scene
11:25:03.035 [JavaFX Application Thread] DEBUG GameScene            - Added MainViewComponent
11:25:03.035 [JavaFX Application Thread] DEBUG GameScene            - Entity added to scene
11:25:03.035 [JavaFX Application Thread] DEBUG GameScene            - Added MainViewComponent
11:25:03.035 [JavaFX Application Thread] DEBUG GameScene            - Entity added to scene
11:25:03.035 [JavaFX Application Thread] DEBUG GameScene            - Added MainViewComponent
11:25:03.036 [JavaFX Application Thread] DEBUG GameScene            - Entity added to scene
11:25:03.036 [JavaFX Application Thread] DEBUG GameScene            - Added MainViewComponent
11:25:03.036 [JavaFX Application Thread] DEBUG GameScene            - Entity added to scene
11:25:03.036 [JavaFX Application Thread] DEBUG GameScene            - Added MainViewComponent
11:25:03.036 [JavaFX Application Thread] DEBUG GameScene            - Entity added to scene
11:25:03.036 [JavaFX Application Thread] DEBUG GameScene            - Added MainViewComponent
11:25:03.037 [JavaFX Application Thread] DEBUG GameScene            - Entity added to scene
11:25:03.037 [JavaFX Application Thread] DEBUG GameScene            - Added MainViewComponent
11:25:03.037 [JavaFX Application Thread] DEBUG GameScene            - Entity added to scene
11:25:03.037 [JavaFX Application Thread] DEBUG GameScene            - Added MainViewComponent
11:25:03.037 [JavaFX Application Thread] DEBUG GameScene            - Entity added to scene
11:25:03.037 [JavaFX Application Thread] DEBUG GameScene            - Added MainViewComponent
11:25:03.038 [JavaFX Application Thread] DEBUG GameScene            - Entity added to scene
11:25:03.038 [JavaFX Application Thread] DEBUG GameScene            - Added MainViewComponent
11:25:03.038 [JavaFX Application Thread] DEBUG GameScene            - Entity added to scene
11:25:03.038 [JavaFX Application Thread] DEBUG GameScene            - Added MainViewComponent
11:25:03.038 [JavaFX Application Thread] DEBUG GameScene            - Entity added to scene
11:25:03.038 [JavaFX Application Thread] DEBUG GameScene            - Added MainViewComponent
11:25:03.038 [JavaFX Application Thread] DEBUG GameScene            - Entity added to scene
11:25:03.038 [JavaFX Application Thread] DEBUG GameScene            - Added MainViewComponent
11:25:03.039 [JavaFX Application Thread] DEBUG GameScene            - Entity added to scene
11:25:03.039 [JavaFX Application Thread] DEBUG GameScene            - Added MainViewComponent
11:25:03.039 [JavaFX Application Thread] DEBUG GameScene            - Entity added to scene
11:25:03.039 [JavaFX Application Thread] DEBUG GameScene            - Added MainViewComponent
11:25:03.039 [JavaFX Application Thread] DEBUG GameScene            - Entity added to scene
11:25:03.039 [JavaFX Application Thread] DEBUG GameScene            - Added MainViewComponent
11:25:03.039 [JavaFX Application Thread] DEBUG GameScene            - Entity added to scene
11:25:03.040 [JavaFX Application Thread] DEBUG GameScene            - Added MainViewComponent
11:25:03.040 [JavaFX Application Thread] DEBUG GameScene            - Entity added to scene
11:25:03.040 [JavaFX Application Thread] DEBUG GameScene            - Added MainViewComponent
11:25:03.040 [JavaFX Application Thread] DEBUG GameScene            - Entity added to scene
11:25:03.040 [JavaFX Application Thread] DEBUG GameScene            - Added MainViewComponent
11:25:03.040 [JavaFX Application Thread] DEBUG GameScene            - Entity added to scene
11:25:03.040 [JavaFX Application Thread] DEBUG GameScene            - Added MainViewComponent
11:25:03.041 [JavaFX Application Thread] DEBUG GameScene            - Entity added to scene
11:25:03.041 [JavaFX Application Thread] DEBUG GameScene            - Added MainViewComponent
11:25:03.041 [JavaFX Application Thread] DEBUG GameScene            - Entity added to scene
11:25:03.041 [JavaFX Application Thread] DEBUG GameScene            - Added MainViewComponent
11:25:03.041 [JavaFX Application Thread] DEBUG GameScene            - Entity added to scene
11:25:03.042 [JavaFX Application Thread] DEBUG GameScene            - Added MainViewComponent
11:25:03.042 [JavaFX Application Thread] DEBUG GameScene            - Entity added to scene
11:25:03.042 [JavaFX Application Thread] DEBUG GameScene            - Added MainViewComponent
11:25:03.042 [JavaFX Application Thread] DEBUG GameScene            - Entity added to scene
11:25:03.042 [JavaFX Application Thread] DEBUG GameScene            - Added MainViewComponent
11:25:03.042 [JavaFX Application Thread] DEBUG GameScene            - Entity added to scene
11:25:03.042 [JavaFX Application Thread] DEBUG GameScene            - Added MainViewComponent
11:25:03.043 [JavaFX Application Thread] DEBUG GameScene            - Entity added to scene
11:25:03.043 [JavaFX Application Thread] DEBUG GameScene            - Added MainViewComponent
11:25:03.043 [JavaFX Application Thread] DEBUG GameScene            - Entity added to scene
11:25:03.043 [JavaFX Application Thread] DEBUG GameScene            - Added MainViewComponent
11:25:03.043 [JavaFX Application Thread] DEBUG GameScene            - Entity added to scene
11:25:03.043 [JavaFX Application Thread] DEBUG GameScene            - Added MainViewComponent
11:25:03.044 [JavaFX Application Thread] DEBUG GameScene            - Entity added to scene
11:25:03.044 [JavaFX Application Thread] DEBUG GameScene            - Added MainViewComponent
11:25:03.044 [JavaFX Application Thread] DEBUG GameScene            - Entity added to scene
11:25:03.044 [JavaFX Application Thread] DEBUG GameScene            - Added MainViewComponent
11:25:03.044 [JavaFX Application Thread] DEBUG GameScene            - Entity added to scene
11:25:03.044 [JavaFX Application Thread] DEBUG GameScene            - Added MainViewComponent
11:25:03.045 [JavaFX Application Thread] DEBUG GameScene            - Entity added to scene
11:25:03.045 [JavaFX Application Thread] DEBUG GameScene            - Added MainViewComponent
11:25:03.045 [JavaFX Application Thread] DEBUG GameScene            - Entity added to scene
11:25:03.045 [JavaFX Application Thread] DEBUG GameScene            - Added MainViewComponent
11:25:03.045 [JavaFX Application Thread] DEBUG GameScene            - Entity added to scene
11:25:03.045 [JavaFX Application Thread] DEBUG GameScene            - Added MainViewComponent
11:25:03.045 [JavaFX Application Thread] DEBUG GameScene            - Entity added to scene
11:25:03.045 [JavaFX Application Thread] DEBUG GameScene            - Added MainViewComponent
11:25:03.046 [JavaFX Application Thread] DEBUG GameScene            - Entity added to scene
11:25:03.046 [JavaFX Application Thread] DEBUG GameScene            - Added MainViewComponent
11:25:03.046 [JavaFX Application Thread] DEBUG GameScene            - Entity added to scene
11:25:03.046 [JavaFX Application Thread] DEBUG GameScene            - Added MainViewComponent
11:25:03.046 [JavaFX Application Thread] DEBUG GameScene            - Entity added to scene
11:25:03.046 [JavaFX Application Thread] DEBUG GameScene            - Added MainViewComponent
11:25:03.047 [JavaFX Application Thread] DEBUG GameScene            - Entity added to scene
11:25:03.047 [JavaFX Application Thread] DEBUG GameScene            - Added MainViewComponent
11:25:03.047 [JavaFX Application Thread] DEBUG GameScene            - Entity added to scene
11:25:03.047 [JavaFX Application Thread] DEBUG GameScene            - Added MainViewComponent
11:25:03.047 [JavaFX Application Thread] DEBUG GameScene            - Entity added to scene
11:25:03.047 [JavaFX Application Thread] DEBUG GameScene            - Added MainViewComponent
11:25:03.047 [JavaFX Application Thread] DEBUG GameScene            - Entity added to scene
11:25:03.047 [JavaFX Application Thread] DEBUG GameScene            - Added MainViewComponent
11:25:03.048 [JavaFX Application Thread] DEBUG GameScene            - Entity added to scene
11:25:03.048 [JavaFX Application Thread] DEBUG GameScene            - Added MainViewComponent
11:25:03.048 [JavaFX Application Thread] DEBUG GameScene            - Entity added to scene
11:25:03.048 [JavaFX Application Thread] DEBUG GameScene            - Added MainViewComponent
11:25:03.048 [JavaFX Application Thread] DEBUG GameScene            - Entity added to scene
11:25:03.048 [JavaFX Application Thread] DEBUG GameScene            - Added MainViewComponent
11:25:03.048 [JavaFX Application Thread] DEBUG GameScene            - Entity added to scene
11:25:03.048 [JavaFX Application Thread] DEBUG GameScene            - Added MainViewComponent
11:25:03.049 [JavaFX Application Thread] DEBUG GameScene            - Entity added to scene
11:25:03.049 [JavaFX Application Thread] DEBUG GameScene            - Added MainViewComponent
11:25:03.049 [JavaFX Application Thread] DEBUG GameScene            - Entity added to scene
11:25:03.049 [JavaFX Application Thread] DEBUG GameScene            - Added MainViewComponent
11:25:03.049 [JavaFX Application Thread] DEBUG GameScene            - Entity added to scene
11:25:03.049 [JavaFX Application Thread] DEBUG GameScene            - Added MainViewComponent
11:25:03.049 [JavaFX Application Thread] DEBUG GameScene            - Entity added to scene
11:25:03.049 [JavaFX Application Thread] DEBUG GameScene            - Added MainViewComponent
11:25:03.050 [JavaFX Application Thread] DEBUG GameScene            - Entity added to scene
11:25:03.050 [JavaFX Application Thread] DEBUG GameScene            - Added MainViewComponent
11:25:03.050 [JavaFX Application Thread] DEBUG GameScene            - Entity added to scene
11:25:03.050 [JavaFX Application Thread] DEBUG GameScene            - Added MainViewComponent
11:25:03.050 [JavaFX Application Thread] DEBUG GameScene            - Entity added to scene
11:25:03.050 [JavaFX Application Thread] DEBUG GameScene            - Added MainViewComponent
11:25:03.050 [JavaFX Application Thread] DEBUG GameScene            - Entity added to scene
11:25:03.051 [JavaFX Application Thread] DEBUG GameScene            - Added MainViewComponent
11:25:03.051 [JavaFX Application Thread] DEBUG GameScene            - Entity added to scene
11:25:03.051 [JavaFX Application Thread] DEBUG GameScene            - Added MainViewComponent
11:25:03.051 [JavaFX Application Thread] DEBUG GameScene            - Entity added to scene
11:25:03.051 [JavaFX Application Thread] DEBUG GameScene            - Added MainViewComponent
11:25:03.051 [JavaFX Application Thread] DEBUG GameScene            - Entity added to scene
11:25:03.051 [JavaFX Application Thread] DEBUG GameScene            - Added MainViewComponent
11:25:03.052 [JavaFX Application Thread] DEBUG GameScene            - Entity added to scene
11:25:03.052 [JavaFX Application Thread] DEBUG GameScene            - Added MainViewComponent
11:25:03.052 [JavaFX Application Thread] DEBUG GameScene            - Entity added to scene
11:25:03.052 [JavaFX Application Thread] DEBUG GameScene            - Added MainViewComponent
11:25:03.052 [JavaFX Application Thread] DEBUG GameScene            - Entity added to scene
11:25:03.052 [JavaFX Application Thread] DEBUG GameScene            - Added MainViewComponent
11:25:03.053 [JavaFX Application Thread] DEBUG GameScene            - Entity added to scene
11:25:03.053 [JavaFX Application Thread] DEBUG GameScene            - Added MainViewComponent
11:25:03.053 [JavaFX Application Thread] DEBUG GameScene            - Entity added to scene
11:25:03.053 [JavaFX Application Thread] DEBUG GameScene            - Added MainViewComponent
11:25:03.053 [JavaFX Application Thread] DEBUG GameScene            - Entity added to scene
11:25:03.053 [JavaFX Application Thread] DEBUG GameScene            - Added MainViewComponent
11:25:03.054 [JavaFX Application Thread] DEBUG GameScene            - Entity added to scene
11:25:03.054 [JavaFX Application Thread] DEBUG GameScene            - Added MainViewComponent
11:25:03.054 [JavaFX Application Thread] DEBUG GameScene            - Entity added to scene
11:25:03.054 [JavaFX Application Thread] DEBUG GameScene            - Added MainViewComponent
11:25:03.054 [JavaFX Application Thread] DEBUG GameScene            - Entity added to scene
11:25:03.054 [JavaFX Application Thread] DEBUG GameScene            - Added MainViewComponent
11:25:03.055 [JavaFX Application Thread] DEBUG GameScene            - Entity added to scene
11:25:03.055 [JavaFX Application Thread] DEBUG GameScene            - Added MainViewComponent
11:25:03.055 [JavaFX Application Thread] DEBUG GameScene            - Entity added to scene
11:25:03.055 [JavaFX Application Thread] DEBUG GameScene            - Added MainViewComponent
11:25:03.055 [JavaFX Application Thread] DEBUG GameScene            - Entity added to scene
11:25:03.055 [JavaFX Application Thread] DEBUG GameScene            - Added MainViewComponent
11:25:03.055 [JavaFX Application Thread] DEBUG GameScene            - Entity added to scene
11:25:03.055 [JavaFX Application Thread] DEBUG GameScene            - Added MainViewComponent
11:25:03.056 [JavaFX Application Thread] DEBUG GameScene            - Entity added to scene
11:25:03.056 [JavaFX Application Thread] DEBUG GameScene            - Added MainViewComponent
11:25:03.056 [JavaFX Application Thread] DEBUG GameScene            - Entity added to scene
11:25:03.056 [JavaFX Application Thread] DEBUG GameScene            - Added MainViewComponent
11:25:03.056 [JavaFX Application Thread] DEBUG GameScene            - Entity added to scene
11:25:03.056 [JavaFX Application Thread] DEBUG GameScene            - Added MainViewComponent
11:25:03.057 [JavaFX Application Thread] DEBUG GameScene            - Entity added to scene
11:25:03.057 [JavaFX Application Thread] DEBUG GameScene            - Added MainViewComponent
11:25:03.057 [JavaFX Application Thread] DEBUG GameScene            - Entity added to scene
11:25:03.057 [JavaFX Application Thread] DEBUG GameScene            - Added MainViewComponent
11:25:03.057 [JavaFX Application Thread] DEBUG GameScene            - Entity added to scene
11:25:03.057 [JavaFX Application Thread] DEBUG GameScene            - Added MainViewComponent
11:25:03.057 [JavaFX Application Thread] DEBUG GameScene            - Entity added to scene
11:25:03.057 [JavaFX Application Thread] DEBUG GameScene            - Added MainViewComponent
11:25:03.058 [JavaFX Application Thread] DEBUG GameScene            - Entity added to scene
11:25:03.058 [JavaFX Application Thread] DEBUG GameScene            - Added MainViewComponent
11:25:03.058 [JavaFX Application Thread] DEBUG GameScene            - Entity added to scene
11:25:03.058 [JavaFX Application Thread] DEBUG GameScene            - Added MainViewComponent
11:25:03.058 [JavaFX Application Thread] DEBUG GameScene            - Entity added to scene
11:25:03.058 [JavaFX Application Thread] DEBUG GameScene            - Added MainViewComponent
11:25:03.058 [JavaFX Application Thread] DEBUG GameScene            - Entity added to scene
11:25:03.059 [JavaFX Application Thread] DEBUG GameScene            - Added MainViewComponent
11:25:03.059 [JavaFX Application Thread] DEBUG GameScene            - Entity added to scene
11:25:03.059 [JavaFX Application Thread] DEBUG GameScene            - Added MainViewComponent
11:25:03.059 [JavaFX Application Thread] DEBUG GameScene            - Entity added to scene
11:25:03.059 [JavaFX Application Thread] DEBUG GameScene            - Added MainViewComponent
11:25:03.059 [JavaFX Application Thread] DEBUG GameScene            - Entity added to scene
11:25:03.059 [JavaFX Application Thread] DEBUG GameScene            - Added MainViewComponent
11:25:03.059 [JavaFX Application Thread] DEBUG GameScene            - Entity added to scene
11:25:03.059 [JavaFX Application Thread] DEBUG GameScene            - Added MainViewComponent
11:25:03.060 [JavaFX Application Thread] DEBUG GameScene            - Entity added to scene
11:25:03.060 [JavaFX Application Thread] DEBUG GameScene            - Added MainViewComponent
11:25:03.060 [JavaFX Application Thread] DEBUG GameScene            - Entity added to scene
11:25:03.060 [JavaFX Application Thread] DEBUG GameScene            - Added MainViewComponent
11:25:03.060 [JavaFX Application Thread] DEBUG GameScene            - Entity added to scene
11:25:03.060 [JavaFX Application Thread] DEBUG GameScene            - Added MainViewComponent
11:25:03.060 [JavaFX Application Thread] DEBUG GameScene            - Entity added to scene
11:25:03.060 [JavaFX Application Thread] DEBUG GameScene            - Added MainViewComponent
11:25:03.061 [JavaFX Application Thread] DEBUG GameScene            - Entity added to scene
11:25:03.061 [JavaFX Application Thread] DEBUG GameScene            - Added MainViewComponent
11:25:03.061 [JavaFX Application Thread] DEBUG GameScene            - Entity added to scene
11:25:03.061 [JavaFX Application Thread] DEBUG GameScene            - Added MainViewComponent
11:25:03.061 [JavaFX Application Thread] DEBUG GameScene            - Entity added to scene
11:25:03.061 [JavaFX Application Thread] DEBUG GameScene            - Added MainViewComponent
11:25:03.061 [JavaFX Application Thread] DEBUG GameScene            - Entity added to scene
11:25:03.061 [JavaFX Application Thread] DEBUG GameScene            - Added MainViewComponent
11:25:03.062 [JavaFX Application Thread] DEBUG GameScene            - Entity added to scene
11:25:03.062 [JavaFX Application Thread] DEBUG GameScene            - Added MainViewComponent
11:25:03.062 [JavaFX Application Thread] DEBUG GameScene            - Entity added to scene
11:25:03.062 [JavaFX Application Thread] DEBUG GameScene            - Added MainViewComponent
11:25:03.062 [JavaFX Application Thread] DEBUG GameScene            - Entity added to scene
11:25:03.062 [JavaFX Application Thread] DEBUG GameScene            - Added MainViewComponent
11:25:03.062 [JavaFX Application Thread] DEBUG GameScene            - Entity added to scene
11:25:03.062 [JavaFX Application Thread] DEBUG GameScene            - Added MainViewComponent
11:25:03.063 [JavaFX Application Thread] DEBUG GameScene            - Entity added to scene
11:25:03.063 [JavaFX Application Thread] DEBUG GameScene            - Added MainViewComponent
11:25:03.063 [JavaFX Application Thread] DEBUG GameScene            - Entity added to scene
11:25:03.063 [JavaFX Application Thread] DEBUG GameScene            - Added MainViewComponent
11:25:03.063 [JavaFX Application Thread] DEBUG GameScene            - Entity added to scene
11:25:03.063 [JavaFX Application Thread] DEBUG GameScene            - Added MainViewComponent
11:25:03.063 [JavaFX Application Thread] DEBUG GameScene            - Entity added to scene
11:25:03.063 [JavaFX Application Thread] DEBUG GameScene            - Added MainViewComponent
11:25:03.063 [JavaFX Application Thread] DEBUG GameScene            - Entity added to scene
11:25:03.064 [JavaFX Application Thread] DEBUG GameScene            - Added MainViewComponent
11:25:03.064 [JavaFX Application Thread] DEBUG GameScene            - Entity added to scene
11:25:03.064 [JavaFX Application Thread] DEBUG GameScene            - Added MainViewComponent
11:25:03.064 [JavaFX Application Thread] DEBUG GameScene            - Entity added to scene
11:25:03.064 [JavaFX Application Thread] DEBUG GameScene            - Added MainViewComponent
11:25:03.064 [JavaFX Application Thread] DEBUG GameScene            - Entity added to scene
11:25:03.064 [JavaFX Application Thread] DEBUG GameScene            - Added MainViewComponent
11:25:03.065 [JavaFX Application Thread] DEBUG GameScene            - Entity added to scene
11:25:03.065 [JavaFX Application Thread] DEBUG GameScene            - Added MainViewComponent
11:25:03.065 [JavaFX Application Thread] DEBUG GameScene            - Entity added to scene
11:25:03.065 [JavaFX Application Thread] DEBUG GameScene            - Added MainViewComponent
11:25:03.065 [JavaFX Application Thread] DEBUG GameScene            - Entity added to scene
11:25:03.065 [JavaFX Application Thread] DEBUG GameScene            - Added MainViewComponent
11:25:03.066 [JavaFX Application Thread] DEBUG GameScene            - Entity added to scene
11:25:03.066 [JavaFX Application Thread] DEBUG GameScene            - Added MainViewComponent
11:25:03.066 [JavaFX Application Thread] DEBUG GameScene            - Entity added to scene
11:25:03.066 [JavaFX Application Thread] DEBUG GameScene            - Added MainViewComponent
11:25:03.066 [JavaFX Application Thread] DEBUG GameScene            - Entity added to scene
11:25:03.067 [JavaFX Application Thread] DEBUG GameScene            - Added MainViewComponent
11:25:03.067 [JavaFX Application Thread] DEBUG GameScene            - Entity added to scene
11:25:03.067 [JavaFX Application Thread] DEBUG GameScene            - Added MainViewComponent
11:25:03.067 [JavaFX Application Thread] DEBUG GameScene            - Entity added to scene
11:25:03.067 [JavaFX Application Thread] DEBUG GameScene            - Added MainViewComponent
11:25:03.067 [JavaFX Application Thread] DEBUG GameScene            - Entity added to scene
11:25:03.068 [JavaFX Application Thread] DEBUG GameScene            - Added MainViewComponent
11:25:03.068 [JavaFX Application Thread] DEBUG GameScene            - Entity added to scene
11:25:03.068 [JavaFX Application Thread] DEBUG GameScene            - Added MainViewComponent
11:25:03.068 [JavaFX Application Thread] DEBUG GameScene            - Entity added to scene
11:25:03.068 [JavaFX Application Thread] DEBUG GameScene            - Added MainViewComponent
11:25:03.068 [JavaFX Application Thread] DEBUG GameScene            - Entity added to scene
11:25:03.068 [JavaFX Application Thread] DEBUG GameScene            - Added MainViewComponent
11:25:03.069 [JavaFX Application Thread] DEBUG GameScene            - Entity added to scene
11:25:03.069 [JavaFX Application Thread] DEBUG GameScene            - Added MainViewComponent
11:25:03.069 [JavaFX Application Thread] DEBUG GameScene            - Entity added to scene
11:25:03.069 [JavaFX Application Thread] DEBUG GameScene            - Added MainViewComponent
11:25:03.069 [JavaFX Application Thread] DEBUG GameScene            - Entity added to scene
11:25:03.069 [JavaFX Application Thread] DEBUG GameScene            - Added MainViewComponent
11:25:03.069 [JavaFX Application Thread] DEBUG GameScene            - Entity added to scene
11:25:03.069 [JavaFX Application Thread] DEBUG GameScene            - Added MainViewComponent
11:25:03.070 [JavaFX Application Thread] DEBUG GameScene            - Entity added to scene
11:25:03.070 [JavaFX Application Thread] DEBUG GameScene            - Added MainViewComponent
11:25:03.070 [JavaFX Application Thread] DEBUG GameScene            - Entity added to scene
11:25:03.070 [JavaFX Application Thread] DEBUG GameScene            - Added MainViewComponent
11:25:03.070 [JavaFX Application Thread] DEBUG GameScene            - Entity added to scene
11:25:03.070 [JavaFX Application Thread] DEBUG GameScene            - Added MainViewComponent
11:25:03.070 [JavaFX Application Thread] DEBUG GameScene            - Creating render group for layer: BACKGROUND(0)
11:25:03.340 [JavaFX Application Thread] DEBUG FXGLAssetLoader      - Loading from disk: /assets/textures/pacman01.png
11:25:03.353 [JavaFX Application Thread] DEBUG GameScene            - Entity removed from scene
11:25:03.355 [JavaFX Application Thread] DEBUG GameScene            - Removed MainViewComponent
11:25:03.511 [JavaFX Application Thread] DEBUG FXGLAssetLoader      - Loading from disk: /assets/textures/pacman02.png
11:25:03.625 [JavaFX Application Thread] DEBUG GameScene            - Entity removed from scene
11:25:03.625 [JavaFX Application Thread] DEBUG GameScene            - Removed MainViewComponent
11:25:03.626 [JavaFX Application Thread] DEBUG FXGLAssetLoader      - Loading from cache: /assets/textures/pacman00.png
11:25:03.744 [JavaFX Application Thread] DEBUG FXGLAssetLoader      - Loading from cache: /assets/textures/pacman01.png
11:25:03.982 [JavaFX Application Thread] DEBUG GameScene            - Entity removed from scene
11:25:03.982 [JavaFX Application Thread] DEBUG GameScene            - Removed MainViewComponent
11:25:04.010 [JavaFX Application Thread] DEBUG FXGLAssetLoader      - Loading from cache: /assets/textures/pacman02.png
11:25:04.203 [JavaFX Application Thread] DEBUG FXGLAssetLoader      - Loading from cache: /assets/textures/pacman00.png
11:25:04.250 [JavaFX Application Thread] DEBUG GameScene            - Entity removed from scene
11:25:04.250 [JavaFX Application Thread] DEBUG GameScene            - Removed MainViewComponent
11:25:04.329 [JavaFX Application Thread] DEBUG FXGLAssetLoader      - Loading from cache: /assets/textures/pacman01.png
11:25:04.441 [JavaFX Application Thread] DEBUG FXGLAssetLoader      - Loading from cache: /assets/textures/pacman02.png
11:25:04.475 [JavaFX Application Thread] DEBUG GameScene            - Entity removed from scene
11:25:04.475 [JavaFX Application Thread] DEBUG GameScene            - Removed MainViewComponent
11:25:04.554 [JavaFX Application Thread] DEBUG FXGLAssetLoader      - Loading from cache: /assets/textures/pacman00.png
11:25:04.681 [JavaFX Application Thread] DEBUG FXGLAssetLoader      - Loading from cache: /assets/textures/pacman01.png
11:25:04.793 [JavaFX Application Thread] DEBUG FXGLAssetLoader      - Loading from cache: /assets/textures/pacman02.png
11:25:04.905 [JavaFX Application Thread] DEBUG FXGLAssetLoader      - Loading from cache: /assets/textures/pacman00.png
11:25:05.021 [JavaFX Application Thread] DEBUG FXGLAssetLoader      - Loading from cache: /assets/textures/pacman01.png
11:25:05.146 [JavaFX Application Thread] DEBUG FXGLAssetLoader      - Loading from cache: /assets/textures/pacman02.png
11:25:05.257 [JavaFX Application Thread] DEBUG FXGLAssetLoader      - Loading from cache: /assets/textures/pacman00.png
11:25:05.369 [JavaFX Application Thread] DEBUG FXGLAssetLoader      - Loading from cache: /assets/textures/pacman01.png
11:25:05.497 [JavaFX Application Thread] DEBUG FXGLAssetLoader      - Loading from cache: /assets/textures/pacman02.png
11:25:05.609 [JavaFX Application Thread] DEBUG FXGLAssetLoader      - Loading from cache: /assets/textures/pacman00.png
11:25:05.721 [JavaFX Application Thread] DEBUG FXGLAssetLoader      - Loading from cache: /assets/textures/pacman01.png
11:25:05.834 [JavaFX Application Thread] DEBUG FXGLAssetLoader      - Loading from cache: /assets/textures/pacman02.png
11:25:05.962 [JavaFX Application Thread] DEBUG FXGLAssetLoader      - Loading from cache: /assets/textures/pacman00.png
11:25:06.073 [JavaFX Application Thread] DEBUG FXGLAssetLoader      - Loading from cache: /assets/textures/pacman01.png
11:25:06.187 [JavaFX Application Thread] DEBUG FXGLAssetLoader      - Loading from cache: /assets/textures/pacman02.png
11:25:06.313 [JavaFX Application Thread] DEBUG FXGLAssetLoader      - Loading from cache: /assets/textures/pacman00.png
11:25:06.425 [JavaFX Application Thread] DEBUG FXGLAssetLoader      - Loading from cache: /assets/textures/pacman01.png
11:25:06.537 [JavaFX Application Thread] DEBUG FXGLAssetLoader      - Loading from cache: /assets/textures/pacman02.png
11:25:06.652 [JavaFX Application Thread] DEBUG FXGLAssetLoader      - Loading from cache: /assets/textures/pacman00.png
11:25:06.777 [JavaFX Application Thread] DEBUG FXGLAssetLoader      - Loading from cache: /assets/textures/pacman01.png
11:25:06.889 [JavaFX Application Thread] DEBUG FXGLAssetLoader      - Loading from cache: /assets/textures/pacman02.png
11:25:07.001 [JavaFX Application Thread] DEBUG FXGLAssetLoader      - Loading from cache: /assets/textures/pacman00.png
11:25:07.129 [JavaFX Application Thread] DEBUG FXGLAssetLoader      - Loading from cache: /assets/textures/pacman01.png
11:25:07.241 [JavaFX Application Thread] DEBUG FXGLAssetLoader      - Loading from cache: /assets/textures/pacman02.png
11:25:07.353 [JavaFX Application Thread] DEBUG FXGLAssetLoader      - Loading from cache: /assets/textures/pacman00.png
11:25:07.466 [JavaFX Application Thread] DEBUG FXGLAssetLoader      - Loading from cache: /assets/textures/pacman01.png
11:25:07.593 [JavaFX Application Thread] DEBUG FXGLAssetLoader      - Loading from cache: /assets/textures/pacman02.png
11:25:07.705 [JavaFX Application Thread] DEBUG FXGLAssetLoader      - Loading from cache: /assets/textures/pacman00.png
11:25:07.818 [JavaFX Application Thread] DEBUG FXGLAssetLoader      - Loading from cache: /assets/textures/pacman01.png
11:25:07.945 [JavaFX Application Thread] DEBUG FXGLAssetLoader      - Loading from cache: /assets/textures/pacman02.png
11:25:08.057 [JavaFX Application Thread] DEBUG FXGLAssetLoader      - Loading from cache: /assets/textures/pacman00.png
11:25:08.170 [JavaFX Application Thread] DEBUG FXGLAssetLoader      - Loading from cache: /assets/textures/pacman01.png
11:25:08.283 [JavaFX Application Thread] DEBUG FXGLAssetLoader      - Loading from cache: /assets/textures/pacman02.png
11:25:08.410 [JavaFX Application Thread] DEBUG FXGLAssetLoader      - Loading from cache: /assets/textures/pacman00.png
11:25:08.522 [JavaFX Application Thread] DEBUG FXGLAssetLoader      - Loading from cache: /assets/textures/pacman01.png
11:25:08.634 [JavaFX Application Thread] DEBUG FXGLAssetLoader      - Loading from cache: /assets/textures/pacman02.png
11:25:08.763 [JavaFX Application Thread] DEBUG FXGLAssetLoader      - Loading from cache: /assets/textures/pacman00.png
11:25:08.890 [JavaFX Application Thread] DEBUG FXGLAssetLoader      - Loading from cache: /assets/textures/pacman01.png
11:25:09.002 [JavaFX Application Thread] DEBUG FXGLAssetLoader      - Loading from cache: /assets/textures/pacman02.png
11:25:09.116 [JavaFX Application Thread] DEBUG FXGLAssetLoader      - Loading from cache: /assets/textures/pacman00.png
11:25:09.242 [JavaFX Application Thread] DEBUG FXGLAssetLoader      - Loading from cache: /assets/textures/pacman01.png
11:25:09.354 [JavaFX Application Thread] DEBUG FXGLAssetLoader      - Loading from cache: /assets/textures/pacman02.png
11:25:09.466 [JavaFX Application Thread] DEBUG FXGLAssetLoader      - Loading from cache: /assets/textures/pacman00.png
11:25:09.594 [JavaFX Application Thread] DEBUG FXGLAssetLoader      - Loading from cache: /assets/textures/pacman01.png
11:25:09.707 [JavaFX Application Thread] DEBUG FXGLAssetLoader      - Loading from cache: /assets/textures/pacman02.png
11:25:09.818 [JavaFX Application Thread] DEBUG FXGLAssetLoader      - Loading from cache: /assets/textures/pacman00.png
11:25:09.931 [JavaFX Application Thread] DEBUG FXGLAssetLoader      - Loading from cache: /assets/textures/pacman01.png
11:25:10.058 [JavaFX Application Thread] DEBUG FXGLAssetLoader      - Loading from cache: /assets/textures/pacman02.png
11:25:10.170 [JavaFX Application Thread] DEBUG FXGLAssetLoader      - Loading from cache: /assets/textures/pacman00.png
11:25:10.282 [JavaFX Application Thread] DEBUG FXGLAssetLoader      - Loading from cache: /assets/textures/pacman01.png
11:25:10.410 [JavaFX Application Thread] DEBUG FXGLAssetLoader      - Loading from cache: /assets/textures/pacman02.png
11:25:10.522 [JavaFX Application Thread] DEBUG FXGLAssetLoader      - Loading from cache: /assets/textures/pacman00.png
11:25:10.737 [JavaFX Application Thread] DEBUG FXGLAssetLoader      - Loading from cache: /assets/textures/pacman01.png
11:25:10.922 [JavaFX Application Thread] DEBUG FXGLAssetLoader      - Loading from cache: /assets/textures/pacman02.png
11:25:11.035 [JavaFX Application Thread] DEBUG FXGLAssetLoader      - Loading from cache: /assets/textures/pacman00.png
11:25:11.146 [JavaFX Application Thread] DEBUG FXGLAssetLoader      - Loading from cache: /assets/textures/pacman01.png
11:25:11.274 [JavaFX Application Thread] DEBUG FXGLAssetLoader      - Loading from cache: /assets/textures/pacman02.png
11:25:11.386 [JavaFX Application Thread] DEBUG FXGLAssetLoader      - Loading from cache: /assets/textures/pacman00.png
11:25:11.498 [JavaFX Application Thread] DEBUG FXGLAssetLoader      - Loading from cache: /assets/textures/pacman01.png
11:25:11.626 [JavaFX Application Thread] DEBUG FXGLAssetLoader      - Loading from cache: /assets/textures/pacman02.png
11:25:11.739 [JavaFX Application Thread] DEBUG FXGLAssetLoader      - Loading from cache: /assets/textures/pacman00.png
11:25:11.851 [JavaFX Application Thread] DEBUG FXGLAssetLoader      - Loading from cache: /assets/textures/pacman01.png
11:25:11.978 [JavaFX Application Thread] DEBUG FXGLAssetLoader      - Loading from cache: /assets/textures/pacman02.png
11:25:12.106 [JavaFX Application Thread] DEBUG FXGLAssetLoader      - Loading from cache: /assets/textures/pacman00.png
11:25:12.220 [JavaFX Application Thread] DEBUG FXGLAssetLoader      - Loading from cache: /assets/textures/pacman01.png
11:25:12.330 [JavaFX Application Thread] DEBUG FXGLAssetLoader      - Loading from cache: /assets/textures/pacman02.png
11:25:12.458 [JavaFX Application Thread] DEBUG FXGLAssetLoader      - Loading from cache: /assets/textures/pacman00.png
11:25:12.573 [JavaFX Application Thread] DEBUG FXGLAssetLoader      - Loading from cache: /assets/textures/pacman01.png
11:25:12.682 [JavaFX Application Thread] DEBUG FXGLAssetLoader      - Loading from cache: /assets/textures/pacman02.png
11:25:12.810 [JavaFX Application Thread] DEBUG FXGLAssetLoader      - Loading from cache: /assets/textures/pacman00.png
11:25:12.954 [JavaFX Application Thread] DEBUG FXGLAssetLoader      - Loading from cache: /assets/textures/pacman01.png
11:25:13.082 [JavaFX Application Thread] DEBUG FXGLAssetLoader      - Loading from cache: /assets/textures/pacman02.png
11:25:13.211 [JavaFX Application Thread] DEBUG FXGLAssetLoader      - Loading from cache: /assets/textures/pacman00.png
11:25:13.338 [JavaFX Application Thread] DEBUG FXGLAssetLoader      - Loading from cache: /assets/textures/pacman01.png
11:25:13.451 [JavaFX Application Thread] DEBUG FXGLAssetLoader      - Loading from cache: /assets/textures/pacman02.png
11:25:13.563 [JavaFX Application Thread] DEBUG FXGLAssetLoader      - Loading from cache: /assets/textures/pacman00.png
11:25:13.690 [JavaFX Application Thread] DEBUG FXGLAssetLoader      - Loading from cache: /assets/textures/pacman01.png
11:25:13.802 [JavaFX Application Thread] DEBUG FXGLAssetLoader      - Loading from cache: /assets/textures/pacman02.png
11:25:13.915 [JavaFX Application Thread] DEBUG FXGLAssetLoader      - Loading from cache: /assets/textures/pacman00.png
11:25:14.027 [JavaFX Application Thread] DEBUG FXGLAssetLoader      - Loading from cache: /assets/textures/pacman01.png
11:25:14.154 [JavaFX Application Thread] DEBUG FXGLAssetLoader      - Loading from cache: /assets/textures/pacman02.png
11:25:14.267 [JavaFX Application Thread] DEBUG FXGLAssetLoader      - Loading from cache: /assets/textures/pacman00.png
11:25:14.442 [JavaFX Application Thread] DEBUG FXGLAssetLoader      - Loading from cache: /assets/textures/pacman01.png
11:25:14.570 [JavaFX Application Thread] DEBUG FXGLAssetLoader      - Loading from cache: /assets/textures/pacman02.png
11:25:14.682 [JavaFX Application Thread] DEBUG FXGLAssetLoader      - Loading from cache: /assets/textures/pacman00.png
11:25:14.796 [JavaFX Application Thread] DEBUG FXGLAssetLoader      - Loading from cache: /assets/textures/pacman01.png
11:25:14.922 [JavaFX Application Thread] DEBUG FXGLAssetLoader      - Loading from cache: /assets/textures/pacman02.png
11:25:15.034 [JavaFX Application Thread] DEBUG FXGLAssetLoader      - Loading from cache: /assets/textures/pacman00.png
11:25:15.146 [JavaFX Application Thread] DEBUG FXGLAssetLoader      - Loading from cache: /assets/textures/pacman01.png
11:25:15.258 [JavaFX Application Thread] DEBUG FXGLAssetLoader      - Loading from cache: /assets/textures/pacman02.png
11:25:15.387 [JavaFX Application Thread] DEBUG FXGLAssetLoader      - Loading from cache: /assets/textures/pacman00.png
11:25:15.499 [JavaFX Application Thread] DEBUG FXGLAssetLoader      - Loading from cache: /assets/textures/pacman01.png
11:25:15.610 [JavaFX Application Thread] DEBUG FXGLAssetLoader      - Loading from cache: /assets/textures/pacman02.png
11:25:15.723 [JavaFX Application Thread] DEBUG FXGLAssetLoader      - Loading from cache: /assets/textures/pacman00.png
11:25:15.850 [JavaFX Application Thread] DEBUG FXGLAssetLoader      - Loading from cache: /assets/textures/pacman01.png
11:25:15.962 [JavaFX Application Thread] DEBUG FXGLAssetLoader      - Loading from cache: /assets/textures/pacman02.png
11:25:16.076 [JavaFX Application Thread] DEBUG FXGLAssetLoader      - Loading from cache: /assets/textures/pacman00.png
11:25:16.212 [JavaFX Application Thread] DEBUG FXGLEventBus         - Firing event: DisplayEvent[type=DIALOG_OPENED]
11:25:16.212 [JavaFX Application Thread] DEBUG FXGLInput            - Clearing active input actions
11:25:16.212 [JavaFX Application Thread] DEBUG FXGLMasterTimer      - Stopping master timer
11:25:16.212 [JavaFX Application Thread] DEBUG GameApplication      - State: PLAYING -> PAUSED
11:25:16.213 [JavaFX Application Thread] DEBUG FXGLEventBus         - Firing event: FXGLEvent[type=PAUSE]
11:25:16.213 [JavaFX Application Thread] DEBUG FXGLInput            - Clearing active input actions
11:25:17.972 [JavaFX Application Thread] DEBUG FXGLEventBus         - Firing event: DisplayEvent[type=DIALOG_CLOSED]
11:25:17.973 [JavaFX Application Thread] DEBUG FXGLInput            - Clearing active input actions
11:25:17.973 [JavaFX Application Thread] DEBUG FXGLMasterTimer      - Starting master timer
11:25:17.973 [JavaFX Application Thread] DEBUG GameApplication      - State: PAUSED -> PLAYING
11:25:17.973 [JavaFX Application Thread] DEBUG FXGLEventBus         - Firing event: FXGLEvent[type=RESUME]
11:25:17.973 [JavaFX Application Thread] DEBUG FXGLEventBus         - Firing event: DisplayEvent[type=CLOSE_REQUEST]
11:25:17.975 [JavaFX Application Thread] DEBUG FXGLEventBus         - Firing event: FXGLEvent[type=EXIT]
11:25:17.976 [JavaFX Application Thread] DEBUG FXGL                 - Saving FXGL system data
11:25:17.977 [JavaFX Application Thread] DEBUG IOTask               - Executing task: writeDataTask(system/fxgl.bundle)
11:25:17.980 [JavaFX Application Thread] DEBUG FS                   - Writing to: system\fxgl.bundle
11:25:17.988 [JavaFX Application Thread] DEBUG IOTask               - Task succeeded: writeDataTask(system/fxgl.bundle)
