11:07:24.981 [FXGL Launcher Thread     ] DEBUG FXGLLoggerFactory    - Service [LoggerFactory] initialized
11:07:24.987 [FXGL Launcher Thread     ] DEBUG FXGL                 - FXGL configuration complete
11:07:24.988 [FXGL Launcher Thread     ] DEBUG FXGL                 - Loading FXGL system data
11:07:24.991 [FXGL Launcher Thread     ] DEBUG IOTask               - Executing task: readDataTask(system/fxgl.bundle)
11:07:24.994 [FXGL Launcher Thread     ] DEBUG FS                   - Reading from: system\fxgl.bundle
11:07:25.000 [FXGL Launcher Thread     ] DEBUG IOTask               - Task succeeded: readDataTask(system/fxgl.bundle)
11:07:25.000 [FXGL Launcher Thread     ] DEBUG Bundle               - Logging bundle: FXGL
11:07:25.001 [FXGL Launcher Thread     ] DEBUG Bundle               - FXGL.offline.timer.version.check=2017-01-18T11:24:23.393
11:07:25.007 [JavaFX Application Thread] DEBUG UpdaterTask          - Checking for updates
11:07:25.071 [JavaFX Application Thread] DEBUG FXGLEventBus         - Service [EventBus] initialized
11:07:25.074 [JavaFX Application Thread] DEBUG FXGLExecutor         - Service [Executor] initialized
11:07:25.075 [JavaFX Application Thread] DEBUG IOTask               - Showing dialog
11:07:25.077 [FXGL Background Thread 1 ] DEBUG IOTask               - Executing task: openStream(https://raw.githubusercontent.com/AlmasB/FXGL/master/pom.xml)
11:07:25.077 [FXGL Background Thread 1 ] DEBUG IOTask               - Executing task: openStream(https://raw.githubusercontent.com/AlmasB/FXGL/master/pom.xml)
11:07:25.726 [JavaFX Application Thread] DEBUG IOTask               - fail(): Dismissing dialog
11:07:25.726 [JavaFX Application Thread] WARN  IOTask               - Task failed: openStream(https://raw.githubusercontent.com/AlmasB/FXGL/master/pom.xml) Error: javax.net.ssl.SSLHandshakeException: sun.security.validator.ValidatorException: PKIX path building failed: sun.security.provider.certpath.SunCertPathBuilderException: unable to find valid certification path to requested target
11:07:25.726 [JavaFX Application Thread] WARN  UpdaterTask          - Failed to find updates: javax.net.ssl.SSLHandshakeException: sun.security.validator.ValidatorException: PKIX path building failed: sun.security.provider.certpath.SunCertPathBuilderException: unable to find valid certification path to requested target
11:07:27.470 [FXGL Launcher Thread     ] DEBUG GameApplication      - Configuring GameApplication
11:07:27.480 [FXGL Launcher Thread     ] DEBUG FXGLExceptionHandler - Service [ExceptionHandler] initialized
11:07:27.480 [FXGL Launcher Thread     ] DEBUG PreInitTask          - Injecting gameWorld & physicsWorld
11:07:27.493 [FXGL Launcher Thread     ] DEBUG GameWorld            - Game world initialized
11:07:27.587 [FXGL Launcher Thread     ] DEBUG FXGLPooler           - Service [Pooler] initialized with default size = 128
11:07:27.589 [FXGL Launcher Thread     ] DEBUG PhysicsWorld         - Physics world initialized: appHeight=840.0, physics.ppm=50.0
11:07:27.592 [FXGL Launcher Thread     ] DEBUG FXGLInput            - Service [Input] initialized
11:07:27.618 [FXGL Launcher Thread     ] DEBUG FXGLInput            - Registered new binding: Screenshot - P
11:07:27.618 [FXGL Launcher Thread     ] DEBUG FXGLInput            - Registered new binding: Dev Options - CTRL+0
11:07:27.620 [FXGL Launcher Thread     ] DEBUG FXGLInput            - Registered new binding: Up - W
11:07:27.620 [FXGL Launcher Thread     ] DEBUG FXGLInput            - Registered new binding: Left - A
11:07:27.621 [FXGL Launcher Thread     ] DEBUG FXGLInput            - Registered new binding: Down - S
11:07:27.621 [FXGL Launcher Thread     ] DEBUG FXGLInput            - Registered new binding: Right - D
11:07:27.657 [FXGL Launcher Thread     ] DEBUG GameScene            - Game scene initialized: 960.0x840.0
11:07:27.662 [FXGL Launcher Thread     ] DEBUG FXGLAssetLoader      - Service [AssetLoader] initialized: cacheSize=35
11:07:27.665 [FXGL Launcher Thread     ] DEBUG FXGLAssetLoader      - Loading from disk: /assets/sounds/system/notification.wav
11:07:27.692 [FXGL Launcher Thread     ] DEBUG FXGLAssetLoader      - Loading from disk: /assets/sounds/menu/select.wav
11:07:27.694 [FXGL Launcher Thread     ] DEBUG FXGLAssetLoader      - Loading from disk: /assets/sounds/menu/back.wav
11:07:27.696 [FXGL Launcher Thread     ] DEBUG FXGLAssetLoader      - Loading from disk: /assets/sounds/menu/press.wav
11:07:27.698 [FXGL Launcher Thread     ] DEBUG FXGLAssetLoader      - Loading from disk: /assets/ui/fonts/Copperplate_Gothic_Light_Regular.ttf
11:07:27.704 [FXGL Launcher Thread     ] DEBUG FXGLAssetLoader      - Loading from disk: /assets/ui/css/fxgl.css
11:07:27.704 [FXGL Launcher Thread     ] DEBUG FXGLAssetLoader      - Loading from disk: /assets/ui/icons/fxgl_icon.png
11:07:27.737 [FXGL Launcher Thread     ] DEBUG FXGLAssetLoader      - Loading from disk: /assets/ui/css/fxgl_dark.css
11:07:27.747 [FXGL Launcher Thread     ] DEBUG FXGLDisplay          - Target size: DoubleProperty [value: 960.0] x DoubleProperty [value: 840.0] @ 1.0
11:07:27.747 [FXGL Launcher Thread     ] DEBUG FXGLDisplay          - New size:    960.0 x 840.0 @ DoubleProperty [value: 1.0]
11:07:27.747 [FXGL Launcher Thread     ] DEBUG FXGLDisplay          - Service [Display] initialized
11:07:27.748 [FXGL Launcher Thread     ] DEBUG FXGLDisplay          - Using CSS: CSS(externalForm=jar:file:/C:/Computer%20Science/Game%20Design/3rd/Pacman/lib/fxgl-0.2.9-uber.jar!/assets/ui/css/fxgl_dark.css)
11:07:27.748 [FXGL Launcher Thread     ] DEBUG InitScenesTask       - Injecting loadingScene & gameScene
11:07:27.769 [FXGL Launcher Thread     ] DEBUG FXGLMasterTimer      - Service [MasterTimer] initialized
11:07:27.772 [FXGL Launcher Thread     ] DEBUG FXGLAudioPlayer      - Service [AudioPlayer] initialized
11:07:27.781 [FXGL Launcher Thread     ] DEBUG GameApplication      - Starting new game
11:07:27.782 [FXGL Launcher Thread     ] DEBUG GameApplication      - Initializing App
11:07:27.784 [FXGL Launcher Thread     ] DEBUG FXGLInput            - Clearing active input actions
11:07:27.785 [FXGL Launcher Thread     ] DEBUG FXGLMasterTimer      - Stopping master timer
11:07:27.785 [FXGL Launcher Thread     ] DEBUG GameApplication      - State: STARTUP -> PAUSED
11:07:27.785 [FXGL Launcher Thread     ] DEBUG FXGLEventBus         - Firing event: FXGLEvent[type=PAUSE]
11:07:27.786 [FXGL Launcher Thread     ] DEBUG FXGLInput            - Clearing active input actions
11:07:27.786 [FXGL Launcher Thread     ] DEBUG FXGLMasterTimer      - Resetting ticks and clearing all actions
11:07:27.786 [FXGL Launcher Thread     ] DEBUG GameWorld            - Resetting game world
11:07:27.786 [FXGL Launcher Thread     ] TRACE EntityWorld          - Resetting entity world
11:07:27.788 [FXGL Launcher Thread     ] DEBUG PhysicsWorld         - Resetting physics world
11:07:27.788 [FXGL Launcher Thread     ] DEBUG GameScene            - Resetting game scene
11:07:27.788 [FXGL Launcher Thread     ] DEBUG FXGLEventBus         - Firing event: FXGLEvent[type=RESET]
11:07:27.852 [FXGL Launcher Thread     ] DEBUG GameApplication      - State: PAUSED -> LOADING
11:07:27.884 [FXGL Background Thread 1 ] DEBUG InitAppTask          - Initializing Assets
11:07:27.885 [FXGL Background Thread 1 ] DEBUG InitAppTask          - Initializing Game
11:07:27.891 [FXGL Background Thread 1 ] DEBUG FXGLAssetLoader      - Loading from disk: /assets/text/level.txt
11:07:27.960 [JavaFX Application Thread] DEBUG FXGLDisplay          - Showing stage
11:07:27.960 [JavaFX Application Thread] DEBUG FXGLDisplay          - Root size: 960.0x840.0
11:07:27.960 [JavaFX Application Thread] DEBUG FXGLDisplay          - Scene size: 960.0x840.0
11:07:27.960 [JavaFX Application Thread] DEBUG FXGLDisplay          - Stage size: 978.0x885.0
11:07:28.211 [FXGL Background Thread 1 ] DEBUG GameWorld            - Resetting game world
11:07:28.211 [FXGL Background Thread 1 ] TRACE EntityWorld          - Resetting entity world
11:07:28.211 [FXGL Background Thread 1 ] DEBUG PhysicsWorld         - Resetting physics world
11:07:28.211 [FXGL Background Thread 1 ] DEBUG GameScene            - Resetting game scene
11:07:28.211 [FXGL Background Thread 1 ] DEBUG GameWorld            - Setting level: com.almasb.fxgl.gameplay.Level@1a6e4620
11:07:28.214 [FXGL Background Thread 1 ] DEBUG InitAppTask          - Initializing Physics
11:07:28.215 [FXGL Background Thread 1 ] DEBUG InitAppTask          - Initializing UI
11:07:28.216 [FXGL Background Thread 1 ] DEBUG FXGLAssetLoader      - Loading from disk: /assets/ui/pacman_ui.fxml
11:07:28.281 [FXGL Background Thread 1 ] DEBUG GameScene            - Adding UI node: Pane@7f457ef3
11:07:28.281 [FXGL Background Thread 1 ] DEBUG InitAppTask          - Initialization Complete
11:07:28.282 [JavaFX Application Thread] DEBUG FXGLInput            - Clearing active input actions
11:07:28.283 [JavaFX Application Thread] DEBUG FXGLMasterTimer      - Starting master timer
11:07:28.283 [JavaFX Application Thread] DEBUG GameApplication      - State: LOADING -> PLAYING
11:07:28.291 [JavaFX Application Thread] DEBUG FXGLEventBus         - Firing event: FXGLEvent[type=RESUME]
11:07:28.297 [JavaFX Application Thread] DEBUG GameScene            - Entity added to scene
11:07:28.297 [JavaFX Application Thread] DEBUG GameScene            - Added MainViewComponent
11:07:28.299 [JavaFX Application Thread] DEBUG GameScene            - Creating render group for layer: PLAYGROUND(1073741823)
11:07:28.302 [JavaFX Application Thread] DEBUG GameScene            - Entity added to scene
11:07:28.302 [JavaFX Application Thread] DEBUG GameScene            - Added MainViewComponent
11:07:28.303 [JavaFX Application Thread] DEBUG GameScene            - Entity added to scene
11:07:28.303 [JavaFX Application Thread] DEBUG GameScene            - Added MainViewComponent
11:07:28.303 [JavaFX Application Thread] DEBUG GameScene            - Entity added to scene
11:07:28.304 [JavaFX Application Thread] DEBUG GameScene            - Added MainViewComponent
11:07:28.304 [JavaFX Application Thread] DEBUG GameScene            - Entity added to scene
11:07:28.304 [JavaFX Application Thread] DEBUG GameScene            - Added MainViewComponent
11:07:28.304 [JavaFX Application Thread] DEBUG GameScene            - Entity added to scene
11:07:28.304 [JavaFX Application Thread] DEBUG GameScene            - Added MainViewComponent
11:07:28.305 [JavaFX Application Thread] DEBUG GameScene            - Entity added to scene
11:07:28.305 [JavaFX Application Thread] DEBUG GameScene            - Added MainViewComponent
11:07:28.305 [JavaFX Application Thread] DEBUG GameScene            - Entity added to scene
11:07:28.305 [JavaFX Application Thread] DEBUG GameScene            - Added MainViewComponent
11:07:28.306 [JavaFX Application Thread] DEBUG GameScene            - Entity added to scene
11:07:28.306 [JavaFX Application Thread] DEBUG GameScene            - Added MainViewComponent
11:07:28.306 [JavaFX Application Thread] DEBUG GameScene            - Entity added to scene
11:07:28.306 [JavaFX Application Thread] DEBUG GameScene            - Added MainViewComponent
11:07:28.306 [JavaFX Application Thread] DEBUG GameScene            - Entity added to scene
11:07:28.306 [JavaFX Application Thread] DEBUG GameScene            - Added MainViewComponent
11:07:28.306 [JavaFX Application Thread] DEBUG GameScene            - Entity added to scene
11:07:28.307 [JavaFX Application Thread] DEBUG GameScene            - Added MainViewComponent
11:07:28.307 [JavaFX Application Thread] DEBUG GameScene            - Entity added to scene
11:07:28.307 [JavaFX Application Thread] DEBUG GameScene            - Added MainViewComponent
11:07:28.307 [JavaFX Application Thread] DEBUG GameScene            - Entity added to scene
11:07:28.307 [JavaFX Application Thread] DEBUG GameScene            - Added MainViewComponent
11:07:28.307 [JavaFX Application Thread] DEBUG GameScene            - Entity added to scene
11:07:28.308 [JavaFX Application Thread] DEBUG GameScene            - Added MainViewComponent
11:07:28.308 [JavaFX Application Thread] DEBUG GameScene            - Entity added to scene
11:07:28.308 [JavaFX Application Thread] DEBUG GameScene            - Added MainViewComponent
11:07:28.308 [JavaFX Application Thread] DEBUG GameScene            - Entity added to scene
11:07:28.308 [JavaFX Application Thread] DEBUG GameScene            - Added MainViewComponent
11:07:28.308 [JavaFX Application Thread] DEBUG GameScene            - Entity added to scene
11:07:28.308 [JavaFX Application Thread] DEBUG GameScene            - Added MainViewComponent
11:07:28.309 [JavaFX Application Thread] DEBUG GameScene            - Entity added to scene
11:07:28.309 [JavaFX Application Thread] DEBUG GameScene            - Added MainViewComponent
11:07:28.309 [JavaFX Application Thread] DEBUG GameScene            - Entity added to scene
11:07:28.309 [JavaFX Application Thread] DEBUG GameScene            - Added MainViewComponent
11:07:28.309 [JavaFX Application Thread] DEBUG GameScene            - Entity added to scene
11:07:28.309 [JavaFX Application Thread] DEBUG GameScene            - Added MainViewComponent
11:07:28.309 [JavaFX Application Thread] DEBUG GameScene            - Entity added to scene
11:07:28.309 [JavaFX Application Thread] DEBUG GameScene            - Added MainViewComponent
11:07:28.310 [JavaFX Application Thread] DEBUG GameScene            - Entity added to scene
11:07:28.310 [JavaFX Application Thread] DEBUG GameScene            - Added MainViewComponent
11:07:28.310 [JavaFX Application Thread] DEBUG GameScene            - Entity added to scene
11:07:28.310 [JavaFX Application Thread] DEBUG GameScene            - Added MainViewComponent
11:07:28.310 [JavaFX Application Thread] DEBUG GameScene            - Entity added to scene
11:07:28.310 [JavaFX Application Thread] DEBUG GameScene            - Added MainViewComponent
11:07:28.311 [JavaFX Application Thread] DEBUG GameScene            - Entity added to scene
11:07:28.311 [JavaFX Application Thread] DEBUG GameScene            - Added MainViewComponent
11:07:28.311 [JavaFX Application Thread] DEBUG GameScene            - Entity added to scene
11:07:28.311 [JavaFX Application Thread] DEBUG GameScene            - Added MainViewComponent
11:07:28.311 [JavaFX Application Thread] DEBUG GameScene            - Entity added to scene
11:07:28.311 [JavaFX Application Thread] DEBUG GameScene            - Added MainViewComponent
11:07:28.312 [JavaFX Application Thread] DEBUG GameScene            - Entity added to scene
11:07:28.312 [JavaFX Application Thread] DEBUG GameScene            - Added MainViewComponent
11:07:28.312 [JavaFX Application Thread] DEBUG GameScene            - Entity added to scene
11:07:28.312 [JavaFX Application Thread] DEBUG GameScene            - Added MainViewComponent
11:07:28.313 [JavaFX Application Thread] DEBUG GameScene            - Entity added to scene
11:07:28.313 [JavaFX Application Thread] DEBUG GameScene            - Added MainViewComponent
11:07:28.313 [JavaFX Application Thread] DEBUG GameScene            - Entity added to scene
11:07:28.313 [JavaFX Application Thread] DEBUG GameScene            - Added MainViewComponent
11:07:28.313 [JavaFX Application Thread] DEBUG GameScene            - Entity added to scene
11:07:28.313 [JavaFX Application Thread] DEBUG GameScene            - Added MainViewComponent
11:07:28.313 [JavaFX Application Thread] DEBUG GameScene            - Entity added to scene
11:07:28.313 [JavaFX Application Thread] DEBUG GameScene            - Added MainViewComponent
11:07:28.314 [JavaFX Application Thread] DEBUG GameScene            - Entity added to scene
11:07:28.314 [JavaFX Application Thread] DEBUG GameScene            - Added MainViewComponent
11:07:28.314 [JavaFX Application Thread] DEBUG GameScene            - Entity added to scene
11:07:28.314 [JavaFX Application Thread] DEBUG GameScene            - Added MainViewComponent
11:07:28.314 [JavaFX Application Thread] DEBUG GameScene            - Entity added to scene
11:07:28.314 [JavaFX Application Thread] DEBUG GameScene            - Added MainViewComponent
11:07:28.314 [JavaFX Application Thread] DEBUG GameScene            - Entity added to scene
11:07:28.314 [JavaFX Application Thread] DEBUG GameScene            - Added MainViewComponent
11:07:28.314 [JavaFX Application Thread] DEBUG GameScene            - Entity added to scene
11:07:28.314 [JavaFX Application Thread] DEBUG GameScene            - Added MainViewComponent
11:07:28.315 [JavaFX Application Thread] DEBUG GameScene            - Entity added to scene
11:07:28.315 [JavaFX Application Thread] DEBUG GameScene            - Added MainViewComponent
11:07:28.315 [JavaFX Application Thread] DEBUG GameScene            - Entity added to scene
11:07:28.315 [JavaFX Application Thread] DEBUG GameScene            - Added MainViewComponent
11:07:28.315 [JavaFX Application Thread] DEBUG GameScene            - Entity added to scene
11:07:28.315 [JavaFX Application Thread] DEBUG GameScene            - Added MainViewComponent
11:07:28.315 [JavaFX Application Thread] DEBUG GameScene            - Entity added to scene
11:07:28.315 [JavaFX Application Thread] DEBUG GameScene            - Added MainViewComponent
11:07:28.315 [JavaFX Application Thread] DEBUG GameScene            - Entity added to scene
11:07:28.316 [JavaFX Application Thread] DEBUG GameScene            - Added MainViewComponent
11:07:28.316 [JavaFX Application Thread] DEBUG GameScene            - Entity added to scene
11:07:28.316 [JavaFX Application Thread] DEBUG GameScene            - Added MainViewComponent
11:07:28.316 [JavaFX Application Thread] DEBUG GameScene            - Entity added to scene
11:07:28.316 [JavaFX Application Thread] DEBUG GameScene            - Added MainViewComponent
11:07:28.316 [JavaFX Application Thread] DEBUG GameScene            - Entity added to scene
11:07:28.316 [JavaFX Application Thread] DEBUG GameScene            - Added MainViewComponent
11:07:28.316 [JavaFX Application Thread] DEBUG GameScene            - Entity added to scene
11:07:28.316 [JavaFX Application Thread] DEBUG GameScene            - Added MainViewComponent
11:07:28.317 [JavaFX Application Thread] DEBUG GameScene            - Entity added to scene
11:07:28.317 [JavaFX Application Thread] DEBUG GameScene            - Added MainViewComponent
11:07:28.317 [JavaFX Application Thread] DEBUG GameScene            - Entity added to scene
11:07:28.317 [JavaFX Application Thread] DEBUG GameScene            - Added MainViewComponent
11:07:28.317 [JavaFX Application Thread] DEBUG GameScene            - Entity added to scene
11:07:28.317 [JavaFX Application Thread] DEBUG GameScene            - Added MainViewComponent
11:07:28.317 [JavaFX Application Thread] DEBUG GameScene            - Entity added to scene
11:07:28.317 [JavaFX Application Thread] DEBUG GameScene            - Added MainViewComponent
11:07:28.317 [JavaFX Application Thread] DEBUG GameScene            - Entity added to scene
11:07:28.317 [JavaFX Application Thread] DEBUG GameScene            - Added MainViewComponent
11:07:28.318 [JavaFX Application Thread] DEBUG GameScene            - Entity added to scene
11:07:28.318 [JavaFX Application Thread] DEBUG GameScene            - Added MainViewComponent
11:07:28.318 [JavaFX Application Thread] DEBUG GameScene            - Entity added to scene
11:07:28.318 [JavaFX Application Thread] DEBUG GameScene            - Added MainViewComponent
11:07:28.318 [JavaFX Application Thread] DEBUG GameScene            - Entity added to scene
11:07:28.319 [JavaFX Application Thread] DEBUG GameScene            - Added MainViewComponent
11:07:28.319 [JavaFX Application Thread] DEBUG GameScene            - Entity added to scene
11:07:28.319 [JavaFX Application Thread] DEBUG GameScene            - Added MainViewComponent
11:07:28.319 [JavaFX Application Thread] DEBUG GameScene            - Entity added to scene
11:07:28.319 [JavaFX Application Thread] DEBUG GameScene            - Added MainViewComponent
11:07:28.319 [JavaFX Application Thread] DEBUG GameScene            - Entity added to scene
11:07:28.319 [JavaFX Application Thread] DEBUG GameScene            - Added MainViewComponent
11:07:28.320 [JavaFX Application Thread] DEBUG GameScene            - Entity added to scene
11:07:28.320 [JavaFX Application Thread] DEBUG GameScene            - Added MainViewComponent
11:07:28.320 [JavaFX Application Thread] DEBUG GameScene            - Entity added to scene
11:07:28.320 [JavaFX Application Thread] DEBUG GameScene            - Added MainViewComponent
11:07:28.320 [JavaFX Application Thread] DEBUG GameScene            - Entity added to scene
11:07:28.320 [JavaFX Application Thread] DEBUG GameScene            - Added MainViewComponent
11:07:28.320 [JavaFX Application Thread] DEBUG GameScene            - Entity added to scene
11:07:28.320 [JavaFX Application Thread] DEBUG GameScene            - Added MainViewComponent
11:07:28.320 [JavaFX Application Thread] DEBUG GameScene            - Entity added to scene
11:07:28.320 [JavaFX Application Thread] DEBUG GameScene            - Added MainViewComponent
11:07:28.321 [JavaFX Application Thread] DEBUG GameScene            - Entity added to scene
11:07:28.321 [JavaFX Application Thread] DEBUG GameScene            - Added MainViewComponent
11:07:28.321 [JavaFX Application Thread] DEBUG GameScene            - Entity added to scene
11:07:28.321 [JavaFX Application Thread] DEBUG GameScene            - Added MainViewComponent
11:07:28.321 [JavaFX Application Thread] DEBUG GameScene            - Entity added to scene
11:07:28.321 [JavaFX Application Thread] DEBUG GameScene            - Added MainViewComponent
11:07:28.322 [JavaFX Application Thread] DEBUG GameScene            - Entity added to scene
11:07:28.322 [JavaFX Application Thread] DEBUG GameScene            - Added MainViewComponent
11:07:28.322 [JavaFX Application Thread] DEBUG GameScene            - Entity added to scene
11:07:28.322 [JavaFX Application Thread] DEBUG GameScene            - Added MainViewComponent
11:07:28.323 [JavaFX Application Thread] DEBUG GameScene            - Entity added to scene
11:07:28.323 [JavaFX Application Thread] DEBUG GameScene            - Added MainViewComponent
11:07:28.323 [JavaFX Application Thread] DEBUG GameScene            - Entity added to scene
11:07:28.323 [JavaFX Application Thread] DEBUG GameScene            - Added MainViewComponent
11:07:28.323 [JavaFX Application Thread] DEBUG GameScene            - Entity added to scene
11:07:28.323 [JavaFX Application Thread] DEBUG GameScene            - Added MainViewComponent
11:07:28.324 [JavaFX Application Thread] DEBUG GameScene            - Entity added to scene
11:07:28.324 [JavaFX Application Thread] DEBUG GameScene            - Added MainViewComponent
11:07:28.324 [JavaFX Application Thread] DEBUG GameScene            - Entity added to scene
11:07:28.324 [JavaFX Application Thread] DEBUG GameScene            - Added MainViewComponent
11:07:28.324 [JavaFX Application Thread] DEBUG GameScene            - Entity added to scene
11:07:28.324 [JavaFX Application Thread] DEBUG GameScene            - Added MainViewComponent
11:07:28.324 [JavaFX Application Thread] DEBUG GameScene            - Entity added to scene
11:07:28.324 [JavaFX Application Thread] DEBUG GameScene            - Added MainViewComponent
11:07:28.324 [JavaFX Application Thread] DEBUG GameScene            - Entity added to scene
11:07:28.325 [JavaFX Application Thread] DEBUG GameScene            - Added MainViewComponent
11:07:28.325 [JavaFX Application Thread] DEBUG GameScene            - Entity added to scene
11:07:28.325 [JavaFX Application Thread] DEBUG GameScene            - Added MainViewComponent
11:07:28.325 [JavaFX Application Thread] DEBUG GameScene            - Entity added to scene
11:07:28.325 [JavaFX Application Thread] DEBUG GameScene            - Added MainViewComponent
11:07:28.325 [JavaFX Application Thread] DEBUG GameScene            - Entity added to scene
11:07:28.325 [JavaFX Application Thread] DEBUG GameScene            - Added MainViewComponent
11:07:28.326 [JavaFX Application Thread] DEBUG GameScene            - Entity added to scene
11:07:28.326 [JavaFX Application Thread] DEBUG GameScene            - Added MainViewComponent
11:07:28.326 [JavaFX Application Thread] DEBUG GameScene            - Entity added to scene
11:07:28.326 [JavaFX Application Thread] DEBUG GameScene            - Added MainViewComponent
11:07:28.326 [JavaFX Application Thread] DEBUG GameScene            - Entity added to scene
11:07:28.326 [JavaFX Application Thread] DEBUG GameScene            - Added MainViewComponent
11:07:28.326 [JavaFX Application Thread] DEBUG GameScene            - Entity added to scene
11:07:28.326 [JavaFX Application Thread] DEBUG GameScene            - Added MainViewComponent
11:07:28.326 [JavaFX Application Thread] DEBUG GameScene            - Entity added to scene
11:07:28.326 [JavaFX Application Thread] DEBUG GameScene            - Added MainViewComponent
11:07:28.327 [JavaFX Application Thread] DEBUG GameScene            - Entity added to scene
11:07:28.327 [JavaFX Application Thread] DEBUG GameScene            - Added MainViewComponent
11:07:28.327 [JavaFX Application Thread] DEBUG GameScene            - Entity added to scene
11:07:28.327 [JavaFX Application Thread] DEBUG GameScene            - Added MainViewComponent
11:07:28.327 [JavaFX Application Thread] DEBUG GameScene            - Entity added to scene
11:07:28.327 [JavaFX Application Thread] DEBUG GameScene            - Added MainViewComponent
11:07:28.327 [JavaFX Application Thread] DEBUG GameScene            - Entity added to scene
11:07:28.327 [JavaFX Application Thread] DEBUG GameScene            - Added MainViewComponent
11:07:28.327 [JavaFX Application Thread] DEBUG GameScene            - Entity added to scene
11:07:28.327 [JavaFX Application Thread] DEBUG GameScene            - Added MainViewComponent
11:07:28.328 [JavaFX Application Thread] DEBUG GameScene            - Entity added to scene
11:07:28.328 [JavaFX Application Thread] DEBUG GameScene            - Added MainViewComponent
11:07:28.328 [JavaFX Application Thread] DEBUG GameScene            - Entity added to scene
11:07:28.328 [JavaFX Application Thread] DEBUG GameScene            - Added MainViewComponent
11:07:28.328 [JavaFX Application Thread] DEBUG GameScene            - Entity added to scene
11:07:28.328 [JavaFX Application Thread] DEBUG GameScene            - Added MainViewComponent
11:07:28.329 [JavaFX Application Thread] DEBUG GameScene            - Entity added to scene
11:07:28.329 [JavaFX Application Thread] DEBUG GameScene            - Added MainViewComponent
11:07:28.329 [JavaFX Application Thread] DEBUG GameScene            - Entity added to scene
11:07:28.329 [JavaFX Application Thread] DEBUG GameScene            - Added MainViewComponent
11:07:28.329 [JavaFX Application Thread] DEBUG GameScene            - Entity added to scene
11:07:28.329 [JavaFX Application Thread] DEBUG GameScene            - Added MainViewComponent
11:07:28.329 [JavaFX Application Thread] DEBUG GameScene            - Entity added to scene
11:07:28.329 [JavaFX Application Thread] DEBUG GameScene            - Added MainViewComponent
11:07:28.330 [JavaFX Application Thread] DEBUG GameScene            - Entity added to scene
11:07:28.330 [JavaFX Application Thread] DEBUG GameScene            - Added MainViewComponent
11:07:28.330 [JavaFX Application Thread] DEBUG GameScene            - Entity added to scene
11:07:28.330 [JavaFX Application Thread] DEBUG GameScene            - Added MainViewComponent
11:07:28.330 [JavaFX Application Thread] DEBUG GameScene            - Entity added to scene
11:07:28.330 [JavaFX Application Thread] DEBUG GameScene            - Added MainViewComponent
11:07:28.330 [JavaFX Application Thread] DEBUG GameScene            - Entity added to scene
11:07:28.330 [JavaFX Application Thread] DEBUG GameScene            - Added MainViewComponent
11:07:28.330 [JavaFX Application Thread] DEBUG GameScene            - Entity added to scene
11:07:28.330 [JavaFX Application Thread] DEBUG GameScene            - Added MainViewComponent
11:07:28.330 [JavaFX Application Thread] DEBUG GameScene            - Entity added to scene
11:07:28.331 [JavaFX Application Thread] DEBUG GameScene            - Added MainViewComponent
11:07:28.331 [JavaFX Application Thread] DEBUG GameScene            - Entity added to scene
11:07:28.331 [JavaFX Application Thread] DEBUG GameScene            - Added MainViewComponent
11:07:28.331 [JavaFX Application Thread] DEBUG GameScene            - Entity added to scene
11:07:28.331 [JavaFX Application Thread] DEBUG GameScene            - Added MainViewComponent
11:07:28.331 [JavaFX Application Thread] DEBUG GameScene            - Entity added to scene
11:07:28.331 [JavaFX Application Thread] DEBUG GameScene            - Added MainViewComponent
11:07:28.332 [JavaFX Application Thread] DEBUG GameScene            - Entity added to scene
11:07:28.332 [JavaFX Application Thread] DEBUG GameScene            - Added MainViewComponent
11:07:28.332 [JavaFX Application Thread] DEBUG GameScene            - Entity added to scene
11:07:28.332 [JavaFX Application Thread] DEBUG GameScene            - Added MainViewComponent
11:07:28.332 [JavaFX Application Thread] DEBUG GameScene            - Entity added to scene
11:07:28.332 [JavaFX Application Thread] DEBUG GameScene            - Added MainViewComponent
11:07:28.333 [JavaFX Application Thread] DEBUG GameScene            - Entity added to scene
11:07:28.333 [JavaFX Application Thread] DEBUG GameScene            - Added MainViewComponent
11:07:28.333 [JavaFX Application Thread] DEBUG GameScene            - Entity added to scene
11:07:28.333 [JavaFX Application Thread] DEBUG GameScene            - Added MainViewComponent
11:07:28.334 [JavaFX Application Thread] DEBUG GameScene            - Entity added to scene
11:07:28.334 [JavaFX Application Thread] DEBUG GameScene            - Added MainViewComponent
11:07:28.334 [JavaFX Application Thread] DEBUG GameScene            - Entity added to scene
11:07:28.334 [JavaFX Application Thread] DEBUG GameScene            - Added MainViewComponent
11:07:28.334 [JavaFX Application Thread] DEBUG GameScene            - Entity added to scene
11:07:28.334 [JavaFX Application Thread] DEBUG GameScene            - Added MainViewComponent
11:07:28.335 [JavaFX Application Thread] DEBUG GameScene            - Entity added to scene
11:07:28.335 [JavaFX Application Thread] DEBUG GameScene            - Added MainViewComponent
11:07:28.335 [JavaFX Application Thread] DEBUG GameScene            - Entity added to scene
11:07:28.335 [JavaFX Application Thread] DEBUG GameScene            - Added MainViewComponent
11:07:28.335 [JavaFX Application Thread] DEBUG GameScene            - Entity added to scene
11:07:28.335 [JavaFX Application Thread] DEBUG GameScene            - Added MainViewComponent
11:07:28.335 [JavaFX Application Thread] DEBUG GameScene            - Entity added to scene
11:07:28.335 [JavaFX Application Thread] DEBUG GameScene            - Added MainViewComponent
11:07:28.336 [JavaFX Application Thread] DEBUG GameScene            - Entity added to scene
11:07:28.336 [JavaFX Application Thread] DEBUG GameScene            - Added MainViewComponent
11:07:28.336 [JavaFX Application Thread] DEBUG GameScene            - Entity added to scene
11:07:28.336 [JavaFX Application Thread] DEBUG GameScene            - Added MainViewComponent
11:07:28.336 [JavaFX Application Thread] DEBUG GameScene            - Entity added to scene
11:07:28.336 [JavaFX Application Thread] DEBUG GameScene            - Added MainViewComponent
11:07:28.337 [JavaFX Application Thread] DEBUG GameScene            - Entity added to scene
11:07:28.337 [JavaFX Application Thread] DEBUG GameScene            - Added MainViewComponent
11:07:28.337 [JavaFX Application Thread] DEBUG GameScene            - Entity added to scene
11:07:28.337 [JavaFX Application Thread] DEBUG GameScene            - Added MainViewComponent
11:07:28.337 [JavaFX Application Thread] DEBUG GameScene            - Entity added to scene
11:07:28.337 [JavaFX Application Thread] DEBUG GameScene            - Added MainViewComponent
11:07:28.337 [JavaFX Application Thread] DEBUG GameScene            - Entity added to scene
11:07:28.338 [JavaFX Application Thread] DEBUG GameScene            - Added MainViewComponent
11:07:28.338 [JavaFX Application Thread] DEBUG GameScene            - Entity added to scene
11:07:28.338 [JavaFX Application Thread] DEBUG GameScene            - Added MainViewComponent
11:07:28.339 [JavaFX Application Thread] DEBUG GameScene            - Entity added to scene
11:07:28.339 [JavaFX Application Thread] DEBUG GameScene            - Added MainViewComponent
11:07:28.340 [JavaFX Application Thread] DEBUG GameScene            - Entity added to scene
11:07:28.340 [JavaFX Application Thread] DEBUG GameScene            - Added MainViewComponent
11:07:28.341 [JavaFX Application Thread] DEBUG GameScene            - Entity added to scene
11:07:28.341 [JavaFX Application Thread] DEBUG GameScene            - Added MainViewComponent
11:07:28.342 [JavaFX Application Thread] DEBUG GameScene            - Entity added to scene
11:07:28.342 [JavaFX Application Thread] DEBUG GameScene            - Added MainViewComponent
11:07:28.342 [JavaFX Application Thread] DEBUG GameScene            - Entity added to scene
11:07:28.342 [JavaFX Application Thread] DEBUG GameScene            - Added MainViewComponent
11:07:28.342 [JavaFX Application Thread] DEBUG GameScene            - Entity added to scene
11:07:28.342 [JavaFX Application Thread] DEBUG GameScene            - Added MainViewComponent
11:07:28.342 [JavaFX Application Thread] DEBUG GameScene            - Entity added to scene
11:07:28.342 [JavaFX Application Thread] DEBUG GameScene            - Added MainViewComponent
11:07:28.342 [JavaFX Application Thread] DEBUG GameScene            - Entity added to scene
11:07:28.342 [JavaFX Application Thread] DEBUG GameScene            - Added MainViewComponent
11:07:28.343 [JavaFX Application Thread] DEBUG GameScene            - Entity added to scene
11:07:28.343 [JavaFX Application Thread] DEBUG GameScene            - Added MainViewComponent
11:07:28.343 [JavaFX Application Thread] DEBUG GameScene            - Entity added to scene
11:07:28.343 [JavaFX Application Thread] DEBUG GameScene            - Added MainViewComponent
11:07:28.343 [JavaFX Application Thread] DEBUG GameScene            - Entity added to scene
11:07:28.343 [JavaFX Application Thread] DEBUG GameScene            - Added MainViewComponent
11:07:28.343 [JavaFX Application Thread] DEBUG GameScene            - Entity added to scene
11:07:28.343 [JavaFX Application Thread] DEBUG GameScene            - Added MainViewComponent
11:07:28.343 [JavaFX Application Thread] DEBUG GameScene            - Entity added to scene
11:07:28.343 [JavaFX Application Thread] DEBUG GameScene            - Added MainViewComponent
11:07:28.343 [JavaFX Application Thread] DEBUG GameScene            - Entity added to scene
11:07:28.343 [JavaFX Application Thread] DEBUG GameScene            - Added MainViewComponent
11:07:28.344 [JavaFX Application Thread] DEBUG GameScene            - Entity added to scene
11:07:28.344 [JavaFX Application Thread] DEBUG GameScene            - Added MainViewComponent
11:07:28.344 [JavaFX Application Thread] DEBUG GameScene            - Entity added to scene
11:07:28.344 [JavaFX Application Thread] DEBUG GameScene            - Added MainViewComponent
11:07:28.344 [JavaFX Application Thread] DEBUG GameScene            - Entity added to scene
11:07:28.344 [JavaFX Application Thread] DEBUG GameScene            - Added MainViewComponent
11:07:28.344 [JavaFX Application Thread] DEBUG GameScene            - Entity added to scene
11:07:28.344 [JavaFX Application Thread] DEBUG GameScene            - Added MainViewComponent
11:07:28.344 [JavaFX Application Thread] DEBUG GameScene            - Entity added to scene
11:07:28.344 [JavaFX Application Thread] DEBUG GameScene            - Added MainViewComponent
11:07:28.344 [JavaFX Application Thread] DEBUG GameScene            - Entity added to scene
11:07:28.344 [JavaFX Application Thread] DEBUG GameScene            - Added MainViewComponent
11:07:28.345 [JavaFX Application Thread] DEBUG GameScene            - Entity added to scene
11:07:28.345 [JavaFX Application Thread] DEBUG GameScene            - Added MainViewComponent
11:07:28.345 [JavaFX Application Thread] DEBUG GameScene            - Entity added to scene
11:07:28.345 [JavaFX Application Thread] DEBUG GameScene            - Added MainViewComponent
11:07:28.345 [JavaFX Application Thread] DEBUG GameScene            - Entity added to scene
11:07:28.345 [JavaFX Application Thread] DEBUG GameScene            - Added MainViewComponent
11:07:28.346 [JavaFX Application Thread] DEBUG GameScene            - Entity added to scene
11:07:28.346 [JavaFX Application Thread] DEBUG GameScene            - Added MainViewComponent
11:07:28.346 [JavaFX Application Thread] DEBUG GameScene            - Entity added to scene
11:07:28.346 [JavaFX Application Thread] DEBUG GameScene            - Added MainViewComponent
11:07:28.346 [JavaFX Application Thread] DEBUG GameScene            - Entity added to scene
11:07:28.346 [JavaFX Application Thread] DEBUG GameScene            - Added MainViewComponent
11:07:28.346 [JavaFX Application Thread] DEBUG GameScene            - Entity added to scene
11:07:28.346 [JavaFX Application Thread] DEBUG GameScene            - Added MainViewComponent
11:07:28.347 [JavaFX Application Thread] DEBUG GameScene            - Entity added to scene
11:07:28.347 [JavaFX Application Thread] DEBUG GameScene            - Added MainViewComponent
11:07:28.347 [JavaFX Application Thread] DEBUG GameScene            - Entity added to scene
11:07:28.347 [JavaFX Application Thread] DEBUG GameScene            - Added MainViewComponent
11:07:28.347 [JavaFX Application Thread] DEBUG GameScene            - Entity added to scene
11:07:28.347 [JavaFX Application Thread] DEBUG GameScene            - Added MainViewComponent
11:07:28.347 [JavaFX Application Thread] DEBUG GameScene            - Entity added to scene
11:07:28.347 [JavaFX Application Thread] DEBUG GameScene            - Added MainViewComponent
11:07:28.348 [JavaFX Application Thread] DEBUG GameScene            - Entity added to scene
11:07:28.348 [JavaFX Application Thread] DEBUG GameScene            - Added MainViewComponent
11:07:28.348 [JavaFX Application Thread] DEBUG GameScene            - Entity added to scene
11:07:28.348 [JavaFX Application Thread] DEBUG GameScene            - Added MainViewComponent
11:07:28.348 [JavaFX Application Thread] DEBUG GameScene            - Entity added to scene
11:07:28.348 [JavaFX Application Thread] DEBUG GameScene            - Added MainViewComponent
11:07:28.349 [JavaFX Application Thread] DEBUG GameScene            - Entity added to scene
11:07:28.349 [JavaFX Application Thread] DEBUG GameScene            - Added MainViewComponent
11:07:28.349 [JavaFX Application Thread] DEBUG GameScene            - Entity added to scene
11:07:28.349 [JavaFX Application Thread] DEBUG GameScene            - Added MainViewComponent
11:07:28.349 [JavaFX Application Thread] DEBUG GameScene            - Entity added to scene
11:07:28.349 [JavaFX Application Thread] DEBUG GameScene            - Added MainViewComponent
11:07:28.349 [JavaFX Application Thread] DEBUG GameScene            - Entity added to scene
11:07:28.349 [JavaFX Application Thread] DEBUG GameScene            - Added MainViewComponent
11:07:28.349 [JavaFX Application Thread] DEBUG GameScene            - Entity added to scene
11:07:28.349 [JavaFX Application Thread] DEBUG GameScene            - Added MainViewComponent
11:07:28.349 [JavaFX Application Thread] DEBUG GameScene            - Entity added to scene
11:07:28.349 [JavaFX Application Thread] DEBUG GameScene            - Added MainViewComponent
11:07:28.350 [JavaFX Application Thread] DEBUG GameScene            - Entity added to scene
11:07:28.350 [JavaFX Application Thread] DEBUG GameScene            - Added MainViewComponent
11:07:28.350 [JavaFX Application Thread] DEBUG GameScene            - Entity added to scene
11:07:28.350 [JavaFX Application Thread] DEBUG GameScene            - Added MainViewComponent
11:07:28.350 [JavaFX Application Thread] DEBUG GameScene            - Entity added to scene
11:07:28.350 [JavaFX Application Thread] DEBUG GameScene            - Added MainViewComponent
11:07:28.350 [JavaFX Application Thread] DEBUG GameScene            - Entity added to scene
11:07:28.350 [JavaFX Application Thread] DEBUG GameScene            - Added MainViewComponent
11:07:28.350 [JavaFX Application Thread] DEBUG GameScene            - Entity added to scene
11:07:28.350 [JavaFX Application Thread] DEBUG GameScene            - Added MainViewComponent
11:07:28.350 [JavaFX Application Thread] DEBUG GameScene            - Entity added to scene
11:07:28.350 [JavaFX Application Thread] DEBUG GameScene            - Added MainViewComponent
11:07:28.351 [JavaFX Application Thread] DEBUG GameScene            - Entity added to scene
11:07:28.351 [JavaFX Application Thread] DEBUG GameScene            - Added MainViewComponent
11:07:28.351 [JavaFX Application Thread] DEBUG GameScene            - Entity added to scene
11:07:28.351 [JavaFX Application Thread] DEBUG GameScene            - Added MainViewComponent
11:07:28.351 [JavaFX Application Thread] DEBUG GameScene            - Entity added to scene
11:07:28.351 [JavaFX Application Thread] DEBUG GameScene            - Added MainViewComponent
11:07:28.351 [JavaFX Application Thread] DEBUG GameScene            - Creating render group for layer: TOP(2147483647)
11:07:28.352 [JavaFX Application Thread] DEBUG GameScene            - Entity added to scene
11:07:28.352 [JavaFX Application Thread] DEBUG GameScene            - Added MainViewComponent
11:07:28.352 [JavaFX Application Thread] DEBUG GameScene            - Entity added to scene
11:07:28.352 [JavaFX Application Thread] DEBUG GameScene            - Added MainViewComponent
11:07:28.353 [JavaFX Application Thread] DEBUG GameScene            - Entity added to scene
11:07:28.353 [JavaFX Application Thread] DEBUG GameScene            - Added MainViewComponent
11:07:28.353 [JavaFX Application Thread] DEBUG GameScene            - Entity added to scene
11:07:28.353 [JavaFX Application Thread] DEBUG GameScene            - Added MainViewComponent
11:07:28.353 [JavaFX Application Thread] DEBUG GameScene            - Entity added to scene
11:07:28.353 [JavaFX Application Thread] DEBUG GameScene            - Added MainViewComponent
11:07:28.353 [JavaFX Application Thread] DEBUG GameScene            - Entity added to scene
11:07:28.353 [JavaFX Application Thread] DEBUG GameScene            - Added MainViewComponent
11:07:28.354 [JavaFX Application Thread] DEBUG GameScene            - Entity added to scene
11:07:28.354 [JavaFX Application Thread] DEBUG GameScene            - Added MainViewComponent
11:07:28.354 [JavaFX Application Thread] DEBUG GameScene            - Entity added to scene
11:07:28.354 [JavaFX Application Thread] DEBUG GameScene            - Added MainViewComponent
11:07:28.354 [JavaFX Application Thread] DEBUG GameScene            - Entity added to scene
11:07:28.354 [JavaFX Application Thread] DEBUG GameScene            - Added MainViewComponent
11:07:28.354 [JavaFX Application Thread] DEBUG GameScene            - Entity added to scene
11:07:28.354 [JavaFX Application Thread] DEBUG GameScene            - Added MainViewComponent
11:07:28.355 [JavaFX Application Thread] DEBUG GameScene            - Entity added to scene
11:07:28.355 [JavaFX Application Thread] DEBUG GameScene            - Added MainViewComponent
11:07:28.355 [JavaFX Application Thread] DEBUG GameScene            - Entity added to scene
11:07:28.356 [JavaFX Application Thread] DEBUG GameScene            - Added MainViewComponent
11:07:28.356 [JavaFX Application Thread] DEBUG GameScene            - Entity added to scene
11:07:28.356 [JavaFX Application Thread] DEBUG GameScene            - Added MainViewComponent
11:07:28.356 [JavaFX Application Thread] DEBUG GameScene            - Entity added to scene
11:07:28.356 [JavaFX Application Thread] DEBUG GameScene            - Added MainViewComponent
11:07:28.357 [JavaFX Application Thread] DEBUG GameScene            - Entity added to scene
11:07:28.357 [JavaFX Application Thread] DEBUG GameScene            - Added MainViewComponent
11:07:28.357 [JavaFX Application Thread] DEBUG GameScene            - Entity added to scene
11:07:28.357 [JavaFX Application Thread] DEBUG GameScene            - Added MainViewComponent
11:07:28.357 [JavaFX Application Thread] DEBUG GameScene            - Entity added to scene
11:07:28.357 [JavaFX Application Thread] DEBUG GameScene            - Added MainViewComponent
11:07:28.357 [JavaFX Application Thread] DEBUG GameScene            - Entity added to scene
11:07:28.357 [JavaFX Application Thread] DEBUG GameScene            - Added MainViewComponent
11:07:28.358 [JavaFX Application Thread] DEBUG GameScene            - Entity added to scene
11:07:28.358 [JavaFX Application Thread] DEBUG GameScene            - Added MainViewComponent
11:07:28.358 [JavaFX Application Thread] DEBUG GameScene            - Entity added to scene
11:07:28.358 [JavaFX Application Thread] DEBUG GameScene            - Added MainViewComponent
11:07:28.358 [JavaFX Application Thread] DEBUG GameScene            - Entity added to scene
11:07:28.358 [JavaFX Application Thread] DEBUG GameScene            - Added MainViewComponent
11:07:28.358 [JavaFX Application Thread] DEBUG GameScene            - Entity added to scene
11:07:28.358 [JavaFX Application Thread] DEBUG GameScene            - Added MainViewComponent
11:07:28.358 [JavaFX Application Thread] DEBUG GameScene            - Entity added to scene
11:07:28.358 [JavaFX Application Thread] DEBUG GameScene            - Added MainViewComponent
11:07:28.358 [JavaFX Application Thread] DEBUG GameScene            - Entity added to scene
11:07:28.358 [JavaFX Application Thread] DEBUG GameScene            - Added MainViewComponent
11:07:28.358 [JavaFX Application Thread] DEBUG GameScene            - Entity added to scene
11:07:28.358 [JavaFX Application Thread] DEBUG GameScene            - Added MainViewComponent
11:07:28.359 [JavaFX Application Thread] DEBUG GameScene            - Entity added to scene
11:07:28.359 [JavaFX Application Thread] DEBUG GameScene            - Added MainViewComponent
11:07:28.359 [JavaFX Application Thread] DEBUG GameScene            - Entity added to scene
11:07:28.359 [JavaFX Application Thread] DEBUG GameScene            - Added MainViewComponent
11:07:28.359 [JavaFX Application Thread] DEBUG GameScene            - Entity added to scene
11:07:28.359 [JavaFX Application Thread] DEBUG GameScene            - Added MainViewComponent
11:07:28.360 [JavaFX Application Thread] DEBUG GameScene            - Entity added to scene
11:07:28.360 [JavaFX Application Thread] DEBUG GameScene            - Added MainViewComponent
11:07:28.360 [JavaFX Application Thread] DEBUG GameScene            - Entity added to scene
11:07:28.360 [JavaFX Application Thread] DEBUG GameScene            - Added MainViewComponent
11:07:28.360 [JavaFX Application Thread] DEBUG GameScene            - Entity added to scene
11:07:28.360 [JavaFX Application Thread] DEBUG GameScene            - Added MainViewComponent
11:07:28.361 [JavaFX Application Thread] DEBUG GameScene            - Entity added to scene
11:07:28.361 [JavaFX Application Thread] DEBUG GameScene            - Added MainViewComponent
11:07:28.361 [JavaFX Application Thread] DEBUG GameScene            - Entity added to scene
11:07:28.361 [JavaFX Application Thread] DEBUG GameScene            - Added MainViewComponent
11:07:28.361 [JavaFX Application Thread] DEBUG GameScene            - Entity added to scene
11:07:28.361 [JavaFX Application Thread] DEBUG GameScene            - Added MainViewComponent
11:07:28.362 [JavaFX Application Thread] DEBUG GameScene            - Entity added to scene
11:07:28.362 [JavaFX Application Thread] DEBUG GameScene            - Added MainViewComponent
11:07:28.362 [JavaFX Application Thread] DEBUG GameScene            - Entity added to scene
11:07:28.362 [JavaFX Application Thread] DEBUG GameScene            - Added MainViewComponent
11:07:28.362 [JavaFX Application Thread] DEBUG GameScene            - Entity added to scene
11:07:28.362 [JavaFX Application Thread] DEBUG GameScene            - Added MainViewComponent
11:07:28.363 [JavaFX Application Thread] DEBUG GameScene            - Entity added to scene
11:07:28.363 [JavaFX Application Thread] DEBUG GameScene            - Added MainViewComponent
11:07:28.363 [JavaFX Application Thread] DEBUG GameScene            - Entity added to scene
11:07:28.363 [JavaFX Application Thread] DEBUG GameScene            - Added MainViewComponent
11:07:28.364 [JavaFX Application Thread] DEBUG GameScene            - Entity added to scene
11:07:28.364 [JavaFX Application Thread] DEBUG GameScene            - Added MainViewComponent
11:07:28.364 [JavaFX Application Thread] DEBUG GameScene            - Entity added to scene
11:07:28.364 [JavaFX Application Thread] DEBUG GameScene            - Added MainViewComponent
11:07:28.365 [JavaFX Application Thread] DEBUG GameScene            - Entity added to scene
11:07:28.365 [JavaFX Application Thread] DEBUG GameScene            - Added MainViewComponent
11:07:28.365 [JavaFX Application Thread] DEBUG GameScene            - Entity added to scene
11:07:28.365 [JavaFX Application Thread] DEBUG GameScene            - Added MainViewComponent
11:07:28.365 [JavaFX Application Thread] DEBUG GameScene            - Entity added to scene
11:07:28.365 [JavaFX Application Thread] DEBUG GameScene            - Added MainViewComponent
11:07:28.365 [JavaFX Application Thread] DEBUG GameScene            - Entity added to scene
11:07:28.365 [JavaFX Application Thread] DEBUG GameScene            - Added MainViewComponent
11:07:28.366 [JavaFX Application Thread] DEBUG GameScene            - Entity added to scene
11:07:28.366 [JavaFX Application Thread] DEBUG GameScene            - Added MainViewComponent
11:07:28.366 [JavaFX Application Thread] DEBUG GameScene            - Entity added to scene
11:07:28.366 [JavaFX Application Thread] DEBUG GameScene            - Added MainViewComponent
11:07:28.366 [JavaFX Application Thread] DEBUG GameScene            - Entity added to scene
11:07:28.366 [JavaFX Application Thread] DEBUG GameScene            - Added MainViewComponent
11:07:28.366 [JavaFX Application Thread] DEBUG GameScene            - Entity added to scene
11:07:28.366 [JavaFX Application Thread] DEBUG GameScene            - Added MainViewComponent
11:07:28.367 [JavaFX Application Thread] DEBUG GameScene            - Entity added to scene
11:07:28.367 [JavaFX Application Thread] DEBUG GameScene            - Added MainViewComponent
11:07:28.367 [JavaFX Application Thread] DEBUG GameScene            - Entity added to scene
11:07:28.367 [JavaFX Application Thread] DEBUG GameScene            - Added MainViewComponent
11:07:28.367 [JavaFX Application Thread] DEBUG GameScene            - Entity added to scene
11:07:28.367 [JavaFX Application Thread] DEBUG GameScene            - Added MainViewComponent
11:07:28.368 [JavaFX Application Thread] DEBUG GameScene            - Entity added to scene
11:07:28.368 [JavaFX Application Thread] DEBUG GameScene            - Added MainViewComponent
11:07:28.368 [JavaFX Application Thread] DEBUG GameScene            - Entity added to scene
11:07:28.368 [JavaFX Application Thread] DEBUG GameScene            - Added MainViewComponent
11:07:28.368 [JavaFX Application Thread] DEBUG GameScene            - Entity added to scene
11:07:28.369 [JavaFX Application Thread] DEBUG GameScene            - Added MainViewComponent
11:07:28.369 [JavaFX Application Thread] DEBUG GameScene            - Entity added to scene
11:07:28.369 [JavaFX Application Thread] DEBUG GameScene            - Added MainViewComponent
11:07:28.369 [JavaFX Application Thread] DEBUG GameScene            - Entity added to scene
11:07:28.369 [JavaFX Application Thread] DEBUG GameScene            - Added MainViewComponent
11:07:28.369 [JavaFX Application Thread] DEBUG GameScene            - Entity added to scene
11:07:28.369 [JavaFX Application Thread] DEBUG GameScene            - Added MainViewComponent
11:07:28.369 [JavaFX Application Thread] DEBUG GameScene            - Entity added to scene
11:07:28.369 [JavaFX Application Thread] DEBUG GameScene            - Added MainViewComponent
11:07:28.369 [JavaFX Application Thread] DEBUG GameScene            - Entity added to scene
11:07:28.369 [JavaFX Application Thread] DEBUG GameScene            - Added MainViewComponent
11:07:28.370 [JavaFX Application Thread] DEBUG GameScene            - Entity added to scene
11:07:28.370 [JavaFX Application Thread] DEBUG GameScene            - Added MainViewComponent
11:07:28.370 [JavaFX Application Thread] DEBUG GameScene            - Entity added to scene
11:07:28.370 [JavaFX Application Thread] DEBUG GameScene            - Added MainViewComponent
11:07:28.370 [JavaFX Application Thread] DEBUG GameScene            - Entity added to scene
11:07:28.370 [JavaFX Application Thread] DEBUG GameScene            - Added MainViewComponent
11:07:28.370 [JavaFX Application Thread] DEBUG GameScene            - Entity added to scene
11:07:28.370 [JavaFX Application Thread] DEBUG GameScene            - Added MainViewComponent
11:07:28.370 [JavaFX Application Thread] DEBUG GameScene            - Entity added to scene
11:07:28.371 [JavaFX Application Thread] DEBUG GameScene            - Added MainViewComponent
11:07:28.371 [JavaFX Application Thread] DEBUG GameScene            - Entity added to scene
11:07:28.371 [JavaFX Application Thread] DEBUG GameScene            - Added MainViewComponent
11:07:28.371 [JavaFX Application Thread] DEBUG GameScene            - Entity added to scene
11:07:28.371 [JavaFX Application Thread] DEBUG GameScene            - Added MainViewComponent
11:07:28.371 [JavaFX Application Thread] DEBUG GameScene            - Entity added to scene
11:07:28.371 [JavaFX Application Thread] DEBUG GameScene            - Added MainViewComponent
11:07:28.371 [JavaFX Application Thread] DEBUG GameScene            - Entity added to scene
11:07:28.371 [JavaFX Application Thread] DEBUG GameScene            - Added MainViewComponent
11:07:28.372 [JavaFX Application Thread] DEBUG GameScene            - Entity added to scene
11:07:28.372 [JavaFX Application Thread] DEBUG GameScene            - Added MainViewComponent
11:07:28.372 [JavaFX Application Thread] DEBUG GameScene            - Entity added to scene
11:07:28.372 [JavaFX Application Thread] DEBUG GameScene            - Added MainViewComponent
11:07:28.372 [JavaFX Application Thread] DEBUG GameScene            - Entity added to scene
11:07:28.372 [JavaFX Application Thread] DEBUG GameScene            - Added MainViewComponent
11:07:28.372 [JavaFX Application Thread] DEBUG GameScene            - Entity added to scene
11:07:28.372 [JavaFX Application Thread] DEBUG GameScene            - Added MainViewComponent
11:07:28.373 [JavaFX Application Thread] DEBUG GameScene            - Entity added to scene
11:07:28.373 [JavaFX Application Thread] DEBUG GameScene            - Added MainViewComponent
11:07:28.373 [JavaFX Application Thread] DEBUG GameScene            - Entity added to scene
11:07:28.373 [JavaFX Application Thread] DEBUG GameScene            - Added MainViewComponent
11:07:28.373 [JavaFX Application Thread] DEBUG GameScene            - Entity added to scene
11:07:28.373 [JavaFX Application Thread] DEBUG GameScene            - Added MainViewComponent
11:07:28.373 [JavaFX Application Thread] DEBUG GameScene            - Entity added to scene
11:07:28.373 [JavaFX Application Thread] DEBUG GameScene            - Added MainViewComponent
11:07:28.374 [JavaFX Application Thread] DEBUG GameScene            - Entity added to scene
11:07:28.374 [JavaFX Application Thread] DEBUG GameScene            - Added MainViewComponent
11:07:28.374 [JavaFX Application Thread] DEBUG GameScene            - Entity added to scene
11:07:28.374 [JavaFX Application Thread] DEBUG GameScene            - Added MainViewComponent
11:07:28.374 [JavaFX Application Thread] DEBUG GameScene            - Entity added to scene
11:07:28.374 [JavaFX Application Thread] DEBUG GameScene            - Added MainViewComponent
11:07:28.375 [JavaFX Application Thread] DEBUG GameScene            - Entity added to scene
11:07:28.375 [JavaFX Application Thread] DEBUG GameScene            - Added MainViewComponent
11:07:28.375 [JavaFX Application Thread] DEBUG GameScene            - Entity added to scene
11:07:28.375 [JavaFX Application Thread] DEBUG GameScene            - Added MainViewComponent
11:07:28.376 [JavaFX Application Thread] DEBUG GameScene            - Entity added to scene
11:07:28.376 [JavaFX Application Thread] DEBUG GameScene            - Added MainViewComponent
11:07:28.376 [JavaFX Application Thread] DEBUG GameScene            - Entity added to scene
11:07:28.376 [JavaFX Application Thread] DEBUG GameScene            - Added MainViewComponent
11:07:28.376 [JavaFX Application Thread] DEBUG GameScene            - Entity added to scene
11:07:28.376 [JavaFX Application Thread] DEBUG GameScene            - Added MainViewComponent
11:07:28.376 [JavaFX Application Thread] DEBUG GameScene            - Entity added to scene
11:07:28.376 [JavaFX Application Thread] DEBUG GameScene            - Added MainViewComponent
11:07:28.377 [JavaFX Application Thread] DEBUG GameScene            - Entity added to scene
11:07:28.377 [JavaFX Application Thread] DEBUG GameScene            - Added MainViewComponent
11:07:28.377 [JavaFX Application Thread] DEBUG GameScene            - Entity added to scene
11:07:28.377 [JavaFX Application Thread] DEBUG GameScene            - Added MainViewComponent
11:07:28.377 [JavaFX Application Thread] DEBUG GameScene            - Entity added to scene
11:07:28.377 [JavaFX Application Thread] DEBUG GameScene            - Added MainViewComponent
11:07:28.377 [JavaFX Application Thread] DEBUG GameScene            - Entity added to scene
11:07:28.377 [JavaFX Application Thread] DEBUG GameScene            - Added MainViewComponent
11:07:28.378 [JavaFX Application Thread] DEBUG GameScene            - Entity added to scene
11:07:28.378 [JavaFX Application Thread] DEBUG GameScene            - Added MainViewComponent
11:07:28.378 [JavaFX Application Thread] DEBUG GameScene            - Entity added to scene
11:07:28.378 [JavaFX Application Thread] DEBUG GameScene            - Added MainViewComponent
11:07:28.378 [JavaFX Application Thread] DEBUG GameScene            - Entity added to scene
11:07:28.378 [JavaFX Application Thread] DEBUG GameScene            - Added MainViewComponent
11:07:28.378 [JavaFX Application Thread] DEBUG GameScene            - Entity added to scene
11:07:28.378 [JavaFX Application Thread] DEBUG GameScene            - Added MainViewComponent
11:07:28.379 [JavaFX Application Thread] DEBUG GameScene            - Entity added to scene
11:07:28.379 [JavaFX Application Thread] DEBUG GameScene            - Added MainViewComponent
11:07:28.379 [JavaFX Application Thread] DEBUG GameScene            - Entity added to scene
11:07:28.379 [JavaFX Application Thread] DEBUG GameScene            - Added MainViewComponent
11:07:28.379 [JavaFX Application Thread] DEBUG GameScene            - Entity added to scene
11:07:28.379 [JavaFX Application Thread] DEBUG GameScene            - Added MainViewComponent
11:07:28.379 [JavaFX Application Thread] DEBUG GameScene            - Entity added to scene
11:07:28.379 [JavaFX Application Thread] DEBUG GameScene            - Added MainViewComponent
11:07:28.379 [JavaFX Application Thread] DEBUG GameScene            - Entity added to scene
11:07:28.379 [JavaFX Application Thread] DEBUG GameScene            - Added MainViewComponent
11:07:28.380 [JavaFX Application Thread] DEBUG GameScene            - Entity added to scene
11:07:28.380 [JavaFX Application Thread] DEBUG GameScene            - Added MainViewComponent
11:07:28.380 [JavaFX Application Thread] DEBUG GameScene            - Entity added to scene
11:07:28.380 [JavaFX Application Thread] DEBUG GameScene            - Added MainViewComponent
11:07:28.380 [JavaFX Application Thread] DEBUG GameScene            - Entity added to scene
11:07:28.380 [JavaFX Application Thread] DEBUG GameScene            - Added MainViewComponent
11:07:28.380 [JavaFX Application Thread] DEBUG GameScene            - Entity added to scene
11:07:28.381 [JavaFX Application Thread] DEBUG GameScene            - Added MainViewComponent
11:07:28.381 [JavaFX Application Thread] DEBUG GameScene            - Entity added to scene
11:07:28.381 [JavaFX Application Thread] DEBUG GameScene            - Added MainViewComponent
11:07:28.381 [JavaFX Application Thread] DEBUG GameScene            - Entity added to scene
11:07:28.381 [JavaFX Application Thread] DEBUG GameScene            - Added MainViewComponent
11:07:28.381 [JavaFX Application Thread] DEBUG GameScene            - Entity added to scene
11:07:28.381 [JavaFX Application Thread] DEBUG GameScene            - Added MainViewComponent
11:07:28.382 [JavaFX Application Thread] DEBUG GameScene            - Entity added to scene
11:07:28.382 [JavaFX Application Thread] DEBUG GameScene            - Added MainViewComponent
11:07:28.382 [JavaFX Application Thread] DEBUG GameScene            - Entity added to scene
11:07:28.382 [JavaFX Application Thread] DEBUG GameScene            - Added MainViewComponent
11:07:28.383 [JavaFX Application Thread] DEBUG GameScene            - Entity added to scene
11:07:28.383 [JavaFX Application Thread] DEBUG GameScene            - Added MainViewComponent
11:07:28.383 [JavaFX Application Thread] DEBUG GameScene            - Entity added to scene
11:07:28.383 [JavaFX Application Thread] DEBUG GameScene            - Added MainViewComponent
11:07:28.383 [JavaFX Application Thread] DEBUG GameScene            - Entity added to scene
11:07:28.384 [JavaFX Application Thread] DEBUG GameScene            - Added MainViewComponent
11:07:28.384 [JavaFX Application Thread] DEBUG GameScene            - Entity added to scene
11:07:28.384 [JavaFX Application Thread] DEBUG GameScene            - Added MainViewComponent
11:07:28.384 [JavaFX Application Thread] DEBUG GameScene            - Entity added to scene
11:07:28.384 [JavaFX Application Thread] DEBUG GameScene            - Added MainViewComponent
11:07:28.384 [JavaFX Application Thread] DEBUG GameScene            - Entity added to scene
11:07:28.384 [JavaFX Application Thread] DEBUG GameScene            - Added MainViewComponent
11:07:28.384 [JavaFX Application Thread] DEBUG GameScene            - Entity added to scene
11:07:28.384 [JavaFX Application Thread] DEBUG GameScene            - Added MainViewComponent
11:07:28.385 [JavaFX Application Thread] DEBUG GameScene            - Entity added to scene
11:07:28.385 [JavaFX Application Thread] DEBUG GameScene            - Added MainViewComponent
11:07:28.385 [JavaFX Application Thread] DEBUG GameScene            - Entity added to scene
11:07:28.385 [JavaFX Application Thread] DEBUG GameScene            - Added MainViewComponent
11:07:28.385 [JavaFX Application Thread] DEBUG GameScene            - Entity added to scene
11:07:28.385 [JavaFX Application Thread] DEBUG GameScene            - Added MainViewComponent
11:07:28.385 [JavaFX Application Thread] DEBUG GameScene            - Entity added to scene
11:07:28.385 [JavaFX Application Thread] DEBUG GameScene            - Added MainViewComponent
11:07:28.386 [JavaFX Application Thread] DEBUG GameScene            - Entity added to scene
11:07:28.386 [JavaFX Application Thread] DEBUG GameScene            - Added MainViewComponent
11:07:28.386 [JavaFX Application Thread] DEBUG GameScene            - Entity added to scene
11:07:28.386 [JavaFX Application Thread] DEBUG GameScene            - Added MainViewComponent
11:07:28.386 [JavaFX Application Thread] DEBUG GameScene            - Entity added to scene
11:07:28.386 [JavaFX Application Thread] DEBUG GameScene            - Added MainViewComponent
11:07:28.386 [JavaFX Application Thread] DEBUG GameScene            - Entity added to scene
11:07:28.386 [JavaFX Application Thread] DEBUG GameScene            - Added MainViewComponent
11:07:28.387 [JavaFX Application Thread] DEBUG GameScene            - Entity added to scene
11:07:28.387 [JavaFX Application Thread] DEBUG GameScene            - Added MainViewComponent
11:07:28.387 [JavaFX Application Thread] DEBUG GameScene            - Entity added to scene
11:07:28.387 [JavaFX Application Thread] DEBUG GameScene            - Added MainViewComponent
11:07:28.387 [JavaFX Application Thread] DEBUG GameScene            - Entity added to scene
11:07:28.387 [JavaFX Application Thread] DEBUG GameScene            - Added MainViewComponent
11:07:28.387 [JavaFX Application Thread] DEBUG GameScene            - Entity added to scene
11:07:28.387 [JavaFX Application Thread] DEBUG GameScene            - Added MainViewComponent
11:07:28.388 [JavaFX Application Thread] DEBUG GameScene            - Entity added to scene
11:07:28.388 [JavaFX Application Thread] DEBUG GameScene            - Added MainViewComponent
11:07:28.388 [JavaFX Application Thread] DEBUG GameScene            - Entity added to scene
11:07:28.388 [JavaFX Application Thread] DEBUG GameScene            - Added MainViewComponent
11:07:28.388 [JavaFX Application Thread] DEBUG GameScene            - Entity added to scene
11:07:28.388 [JavaFX Application Thread] DEBUG GameScene            - Added MainViewComponent
11:07:28.388 [JavaFX Application Thread] DEBUG GameScene            - Entity added to scene
11:07:28.388 [JavaFX Application Thread] DEBUG GameScene            - Added MainViewComponent
11:07:28.389 [JavaFX Application Thread] DEBUG GameScene            - Entity added to scene
11:07:28.389 [JavaFX Application Thread] DEBUG GameScene            - Added MainViewComponent
11:07:28.389 [JavaFX Application Thread] DEBUG GameScene            - Entity added to scene
11:07:28.389 [JavaFX Application Thread] DEBUG GameScene            - Added MainViewComponent
11:07:28.389 [JavaFX Application Thread] DEBUG GameScene            - Entity added to scene
11:07:28.389 [JavaFX Application Thread] DEBUG GameScene            - Added MainViewComponent
11:07:28.389 [JavaFX Application Thread] DEBUG GameScene            - Entity added to scene
11:07:28.389 [JavaFX Application Thread] DEBUG GameScene            - Added MainViewComponent
11:07:28.390 [JavaFX Application Thread] DEBUG GameScene            - Entity added to scene
11:07:28.390 [JavaFX Application Thread] DEBUG GameScene            - Added MainViewComponent
11:07:28.390 [JavaFX Application Thread] DEBUG GameScene            - Entity added to scene
11:07:28.390 [JavaFX Application Thread] DEBUG GameScene            - Added MainViewComponent
11:07:28.390 [JavaFX Application Thread] DEBUG GameScene            - Entity added to scene
11:07:28.390 [JavaFX Application Thread] DEBUG GameScene            - Added MainViewComponent
11:07:28.390 [JavaFX Application Thread] DEBUG GameScene            - Entity added to scene
11:07:28.390 [JavaFX Application Thread] DEBUG GameScene            - Added MainViewComponent
11:07:28.390 [JavaFX Application Thread] DEBUG GameScene            - Entity added to scene
11:07:28.390 [JavaFX Application Thread] DEBUG GameScene            - Added MainViewComponent
11:07:28.391 [JavaFX Application Thread] DEBUG GameScene            - Entity added to scene
11:07:28.391 [JavaFX Application Thread] DEBUG GameScene            - Added MainViewComponent
11:07:28.391 [JavaFX Application Thread] DEBUG GameScene            - Entity added to scene
11:07:28.391 [JavaFX Application Thread] DEBUG GameScene            - Added MainViewComponent
11:07:28.391 [JavaFX Application Thread] DEBUG GameScene            - Entity added to scene
11:07:28.391 [JavaFX Application Thread] DEBUG GameScene            - Added MainViewComponent
11:07:28.391 [JavaFX Application Thread] DEBUG GameScene            - Entity added to scene
11:07:28.392 [JavaFX Application Thread] DEBUG GameScene            - Added MainViewComponent
11:07:28.392 [JavaFX Application Thread] DEBUG GameScene            - Entity added to scene
11:07:28.392 [JavaFX Application Thread] DEBUG GameScene            - Added MainViewComponent
11:07:28.392 [JavaFX Application Thread] DEBUG GameScene            - Entity added to scene
11:07:28.392 [JavaFX Application Thread] DEBUG GameScene            - Added MainViewComponent
11:07:28.392 [JavaFX Application Thread] DEBUG GameScene            - Entity added to scene
11:07:28.392 [JavaFX Application Thread] DEBUG GameScene            - Added MainViewComponent
11:07:28.393 [JavaFX Application Thread] DEBUG GameScene            - Entity added to scene
11:07:28.393 [JavaFX Application Thread] DEBUG GameScene            - Added MainViewComponent
11:07:28.393 [JavaFX Application Thread] DEBUG GameScene            - Entity added to scene
11:07:28.393 [JavaFX Application Thread] DEBUG GameScene            - Added MainViewComponent
11:07:28.393 [JavaFX Application Thread] DEBUG GameScene            - Entity added to scene
11:07:28.393 [JavaFX Application Thread] DEBUG GameScene            - Added MainViewComponent
11:07:28.393 [JavaFX Application Thread] DEBUG GameScene            - Entity added to scene
11:07:28.393 [JavaFX Application Thread] DEBUG GameScene            - Added MainViewComponent
11:07:28.394 [JavaFX Application Thread] DEBUG GameScene            - Entity added to scene
11:07:28.394 [JavaFX Application Thread] DEBUG GameScene            - Added MainViewComponent
11:07:28.394 [JavaFX Application Thread] DEBUG GameScene            - Entity added to scene
11:07:28.394 [JavaFX Application Thread] DEBUG GameScene            - Added MainViewComponent
11:07:28.394 [JavaFX Application Thread] DEBUG GameScene            - Entity added to scene
11:07:28.394 [JavaFX Application Thread] DEBUG GameScene            - Added MainViewComponent
11:07:28.395 [JavaFX Application Thread] DEBUG GameScene            - Entity added to scene
11:07:28.395 [JavaFX Application Thread] DEBUG GameScene            - Added MainViewComponent
11:07:28.395 [JavaFX Application Thread] DEBUG GameScene            - Entity added to scene
11:07:28.395 [JavaFX Application Thread] DEBUG GameScene            - Added MainViewComponent
11:07:28.395 [JavaFX Application Thread] DEBUG GameScene            - Entity added to scene
11:07:28.395 [JavaFX Application Thread] DEBUG GameScene            - Added MainViewComponent
11:07:28.395 [JavaFX Application Thread] DEBUG GameScene            - Entity added to scene
11:07:28.395 [JavaFX Application Thread] DEBUG GameScene            - Added MainViewComponent
11:07:28.396 [JavaFX Application Thread] DEBUG GameScene            - Entity added to scene
11:07:28.396 [JavaFX Application Thread] DEBUG GameScene            - Added MainViewComponent
11:07:28.396 [JavaFX Application Thread] DEBUG GameScene            - Entity added to scene
11:07:28.396 [JavaFX Application Thread] DEBUG GameScene            - Added MainViewComponent
11:07:28.396 [JavaFX Application Thread] DEBUG GameScene            - Entity added to scene
11:07:28.396 [JavaFX Application Thread] DEBUG GameScene            - Added MainViewComponent
11:07:28.396 [JavaFX Application Thread] DEBUG GameScene            - Entity added to scene
11:07:28.396 [JavaFX Application Thread] DEBUG GameScene            - Added MainViewComponent
11:07:28.397 [JavaFX Application Thread] DEBUG GameScene            - Entity added to scene
11:07:28.397 [JavaFX Application Thread] DEBUG GameScene            - Added MainViewComponent
11:07:28.397 [JavaFX Application Thread] DEBUG GameScene            - Entity added to scene
11:07:28.397 [JavaFX Application Thread] DEBUG GameScene            - Added MainViewComponent
11:07:28.397 [JavaFX Application Thread] DEBUG GameScene            - Entity added to scene
11:07:28.397 [JavaFX Application Thread] DEBUG GameScene            - Added MainViewComponent
11:07:28.398 [JavaFX Application Thread] DEBUG GameScene            - Entity added to scene
11:07:28.398 [JavaFX Application Thread] DEBUG GameScene            - Added MainViewComponent
11:07:28.398 [JavaFX Application Thread] DEBUG GameScene            - Entity added to scene
11:07:28.398 [JavaFX Application Thread] DEBUG GameScene            - Added MainViewComponent
11:07:28.399 [JavaFX Application Thread] DEBUG GameScene            - Entity added to scene
11:07:28.399 [JavaFX Application Thread] DEBUG GameScene            - Added MainViewComponent
11:07:28.399 [JavaFX Application Thread] DEBUG GameScene            - Entity added to scene
11:07:28.399 [JavaFX Application Thread] DEBUG GameScene            - Added MainViewComponent
11:07:28.399 [JavaFX Application Thread] DEBUG GameScene            - Entity added to scene
11:07:28.399 [JavaFX Application Thread] DEBUG GameScene            - Added MainViewComponent
11:07:28.400 [JavaFX Application Thread] DEBUG GameScene            - Entity added to scene
11:07:28.400 [JavaFX Application Thread] DEBUG GameScene            - Added MainViewComponent
11:07:28.400 [JavaFX Application Thread] DEBUG GameScene            - Entity added to scene
11:07:28.400 [JavaFX Application Thread] DEBUG GameScene            - Added MainViewComponent
11:07:28.400 [JavaFX Application Thread] DEBUG GameScene            - Entity added to scene
11:07:28.400 [JavaFX Application Thread] DEBUG GameScene            - Added MainViewComponent
11:07:28.400 [JavaFX Application Thread] DEBUG GameScene            - Entity added to scene
11:07:28.400 [JavaFX Application Thread] DEBUG GameScene            - Added MainViewComponent
11:07:28.401 [JavaFX Application Thread] DEBUG GameScene            - Entity added to scene
11:07:28.401 [JavaFX Application Thread] DEBUG GameScene            - Added MainViewComponent
11:07:28.401 [JavaFX Application Thread] DEBUG GameScene            - Entity added to scene
11:07:28.401 [JavaFX Application Thread] DEBUG GameScene            - Added MainViewComponent
11:07:28.401 [JavaFX Application Thread] DEBUG GameScene            - Entity added to scene
11:07:28.401 [JavaFX Application Thread] DEBUG GameScene            - Added MainViewComponent
11:07:28.401 [JavaFX Application Thread] DEBUG GameScene            - Entity added to scene
11:07:28.401 [JavaFX Application Thread] DEBUG GameScene            - Added MainViewComponent
11:07:28.402 [JavaFX Application Thread] DEBUG GameScene            - Entity added to scene
11:07:28.402 [JavaFX Application Thread] DEBUG GameScene            - Added MainViewComponent
11:07:28.402 [JavaFX Application Thread] DEBUG GameScene            - Entity added to scene
11:07:28.402 [JavaFX Application Thread] DEBUG GameScene            - Added MainViewComponent
11:07:28.402 [JavaFX Application Thread] DEBUG GameScene            - Entity added to scene
11:07:28.402 [JavaFX Application Thread] DEBUG GameScene            - Added MainViewComponent
11:07:28.402 [JavaFX Application Thread] DEBUG GameScene            - Entity added to scene
11:07:28.402 [JavaFX Application Thread] DEBUG GameScene            - Added MainViewComponent
11:07:28.402 [JavaFX Application Thread] DEBUG GameScene            - Entity added to scene
11:07:28.402 [JavaFX Application Thread] DEBUG GameScene            - Added MainViewComponent
11:07:28.403 [JavaFX Application Thread] DEBUG GameScene            - Entity added to scene
11:07:28.403 [JavaFX Application Thread] DEBUG GameScene            - Added MainViewComponent
11:07:28.403 [JavaFX Application Thread] DEBUG GameScene            - Entity added to scene
11:07:28.403 [JavaFX Application Thread] DEBUG GameScene            - Added MainViewComponent
11:07:28.403 [JavaFX Application Thread] DEBUG GameScene            - Entity added to scene
11:07:28.403 [JavaFX Application Thread] DEBUG GameScene            - Added MainViewComponent
11:07:28.403 [JavaFX Application Thread] DEBUG GameScene            - Entity added to scene
11:07:28.403 [JavaFX Application Thread] DEBUG GameScene            - Added MainViewComponent
11:07:28.403 [JavaFX Application Thread] DEBUG GameScene            - Entity added to scene
11:07:28.404 [JavaFX Application Thread] DEBUG GameScene            - Added MainViewComponent
11:07:28.404 [JavaFX Application Thread] DEBUG GameScene            - Entity added to scene
11:07:28.404 [JavaFX Application Thread] DEBUG GameScene            - Added MainViewComponent
11:07:28.404 [JavaFX Application Thread] DEBUG GameScene            - Entity added to scene
11:07:28.404 [JavaFX Application Thread] DEBUG GameScene            - Added MainViewComponent
11:07:28.404 [JavaFX Application Thread] DEBUG GameScene            - Entity added to scene
11:07:28.404 [JavaFX Application Thread] DEBUG GameScene            - Added MainViewComponent
11:07:28.405 [JavaFX Application Thread] DEBUG GameScene            - Entity added to scene
11:07:28.405 [JavaFX Application Thread] DEBUG GameScene            - Added MainViewComponent
11:07:28.405 [JavaFX Application Thread] DEBUG GameScene            - Entity added to scene
11:07:28.405 [JavaFX Application Thread] DEBUG GameScene            - Added MainViewComponent
11:07:28.407 [JavaFX Application Thread] DEBUG GameScene            - Entity added to scene
11:07:28.407 [JavaFX Application Thread] DEBUG GameScene            - Added MainViewComponent
11:07:28.407 [JavaFX Application Thread] DEBUG GameScene            - Entity added to scene
11:07:28.407 [JavaFX Application Thread] DEBUG GameScene            - Added MainViewComponent
11:07:28.407 [JavaFX Application Thread] DEBUG GameScene            - Entity added to scene
11:07:28.407 [JavaFX Application Thread] DEBUG GameScene            - Added MainViewComponent
11:07:28.407 [JavaFX Application Thread] DEBUG GameScene            - Entity added to scene
11:07:28.407 [JavaFX Application Thread] DEBUG GameScene            - Added MainViewComponent
11:07:28.407 [JavaFX Application Thread] DEBUG GameScene            - Entity added to scene
11:07:28.407 [JavaFX Application Thread] DEBUG GameScene            - Added MainViewComponent
11:07:28.408 [JavaFX Application Thread] DEBUG GameScene            - Entity added to scene
11:07:28.408 [JavaFX Application Thread] DEBUG GameScene            - Added MainViewComponent
11:07:28.408 [JavaFX Application Thread] DEBUG GameScene            - Entity added to scene
11:07:28.408 [JavaFX Application Thread] DEBUG GameScene            - Added MainViewComponent
11:07:28.408 [JavaFX Application Thread] DEBUG GameScene            - Entity added to scene
11:07:28.408 [JavaFX Application Thread] DEBUG GameScene            - Added MainViewComponent
11:07:28.408 [JavaFX Application Thread] DEBUG GameScene            - Entity added to scene
11:07:28.408 [JavaFX Application Thread] DEBUG GameScene            - Added MainViewComponent
11:07:28.409 [JavaFX Application Thread] DEBUG GameScene            - Entity added to scene
11:07:28.409 [JavaFX Application Thread] DEBUG GameScene            - Added MainViewComponent
11:07:28.409 [JavaFX Application Thread] DEBUG GameScene            - Entity added to scene
11:07:28.409 [JavaFX Application Thread] DEBUG GameScene            - Added MainViewComponent
11:07:28.409 [JavaFX Application Thread] DEBUG GameScene            - Entity added to scene
11:07:28.409 [JavaFX Application Thread] DEBUG GameScene            - Added MainViewComponent
11:07:28.409 [JavaFX Application Thread] DEBUG GameScene            - Entity added to scene
11:07:28.409 [JavaFX Application Thread] DEBUG GameScene            - Added MainViewComponent
11:07:28.409 [JavaFX Application Thread] DEBUG GameScene            - Entity added to scene
11:07:28.409 [JavaFX Application Thread] DEBUG GameScene            - Added MainViewComponent
11:07:28.410 [JavaFX Application Thread] DEBUG GameScene            - Entity added to scene
11:07:28.410 [JavaFX Application Thread] DEBUG GameScene            - Added MainViewComponent
11:07:28.410 [JavaFX Application Thread] DEBUG GameScene            - Entity added to scene
11:07:28.410 [JavaFX Application Thread] DEBUG GameScene            - Added MainViewComponent
11:07:28.410 [JavaFX Application Thread] DEBUG GameScene            - Entity added to scene
11:07:28.410 [JavaFX Application Thread] DEBUG GameScene            - Added MainViewComponent
11:07:28.410 [JavaFX Application Thread] DEBUG GameScene            - Entity added to scene
11:07:28.410 [JavaFX Application Thread] DEBUG GameScene            - Added MainViewComponent
11:07:28.410 [JavaFX Application Thread] DEBUG GameScene            - Entity added to scene
11:07:28.411 [JavaFX Application Thread] DEBUG GameScene            - Added MainViewComponent
11:07:28.411 [JavaFX Application Thread] DEBUG GameScene            - Entity added to scene
11:07:28.411 [JavaFX Application Thread] DEBUG GameScene            - Added MainViewComponent
11:07:28.411 [JavaFX Application Thread] DEBUG GameScene            - Entity added to scene
11:07:28.411 [JavaFX Application Thread] DEBUG GameScene            - Added MainViewComponent
11:07:28.411 [JavaFX Application Thread] DEBUG GameScene            - Entity added to scene
11:07:28.411 [JavaFX Application Thread] DEBUG GameScene            - Added MainViewComponent
11:07:28.411 [JavaFX Application Thread] DEBUG GameScene            - Entity added to scene
11:07:28.411 [JavaFX Application Thread] DEBUG GameScene            - Added MainViewComponent
11:07:28.411 [JavaFX Application Thread] DEBUG GameScene            - Entity added to scene
11:07:28.411 [JavaFX Application Thread] DEBUG GameScene            - Added MainViewComponent
11:07:28.412 [JavaFX Application Thread] DEBUG GameScene            - Entity added to scene
11:07:28.412 [JavaFX Application Thread] DEBUG GameScene            - Added MainViewComponent
11:07:28.412 [JavaFX Application Thread] DEBUG GameScene            - Entity added to scene
11:07:28.412 [JavaFX Application Thread] DEBUG GameScene            - Added MainViewComponent
11:07:28.412 [JavaFX Application Thread] DEBUG GameScene            - Creating render group for layer: BACKGROUND(0)
11:07:31.999 [JavaFX Application Thread] DEBUG GameScene            - Entity removed from scene
11:07:31.999 [JavaFX Application Thread] DEBUG GameScene            - Removed MainViewComponent
11:07:32.142 [JavaFX Application Thread] DEBUG GameScene            - Entity removed from scene
11:07:32.142 [JavaFX Application Thread] DEBUG GameScene            - Removed MainViewComponent
11:07:33.294 [JavaFX Application Thread] DEBUG GameScene            - Entity removed from scene
11:07:33.294 [JavaFX Application Thread] DEBUG GameScene            - Removed MainViewComponent
11:07:33.423 [JavaFX Application Thread] DEBUG GameScene            - Entity removed from scene
11:07:33.423 [JavaFX Application Thread] DEBUG GameScene            - Removed MainViewComponent
11:07:33.554 [JavaFX Application Thread] DEBUG GameScene            - Entity removed from scene
11:07:33.554 [JavaFX Application Thread] DEBUG GameScene            - Removed MainViewComponent
11:07:35.422 [JavaFX Application Thread] DEBUG GameScene            - Entity removed from scene
11:07:35.422 [JavaFX Application Thread] DEBUG GameScene            - Removed MainViewComponent
11:08:31.840 [JavaFX Application Thread] DEBUG FXGLEventBus         - Firing event: DisplayEvent[type=DIALOG_OPENED]
11:08:31.841 [JavaFX Application Thread] DEBUG FXGLInput            - Clearing active input actions
11:08:31.841 [JavaFX Application Thread] DEBUG FXGLMasterTimer      - Stopping master timer
11:08:31.841 [JavaFX Application Thread] DEBUG GameApplication      - State: PLAYING -> PAUSED
11:08:31.841 [JavaFX Application Thread] DEBUG FXGLEventBus         - Firing event: FXGLEvent[type=PAUSE]
11:08:31.841 [JavaFX Application Thread] DEBUG FXGLInput            - Clearing active input actions
11:08:34.382 [JavaFX Application Thread] DEBUG FXGLEventBus         - Firing event: DisplayEvent[type=DIALOG_CLOSED]
11:08:34.383 [JavaFX Application Thread] DEBUG FXGLInput            - Clearing active input actions
11:08:34.383 [JavaFX Application Thread] DEBUG FXGLMasterTimer      - Starting master timer
11:08:34.383 [JavaFX Application Thread] DEBUG GameApplication      - State: PAUSED -> PLAYING
11:08:34.383 [JavaFX Application Thread] DEBUG FXGLEventBus         - Firing event: FXGLEvent[type=RESUME]
11:08:34.383 [JavaFX Application Thread] DEBUG FXGLEventBus         - Firing event: DisplayEvent[type=CLOSE_REQUEST]
11:08:34.384 [JavaFX Application Thread] DEBUG FXGLEventBus         - Firing event: FXGLEvent[type=EXIT]
11:08:34.384 [JavaFX Application Thread] DEBUG FXGL                 - Saving FXGL system data
11:08:34.386 [JavaFX Application Thread] DEBUG IOTask               - Executing task: writeDataTask(system/fxgl.bundle)
11:08:34.389 [JavaFX Application Thread] DEBUG FS                   - Writing to: system\fxgl.bundle
11:08:34.392 [JavaFX Application Thread] DEBUG IOTask               - Task succeeded: writeDataTask(system/fxgl.bundle)
