11:18:55.255 [FXGL Launcher Thread     ] DEBUG FXGLLoggerFactory    - Service [LoggerFactory] initialized
11:18:55.261 [FXGL Launcher Thread     ] DEBUG FXGL                 - FXGL configuration complete
11:18:55.261 [FXGL Launcher Thread     ] DEBUG FXGL                 - Loading FXGL system data
11:18:55.265 [FXGL Launcher Thread     ] DEBUG IOTask               - Executing task: readDataTask(system/fxgl.bundle)
11:18:55.267 [FXGL Launcher Thread     ] DEBUG FS                   - Reading from: system\fxgl.bundle
11:18:55.273 [FXGL Launcher Thread     ] DEBUG IOTask               - Task succeeded: readDataTask(system/fxgl.bundle)
11:18:55.273 [FXGL Launcher Thread     ] DEBUG Bundle               - Logging bundle: FXGL
11:18:55.274 [FXGL Launcher Thread     ] DEBUG Bundle               - FXGL.offline.timer.version.check=2017-01-18T11:24:23.393
11:18:55.280 [JavaFX Application Thread] DEBUG UpdaterTask          - Checking for updates
11:18:55.358 [JavaFX Application Thread] DEBUG FXGLEventBus         - Service [EventBus] initialized
11:18:55.361 [JavaFX Application Thread] DEBUG FXGLExecutor         - Service [Executor] initialized
11:18:55.362 [JavaFX Application Thread] DEBUG IOTask               - Showing dialog
11:18:55.364 [FXGL Background Thread 1 ] DEBUG IOTask               - Executing task: openStream(https://raw.githubusercontent.com/AlmasB/FXGL/master/pom.xml)
11:18:55.364 [FXGL Background Thread 1 ] DEBUG IOTask               - Executing task: openStream(https://raw.githubusercontent.com/AlmasB/FXGL/master/pom.xml)
11:18:55.951 [JavaFX Application Thread] DEBUG IOTask               - fail(): Dismissing dialog
11:18:55.952 [JavaFX Application Thread] WARN  IOTask               - Task failed: openStream(https://raw.githubusercontent.com/AlmasB/FXGL/master/pom.xml) Error: javax.net.ssl.SSLHandshakeException: sun.security.validator.ValidatorException: PKIX path building failed: sun.security.provider.certpath.SunCertPathBuilderException: unable to find valid certification path to requested target
11:18:55.952 [JavaFX Application Thread] WARN  UpdaterTask          - Failed to find updates: javax.net.ssl.SSLHandshakeException: sun.security.validator.ValidatorException: PKIX path building failed: sun.security.provider.certpath.SunCertPathBuilderException: unable to find valid certification path to requested target
11:18:57.072 [FXGL Launcher Thread     ] DEBUG GameApplication      - Configuring GameApplication
11:18:57.076 [FXGL Launcher Thread     ] DEBUG FXGLExceptionHandler - Service [ExceptionHandler] initialized
11:18:57.076 [FXGL Launcher Thread     ] DEBUG PreInitTask          - Injecting gameWorld & physicsWorld
11:18:57.082 [FXGL Launcher Thread     ] DEBUG GameWorld            - Game world initialized
11:18:57.145 [FXGL Launcher Thread     ] DEBUG FXGLPooler           - Service [Pooler] initialized with default size = 128
11:18:57.146 [FXGL Launcher Thread     ] DEBUG PhysicsWorld         - Physics world initialized: appHeight=840.0, physics.ppm=50.0
11:18:57.148 [FXGL Launcher Thread     ] DEBUG FXGLInput            - Service [Input] initialized
11:18:57.173 [FXGL Launcher Thread     ] DEBUG FXGLInput            - Registered new binding: Screenshot - P
11:18:57.173 [FXGL Launcher Thread     ] DEBUG FXGLInput            - Registered new binding: Dev Options - CTRL+0
11:18:57.175 [FXGL Launcher Thread     ] DEBUG FXGLInput            - Registered new binding: Up - W
11:18:57.175 [FXGL Launcher Thread     ] DEBUG FXGLInput            - Registered new binding: Left - A
11:18:57.175 [FXGL Launcher Thread     ] DEBUG FXGLInput            - Registered new binding: Down - S
11:18:57.175 [FXGL Launcher Thread     ] DEBUG FXGLInput            - Registered new binding: Right - D
11:18:57.198 [FXGL Launcher Thread     ] DEBUG GameScene            - Game scene initialized: 960.0x840.0
11:18:57.203 [FXGL Launcher Thread     ] DEBUG FXGLAssetLoader      - Service [AssetLoader] initialized: cacheSize=35
11:18:57.205 [FXGL Launcher Thread     ] DEBUG FXGLAssetLoader      - Loading from disk: /assets/sounds/system/notification.wav
11:18:57.228 [FXGL Launcher Thread     ] DEBUG FXGLAssetLoader      - Loading from disk: /assets/sounds/menu/select.wav
11:18:57.230 [FXGL Launcher Thread     ] DEBUG FXGLAssetLoader      - Loading from disk: /assets/sounds/menu/back.wav
11:18:57.233 [FXGL Launcher Thread     ] DEBUG FXGLAssetLoader      - Loading from disk: /assets/sounds/menu/press.wav
11:18:57.236 [FXGL Launcher Thread     ] DEBUG FXGLAssetLoader      - Loading from disk: /assets/ui/fonts/Copperplate_Gothic_Light_Regular.ttf
11:18:57.242 [FXGL Launcher Thread     ] DEBUG FXGLAssetLoader      - Loading from disk: /assets/ui/css/fxgl.css
11:18:57.242 [FXGL Launcher Thread     ] DEBUG FXGLAssetLoader      - Loading from disk: /assets/ui/icons/fxgl_icon.png
11:18:57.272 [FXGL Launcher Thread     ] DEBUG FXGLAssetLoader      - Loading from disk: /assets/ui/css/fxgl_dark.css
11:18:57.283 [FXGL Launcher Thread     ] DEBUG FXGLDisplay          - Target size: DoubleProperty [value: 960.0] x DoubleProperty [value: 840.0] @ 1.0
11:18:57.283 [FXGL Launcher Thread     ] DEBUG FXGLDisplay          - New size:    960.0 x 840.0 @ DoubleProperty [value: 1.0]
11:18:57.283 [FXGL Launcher Thread     ] DEBUG FXGLDisplay          - Service [Display] initialized
11:18:57.284 [FXGL Launcher Thread     ] DEBUG FXGLDisplay          - Using CSS: CSS(externalForm=jar:file:/C:/Computer%20Science/Game%20Design/3rd/Pacman/lib/fxgl-0.2.9-uber.jar!/assets/ui/css/fxgl_dark.css)
11:18:57.284 [FXGL Launcher Thread     ] DEBUG InitScenesTask       - Injecting loadingScene & gameScene
11:18:57.315 [FXGL Launcher Thread     ] DEBUG FXGLMasterTimer      - Service [MasterTimer] initialized
11:18:57.322 [FXGL Launcher Thread     ] DEBUG FXGLAudioPlayer      - Service [AudioPlayer] initialized
11:18:57.330 [FXGL Launcher Thread     ] DEBUG GameApplication      - Starting new game
11:18:57.332 [FXGL Launcher Thread     ] DEBUG GameApplication      - Initializing App
11:18:57.335 [FXGL Launcher Thread     ] DEBUG FXGLInput            - Clearing active input actions
11:18:57.335 [FXGL Launcher Thread     ] DEBUG FXGLMasterTimer      - Stopping master timer
11:18:57.335 [FXGL Launcher Thread     ] DEBUG GameApplication      - State: STARTUP -> PAUSED
11:18:57.337 [FXGL Launcher Thread     ] DEBUG FXGLEventBus         - Firing event: FXGLEvent[type=PAUSE]
11:18:57.338 [FXGL Launcher Thread     ] DEBUG FXGLInput            - Clearing active input actions
11:18:57.338 [FXGL Launcher Thread     ] DEBUG FXGLMasterTimer      - Resetting ticks and clearing all actions
11:18:57.339 [FXGL Launcher Thread     ] DEBUG GameWorld            - Resetting game world
11:18:57.339 [FXGL Launcher Thread     ] TRACE EntityWorld          - Resetting entity world
11:18:57.341 [FXGL Launcher Thread     ] DEBUG PhysicsWorld         - Resetting physics world
11:18:57.341 [FXGL Launcher Thread     ] DEBUG GameScene            - Resetting game scene
11:18:57.341 [FXGL Launcher Thread     ] DEBUG FXGLEventBus         - Firing event: FXGLEvent[type=RESET]
11:18:57.431 [FXGL Launcher Thread     ] DEBUG GameApplication      - State: PAUSED -> LOADING
11:18:57.472 [FXGL Background Thread 1 ] DEBUG InitAppTask          - Initializing Assets
11:18:57.473 [FXGL Background Thread 1 ] DEBUG InitAppTask          - Initializing Game
11:18:57.481 [FXGL Background Thread 1 ] DEBUG FXGLAssetLoader      - Loading from disk: /assets/text/level.txt
11:18:57.595 [JavaFX Application Thread] DEBUG FXGLDisplay          - Showing stage
11:18:57.595 [JavaFX Application Thread] DEBUG FXGLDisplay          - Root size: 960.0x840.0
11:18:57.595 [JavaFX Application Thread] DEBUG FXGLDisplay          - Scene size: 960.0x840.0
11:18:57.595 [JavaFX Application Thread] DEBUG FXGLDisplay          - Stage size: 978.0x885.0
11:18:57.681 [FXGL Background Thread 1 ] DEBUG FXGLAssetLoader      - Loading from disk: /assets/textures/blinkyRight00.png
11:18:57.806 [FXGL Background Thread 1 ] DEBUG FXGLAssetLoader      - Loading from disk: /assets/textures/pacman00.png
11:18:57.866 [FXGL Background Thread 1 ] DEBUG GameWorld            - Resetting game world
11:18:57.866 [FXGL Background Thread 1 ] TRACE EntityWorld          - Resetting entity world
11:18:57.866 [FXGL Background Thread 1 ] DEBUG PhysicsWorld         - Resetting physics world
11:18:57.866 [FXGL Background Thread 1 ] DEBUG GameScene            - Resetting game scene
11:18:57.866 [FXGL Background Thread 1 ] DEBUG GameWorld            - Setting level: com.almasb.fxgl.gameplay.Level@23944f46
11:18:57.868 [FXGL Background Thread 1 ] DEBUG InitAppTask          - Initializing Physics
11:18:57.869 [FXGL Background Thread 1 ] DEBUG InitAppTask          - Initializing UI
11:18:57.870 [FXGL Background Thread 1 ] DEBUG FXGLAssetLoader      - Loading from disk: /assets/ui/pacman_ui.fxml
11:18:57.943 [FXGL Background Thread 1 ] DEBUG GameScene            - Adding UI node: Pane@768ad986
11:18:57.943 [FXGL Background Thread 1 ] DEBUG InitAppTask          - Initialization Complete
11:18:57.956 [JavaFX Application Thread] DEBUG FXGLInput            - Clearing active input actions
11:18:57.957 [JavaFX Application Thread] DEBUG FXGLMasterTimer      - Starting master timer
11:18:57.957 [JavaFX Application Thread] DEBUG GameApplication      - State: LOADING -> PLAYING
11:18:57.979 [JavaFX Application Thread] DEBUG FXGLEventBus         - Firing event: FXGLEvent[type=RESUME]
11:18:57.987 [JavaFX Application Thread] DEBUG GameScene            - Entity added to scene
11:18:57.987 [JavaFX Application Thread] DEBUG GameScene            - Added MainViewComponent
11:18:57.994 [JavaFX Application Thread] DEBUG GameScene            - Creating render group for layer: PLAYGROUND(1073741823)
11:18:58.013 [JavaFX Application Thread] DEBUG GameScene            - Entity added to scene
11:18:58.013 [JavaFX Application Thread] DEBUG GameScene            - Added MainViewComponent
11:18:58.014 [JavaFX Application Thread] DEBUG GameScene            - Entity added to scene
11:18:58.014 [JavaFX Application Thread] DEBUG GameScene            - Added MainViewComponent
11:18:58.014 [JavaFX Application Thread] DEBUG GameScene            - Entity added to scene
11:18:58.014 [JavaFX Application Thread] DEBUG GameScene            - Added MainViewComponent
11:18:58.015 [JavaFX Application Thread] DEBUG GameScene            - Entity added to scene
11:18:58.015 [JavaFX Application Thread] DEBUG GameScene            - Added MainViewComponent
11:18:58.015 [JavaFX Application Thread] DEBUG GameScene            - Entity added to scene
11:18:58.016 [JavaFX Application Thread] DEBUG GameScene            - Added MainViewComponent
11:18:58.016 [JavaFX Application Thread] DEBUG GameScene            - Entity added to scene
11:18:58.016 [JavaFX Application Thread] DEBUG GameScene            - Added MainViewComponent
11:18:58.017 [JavaFX Application Thread] DEBUG GameScene            - Entity added to scene
11:18:58.017 [JavaFX Application Thread] DEBUG GameScene            - Added MainViewComponent
11:18:58.018 [JavaFX Application Thread] DEBUG GameScene            - Entity added to scene
11:18:58.018 [JavaFX Application Thread] DEBUG GameScene            - Added MainViewComponent
11:18:58.019 [JavaFX Application Thread] DEBUG GameScene            - Entity added to scene
11:18:58.019 [JavaFX Application Thread] DEBUG GameScene            - Added MainViewComponent
11:18:58.019 [JavaFX Application Thread] DEBUG GameScene            - Entity added to scene
11:18:58.019 [JavaFX Application Thread] DEBUG GameScene            - Added MainViewComponent
11:18:58.020 [JavaFX Application Thread] DEBUG GameScene            - Entity added to scene
11:18:58.020 [JavaFX Application Thread] DEBUG GameScene            - Added MainViewComponent
11:18:58.020 [JavaFX Application Thread] DEBUG GameScene            - Entity added to scene
11:18:58.020 [JavaFX Application Thread] DEBUG GameScene            - Added MainViewComponent
11:18:58.021 [JavaFX Application Thread] DEBUG GameScene            - Entity added to scene
11:18:58.021 [JavaFX Application Thread] DEBUG GameScene            - Added MainViewComponent
11:18:58.021 [JavaFX Application Thread] DEBUG GameScene            - Entity added to scene
11:18:58.021 [JavaFX Application Thread] DEBUG GameScene            - Added MainViewComponent
11:18:58.022 [JavaFX Application Thread] DEBUG GameScene            - Entity added to scene
11:18:58.022 [JavaFX Application Thread] DEBUG GameScene            - Added MainViewComponent
11:18:58.022 [JavaFX Application Thread] DEBUG GameScene            - Entity added to scene
11:18:58.022 [JavaFX Application Thread] DEBUG GameScene            - Added MainViewComponent
11:18:58.023 [JavaFX Application Thread] DEBUG GameScene            - Entity added to scene
11:18:58.023 [JavaFX Application Thread] DEBUG GameScene            - Added MainViewComponent
11:18:58.023 [JavaFX Application Thread] DEBUG GameScene            - Entity added to scene
11:18:58.023 [JavaFX Application Thread] DEBUG GameScene            - Added MainViewComponent
11:18:58.024 [JavaFX Application Thread] DEBUG GameScene            - Entity added to scene
11:18:58.024 [JavaFX Application Thread] DEBUG GameScene            - Added MainViewComponent
11:18:58.024 [JavaFX Application Thread] DEBUG GameScene            - Entity added to scene
11:18:58.024 [JavaFX Application Thread] DEBUG GameScene            - Added MainViewComponent
11:18:58.025 [JavaFX Application Thread] DEBUG GameScene            - Entity added to scene
11:18:58.025 [JavaFX Application Thread] DEBUG GameScene            - Added MainViewComponent
11:18:58.025 [JavaFX Application Thread] DEBUG GameScene            - Entity added to scene
11:18:58.025 [JavaFX Application Thread] DEBUG GameScene            - Added MainViewComponent
11:18:58.028 [JavaFX Application Thread] DEBUG GameScene            - Entity added to scene
11:18:58.028 [JavaFX Application Thread] DEBUG GameScene            - Added MainViewComponent
11:18:58.028 [JavaFX Application Thread] DEBUG GameScene            - Entity added to scene
11:18:58.028 [JavaFX Application Thread] DEBUG GameScene            - Added MainViewComponent
11:18:58.029 [JavaFX Application Thread] DEBUG GameScene            - Entity added to scene
11:18:58.029 [JavaFX Application Thread] DEBUG GameScene            - Added MainViewComponent
11:18:58.029 [JavaFX Application Thread] DEBUG GameScene            - Entity added to scene
11:18:58.029 [JavaFX Application Thread] DEBUG GameScene            - Added MainViewComponent
11:18:58.030 [JavaFX Application Thread] DEBUG GameScene            - Entity added to scene
11:18:58.030 [JavaFX Application Thread] DEBUG GameScene            - Added MainViewComponent
11:18:58.030 [JavaFX Application Thread] DEBUG GameScene            - Entity added to scene
11:18:58.030 [JavaFX Application Thread] DEBUG GameScene            - Added MainViewComponent
11:18:58.031 [JavaFX Application Thread] DEBUG GameScene            - Entity added to scene
11:18:58.031 [JavaFX Application Thread] DEBUG GameScene            - Added MainViewComponent
11:18:58.031 [JavaFX Application Thread] DEBUG GameScene            - Entity added to scene
11:18:58.031 [JavaFX Application Thread] DEBUG GameScene            - Added MainViewComponent
11:18:58.032 [JavaFX Application Thread] DEBUG GameScene            - Entity added to scene
11:18:58.038 [JavaFX Application Thread] DEBUG GameScene            - Added MainViewComponent
11:18:58.038 [JavaFX Application Thread] DEBUG GameScene            - Entity added to scene
11:18:58.038 [JavaFX Application Thread] DEBUG GameScene            - Added MainViewComponent
11:18:58.039 [JavaFX Application Thread] DEBUG GameScene            - Entity added to scene
11:18:58.039 [JavaFX Application Thread] DEBUG GameScene            - Added MainViewComponent
11:18:58.039 [JavaFX Application Thread] DEBUG GameScene            - Entity added to scene
11:18:58.039 [JavaFX Application Thread] DEBUG GameScene            - Added MainViewComponent
11:18:58.045 [JavaFX Application Thread] DEBUG GameScene            - Entity added to scene
11:18:58.045 [JavaFX Application Thread] DEBUG GameScene            - Added MainViewComponent
11:18:58.046 [JavaFX Application Thread] DEBUG GameScene            - Entity added to scene
11:18:58.046 [JavaFX Application Thread] DEBUG GameScene            - Added MainViewComponent
11:18:58.046 [JavaFX Application Thread] DEBUG GameScene            - Entity added to scene
11:18:58.046 [JavaFX Application Thread] DEBUG GameScene            - Added MainViewComponent
11:18:58.047 [JavaFX Application Thread] DEBUG GameScene            - Entity added to scene
11:18:58.047 [JavaFX Application Thread] DEBUG GameScene            - Added MainViewComponent
11:18:58.047 [JavaFX Application Thread] DEBUG GameScene            - Entity added to scene
11:18:58.048 [JavaFX Application Thread] DEBUG GameScene            - Added MainViewComponent
11:18:58.049 [JavaFX Application Thread] DEBUG GameScene            - Entity added to scene
11:18:58.049 [JavaFX Application Thread] DEBUG GameScene            - Added MainViewComponent
11:18:58.050 [JavaFX Application Thread] DEBUG GameScene            - Entity added to scene
11:18:58.050 [JavaFX Application Thread] DEBUG GameScene            - Added MainViewComponent
11:18:58.051 [JavaFX Application Thread] DEBUG GameScene            - Entity added to scene
11:18:58.051 [JavaFX Application Thread] DEBUG GameScene            - Added MainViewComponent
11:18:58.062 [JavaFX Application Thread] DEBUG GameScene            - Entity added to scene
11:18:58.062 [JavaFX Application Thread] DEBUG GameScene            - Added MainViewComponent
11:18:58.063 [JavaFX Application Thread] DEBUG GameScene            - Entity added to scene
11:18:58.063 [JavaFX Application Thread] DEBUG GameScene            - Added MainViewComponent
11:18:58.063 [JavaFX Application Thread] DEBUG GameScene            - Entity added to scene
11:18:58.063 [JavaFX Application Thread] DEBUG GameScene            - Added MainViewComponent
11:18:58.064 [JavaFX Application Thread] DEBUG GameScene            - Entity added to scene
11:18:58.064 [JavaFX Application Thread] DEBUG GameScene            - Added MainViewComponent
11:18:58.064 [JavaFX Application Thread] DEBUG GameScene            - Entity added to scene
11:18:58.064 [JavaFX Application Thread] DEBUG GameScene            - Added MainViewComponent
11:18:58.065 [JavaFX Application Thread] DEBUG GameScene            - Entity added to scene
11:18:58.065 [JavaFX Application Thread] DEBUG GameScene            - Added MainViewComponent
11:18:58.065 [JavaFX Application Thread] DEBUG GameScene            - Entity added to scene
11:18:58.065 [JavaFX Application Thread] DEBUG GameScene            - Added MainViewComponent
11:18:58.069 [JavaFX Application Thread] DEBUG GameScene            - Entity added to scene
11:18:58.070 [JavaFX Application Thread] DEBUG GameScene            - Added MainViewComponent
11:18:58.070 [JavaFX Application Thread] DEBUG GameScene            - Entity added to scene
11:18:58.070 [JavaFX Application Thread] DEBUG GameScene            - Added MainViewComponent
11:18:58.070 [JavaFX Application Thread] DEBUG GameScene            - Entity added to scene
11:18:58.070 [JavaFX Application Thread] DEBUG GameScene            - Added MainViewComponent
11:18:58.071 [JavaFX Application Thread] DEBUG GameScene            - Entity added to scene
11:18:58.071 [JavaFX Application Thread] DEBUG GameScene            - Added MainViewComponent
11:18:58.071 [JavaFX Application Thread] DEBUG GameScene            - Entity added to scene
11:18:58.071 [JavaFX Application Thread] DEBUG GameScene            - Added MainViewComponent
11:18:58.072 [JavaFX Application Thread] DEBUG GameScene            - Entity added to scene
11:18:58.072 [JavaFX Application Thread] DEBUG GameScene            - Added MainViewComponent
11:18:58.072 [JavaFX Application Thread] DEBUG GameScene            - Entity added to scene
11:18:58.072 [JavaFX Application Thread] DEBUG GameScene            - Added MainViewComponent
11:18:58.072 [JavaFX Application Thread] DEBUG GameScene            - Entity added to scene
11:18:58.072 [JavaFX Application Thread] DEBUG GameScene            - Added MainViewComponent
11:18:58.073 [JavaFX Application Thread] DEBUG GameScene            - Entity added to scene
11:18:58.073 [JavaFX Application Thread] DEBUG GameScene            - Added MainViewComponent
11:18:58.074 [JavaFX Application Thread] DEBUG GameScene            - Entity added to scene
11:18:58.074 [JavaFX Application Thread] DEBUG GameScene            - Added MainViewComponent
11:18:58.074 [JavaFX Application Thread] DEBUG GameScene            - Entity added to scene
11:18:58.074 [JavaFX Application Thread] DEBUG GameScene            - Added MainViewComponent
11:18:58.076 [JavaFX Application Thread] DEBUG GameScene            - Entity added to scene
11:18:58.076 [JavaFX Application Thread] DEBUG GameScene            - Added MainViewComponent
11:18:58.076 [JavaFX Application Thread] DEBUG GameScene            - Entity added to scene
11:18:58.076 [JavaFX Application Thread] DEBUG GameScene            - Added MainViewComponent
11:18:58.077 [JavaFX Application Thread] DEBUG GameScene            - Entity added to scene
11:18:58.077 [JavaFX Application Thread] DEBUG GameScene            - Added MainViewComponent
11:18:58.077 [JavaFX Application Thread] DEBUG GameScene            - Entity added to scene
11:18:58.077 [JavaFX Application Thread] DEBUG GameScene            - Added MainViewComponent
11:18:58.077 [JavaFX Application Thread] DEBUG GameScene            - Entity added to scene
11:18:58.078 [JavaFX Application Thread] DEBUG GameScene            - Added MainViewComponent
11:18:58.078 [JavaFX Application Thread] DEBUG GameScene            - Entity added to scene
11:18:58.078 [JavaFX Application Thread] DEBUG GameScene            - Added MainViewComponent
11:18:58.078 [JavaFX Application Thread] DEBUG GameScene            - Entity added to scene
11:18:58.078 [JavaFX Application Thread] DEBUG GameScene            - Added MainViewComponent
11:18:58.078 [JavaFX Application Thread] DEBUG GameScene            - Entity added to scene
11:18:58.078 [JavaFX Application Thread] DEBUG GameScene            - Added MainViewComponent
11:18:58.079 [JavaFX Application Thread] DEBUG GameScene            - Entity added to scene
11:18:58.079 [JavaFX Application Thread] DEBUG GameScene            - Added MainViewComponent
11:18:58.079 [JavaFX Application Thread] DEBUG GameScene            - Entity added to scene
11:18:58.079 [JavaFX Application Thread] DEBUG GameScene            - Added MainViewComponent
11:18:58.079 [JavaFX Application Thread] DEBUG GameScene            - Entity added to scene
11:18:58.080 [JavaFX Application Thread] DEBUG GameScene            - Added MainViewComponent
11:18:58.080 [JavaFX Application Thread] DEBUG GameScene            - Entity added to scene
11:18:58.080 [JavaFX Application Thread] DEBUG GameScene            - Added MainViewComponent
11:18:58.080 [JavaFX Application Thread] DEBUG GameScene            - Entity added to scene
11:18:58.080 [JavaFX Application Thread] DEBUG GameScene            - Added MainViewComponent
11:18:58.080 [JavaFX Application Thread] DEBUG GameScene            - Entity added to scene
11:18:58.080 [JavaFX Application Thread] DEBUG GameScene            - Added MainViewComponent
11:18:58.081 [JavaFX Application Thread] DEBUG GameScene            - Entity added to scene
11:18:58.081 [JavaFX Application Thread] DEBUG GameScene            - Added MainViewComponent
11:18:58.081 [JavaFX Application Thread] DEBUG GameScene            - Entity added to scene
11:18:58.081 [JavaFX Application Thread] DEBUG GameScene            - Added MainViewComponent
11:18:58.081 [JavaFX Application Thread] DEBUG GameScene            - Entity added to scene
11:18:58.081 [JavaFX Application Thread] DEBUG GameScene            - Added MainViewComponent
11:18:58.082 [JavaFX Application Thread] DEBUG GameScene            - Entity added to scene
11:18:58.083 [JavaFX Application Thread] DEBUG GameScene            - Added MainViewComponent
11:18:58.083 [JavaFX Application Thread] DEBUG GameScene            - Entity added to scene
11:18:58.083 [JavaFX Application Thread] DEBUG GameScene            - Added MainViewComponent
11:18:58.083 [JavaFX Application Thread] DEBUG GameScene            - Entity added to scene
11:18:58.083 [JavaFX Application Thread] DEBUG GameScene            - Added MainViewComponent
11:18:58.084 [JavaFX Application Thread] DEBUG GameScene            - Entity added to scene
11:18:58.084 [JavaFX Application Thread] DEBUG GameScene            - Added MainViewComponent
11:18:58.084 [JavaFX Application Thread] DEBUG GameScene            - Entity added to scene
11:18:58.084 [JavaFX Application Thread] DEBUG GameScene            - Added MainViewComponent
11:18:58.084 [JavaFX Application Thread] DEBUG GameScene            - Entity added to scene
11:18:58.084 [JavaFX Application Thread] DEBUG GameScene            - Added MainViewComponent
11:18:58.085 [JavaFX Application Thread] DEBUG GameScene            - Entity added to scene
11:18:58.085 [JavaFX Application Thread] DEBUG GameScene            - Added MainViewComponent
11:18:58.085 [JavaFX Application Thread] DEBUG GameScene            - Entity added to scene
11:18:58.085 [JavaFX Application Thread] DEBUG GameScene            - Added MainViewComponent
11:18:58.085 [JavaFX Application Thread] DEBUG GameScene            - Entity added to scene
11:18:58.085 [JavaFX Application Thread] DEBUG GameScene            - Added MainViewComponent
11:18:58.086 [JavaFX Application Thread] DEBUG GameScene            - Entity added to scene
11:18:58.086 [JavaFX Application Thread] DEBUG GameScene            - Added MainViewComponent
11:18:58.086 [JavaFX Application Thread] DEBUG GameScene            - Entity added to scene
11:18:58.086 [JavaFX Application Thread] DEBUG GameScene            - Added MainViewComponent
11:18:58.086 [JavaFX Application Thread] DEBUG GameScene            - Entity added to scene
11:18:58.086 [JavaFX Application Thread] DEBUG GameScene            - Added MainViewComponent
11:18:58.087 [JavaFX Application Thread] DEBUG GameScene            - Entity added to scene
11:18:58.087 [JavaFX Application Thread] DEBUG GameScene            - Added MainViewComponent
11:18:58.087 [JavaFX Application Thread] DEBUG GameScene            - Entity added to scene
11:18:58.087 [JavaFX Application Thread] DEBUG GameScene            - Added MainViewComponent
11:18:58.087 [JavaFX Application Thread] DEBUG GameScene            - Entity added to scene
11:18:58.087 [JavaFX Application Thread] DEBUG GameScene            - Added MainViewComponent
11:18:58.087 [JavaFX Application Thread] DEBUG GameScene            - Entity added to scene
11:18:58.087 [JavaFX Application Thread] DEBUG GameScene            - Added MainViewComponent
11:18:58.089 [JavaFX Application Thread] DEBUG GameScene            - Entity added to scene
11:18:58.090 [JavaFX Application Thread] DEBUG GameScene            - Added MainViewComponent
11:18:58.090 [JavaFX Application Thread] DEBUG GameScene            - Entity added to scene
11:18:58.090 [JavaFX Application Thread] DEBUG GameScene            - Added MainViewComponent
11:18:58.090 [JavaFX Application Thread] DEBUG GameScene            - Entity added to scene
11:18:58.090 [JavaFX Application Thread] DEBUG GameScene            - Added MainViewComponent
11:18:58.091 [JavaFX Application Thread] DEBUG GameScene            - Entity added to scene
11:18:58.091 [JavaFX Application Thread] DEBUG GameScene            - Added MainViewComponent
11:18:58.091 [JavaFX Application Thread] DEBUG GameScene            - Entity added to scene
11:18:58.091 [JavaFX Application Thread] DEBUG GameScene            - Added MainViewComponent
11:18:58.091 [JavaFX Application Thread] DEBUG GameScene            - Entity added to scene
11:18:58.092 [JavaFX Application Thread] DEBUG GameScene            - Added MainViewComponent
11:18:58.092 [JavaFX Application Thread] DEBUG GameScene            - Entity added to scene
11:18:58.092 [JavaFX Application Thread] DEBUG GameScene            - Added MainViewComponent
11:18:58.092 [JavaFX Application Thread] DEBUG GameScene            - Entity added to scene
11:18:58.092 [JavaFX Application Thread] DEBUG GameScene            - Added MainViewComponent
11:18:58.093 [JavaFX Application Thread] DEBUG GameScene            - Entity added to scene
11:18:58.093 [JavaFX Application Thread] DEBUG GameScene            - Added MainViewComponent
11:18:58.093 [JavaFX Application Thread] DEBUG GameScene            - Entity added to scene
11:18:58.093 [JavaFX Application Thread] DEBUG GameScene            - Added MainViewComponent
11:18:58.093 [JavaFX Application Thread] DEBUG GameScene            - Entity added to scene
11:18:58.093 [JavaFX Application Thread] DEBUG GameScene            - Added MainViewComponent
11:18:58.094 [JavaFX Application Thread] DEBUG GameScene            - Entity added to scene
11:18:58.094 [JavaFX Application Thread] DEBUG GameScene            - Added MainViewComponent
11:18:58.094 [JavaFX Application Thread] DEBUG GameScene            - Entity added to scene
11:18:58.094 [JavaFX Application Thread] DEBUG GameScene            - Added MainViewComponent
11:18:58.094 [JavaFX Application Thread] DEBUG GameScene            - Entity added to scene
11:18:58.095 [JavaFX Application Thread] DEBUG GameScene            - Added MainViewComponent
11:18:58.095 [JavaFX Application Thread] DEBUG GameScene            - Entity added to scene
11:18:58.095 [JavaFX Application Thread] DEBUG GameScene            - Added MainViewComponent
11:18:58.095 [JavaFX Application Thread] DEBUG GameScene            - Entity added to scene
11:18:58.095 [JavaFX Application Thread] DEBUG GameScene            - Added MainViewComponent
11:18:58.096 [JavaFX Application Thread] DEBUG GameScene            - Entity added to scene
11:18:58.096 [JavaFX Application Thread] DEBUG GameScene            - Added MainViewComponent
11:18:58.096 [JavaFX Application Thread] DEBUG GameScene            - Entity added to scene
11:18:58.096 [JavaFX Application Thread] DEBUG GameScene            - Added MainViewComponent
11:18:58.096 [JavaFX Application Thread] DEBUG GameScene            - Entity added to scene
11:18:58.096 [JavaFX Application Thread] DEBUG GameScene            - Added MainViewComponent
11:18:58.097 [JavaFX Application Thread] DEBUG GameScene            - Entity added to scene
11:18:58.097 [JavaFX Application Thread] DEBUG GameScene            - Added MainViewComponent
11:18:58.097 [JavaFX Application Thread] DEBUG GameScene            - Entity added to scene
11:18:58.097 [JavaFX Application Thread] DEBUG GameScene            - Added MainViewComponent
11:18:58.097 [JavaFX Application Thread] DEBUG GameScene            - Entity added to scene
11:18:58.098 [JavaFX Application Thread] DEBUG GameScene            - Added MainViewComponent
11:18:58.098 [JavaFX Application Thread] DEBUG GameScene            - Entity added to scene
11:18:58.098 [JavaFX Application Thread] DEBUG GameScene            - Added MainViewComponent
11:18:58.098 [JavaFX Application Thread] DEBUG GameScene            - Entity added to scene
11:18:58.098 [JavaFX Application Thread] DEBUG GameScene            - Added MainViewComponent
11:18:58.099 [JavaFX Application Thread] DEBUG GameScene            - Entity added to scene
11:18:58.099 [JavaFX Application Thread] DEBUG GameScene            - Added MainViewComponent
11:18:58.099 [JavaFX Application Thread] DEBUG GameScene            - Entity added to scene
11:18:58.099 [JavaFX Application Thread] DEBUG GameScene            - Added MainViewComponent
11:18:58.099 [JavaFX Application Thread] DEBUG GameScene            - Entity added to scene
11:18:58.099 [JavaFX Application Thread] DEBUG GameScene            - Added MainViewComponent
11:18:58.100 [JavaFX Application Thread] DEBUG GameScene            - Entity added to scene
11:18:58.100 [JavaFX Application Thread] DEBUG GameScene            - Added MainViewComponent
11:18:58.100 [JavaFX Application Thread] DEBUG GameScene            - Entity added to scene
11:18:58.100 [JavaFX Application Thread] DEBUG GameScene            - Added MainViewComponent
11:18:58.100 [JavaFX Application Thread] DEBUG GameScene            - Entity added to scene
11:18:58.100 [JavaFX Application Thread] DEBUG GameScene            - Added MainViewComponent
11:18:58.101 [JavaFX Application Thread] DEBUG GameScene            - Entity added to scene
11:18:58.101 [JavaFX Application Thread] DEBUG GameScene            - Added MainViewComponent
11:18:58.101 [JavaFX Application Thread] DEBUG GameScene            - Entity added to scene
11:18:58.101 [JavaFX Application Thread] DEBUG GameScene            - Added MainViewComponent
11:18:58.101 [JavaFX Application Thread] DEBUG GameScene            - Entity added to scene
11:18:58.101 [JavaFX Application Thread] DEBUG GameScene            - Added MainViewComponent
11:18:58.102 [JavaFX Application Thread] DEBUG GameScene            - Entity added to scene
11:18:58.102 [JavaFX Application Thread] DEBUG GameScene            - Added MainViewComponent
11:18:58.103 [JavaFX Application Thread] DEBUG GameScene            - Entity added to scene
11:18:58.103 [JavaFX Application Thread] DEBUG GameScene            - Added MainViewComponent
11:18:58.104 [JavaFX Application Thread] DEBUG GameScene            - Entity added to scene
11:18:58.104 [JavaFX Application Thread] DEBUG GameScene            - Added MainViewComponent
11:18:58.107 [JavaFX Application Thread] DEBUG GameScene            - Entity added to scene
11:18:58.107 [JavaFX Application Thread] DEBUG GameScene            - Added MainViewComponent
11:18:58.108 [JavaFX Application Thread] DEBUG GameScene            - Entity added to scene
11:18:58.108 [JavaFX Application Thread] DEBUG GameScene            - Added MainViewComponent
11:18:58.108 [JavaFX Application Thread] DEBUG GameScene            - Entity added to scene
11:18:58.108 [JavaFX Application Thread] DEBUG GameScene            - Added MainViewComponent
11:18:58.108 [JavaFX Application Thread] DEBUG GameScene            - Entity added to scene
11:18:58.108 [JavaFX Application Thread] DEBUG GameScene            - Added MainViewComponent
11:18:58.109 [JavaFX Application Thread] DEBUG GameScene            - Entity added to scene
11:18:58.109 [JavaFX Application Thread] DEBUG GameScene            - Added MainViewComponent
11:18:58.109 [JavaFX Application Thread] DEBUG GameScene            - Entity added to scene
11:18:58.109 [JavaFX Application Thread] DEBUG GameScene            - Added MainViewComponent
11:18:58.109 [JavaFX Application Thread] DEBUG GameScene            - Entity added to scene
11:18:58.109 [JavaFX Application Thread] DEBUG GameScene            - Added MainViewComponent
11:18:58.110 [JavaFX Application Thread] DEBUG GameScene            - Entity added to scene
11:18:58.110 [JavaFX Application Thread] DEBUG GameScene            - Added MainViewComponent
11:18:58.110 [JavaFX Application Thread] DEBUG GameScene            - Entity added to scene
11:18:58.110 [JavaFX Application Thread] DEBUG GameScene            - Added MainViewComponent
11:18:58.110 [JavaFX Application Thread] DEBUG GameScene            - Entity added to scene
11:18:58.110 [JavaFX Application Thread] DEBUG GameScene            - Added MainViewComponent
11:18:58.110 [JavaFX Application Thread] DEBUG GameScene            - Entity added to scene
11:18:58.110 [JavaFX Application Thread] DEBUG GameScene            - Added MainViewComponent
11:18:58.111 [JavaFX Application Thread] DEBUG GameScene            - Entity added to scene
11:18:58.111 [JavaFX Application Thread] DEBUG GameScene            - Added MainViewComponent
11:18:58.111 [JavaFX Application Thread] DEBUG GameScene            - Entity added to scene
11:18:58.111 [JavaFX Application Thread] DEBUG GameScene            - Added MainViewComponent
11:18:58.111 [JavaFX Application Thread] DEBUG GameScene            - Creating render group for layer: TOP(2147483647)
11:18:58.113 [JavaFX Application Thread] DEBUG GameScene            - Entity added to scene
11:18:58.113 [JavaFX Application Thread] DEBUG GameScene            - Added MainViewComponent
11:18:58.114 [JavaFX Application Thread] DEBUG GameScene            - Entity added to scene
11:18:58.114 [JavaFX Application Thread] DEBUG GameScene            - Added MainViewComponent
11:18:58.114 [JavaFX Application Thread] DEBUG GameScene            - Entity added to scene
11:18:58.114 [JavaFX Application Thread] DEBUG GameScene            - Added MainViewComponent
11:18:58.114 [JavaFX Application Thread] DEBUG GameScene            - Entity added to scene
11:18:58.114 [JavaFX Application Thread] DEBUG GameScene            - Added MainViewComponent
11:18:58.115 [JavaFX Application Thread] DEBUG GameScene            - Entity added to scene
11:18:58.115 [JavaFX Application Thread] DEBUG GameScene            - Added MainViewComponent
11:18:58.115 [JavaFX Application Thread] DEBUG GameScene            - Entity added to scene
11:18:58.115 [JavaFX Application Thread] DEBUG GameScene            - Added MainViewComponent
11:18:58.116 [JavaFX Application Thread] DEBUG GameScene            - Entity added to scene
11:18:58.116 [JavaFX Application Thread] DEBUG GameScene            - Added MainViewComponent
11:18:58.116 [JavaFX Application Thread] DEBUG GameScene            - Entity added to scene
11:18:58.116 [JavaFX Application Thread] DEBUG GameScene            - Added MainViewComponent
11:18:58.116 [JavaFX Application Thread] DEBUG GameScene            - Entity added to scene
11:18:58.116 [JavaFX Application Thread] DEBUG GameScene            - Added MainViewComponent
11:18:58.117 [JavaFX Application Thread] DEBUG GameScene            - Entity added to scene
11:18:58.117 [JavaFX Application Thread] DEBUG GameScene            - Added MainViewComponent
11:18:58.117 [JavaFX Application Thread] DEBUG GameScene            - Entity added to scene
11:18:58.117 [JavaFX Application Thread] DEBUG GameScene            - Added MainViewComponent
11:18:58.117 [JavaFX Application Thread] DEBUG GameScene            - Entity added to scene
11:18:58.117 [JavaFX Application Thread] DEBUG GameScene            - Added MainViewComponent
11:18:58.118 [JavaFX Application Thread] DEBUG GameScene            - Entity added to scene
11:18:58.118 [JavaFX Application Thread] DEBUG GameScene            - Added MainViewComponent
11:18:58.118 [JavaFX Application Thread] DEBUG GameScene            - Entity added to scene
11:18:58.118 [JavaFX Application Thread] DEBUG GameScene            - Added MainViewComponent
11:18:58.119 [JavaFX Application Thread] DEBUG GameScene            - Entity added to scene
11:18:58.119 [JavaFX Application Thread] DEBUG GameScene            - Added MainViewComponent
11:18:58.119 [JavaFX Application Thread] DEBUG GameScene            - Entity added to scene
11:18:58.119 [JavaFX Application Thread] DEBUG GameScene            - Added MainViewComponent
11:18:58.119 [JavaFX Application Thread] DEBUG GameScene            - Entity added to scene
11:18:58.119 [JavaFX Application Thread] DEBUG GameScene            - Added MainViewComponent
11:18:58.119 [JavaFX Application Thread] DEBUG GameScene            - Entity added to scene
11:18:58.119 [JavaFX Application Thread] DEBUG GameScene            - Added MainViewComponent
11:18:58.120 [JavaFX Application Thread] DEBUG GameScene            - Entity added to scene
11:18:58.120 [JavaFX Application Thread] DEBUG GameScene            - Added MainViewComponent
11:18:58.120 [JavaFX Application Thread] DEBUG GameScene            - Entity added to scene
11:18:58.120 [JavaFX Application Thread] DEBUG GameScene            - Added MainViewComponent
11:18:58.120 [JavaFX Application Thread] DEBUG GameScene            - Entity added to scene
11:18:58.120 [JavaFX Application Thread] DEBUG GameScene            - Added MainViewComponent
11:18:58.121 [JavaFX Application Thread] DEBUG GameScene            - Entity added to scene
11:18:58.121 [JavaFX Application Thread] DEBUG GameScene            - Added MainViewComponent
11:18:58.121 [JavaFX Application Thread] DEBUG GameScene            - Entity added to scene
11:18:58.121 [JavaFX Application Thread] DEBUG GameScene            - Added MainViewComponent
11:18:58.121 [JavaFX Application Thread] DEBUG GameScene            - Entity added to scene
11:18:58.121 [JavaFX Application Thread] DEBUG GameScene            - Added MainViewComponent
11:18:58.122 [JavaFX Application Thread] DEBUG GameScene            - Entity added to scene
11:18:58.122 [JavaFX Application Thread] DEBUG GameScene            - Added MainViewComponent
11:18:58.122 [JavaFX Application Thread] DEBUG GameScene            - Entity added to scene
11:18:58.122 [JavaFX Application Thread] DEBUG GameScene            - Added MainViewComponent
11:18:58.122 [JavaFX Application Thread] DEBUG GameScene            - Entity added to scene
11:18:58.122 [JavaFX Application Thread] DEBUG GameScene            - Added MainViewComponent
11:18:58.123 [JavaFX Application Thread] DEBUG GameScene            - Entity added to scene
11:18:58.123 [JavaFX Application Thread] DEBUG GameScene            - Added MainViewComponent
11:18:58.123 [JavaFX Application Thread] DEBUG GameScene            - Entity added to scene
11:18:58.123 [JavaFX Application Thread] DEBUG GameScene            - Added MainViewComponent
11:18:58.123 [JavaFX Application Thread] DEBUG GameScene            - Entity added to scene
11:18:58.123 [JavaFX Application Thread] DEBUG GameScene            - Added MainViewComponent
11:18:58.123 [JavaFX Application Thread] DEBUG GameScene            - Entity added to scene
11:18:58.123 [JavaFX Application Thread] DEBUG GameScene            - Added MainViewComponent
11:18:58.124 [JavaFX Application Thread] DEBUG GameScene            - Entity added to scene
11:18:58.124 [JavaFX Application Thread] DEBUG GameScene            - Added MainViewComponent
11:18:58.124 [JavaFX Application Thread] DEBUG GameScene            - Entity added to scene
11:18:58.124 [JavaFX Application Thread] DEBUG GameScene            - Added MainViewComponent
11:18:58.124 [JavaFX Application Thread] DEBUG GameScene            - Entity added to scene
11:18:58.124 [JavaFX Application Thread] DEBUG GameScene            - Added MainViewComponent
11:18:58.124 [JavaFX Application Thread] DEBUG GameScene            - Entity added to scene
11:18:58.125 [JavaFX Application Thread] DEBUG GameScene            - Added MainViewComponent
11:18:58.125 [JavaFX Application Thread] DEBUG GameScene            - Entity added to scene
11:18:58.125 [JavaFX Application Thread] DEBUG GameScene            - Added MainViewComponent
11:18:58.125 [JavaFX Application Thread] DEBUG GameScene            - Entity added to scene
11:18:58.125 [JavaFX Application Thread] DEBUG GameScene            - Added MainViewComponent
11:18:58.125 [JavaFX Application Thread] DEBUG GameScene            - Entity added to scene
11:18:58.126 [JavaFX Application Thread] DEBUG GameScene            - Added MainViewComponent
11:18:58.126 [JavaFX Application Thread] DEBUG GameScene            - Entity added to scene
11:18:58.126 [JavaFX Application Thread] DEBUG GameScene            - Added MainViewComponent
11:18:58.126 [JavaFX Application Thread] DEBUG GameScene            - Entity added to scene
11:18:58.126 [JavaFX Application Thread] DEBUG GameScene            - Added MainViewComponent
11:18:58.126 [JavaFX Application Thread] DEBUG GameScene            - Entity added to scene
11:18:58.126 [JavaFX Application Thread] DEBUG GameScene            - Added MainViewComponent
11:18:58.127 [JavaFX Application Thread] DEBUG GameScene            - Entity added to scene
11:18:58.127 [JavaFX Application Thread] DEBUG GameScene            - Added MainViewComponent
11:18:58.127 [JavaFX Application Thread] DEBUG GameScene            - Entity added to scene
11:18:58.127 [JavaFX Application Thread] DEBUG GameScene            - Added MainViewComponent
11:18:58.127 [JavaFX Application Thread] DEBUG GameScene            - Entity added to scene
11:18:58.127 [JavaFX Application Thread] DEBUG GameScene            - Added MainViewComponent
11:18:58.128 [JavaFX Application Thread] DEBUG GameScene            - Entity added to scene
11:18:58.128 [JavaFX Application Thread] DEBUG GameScene            - Added MainViewComponent
11:18:58.128 [JavaFX Application Thread] DEBUG GameScene            - Entity added to scene
11:18:58.128 [JavaFX Application Thread] DEBUG GameScene            - Added MainViewComponent
11:18:58.128 [JavaFX Application Thread] DEBUG GameScene            - Entity added to scene
11:18:58.128 [JavaFX Application Thread] DEBUG GameScene            - Added MainViewComponent
11:18:58.129 [JavaFX Application Thread] DEBUG GameScene            - Entity added to scene
11:18:58.129 [JavaFX Application Thread] DEBUG GameScene            - Added MainViewComponent
11:18:58.129 [JavaFX Application Thread] DEBUG GameScene            - Entity added to scene
11:18:58.129 [JavaFX Application Thread] DEBUG GameScene            - Added MainViewComponent
11:18:58.129 [JavaFX Application Thread] DEBUG GameScene            - Entity added to scene
11:18:58.129 [JavaFX Application Thread] DEBUG GameScene            - Added MainViewComponent
11:18:58.130 [JavaFX Application Thread] DEBUG GameScene            - Entity added to scene
11:18:58.130 [JavaFX Application Thread] DEBUG GameScene            - Added MainViewComponent
11:18:58.130 [JavaFX Application Thread] DEBUG GameScene            - Entity added to scene
11:18:58.130 [JavaFX Application Thread] DEBUG GameScene            - Added MainViewComponent
11:18:58.130 [JavaFX Application Thread] DEBUG GameScene            - Entity added to scene
11:18:58.130 [JavaFX Application Thread] DEBUG GameScene            - Added MainViewComponent
11:18:58.131 [JavaFX Application Thread] DEBUG GameScene            - Entity added to scene
11:18:58.131 [JavaFX Application Thread] DEBUG GameScene            - Added MainViewComponent
11:18:58.131 [JavaFX Application Thread] DEBUG GameScene            - Entity added to scene
11:18:58.131 [JavaFX Application Thread] DEBUG GameScene            - Added MainViewComponent
11:18:58.132 [JavaFX Application Thread] DEBUG GameScene            - Entity added to scene
11:18:58.132 [JavaFX Application Thread] DEBUG GameScene            - Added MainViewComponent
11:18:58.132 [JavaFX Application Thread] DEBUG GameScene            - Entity added to scene
11:18:58.132 [JavaFX Application Thread] DEBUG GameScene            - Added MainViewComponent
11:18:58.137 [JavaFX Application Thread] DEBUG GameScene            - Entity added to scene
11:18:58.138 [JavaFX Application Thread] DEBUG GameScene            - Added MainViewComponent
11:18:58.138 [JavaFX Application Thread] DEBUG GameScene            - Entity added to scene
11:18:58.138 [JavaFX Application Thread] DEBUG GameScene            - Added MainViewComponent
11:18:58.138 [JavaFX Application Thread] DEBUG GameScene            - Entity added to scene
11:18:58.138 [JavaFX Application Thread] DEBUG GameScene            - Added MainViewComponent
11:18:58.138 [JavaFX Application Thread] DEBUG GameScene            - Entity added to scene
11:18:58.138 [JavaFX Application Thread] DEBUG GameScene            - Added MainViewComponent
11:18:58.138 [JavaFX Application Thread] DEBUG GameScene            - Entity added to scene
11:18:58.138 [JavaFX Application Thread] DEBUG GameScene            - Added MainViewComponent
11:18:58.139 [JavaFX Application Thread] DEBUG GameScene            - Entity added to scene
11:18:58.139 [JavaFX Application Thread] DEBUG GameScene            - Added MainViewComponent
11:18:58.139 [JavaFX Application Thread] DEBUG GameScene            - Entity added to scene
11:18:58.139 [JavaFX Application Thread] DEBUG GameScene            - Added MainViewComponent
11:18:58.139 [JavaFX Application Thread] DEBUG GameScene            - Entity added to scene
11:18:58.139 [JavaFX Application Thread] DEBUG GameScene            - Added MainViewComponent
11:18:58.139 [JavaFX Application Thread] DEBUG GameScene            - Entity added to scene
11:18:58.140 [JavaFX Application Thread] DEBUG GameScene            - Added MainViewComponent
11:18:58.140 [JavaFX Application Thread] DEBUG GameScene            - Entity added to scene
11:18:58.140 [JavaFX Application Thread] DEBUG GameScene            - Added MainViewComponent
11:18:58.140 [JavaFX Application Thread] DEBUG GameScene            - Entity added to scene
11:18:58.140 [JavaFX Application Thread] DEBUG GameScene            - Added MainViewComponent
11:18:58.141 [JavaFX Application Thread] DEBUG GameScene            - Entity added to scene
11:18:58.141 [JavaFX Application Thread] DEBUG GameScene            - Added MainViewComponent
11:18:58.141 [JavaFX Application Thread] DEBUG GameScene            - Entity added to scene
11:18:58.141 [JavaFX Application Thread] DEBUG GameScene            - Added MainViewComponent
11:18:58.142 [JavaFX Application Thread] DEBUG GameScene            - Entity added to scene
11:18:58.142 [JavaFX Application Thread] DEBUG GameScene            - Added MainViewComponent
11:18:58.142 [JavaFX Application Thread] DEBUG GameScene            - Entity added to scene
11:18:58.142 [JavaFX Application Thread] DEBUG GameScene            - Added MainViewComponent
11:18:58.142 [JavaFX Application Thread] DEBUG GameScene            - Entity added to scene
11:18:58.142 [JavaFX Application Thread] DEBUG GameScene            - Added MainViewComponent
11:18:58.143 [JavaFX Application Thread] DEBUG GameScene            - Entity added to scene
11:18:58.143 [JavaFX Application Thread] DEBUG GameScene            - Added MainViewComponent
11:18:58.143 [JavaFX Application Thread] DEBUG GameScene            - Entity added to scene
11:18:58.143 [JavaFX Application Thread] DEBUG GameScene            - Added MainViewComponent
11:18:58.143 [JavaFX Application Thread] DEBUG GameScene            - Entity added to scene
11:18:58.143 [JavaFX Application Thread] DEBUG GameScene            - Added MainViewComponent
11:18:58.144 [JavaFX Application Thread] DEBUG GameScene            - Entity added to scene
11:18:58.144 [JavaFX Application Thread] DEBUG GameScene            - Added MainViewComponent
11:18:58.144 [JavaFX Application Thread] DEBUG GameScene            - Entity added to scene
11:18:58.144 [JavaFX Application Thread] DEBUG GameScene            - Added MainViewComponent
11:18:58.144 [JavaFX Application Thread] DEBUG GameScene            - Entity added to scene
11:18:58.144 [JavaFX Application Thread] DEBUG GameScene            - Added MainViewComponent
11:18:58.144 [JavaFX Application Thread] DEBUG GameScene            - Entity added to scene
11:18:58.144 [JavaFX Application Thread] DEBUG GameScene            - Added MainViewComponent
11:18:58.145 [JavaFX Application Thread] DEBUG GameScene            - Entity added to scene
11:18:58.145 [JavaFX Application Thread] DEBUG GameScene            - Added MainViewComponent
11:18:58.145 [JavaFX Application Thread] DEBUG GameScene            - Entity added to scene
11:18:58.145 [JavaFX Application Thread] DEBUG GameScene            - Added MainViewComponent
11:18:58.145 [JavaFX Application Thread] DEBUG GameScene            - Entity added to scene
11:18:58.145 [JavaFX Application Thread] DEBUG GameScene            - Added MainViewComponent
11:18:58.145 [JavaFX Application Thread] DEBUG GameScene            - Entity added to scene
11:18:58.146 [JavaFX Application Thread] DEBUG GameScene            - Added MainViewComponent
11:18:58.146 [JavaFX Application Thread] DEBUG GameScene            - Entity added to scene
11:18:58.146 [JavaFX Application Thread] DEBUG GameScene            - Added MainViewComponent
11:18:58.146 [JavaFX Application Thread] DEBUG GameScene            - Entity added to scene
11:18:58.146 [JavaFX Application Thread] DEBUG GameScene            - Added MainViewComponent
11:18:58.146 [JavaFX Application Thread] DEBUG GameScene            - Entity added to scene
11:18:58.146 [JavaFX Application Thread] DEBUG GameScene            - Added MainViewComponent
11:18:58.147 [JavaFX Application Thread] DEBUG GameScene            - Entity added to scene
11:18:58.147 [JavaFX Application Thread] DEBUG GameScene            - Added MainViewComponent
11:18:58.147 [JavaFX Application Thread] DEBUG GameScene            - Entity added to scene
11:18:58.147 [JavaFX Application Thread] DEBUG GameScene            - Added MainViewComponent
11:18:58.147 [JavaFX Application Thread] DEBUG GameScene            - Entity added to scene
11:18:58.147 [JavaFX Application Thread] DEBUG GameScene            - Added MainViewComponent
11:18:58.147 [JavaFX Application Thread] DEBUG GameScene            - Entity added to scene
11:18:58.147 [JavaFX Application Thread] DEBUG GameScene            - Added MainViewComponent
11:18:58.148 [JavaFX Application Thread] DEBUG GameScene            - Entity added to scene
11:18:58.148 [JavaFX Application Thread] DEBUG GameScene            - Added MainViewComponent
11:18:58.148 [JavaFX Application Thread] DEBUG GameScene            - Entity added to scene
11:18:58.148 [JavaFX Application Thread] DEBUG GameScene            - Added MainViewComponent
11:18:58.150 [JavaFX Application Thread] DEBUG GameScene            - Entity added to scene
11:18:58.150 [JavaFX Application Thread] DEBUG GameScene            - Added MainViewComponent
11:18:58.150 [JavaFX Application Thread] DEBUG GameScene            - Entity added to scene
11:18:58.150 [JavaFX Application Thread] DEBUG GameScene            - Added MainViewComponent
11:18:58.151 [JavaFX Application Thread] DEBUG GameScene            - Entity added to scene
11:18:58.151 [JavaFX Application Thread] DEBUG GameScene            - Added MainViewComponent
11:18:58.151 [JavaFX Application Thread] DEBUG GameScene            - Entity added to scene
11:18:58.151 [JavaFX Application Thread] DEBUG GameScene            - Added MainViewComponent
11:18:58.151 [JavaFX Application Thread] DEBUG GameScene            - Entity added to scene
11:18:58.151 [JavaFX Application Thread] DEBUG GameScene            - Added MainViewComponent
11:18:58.151 [JavaFX Application Thread] DEBUG GameScene            - Entity added to scene
11:18:58.151 [JavaFX Application Thread] DEBUG GameScene            - Added MainViewComponent
11:18:58.152 [JavaFX Application Thread] DEBUG GameScene            - Entity added to scene
11:18:58.152 [JavaFX Application Thread] DEBUG GameScene            - Added MainViewComponent
11:18:58.152 [JavaFX Application Thread] DEBUG GameScene            - Entity added to scene
11:18:58.152 [JavaFX Application Thread] DEBUG GameScene            - Added MainViewComponent
11:18:58.152 [JavaFX Application Thread] DEBUG GameScene            - Entity added to scene
11:18:58.152 [JavaFX Application Thread] DEBUG GameScene            - Added MainViewComponent
11:18:58.153 [JavaFX Application Thread] DEBUG GameScene            - Entity added to scene
11:18:58.153 [JavaFX Application Thread] DEBUG GameScene            - Added MainViewComponent
11:18:58.153 [JavaFX Application Thread] DEBUG GameScene            - Entity added to scene
11:18:58.153 [JavaFX Application Thread] DEBUG GameScene            - Added MainViewComponent
11:18:58.153 [JavaFX Application Thread] DEBUG GameScene            - Entity added to scene
11:18:58.153 [JavaFX Application Thread] DEBUG GameScene            - Added MainViewComponent
11:18:58.153 [JavaFX Application Thread] DEBUG GameScene            - Entity added to scene
11:18:58.153 [JavaFX Application Thread] DEBUG GameScene            - Added MainViewComponent
11:18:58.153 [JavaFX Application Thread] DEBUG GameScene            - Entity added to scene
11:18:58.153 [JavaFX Application Thread] DEBUG GameScene            - Added MainViewComponent
11:18:58.154 [JavaFX Application Thread] DEBUG GameScene            - Entity added to scene
11:18:58.154 [JavaFX Application Thread] DEBUG GameScene            - Added MainViewComponent
11:18:58.154 [JavaFX Application Thread] DEBUG GameScene            - Entity added to scene
11:18:58.154 [JavaFX Application Thread] DEBUG GameScene            - Added MainViewComponent
11:18:58.154 [JavaFX Application Thread] DEBUG GameScene            - Entity added to scene
11:18:58.154 [JavaFX Application Thread] DEBUG GameScene            - Added MainViewComponent
11:18:58.155 [JavaFX Application Thread] DEBUG GameScene            - Entity added to scene
11:18:58.155 [JavaFX Application Thread] DEBUG GameScene            - Added MainViewComponent
11:18:58.155 [JavaFX Application Thread] DEBUG GameScene            - Entity added to scene
11:18:58.155 [JavaFX Application Thread] DEBUG GameScene            - Added MainViewComponent
11:18:58.155 [JavaFX Application Thread] DEBUG GameScene            - Entity added to scene
11:18:58.155 [JavaFX Application Thread] DEBUG GameScene            - Added MainViewComponent
11:18:58.156 [JavaFX Application Thread] DEBUG GameScene            - Entity added to scene
11:18:58.156 [JavaFX Application Thread] DEBUG GameScene            - Added MainViewComponent
11:18:58.156 [JavaFX Application Thread] DEBUG GameScene            - Entity added to scene
11:18:58.156 [JavaFX Application Thread] DEBUG GameScene            - Added MainViewComponent
11:18:58.156 [JavaFX Application Thread] DEBUG GameScene            - Entity added to scene
11:18:58.156 [JavaFX Application Thread] DEBUG GameScene            - Added MainViewComponent
11:18:58.157 [JavaFX Application Thread] DEBUG GameScene            - Entity added to scene
11:18:58.157 [JavaFX Application Thread] DEBUG GameScene            - Added MainViewComponent
11:18:58.157 [JavaFX Application Thread] DEBUG GameScene            - Entity added to scene
11:18:58.157 [JavaFX Application Thread] DEBUG GameScene            - Added MainViewComponent
11:18:58.157 [JavaFX Application Thread] DEBUG GameScene            - Entity added to scene
11:18:58.157 [JavaFX Application Thread] DEBUG GameScene            - Added MainViewComponent
11:18:58.158 [JavaFX Application Thread] DEBUG GameScene            - Entity added to scene
11:18:58.158 [JavaFX Application Thread] DEBUG GameScene            - Added MainViewComponent
11:18:58.158 [JavaFX Application Thread] DEBUG GameScene            - Entity added to scene
11:18:58.158 [JavaFX Application Thread] DEBUG GameScene            - Added MainViewComponent
11:18:58.158 [JavaFX Application Thread] DEBUG GameScene            - Entity added to scene
11:18:58.158 [JavaFX Application Thread] DEBUG GameScene            - Added MainViewComponent
11:18:58.158 [JavaFX Application Thread] DEBUG GameScene            - Entity added to scene
11:18:58.158 [JavaFX Application Thread] DEBUG GameScene            - Added MainViewComponent
11:18:58.159 [JavaFX Application Thread] DEBUG GameScene            - Entity added to scene
11:18:58.159 [JavaFX Application Thread] DEBUG GameScene            - Added MainViewComponent
11:18:58.159 [JavaFX Application Thread] DEBUG GameScene            - Entity added to scene
11:18:58.159 [JavaFX Application Thread] DEBUG GameScene            - Added MainViewComponent
11:18:58.159 [JavaFX Application Thread] DEBUG GameScene            - Entity added to scene
11:18:58.159 [JavaFX Application Thread] DEBUG GameScene            - Added MainViewComponent
11:18:58.160 [JavaFX Application Thread] DEBUG GameScene            - Entity added to scene
11:18:58.160 [JavaFX Application Thread] DEBUG GameScene            - Added MainViewComponent
11:18:58.160 [JavaFX Application Thread] DEBUG GameScene            - Entity added to scene
11:18:58.160 [JavaFX Application Thread] DEBUG GameScene            - Added MainViewComponent
11:18:58.160 [JavaFX Application Thread] DEBUG GameScene            - Entity added to scene
11:18:58.160 [JavaFX Application Thread] DEBUG GameScene            - Added MainViewComponent
11:18:58.160 [JavaFX Application Thread] DEBUG GameScene            - Entity added to scene
11:18:58.160 [JavaFX Application Thread] DEBUG GameScene            - Added MainViewComponent
11:18:58.161 [JavaFX Application Thread] DEBUG GameScene            - Entity added to scene
11:18:58.161 [JavaFX Application Thread] DEBUG GameScene            - Added MainViewComponent
11:18:58.161 [JavaFX Application Thread] DEBUG GameScene            - Entity added to scene
11:18:58.161 [JavaFX Application Thread] DEBUG GameScene            - Added MainViewComponent
11:18:58.161 [JavaFX Application Thread] DEBUG GameScene            - Entity added to scene
11:18:58.161 [JavaFX Application Thread] DEBUG GameScene            - Added MainViewComponent
11:18:58.162 [JavaFX Application Thread] DEBUG GameScene            - Entity added to scene
11:18:58.162 [JavaFX Application Thread] DEBUG GameScene            - Added MainViewComponent
11:18:58.162 [JavaFX Application Thread] DEBUG GameScene            - Entity added to scene
11:18:58.162 [JavaFX Application Thread] DEBUG GameScene            - Added MainViewComponent
11:18:58.162 [JavaFX Application Thread] DEBUG GameScene            - Entity added to scene
11:18:58.162 [JavaFX Application Thread] DEBUG GameScene            - Added MainViewComponent
11:18:58.163 [JavaFX Application Thread] DEBUG GameScene            - Entity added to scene
11:18:58.163 [JavaFX Application Thread] DEBUG GameScene            - Added MainViewComponent
11:18:58.163 [JavaFX Application Thread] DEBUG GameScene            - Entity added to scene
11:18:58.163 [JavaFX Application Thread] DEBUG GameScene            - Added MainViewComponent
11:18:58.163 [JavaFX Application Thread] DEBUG GameScene            - Entity added to scene
11:18:58.163 [JavaFX Application Thread] DEBUG GameScene            - Added MainViewComponent
11:18:58.163 [JavaFX Application Thread] DEBUG GameScene            - Entity added to scene
11:18:58.163 [JavaFX Application Thread] DEBUG GameScene            - Added MainViewComponent
11:18:58.164 [JavaFX Application Thread] DEBUG GameScene            - Entity added to scene
11:18:58.164 [JavaFX Application Thread] DEBUG GameScene            - Added MainViewComponent
11:18:58.164 [JavaFX Application Thread] DEBUG GameScene            - Entity added to scene
11:18:58.164 [JavaFX Application Thread] DEBUG GameScene            - Added MainViewComponent
11:18:58.164 [JavaFX Application Thread] DEBUG GameScene            - Entity added to scene
11:18:58.164 [JavaFX Application Thread] DEBUG GameScene            - Added MainViewComponent
11:18:58.164 [JavaFX Application Thread] DEBUG GameScene            - Entity added to scene
11:18:58.165 [JavaFX Application Thread] DEBUG GameScene            - Added MainViewComponent
11:18:58.165 [JavaFX Application Thread] DEBUG GameScene            - Entity added to scene
11:18:58.165 [JavaFX Application Thread] DEBUG GameScene            - Added MainViewComponent
11:18:58.165 [JavaFX Application Thread] DEBUG GameScene            - Entity added to scene
11:18:58.165 [JavaFX Application Thread] DEBUG GameScene            - Added MainViewComponent
11:18:58.165 [JavaFX Application Thread] DEBUG GameScene            - Entity added to scene
11:18:58.165 [JavaFX Application Thread] DEBUG GameScene            - Added MainViewComponent
11:18:58.166 [JavaFX Application Thread] DEBUG GameScene            - Entity added to scene
11:18:58.166 [JavaFX Application Thread] DEBUG GameScene            - Added MainViewComponent
11:18:58.166 [JavaFX Application Thread] DEBUG GameScene            - Entity added to scene
11:18:58.166 [JavaFX Application Thread] DEBUG GameScene            - Added MainViewComponent
11:18:58.166 [JavaFX Application Thread] DEBUG GameScene            - Entity added to scene
11:18:58.166 [JavaFX Application Thread] DEBUG GameScene            - Added MainViewComponent
11:18:58.167 [JavaFX Application Thread] DEBUG GameScene            - Entity added to scene
11:18:58.167 [JavaFX Application Thread] DEBUG GameScene            - Added MainViewComponent
11:18:58.167 [JavaFX Application Thread] DEBUG GameScene            - Entity added to scene
11:18:58.167 [JavaFX Application Thread] DEBUG GameScene            - Added MainViewComponent
11:18:58.167 [JavaFX Application Thread] DEBUG GameScene            - Entity added to scene
11:18:58.167 [JavaFX Application Thread] DEBUG GameScene            - Added MainViewComponent
11:18:58.167 [JavaFX Application Thread] DEBUG GameScene            - Entity added to scene
11:18:58.209 [JavaFX Application Thread] DEBUG GameScene            - Added MainViewComponent
11:18:58.210 [JavaFX Application Thread] DEBUG GameScene            - Entity added to scene
11:18:58.210 [JavaFX Application Thread] DEBUG GameScene            - Added MainViewComponent
11:18:58.210 [JavaFX Application Thread] DEBUG GameScene            - Entity added to scene
11:18:58.210 [JavaFX Application Thread] DEBUG GameScene            - Added MainViewComponent
11:18:58.211 [JavaFX Application Thread] DEBUG GameScene            - Entity added to scene
11:18:58.211 [JavaFX Application Thread] DEBUG GameScene            - Added MainViewComponent
11:18:58.211 [JavaFX Application Thread] DEBUG GameScene            - Entity added to scene
11:18:58.211 [JavaFX Application Thread] DEBUG GameScene            - Added MainViewComponent
11:18:58.211 [JavaFX Application Thread] DEBUG GameScene            - Entity added to scene
11:18:58.211 [JavaFX Application Thread] DEBUG GameScene            - Added MainViewComponent
11:18:58.211 [JavaFX Application Thread] DEBUG GameScene            - Entity added to scene
11:18:58.211 [JavaFX Application Thread] DEBUG GameScene            - Added MainViewComponent
11:18:58.212 [JavaFX Application Thread] DEBUG GameScene            - Entity added to scene
11:18:58.212 [JavaFX Application Thread] DEBUG GameScene            - Added MainViewComponent
11:18:58.212 [JavaFX Application Thread] DEBUG GameScene            - Entity added to scene
11:18:58.212 [JavaFX Application Thread] DEBUG GameScene            - Added MainViewComponent
11:18:58.212 [JavaFX Application Thread] DEBUG GameScene            - Entity added to scene
11:18:58.212 [JavaFX Application Thread] DEBUG GameScene            - Added MainViewComponent
11:18:58.212 [JavaFX Application Thread] DEBUG GameScene            - Entity added to scene
11:18:58.212 [JavaFX Application Thread] DEBUG GameScene            - Added MainViewComponent
11:18:58.212 [JavaFX Application Thread] DEBUG GameScene            - Entity added to scene
11:18:58.212 [JavaFX Application Thread] DEBUG GameScene            - Added MainViewComponent
11:18:58.213 [JavaFX Application Thread] DEBUG GameScene            - Entity added to scene
11:18:58.213 [JavaFX Application Thread] DEBUG GameScene            - Added MainViewComponent
11:18:58.213 [JavaFX Application Thread] DEBUG GameScene            - Entity added to scene
11:18:58.213 [JavaFX Application Thread] DEBUG GameScene            - Added MainViewComponent
11:18:58.213 [JavaFX Application Thread] DEBUG GameScene            - Entity added to scene
11:18:58.213 [JavaFX Application Thread] DEBUG GameScene            - Added MainViewComponent
11:18:58.214 [JavaFX Application Thread] DEBUG GameScene            - Entity added to scene
11:18:58.214 [JavaFX Application Thread] DEBUG GameScene            - Added MainViewComponent
11:18:58.214 [JavaFX Application Thread] DEBUG GameScene            - Entity added to scene
11:18:58.214 [JavaFX Application Thread] DEBUG GameScene            - Added MainViewComponent
11:18:58.214 [JavaFX Application Thread] DEBUG GameScene            - Entity added to scene
11:18:58.214 [JavaFX Application Thread] DEBUG GameScene            - Added MainViewComponent
11:18:58.214 [JavaFX Application Thread] DEBUG GameScene            - Entity added to scene
11:18:58.214 [JavaFX Application Thread] DEBUG GameScene            - Added MainViewComponent
11:18:58.214 [JavaFX Application Thread] DEBUG GameScene            - Entity added to scene
11:18:58.214 [JavaFX Application Thread] DEBUG GameScene            - Added MainViewComponent
11:18:58.215 [JavaFX Application Thread] DEBUG GameScene            - Entity added to scene
11:18:58.215 [JavaFX Application Thread] DEBUG GameScene            - Added MainViewComponent
11:18:58.215 [JavaFX Application Thread] DEBUG GameScene            - Entity added to scene
11:18:58.215 [JavaFX Application Thread] DEBUG GameScene            - Added MainViewComponent
11:18:58.215 [JavaFX Application Thread] DEBUG GameScene            - Entity added to scene
11:18:58.215 [JavaFX Application Thread] DEBUG GameScene            - Added MainViewComponent
11:18:58.215 [JavaFX Application Thread] DEBUG GameScene            - Entity added to scene
11:18:58.216 [JavaFX Application Thread] DEBUG GameScene            - Added MainViewComponent
11:18:58.216 [JavaFX Application Thread] DEBUG GameScene            - Entity added to scene
11:18:58.216 [JavaFX Application Thread] DEBUG GameScene            - Added MainViewComponent
11:18:58.216 [JavaFX Application Thread] DEBUG GameScene            - Entity added to scene
11:18:58.216 [JavaFX Application Thread] DEBUG GameScene            - Added MainViewComponent
11:18:58.216 [JavaFX Application Thread] DEBUG GameScene            - Entity added to scene
11:18:58.216 [JavaFX Application Thread] DEBUG GameScene            - Added MainViewComponent
11:18:58.216 [JavaFX Application Thread] DEBUG GameScene            - Entity added to scene
11:18:58.217 [JavaFX Application Thread] DEBUG GameScene            - Added MainViewComponent
11:18:58.218 [JavaFX Application Thread] DEBUG GameScene            - Entity added to scene
11:18:58.218 [JavaFX Application Thread] DEBUG GameScene            - Added MainViewComponent
11:18:58.218 [JavaFX Application Thread] DEBUG GameScene            - Entity added to scene
11:18:58.218 [JavaFX Application Thread] DEBUG GameScene            - Added MainViewComponent
11:18:58.218 [JavaFX Application Thread] DEBUG GameScene            - Entity added to scene
11:18:58.218 [JavaFX Application Thread] DEBUG GameScene            - Added MainViewComponent
11:18:58.219 [JavaFX Application Thread] DEBUG GameScene            - Entity added to scene
11:18:58.219 [JavaFX Application Thread] DEBUG GameScene            - Added MainViewComponent
11:18:58.219 [JavaFX Application Thread] DEBUG GameScene            - Entity added to scene
11:18:58.219 [JavaFX Application Thread] DEBUG GameScene            - Added MainViewComponent
11:18:58.219 [JavaFX Application Thread] DEBUG GameScene            - Entity added to scene
11:18:58.219 [JavaFX Application Thread] DEBUG GameScene            - Added MainViewComponent
11:18:58.220 [JavaFX Application Thread] DEBUG GameScene            - Entity added to scene
11:18:58.220 [JavaFX Application Thread] DEBUG GameScene            - Added MainViewComponent
11:18:58.220 [JavaFX Application Thread] DEBUG GameScene            - Entity added to scene
11:18:58.220 [JavaFX Application Thread] DEBUG GameScene            - Added MainViewComponent
11:18:58.220 [JavaFX Application Thread] DEBUG GameScene            - Entity added to scene
11:18:58.220 [JavaFX Application Thread] DEBUG GameScene            - Added MainViewComponent
11:18:58.220 [JavaFX Application Thread] DEBUG GameScene            - Entity added to scene
11:18:58.220 [JavaFX Application Thread] DEBUG GameScene            - Added MainViewComponent
11:18:58.221 [JavaFX Application Thread] DEBUG GameScene            - Entity added to scene
11:18:58.221 [JavaFX Application Thread] DEBUG GameScene            - Added MainViewComponent
11:18:58.221 [JavaFX Application Thread] DEBUG GameScene            - Entity added to scene
11:18:58.221 [JavaFX Application Thread] DEBUG GameScene            - Added MainViewComponent
11:18:58.255 [JavaFX Application Thread] DEBUG GameScene            - Entity added to scene
11:18:58.255 [JavaFX Application Thread] DEBUG GameScene            - Added MainViewComponent
11:18:58.255 [JavaFX Application Thread] DEBUG GameScene            - Entity added to scene
11:18:58.257 [JavaFX Application Thread] DEBUG GameScene            - Added MainViewComponent
11:18:58.258 [JavaFX Application Thread] DEBUG GameScene            - Entity added to scene
11:18:58.258 [JavaFX Application Thread] DEBUG GameScene            - Added MainViewComponent
11:18:58.258 [JavaFX Application Thread] DEBUG GameScene            - Entity added to scene
11:18:58.259 [JavaFX Application Thread] DEBUG GameScene            - Added MainViewComponent
11:18:58.259 [JavaFX Application Thread] DEBUG GameScene            - Entity added to scene
11:18:58.259 [JavaFX Application Thread] DEBUG GameScene            - Added MainViewComponent
11:18:58.259 [JavaFX Application Thread] DEBUG GameScene            - Entity added to scene
11:18:58.259 [JavaFX Application Thread] DEBUG GameScene            - Added MainViewComponent
11:18:58.260 [JavaFX Application Thread] DEBUG GameScene            - Entity added to scene
11:18:58.260 [JavaFX Application Thread] DEBUG GameScene            - Added MainViewComponent
11:18:58.260 [JavaFX Application Thread] DEBUG GameScene            - Entity added to scene
11:18:58.260 [JavaFX Application Thread] DEBUG GameScene            - Added MainViewComponent
11:18:58.260 [JavaFX Application Thread] DEBUG GameScene            - Entity added to scene
11:18:58.260 [JavaFX Application Thread] DEBUG GameScene            - Added MainViewComponent
11:18:58.260 [JavaFX Application Thread] DEBUG GameScene            - Entity added to scene
11:18:58.260 [JavaFX Application Thread] DEBUG GameScene            - Added MainViewComponent
11:18:58.261 [JavaFX Application Thread] DEBUG GameScene            - Entity added to scene
11:18:58.261 [JavaFX Application Thread] DEBUG GameScene            - Added MainViewComponent
11:18:58.261 [JavaFX Application Thread] DEBUG GameScene            - Entity added to scene
11:18:58.261 [JavaFX Application Thread] DEBUG GameScene            - Added MainViewComponent
11:18:58.261 [JavaFX Application Thread] DEBUG GameScene            - Entity added to scene
11:18:58.261 [JavaFX Application Thread] DEBUG GameScene            - Added MainViewComponent
11:18:58.261 [JavaFX Application Thread] DEBUG GameScene            - Entity added to scene
11:18:58.262 [JavaFX Application Thread] DEBUG GameScene            - Added MainViewComponent
11:18:58.262 [JavaFX Application Thread] DEBUG GameScene            - Entity added to scene
11:18:58.262 [JavaFX Application Thread] DEBUG GameScene            - Added MainViewComponent
11:18:58.262 [JavaFX Application Thread] DEBUG GameScene            - Entity added to scene
11:18:58.262 [JavaFX Application Thread] DEBUG GameScene            - Added MainViewComponent
11:18:58.262 [JavaFX Application Thread] DEBUG GameScene            - Entity added to scene
11:18:58.262 [JavaFX Application Thread] DEBUG GameScene            - Added MainViewComponent
11:18:58.262 [JavaFX Application Thread] DEBUG GameScene            - Entity added to scene
11:18:58.263 [JavaFX Application Thread] DEBUG GameScene            - Added MainViewComponent
11:18:58.263 [JavaFX Application Thread] DEBUG GameScene            - Entity added to scene
11:18:58.263 [JavaFX Application Thread] DEBUG GameScene            - Added MainViewComponent
11:18:58.263 [JavaFX Application Thread] DEBUG GameScene            - Entity added to scene
11:18:58.263 [JavaFX Application Thread] DEBUG GameScene            - Added MainViewComponent
11:18:58.263 [JavaFX Application Thread] DEBUG GameScene            - Entity added to scene
11:18:58.263 [JavaFX Application Thread] DEBUG GameScene            - Added MainViewComponent
11:18:58.264 [JavaFX Application Thread] DEBUG GameScene            - Entity added to scene
11:18:58.264 [JavaFX Application Thread] DEBUG GameScene            - Added MainViewComponent
11:18:58.264 [JavaFX Application Thread] DEBUG GameScene            - Entity added to scene
11:18:58.264 [JavaFX Application Thread] DEBUG GameScene            - Added MainViewComponent
11:18:58.264 [JavaFX Application Thread] DEBUG GameScene            - Entity added to scene
11:18:58.264 [JavaFX Application Thread] DEBUG GameScene            - Added MainViewComponent
11:18:58.264 [JavaFX Application Thread] DEBUG GameScene            - Entity added to scene
11:18:58.264 [JavaFX Application Thread] DEBUG GameScene            - Added MainViewComponent
11:18:58.264 [JavaFX Application Thread] DEBUG GameScene            - Entity added to scene
11:18:58.264 [JavaFX Application Thread] DEBUG GameScene            - Added MainViewComponent
11:18:58.265 [JavaFX Application Thread] DEBUG GameScene            - Entity added to scene
11:18:58.265 [JavaFX Application Thread] DEBUG GameScene            - Added MainViewComponent
11:18:58.265 [JavaFX Application Thread] DEBUG GameScene            - Entity added to scene
11:18:58.265 [JavaFX Application Thread] DEBUG GameScene            - Added MainViewComponent
11:18:58.265 [JavaFX Application Thread] DEBUG GameScene            - Entity added to scene
11:18:58.265 [JavaFX Application Thread] DEBUG GameScene            - Added MainViewComponent
11:18:58.265 [JavaFX Application Thread] DEBUG GameScene            - Entity added to scene
11:18:58.265 [JavaFX Application Thread] DEBUG GameScene            - Added MainViewComponent
11:18:58.266 [JavaFX Application Thread] DEBUG GameScene            - Entity added to scene
11:18:58.266 [JavaFX Application Thread] DEBUG GameScene            - Added MainViewComponent
11:18:58.266 [JavaFX Application Thread] DEBUG GameScene            - Entity added to scene
11:18:58.266 [JavaFX Application Thread] DEBUG GameScene            - Added MainViewComponent
11:18:58.266 [JavaFX Application Thread] DEBUG GameScene            - Entity added to scene
11:18:58.266 [JavaFX Application Thread] DEBUG GameScene            - Added MainViewComponent
11:18:58.266 [JavaFX Application Thread] DEBUG GameScene            - Entity added to scene
11:18:58.266 [JavaFX Application Thread] DEBUG GameScene            - Added MainViewComponent
11:18:58.267 [JavaFX Application Thread] DEBUG GameScene            - Entity added to scene
11:18:58.267 [JavaFX Application Thread] DEBUG GameScene            - Added MainViewComponent
11:18:58.267 [JavaFX Application Thread] DEBUG GameScene            - Entity added to scene
11:18:58.267 [JavaFX Application Thread] DEBUG GameScene            - Added MainViewComponent
11:18:58.267 [JavaFX Application Thread] DEBUG GameScene            - Entity added to scene
11:18:58.267 [JavaFX Application Thread] DEBUG GameScene            - Added MainViewComponent
11:18:58.267 [JavaFX Application Thread] DEBUG GameScene            - Entity added to scene
11:18:58.267 [JavaFX Application Thread] DEBUG GameScene            - Added MainViewComponent
11:18:58.268 [JavaFX Application Thread] DEBUG GameScene            - Entity added to scene
11:18:58.268 [JavaFX Application Thread] DEBUG GameScene            - Added MainViewComponent
11:18:58.268 [JavaFX Application Thread] DEBUG GameScene            - Entity added to scene
11:18:58.268 [JavaFX Application Thread] DEBUG GameScene            - Added MainViewComponent
11:18:58.268 [JavaFX Application Thread] DEBUG GameScene            - Entity added to scene
11:18:58.268 [JavaFX Application Thread] DEBUG GameScene            - Added MainViewComponent
11:18:58.269 [JavaFX Application Thread] DEBUG GameScene            - Entity added to scene
11:18:58.269 [JavaFX Application Thread] DEBUG GameScene            - Added MainViewComponent
11:18:58.269 [JavaFX Application Thread] DEBUG GameScene            - Entity added to scene
11:18:58.269 [JavaFX Application Thread] DEBUG GameScene            - Added MainViewComponent
11:18:58.269 [JavaFX Application Thread] DEBUG GameScene            - Entity added to scene
11:18:58.269 [JavaFX Application Thread] DEBUG GameScene            - Added MainViewComponent
11:18:58.269 [JavaFX Application Thread] DEBUG GameScene            - Entity added to scene
11:18:58.269 [JavaFX Application Thread] DEBUG GameScene            - Added MainViewComponent
11:18:58.269 [JavaFX Application Thread] DEBUG GameScene            - Entity added to scene
11:18:58.269 [JavaFX Application Thread] DEBUG GameScene            - Added MainViewComponent
11:18:58.271 [JavaFX Application Thread] DEBUG GameScene            - Entity added to scene
11:18:58.271 [JavaFX Application Thread] DEBUG GameScene            - Added MainViewComponent
11:18:58.271 [JavaFX Application Thread] DEBUG GameScene            - Entity added to scene
11:18:58.271 [JavaFX Application Thread] DEBUG GameScene            - Added MainViewComponent
11:18:58.271 [JavaFX Application Thread] DEBUG GameScene            - Entity added to scene
11:18:58.272 [JavaFX Application Thread] DEBUG GameScene            - Added MainViewComponent
11:18:58.272 [JavaFX Application Thread] DEBUG GameScene            - Entity added to scene
11:18:58.272 [JavaFX Application Thread] DEBUG GameScene            - Added MainViewComponent
11:18:58.272 [JavaFX Application Thread] DEBUG GameScene            - Entity added to scene
11:18:58.272 [JavaFX Application Thread] DEBUG GameScene            - Added MainViewComponent
11:18:58.272 [JavaFX Application Thread] DEBUG GameScene            - Entity added to scene
11:18:58.272 [JavaFX Application Thread] DEBUG GameScene            - Added MainViewComponent
11:18:58.273 [JavaFX Application Thread] DEBUG GameScene            - Entity added to scene
11:18:58.273 [JavaFX Application Thread] DEBUG GameScene            - Added MainViewComponent
11:18:58.273 [JavaFX Application Thread] DEBUG GameScene            - Entity added to scene
11:18:58.273 [JavaFX Application Thread] DEBUG GameScene            - Added MainViewComponent
11:18:58.273 [JavaFX Application Thread] DEBUG GameScene            - Entity added to scene
11:18:58.273 [JavaFX Application Thread] DEBUG GameScene            - Added MainViewComponent
11:18:58.273 [JavaFX Application Thread] DEBUG GameScene            - Entity added to scene
11:18:58.273 [JavaFX Application Thread] DEBUG GameScene            - Added MainViewComponent
11:18:58.273 [JavaFX Application Thread] DEBUG GameScene            - Entity added to scene
11:18:58.273 [JavaFX Application Thread] DEBUG GameScene            - Added MainViewComponent
11:18:58.274 [JavaFX Application Thread] DEBUG GameScene            - Entity added to scene
11:18:58.274 [JavaFX Application Thread] DEBUG GameScene            - Added MainViewComponent
11:18:58.274 [JavaFX Application Thread] DEBUG GameScene            - Entity added to scene
11:18:58.274 [JavaFX Application Thread] DEBUG GameScene            - Added MainViewComponent
11:18:58.274 [JavaFX Application Thread] DEBUG GameScene            - Entity added to scene
11:18:58.274 [JavaFX Application Thread] DEBUG GameScene            - Added MainViewComponent
11:18:58.274 [JavaFX Application Thread] DEBUG GameScene            - Entity added to scene
11:18:58.274 [JavaFX Application Thread] DEBUG GameScene            - Added MainViewComponent
11:18:58.274 [JavaFX Application Thread] DEBUG GameScene            - Entity added to scene
11:18:58.274 [JavaFX Application Thread] DEBUG GameScene            - Added MainViewComponent
11:18:58.274 [JavaFX Application Thread] DEBUG GameScene            - Entity added to scene
11:18:58.275 [JavaFX Application Thread] DEBUG GameScene            - Added MainViewComponent
11:18:58.275 [JavaFX Application Thread] DEBUG GameScene            - Entity added to scene
11:18:58.275 [JavaFX Application Thread] DEBUG GameScene            - Added MainViewComponent
11:18:58.275 [JavaFX Application Thread] DEBUG GameScene            - Creating render group for layer: BACKGROUND(0)
11:18:58.279 [JavaFX Application Thread] FATAL FXGLExceptionHandler - Uncaught Exception:
11:18:58.280 [JavaFX Application Thread] FATAL FXGLExceptionHandler - 

Exception occurred: java.lang.NullPointerException : null
E: com.gamedesign.pacman.control.EnemyControl.updateTexture(EnemyControl.java:51)
E: com.gamedesign.pacman.control.EnemyControl.onUpdate(EnemyControl.java:38)
E: com.almasb.ents.Entity.update(Entity.java:545)
E: com.almasb.ents.EntityWorld.update(EntityWorld.java:263)
E: com.almasb.fxgl.gameplay.GameWorld.onUpdateEvent(GameWorld.java:88)
E: com.almasb.fxgl.time.FXGLMasterTimer.handle(FXGLMasterTimer.kt:143)
E: javafx.animation.AnimationTimer$AnimationTimerReceiver.lambda$handle$485(AnimationTimer.java:57)
E: java.security.AccessController.doPrivileged(Native Method)
E: javafx.animation.AnimationTimer$AnimationTimerReceiver.handle(AnimationTimer.java:56)
E: com.sun.scenario.animation.AbstractMasterTimer.timePulseImpl(AbstractMasterTimer.java:357)
E: com.sun.scenario.animation.AbstractMasterTimer$MainLoop.run(AbstractMasterTimer.java:267)
E: com.sun.javafx.tk.quantum.QuantumToolkit.pulse(QuantumToolkit.java:506)
E: com.sun.javafx.tk.quantum.QuantumToolkit.pulse(QuantumToolkit.java:490)
E: com.sun.javafx.tk.quantum.QuantumToolkit.lambda$runToolkit$405(QuantumToolkit.java:319)
E: com.sun.glass.ui.InvokeLaterDispatcher$Future.run(InvokeLaterDispatcher.java:95)
E: com.sun.glass.ui.win.WinApplication._runLoop(Native Method)
E: com.sun.glass.ui.win.WinApplication.lambda$null$149(WinApplication.java:191)
E: java.lang.Thread.run(Thread.java:745)

11:18:58.280 [JavaFX Application Thread] FATAL FXGLExceptionHandler - Application will now exit
11:18:58.281 [JavaFX Application Thread] DEBUG FXGLInput            - Clearing active input actions
11:18:58.281 [JavaFX Application Thread] DEBUG FXGLMasterTimer      - Stopping master timer
11:18:58.281 [JavaFX Application Thread] DEBUG GameApplication      - State: PLAYING -> PAUSED
11:18:58.281 [JavaFX Application Thread] DEBUG FXGLEventBus         - Firing event: FXGLEvent[type=PAUSE]
11:19:00.138 [JavaFX Application Thread] DEBUG FXGLEventBus         - Firing event: FXGLEvent[type=EXIT]
11:19:00.139 [JavaFX Application Thread] DEBUG FXGL                 - Saving FXGL system data
11:19:00.141 [JavaFX Application Thread] DEBUG IOTask               - Executing task: writeDataTask(system/fxgl.bundle)
11:19:00.154 [JavaFX Application Thread] DEBUG FS                   - Writing to: system\fxgl.bundle
11:19:00.158 [JavaFX Application Thread] DEBUG IOTask               - Task succeeded: writeDataTask(system/fxgl.bundle)
