11:11:30.636 [FXGL Launcher Thread     ] DEBUG FXGLLoggerFactory    - Service [LoggerFactory] initialized
11:11:30.643 [FXGL Launcher Thread     ] DEBUG FXGL                 - FXGL configuration complete
11:11:30.643 [FXGL Launcher Thread     ] DEBUG FXGL                 - Loading FXGL system data
11:11:30.649 [FXGL Launcher Thread     ] DEBUG IOTask               - Executing task: readDataTask(system/fxgl.bundle)
11:11:30.651 [FXGL Launcher Thread     ] DEBUG FS                   - Reading from: system\fxgl.bundle
11:11:30.659 [FXGL Launcher Thread     ] DEBUG IOTask               - Task succeeded: readDataTask(system/fxgl.bundle)
11:11:30.660 [FXGL Launcher Thread     ] DEBUG Bundle               - Logging bundle: FXGL
11:11:30.661 [FXGL Launcher Thread     ] DEBUG Bundle               - FXGL.offline.timer.version.check=2017-01-18T11:24:23.393
11:11:30.669 [JavaFX Application Thread] DEBUG UpdaterTask          - Checking for updates
11:11:30.767 [JavaFX Application Thread] DEBUG FXGLEventBus         - Service [EventBus] initialized
11:11:30.770 [JavaFX Application Thread] DEBUG FXGLExecutor         - Service [Executor] initialized
11:11:30.773 [JavaFX Application Thread] DEBUG IOTask               - Showing dialog
11:11:30.776 [FXGL Background Thread 1 ] DEBUG IOTask               - Executing task: openStream(https://raw.githubusercontent.com/AlmasB/FXGL/master/pom.xml)
11:11:30.776 [FXGL Background Thread 1 ] DEBUG IOTask               - Executing task: openStream(https://raw.githubusercontent.com/AlmasB/FXGL/master/pom.xml)
11:11:36.966 [JavaFX Application Thread] DEBUG IOTask               - fail(): Dismissing dialog
11:11:36.966 [JavaFX Application Thread] WARN  IOTask               - Task failed: openStream(https://raw.githubusercontent.com/AlmasB/FXGL/master/pom.xml) Error: javax.net.ssl.SSLHandshakeException: sun.security.validator.ValidatorException: PKIX path building failed: sun.security.provider.certpath.SunCertPathBuilderException: unable to find valid certification path to requested target
11:11:36.967 [JavaFX Application Thread] WARN  UpdaterTask          - Failed to find updates: javax.net.ssl.SSLHandshakeException: sun.security.validator.ValidatorException: PKIX path building failed: sun.security.provider.certpath.SunCertPathBuilderException: unable to find valid certification path to requested target
11:13:17.084 [FXGL Launcher Thread     ] DEBUG GameApplication      - Configuring GameApplication
11:13:17.094 [FXGL Launcher Thread     ] DEBUG FXGLExceptionHandler - Service [ExceptionHandler] initialized
11:13:17.094 [FXGL Launcher Thread     ] DEBUG PreInitTask          - Injecting gameWorld & physicsWorld
11:13:17.104 [FXGL Launcher Thread     ] DEBUG GameWorld            - Game world initialized
11:13:17.186 [FXGL Launcher Thread     ] DEBUG FXGLPooler           - Service [Pooler] initialized with default size = 128
11:13:17.186 [FXGL Launcher Thread     ] DEBUG PhysicsWorld         - Physics world initialized: appHeight=840.0, physics.ppm=50.0
11:13:17.189 [FXGL Launcher Thread     ] DEBUG FXGLInput            - Service [Input] initialized
11:13:17.213 [FXGL Launcher Thread     ] DEBUG FXGLInput            - Registered new binding: Screenshot - P
11:13:17.213 [FXGL Launcher Thread     ] DEBUG FXGLInput            - Registered new binding: Dev Options - CTRL+0
11:13:17.214 [FXGL Launcher Thread     ] DEBUG FXGLInput            - Registered new binding: Up - W
11:13:17.214 [FXGL Launcher Thread     ] DEBUG FXGLInput            - Registered new binding: Left - A
11:13:17.214 [FXGL Launcher Thread     ] DEBUG FXGLInput            - Registered new binding: Down - S
11:13:17.214 [FXGL Launcher Thread     ] DEBUG FXGLInput            - Registered new binding: Right - D
11:13:17.237 [FXGL Launcher Thread     ] DEBUG GameScene            - Game scene initialized: 1040.0x840.0
11:13:17.240 [FXGL Launcher Thread     ] DEBUG FXGLAssetLoader      - Service [AssetLoader] initialized: cacheSize=35
11:13:17.244 [FXGL Launcher Thread     ] DEBUG FXGLAssetLoader      - Loading from disk: /assets/sounds/system/notification.wav
11:13:17.269 [FXGL Launcher Thread     ] DEBUG FXGLAssetLoader      - Loading from disk: /assets/sounds/menu/select.wav
11:13:17.271 [FXGL Launcher Thread     ] DEBUG FXGLAssetLoader      - Loading from disk: /assets/sounds/menu/back.wav
11:13:17.272 [FXGL Launcher Thread     ] DEBUG FXGLAssetLoader      - Loading from disk: /assets/sounds/menu/press.wav
11:13:17.275 [FXGL Launcher Thread     ] DEBUG FXGLAssetLoader      - Loading from disk: /assets/ui/fonts/Copperplate_Gothic_Light_Regular.ttf
11:13:17.281 [FXGL Launcher Thread     ] DEBUG FXGLAssetLoader      - Loading from disk: /assets/ui/css/fxgl.css
11:13:17.281 [FXGL Launcher Thread     ] DEBUG FXGLAssetLoader      - Loading from disk: /assets/ui/icons/fxgl_icon.png
11:13:17.309 [FXGL Launcher Thread     ] DEBUG FXGLAssetLoader      - Loading from disk: /assets/ui/css/fxgl_dark.css
11:13:17.319 [FXGL Launcher Thread     ] DEBUG FXGLDisplay          - Target size: DoubleProperty [value: 1040.0] x DoubleProperty [value: 840.0] @ 1.0
11:13:17.319 [FXGL Launcher Thread     ] DEBUG FXGLDisplay          - New size:    1040.0 x 840.0 @ DoubleProperty [value: 1.0]
11:13:17.319 [FXGL Launcher Thread     ] DEBUG FXGLDisplay          - Service [Display] initialized
11:13:17.320 [FXGL Launcher Thread     ] DEBUG FXGLDisplay          - Using CSS: CSS(externalForm=jar:file:/C:/Computer%20Science/Game%20Design/3rd/Pacman/lib/fxgl-0.2.9-uber.jar!/assets/ui/css/fxgl_dark.css)
11:13:17.320 [FXGL Launcher Thread     ] DEBUG InitScenesTask       - Injecting loadingScene & gameScene
11:13:17.338 [FXGL Launcher Thread     ] DEBUG FXGLMasterTimer      - Service [MasterTimer] initialized
11:13:17.341 [FXGL Launcher Thread     ] DEBUG FXGLAudioPlayer      - Service [AudioPlayer] initialized
11:13:17.349 [FXGL Launcher Thread     ] DEBUG GameApplication      - Starting new game
11:13:17.351 [FXGL Launcher Thread     ] DEBUG GameApplication      - Initializing App
11:13:17.352 [FXGL Launcher Thread     ] DEBUG FXGLInput            - Clearing active input actions
11:13:17.352 [FXGL Launcher Thread     ] DEBUG FXGLMasterTimer      - Stopping master timer
11:13:17.353 [FXGL Launcher Thread     ] DEBUG GameApplication      - State: STARTUP -> PAUSED
11:13:17.353 [FXGL Launcher Thread     ] DEBUG FXGLEventBus         - Firing event: FXGLEvent[type=PAUSE]
11:13:17.354 [FXGL Launcher Thread     ] DEBUG FXGLInput            - Clearing active input actions
11:13:17.354 [FXGL Launcher Thread     ] DEBUG FXGLMasterTimer      - Resetting ticks and clearing all actions
11:13:17.354 [FXGL Launcher Thread     ] DEBUG GameWorld            - Resetting game world
11:13:17.354 [FXGL Launcher Thread     ] TRACE EntityWorld          - Resetting entity world
11:13:17.356 [FXGL Launcher Thread     ] DEBUG PhysicsWorld         - Resetting physics world
11:13:17.356 [FXGL Launcher Thread     ] DEBUG GameScene            - Resetting game scene
11:13:17.356 [FXGL Launcher Thread     ] DEBUG FXGLEventBus         - Firing event: FXGLEvent[type=RESET]
11:13:17.429 [FXGL Launcher Thread     ] DEBUG GameApplication      - State: PAUSED -> LOADING
11:13:17.468 [FXGL Background Thread 2 ] DEBUG InitAppTask          - Initializing Assets
11:13:17.470 [FXGL Background Thread 2 ] DEBUG InitAppTask          - Initializing Game
11:13:17.479 [FXGL Background Thread 2 ] DEBUG FXGLAssetLoader      - Loading from disk: /assets/text/level.txt
11:13:17.519 [JavaFX Application Thread] DEBUG FXGLDisplay          - Showing stage
11:13:17.519 [JavaFX Application Thread] DEBUG FXGLDisplay          - Root size: 1040.0x840.0
11:13:17.519 [JavaFX Application Thread] DEBUG FXGLDisplay          - Scene size: 1040.0x840.0
11:13:17.519 [JavaFX Application Thread] DEBUG FXGLDisplay          - Stage size: 1058.0x885.0
11:13:17.847 [FXGL Background Thread 2 ] DEBUG GameWorld            - Resetting game world
11:13:17.847 [FXGL Background Thread 2 ] TRACE EntityWorld          - Resetting entity world
11:13:17.847 [FXGL Background Thread 2 ] DEBUG PhysicsWorld         - Resetting physics world
11:13:17.847 [FXGL Background Thread 2 ] DEBUG GameScene            - Resetting game scene
11:13:17.847 [FXGL Background Thread 2 ] DEBUG GameWorld            - Setting level: com.almasb.fxgl.gameplay.Level@7e5bbc44
11:13:17.848 [FXGL Background Thread 2 ] DEBUG InitAppTask          - Initializing Physics
11:13:17.848 [FXGL Background Thread 2 ] DEBUG InitAppTask          - Initializing UI
11:13:17.848 [FXGL Background Thread 2 ] DEBUG InitAppTask          - Initialization Complete
11:13:17.850 [JavaFX Application Thread] DEBUG FXGLInput            - Clearing active input actions
11:13:17.850 [JavaFX Application Thread] DEBUG FXGLMasterTimer      - Starting master timer
11:13:17.850 [JavaFX Application Thread] DEBUG GameApplication      - State: LOADING -> PLAYING
11:13:17.855 [JavaFX Application Thread] DEBUG FXGLEventBus         - Firing event: FXGLEvent[type=RESUME]
11:13:17.861 [JavaFX Application Thread] DEBUG GameScene            - Entity added to scene
11:13:17.862 [JavaFX Application Thread] DEBUG GameScene            - Added MainViewComponent
11:13:17.864 [JavaFX Application Thread] DEBUG GameScene            - Creating render group for layer: BACKGROUND(1000)
11:13:17.867 [JavaFX Application Thread] DEBUG GameScene            - Entity added to scene
11:13:17.867 [JavaFX Application Thread] DEBUG GameScene            - Added MainViewComponent
11:13:17.867 [JavaFX Application Thread] DEBUG GameScene            - Entity added to scene
11:13:17.867 [JavaFX Application Thread] DEBUG GameScene            - Added MainViewComponent
11:13:17.868 [JavaFX Application Thread] DEBUG GameScene            - Entity added to scene
11:13:17.868 [JavaFX Application Thread] DEBUG GameScene            - Added MainViewComponent
11:13:17.868 [JavaFX Application Thread] DEBUG GameScene            - Entity added to scene
11:13:17.868 [JavaFX Application Thread] DEBUG GameScene            - Added MainViewComponent
11:13:17.868 [JavaFX Application Thread] DEBUG GameScene            - Entity added to scene
11:13:17.868 [JavaFX Application Thread] DEBUG GameScene            - Added MainViewComponent
11:13:17.869 [JavaFX Application Thread] DEBUG GameScene            - Entity added to scene
11:13:17.869 [JavaFX Application Thread] DEBUG GameScene            - Added MainViewComponent
11:13:17.869 [JavaFX Application Thread] DEBUG GameScene            - Entity added to scene
11:13:17.869 [JavaFX Application Thread] DEBUG GameScene            - Added MainViewComponent
11:13:17.870 [JavaFX Application Thread] DEBUG GameScene            - Entity added to scene
11:13:17.870 [JavaFX Application Thread] DEBUG GameScene            - Added MainViewComponent
11:13:17.870 [JavaFX Application Thread] DEBUG GameScene            - Entity added to scene
11:13:17.870 [JavaFX Application Thread] DEBUG GameScene            - Added MainViewComponent
11:13:17.871 [JavaFX Application Thread] DEBUG GameScene            - Entity added to scene
11:13:17.871 [JavaFX Application Thread] DEBUG GameScene            - Added MainViewComponent
11:13:17.871 [JavaFX Application Thread] DEBUG GameScene            - Entity added to scene
11:13:17.871 [JavaFX Application Thread] DEBUG GameScene            - Added MainViewComponent
11:13:17.871 [JavaFX Application Thread] DEBUG GameScene            - Entity added to scene
11:13:17.871 [JavaFX Application Thread] DEBUG GameScene            - Added MainViewComponent
11:13:17.872 [JavaFX Application Thread] DEBUG GameScene            - Entity added to scene
11:13:17.872 [JavaFX Application Thread] DEBUG GameScene            - Added MainViewComponent
11:13:17.872 [JavaFX Application Thread] DEBUG GameScene            - Entity added to scene
11:13:17.872 [JavaFX Application Thread] DEBUG GameScene            - Added MainViewComponent
11:13:17.872 [JavaFX Application Thread] DEBUG GameScene            - Entity added to scene
11:13:17.872 [JavaFX Application Thread] DEBUG GameScene            - Added MainViewComponent
11:13:17.873 [JavaFX Application Thread] DEBUG GameScene            - Entity added to scene
11:13:17.873 [JavaFX Application Thread] DEBUG GameScene            - Added MainViewComponent
11:13:17.874 [JavaFX Application Thread] DEBUG GameScene            - Entity added to scene
11:13:17.874 [JavaFX Application Thread] DEBUG GameScene            - Added MainViewComponent
11:13:17.874 [JavaFX Application Thread] DEBUG GameScene            - Entity added to scene
11:13:17.874 [JavaFX Application Thread] DEBUG GameScene            - Added MainViewComponent
11:13:17.874 [JavaFX Application Thread] DEBUG GameScene            - Entity added to scene
11:13:17.874 [JavaFX Application Thread] DEBUG GameScene            - Added MainViewComponent
11:13:17.875 [JavaFX Application Thread] DEBUG GameScene            - Entity added to scene
11:13:17.875 [JavaFX Application Thread] DEBUG GameScene            - Added MainViewComponent
11:13:17.875 [JavaFX Application Thread] DEBUG GameScene            - Entity added to scene
11:13:17.875 [JavaFX Application Thread] DEBUG GameScene            - Added MainViewComponent
11:13:17.875 [JavaFX Application Thread] DEBUG GameScene            - Entity added to scene
11:13:17.875 [JavaFX Application Thread] DEBUG GameScene            - Added MainViewComponent
11:13:17.875 [JavaFX Application Thread] DEBUG GameScene            - Entity added to scene
11:13:17.875 [JavaFX Application Thread] DEBUG GameScene            - Added MainViewComponent
11:13:17.876 [JavaFX Application Thread] DEBUG GameScene            - Entity added to scene
11:13:17.876 [JavaFX Application Thread] DEBUG GameScene            - Added MainViewComponent
11:13:17.876 [JavaFX Application Thread] DEBUG GameScene            - Entity added to scene
11:13:17.876 [JavaFX Application Thread] DEBUG GameScene            - Added MainViewComponent
11:13:17.876 [JavaFX Application Thread] DEBUG GameScene            - Entity added to scene
11:13:17.876 [JavaFX Application Thread] DEBUG GameScene            - Added MainViewComponent
11:13:17.876 [JavaFX Application Thread] DEBUG GameScene            - Entity added to scene
11:13:17.876 [JavaFX Application Thread] DEBUG GameScene            - Added MainViewComponent
11:13:17.877 [JavaFX Application Thread] DEBUG GameScene            - Entity added to scene
11:13:17.877 [JavaFX Application Thread] DEBUG GameScene            - Added MainViewComponent
11:13:17.877 [JavaFX Application Thread] DEBUG GameScene            - Entity added to scene
11:13:17.877 [JavaFX Application Thread] DEBUG GameScene            - Added MainViewComponent
11:13:17.878 [JavaFX Application Thread] DEBUG GameScene            - Entity added to scene
11:13:17.878 [JavaFX Application Thread] DEBUG GameScene            - Added MainViewComponent
11:13:17.878 [JavaFX Application Thread] DEBUG GameScene            - Entity added to scene
11:13:17.878 [JavaFX Application Thread] DEBUG GameScene            - Added MainViewComponent
11:13:17.878 [JavaFX Application Thread] DEBUG GameScene            - Entity added to scene
11:13:17.878 [JavaFX Application Thread] DEBUG GameScene            - Added MainViewComponent
11:13:17.878 [JavaFX Application Thread] DEBUG GameScene            - Entity added to scene
11:13:17.878 [JavaFX Application Thread] DEBUG GameScene            - Added MainViewComponent
11:13:17.879 [JavaFX Application Thread] DEBUG GameScene            - Entity added to scene
11:13:17.879 [JavaFX Application Thread] DEBUG GameScene            - Added MainViewComponent
11:13:17.879 [JavaFX Application Thread] DEBUG GameScene            - Entity added to scene
11:13:17.879 [JavaFX Application Thread] DEBUG GameScene            - Added MainViewComponent
11:13:17.879 [JavaFX Application Thread] DEBUG GameScene            - Entity added to scene
11:13:17.879 [JavaFX Application Thread] DEBUG GameScene            - Added MainViewComponent
11:13:17.879 [JavaFX Application Thread] DEBUG GameScene            - Entity added to scene
11:13:17.879 [JavaFX Application Thread] DEBUG GameScene            - Added MainViewComponent
11:13:17.879 [JavaFX Application Thread] DEBUG GameScene            - Entity added to scene
11:13:17.879 [JavaFX Application Thread] DEBUG GameScene            - Added MainViewComponent
11:13:17.880 [JavaFX Application Thread] DEBUG GameScene            - Entity added to scene
11:13:17.880 [JavaFX Application Thread] DEBUG GameScene            - Added MainViewComponent
11:13:17.880 [JavaFX Application Thread] DEBUG GameScene            - Entity added to scene
11:13:17.880 [JavaFX Application Thread] DEBUG GameScene            - Added MainViewComponent
11:13:17.880 [JavaFX Application Thread] DEBUG GameScene            - Entity added to scene
11:13:17.880 [JavaFX Application Thread] DEBUG GameScene            - Added MainViewComponent
11:13:17.880 [JavaFX Application Thread] DEBUG GameScene            - Entity added to scene
11:13:17.880 [JavaFX Application Thread] DEBUG GameScene            - Added MainViewComponent
11:13:17.880 [JavaFX Application Thread] DEBUG GameScene            - Entity added to scene
11:13:17.880 [JavaFX Application Thread] DEBUG GameScene            - Added MainViewComponent
11:13:17.881 [JavaFX Application Thread] DEBUG GameScene            - Entity added to scene
11:13:17.881 [JavaFX Application Thread] DEBUG GameScene            - Added MainViewComponent
11:13:17.881 [JavaFX Application Thread] DEBUG GameScene            - Entity added to scene
11:13:17.881 [JavaFX Application Thread] DEBUG GameScene            - Added MainViewComponent
11:13:17.881 [JavaFX Application Thread] DEBUG GameScene            - Entity added to scene
11:13:17.881 [JavaFX Application Thread] DEBUG GameScene            - Added MainViewComponent
11:13:17.881 [JavaFX Application Thread] DEBUG GameScene            - Entity added to scene
11:13:17.881 [JavaFX Application Thread] DEBUG GameScene            - Added MainViewComponent
11:13:17.881 [JavaFX Application Thread] DEBUG GameScene            - Entity added to scene
11:13:17.881 [JavaFX Application Thread] DEBUG GameScene            - Added MainViewComponent
11:13:17.882 [JavaFX Application Thread] DEBUG GameScene            - Entity added to scene
11:13:17.882 [JavaFX Application Thread] DEBUG GameScene            - Added MainViewComponent
11:13:17.882 [JavaFX Application Thread] DEBUG GameScene            - Entity added to scene
11:13:17.882 [JavaFX Application Thread] DEBUG GameScene            - Added MainViewComponent
11:13:17.882 [JavaFX Application Thread] DEBUG GameScene            - Entity added to scene
11:13:17.882 [JavaFX Application Thread] DEBUG GameScene            - Added MainViewComponent
11:13:17.882 [JavaFX Application Thread] DEBUG GameScene            - Entity added to scene
11:13:17.882 [JavaFX Application Thread] DEBUG GameScene            - Added MainViewComponent
11:13:17.882 [JavaFX Application Thread] DEBUG GameScene            - Entity added to scene
11:13:17.882 [JavaFX Application Thread] DEBUG GameScene            - Added MainViewComponent
11:13:17.882 [JavaFX Application Thread] DEBUG GameScene            - Entity added to scene
11:13:17.883 [JavaFX Application Thread] DEBUG GameScene            - Added MainViewComponent
11:13:17.883 [JavaFX Application Thread] DEBUG GameScene            - Entity added to scene
11:13:17.883 [JavaFX Application Thread] DEBUG GameScene            - Added MainViewComponent
11:13:17.883 [JavaFX Application Thread] DEBUG GameScene            - Entity added to scene
11:13:17.883 [JavaFX Application Thread] DEBUG GameScene            - Added MainViewComponent
11:13:17.883 [JavaFX Application Thread] DEBUG GameScene            - Entity added to scene
11:13:17.883 [JavaFX Application Thread] DEBUG GameScene            - Added MainViewComponent
11:13:17.883 [JavaFX Application Thread] DEBUG GameScene            - Entity added to scene
11:13:17.883 [JavaFX Application Thread] DEBUG GameScene            - Added MainViewComponent
11:13:17.884 [JavaFX Application Thread] DEBUG GameScene            - Entity added to scene
11:13:17.884 [JavaFX Application Thread] DEBUG GameScene            - Added MainViewComponent
11:13:17.884 [JavaFX Application Thread] DEBUG GameScene            - Entity added to scene
11:13:17.884 [JavaFX Application Thread] DEBUG GameScene            - Added MainViewComponent
11:13:17.884 [JavaFX Application Thread] DEBUG GameScene            - Entity added to scene
11:13:17.884 [JavaFX Application Thread] DEBUG GameScene            - Added MainViewComponent
11:13:17.885 [JavaFX Application Thread] DEBUG GameScene            - Entity added to scene
11:13:17.885 [JavaFX Application Thread] DEBUG GameScene            - Added MainViewComponent
11:13:17.885 [JavaFX Application Thread] DEBUG GameScene            - Entity added to scene
11:13:17.885 [JavaFX Application Thread] DEBUG GameScene            - Added MainViewComponent
11:13:17.885 [JavaFX Application Thread] DEBUG GameScene            - Entity added to scene
11:13:17.885 [JavaFX Application Thread] DEBUG GameScene            - Added MainViewComponent
11:13:17.885 [JavaFX Application Thread] DEBUG GameScene            - Entity added to scene
11:13:17.885 [JavaFX Application Thread] DEBUG GameScene            - Added MainViewComponent
11:13:17.885 [JavaFX Application Thread] DEBUG GameScene            - Entity added to scene
11:13:17.885 [JavaFX Application Thread] DEBUG GameScene            - Added MainViewComponent
11:13:17.885 [JavaFX Application Thread] DEBUG GameScene            - Entity added to scene
11:13:17.886 [JavaFX Application Thread] DEBUG GameScene            - Added MainViewComponent
11:13:17.886 [JavaFX Application Thread] DEBUG GameScene            - Entity added to scene
11:13:17.886 [JavaFX Application Thread] DEBUG GameScene            - Added MainViewComponent
11:13:17.886 [JavaFX Application Thread] DEBUG GameScene            - Entity added to scene
11:13:17.886 [JavaFX Application Thread] DEBUG GameScene            - Added MainViewComponent
11:13:17.886 [JavaFX Application Thread] DEBUG GameScene            - Entity added to scene
11:13:17.886 [JavaFX Application Thread] DEBUG GameScene            - Added MainViewComponent
11:13:17.886 [JavaFX Application Thread] DEBUG GameScene            - Entity added to scene
11:13:17.886 [JavaFX Application Thread] DEBUG GameScene            - Added MainViewComponent
11:13:17.887 [JavaFX Application Thread] DEBUG GameScene            - Entity added to scene
11:13:17.887 [JavaFX Application Thread] DEBUG GameScene            - Added MainViewComponent
11:13:17.887 [JavaFX Application Thread] DEBUG GameScene            - Entity added to scene
11:13:17.887 [JavaFX Application Thread] DEBUG GameScene            - Added MainViewComponent
11:13:17.887 [JavaFX Application Thread] DEBUG GameScene            - Entity added to scene
11:13:17.887 [JavaFX Application Thread] DEBUG GameScene            - Added MainViewComponent
11:13:17.887 [JavaFX Application Thread] DEBUG GameScene            - Entity added to scene
11:13:17.887 [JavaFX Application Thread] DEBUG GameScene            - Added MainViewComponent
11:13:17.887 [JavaFX Application Thread] DEBUG GameScene            - Entity added to scene
11:13:17.887 [JavaFX Application Thread] DEBUG GameScene            - Added MainViewComponent
11:13:17.888 [JavaFX Application Thread] DEBUG GameScene            - Entity added to scene
11:13:17.888 [JavaFX Application Thread] DEBUG GameScene            - Added MainViewComponent
11:13:17.888 [JavaFX Application Thread] DEBUG GameScene            - Entity added to scene
11:13:17.889 [JavaFX Application Thread] DEBUG GameScene            - Added MainViewComponent
11:13:17.889 [JavaFX Application Thread] DEBUG GameScene            - Entity added to scene
11:13:17.889 [JavaFX Application Thread] DEBUG GameScene            - Added MainViewComponent
11:13:17.889 [JavaFX Application Thread] DEBUG GameScene            - Entity added to scene
11:13:17.889 [JavaFX Application Thread] DEBUG GameScene            - Added MainViewComponent
11:13:17.890 [JavaFX Application Thread] DEBUG GameScene            - Entity added to scene
11:13:17.890 [JavaFX Application Thread] DEBUG GameScene            - Added MainViewComponent
11:13:17.891 [JavaFX Application Thread] DEBUG GameScene            - Entity added to scene
11:13:17.891 [JavaFX Application Thread] DEBUG GameScene            - Added MainViewComponent
11:13:17.892 [JavaFX Application Thread] DEBUG GameScene            - Entity added to scene
11:13:17.892 [JavaFX Application Thread] DEBUG GameScene            - Added MainViewComponent
11:13:17.892 [JavaFX Application Thread] DEBUG GameScene            - Entity added to scene
11:13:17.892 [JavaFX Application Thread] DEBUG GameScene            - Added MainViewComponent
11:13:17.893 [JavaFX Application Thread] DEBUG GameScene            - Entity added to scene
11:13:17.893 [JavaFX Application Thread] DEBUG GameScene            - Added MainViewComponent
11:13:17.893 [JavaFX Application Thread] DEBUG GameScene            - Entity added to scene
11:13:17.893 [JavaFX Application Thread] DEBUG GameScene            - Added MainViewComponent
11:13:17.893 [JavaFX Application Thread] DEBUG GameScene            - Entity added to scene
11:13:17.893 [JavaFX Application Thread] DEBUG GameScene            - Added MainViewComponent
11:13:17.893 [JavaFX Application Thread] DEBUG GameScene            - Entity added to scene
11:13:17.893 [JavaFX Application Thread] DEBUG GameScene            - Added MainViewComponent
11:13:17.894 [JavaFX Application Thread] DEBUG GameScene            - Entity added to scene
11:13:17.894 [JavaFX Application Thread] DEBUG GameScene            - Added MainViewComponent
11:13:17.894 [JavaFX Application Thread] DEBUG GameScene            - Entity added to scene
11:13:17.894 [JavaFX Application Thread] DEBUG GameScene            - Added MainViewComponent
11:13:17.895 [JavaFX Application Thread] DEBUG GameScene            - Entity added to scene
11:13:17.895 [JavaFX Application Thread] DEBUG GameScene            - Added MainViewComponent
11:13:17.895 [JavaFX Application Thread] DEBUG GameScene            - Entity added to scene
11:13:17.895 [JavaFX Application Thread] DEBUG GameScene            - Added MainViewComponent
11:13:17.895 [JavaFX Application Thread] DEBUG GameScene            - Entity added to scene
11:13:17.895 [JavaFX Application Thread] DEBUG GameScene            - Added MainViewComponent
11:13:17.896 [JavaFX Application Thread] DEBUG GameScene            - Entity added to scene
11:13:17.896 [JavaFX Application Thread] DEBUG GameScene            - Added MainViewComponent
11:13:17.896 [JavaFX Application Thread] DEBUG GameScene            - Entity added to scene
11:13:17.896 [JavaFX Application Thread] DEBUG GameScene            - Added MainViewComponent
11:13:17.897 [JavaFX Application Thread] DEBUG GameScene            - Entity added to scene
11:13:17.897 [JavaFX Application Thread] DEBUG GameScene            - Added MainViewComponent
11:13:17.897 [JavaFX Application Thread] DEBUG GameScene            - Entity added to scene
11:13:17.897 [JavaFX Application Thread] DEBUG GameScene            - Added MainViewComponent
11:13:17.897 [JavaFX Application Thread] DEBUG GameScene            - Entity added to scene
11:13:17.897 [JavaFX Application Thread] DEBUG GameScene            - Added MainViewComponent
11:13:17.898 [JavaFX Application Thread] DEBUG GameScene            - Entity added to scene
11:13:17.898 [JavaFX Application Thread] DEBUG GameScene            - Added MainViewComponent
11:13:17.898 [JavaFX Application Thread] DEBUG GameScene            - Entity added to scene
11:13:17.898 [JavaFX Application Thread] DEBUG GameScene            - Added MainViewComponent
11:13:17.899 [JavaFX Application Thread] DEBUG GameScene            - Entity added to scene
11:13:17.899 [JavaFX Application Thread] DEBUG GameScene            - Added MainViewComponent
11:13:17.899 [JavaFX Application Thread] DEBUG GameScene            - Entity added to scene
11:13:17.899 [JavaFX Application Thread] DEBUG GameScene            - Added MainViewComponent
11:13:17.899 [JavaFX Application Thread] DEBUG GameScene            - Entity added to scene
11:13:17.899 [JavaFX Application Thread] DEBUG GameScene            - Added MainViewComponent
11:13:17.899 [JavaFX Application Thread] DEBUG GameScene            - Entity added to scene
11:13:17.899 [JavaFX Application Thread] DEBUG GameScene            - Added MainViewComponent
11:13:17.899 [JavaFX Application Thread] DEBUG GameScene            - Entity added to scene
11:13:17.900 [JavaFX Application Thread] DEBUG GameScene            - Added MainViewComponent
11:13:17.900 [JavaFX Application Thread] DEBUG GameScene            - Entity added to scene
11:13:17.900 [JavaFX Application Thread] DEBUG GameScene            - Added MainViewComponent
11:13:17.900 [JavaFX Application Thread] DEBUG GameScene            - Entity added to scene
11:13:17.900 [JavaFX Application Thread] DEBUG GameScene            - Added MainViewComponent
11:13:17.900 [JavaFX Application Thread] DEBUG GameScene            - Entity added to scene
11:13:17.900 [JavaFX Application Thread] DEBUG GameScene            - Added MainViewComponent
11:13:17.900 [JavaFX Application Thread] DEBUG GameScene            - Entity added to scene
11:13:17.900 [JavaFX Application Thread] DEBUG GameScene            - Added MainViewComponent
11:13:17.900 [JavaFX Application Thread] DEBUG GameScene            - Entity added to scene
11:13:17.900 [JavaFX Application Thread] DEBUG GameScene            - Added MainViewComponent
11:13:17.900 [JavaFX Application Thread] DEBUG GameScene            - Entity added to scene
11:13:17.901 [JavaFX Application Thread] DEBUG GameScene            - Added MainViewComponent
11:13:17.901 [JavaFX Application Thread] DEBUG GameScene            - Entity added to scene
11:13:17.901 [JavaFX Application Thread] DEBUG GameScene            - Added MainViewComponent
11:13:17.901 [JavaFX Application Thread] DEBUG GameScene            - Entity added to scene
11:13:17.901 [JavaFX Application Thread] DEBUG GameScene            - Added MainViewComponent
11:13:17.901 [JavaFX Application Thread] DEBUG GameScene            - Entity added to scene
11:13:17.901 [JavaFX Application Thread] DEBUG GameScene            - Added MainViewComponent
11:13:17.901 [JavaFX Application Thread] DEBUG GameScene            - Entity added to scene
11:13:17.901 [JavaFX Application Thread] DEBUG GameScene            - Added MainViewComponent
11:13:17.901 [JavaFX Application Thread] DEBUG GameScene            - Entity added to scene
11:13:17.901 [JavaFX Application Thread] DEBUG GameScene            - Added MainViewComponent
11:13:17.902 [JavaFX Application Thread] DEBUG GameScene            - Entity added to scene
11:13:17.902 [JavaFX Application Thread] DEBUG GameScene            - Added MainViewComponent
11:13:17.902 [JavaFX Application Thread] DEBUG GameScene            - Entity added to scene
11:13:17.902 [JavaFX Application Thread] DEBUG GameScene            - Added MainViewComponent
11:13:17.902 [JavaFX Application Thread] DEBUG GameScene            - Entity added to scene
11:13:17.902 [JavaFX Application Thread] DEBUG GameScene            - Added MainViewComponent
11:13:17.903 [JavaFX Application Thread] DEBUG GameScene            - Entity added to scene
11:13:17.903 [JavaFX Application Thread] DEBUG GameScene            - Added MainViewComponent
11:13:17.903 [JavaFX Application Thread] DEBUG GameScene            - Entity added to scene
11:13:17.903 [JavaFX Application Thread] DEBUG GameScene            - Added MainViewComponent
11:13:17.903 [JavaFX Application Thread] DEBUG GameScene            - Entity added to scene
11:13:17.904 [JavaFX Application Thread] DEBUG GameScene            - Added MainViewComponent
11:13:17.904 [JavaFX Application Thread] DEBUG GameScene            - Entity added to scene
11:13:17.904 [JavaFX Application Thread] DEBUG GameScene            - Added MainViewComponent
11:13:17.904 [JavaFX Application Thread] DEBUG GameScene            - Entity added to scene
11:13:17.904 [JavaFX Application Thread] DEBUG GameScene            - Added MainViewComponent
11:13:17.905 [JavaFX Application Thread] DEBUG GameScene            - Entity added to scene
11:13:17.905 [JavaFX Application Thread] DEBUG GameScene            - Added MainViewComponent
11:13:17.905 [JavaFX Application Thread] DEBUG GameScene            - Entity added to scene
11:13:17.905 [JavaFX Application Thread] DEBUG GameScene            - Added MainViewComponent
11:13:17.905 [JavaFX Application Thread] DEBUG GameScene            - Entity added to scene
11:13:17.906 [JavaFX Application Thread] DEBUG GameScene            - Added MainViewComponent
11:13:17.907 [JavaFX Application Thread] DEBUG GameScene            - Entity added to scene
11:13:17.908 [JavaFX Application Thread] DEBUG GameScene            - Added MainViewComponent
11:13:17.909 [JavaFX Application Thread] DEBUG GameScene            - Entity added to scene
11:13:17.909 [JavaFX Application Thread] DEBUG GameScene            - Added MainViewComponent
11:13:17.909 [JavaFX Application Thread] DEBUG GameScene            - Entity added to scene
11:13:17.909 [JavaFX Application Thread] DEBUG GameScene            - Added MainViewComponent
11:13:17.909 [JavaFX Application Thread] DEBUG GameScene            - Entity added to scene
11:13:17.909 [JavaFX Application Thread] DEBUG GameScene            - Added MainViewComponent
11:13:17.909 [JavaFX Application Thread] DEBUG GameScene            - Entity added to scene
11:13:17.909 [JavaFX Application Thread] DEBUG GameScene            - Added MainViewComponent
11:13:17.909 [JavaFX Application Thread] DEBUG GameScene            - Entity added to scene
11:13:17.910 [JavaFX Application Thread] DEBUG GameScene            - Added MainViewComponent
11:13:17.910 [JavaFX Application Thread] DEBUG GameScene            - Entity added to scene
11:13:17.910 [JavaFX Application Thread] DEBUG GameScene            - Added MainViewComponent
11:13:17.910 [JavaFX Application Thread] DEBUG GameScene            - Entity added to scene
11:13:17.910 [JavaFX Application Thread] DEBUG GameScene            - Added MainViewComponent
11:13:17.910 [JavaFX Application Thread] DEBUG GameScene            - Entity added to scene
11:13:17.910 [JavaFX Application Thread] DEBUG GameScene            - Added MainViewComponent
11:13:17.910 [JavaFX Application Thread] DEBUG GameScene            - Entity added to scene
11:13:17.910 [JavaFX Application Thread] DEBUG GameScene            - Added MainViewComponent
11:13:17.911 [JavaFX Application Thread] DEBUG GameScene            - Entity added to scene
11:13:17.911 [JavaFX Application Thread] DEBUG GameScene            - Added MainViewComponent
11:13:17.911 [JavaFX Application Thread] DEBUG GameScene            - Entity added to scene
11:13:17.911 [JavaFX Application Thread] DEBUG GameScene            - Added MainViewComponent
11:13:17.911 [JavaFX Application Thread] DEBUG GameScene            - Entity added to scene
11:13:17.911 [JavaFX Application Thread] DEBUG GameScene            - Added MainViewComponent
11:13:17.911 [JavaFX Application Thread] DEBUG GameScene            - Entity added to scene
11:13:17.911 [JavaFX Application Thread] DEBUG GameScene            - Added MainViewComponent
11:13:17.911 [JavaFX Application Thread] DEBUG GameScene            - Entity added to scene
11:13:17.911 [JavaFX Application Thread] DEBUG GameScene            - Added MainViewComponent
11:13:17.911 [JavaFX Application Thread] DEBUG GameScene            - Entity added to scene
11:13:17.911 [JavaFX Application Thread] DEBUG GameScene            - Added MainViewComponent
11:13:17.912 [JavaFX Application Thread] DEBUG GameScene            - Entity added to scene
11:13:17.912 [JavaFX Application Thread] DEBUG GameScene            - Added MainViewComponent
11:13:17.912 [JavaFX Application Thread] DEBUG GameScene            - Entity added to scene
11:13:17.912 [JavaFX Application Thread] DEBUG GameScene            - Added MainViewComponent
11:13:17.912 [JavaFX Application Thread] DEBUG GameScene            - Entity added to scene
11:13:17.912 [JavaFX Application Thread] DEBUG GameScene            - Added MainViewComponent
11:13:17.912 [JavaFX Application Thread] DEBUG GameScene            - Entity added to scene
11:13:17.912 [JavaFX Application Thread] DEBUG GameScene            - Added MainViewComponent
11:13:17.913 [JavaFX Application Thread] DEBUG GameScene            - Entity added to scene
11:13:17.913 [JavaFX Application Thread] DEBUG GameScene            - Added MainViewComponent
11:13:17.913 [JavaFX Application Thread] DEBUG GameScene            - Entity added to scene
11:13:17.913 [JavaFX Application Thread] DEBUG GameScene            - Added MainViewComponent
11:13:17.913 [JavaFX Application Thread] DEBUG GameScene            - Entity added to scene
11:13:17.913 [JavaFX Application Thread] DEBUG GameScene            - Added MainViewComponent
11:13:17.914 [JavaFX Application Thread] DEBUG GameScene            - Entity added to scene
11:13:17.914 [JavaFX Application Thread] DEBUG GameScene            - Added MainViewComponent
11:13:17.914 [JavaFX Application Thread] DEBUG GameScene            - Entity added to scene
11:13:17.914 [JavaFX Application Thread] DEBUG GameScene            - Added MainViewComponent
11:13:17.914 [JavaFX Application Thread] DEBUG GameScene            - Entity added to scene
11:13:17.914 [JavaFX Application Thread] DEBUG GameScene            - Added MainViewComponent
11:13:17.915 [JavaFX Application Thread] DEBUG GameScene            - Entity added to scene
11:13:17.915 [JavaFX Application Thread] DEBUG GameScene            - Added MainViewComponent
11:13:17.915 [JavaFX Application Thread] DEBUG GameScene            - Entity added to scene
11:13:17.915 [JavaFX Application Thread] DEBUG GameScene            - Added MainViewComponent
11:13:17.916 [JavaFX Application Thread] DEBUG GameScene            - Entity added to scene
11:13:17.916 [JavaFX Application Thread] DEBUG GameScene            - Added MainViewComponent
11:13:17.916 [JavaFX Application Thread] DEBUG GameScene            - Entity added to scene
11:13:17.916 [JavaFX Application Thread] DEBUG GameScene            - Added MainViewComponent
11:13:17.916 [JavaFX Application Thread] DEBUG GameScene            - Entity added to scene
11:13:17.916 [JavaFX Application Thread] DEBUG GameScene            - Added MainViewComponent
11:13:17.916 [JavaFX Application Thread] DEBUG GameScene            - Entity added to scene
11:13:17.916 [JavaFX Application Thread] DEBUG GameScene            - Added MainViewComponent
11:13:17.916 [JavaFX Application Thread] DEBUG GameScene            - Entity added to scene
11:13:17.917 [JavaFX Application Thread] DEBUG GameScene            - Added MainViewComponent
11:13:17.917 [JavaFX Application Thread] DEBUG GameScene            - Entity added to scene
11:13:17.917 [JavaFX Application Thread] DEBUG GameScene            - Added MainViewComponent
11:13:17.917 [JavaFX Application Thread] DEBUG GameScene            - Entity added to scene
11:13:17.917 [JavaFX Application Thread] DEBUG GameScene            - Added MainViewComponent
11:13:17.917 [JavaFX Application Thread] DEBUG GameScene            - Entity added to scene
11:13:17.917 [JavaFX Application Thread] DEBUG GameScene            - Added MainViewComponent
11:13:17.917 [JavaFX Application Thread] DEBUG GameScene            - Entity added to scene
11:13:17.917 [JavaFX Application Thread] DEBUG GameScene            - Added MainViewComponent
11:13:17.917 [JavaFX Application Thread] DEBUG GameScene            - Entity added to scene
11:13:17.917 [JavaFX Application Thread] DEBUG GameScene            - Added MainViewComponent
11:13:17.918 [JavaFX Application Thread] DEBUG GameScene            - Entity added to scene
11:13:17.918 [JavaFX Application Thread] DEBUG GameScene            - Added MainViewComponent
11:13:17.918 [JavaFX Application Thread] DEBUG GameScene            - Entity added to scene
11:13:17.918 [JavaFX Application Thread] DEBUG GameScene            - Added MainViewComponent
11:13:17.918 [JavaFX Application Thread] DEBUG GameScene            - Entity added to scene
11:13:17.918 [JavaFX Application Thread] DEBUG GameScene            - Added MainViewComponent
11:13:17.918 [JavaFX Application Thread] DEBUG GameScene            - Entity added to scene
11:13:17.918 [JavaFX Application Thread] DEBUG GameScene            - Added MainViewComponent
11:13:17.918 [JavaFX Application Thread] DEBUG GameScene            - Entity added to scene
11:13:17.918 [JavaFX Application Thread] DEBUG GameScene            - Added MainViewComponent
11:13:17.919 [JavaFX Application Thread] DEBUG GameScene            - Entity added to scene
11:13:17.919 [JavaFX Application Thread] DEBUG GameScene            - Added MainViewComponent
11:13:17.919 [JavaFX Application Thread] DEBUG GameScene            - Entity added to scene
11:13:17.919 [JavaFX Application Thread] DEBUG GameScene            - Added MainViewComponent
11:13:17.919 [JavaFX Application Thread] DEBUG GameScene            - Entity added to scene
11:13:17.919 [JavaFX Application Thread] DEBUG GameScene            - Added MainViewComponent
11:13:17.919 [JavaFX Application Thread] DEBUG GameScene            - Entity added to scene
11:13:17.919 [JavaFX Application Thread] DEBUG GameScene            - Added MainViewComponent
11:13:17.920 [JavaFX Application Thread] DEBUG GameScene            - Entity added to scene
11:13:17.920 [JavaFX Application Thread] DEBUG GameScene            - Added MainViewComponent
11:13:17.920 [JavaFX Application Thread] DEBUG GameScene            - Entity added to scene
11:13:17.920 [JavaFX Application Thread] DEBUG GameScene            - Added MainViewComponent
11:13:17.920 [JavaFX Application Thread] DEBUG GameScene            - Entity added to scene
11:13:17.920 [JavaFX Application Thread] DEBUG GameScene            - Added MainViewComponent
11:13:17.920 [JavaFX Application Thread] DEBUG GameScene            - Entity added to scene
11:13:17.920 [JavaFX Application Thread] DEBUG GameScene            - Added MainViewComponent
11:13:17.920 [JavaFX Application Thread] DEBUG GameScene            - Entity added to scene
11:13:17.920 [JavaFX Application Thread] DEBUG GameScene            - Added MainViewComponent
11:13:17.921 [JavaFX Application Thread] DEBUG GameScene            - Entity added to scene
11:13:17.921 [JavaFX Application Thread] DEBUG GameScene            - Added MainViewComponent
11:13:17.921 [JavaFX Application Thread] DEBUG GameScene            - Entity added to scene
11:13:17.921 [JavaFX Application Thread] DEBUG GameScene            - Added MainViewComponent
11:13:17.921 [JavaFX Application Thread] DEBUG GameScene            - Entity added to scene
11:13:17.921 [JavaFX Application Thread] DEBUG GameScene            - Added MainViewComponent
11:13:17.921 [JavaFX Application Thread] DEBUG GameScene            - Entity added to scene
11:13:17.921 [JavaFX Application Thread] DEBUG GameScene            - Added MainViewComponent
11:13:17.921 [JavaFX Application Thread] DEBUG GameScene            - Entity added to scene
11:13:17.921 [JavaFX Application Thread] DEBUG GameScene            - Added MainViewComponent
11:13:17.922 [JavaFX Application Thread] DEBUG GameScene            - Entity added to scene
11:13:17.922 [JavaFX Application Thread] DEBUG GameScene            - Added MainViewComponent
11:13:17.922 [JavaFX Application Thread] DEBUG GameScene            - Entity added to scene
11:13:17.922 [JavaFX Application Thread] DEBUG GameScene            - Added MainViewComponent
11:13:17.922 [JavaFX Application Thread] DEBUG GameScene            - Entity added to scene
11:13:17.922 [JavaFX Application Thread] DEBUG GameScene            - Added MainViewComponent
11:13:17.922 [JavaFX Application Thread] DEBUG GameScene            - Entity added to scene
11:13:17.922 [JavaFX Application Thread] DEBUG GameScene            - Added MainViewComponent
11:13:17.922 [JavaFX Application Thread] DEBUG GameScene            - Entity added to scene
11:13:17.922 [JavaFX Application Thread] DEBUG GameScene            - Added MainViewComponent
11:13:17.923 [JavaFX Application Thread] DEBUG GameScene            - Entity added to scene
11:13:17.923 [JavaFX Application Thread] DEBUG GameScene            - Added MainViewComponent
11:13:17.923 [JavaFX Application Thread] DEBUG GameScene            - Entity added to scene
11:13:17.923 [JavaFX Application Thread] DEBUG GameScene            - Added MainViewComponent
11:13:17.923 [JavaFX Application Thread] DEBUG GameScene            - Entity added to scene
11:13:17.923 [JavaFX Application Thread] DEBUG GameScene            - Added MainViewComponent
11:13:17.923 [JavaFX Application Thread] DEBUG GameScene            - Entity added to scene
11:13:17.923 [JavaFX Application Thread] DEBUG GameScene            - Added MainViewComponent
11:13:17.923 [JavaFX Application Thread] DEBUG GameScene            - Entity added to scene
11:13:17.923 [JavaFX Application Thread] DEBUG GameScene            - Added MainViewComponent
11:13:17.924 [JavaFX Application Thread] DEBUG GameScene            - Entity added to scene
11:13:17.924 [JavaFX Application Thread] DEBUG GameScene            - Added MainViewComponent
11:13:17.924 [JavaFX Application Thread] DEBUG GameScene            - Entity added to scene
11:13:17.924 [JavaFX Application Thread] DEBUG GameScene            - Added MainViewComponent
11:13:17.924 [JavaFX Application Thread] DEBUG GameScene            - Entity added to scene
11:13:17.924 [JavaFX Application Thread] DEBUG GameScene            - Added MainViewComponent
11:13:17.924 [JavaFX Application Thread] DEBUG GameScene            - Entity added to scene
11:13:17.924 [JavaFX Application Thread] DEBUG GameScene            - Added MainViewComponent
11:13:17.925 [JavaFX Application Thread] DEBUG GameScene            - Entity added to scene
11:13:17.925 [JavaFX Application Thread] DEBUG GameScene            - Added MainViewComponent
11:13:17.925 [JavaFX Application Thread] DEBUG GameScene            - Entity added to scene
11:13:17.929 [JavaFX Application Thread] DEBUG GameScene            - Added MainViewComponent
11:13:17.930 [JavaFX Application Thread] DEBUG GameScene            - Entity added to scene
11:13:17.930 [JavaFX Application Thread] DEBUG GameScene            - Added MainViewComponent
11:13:17.930 [JavaFX Application Thread] DEBUG GameScene            - Entity added to scene
11:13:17.930 [JavaFX Application Thread] DEBUG GameScene            - Added MainViewComponent
11:13:17.931 [JavaFX Application Thread] DEBUG GameScene            - Entity added to scene
11:13:17.931 [JavaFX Application Thread] DEBUG GameScene            - Added MainViewComponent
11:13:17.931 [JavaFX Application Thread] DEBUG GameScene            - Entity added to scene
11:13:17.931 [JavaFX Application Thread] DEBUG GameScene            - Added MainViewComponent
11:13:17.932 [JavaFX Application Thread] DEBUG GameScene            - Entity added to scene
11:13:17.932 [JavaFX Application Thread] DEBUG GameScene            - Added MainViewComponent
11:13:17.932 [JavaFX Application Thread] DEBUG GameScene            - Entity added to scene
11:13:17.932 [JavaFX Application Thread] DEBUG GameScene            - Added MainViewComponent
11:13:17.933 [JavaFX Application Thread] DEBUG GameScene            - Entity added to scene
11:13:17.933 [JavaFX Application Thread] DEBUG GameScene            - Added MainViewComponent
11:13:17.933 [JavaFX Application Thread] DEBUG GameScene            - Entity added to scene
11:13:17.933 [JavaFX Application Thread] DEBUG GameScene            - Added MainViewComponent
11:13:17.933 [JavaFX Application Thread] DEBUG GameScene            - Entity added to scene
11:13:17.933 [JavaFX Application Thread] DEBUG GameScene            - Added MainViewComponent
11:13:17.933 [JavaFX Application Thread] DEBUG GameScene            - Entity added to scene
11:13:17.934 [JavaFX Application Thread] DEBUG GameScene            - Added MainViewComponent
11:13:17.934 [JavaFX Application Thread] DEBUG GameScene            - Entity added to scene
11:13:17.934 [JavaFX Application Thread] DEBUG GameScene            - Added MainViewComponent
11:13:17.934 [JavaFX Application Thread] DEBUG GameScene            - Entity added to scene
11:13:17.934 [JavaFX Application Thread] DEBUG GameScene            - Added MainViewComponent
11:13:17.935 [JavaFX Application Thread] DEBUG GameScene            - Entity added to scene
11:13:17.935 [JavaFX Application Thread] DEBUG GameScene            - Added MainViewComponent
11:13:17.935 [JavaFX Application Thread] DEBUG GameScene            - Entity added to scene
11:13:17.935 [JavaFX Application Thread] DEBUG GameScene            - Added MainViewComponent
11:13:17.935 [JavaFX Application Thread] DEBUG GameScene            - Entity added to scene
11:13:17.935 [JavaFX Application Thread] DEBUG GameScene            - Added MainViewComponent
11:13:17.936 [JavaFX Application Thread] DEBUG GameScene            - Entity added to scene
11:13:17.936 [JavaFX Application Thread] DEBUG GameScene            - Added MainViewComponent
11:13:17.936 [JavaFX Application Thread] DEBUG GameScene            - Entity added to scene
11:13:17.936 [JavaFX Application Thread] DEBUG GameScene            - Added MainViewComponent
11:13:17.936 [JavaFX Application Thread] DEBUG GameScene            - Entity added to scene
11:13:17.936 [JavaFX Application Thread] DEBUG GameScene            - Added MainViewComponent
11:13:17.937 [JavaFX Application Thread] DEBUG GameScene            - Entity added to scene
11:13:17.937 [JavaFX Application Thread] DEBUG GameScene            - Added MainViewComponent
11:13:17.937 [JavaFX Application Thread] DEBUG GameScene            - Entity added to scene
11:13:17.937 [JavaFX Application Thread] DEBUG GameScene            - Added MainViewComponent
11:13:17.938 [JavaFX Application Thread] DEBUG GameScene            - Entity added to scene
11:13:17.938 [JavaFX Application Thread] DEBUG GameScene            - Added MainViewComponent
11:13:17.938 [JavaFX Application Thread] DEBUG GameScene            - Entity added to scene
11:13:17.938 [JavaFX Application Thread] DEBUG GameScene            - Added MainViewComponent
11:13:17.938 [JavaFX Application Thread] DEBUG GameScene            - Entity added to scene
11:13:17.938 [JavaFX Application Thread] DEBUG GameScene            - Added MainViewComponent
11:13:17.939 [JavaFX Application Thread] DEBUG GameScene            - Entity added to scene
11:13:17.939 [JavaFX Application Thread] DEBUG GameScene            - Added MainViewComponent
11:13:17.939 [JavaFX Application Thread] DEBUG GameScene            - Entity added to scene
11:13:17.939 [JavaFX Application Thread] DEBUG GameScene            - Added MainViewComponent
11:13:17.940 [JavaFX Application Thread] DEBUG GameScene            - Entity added to scene
11:13:17.940 [JavaFX Application Thread] DEBUG GameScene            - Added MainViewComponent
11:13:17.941 [JavaFX Application Thread] DEBUG GameScene            - Entity added to scene
11:13:17.941 [JavaFX Application Thread] DEBUG GameScene            - Added MainViewComponent
11:13:17.941 [JavaFX Application Thread] DEBUG GameScene            - Entity added to scene
11:13:17.941 [JavaFX Application Thread] DEBUG GameScene            - Added MainViewComponent
11:13:17.942 [JavaFX Application Thread] DEBUG GameScene            - Entity added to scene
11:13:17.942 [JavaFX Application Thread] DEBUG GameScene            - Added MainViewComponent
11:13:17.942 [JavaFX Application Thread] DEBUG GameScene            - Entity added to scene
11:13:17.942 [JavaFX Application Thread] DEBUG GameScene            - Added MainViewComponent
11:13:17.942 [JavaFX Application Thread] DEBUG GameScene            - Entity added to scene
11:13:17.942 [JavaFX Application Thread] DEBUG GameScene            - Added MainViewComponent
11:13:17.942 [JavaFX Application Thread] DEBUG GameScene            - Entity added to scene
11:13:17.942 [JavaFX Application Thread] DEBUG GameScene            - Added MainViewComponent
11:13:17.943 [JavaFX Application Thread] DEBUG GameScene            - Entity added to scene
11:13:17.943 [JavaFX Application Thread] DEBUG GameScene            - Added MainViewComponent
11:13:17.943 [JavaFX Application Thread] DEBUG GameScene            - Entity added to scene
11:13:17.943 [JavaFX Application Thread] DEBUG GameScene            - Added MainViewComponent
11:13:17.943 [JavaFX Application Thread] DEBUG GameScene            - Entity added to scene
11:13:17.943 [JavaFX Application Thread] DEBUG GameScene            - Added MainViewComponent
11:13:17.943 [JavaFX Application Thread] DEBUG GameScene            - Entity added to scene
11:13:17.943 [JavaFX Application Thread] DEBUG GameScene            - Added MainViewComponent
11:13:17.944 [JavaFX Application Thread] DEBUG GameScene            - Entity added to scene
11:13:17.944 [JavaFX Application Thread] DEBUG GameScene            - Added MainViewComponent
11:13:17.944 [JavaFX Application Thread] DEBUG GameScene            - Entity added to scene
11:13:17.944 [JavaFX Application Thread] DEBUG GameScene            - Added MainViewComponent
11:13:17.944 [JavaFX Application Thread] DEBUG GameScene            - Entity added to scene
11:13:17.944 [JavaFX Application Thread] DEBUG GameScene            - Added MainViewComponent
11:13:17.944 [JavaFX Application Thread] DEBUG GameScene            - Entity added to scene
11:13:17.944 [JavaFX Application Thread] DEBUG GameScene            - Added MainViewComponent
11:13:17.945 [JavaFX Application Thread] DEBUG GameScene            - Entity added to scene
11:13:17.945 [JavaFX Application Thread] DEBUG GameScene            - Added MainViewComponent
11:13:17.945 [JavaFX Application Thread] DEBUG GameScene            - Entity added to scene
11:13:17.945 [JavaFX Application Thread] DEBUG GameScene            - Added MainViewComponent
11:13:17.946 [JavaFX Application Thread] DEBUG GameScene            - Entity added to scene
11:13:17.946 [JavaFX Application Thread] DEBUG GameScene            - Added MainViewComponent
11:13:17.946 [JavaFX Application Thread] DEBUG GameScene            - Entity added to scene
11:13:17.946 [JavaFX Application Thread] DEBUG GameScene            - Added MainViewComponent
11:13:17.947 [JavaFX Application Thread] DEBUG GameScene            - Entity added to scene
11:13:17.947 [JavaFX Application Thread] DEBUG GameScene            - Added MainViewComponent
11:13:17.947 [JavaFX Application Thread] DEBUG GameScene            - Entity added to scene
11:13:17.947 [JavaFX Application Thread] DEBUG GameScene            - Added MainViewComponent
11:13:17.947 [JavaFX Application Thread] DEBUG GameScene            - Entity added to scene
11:13:17.947 [JavaFX Application Thread] DEBUG GameScene            - Added MainViewComponent
11:13:17.948 [JavaFX Application Thread] DEBUG GameScene            - Entity added to scene
11:13:17.948 [JavaFX Application Thread] DEBUG GameScene            - Added MainViewComponent
11:13:17.948 [JavaFX Application Thread] DEBUG GameScene            - Entity added to scene
11:13:17.948 [JavaFX Application Thread] DEBUG GameScene            - Added MainViewComponent
11:13:17.948 [JavaFX Application Thread] DEBUG GameScene            - Entity added to scene
11:13:17.948 [JavaFX Application Thread] DEBUG GameScene            - Added MainViewComponent
11:13:17.949 [JavaFX Application Thread] DEBUG GameScene            - Entity added to scene
11:13:17.949 [JavaFX Application Thread] DEBUG GameScene            - Added MainViewComponent
11:13:17.949 [JavaFX Application Thread] DEBUG GameScene            - Entity added to scene
11:13:17.949 [JavaFX Application Thread] DEBUG GameScene            - Added MainViewComponent
11:13:17.949 [JavaFX Application Thread] DEBUG GameScene            - Entity added to scene
11:13:17.949 [JavaFX Application Thread] DEBUG GameScene            - Added MainViewComponent
11:13:17.950 [JavaFX Application Thread] DEBUG GameScene            - Entity added to scene
11:13:17.950 [JavaFX Application Thread] DEBUG GameScene            - Added MainViewComponent
11:13:17.950 [JavaFX Application Thread] DEBUG GameScene            - Entity added to scene
11:13:17.950 [JavaFX Application Thread] DEBUG GameScene            - Added MainViewComponent
11:13:17.950 [JavaFX Application Thread] DEBUG GameScene            - Entity added to scene
11:13:17.950 [JavaFX Application Thread] DEBUG GameScene            - Added MainViewComponent
11:13:17.951 [JavaFX Application Thread] DEBUG GameScene            - Entity added to scene
11:13:17.951 [JavaFX Application Thread] DEBUG GameScene            - Added MainViewComponent
11:13:17.951 [JavaFX Application Thread] DEBUG GameScene            - Entity added to scene
11:13:17.951 [JavaFX Application Thread] DEBUG GameScene            - Added MainViewComponent
11:13:17.952 [JavaFX Application Thread] DEBUG GameScene            - Entity added to scene
11:13:17.952 [JavaFX Application Thread] DEBUG GameScene            - Added MainViewComponent
11:13:17.952 [JavaFX Application Thread] DEBUG GameScene            - Entity added to scene
11:13:17.952 [JavaFX Application Thread] DEBUG GameScene            - Added MainViewComponent
11:13:17.952 [JavaFX Application Thread] DEBUG GameScene            - Entity added to scene
11:13:17.952 [JavaFX Application Thread] DEBUG GameScene            - Added MainViewComponent
11:13:17.953 [JavaFX Application Thread] DEBUG GameScene            - Entity added to scene
11:13:17.953 [JavaFX Application Thread] DEBUG GameScene            - Added MainViewComponent
11:13:17.953 [JavaFX Application Thread] DEBUG GameScene            - Entity added to scene
11:13:17.953 [JavaFX Application Thread] DEBUG GameScene            - Added MainViewComponent
11:13:17.953 [JavaFX Application Thread] DEBUG GameScene            - Entity added to scene
11:13:17.953 [JavaFX Application Thread] DEBUG GameScene            - Added MainViewComponent
11:13:17.954 [JavaFX Application Thread] DEBUG GameScene            - Entity added to scene
11:13:17.954 [JavaFX Application Thread] DEBUG GameScene            - Added MainViewComponent
11:13:17.954 [JavaFX Application Thread] DEBUG GameScene            - Entity added to scene
11:13:17.954 [JavaFX Application Thread] DEBUG GameScene            - Added MainViewComponent
11:13:17.954 [JavaFX Application Thread] DEBUG GameScene            - Entity added to scene
11:13:17.955 [JavaFX Application Thread] DEBUG GameScene            - Added MainViewComponent
11:13:17.955 [JavaFX Application Thread] DEBUG GameScene            - Entity added to scene
11:13:17.955 [JavaFX Application Thread] DEBUG GameScene            - Added MainViewComponent
11:13:17.955 [JavaFX Application Thread] DEBUG GameScene            - Entity added to scene
11:13:17.955 [JavaFX Application Thread] DEBUG GameScene            - Added MainViewComponent
11:13:17.955 [JavaFX Application Thread] DEBUG GameScene            - Entity added to scene
11:13:17.955 [JavaFX Application Thread] DEBUG GameScene            - Added MainViewComponent
11:13:17.956 [JavaFX Application Thread] DEBUG GameScene            - Entity added to scene
11:13:17.956 [JavaFX Application Thread] DEBUG GameScene            - Added MainViewComponent
11:13:17.956 [JavaFX Application Thread] DEBUG GameScene            - Entity added to scene
11:13:17.956 [JavaFX Application Thread] DEBUG GameScene            - Added MainViewComponent
11:13:17.957 [JavaFX Application Thread] DEBUG GameScene            - Entity added to scene
11:13:17.957 [JavaFX Application Thread] DEBUG GameScene            - Added MainViewComponent
11:13:17.957 [JavaFX Application Thread] DEBUG GameScene            - Entity added to scene
11:13:17.957 [JavaFX Application Thread] DEBUG GameScene            - Added MainViewComponent
11:13:17.957 [JavaFX Application Thread] DEBUG GameScene            - Entity added to scene
11:13:17.957 [JavaFX Application Thread] DEBUG GameScene            - Added MainViewComponent
11:13:17.957 [JavaFX Application Thread] DEBUG GameScene            - Entity added to scene
11:13:17.958 [JavaFX Application Thread] DEBUG GameScene            - Added MainViewComponent
11:13:17.958 [JavaFX Application Thread] DEBUG GameScene            - Entity added to scene
11:13:17.958 [JavaFX Application Thread] DEBUG GameScene            - Added MainViewComponent
11:13:17.958 [JavaFX Application Thread] DEBUG GameScene            - Entity added to scene
11:13:17.958 [JavaFX Application Thread] DEBUG GameScene            - Added MainViewComponent
11:13:17.959 [JavaFX Application Thread] DEBUG GameScene            - Entity added to scene
11:13:17.959 [JavaFX Application Thread] DEBUG GameScene            - Added MainViewComponent
11:13:17.959 [JavaFX Application Thread] DEBUG GameScene            - Entity added to scene
11:13:17.959 [JavaFX Application Thread] DEBUG GameScene            - Added MainViewComponent
11:13:17.959 [JavaFX Application Thread] DEBUG GameScene            - Entity added to scene
11:13:17.959 [JavaFX Application Thread] DEBUG GameScene            - Added MainViewComponent
11:13:17.959 [JavaFX Application Thread] DEBUG GameScene            - Entity added to scene
11:13:17.959 [JavaFX Application Thread] DEBUG GameScene            - Added MainViewComponent
11:13:17.960 [JavaFX Application Thread] DEBUG GameScene            - Entity added to scene
11:13:17.960 [JavaFX Application Thread] DEBUG GameScene            - Added MainViewComponent
11:13:17.960 [JavaFX Application Thread] DEBUG GameScene            - Entity added to scene
11:13:17.960 [JavaFX Application Thread] DEBUG GameScene            - Added MainViewComponent
11:13:17.960 [JavaFX Application Thread] DEBUG GameScene            - Creating render group for layer: TOP(2147483647)
11:13:17.960 [JavaFX Application Thread] DEBUG GameScene            - Entity added to scene
11:13:17.960 [JavaFX Application Thread] DEBUG GameScene            - Added MainViewComponent
11:13:17.961 [JavaFX Application Thread] DEBUG GameScene            - Entity added to scene
11:13:17.961 [JavaFX Application Thread] DEBUG GameScene            - Added MainViewComponent
11:13:17.961 [JavaFX Application Thread] DEBUG GameScene            - Entity added to scene
11:13:17.961 [JavaFX Application Thread] DEBUG GameScene            - Added MainViewComponent
11:13:17.962 [JavaFX Application Thread] DEBUG GameScene            - Entity added to scene
11:13:17.962 [JavaFX Application Thread] DEBUG GameScene            - Added MainViewComponent
11:13:17.962 [JavaFX Application Thread] DEBUG GameScene            - Entity added to scene
11:13:17.962 [JavaFX Application Thread] DEBUG GameScene            - Added MainViewComponent
11:13:17.962 [JavaFX Application Thread] DEBUG GameScene            - Entity added to scene
11:13:17.962 [JavaFX Application Thread] DEBUG GameScene            - Added MainViewComponent
11:13:17.962 [JavaFX Application Thread] DEBUG GameScene            - Entity added to scene
11:13:17.962 [JavaFX Application Thread] DEBUG GameScene            - Added MainViewComponent
11:13:17.963 [JavaFX Application Thread] DEBUG GameScene            - Entity added to scene
11:13:17.963 [JavaFX Application Thread] DEBUG GameScene            - Added MainViewComponent
11:13:17.963 [JavaFX Application Thread] DEBUG GameScene            - Entity added to scene
11:13:17.963 [JavaFX Application Thread] DEBUG GameScene            - Added MainViewComponent
11:13:17.963 [JavaFX Application Thread] DEBUG GameScene            - Entity added to scene
11:13:17.963 [JavaFX Application Thread] DEBUG GameScene            - Added MainViewComponent
11:13:17.963 [JavaFX Application Thread] DEBUG GameScene            - Entity added to scene
11:13:17.963 [JavaFX Application Thread] DEBUG GameScene            - Added MainViewComponent
11:13:17.964 [JavaFX Application Thread] DEBUG GameScene            - Entity added to scene
11:13:17.964 [JavaFX Application Thread] DEBUG GameScene            - Added MainViewComponent
11:13:17.964 [JavaFX Application Thread] DEBUG GameScene            - Entity added to scene
11:13:17.964 [JavaFX Application Thread] DEBUG GameScene            - Added MainViewComponent
11:13:17.964 [JavaFX Application Thread] DEBUG GameScene            - Entity added to scene
11:13:17.964 [JavaFX Application Thread] DEBUG GameScene            - Added MainViewComponent
11:13:17.965 [JavaFX Application Thread] DEBUG GameScene            - Entity added to scene
11:13:17.965 [JavaFX Application Thread] DEBUG GameScene            - Added MainViewComponent
11:13:17.965 [JavaFX Application Thread] DEBUG GameScene            - Entity added to scene
11:13:17.965 [JavaFX Application Thread] DEBUG GameScene            - Added MainViewComponent
11:13:17.965 [JavaFX Application Thread] DEBUG GameScene            - Entity added to scene
11:13:17.965 [JavaFX Application Thread] DEBUG GameScene            - Added MainViewComponent
11:13:17.966 [JavaFX Application Thread] DEBUG GameScene            - Entity added to scene
11:13:17.966 [JavaFX Application Thread] DEBUG GameScene            - Added MainViewComponent
11:13:17.966 [JavaFX Application Thread] DEBUG GameScene            - Entity added to scene
11:13:17.966 [JavaFX Application Thread] DEBUG GameScene            - Added MainViewComponent
11:13:17.966 [JavaFX Application Thread] DEBUG GameScene            - Entity added to scene
11:13:17.966 [JavaFX Application Thread] DEBUG GameScene            - Added MainViewComponent
11:13:17.966 [JavaFX Application Thread] DEBUG GameScene            - Entity added to scene
11:13:17.966 [JavaFX Application Thread] DEBUG GameScene            - Added MainViewComponent
11:13:17.966 [JavaFX Application Thread] DEBUG GameScene            - Entity added to scene
11:13:17.966 [JavaFX Application Thread] DEBUG GameScene            - Added MainViewComponent
11:13:17.967 [JavaFX Application Thread] DEBUG GameScene            - Entity added to scene
11:13:17.967 [JavaFX Application Thread] DEBUG GameScene            - Added MainViewComponent
11:13:17.967 [JavaFX Application Thread] DEBUG GameScene            - Entity added to scene
11:13:17.967 [JavaFX Application Thread] DEBUG GameScene            - Added MainViewComponent
11:13:17.967 [JavaFX Application Thread] DEBUG GameScene            - Entity added to scene
11:13:17.967 [JavaFX Application Thread] DEBUG GameScene            - Added MainViewComponent
11:13:17.967 [JavaFX Application Thread] DEBUG GameScene            - Entity added to scene
11:13:17.967 [JavaFX Application Thread] DEBUG GameScene            - Added MainViewComponent
11:13:17.968 [JavaFX Application Thread] DEBUG GameScene            - Entity added to scene
11:13:17.968 [JavaFX Application Thread] DEBUG GameScene            - Added MainViewComponent
11:13:17.968 [JavaFX Application Thread] DEBUG GameScene            - Entity added to scene
11:13:17.968 [JavaFX Application Thread] DEBUG GameScene            - Added MainViewComponent
11:13:17.968 [JavaFX Application Thread] DEBUG GameScene            - Entity added to scene
11:13:17.968 [JavaFX Application Thread] DEBUG GameScene            - Added MainViewComponent
11:13:17.968 [JavaFX Application Thread] DEBUG GameScene            - Entity added to scene
11:13:17.968 [JavaFX Application Thread] DEBUG GameScene            - Added MainViewComponent
11:13:17.969 [JavaFX Application Thread] DEBUG GameScene            - Entity added to scene
11:13:17.969 [JavaFX Application Thread] DEBUG GameScene            - Added MainViewComponent
11:13:17.969 [JavaFX Application Thread] DEBUG GameScene            - Entity added to scene
11:13:17.969 [JavaFX Application Thread] DEBUG GameScene            - Added MainViewComponent
11:13:17.969 [JavaFX Application Thread] DEBUG GameScene            - Entity added to scene
11:13:17.969 [JavaFX Application Thread] DEBUG GameScene            - Added MainViewComponent
11:13:17.970 [JavaFX Application Thread] DEBUG GameScene            - Entity added to scene
11:13:17.970 [JavaFX Application Thread] DEBUG GameScene            - Added MainViewComponent
11:13:17.970 [JavaFX Application Thread] DEBUG GameScene            - Entity added to scene
11:13:17.970 [JavaFX Application Thread] DEBUG GameScene            - Added MainViewComponent
11:13:17.970 [JavaFX Application Thread] DEBUG GameScene            - Entity added to scene
11:13:17.970 [JavaFX Application Thread] DEBUG GameScene            - Added MainViewComponent
11:13:17.971 [JavaFX Application Thread] DEBUG GameScene            - Entity added to scene
11:13:17.971 [JavaFX Application Thread] DEBUG GameScene            - Added MainViewComponent
11:13:17.971 [JavaFX Application Thread] DEBUG GameScene            - Entity added to scene
11:13:17.971 [JavaFX Application Thread] DEBUG GameScene            - Added MainViewComponent
11:13:17.971 [JavaFX Application Thread] DEBUG GameScene            - Entity added to scene
11:13:17.971 [JavaFX Application Thread] DEBUG GameScene            - Added MainViewComponent
11:13:17.972 [JavaFX Application Thread] DEBUG GameScene            - Entity added to scene
11:13:17.972 [JavaFX Application Thread] DEBUG GameScene            - Added MainViewComponent
11:13:17.972 [JavaFX Application Thread] DEBUG GameScene            - Entity added to scene
11:13:17.972 [JavaFX Application Thread] DEBUG GameScene            - Added MainViewComponent
11:13:17.972 [JavaFX Application Thread] DEBUG GameScene            - Entity added to scene
11:13:17.972 [JavaFX Application Thread] DEBUG GameScene            - Added MainViewComponent
11:13:17.972 [JavaFX Application Thread] DEBUG GameScene            - Entity added to scene
11:13:17.972 [JavaFX Application Thread] DEBUG GameScene            - Added MainViewComponent
11:13:17.973 [JavaFX Application Thread] DEBUG GameScene            - Entity added to scene
11:13:17.973 [JavaFX Application Thread] DEBUG GameScene            - Added MainViewComponent
11:13:17.973 [JavaFX Application Thread] DEBUG GameScene            - Entity added to scene
11:13:17.973 [JavaFX Application Thread] DEBUG GameScene            - Added MainViewComponent
11:13:17.973 [JavaFX Application Thread] DEBUG GameScene            - Entity added to scene
11:13:17.973 [JavaFX Application Thread] DEBUG GameScene            - Added MainViewComponent
11:13:17.973 [JavaFX Application Thread] DEBUG GameScene            - Entity added to scene
11:13:17.973 [JavaFX Application Thread] DEBUG GameScene            - Added MainViewComponent
11:13:17.974 [JavaFX Application Thread] DEBUG GameScene            - Entity added to scene
11:13:17.974 [JavaFX Application Thread] DEBUG GameScene            - Added MainViewComponent
11:13:17.974 [JavaFX Application Thread] DEBUG GameScene            - Entity added to scene
11:13:17.974 [JavaFX Application Thread] DEBUG GameScene            - Added MainViewComponent
11:13:17.974 [JavaFX Application Thread] DEBUG GameScene            - Entity added to scene
11:13:17.974 [JavaFX Application Thread] DEBUG GameScene            - Added MainViewComponent
11:13:17.975 [JavaFX Application Thread] DEBUG GameScene            - Entity added to scene
11:13:17.975 [JavaFX Application Thread] DEBUG GameScene            - Added MainViewComponent
11:13:17.975 [JavaFX Application Thread] DEBUG GameScene            - Entity added to scene
11:13:17.975 [JavaFX Application Thread] DEBUG GameScene            - Added MainViewComponent
11:13:17.975 [JavaFX Application Thread] DEBUG GameScene            - Entity added to scene
11:13:17.975 [JavaFX Application Thread] DEBUG GameScene            - Added MainViewComponent
11:13:17.975 [JavaFX Application Thread] DEBUG GameScene            - Entity added to scene
11:13:17.976 [JavaFX Application Thread] DEBUG GameScene            - Added MainViewComponent
11:13:17.976 [JavaFX Application Thread] DEBUG GameScene            - Entity added to scene
11:13:17.976 [JavaFX Application Thread] DEBUG GameScene            - Added MainViewComponent
11:13:17.976 [JavaFX Application Thread] DEBUG GameScene            - Entity added to scene
11:13:17.976 [JavaFX Application Thread] DEBUG GameScene            - Added MainViewComponent
11:13:17.976 [JavaFX Application Thread] DEBUG GameScene            - Entity added to scene
11:13:17.976 [JavaFX Application Thread] DEBUG GameScene            - Added MainViewComponent
11:13:17.977 [JavaFX Application Thread] DEBUG GameScene            - Entity added to scene
11:13:17.977 [JavaFX Application Thread] DEBUG GameScene            - Added MainViewComponent
11:13:17.977 [JavaFX Application Thread] DEBUG GameScene            - Entity added to scene
11:13:17.977 [JavaFX Application Thread] DEBUG GameScene            - Added MainViewComponent
11:13:17.977 [JavaFX Application Thread] DEBUG GameScene            - Entity added to scene
11:13:17.977 [JavaFX Application Thread] DEBUG GameScene            - Added MainViewComponent
11:13:17.978 [JavaFX Application Thread] DEBUG GameScene            - Entity added to scene
11:13:17.978 [JavaFX Application Thread] DEBUG GameScene            - Added MainViewComponent
11:13:17.978 [JavaFX Application Thread] DEBUG GameScene            - Entity added to scene
11:13:17.978 [JavaFX Application Thread] DEBUG GameScene            - Added MainViewComponent
11:13:17.978 [JavaFX Application Thread] DEBUG GameScene            - Entity added to scene
11:13:17.978 [JavaFX Application Thread] DEBUG GameScene            - Added MainViewComponent
11:13:17.978 [JavaFX Application Thread] DEBUG GameScene            - Entity added to scene
11:13:17.978 [JavaFX Application Thread] DEBUG GameScene            - Added MainViewComponent
11:13:17.979 [JavaFX Application Thread] DEBUG GameScene            - Entity added to scene
11:13:17.979 [JavaFX Application Thread] DEBUG GameScene            - Added MainViewComponent
11:13:17.979 [JavaFX Application Thread] DEBUG GameScene            - Entity added to scene
11:13:17.979 [JavaFX Application Thread] DEBUG GameScene            - Added MainViewComponent
11:13:17.979 [JavaFX Application Thread] DEBUG GameScene            - Entity added to scene
11:13:17.979 [JavaFX Application Thread] DEBUG GameScene            - Added MainViewComponent
11:13:17.980 [JavaFX Application Thread] DEBUG GameScene            - Entity added to scene
11:13:17.980 [JavaFX Application Thread] DEBUG GameScene            - Added MainViewComponent
11:13:17.980 [JavaFX Application Thread] DEBUG GameScene            - Entity added to scene
11:13:17.980 [JavaFX Application Thread] DEBUG GameScene            - Added MainViewComponent
11:13:17.980 [JavaFX Application Thread] DEBUG GameScene            - Entity added to scene
11:13:17.980 [JavaFX Application Thread] DEBUG GameScene            - Added MainViewComponent
11:13:17.980 [JavaFX Application Thread] DEBUG GameScene            - Entity added to scene
11:13:17.981 [JavaFX Application Thread] DEBUG GameScene            - Added MainViewComponent
11:13:17.981 [JavaFX Application Thread] DEBUG GameScene            - Entity added to scene
11:13:17.981 [JavaFX Application Thread] DEBUG GameScene            - Added MainViewComponent
11:13:17.981 [JavaFX Application Thread] DEBUG GameScene            - Entity added to scene
11:13:17.981 [JavaFX Application Thread] DEBUG GameScene            - Added MainViewComponent
11:13:17.981 [JavaFX Application Thread] DEBUG GameScene            - Entity added to scene
11:13:17.981 [JavaFX Application Thread] DEBUG GameScene            - Added MainViewComponent
11:13:17.982 [JavaFX Application Thread] DEBUG GameScene            - Entity added to scene
11:13:17.982 [JavaFX Application Thread] DEBUG GameScene            - Added MainViewComponent
11:13:17.982 [JavaFX Application Thread] DEBUG GameScene            - Entity added to scene
11:13:17.982 [JavaFX Application Thread] DEBUG GameScene            - Added MainViewComponent
11:13:17.982 [JavaFX Application Thread] DEBUG GameScene            - Entity added to scene
11:13:17.982 [JavaFX Application Thread] DEBUG GameScene            - Added MainViewComponent
11:13:17.982 [JavaFX Application Thread] DEBUG GameScene            - Entity added to scene
11:13:17.982 [JavaFX Application Thread] DEBUG GameScene            - Added MainViewComponent
11:13:17.982 [JavaFX Application Thread] DEBUG GameScene            - Entity added to scene
11:13:17.982 [JavaFX Application Thread] DEBUG GameScene            - Added MainViewComponent
11:13:17.983 [JavaFX Application Thread] DEBUG GameScene            - Entity added to scene
11:13:17.983 [JavaFX Application Thread] DEBUG GameScene            - Added MainViewComponent
11:13:17.983 [JavaFX Application Thread] DEBUG GameScene            - Entity added to scene
11:13:17.983 [JavaFX Application Thread] DEBUG GameScene            - Added MainViewComponent
11:13:17.983 [JavaFX Application Thread] DEBUG GameScene            - Entity added to scene
11:13:17.983 [JavaFX Application Thread] DEBUG GameScene            - Added MainViewComponent
11:13:17.983 [JavaFX Application Thread] DEBUG GameScene            - Entity added to scene
11:13:17.983 [JavaFX Application Thread] DEBUG GameScene            - Added MainViewComponent
11:13:17.984 [JavaFX Application Thread] DEBUG GameScene            - Entity added to scene
11:13:17.984 [JavaFX Application Thread] DEBUG GameScene            - Added MainViewComponent
11:13:17.984 [JavaFX Application Thread] DEBUG GameScene            - Entity added to scene
11:13:17.984 [JavaFX Application Thread] DEBUG GameScene            - Added MainViewComponent
11:13:17.984 [JavaFX Application Thread] DEBUG GameScene            - Entity added to scene
11:13:17.984 [JavaFX Application Thread] DEBUG GameScene            - Added MainViewComponent
11:13:17.984 [JavaFX Application Thread] DEBUG GameScene            - Entity added to scene
11:13:17.984 [JavaFX Application Thread] DEBUG GameScene            - Added MainViewComponent
11:13:17.984 [JavaFX Application Thread] DEBUG GameScene            - Entity added to scene
11:13:17.985 [JavaFX Application Thread] DEBUG GameScene            - Added MainViewComponent
11:13:17.985 [JavaFX Application Thread] DEBUG GameScene            - Entity added to scene
11:13:17.985 [JavaFX Application Thread] DEBUG GameScene            - Added MainViewComponent
11:13:17.985 [JavaFX Application Thread] DEBUG GameScene            - Entity added to scene
11:13:17.985 [JavaFX Application Thread] DEBUG GameScene            - Added MainViewComponent
11:13:17.985 [JavaFX Application Thread] DEBUG GameScene            - Entity added to scene
11:13:17.985 [JavaFX Application Thread] DEBUG GameScene            - Added MainViewComponent
11:13:17.985 [JavaFX Application Thread] DEBUG GameScene            - Entity added to scene
11:13:17.985 [JavaFX Application Thread] DEBUG GameScene            - Added MainViewComponent
11:13:17.986 [JavaFX Application Thread] DEBUG GameScene            - Entity added to scene
11:13:17.986 [JavaFX Application Thread] DEBUG GameScene            - Added MainViewComponent
11:13:17.986 [JavaFX Application Thread] DEBUG GameScene            - Entity added to scene
11:13:17.986 [JavaFX Application Thread] DEBUG GameScene            - Added MainViewComponent
11:13:17.986 [JavaFX Application Thread] DEBUG GameScene            - Entity added to scene
11:13:17.986 [JavaFX Application Thread] DEBUG GameScene            - Added MainViewComponent
11:13:17.986 [JavaFX Application Thread] DEBUG GameScene            - Entity added to scene
11:13:17.986 [JavaFX Application Thread] DEBUG GameScene            - Added MainViewComponent
11:13:17.986 [JavaFX Application Thread] DEBUG GameScene            - Entity added to scene
11:13:17.987 [JavaFX Application Thread] DEBUG GameScene            - Added MainViewComponent
11:13:17.987 [JavaFX Application Thread] DEBUG GameScene            - Entity added to scene
11:13:17.987 [JavaFX Application Thread] DEBUG GameScene            - Added MainViewComponent
11:13:17.987 [JavaFX Application Thread] DEBUG GameScene            - Entity added to scene
11:13:17.987 [JavaFX Application Thread] DEBUG GameScene            - Added MainViewComponent
11:13:17.987 [JavaFX Application Thread] DEBUG GameScene            - Entity added to scene
11:13:17.987 [JavaFX Application Thread] DEBUG GameScene            - Added MainViewComponent
11:13:17.987 [JavaFX Application Thread] DEBUG GameScene            - Entity added to scene
11:13:17.987 [JavaFX Application Thread] DEBUG GameScene            - Added MainViewComponent
11:13:17.988 [JavaFX Application Thread] DEBUG GameScene            - Entity added to scene
11:13:17.988 [JavaFX Application Thread] DEBUG GameScene            - Added MainViewComponent
11:13:17.988 [JavaFX Application Thread] DEBUG GameScene            - Entity added to scene
11:13:17.988 [JavaFX Application Thread] DEBUG GameScene            - Added MainViewComponent
11:13:17.988 [JavaFX Application Thread] DEBUG GameScene            - Entity added to scene
11:13:17.988 [JavaFX Application Thread] DEBUG GameScene            - Added MainViewComponent
11:16:34.894 [JavaFX Application Thread] DEBUG FXGLEventBus         - Firing event: DisplayEvent[type=DIALOG_OPENED]
11:16:34.896 [JavaFX Application Thread] DEBUG FXGLInput            - Clearing active input actions
11:16:34.896 [JavaFX Application Thread] DEBUG FXGLMasterTimer      - Stopping master timer
11:16:34.896 [JavaFX Application Thread] DEBUG GameApplication      - State: PLAYING -> PAUSED
11:16:34.896 [JavaFX Application Thread] DEBUG FXGLEventBus         - Firing event: FXGLEvent[type=PAUSE]
11:16:34.896 [JavaFX Application Thread] DEBUG FXGLInput            - Clearing active input actions
11:16:36.295 [JavaFX Application Thread] DEBUG FXGLEventBus         - Firing event: DisplayEvent[type=DIALOG_CLOSED]
11:16:36.296 [JavaFX Application Thread] DEBUG FXGLInput            - Clearing active input actions
11:16:36.296 [JavaFX Application Thread] DEBUG FXGLMasterTimer      - Starting master timer
11:16:36.296 [JavaFX Application Thread] DEBUG GameApplication      - State: PAUSED -> PLAYING
11:16:36.296 [JavaFX Application Thread] DEBUG FXGLEventBus         - Firing event: FXGLEvent[type=RESUME]
11:16:36.296 [JavaFX Application Thread] DEBUG FXGLEventBus         - Firing event: DisplayEvent[type=CLOSE_REQUEST]
11:16:36.297 [JavaFX Application Thread] DEBUG FXGLEventBus         - Firing event: FXGLEvent[type=EXIT]
11:16:36.297 [JavaFX Application Thread] DEBUG FXGL                 - Saving FXGL system data
11:16:36.299 [JavaFX Application Thread] DEBUG IOTask               - Executing task: writeDataTask(system/fxgl.bundle)
11:16:36.300 [JavaFX Application Thread] DEBUG FS                   - Writing to: system\fxgl.bundle
11:16:36.303 [JavaFX Application Thread] DEBUG IOTask               - Task succeeded: writeDataTask(system/fxgl.bundle)
