11:09:31.078 [FXGL Launcher Thread     ] DEBUG FXGLLoggerFactory    - Service [LoggerFactory] initialized
11:09:31.084 [FXGL Launcher Thread     ] DEBUG FXGL                 - FXGL configuration complete
11:09:31.084 [FXGL Launcher Thread     ] DEBUG FXGL                 - Loading FXGL system data
11:09:31.088 [FXGL Launcher Thread     ] DEBUG IOTask               - Executing task: readDataTask(system/fxgl.bundle)
11:09:31.090 [FXGL Launcher Thread     ] DEBUG FS                   - Reading from: system\fxgl.bundle
11:09:31.097 [FXGL Launcher Thread     ] DEBUG IOTask               - Task succeeded: readDataTask(system/fxgl.bundle)
11:09:31.097 [FXGL Launcher Thread     ] DEBUG Bundle               - Logging bundle: FXGL
11:09:31.098 [FXGL Launcher Thread     ] DEBUG Bundle               - FXGL.offline.timer.version.check=2017-01-18T11:24:23.393
11:09:31.103 [JavaFX Application Thread] DEBUG UpdaterTask          - Checking for updates
11:09:31.184 [JavaFX Application Thread] DEBUG FXGLEventBus         - Service [EventBus] initialized
11:09:31.187 [JavaFX Application Thread] DEBUG FXGLExecutor         - Service [Executor] initialized
11:09:31.188 [JavaFX Application Thread] DEBUG IOTask               - Showing dialog
11:09:31.191 [FXGL Background Thread 1 ] DEBUG IOTask               - Executing task: openStream(https://raw.githubusercontent.com/AlmasB/FXGL/master/pom.xml)
11:09:31.191 [FXGL Background Thread 1 ] DEBUG IOTask               - Executing task: openStream(https://raw.githubusercontent.com/AlmasB/FXGL/master/pom.xml)
11:09:31.726 [JavaFX Application Thread] DEBUG IOTask               - fail(): Dismissing dialog
11:09:31.726 [JavaFX Application Thread] WARN  IOTask               - Task failed: openStream(https://raw.githubusercontent.com/AlmasB/FXGL/master/pom.xml) Error: javax.net.ssl.SSLHandshakeException: sun.security.validator.ValidatorException: PKIX path building failed: sun.security.provider.certpath.SunCertPathBuilderException: unable to find valid certification path to requested target
11:09:31.726 [JavaFX Application Thread] WARN  UpdaterTask          - Failed to find updates: javax.net.ssl.SSLHandshakeException: sun.security.validator.ValidatorException: PKIX path building failed: sun.security.provider.certpath.SunCertPathBuilderException: unable to find valid certification path to requested target
11:09:39.935 [FXGL Launcher Thread     ] DEBUG GameApplication      - Configuring GameApplication
11:09:39.941 [FXGL Launcher Thread     ] DEBUG FXGLExceptionHandler - Service [ExceptionHandler] initialized
11:09:39.941 [FXGL Launcher Thread     ] DEBUG PreInitTask          - Injecting gameWorld & physicsWorld
11:09:39.949 [FXGL Launcher Thread     ] DEBUG GameWorld            - Game world initialized
11:09:40.052 [FXGL Launcher Thread     ] DEBUG FXGLPooler           - Service [Pooler] initialized with default size = 128
11:09:40.052 [FXGL Launcher Thread     ] DEBUG PhysicsWorld         - Physics world initialized: appHeight=840.0, physics.ppm=50.0
11:09:40.055 [FXGL Launcher Thread     ] DEBUG FXGLInput            - Service [Input] initialized
11:09:40.081 [FXGL Launcher Thread     ] DEBUG FXGLInput            - Registered new binding: Screenshot - P
11:09:40.081 [FXGL Launcher Thread     ] DEBUG FXGLInput            - Registered new binding: Dev Options - CTRL+0
11:09:40.082 [FXGL Launcher Thread     ] DEBUG FXGLInput            - Registered new binding: Up - W
11:09:40.082 [FXGL Launcher Thread     ] DEBUG FXGLInput            - Registered new binding: Left - A
11:09:40.082 [FXGL Launcher Thread     ] DEBUG FXGLInput            - Registered new binding: Down - S
11:09:40.082 [FXGL Launcher Thread     ] DEBUG FXGLInput            - Registered new binding: Right - D
11:09:40.105 [FXGL Launcher Thread     ] DEBUG GameScene            - Game scene initialized: 1040.0x840.0
11:09:40.108 [FXGL Launcher Thread     ] DEBUG FXGLAssetLoader      - Service [AssetLoader] initialized: cacheSize=35
11:09:40.110 [FXGL Launcher Thread     ] DEBUG FXGLAssetLoader      - Loading from disk: /assets/sounds/system/notification.wav
11:09:40.132 [FXGL Launcher Thread     ] DEBUG FXGLAssetLoader      - Loading from disk: /assets/sounds/menu/select.wav
11:09:40.135 [FXGL Launcher Thread     ] DEBUG FXGLAssetLoader      - Loading from disk: /assets/sounds/menu/back.wav
11:09:40.137 [FXGL Launcher Thread     ] DEBUG FXGLAssetLoader      - Loading from disk: /assets/sounds/menu/press.wav
11:09:40.140 [FXGL Launcher Thread     ] DEBUG FXGLAssetLoader      - Loading from disk: /assets/ui/fonts/Copperplate_Gothic_Light_Regular.ttf
11:09:40.145 [FXGL Launcher Thread     ] DEBUG FXGLAssetLoader      - Loading from disk: /assets/ui/css/fxgl.css
11:09:40.146 [FXGL Launcher Thread     ] DEBUG FXGLAssetLoader      - Loading from disk: /assets/ui/icons/fxgl_icon.png
11:09:40.173 [FXGL Launcher Thread     ] DEBUG FXGLAssetLoader      - Loading from disk: /assets/ui/css/fxgl_dark.css
11:09:40.186 [FXGL Launcher Thread     ] DEBUG FXGLDisplay          - Target size: DoubleProperty [value: 1040.0] x DoubleProperty [value: 840.0] @ 1.0
11:09:40.186 [FXGL Launcher Thread     ] DEBUG FXGLDisplay          - New size:    1040.0 x 840.0 @ DoubleProperty [value: 1.0]
11:09:40.187 [FXGL Launcher Thread     ] DEBUG FXGLDisplay          - Service [Display] initialized
11:09:40.187 [FXGL Launcher Thread     ] DEBUG FXGLDisplay          - Using CSS: CSS(externalForm=jar:file:/C:/Computer%20Science/Game%20Design/3rd/Pacman/lib/fxgl-0.2.9-uber.jar!/assets/ui/css/fxgl_dark.css)
11:09:40.188 [FXGL Launcher Thread     ] DEBUG InitScenesTask       - Injecting loadingScene & gameScene
11:09:40.210 [FXGL Launcher Thread     ] DEBUG FXGLMasterTimer      - Service [MasterTimer] initialized
11:09:40.214 [FXGL Launcher Thread     ] DEBUG FXGLAudioPlayer      - Service [AudioPlayer] initialized
11:09:40.226 [FXGL Launcher Thread     ] DEBUG GameApplication      - Starting new game
11:09:40.227 [FXGL Launcher Thread     ] DEBUG GameApplication      - Initializing App
11:09:40.230 [FXGL Launcher Thread     ] DEBUG FXGLInput            - Clearing active input actions
11:09:40.230 [FXGL Launcher Thread     ] DEBUG FXGLMasterTimer      - Stopping master timer
11:09:40.230 [FXGL Launcher Thread     ] DEBUG GameApplication      - State: STARTUP -> PAUSED
11:09:40.232 [FXGL Launcher Thread     ] DEBUG FXGLEventBus         - Firing event: FXGLEvent[type=PAUSE]
11:09:40.233 [FXGL Launcher Thread     ] DEBUG FXGLInput            - Clearing active input actions
11:09:40.233 [FXGL Launcher Thread     ] DEBUG FXGLMasterTimer      - Resetting ticks and clearing all actions
11:09:40.233 [FXGL Launcher Thread     ] DEBUG GameWorld            - Resetting game world
11:09:40.233 [FXGL Launcher Thread     ] TRACE EntityWorld          - Resetting entity world
11:09:40.235 [FXGL Launcher Thread     ] DEBUG PhysicsWorld         - Resetting physics world
11:09:40.235 [FXGL Launcher Thread     ] DEBUG GameScene            - Resetting game scene
11:09:40.235 [FXGL Launcher Thread     ] DEBUG FXGLEventBus         - Firing event: FXGLEvent[type=RESET]
11:09:40.301 [FXGL Launcher Thread     ] DEBUG GameApplication      - State: PAUSED -> LOADING
11:09:40.334 [FXGL Background Thread 1 ] DEBUG InitAppTask          - Initializing Assets
11:09:40.336 [FXGL Background Thread 1 ] DEBUG InitAppTask          - Initializing Game
11:09:40.343 [FXGL Background Thread 1 ] DEBUG FXGLAssetLoader      - Loading from disk: /assets/text/level.txt
11:09:40.430 [JavaFX Application Thread] DEBUG FXGLDisplay          - Showing stage
11:09:40.430 [JavaFX Application Thread] DEBUG FXGLDisplay          - Root size: 1040.0x840.0
11:09:40.430 [JavaFX Application Thread] DEBUG FXGLDisplay          - Scene size: 1040.0x840.0
11:09:40.430 [JavaFX Application Thread] DEBUG FXGLDisplay          - Stage size: 1058.0x885.0
11:09:40.742 [FXGL Background Thread 1 ] DEBUG GameWorld            - Resetting game world
11:09:40.743 [FXGL Background Thread 1 ] TRACE EntityWorld          - Resetting entity world
11:09:40.743 [FXGL Background Thread 1 ] DEBUG PhysicsWorld         - Resetting physics world
11:09:40.743 [FXGL Background Thread 1 ] DEBUG GameScene            - Resetting game scene
11:09:40.743 [FXGL Background Thread 1 ] DEBUG GameWorld            - Setting level: com.almasb.fxgl.gameplay.Level@38007cc5
11:09:40.749 [FXGL Background Thread 1 ] DEBUG InitAppTask          - Initializing Physics
11:09:40.749 [FXGL Background Thread 1 ] DEBUG InitAppTask          - Initializing UI
11:09:40.750 [FXGL Background Thread 1 ] DEBUG InitAppTask          - Initialization Complete
11:09:40.758 [JavaFX Application Thread] DEBUG FXGLInput            - Clearing active input actions
11:09:40.758 [JavaFX Application Thread] DEBUG FXGLMasterTimer      - Starting master timer
11:09:40.758 [JavaFX Application Thread] DEBUG GameApplication      - State: LOADING -> PLAYING
11:09:40.765 [JavaFX Application Thread] DEBUG FXGLEventBus         - Firing event: FXGLEvent[type=RESUME]
11:09:40.772 [JavaFX Application Thread] DEBUG GameScene            - Entity added to scene
11:09:40.773 [JavaFX Application Thread] DEBUG GameScene            - Added MainViewComponent
11:09:40.775 [JavaFX Application Thread] DEBUG GameScene            - Creating render group for layer: BACKGROUND(1000)
11:09:40.779 [JavaFX Application Thread] DEBUG GameScene            - Entity added to scene
11:09:40.779 [JavaFX Application Thread] DEBUG GameScene            - Added MainViewComponent
11:09:40.779 [JavaFX Application Thread] DEBUG GameScene            - Entity added to scene
11:09:40.780 [JavaFX Application Thread] DEBUG GameScene            - Added MainViewComponent
11:09:40.780 [JavaFX Application Thread] DEBUG GameScene            - Entity added to scene
11:09:40.780 [JavaFX Application Thread] DEBUG GameScene            - Added MainViewComponent
11:09:40.780 [JavaFX Application Thread] DEBUG GameScene            - Entity added to scene
11:09:40.780 [JavaFX Application Thread] DEBUG GameScene            - Added MainViewComponent
11:09:40.780 [JavaFX Application Thread] DEBUG GameScene            - Entity added to scene
11:09:40.780 [JavaFX Application Thread] DEBUG GameScene            - Added MainViewComponent
11:09:40.781 [JavaFX Application Thread] DEBUG GameScene            - Entity added to scene
11:09:40.781 [JavaFX Application Thread] DEBUG GameScene            - Added MainViewComponent
11:09:40.781 [JavaFX Application Thread] DEBUG GameScene            - Entity added to scene
11:09:40.781 [JavaFX Application Thread] DEBUG GameScene            - Added MainViewComponent
11:09:40.782 [JavaFX Application Thread] DEBUG GameScene            - Entity added to scene
11:09:40.782 [JavaFX Application Thread] DEBUG GameScene            - Added MainViewComponent
11:09:40.782 [JavaFX Application Thread] DEBUG GameScene            - Entity added to scene
11:09:40.782 [JavaFX Application Thread] DEBUG GameScene            - Added MainViewComponent
11:09:40.782 [JavaFX Application Thread] DEBUG GameScene            - Entity added to scene
11:09:40.783 [JavaFX Application Thread] DEBUG GameScene            - Added MainViewComponent
11:09:40.783 [JavaFX Application Thread] DEBUG GameScene            - Entity added to scene
11:09:40.783 [JavaFX Application Thread] DEBUG GameScene            - Added MainViewComponent
11:09:40.785 [JavaFX Application Thread] DEBUG GameScene            - Entity added to scene
11:09:40.785 [JavaFX Application Thread] DEBUG GameScene            - Added MainViewComponent
11:09:40.786 [JavaFX Application Thread] DEBUG GameScene            - Entity added to scene
11:09:40.786 [JavaFX Application Thread] DEBUG GameScene            - Added MainViewComponent
11:09:40.786 [JavaFX Application Thread] DEBUG GameScene            - Entity added to scene
11:09:40.786 [JavaFX Application Thread] DEBUG GameScene            - Added MainViewComponent
11:09:40.787 [JavaFX Application Thread] DEBUG GameScene            - Entity added to scene
11:09:40.787 [JavaFX Application Thread] DEBUG GameScene            - Added MainViewComponent
11:09:40.787 [JavaFX Application Thread] DEBUG GameScene            - Entity added to scene
11:09:40.787 [JavaFX Application Thread] DEBUG GameScene            - Added MainViewComponent
11:09:40.787 [JavaFX Application Thread] DEBUG GameScene            - Entity added to scene
11:09:40.787 [JavaFX Application Thread] DEBUG GameScene            - Added MainViewComponent
11:09:40.788 [JavaFX Application Thread] DEBUG GameScene            - Entity added to scene
11:09:40.788 [JavaFX Application Thread] DEBUG GameScene            - Added MainViewComponent
11:09:40.788 [JavaFX Application Thread] DEBUG GameScene            - Entity added to scene
11:09:40.788 [JavaFX Application Thread] DEBUG GameScene            - Added MainViewComponent
11:09:40.788 [JavaFX Application Thread] DEBUG GameScene            - Entity added to scene
11:09:40.788 [JavaFX Application Thread] DEBUG GameScene            - Added MainViewComponent
11:09:40.788 [JavaFX Application Thread] DEBUG GameScene            - Entity added to scene
11:09:40.788 [JavaFX Application Thread] DEBUG GameScene            - Added MainViewComponent
11:09:40.789 [JavaFX Application Thread] DEBUG GameScene            - Entity added to scene
11:09:40.789 [JavaFX Application Thread] DEBUG GameScene            - Added MainViewComponent
11:09:40.789 [JavaFX Application Thread] DEBUG GameScene            - Entity added to scene
11:09:40.789 [JavaFX Application Thread] DEBUG GameScene            - Added MainViewComponent
11:09:40.789 [JavaFX Application Thread] DEBUG GameScene            - Entity added to scene
11:09:40.789 [JavaFX Application Thread] DEBUG GameScene            - Added MainViewComponent
11:09:40.789 [JavaFX Application Thread] DEBUG GameScene            - Entity added to scene
11:09:40.789 [JavaFX Application Thread] DEBUG GameScene            - Added MainViewComponent
11:09:40.790 [JavaFX Application Thread] DEBUG GameScene            - Entity added to scene
11:09:40.790 [JavaFX Application Thread] DEBUG GameScene            - Added MainViewComponent
11:09:40.790 [JavaFX Application Thread] DEBUG GameScene            - Entity added to scene
11:09:40.790 [JavaFX Application Thread] DEBUG GameScene            - Added MainViewComponent
11:09:40.790 [JavaFX Application Thread] DEBUG GameScene            - Entity added to scene
11:09:40.790 [JavaFX Application Thread] DEBUG GameScene            - Added MainViewComponent
11:09:40.791 [JavaFX Application Thread] DEBUG GameScene            - Entity added to scene
11:09:40.791 [JavaFX Application Thread] DEBUG GameScene            - Added MainViewComponent
11:09:40.791 [JavaFX Application Thread] DEBUG GameScene            - Entity added to scene
11:09:40.791 [JavaFX Application Thread] DEBUG GameScene            - Added MainViewComponent
11:09:40.792 [JavaFX Application Thread] DEBUG GameScene            - Entity added to scene
11:09:40.792 [JavaFX Application Thread] DEBUG GameScene            - Added MainViewComponent
11:09:40.792 [JavaFX Application Thread] DEBUG GameScene            - Entity added to scene
11:09:40.792 [JavaFX Application Thread] DEBUG GameScene            - Added MainViewComponent
11:09:40.792 [JavaFX Application Thread] DEBUG GameScene            - Entity added to scene
11:09:40.792 [JavaFX Application Thread] DEBUG GameScene            - Added MainViewComponent
11:09:40.793 [JavaFX Application Thread] DEBUG GameScene            - Entity added to scene
11:09:40.793 [JavaFX Application Thread] DEBUG GameScene            - Added MainViewComponent
11:09:40.793 [JavaFX Application Thread] DEBUG GameScene            - Entity added to scene
11:09:40.793 [JavaFX Application Thread] DEBUG GameScene            - Added MainViewComponent
11:09:40.793 [JavaFX Application Thread] DEBUG GameScene            - Entity added to scene
11:09:40.793 [JavaFX Application Thread] DEBUG GameScene            - Added MainViewComponent
11:09:40.793 [JavaFX Application Thread] DEBUG GameScene            - Entity added to scene
11:09:40.794 [JavaFX Application Thread] DEBUG GameScene            - Added MainViewComponent
11:09:40.794 [JavaFX Application Thread] DEBUG GameScene            - Entity added to scene
11:09:40.794 [JavaFX Application Thread] DEBUG GameScene            - Added MainViewComponent
11:09:40.794 [JavaFX Application Thread] DEBUG GameScene            - Entity added to scene
11:09:40.794 [JavaFX Application Thread] DEBUG GameScene            - Added MainViewComponent
11:09:40.795 [JavaFX Application Thread] DEBUG GameScene            - Entity added to scene
11:09:40.795 [JavaFX Application Thread] DEBUG GameScene            - Added MainViewComponent
11:09:40.795 [JavaFX Application Thread] DEBUG GameScene            - Entity added to scene
11:09:40.795 [JavaFX Application Thread] DEBUG GameScene            - Added MainViewComponent
11:09:40.795 [JavaFX Application Thread] DEBUG GameScene            - Entity added to scene
11:09:40.795 [JavaFX Application Thread] DEBUG GameScene            - Added MainViewComponent
11:09:40.796 [JavaFX Application Thread] DEBUG GameScene            - Entity added to scene
11:09:40.796 [JavaFX Application Thread] DEBUG GameScene            - Added MainViewComponent
11:09:40.796 [JavaFX Application Thread] DEBUG GameScene            - Entity added to scene
11:09:40.796 [JavaFX Application Thread] DEBUG GameScene            - Added MainViewComponent
11:09:40.796 [JavaFX Application Thread] DEBUG GameScene            - Entity added to scene
11:09:40.797 [JavaFX Application Thread] DEBUG GameScene            - Added MainViewComponent
11:09:40.797 [JavaFX Application Thread] DEBUG GameScene            - Entity added to scene
11:09:40.797 [JavaFX Application Thread] DEBUG GameScene            - Added MainViewComponent
11:09:40.797 [JavaFX Application Thread] DEBUG GameScene            - Entity added to scene
11:09:40.797 [JavaFX Application Thread] DEBUG GameScene            - Added MainViewComponent
11:09:40.797 [JavaFX Application Thread] DEBUG GameScene            - Entity added to scene
11:09:40.798 [JavaFX Application Thread] DEBUG GameScene            - Added MainViewComponent
11:09:40.798 [JavaFX Application Thread] DEBUG GameScene            - Entity added to scene
11:09:40.798 [JavaFX Application Thread] DEBUG GameScene            - Added MainViewComponent
11:09:40.798 [JavaFX Application Thread] DEBUG GameScene            - Entity added to scene
11:09:40.798 [JavaFX Application Thread] DEBUG GameScene            - Added MainViewComponent
11:09:40.798 [JavaFX Application Thread] DEBUG GameScene            - Entity added to scene
11:09:40.799 [JavaFX Application Thread] DEBUG GameScene            - Added MainViewComponent
11:09:40.799 [JavaFX Application Thread] DEBUG GameScene            - Entity added to scene
11:09:40.799 [JavaFX Application Thread] DEBUG GameScene            - Added MainViewComponent
11:09:40.799 [JavaFX Application Thread] DEBUG GameScene            - Entity added to scene
11:09:40.799 [JavaFX Application Thread] DEBUG GameScene            - Added MainViewComponent
11:09:40.800 [JavaFX Application Thread] DEBUG GameScene            - Entity added to scene
11:09:40.800 [JavaFX Application Thread] DEBUG GameScene            - Added MainViewComponent
11:09:40.800 [JavaFX Application Thread] DEBUG GameScene            - Entity added to scene
11:09:40.800 [JavaFX Application Thread] DEBUG GameScene            - Added MainViewComponent
11:09:40.800 [JavaFX Application Thread] DEBUG GameScene            - Entity added to scene
11:09:40.800 [JavaFX Application Thread] DEBUG GameScene            - Added MainViewComponent
11:09:40.801 [JavaFX Application Thread] DEBUG GameScene            - Entity added to scene
11:09:40.801 [JavaFX Application Thread] DEBUG GameScene            - Added MainViewComponent
11:09:40.801 [JavaFX Application Thread] DEBUG GameScene            - Entity added to scene
11:09:40.801 [JavaFX Application Thread] DEBUG GameScene            - Added MainViewComponent
11:09:40.801 [JavaFX Application Thread] DEBUG GameScene            - Entity added to scene
11:09:40.801 [JavaFX Application Thread] DEBUG GameScene            - Added MainViewComponent
11:09:40.802 [JavaFX Application Thread] DEBUG GameScene            - Entity added to scene
11:09:40.802 [JavaFX Application Thread] DEBUG GameScene            - Added MainViewComponent
11:09:40.802 [JavaFX Application Thread] DEBUG GameScene            - Entity added to scene
11:09:40.802 [JavaFX Application Thread] DEBUG GameScene            - Added MainViewComponent
11:09:40.802 [JavaFX Application Thread] DEBUG GameScene            - Entity added to scene
11:09:40.802 [JavaFX Application Thread] DEBUG GameScene            - Added MainViewComponent
11:09:40.803 [JavaFX Application Thread] DEBUG GameScene            - Entity added to scene
11:09:40.803 [JavaFX Application Thread] DEBUG GameScene            - Added MainViewComponent
11:09:40.803 [JavaFX Application Thread] DEBUG GameScene            - Entity added to scene
11:09:40.803 [JavaFX Application Thread] DEBUG GameScene            - Added MainViewComponent
11:09:40.803 [JavaFX Application Thread] DEBUG GameScene            - Entity added to scene
11:09:40.803 [JavaFX Application Thread] DEBUG GameScene            - Added MainViewComponent
11:09:40.804 [JavaFX Application Thread] DEBUG GameScene            - Entity added to scene
11:09:40.804 [JavaFX Application Thread] DEBUG GameScene            - Added MainViewComponent
11:09:40.804 [JavaFX Application Thread] DEBUG GameScene            - Entity added to scene
11:09:40.804 [JavaFX Application Thread] DEBUG GameScene            - Added MainViewComponent
11:09:40.804 [JavaFX Application Thread] DEBUG GameScene            - Entity added to scene
11:09:40.804 [JavaFX Application Thread] DEBUG GameScene            - Added MainViewComponent
11:09:40.805 [JavaFX Application Thread] DEBUG GameScene            - Entity added to scene
11:09:40.805 [JavaFX Application Thread] DEBUG GameScene            - Added MainViewComponent
11:09:40.805 [JavaFX Application Thread] DEBUG GameScene            - Entity added to scene
11:09:40.805 [JavaFX Application Thread] DEBUG GameScene            - Added MainViewComponent
11:09:40.805 [JavaFX Application Thread] DEBUG GameScene            - Entity added to scene
11:09:40.805 [JavaFX Application Thread] DEBUG GameScene            - Added MainViewComponent
11:09:40.806 [JavaFX Application Thread] DEBUG GameScene            - Entity added to scene
11:09:40.806 [JavaFX Application Thread] DEBUG GameScene            - Added MainViewComponent
11:09:40.806 [JavaFX Application Thread] DEBUG GameScene            - Entity added to scene
11:09:40.806 [JavaFX Application Thread] DEBUG GameScene            - Added MainViewComponent
11:09:40.806 [JavaFX Application Thread] DEBUG GameScene            - Entity added to scene
11:09:40.807 [JavaFX Application Thread] DEBUG GameScene            - Added MainViewComponent
11:09:40.807 [JavaFX Application Thread] DEBUG GameScene            - Entity added to scene
11:09:40.807 [JavaFX Application Thread] DEBUG GameScene            - Added MainViewComponent
11:09:40.807 [JavaFX Application Thread] DEBUG GameScene            - Entity added to scene
11:09:40.807 [JavaFX Application Thread] DEBUG GameScene            - Added MainViewComponent
11:09:40.808 [JavaFX Application Thread] DEBUG GameScene            - Entity added to scene
11:09:40.808 [JavaFX Application Thread] DEBUG GameScene            - Added MainViewComponent
11:09:40.808 [JavaFX Application Thread] DEBUG GameScene            - Entity added to scene
11:09:40.808 [JavaFX Application Thread] DEBUG GameScene            - Added MainViewComponent
11:09:40.808 [JavaFX Application Thread] DEBUG GameScene            - Entity added to scene
11:09:40.808 [JavaFX Application Thread] DEBUG GameScene            - Added MainViewComponent
11:09:40.808 [JavaFX Application Thread] DEBUG GameScene            - Entity added to scene
11:09:40.808 [JavaFX Application Thread] DEBUG GameScene            - Added MainViewComponent
11:09:40.809 [JavaFX Application Thread] DEBUG GameScene            - Entity added to scene
11:09:40.809 [JavaFX Application Thread] DEBUG GameScene            - Added MainViewComponent
11:09:40.809 [JavaFX Application Thread] DEBUG GameScene            - Entity added to scene
11:09:40.809 [JavaFX Application Thread] DEBUG GameScene            - Added MainViewComponent
11:09:40.809 [JavaFX Application Thread] DEBUG GameScene            - Entity added to scene
11:09:40.809 [JavaFX Application Thread] DEBUG GameScene            - Added MainViewComponent
11:09:40.810 [JavaFX Application Thread] DEBUG GameScene            - Entity added to scene
11:09:40.810 [JavaFX Application Thread] DEBUG GameScene            - Added MainViewComponent
11:09:40.810 [JavaFX Application Thread] DEBUG GameScene            - Entity added to scene
11:09:40.810 [JavaFX Application Thread] DEBUG GameScene            - Added MainViewComponent
11:09:40.810 [JavaFX Application Thread] DEBUG GameScene            - Entity added to scene
11:09:40.810 [JavaFX Application Thread] DEBUG GameScene            - Added MainViewComponent
11:09:40.811 [JavaFX Application Thread] DEBUG GameScene            - Entity added to scene
11:09:40.811 [JavaFX Application Thread] DEBUG GameScene            - Added MainViewComponent
11:09:40.811 [JavaFX Application Thread] DEBUG GameScene            - Entity added to scene
11:09:40.811 [JavaFX Application Thread] DEBUG GameScene            - Added MainViewComponent
11:09:40.811 [JavaFX Application Thread] DEBUG GameScene            - Entity added to scene
11:09:40.811 [JavaFX Application Thread] DEBUG GameScene            - Added MainViewComponent
11:09:40.812 [JavaFX Application Thread] DEBUG GameScene            - Entity added to scene
11:09:40.812 [JavaFX Application Thread] DEBUG GameScene            - Added MainViewComponent
11:09:40.812 [JavaFX Application Thread] DEBUG GameScene            - Entity added to scene
11:09:40.812 [JavaFX Application Thread] DEBUG GameScene            - Added MainViewComponent
11:09:40.813 [JavaFX Application Thread] DEBUG GameScene            - Entity added to scene
11:09:40.813 [JavaFX Application Thread] DEBUG GameScene            - Added MainViewComponent
11:09:40.813 [JavaFX Application Thread] DEBUG GameScene            - Entity added to scene
11:09:40.813 [JavaFX Application Thread] DEBUG GameScene            - Added MainViewComponent
11:09:40.814 [JavaFX Application Thread] DEBUG GameScene            - Entity added to scene
11:09:40.814 [JavaFX Application Thread] DEBUG GameScene            - Added MainViewComponent
11:09:40.814 [JavaFX Application Thread] DEBUG GameScene            - Entity added to scene
11:09:40.814 [JavaFX Application Thread] DEBUG GameScene            - Added MainViewComponent
11:09:40.814 [JavaFX Application Thread] DEBUG GameScene            - Entity added to scene
11:09:40.814 [JavaFX Application Thread] DEBUG GameScene            - Added MainViewComponent
11:09:40.815 [JavaFX Application Thread] DEBUG GameScene            - Entity added to scene
11:09:40.815 [JavaFX Application Thread] DEBUG GameScene            - Added MainViewComponent
11:09:40.815 [JavaFX Application Thread] DEBUG GameScene            - Entity added to scene
11:09:40.815 [JavaFX Application Thread] DEBUG GameScene            - Added MainViewComponent
11:09:40.815 [JavaFX Application Thread] DEBUG GameScene            - Entity added to scene
11:09:40.815 [JavaFX Application Thread] DEBUG GameScene            - Added MainViewComponent
11:09:40.815 [JavaFX Application Thread] DEBUG GameScene            - Entity added to scene
11:09:40.816 [JavaFX Application Thread] DEBUG GameScene            - Added MainViewComponent
11:09:40.816 [JavaFX Application Thread] DEBUG GameScene            - Entity added to scene
11:09:40.816 [JavaFX Application Thread] DEBUG GameScene            - Added MainViewComponent
11:09:40.816 [JavaFX Application Thread] DEBUG GameScene            - Entity added to scene
11:09:40.816 [JavaFX Application Thread] DEBUG GameScene            - Added MainViewComponent
11:09:40.817 [JavaFX Application Thread] DEBUG GameScene            - Entity added to scene
11:09:40.817 [JavaFX Application Thread] DEBUG GameScene            - Added MainViewComponent
11:09:40.817 [JavaFX Application Thread] DEBUG GameScene            - Entity added to scene
11:09:40.817 [JavaFX Application Thread] DEBUG GameScene            - Added MainViewComponent
11:09:40.818 [JavaFX Application Thread] DEBUG GameScene            - Entity added to scene
11:09:40.818 [JavaFX Application Thread] DEBUG GameScene            - Added MainViewComponent
11:09:40.818 [JavaFX Application Thread] DEBUG GameScene            - Entity added to scene
11:09:40.818 [JavaFX Application Thread] DEBUG GameScene            - Added MainViewComponent
11:09:40.818 [JavaFX Application Thread] DEBUG GameScene            - Entity added to scene
11:09:40.818 [JavaFX Application Thread] DEBUG GameScene            - Added MainViewComponent
11:09:40.818 [JavaFX Application Thread] DEBUG GameScene            - Entity added to scene
11:09:40.818 [JavaFX Application Thread] DEBUG GameScene            - Added MainViewComponent
11:09:40.819 [JavaFX Application Thread] DEBUG GameScene            - Entity added to scene
11:09:40.819 [JavaFX Application Thread] DEBUG GameScene            - Added MainViewComponent
11:09:40.819 [JavaFX Application Thread] DEBUG GameScene            - Entity added to scene
11:09:40.819 [JavaFX Application Thread] DEBUG GameScene            - Added MainViewComponent
11:09:40.819 [JavaFX Application Thread] DEBUG GameScene            - Entity added to scene
11:09:40.819 [JavaFX Application Thread] DEBUG GameScene            - Added MainViewComponent
11:09:40.819 [JavaFX Application Thread] DEBUG GameScene            - Entity added to scene
11:09:40.820 [JavaFX Application Thread] DEBUG GameScene            - Added MainViewComponent
11:09:40.820 [JavaFX Application Thread] DEBUG GameScene            - Entity added to scene
11:09:40.820 [JavaFX Application Thread] DEBUG GameScene            - Added MainViewComponent
11:09:40.820 [JavaFX Application Thread] DEBUG GameScene            - Entity added to scene
11:09:40.820 [JavaFX Application Thread] DEBUG GameScene            - Added MainViewComponent
11:09:40.820 [JavaFX Application Thread] DEBUG GameScene            - Entity added to scene
11:09:40.820 [JavaFX Application Thread] DEBUG GameScene            - Added MainViewComponent
11:09:40.821 [JavaFX Application Thread] DEBUG GameScene            - Entity added to scene
11:09:40.821 [JavaFX Application Thread] DEBUG GameScene            - Added MainViewComponent
11:09:40.821 [JavaFX Application Thread] DEBUG GameScene            - Entity added to scene
11:09:40.821 [JavaFX Application Thread] DEBUG GameScene            - Added MainViewComponent
11:09:40.821 [JavaFX Application Thread] DEBUG GameScene            - Entity added to scene
11:09:40.821 [JavaFX Application Thread] DEBUG GameScene            - Added MainViewComponent
11:09:40.821 [JavaFX Application Thread] DEBUG GameScene            - Entity added to scene
11:09:40.821 [JavaFX Application Thread] DEBUG GameScene            - Added MainViewComponent
11:09:40.822 [JavaFX Application Thread] DEBUG GameScene            - Entity added to scene
11:09:40.822 [JavaFX Application Thread] DEBUG GameScene            - Added MainViewComponent
11:09:40.822 [JavaFX Application Thread] DEBUG GameScene            - Entity added to scene
11:09:40.822 [JavaFX Application Thread] DEBUG GameScene            - Added MainViewComponent
11:09:40.822 [JavaFX Application Thread] DEBUG GameScene            - Entity added to scene
11:09:40.823 [JavaFX Application Thread] DEBUG GameScene            - Added MainViewComponent
11:09:40.823 [JavaFX Application Thread] DEBUG GameScene            - Entity added to scene
11:09:40.823 [JavaFX Application Thread] DEBUG GameScene            - Added MainViewComponent
11:09:40.823 [JavaFX Application Thread] DEBUG GameScene            - Entity added to scene
11:09:40.824 [JavaFX Application Thread] DEBUG GameScene            - Added MainViewComponent
11:09:40.824 [JavaFX Application Thread] DEBUG GameScene            - Entity added to scene
11:09:40.824 [JavaFX Application Thread] DEBUG GameScene            - Added MainViewComponent
11:09:40.824 [JavaFX Application Thread] DEBUG GameScene            - Entity added to scene
11:09:40.825 [JavaFX Application Thread] DEBUG GameScene            - Added MainViewComponent
11:09:40.825 [JavaFX Application Thread] DEBUG GameScene            - Entity added to scene
11:09:40.825 [JavaFX Application Thread] DEBUG GameScene            - Added MainViewComponent
11:09:40.826 [JavaFX Application Thread] DEBUG GameScene            - Entity added to scene
11:09:40.826 [JavaFX Application Thread] DEBUG GameScene            - Added MainViewComponent
11:09:40.826 [JavaFX Application Thread] DEBUG GameScene            - Entity added to scene
11:09:40.826 [JavaFX Application Thread] DEBUG GameScene            - Added MainViewComponent
11:09:40.827 [JavaFX Application Thread] DEBUG GameScene            - Entity added to scene
11:09:40.827 [JavaFX Application Thread] DEBUG GameScene            - Added MainViewComponent
11:09:40.827 [JavaFX Application Thread] DEBUG GameScene            - Entity added to scene
11:09:40.827 [JavaFX Application Thread] DEBUG GameScene            - Added MainViewComponent
11:09:40.827 [JavaFX Application Thread] DEBUG GameScene            - Entity added to scene
11:09:40.828 [JavaFX Application Thread] DEBUG GameScene            - Added MainViewComponent
11:09:40.828 [JavaFX Application Thread] DEBUG GameScene            - Entity added to scene
11:09:40.828 [JavaFX Application Thread] DEBUG GameScene            - Added MainViewComponent
11:09:40.828 [JavaFX Application Thread] DEBUG GameScene            - Entity added to scene
11:09:40.828 [JavaFX Application Thread] DEBUG GameScene            - Added MainViewComponent
11:09:40.829 [JavaFX Application Thread] DEBUG GameScene            - Entity added to scene
11:09:40.829 [JavaFX Application Thread] DEBUG GameScene            - Added MainViewComponent
11:09:40.830 [JavaFX Application Thread] DEBUG GameScene            - Entity added to scene
11:09:40.830 [JavaFX Application Thread] DEBUG GameScene            - Added MainViewComponent
11:09:40.831 [JavaFX Application Thread] DEBUG GameScene            - Entity added to scene
11:09:40.831 [JavaFX Application Thread] DEBUG GameScene            - Added MainViewComponent
11:09:40.831 [JavaFX Application Thread] DEBUG GameScene            - Entity added to scene
11:09:40.831 [JavaFX Application Thread] DEBUG GameScene            - Added MainViewComponent
11:09:40.832 [JavaFX Application Thread] DEBUG GameScene            - Entity added to scene
11:09:40.832 [JavaFX Application Thread] DEBUG GameScene            - Added MainViewComponent
11:09:40.832 [JavaFX Application Thread] DEBUG GameScene            - Entity added to scene
11:09:40.832 [JavaFX Application Thread] DEBUG GameScene            - Added MainViewComponent
11:09:40.832 [JavaFX Application Thread] DEBUG GameScene            - Entity added to scene
11:09:40.832 [JavaFX Application Thread] DEBUG GameScene            - Added MainViewComponent
11:09:40.833 [JavaFX Application Thread] DEBUG GameScene            - Entity added to scene
11:09:40.833 [JavaFX Application Thread] DEBUG GameScene            - Added MainViewComponent
11:09:40.833 [JavaFX Application Thread] DEBUG GameScene            - Entity added to scene
11:09:40.833 [JavaFX Application Thread] DEBUG GameScene            - Added MainViewComponent
11:09:40.833 [JavaFX Application Thread] DEBUG GameScene            - Entity added to scene
11:09:40.833 [JavaFX Application Thread] DEBUG GameScene            - Added MainViewComponent
11:09:40.834 [JavaFX Application Thread] DEBUG GameScene            - Entity added to scene
11:09:40.834 [JavaFX Application Thread] DEBUG GameScene            - Added MainViewComponent
11:09:40.834 [JavaFX Application Thread] DEBUG GameScene            - Entity added to scene
11:09:40.835 [JavaFX Application Thread] DEBUG GameScene            - Added MainViewComponent
11:09:40.835 [JavaFX Application Thread] DEBUG GameScene            - Entity added to scene
11:09:40.835 [JavaFX Application Thread] DEBUG GameScene            - Added MainViewComponent
11:09:40.836 [JavaFX Application Thread] DEBUG GameScene            - Entity added to scene
11:09:40.836 [JavaFX Application Thread] DEBUG GameScene            - Added MainViewComponent
11:09:40.836 [JavaFX Application Thread] DEBUG GameScene            - Entity added to scene
11:09:40.836 [JavaFX Application Thread] DEBUG GameScene            - Added MainViewComponent
11:09:40.837 [JavaFX Application Thread] DEBUG GameScene            - Entity added to scene
11:09:40.837 [JavaFX Application Thread] DEBUG GameScene            - Added MainViewComponent
11:09:40.837 [JavaFX Application Thread] DEBUG GameScene            - Entity added to scene
11:09:40.837 [JavaFX Application Thread] DEBUG GameScene            - Added MainViewComponent
11:09:40.837 [JavaFX Application Thread] DEBUG GameScene            - Entity added to scene
11:09:40.838 [JavaFX Application Thread] DEBUG GameScene            - Added MainViewComponent
11:09:40.838 [JavaFX Application Thread] DEBUG GameScene            - Entity added to scene
11:09:40.838 [JavaFX Application Thread] DEBUG GameScene            - Added MainViewComponent
11:09:40.838 [JavaFX Application Thread] DEBUG GameScene            - Entity added to scene
11:09:40.838 [JavaFX Application Thread] DEBUG GameScene            - Added MainViewComponent
11:09:40.838 [JavaFX Application Thread] DEBUG GameScene            - Entity added to scene
11:09:40.839 [JavaFX Application Thread] DEBUG GameScene            - Added MainViewComponent
11:09:40.839 [JavaFX Application Thread] DEBUG GameScene            - Entity added to scene
11:09:40.839 [JavaFX Application Thread] DEBUG GameScene            - Added MainViewComponent
11:09:40.839 [JavaFX Application Thread] DEBUG GameScene            - Entity added to scene
11:09:40.840 [JavaFX Application Thread] DEBUG GameScene            - Added MainViewComponent
11:09:40.840 [JavaFX Application Thread] DEBUG GameScene            - Entity added to scene
11:09:40.840 [JavaFX Application Thread] DEBUG GameScene            - Added MainViewComponent
11:09:40.840 [JavaFX Application Thread] DEBUG GameScene            - Entity added to scene
11:09:40.840 [JavaFX Application Thread] DEBUG GameScene            - Added MainViewComponent
11:09:40.841 [JavaFX Application Thread] DEBUG GameScene            - Entity added to scene
11:09:40.841 [JavaFX Application Thread] DEBUG GameScene            - Added MainViewComponent
11:09:40.841 [JavaFX Application Thread] DEBUG GameScene            - Entity added to scene
11:09:40.841 [JavaFX Application Thread] DEBUG GameScene            - Added MainViewComponent
11:09:40.841 [JavaFX Application Thread] DEBUG GameScene            - Entity added to scene
11:09:40.841 [JavaFX Application Thread] DEBUG GameScene            - Added MainViewComponent
11:09:40.841 [JavaFX Application Thread] DEBUG GameScene            - Entity added to scene
11:09:40.841 [JavaFX Application Thread] DEBUG GameScene            - Added MainViewComponent
11:09:40.842 [JavaFX Application Thread] DEBUG GameScene            - Entity added to scene
11:09:40.842 [JavaFX Application Thread] DEBUG GameScene            - Added MainViewComponent
11:09:40.842 [JavaFX Application Thread] DEBUG GameScene            - Entity added to scene
11:09:40.842 [JavaFX Application Thread] DEBUG GameScene            - Added MainViewComponent
11:09:40.843 [JavaFX Application Thread] DEBUG GameScene            - Entity added to scene
11:09:40.843 [JavaFX Application Thread] DEBUG GameScene            - Added MainViewComponent
11:09:40.843 [JavaFX Application Thread] DEBUG GameScene            - Entity added to scene
11:09:40.843 [JavaFX Application Thread] DEBUG GameScene            - Added MainViewComponent
11:09:40.843 [JavaFX Application Thread] DEBUG GameScene            - Entity added to scene
11:09:40.843 [JavaFX Application Thread] DEBUG GameScene            - Added MainViewComponent
11:09:40.844 [JavaFX Application Thread] DEBUG GameScene            - Entity added to scene
11:09:40.844 [JavaFX Application Thread] DEBUG GameScene            - Added MainViewComponent
11:09:40.844 [JavaFX Application Thread] DEBUG GameScene            - Entity added to scene
11:09:40.844 [JavaFX Application Thread] DEBUG GameScene            - Added MainViewComponent
11:09:40.845 [JavaFX Application Thread] DEBUG GameScene            - Entity added to scene
11:09:40.845 [JavaFX Application Thread] DEBUG GameScene            - Added MainViewComponent
11:09:40.845 [JavaFX Application Thread] DEBUG GameScene            - Entity added to scene
11:09:40.845 [JavaFX Application Thread] DEBUG GameScene            - Added MainViewComponent
11:09:40.846 [JavaFX Application Thread] DEBUG GameScene            - Entity added to scene
11:09:40.846 [JavaFX Application Thread] DEBUG GameScene            - Added MainViewComponent
11:09:40.846 [JavaFX Application Thread] DEBUG GameScene            - Entity added to scene
11:09:40.846 [JavaFX Application Thread] DEBUG GameScene            - Added MainViewComponent
11:09:40.846 [JavaFX Application Thread] DEBUG GameScene            - Entity added to scene
11:09:40.846 [JavaFX Application Thread] DEBUG GameScene            - Added MainViewComponent
11:09:40.847 [JavaFX Application Thread] DEBUG GameScene            - Entity added to scene
11:09:40.847 [JavaFX Application Thread] DEBUG GameScene            - Added MainViewComponent
11:09:40.847 [JavaFX Application Thread] DEBUG GameScene            - Entity added to scene
11:09:40.847 [JavaFX Application Thread] DEBUG GameScene            - Added MainViewComponent
11:09:40.848 [JavaFX Application Thread] DEBUG GameScene            - Entity added to scene
11:09:40.848 [JavaFX Application Thread] DEBUG GameScene            - Added MainViewComponent
11:09:40.848 [JavaFX Application Thread] DEBUG GameScene            - Entity added to scene
11:09:40.848 [JavaFX Application Thread] DEBUG GameScene            - Added MainViewComponent
11:09:40.848 [JavaFX Application Thread] DEBUG GameScene            - Entity added to scene
11:09:40.848 [JavaFX Application Thread] DEBUG GameScene            - Added MainViewComponent
11:09:40.849 [JavaFX Application Thread] DEBUG GameScene            - Entity added to scene
11:09:40.849 [JavaFX Application Thread] DEBUG GameScene            - Added MainViewComponent
11:09:40.849 [JavaFX Application Thread] DEBUG GameScene            - Entity added to scene
11:09:40.849 [JavaFX Application Thread] DEBUG GameScene            - Added MainViewComponent
11:09:40.849 [JavaFX Application Thread] DEBUG GameScene            - Entity added to scene
11:09:40.849 [JavaFX Application Thread] DEBUG GameScene            - Added MainViewComponent
11:09:40.850 [JavaFX Application Thread] DEBUG GameScene            - Entity added to scene
11:09:40.850 [JavaFX Application Thread] DEBUG GameScene            - Added MainViewComponent
11:09:40.850 [JavaFX Application Thread] DEBUG GameScene            - Entity added to scene
11:09:40.850 [JavaFX Application Thread] DEBUG GameScene            - Added MainViewComponent
11:09:40.850 [JavaFX Application Thread] DEBUG GameScene            - Entity added to scene
11:09:40.850 [JavaFX Application Thread] DEBUG GameScene            - Added MainViewComponent
11:09:40.851 [JavaFX Application Thread] DEBUG GameScene            - Entity added to scene
11:09:40.851 [JavaFX Application Thread] DEBUG GameScene            - Added MainViewComponent
11:09:40.851 [JavaFX Application Thread] DEBUG GameScene            - Entity added to scene
11:09:40.851 [JavaFX Application Thread] DEBUG GameScene            - Added MainViewComponent
11:09:40.851 [JavaFX Application Thread] DEBUG GameScene            - Entity added to scene
11:09:40.851 [JavaFX Application Thread] DEBUG GameScene            - Added MainViewComponent
11:09:40.852 [JavaFX Application Thread] DEBUG GameScene            - Entity added to scene
11:09:40.852 [JavaFX Application Thread] DEBUG GameScene            - Added MainViewComponent
11:09:40.852 [JavaFX Application Thread] DEBUG GameScene            - Entity added to scene
11:09:40.852 [JavaFX Application Thread] DEBUG GameScene            - Added MainViewComponent
11:09:40.852 [JavaFX Application Thread] DEBUG GameScene            - Entity added to scene
11:09:40.852 [JavaFX Application Thread] DEBUG GameScene            - Added MainViewComponent
11:09:40.853 [JavaFX Application Thread] DEBUG GameScene            - Entity added to scene
11:09:40.853 [JavaFX Application Thread] DEBUG GameScene            - Added MainViewComponent
11:09:40.853 [JavaFX Application Thread] DEBUG GameScene            - Entity added to scene
11:09:40.853 [JavaFX Application Thread] DEBUG GameScene            - Added MainViewComponent
11:09:40.853 [JavaFX Application Thread] DEBUG GameScene            - Entity added to scene
11:09:40.854 [JavaFX Application Thread] DEBUG GameScene            - Added MainViewComponent
11:09:40.854 [JavaFX Application Thread] DEBUG GameScene            - Entity added to scene
11:09:40.854 [JavaFX Application Thread] DEBUG GameScene            - Added MainViewComponent
11:09:40.854 [JavaFX Application Thread] DEBUG GameScene            - Entity added to scene
11:09:40.854 [JavaFX Application Thread] DEBUG GameScene            - Added MainViewComponent
11:09:40.855 [JavaFX Application Thread] DEBUG GameScene            - Entity added to scene
11:09:40.855 [JavaFX Application Thread] DEBUG GameScene            - Added MainViewComponent
11:09:40.855 [JavaFX Application Thread] DEBUG GameScene            - Entity added to scene
11:09:40.856 [JavaFX Application Thread] DEBUG GameScene            - Added MainViewComponent
11:09:40.856 [JavaFX Application Thread] DEBUG GameScene            - Entity added to scene
11:09:40.856 [JavaFX Application Thread] DEBUG GameScene            - Added MainViewComponent
11:09:40.856 [JavaFX Application Thread] DEBUG GameScene            - Entity added to scene
11:09:40.856 [JavaFX Application Thread] DEBUG GameScene            - Added MainViewComponent
11:09:40.857 [JavaFX Application Thread] DEBUG GameScene            - Entity added to scene
11:09:40.862 [JavaFX Application Thread] DEBUG GameScene            - Added MainViewComponent
11:09:40.863 [JavaFX Application Thread] DEBUG GameScene            - Entity added to scene
11:09:40.863 [JavaFX Application Thread] DEBUG GameScene            - Added MainViewComponent
11:09:40.864 [JavaFX Application Thread] DEBUG GameScene            - Entity added to scene
11:09:40.864 [JavaFX Application Thread] DEBUG GameScene            - Added MainViewComponent
11:09:40.864 [JavaFX Application Thread] DEBUG GameScene            - Entity added to scene
11:09:40.864 [JavaFX Application Thread] DEBUG GameScene            - Added MainViewComponent
11:09:40.865 [JavaFX Application Thread] DEBUG GameScene            - Entity added to scene
11:09:40.865 [JavaFX Application Thread] DEBUG GameScene            - Added MainViewComponent
11:09:40.865 [JavaFX Application Thread] DEBUG GameScene            - Entity added to scene
11:09:40.865 [JavaFX Application Thread] DEBUG GameScene            - Added MainViewComponent
11:09:40.865 [JavaFX Application Thread] DEBUG GameScene            - Entity added to scene
11:09:40.866 [JavaFX Application Thread] DEBUG GameScene            - Added MainViewComponent
11:09:40.866 [JavaFX Application Thread] DEBUG GameScene            - Entity added to scene
11:09:40.866 [JavaFX Application Thread] DEBUG GameScene            - Added MainViewComponent
11:09:40.867 [JavaFX Application Thread] DEBUG GameScene            - Entity added to scene
11:09:40.867 [JavaFX Application Thread] DEBUG GameScene            - Added MainViewComponent
11:09:40.867 [JavaFX Application Thread] DEBUG GameScene            - Entity added to scene
11:09:40.867 [JavaFX Application Thread] DEBUG GameScene            - Added MainViewComponent
11:09:40.868 [JavaFX Application Thread] DEBUG GameScene            - Entity added to scene
11:09:40.868 [JavaFX Application Thread] DEBUG GameScene            - Added MainViewComponent
11:09:40.868 [JavaFX Application Thread] DEBUG GameScene            - Entity added to scene
11:09:40.868 [JavaFX Application Thread] DEBUG GameScene            - Added MainViewComponent
11:09:40.869 [JavaFX Application Thread] DEBUG GameScene            - Entity added to scene
11:09:40.869 [JavaFX Application Thread] DEBUG GameScene            - Added MainViewComponent
11:09:40.870 [JavaFX Application Thread] DEBUG GameScene            - Entity added to scene
11:09:40.870 [JavaFX Application Thread] DEBUG GameScene            - Added MainViewComponent
11:09:40.870 [JavaFX Application Thread] DEBUG GameScene            - Entity added to scene
11:09:40.871 [JavaFX Application Thread] DEBUG GameScene            - Added MainViewComponent
11:09:40.871 [JavaFX Application Thread] DEBUG GameScene            - Entity added to scene
11:09:40.871 [JavaFX Application Thread] DEBUG GameScene            - Added MainViewComponent
11:09:40.872 [JavaFX Application Thread] DEBUG GameScene            - Entity added to scene
11:09:40.872 [JavaFX Application Thread] DEBUG GameScene            - Added MainViewComponent
11:09:40.872 [JavaFX Application Thread] DEBUG GameScene            - Entity added to scene
11:09:40.872 [JavaFX Application Thread] DEBUG GameScene            - Added MainViewComponent
11:09:40.873 [JavaFX Application Thread] DEBUG GameScene            - Entity added to scene
11:09:40.873 [JavaFX Application Thread] DEBUG GameScene            - Added MainViewComponent
11:09:40.873 [JavaFX Application Thread] DEBUG GameScene            - Entity added to scene
11:09:40.873 [JavaFX Application Thread] DEBUG GameScene            - Added MainViewComponent
11:09:40.874 [JavaFX Application Thread] DEBUG GameScene            - Entity added to scene
11:09:40.874 [JavaFX Application Thread] DEBUG GameScene            - Added MainViewComponent
11:09:40.874 [JavaFX Application Thread] DEBUG GameScene            - Entity added to scene
11:09:40.874 [JavaFX Application Thread] DEBUG GameScene            - Added MainViewComponent
11:09:40.874 [JavaFX Application Thread] DEBUG GameScene            - Entity added to scene
11:09:40.875 [JavaFX Application Thread] DEBUG GameScene            - Added MainViewComponent
11:09:40.876 [JavaFX Application Thread] DEBUG GameScene            - Entity added to scene
11:09:40.876 [JavaFX Application Thread] DEBUG GameScene            - Added MainViewComponent
11:09:40.876 [JavaFX Application Thread] DEBUG GameScene            - Entity added to scene
11:09:40.876 [JavaFX Application Thread] DEBUG GameScene            - Added MainViewComponent
11:09:40.877 [JavaFX Application Thread] DEBUG GameScene            - Entity added to scene
11:09:40.877 [JavaFX Application Thread] DEBUG GameScene            - Added MainViewComponent
11:09:40.877 [JavaFX Application Thread] DEBUG GameScene            - Entity added to scene
11:09:40.877 [JavaFX Application Thread] DEBUG GameScene            - Added MainViewComponent
11:09:40.877 [JavaFX Application Thread] DEBUG GameScene            - Entity added to scene
11:09:40.878 [JavaFX Application Thread] DEBUG GameScene            - Added MainViewComponent
11:09:40.878 [JavaFX Application Thread] DEBUG GameScene            - Entity added to scene
11:09:40.878 [JavaFX Application Thread] DEBUG GameScene            - Added MainViewComponent
11:09:40.878 [JavaFX Application Thread] DEBUG GameScene            - Entity added to scene
11:09:40.878 [JavaFX Application Thread] DEBUG GameScene            - Added MainViewComponent
11:09:40.879 [JavaFX Application Thread] DEBUG GameScene            - Entity added to scene
11:09:40.879 [JavaFX Application Thread] DEBUG GameScene            - Added MainViewComponent
11:09:40.879 [JavaFX Application Thread] DEBUG GameScene            - Entity added to scene
11:09:40.879 [JavaFX Application Thread] DEBUG GameScene            - Added MainViewComponent
11:09:40.880 [JavaFX Application Thread] DEBUG GameScene            - Entity added to scene
11:09:40.880 [JavaFX Application Thread] DEBUG GameScene            - Added MainViewComponent
11:09:40.880 [JavaFX Application Thread] DEBUG GameScene            - Entity added to scene
11:09:40.880 [JavaFX Application Thread] DEBUG GameScene            - Added MainViewComponent
11:09:40.881 [JavaFX Application Thread] DEBUG GameScene            - Entity added to scene
11:09:40.881 [JavaFX Application Thread] DEBUG GameScene            - Added MainViewComponent
11:09:40.881 [JavaFX Application Thread] DEBUG GameScene            - Entity added to scene
11:09:40.881 [JavaFX Application Thread] DEBUG GameScene            - Added MainViewComponent
11:09:40.881 [JavaFX Application Thread] DEBUG GameScene            - Entity added to scene
11:09:40.881 [JavaFX Application Thread] DEBUG GameScene            - Added MainViewComponent
11:09:40.882 [JavaFX Application Thread] DEBUG GameScene            - Entity added to scene
11:09:40.882 [JavaFX Application Thread] DEBUG GameScene            - Added MainViewComponent
11:09:40.882 [JavaFX Application Thread] DEBUG GameScene            - Entity added to scene
11:09:40.882 [JavaFX Application Thread] DEBUG GameScene            - Added MainViewComponent
11:09:40.882 [JavaFX Application Thread] DEBUG GameScene            - Entity added to scene
11:09:40.882 [JavaFX Application Thread] DEBUG GameScene            - Added MainViewComponent
11:09:40.883 [JavaFX Application Thread] DEBUG GameScene            - Entity added to scene
11:09:40.883 [JavaFX Application Thread] DEBUG GameScene            - Added MainViewComponent
11:09:40.883 [JavaFX Application Thread] DEBUG GameScene            - Entity added to scene
11:09:40.883 [JavaFX Application Thread] DEBUG GameScene            - Added MainViewComponent
11:09:40.883 [JavaFX Application Thread] DEBUG GameScene            - Entity added to scene
11:09:40.883 [JavaFX Application Thread] DEBUG GameScene            - Added MainViewComponent
11:09:40.884 [JavaFX Application Thread] DEBUG GameScene            - Entity added to scene
11:09:40.884 [JavaFX Application Thread] DEBUG GameScene            - Added MainViewComponent
11:09:40.884 [JavaFX Application Thread] DEBUG GameScene            - Entity added to scene
11:09:40.884 [JavaFX Application Thread] DEBUG GameScene            - Added MainViewComponent
11:09:40.884 [JavaFX Application Thread] DEBUG GameScene            - Entity added to scene
11:09:40.884 [JavaFX Application Thread] DEBUG GameScene            - Added MainViewComponent
11:09:40.885 [JavaFX Application Thread] DEBUG GameScene            - Entity added to scene
11:09:40.885 [JavaFX Application Thread] DEBUG GameScene            - Added MainViewComponent
11:09:40.885 [JavaFX Application Thread] DEBUG GameScene            - Entity added to scene
11:09:40.885 [JavaFX Application Thread] DEBUG GameScene            - Added MainViewComponent
11:09:40.886 [JavaFX Application Thread] DEBUG GameScene            - Entity added to scene
11:09:40.886 [JavaFX Application Thread] DEBUG GameScene            - Added MainViewComponent
11:09:40.886 [JavaFX Application Thread] DEBUG GameScene            - Entity added to scene
11:09:40.886 [JavaFX Application Thread] DEBUG GameScene            - Added MainViewComponent
11:09:40.886 [JavaFX Application Thread] DEBUG GameScene            - Entity added to scene
11:09:40.886 [JavaFX Application Thread] DEBUG GameScene            - Added MainViewComponent
11:09:40.887 [JavaFX Application Thread] DEBUG GameScene            - Entity added to scene
11:09:40.887 [JavaFX Application Thread] DEBUG GameScene            - Added MainViewComponent
11:09:40.887 [JavaFX Application Thread] DEBUG GameScene            - Entity added to scene
11:09:40.887 [JavaFX Application Thread] DEBUG GameScene            - Added MainViewComponent
11:09:40.888 [JavaFX Application Thread] DEBUG GameScene            - Entity added to scene
11:09:40.888 [JavaFX Application Thread] DEBUG GameScene            - Added MainViewComponent
11:09:40.888 [JavaFX Application Thread] DEBUG GameScene            - Entity added to scene
11:09:40.888 [JavaFX Application Thread] DEBUG GameScene            - Added MainViewComponent
11:09:40.889 [JavaFX Application Thread] DEBUG GameScene            - Entity added to scene
11:09:40.889 [JavaFX Application Thread] DEBUG GameScene            - Added MainViewComponent
11:09:40.889 [JavaFX Application Thread] DEBUG GameScene            - Entity added to scene
11:09:40.889 [JavaFX Application Thread] DEBUG GameScene            - Added MainViewComponent
11:09:40.889 [JavaFX Application Thread] DEBUG GameScene            - Entity added to scene
11:09:40.889 [JavaFX Application Thread] DEBUG GameScene            - Added MainViewComponent
11:09:40.889 [JavaFX Application Thread] DEBUG GameScene            - Entity added to scene
11:09:40.889 [JavaFX Application Thread] DEBUG GameScene            - Added MainViewComponent
11:09:40.890 [JavaFX Application Thread] DEBUG GameScene            - Entity added to scene
11:09:40.890 [JavaFX Application Thread] DEBUG GameScene            - Added MainViewComponent
11:09:40.891 [JavaFX Application Thread] DEBUG GameScene            - Entity added to scene
11:09:40.891 [JavaFX Application Thread] DEBUG GameScene            - Added MainViewComponent
11:09:40.891 [JavaFX Application Thread] DEBUG GameScene            - Entity added to scene
11:09:40.891 [JavaFX Application Thread] DEBUG GameScene            - Added MainViewComponent
11:09:40.891 [JavaFX Application Thread] DEBUG GameScene            - Entity added to scene
11:09:40.891 [JavaFX Application Thread] DEBUG GameScene            - Added MainViewComponent
11:09:40.892 [JavaFX Application Thread] DEBUG GameScene            - Entity added to scene
11:09:40.892 [JavaFX Application Thread] DEBUG GameScene            - Added MainViewComponent
11:09:40.892 [JavaFX Application Thread] DEBUG GameScene            - Entity added to scene
11:09:40.892 [JavaFX Application Thread] DEBUG GameScene            - Added MainViewComponent
11:09:40.892 [JavaFX Application Thread] DEBUG GameScene            - Entity added to scene
11:09:40.892 [JavaFX Application Thread] DEBUG GameScene            - Added MainViewComponent
11:09:40.893 [JavaFX Application Thread] DEBUG GameScene            - Entity added to scene
11:09:40.893 [JavaFX Application Thread] DEBUG GameScene            - Added MainViewComponent
11:09:40.893 [JavaFX Application Thread] DEBUG GameScene            - Entity added to scene
11:09:40.893 [JavaFX Application Thread] DEBUG GameScene            - Added MainViewComponent
11:09:40.893 [JavaFX Application Thread] DEBUG GameScene            - Entity added to scene
11:09:40.893 [JavaFX Application Thread] DEBUG GameScene            - Added MainViewComponent
11:09:40.894 [JavaFX Application Thread] DEBUG GameScene            - Entity added to scene
11:09:40.894 [JavaFX Application Thread] DEBUG GameScene            - Added MainViewComponent
11:09:40.894 [JavaFX Application Thread] DEBUG GameScene            - Entity added to scene
11:09:40.894 [JavaFX Application Thread] DEBUG GameScene            - Added MainViewComponent
11:09:40.894 [JavaFX Application Thread] DEBUG GameScene            - Entity added to scene
11:09:40.894 [JavaFX Application Thread] DEBUG GameScene            - Added MainViewComponent
11:09:40.894 [JavaFX Application Thread] DEBUG GameScene            - Entity added to scene
11:09:40.894 [JavaFX Application Thread] DEBUG GameScene            - Added MainViewComponent
11:09:40.894 [JavaFX Application Thread] DEBUG GameScene            - Entity added to scene
11:09:40.895 [JavaFX Application Thread] DEBUG GameScene            - Added MainViewComponent
11:09:40.895 [JavaFX Application Thread] DEBUG GameScene            - Entity added to scene
11:09:40.895 [JavaFX Application Thread] DEBUG GameScene            - Added MainViewComponent
11:09:40.895 [JavaFX Application Thread] DEBUG GameScene            - Entity added to scene
11:09:40.895 [JavaFX Application Thread] DEBUG GameScene            - Added MainViewComponent
11:09:40.896 [JavaFX Application Thread] DEBUG GameScene            - Entity added to scene
11:09:40.896 [JavaFX Application Thread] DEBUG GameScene            - Added MainViewComponent
11:09:40.896 [JavaFX Application Thread] DEBUG GameScene            - Entity added to scene
11:09:40.896 [JavaFX Application Thread] DEBUG GameScene            - Added MainViewComponent
11:09:40.896 [JavaFX Application Thread] DEBUG GameScene            - Entity added to scene
11:09:40.896 [JavaFX Application Thread] DEBUG GameScene            - Added MainViewComponent
11:09:40.896 [JavaFX Application Thread] DEBUG GameScene            - Entity added to scene
11:09:40.896 [JavaFX Application Thread] DEBUG GameScene            - Added MainViewComponent
11:09:40.897 [JavaFX Application Thread] DEBUG GameScene            - Entity added to scene
11:09:40.897 [JavaFX Application Thread] DEBUG GameScene            - Added MainViewComponent
11:09:40.897 [JavaFX Application Thread] DEBUG GameScene            - Entity added to scene
11:09:40.897 [JavaFX Application Thread] DEBUG GameScene            - Added MainViewComponent
11:09:40.897 [JavaFX Application Thread] DEBUG GameScene            - Entity added to scene
11:09:40.897 [JavaFX Application Thread] DEBUG GameScene            - Added MainViewComponent
11:09:40.897 [JavaFX Application Thread] DEBUG GameScene            - Creating render group for layer: TOP(2147483647)
11:09:40.897 [JavaFX Application Thread] DEBUG GameScene            - Entity added to scene
11:09:40.897 [JavaFX Application Thread] DEBUG GameScene            - Added MainViewComponent
11:09:40.898 [JavaFX Application Thread] DEBUG GameScene            - Entity added to scene
11:09:40.898 [JavaFX Application Thread] DEBUG GameScene            - Added MainViewComponent
11:09:40.898 [JavaFX Application Thread] DEBUG GameScene            - Entity added to scene
11:09:40.898 [JavaFX Application Thread] DEBUG GameScene            - Added MainViewComponent
11:09:40.898 [JavaFX Application Thread] DEBUG GameScene            - Entity added to scene
11:09:40.898 [JavaFX Application Thread] DEBUG GameScene            - Added MainViewComponent
11:09:40.898 [JavaFX Application Thread] DEBUG GameScene            - Entity added to scene
11:09:40.898 [JavaFX Application Thread] DEBUG GameScene            - Added MainViewComponent
11:09:40.899 [JavaFX Application Thread] DEBUG GameScene            - Entity added to scene
11:09:40.899 [JavaFX Application Thread] DEBUG GameScene            - Added MainViewComponent
11:09:40.899 [JavaFX Application Thread] DEBUG GameScene            - Entity added to scene
11:09:40.899 [JavaFX Application Thread] DEBUG GameScene            - Added MainViewComponent
11:09:40.899 [JavaFX Application Thread] DEBUG GameScene            - Entity added to scene
11:09:40.899 [JavaFX Application Thread] DEBUG GameScene            - Added MainViewComponent
11:09:40.899 [JavaFX Application Thread] DEBUG GameScene            - Entity added to scene
11:09:40.900 [JavaFX Application Thread] DEBUG GameScene            - Added MainViewComponent
11:09:40.902 [JavaFX Application Thread] DEBUG GameScene            - Entity added to scene
11:09:40.902 [JavaFX Application Thread] DEBUG GameScene            - Added MainViewComponent
11:09:40.902 [JavaFX Application Thread] DEBUG GameScene            - Entity added to scene
11:09:40.902 [JavaFX Application Thread] DEBUG GameScene            - Added MainViewComponent
11:09:40.903 [JavaFX Application Thread] DEBUG GameScene            - Entity added to scene
11:09:40.903 [JavaFX Application Thread] DEBUG GameScene            - Added MainViewComponent
11:09:40.903 [JavaFX Application Thread] DEBUG GameScene            - Entity added to scene
11:09:40.903 [JavaFX Application Thread] DEBUG GameScene            - Added MainViewComponent
11:09:40.904 [JavaFX Application Thread] DEBUG GameScene            - Entity added to scene
11:09:40.904 [JavaFX Application Thread] DEBUG GameScene            - Added MainViewComponent
11:09:40.904 [JavaFX Application Thread] DEBUG GameScene            - Entity added to scene
11:09:40.904 [JavaFX Application Thread] DEBUG GameScene            - Added MainViewComponent
11:09:40.905 [JavaFX Application Thread] DEBUG GameScene            - Entity added to scene
11:09:40.905 [JavaFX Application Thread] DEBUG GameScene            - Added MainViewComponent
11:09:40.905 [JavaFX Application Thread] DEBUG GameScene            - Entity added to scene
11:09:40.905 [JavaFX Application Thread] DEBUG GameScene            - Added MainViewComponent
11:09:40.906 [JavaFX Application Thread] DEBUG GameScene            - Entity added to scene
11:09:40.906 [JavaFX Application Thread] DEBUG GameScene            - Added MainViewComponent
11:09:40.906 [JavaFX Application Thread] DEBUG GameScene            - Entity added to scene
11:09:40.906 [JavaFX Application Thread] DEBUG GameScene            - Added MainViewComponent
11:09:40.906 [JavaFX Application Thread] DEBUG GameScene            - Entity added to scene
11:09:40.906 [JavaFX Application Thread] DEBUG GameScene            - Added MainViewComponent
11:09:40.907 [JavaFX Application Thread] DEBUG GameScene            - Entity added to scene
11:09:40.907 [JavaFX Application Thread] DEBUG GameScene            - Added MainViewComponent
11:09:40.907 [JavaFX Application Thread] DEBUG GameScene            - Entity added to scene
11:09:40.907 [JavaFX Application Thread] DEBUG GameScene            - Added MainViewComponent
11:09:40.907 [JavaFX Application Thread] DEBUG GameScene            - Entity added to scene
11:09:40.907 [JavaFX Application Thread] DEBUG GameScene            - Added MainViewComponent
11:09:40.907 [JavaFX Application Thread] DEBUG GameScene            - Entity added to scene
11:09:40.907 [JavaFX Application Thread] DEBUG GameScene            - Added MainViewComponent
11:09:40.908 [JavaFX Application Thread] DEBUG GameScene            - Entity added to scene
11:09:40.908 [JavaFX Application Thread] DEBUG GameScene            - Added MainViewComponent
11:09:40.908 [JavaFX Application Thread] DEBUG GameScene            - Entity added to scene
11:09:40.908 [JavaFX Application Thread] DEBUG GameScene            - Added MainViewComponent
11:09:40.908 [JavaFX Application Thread] DEBUG GameScene            - Entity added to scene
11:09:40.908 [JavaFX Application Thread] DEBUG GameScene            - Added MainViewComponent
11:09:40.908 [JavaFX Application Thread] DEBUG GameScene            - Entity added to scene
11:09:40.908 [JavaFX Application Thread] DEBUG GameScene            - Added MainViewComponent
11:09:40.909 [JavaFX Application Thread] DEBUG GameScene            - Entity added to scene
11:09:40.909 [JavaFX Application Thread] DEBUG GameScene            - Added MainViewComponent
11:09:40.909 [JavaFX Application Thread] DEBUG GameScene            - Entity added to scene
11:09:40.909 [JavaFX Application Thread] DEBUG GameScene            - Added MainViewComponent
11:09:40.909 [JavaFX Application Thread] DEBUG GameScene            - Entity added to scene
11:09:40.909 [JavaFX Application Thread] DEBUG GameScene            - Added MainViewComponent
11:09:40.910 [JavaFX Application Thread] DEBUG GameScene            - Entity added to scene
11:09:40.910 [JavaFX Application Thread] DEBUG GameScene            - Added MainViewComponent
11:09:40.910 [JavaFX Application Thread] DEBUG GameScene            - Entity added to scene
11:09:40.910 [JavaFX Application Thread] DEBUG GameScene            - Added MainViewComponent
11:09:40.910 [JavaFX Application Thread] DEBUG GameScene            - Entity added to scene
11:09:40.910 [JavaFX Application Thread] DEBUG GameScene            - Added MainViewComponent
11:09:40.910 [JavaFX Application Thread] DEBUG GameScene            - Entity added to scene
11:09:40.910 [JavaFX Application Thread] DEBUG GameScene            - Added MainViewComponent
11:09:40.911 [JavaFX Application Thread] DEBUG GameScene            - Entity added to scene
11:09:40.911 [JavaFX Application Thread] DEBUG GameScene            - Added MainViewComponent
11:09:40.911 [JavaFX Application Thread] DEBUG GameScene            - Entity added to scene
11:09:40.911 [JavaFX Application Thread] DEBUG GameScene            - Added MainViewComponent
11:09:40.911 [JavaFX Application Thread] DEBUG GameScene            - Entity added to scene
11:09:40.911 [JavaFX Application Thread] DEBUG GameScene            - Added MainViewComponent
11:09:40.912 [JavaFX Application Thread] DEBUG GameScene            - Entity added to scene
11:09:40.912 [JavaFX Application Thread] DEBUG GameScene            - Added MainViewComponent
11:09:40.912 [JavaFX Application Thread] DEBUG GameScene            - Entity added to scene
11:09:40.912 [JavaFX Application Thread] DEBUG GameScene            - Added MainViewComponent
11:09:40.912 [JavaFX Application Thread] DEBUG GameScene            - Entity added to scene
11:09:40.912 [JavaFX Application Thread] DEBUG GameScene            - Added MainViewComponent
11:09:40.912 [JavaFX Application Thread] DEBUG GameScene            - Entity added to scene
11:09:40.912 [JavaFX Application Thread] DEBUG GameScene            - Added MainViewComponent
11:09:40.913 [JavaFX Application Thread] DEBUG GameScene            - Entity added to scene
11:09:40.913 [JavaFX Application Thread] DEBUG GameScene            - Added MainViewComponent
11:09:40.913 [JavaFX Application Thread] DEBUG GameScene            - Entity added to scene
11:09:40.913 [JavaFX Application Thread] DEBUG GameScene            - Added MainViewComponent
11:09:40.913 [JavaFX Application Thread] DEBUG GameScene            - Entity added to scene
11:09:40.913 [JavaFX Application Thread] DEBUG GameScene            - Added MainViewComponent
11:09:40.914 [JavaFX Application Thread] DEBUG GameScene            - Entity added to scene
11:09:40.914 [JavaFX Application Thread] DEBUG GameScene            - Added MainViewComponent
11:09:40.914 [JavaFX Application Thread] DEBUG GameScene            - Entity added to scene
11:09:40.914 [JavaFX Application Thread] DEBUG GameScene            - Added MainViewComponent
11:09:40.914 [JavaFX Application Thread] DEBUG GameScene            - Entity added to scene
11:09:40.914 [JavaFX Application Thread] DEBUG GameScene            - Added MainViewComponent
11:09:40.914 [JavaFX Application Thread] DEBUG GameScene            - Entity added to scene
11:09:40.914 [JavaFX Application Thread] DEBUG GameScene            - Added MainViewComponent
11:09:40.915 [JavaFX Application Thread] DEBUG GameScene            - Entity added to scene
11:09:40.915 [JavaFX Application Thread] DEBUG GameScene            - Added MainViewComponent
11:09:40.915 [JavaFX Application Thread] DEBUG GameScene            - Entity added to scene
11:09:40.915 [JavaFX Application Thread] DEBUG GameScene            - Added MainViewComponent
11:09:40.915 [JavaFX Application Thread] DEBUG GameScene            - Entity added to scene
11:09:40.915 [JavaFX Application Thread] DEBUG GameScene            - Added MainViewComponent
11:09:40.915 [JavaFX Application Thread] DEBUG GameScene            - Entity added to scene
11:09:40.915 [JavaFX Application Thread] DEBUG GameScene            - Added MainViewComponent
11:09:40.915 [JavaFX Application Thread] DEBUG GameScene            - Entity added to scene
11:09:40.916 [JavaFX Application Thread] DEBUG GameScene            - Added MainViewComponent
11:09:40.916 [JavaFX Application Thread] DEBUG GameScene            - Entity added to scene
11:09:40.916 [JavaFX Application Thread] DEBUG GameScene            - Added MainViewComponent
11:09:40.916 [JavaFX Application Thread] DEBUG GameScene            - Entity added to scene
11:09:40.916 [JavaFX Application Thread] DEBUG GameScene            - Added MainViewComponent
11:09:40.916 [JavaFX Application Thread] DEBUG GameScene            - Entity added to scene
11:09:40.916 [JavaFX Application Thread] DEBUG GameScene            - Added MainViewComponent
11:09:40.917 [JavaFX Application Thread] DEBUG GameScene            - Entity added to scene
11:09:40.917 [JavaFX Application Thread] DEBUG GameScene            - Added MainViewComponent
11:09:40.917 [JavaFX Application Thread] DEBUG GameScene            - Entity added to scene
11:09:40.917 [JavaFX Application Thread] DEBUG GameScene            - Added MainViewComponent
11:09:40.917 [JavaFX Application Thread] DEBUG GameScene            - Entity added to scene
11:09:40.917 [JavaFX Application Thread] DEBUG GameScene            - Added MainViewComponent
11:09:40.918 [JavaFX Application Thread] DEBUG GameScene            - Entity added to scene
11:09:40.918 [JavaFX Application Thread] DEBUG GameScene            - Added MainViewComponent
11:09:40.918 [JavaFX Application Thread] DEBUG GameScene            - Entity added to scene
11:09:40.918 [JavaFX Application Thread] DEBUG GameScene            - Added MainViewComponent
11:09:40.918 [JavaFX Application Thread] DEBUG GameScene            - Entity added to scene
11:09:40.918 [JavaFX Application Thread] DEBUG GameScene            - Added MainViewComponent
11:09:40.919 [JavaFX Application Thread] DEBUG GameScene            - Entity added to scene
11:09:40.919 [JavaFX Application Thread] DEBUG GameScene            - Added MainViewComponent
11:09:40.919 [JavaFX Application Thread] DEBUG GameScene            - Entity added to scene
11:09:40.919 [JavaFX Application Thread] DEBUG GameScene            - Added MainViewComponent
11:09:40.920 [JavaFX Application Thread] DEBUG GameScene            - Entity added to scene
11:09:40.920 [JavaFX Application Thread] DEBUG GameScene            - Added MainViewComponent
11:09:40.920 [JavaFX Application Thread] DEBUG GameScene            - Entity added to scene
11:09:40.920 [JavaFX Application Thread] DEBUG GameScene            - Added MainViewComponent
11:09:40.920 [JavaFX Application Thread] DEBUG GameScene            - Entity added to scene
11:09:40.920 [JavaFX Application Thread] DEBUG GameScene            - Added MainViewComponent
11:09:40.921 [JavaFX Application Thread] DEBUG GameScene            - Entity added to scene
11:09:40.921 [JavaFX Application Thread] DEBUG GameScene            - Added MainViewComponent
11:09:40.921 [JavaFX Application Thread] DEBUG GameScene            - Entity added to scene
11:09:40.921 [JavaFX Application Thread] DEBUG GameScene            - Added MainViewComponent
11:09:40.921 [JavaFX Application Thread] DEBUG GameScene            - Entity added to scene
11:09:40.921 [JavaFX Application Thread] DEBUG GameScene            - Added MainViewComponent
11:09:40.922 [JavaFX Application Thread] DEBUG GameScene            - Entity added to scene
11:09:40.922 [JavaFX Application Thread] DEBUG GameScene            - Added MainViewComponent
11:09:40.922 [JavaFX Application Thread] DEBUG GameScene            - Entity added to scene
11:09:40.922 [JavaFX Application Thread] DEBUG GameScene            - Added MainViewComponent
11:09:40.922 [JavaFX Application Thread] DEBUG GameScene            - Entity added to scene
11:09:40.922 [JavaFX Application Thread] DEBUG GameScene            - Added MainViewComponent
11:09:40.923 [JavaFX Application Thread] DEBUG GameScene            - Entity added to scene
11:09:40.923 [JavaFX Application Thread] DEBUG GameScene            - Added MainViewComponent
11:09:40.923 [JavaFX Application Thread] DEBUG GameScene            - Entity added to scene
11:09:40.923 [JavaFX Application Thread] DEBUG GameScene            - Added MainViewComponent
11:09:40.923 [JavaFX Application Thread] DEBUG GameScene            - Entity added to scene
11:09:40.923 [JavaFX Application Thread] DEBUG GameScene            - Added MainViewComponent
11:09:40.924 [JavaFX Application Thread] DEBUG GameScene            - Entity added to scene
11:09:40.924 [JavaFX Application Thread] DEBUG GameScene            - Added MainViewComponent
11:09:40.924 [JavaFX Application Thread] DEBUG GameScene            - Entity added to scene
11:09:40.924 [JavaFX Application Thread] DEBUG GameScene            - Added MainViewComponent
11:09:40.924 [JavaFX Application Thread] DEBUG GameScene            - Entity added to scene
11:09:40.924 [JavaFX Application Thread] DEBUG GameScene            - Added MainViewComponent
11:09:40.925 [JavaFX Application Thread] DEBUG GameScene            - Entity added to scene
11:09:40.925 [JavaFX Application Thread] DEBUG GameScene            - Added MainViewComponent
11:09:40.925 [JavaFX Application Thread] DEBUG GameScene            - Entity added to scene
11:09:40.925 [JavaFX Application Thread] DEBUG GameScene            - Added MainViewComponent
11:09:40.925 [JavaFX Application Thread] DEBUG GameScene            - Entity added to scene
11:09:40.925 [JavaFX Application Thread] DEBUG GameScene            - Added MainViewComponent
11:09:40.925 [JavaFX Application Thread] DEBUG GameScene            - Entity added to scene
11:09:40.926 [JavaFX Application Thread] DEBUG GameScene            - Added MainViewComponent
11:09:40.926 [JavaFX Application Thread] DEBUG GameScene            - Entity added to scene
11:09:40.926 [JavaFX Application Thread] DEBUG GameScene            - Added MainViewComponent
11:09:40.926 [JavaFX Application Thread] DEBUG GameScene            - Entity added to scene
11:09:40.926 [JavaFX Application Thread] DEBUG GameScene            - Added MainViewComponent
11:09:40.926 [JavaFX Application Thread] DEBUG GameScene            - Entity added to scene
11:09:40.927 [JavaFX Application Thread] DEBUG GameScene            - Added MainViewComponent
11:09:40.927 [JavaFX Application Thread] DEBUG GameScene            - Entity added to scene
11:09:40.927 [JavaFX Application Thread] DEBUG GameScene            - Added MainViewComponent
11:09:40.927 [JavaFX Application Thread] DEBUG GameScene            - Entity added to scene
11:09:40.927 [JavaFX Application Thread] DEBUG GameScene            - Added MainViewComponent
11:09:40.927 [JavaFX Application Thread] DEBUG GameScene            - Entity added to scene
11:09:40.928 [JavaFX Application Thread] DEBUG GameScene            - Added MainViewComponent
11:09:40.928 [JavaFX Application Thread] DEBUG GameScene            - Entity added to scene
11:09:40.928 [JavaFX Application Thread] DEBUG GameScene            - Added MainViewComponent
11:09:40.928 [JavaFX Application Thread] DEBUG GameScene            - Entity added to scene
11:09:40.928 [JavaFX Application Thread] DEBUG GameScene            - Added MainViewComponent
11:09:40.928 [JavaFX Application Thread] DEBUG GameScene            - Entity added to scene
11:09:40.928 [JavaFX Application Thread] DEBUG GameScene            - Added MainViewComponent
11:09:40.929 [JavaFX Application Thread] DEBUG GameScene            - Entity added to scene
11:09:40.929 [JavaFX Application Thread] DEBUG GameScene            - Added MainViewComponent
11:09:40.929 [JavaFX Application Thread] DEBUG GameScene            - Entity added to scene
11:09:40.929 [JavaFX Application Thread] DEBUG GameScene            - Added MainViewComponent
11:09:40.929 [JavaFX Application Thread] DEBUG GameScene            - Entity added to scene
11:09:40.929 [JavaFX Application Thread] DEBUG GameScene            - Added MainViewComponent
11:09:40.929 [JavaFX Application Thread] DEBUG GameScene            - Entity added to scene
11:09:40.929 [JavaFX Application Thread] DEBUG GameScene            - Added MainViewComponent
11:09:40.930 [JavaFX Application Thread] DEBUG GameScene            - Entity added to scene
11:09:40.930 [JavaFX Application Thread] DEBUG GameScene            - Added MainViewComponent
11:09:40.930 [JavaFX Application Thread] DEBUG GameScene            - Entity added to scene
11:09:40.930 [JavaFX Application Thread] DEBUG GameScene            - Added MainViewComponent
11:09:40.930 [JavaFX Application Thread] DEBUG GameScene            - Entity added to scene
11:09:40.930 [JavaFX Application Thread] DEBUG GameScene            - Added MainViewComponent
11:09:40.930 [JavaFX Application Thread] DEBUG GameScene            - Entity added to scene
11:09:40.930 [JavaFX Application Thread] DEBUG GameScene            - Added MainViewComponent
11:09:40.931 [JavaFX Application Thread] DEBUG GameScene            - Entity added to scene
11:09:40.931 [JavaFX Application Thread] DEBUG GameScene            - Added MainViewComponent
11:09:40.931 [JavaFX Application Thread] DEBUG GameScene            - Entity added to scene
11:09:40.931 [JavaFX Application Thread] DEBUG GameScene            - Added MainViewComponent
11:09:40.931 [JavaFX Application Thread] DEBUG GameScene            - Entity added to scene
11:09:40.931 [JavaFX Application Thread] DEBUG GameScene            - Added MainViewComponent
11:10:29.798 [JavaFX Application Thread] DEBUG FXGLEventBus         - Firing event: DisplayEvent[type=DIALOG_OPENED]
11:10:29.799 [JavaFX Application Thread] DEBUG FXGLInput            - Clearing active input actions
11:10:29.799 [JavaFX Application Thread] DEBUG FXGLMasterTimer      - Stopping master timer
11:10:29.799 [JavaFX Application Thread] DEBUG GameApplication      - State: PLAYING -> PAUSED
11:10:29.799 [JavaFX Application Thread] DEBUG FXGLEventBus         - Firing event: FXGLEvent[type=PAUSE]
11:10:29.799 [JavaFX Application Thread] DEBUG FXGLInput            - Clearing active input actions
11:10:33.147 [JavaFX Application Thread] DEBUG FXGLEventBus         - Firing event: DisplayEvent[type=DIALOG_CLOSED]
11:10:33.148 [JavaFX Application Thread] DEBUG FXGLInput            - Clearing active input actions
11:10:33.148 [JavaFX Application Thread] DEBUG FXGLMasterTimer      - Starting master timer
11:10:33.149 [JavaFX Application Thread] DEBUG GameApplication      - State: PAUSED -> PLAYING
11:10:33.149 [JavaFX Application Thread] DEBUG FXGLEventBus         - Firing event: FXGLEvent[type=RESUME]
11:10:33.149 [JavaFX Application Thread] DEBUG FXGLEventBus         - Firing event: DisplayEvent[type=CLOSE_REQUEST]
11:10:33.151 [JavaFX Application Thread] DEBUG FXGLEventBus         - Firing event: FXGLEvent[type=EXIT]
11:10:33.151 [JavaFX Application Thread] DEBUG FXGL                 - Saving FXGL system data
11:10:33.155 [JavaFX Application Thread] DEBUG IOTask               - Executing task: writeDataTask(system/fxgl.bundle)
11:10:33.158 [JavaFX Application Thread] DEBUG FS                   - Writing to: system\fxgl.bundle
11:10:33.166 [JavaFX Application Thread] DEBUG IOTask               - Task succeeded: writeDataTask(system/fxgl.bundle)
