11:09:34.785 [FXGL Launcher Thread     ] DEBUG FXGLLoggerFactory    - Service [LoggerFactory] initialized
11:09:34.791 [FXGL Launcher Thread     ] DEBUG FXGL                 - FXGL configuration complete
11:09:34.792 [FXGL Launcher Thread     ] DEBUG FXGL                 - Loading FXGL system data
11:09:34.797 [FXGL Launcher Thread     ] DEBUG IOTask               - Executing task: readDataTask(system/fxgl.bundle)
11:09:34.802 [FXGL Launcher Thread     ] DEBUG FS                   - Reading from: system\fxgl.bundle
11:09:34.812 [FXGL Launcher Thread     ] DEBUG IOTask               - Task succeeded: readDataTask(system/fxgl.bundle)
11:09:34.813 [FXGL Launcher Thread     ] DEBUG Bundle               - Logging bundle: FXGL
11:09:34.813 [FXGL Launcher Thread     ] DEBUG Bundle               - FXGL.offline.timer.version.check=2017-01-18T11:24:23.393
11:09:34.823 [JavaFX Application Thread] DEBUG UpdaterTask          - Checking for updates
11:09:34.906 [JavaFX Application Thread] DEBUG FXGLEventBus         - Service [EventBus] initialized
11:09:34.911 [JavaFX Application Thread] DEBUG FXGLExecutor         - Service [Executor] initialized
11:09:34.912 [JavaFX Application Thread] DEBUG IOTask               - Showing dialog
11:09:34.915 [FXGL Background Thread 1 ] DEBUG IOTask               - Executing task: openStream(https://raw.githubusercontent.com/AlmasB/FXGL/master/pom.xml)
11:09:34.915 [FXGL Background Thread 1 ] DEBUG IOTask               - Executing task: openStream(https://raw.githubusercontent.com/AlmasB/FXGL/master/pom.xml)
11:09:35.651 [JavaFX Application Thread] DEBUG IOTask               - fail(): Dismissing dialog
11:09:35.651 [JavaFX Application Thread] WARN  IOTask               - Task failed: openStream(https://raw.githubusercontent.com/AlmasB/FXGL/master/pom.xml) Error: javax.net.ssl.SSLHandshakeException: sun.security.validator.ValidatorException: PKIX path building failed: sun.security.provider.certpath.SunCertPathBuilderException: unable to find valid certification path to requested target
11:09:35.651 [JavaFX Application Thread] WARN  UpdaterTask          - Failed to find updates: javax.net.ssl.SSLHandshakeException: sun.security.validator.ValidatorException: PKIX path building failed: sun.security.provider.certpath.SunCertPathBuilderException: unable to find valid certification path to requested target
11:09:36.760 [FXGL Launcher Thread     ] DEBUG GameApplication      - Configuring GameApplication
11:09:36.768 [FXGL Launcher Thread     ] DEBUG FXGLExceptionHandler - Service [ExceptionHandler] initialized
11:09:36.769 [FXGL Launcher Thread     ] DEBUG PreInitTask          - Injecting gameWorld & physicsWorld
11:09:36.783 [FXGL Launcher Thread     ] DEBUG GameWorld            - Game world initialized
11:09:36.895 [FXGL Launcher Thread     ] DEBUG FXGLPooler           - Service [Pooler] initialized with default size = 128
11:09:36.896 [FXGL Launcher Thread     ] DEBUG PhysicsWorld         - Physics world initialized: appHeight=840.0, physics.ppm=50.0
11:09:36.899 [FXGL Launcher Thread     ] DEBUG FXGLInput            - Service [Input] initialized
11:09:36.922 [FXGL Launcher Thread     ] DEBUG FXGLInput            - Registered new binding: Screenshot - P
11:09:36.923 [FXGL Launcher Thread     ] DEBUG FXGLInput            - Registered new binding: Dev Options - CTRL+0
11:09:36.925 [FXGL Launcher Thread     ] DEBUG FXGLInput            - Registered new binding: Up - W
11:09:36.925 [FXGL Launcher Thread     ] DEBUG FXGLInput            - Registered new binding: Left - A
11:09:36.925 [FXGL Launcher Thread     ] DEBUG FXGLInput            - Registered new binding: Down - S
11:09:36.925 [FXGL Launcher Thread     ] DEBUG FXGLInput            - Registered new binding: Right - D
11:09:36.956 [FXGL Launcher Thread     ] DEBUG GameScene            - Game scene initialized: 1040.0x840.0
11:09:36.960 [FXGL Launcher Thread     ] DEBUG FXGLAssetLoader      - Service [AssetLoader] initialized: cacheSize=35
11:09:36.963 [FXGL Launcher Thread     ] DEBUG FXGLAssetLoader      - Loading from disk: /assets/sounds/system/notification.wav
11:09:36.996 [FXGL Launcher Thread     ] DEBUG FXGLAssetLoader      - Loading from disk: /assets/sounds/menu/select.wav
11:09:36.999 [FXGL Launcher Thread     ] DEBUG FXGLAssetLoader      - Loading from disk: /assets/sounds/menu/back.wav
11:09:37.001 [FXGL Launcher Thread     ] DEBUG FXGLAssetLoader      - Loading from disk: /assets/sounds/menu/press.wav
11:09:37.004 [FXGL Launcher Thread     ] DEBUG FXGLAssetLoader      - Loading from disk: /assets/ui/fonts/Copperplate_Gothic_Light_Regular.ttf
11:09:37.013 [FXGL Launcher Thread     ] DEBUG FXGLAssetLoader      - Loading from disk: /assets/ui/css/fxgl.css
11:09:37.013 [FXGL Launcher Thread     ] DEBUG FXGLAssetLoader      - Loading from disk: /assets/ui/icons/fxgl_icon.png
11:09:37.047 [FXGL Launcher Thread     ] DEBUG FXGLAssetLoader      - Loading from disk: /assets/ui/css/fxgl_dark.css
11:09:37.061 [FXGL Launcher Thread     ] DEBUG FXGLDisplay          - Target size: DoubleProperty [value: 1040.0] x DoubleProperty [value: 840.0] @ 1.0
11:09:37.061 [FXGL Launcher Thread     ] DEBUG FXGLDisplay          - New size:    1040.0 x 840.0 @ DoubleProperty [value: 1.0]
11:09:37.061 [FXGL Launcher Thread     ] DEBUG FXGLDisplay          - Service [Display] initialized
11:09:37.062 [FXGL Launcher Thread     ] DEBUG FXGLDisplay          - Using CSS: CSS(externalForm=jar:file:/C:/Computer%20Science/Game%20Design/3rd/Pacman/lib/fxgl-0.2.9-uber.jar!/assets/ui/css/fxgl_dark.css)
11:09:37.062 [FXGL Launcher Thread     ] DEBUG InitScenesTask       - Injecting loadingScene & gameScene
11:09:37.104 [FXGL Launcher Thread     ] DEBUG FXGLMasterTimer      - Service [MasterTimer] initialized
11:09:37.107 [FXGL Launcher Thread     ] DEBUG FXGLAudioPlayer      - Service [AudioPlayer] initialized
11:09:37.119 [FXGL Launcher Thread     ] DEBUG GameApplication      - Starting new game
11:09:37.121 [FXGL Launcher Thread     ] DEBUG GameApplication      - Initializing App
11:09:37.123 [FXGL Launcher Thread     ] DEBUG FXGLInput            - Clearing active input actions
11:09:37.124 [FXGL Launcher Thread     ] DEBUG FXGLMasterTimer      - Stopping master timer
11:09:37.124 [FXGL Launcher Thread     ] DEBUG GameApplication      - State: STARTUP -> PAUSED
11:09:37.125 [FXGL Launcher Thread     ] DEBUG FXGLEventBus         - Firing event: FXGLEvent[type=PAUSE]
11:09:37.126 [FXGL Launcher Thread     ] DEBUG FXGLInput            - Clearing active input actions
11:09:37.126 [FXGL Launcher Thread     ] DEBUG FXGLMasterTimer      - Resetting ticks and clearing all actions
11:09:37.126 [FXGL Launcher Thread     ] DEBUG GameWorld            - Resetting game world
11:09:37.126 [FXGL Launcher Thread     ] TRACE EntityWorld          - Resetting entity world
11:09:37.129 [FXGL Launcher Thread     ] DEBUG PhysicsWorld         - Resetting physics world
11:09:37.129 [FXGL Launcher Thread     ] DEBUG GameScene            - Resetting game scene
11:09:37.129 [FXGL Launcher Thread     ] DEBUG FXGLEventBus         - Firing event: FXGLEvent[type=RESET]
11:09:37.216 [FXGL Launcher Thread     ] DEBUG GameApplication      - State: PAUSED -> LOADING
11:09:37.264 [FXGL Background Thread 1 ] DEBUG InitAppTask          - Initializing Assets
11:09:37.266 [FXGL Background Thread 1 ] DEBUG InitAppTask          - Initializing Game
11:09:37.296 [FXGL Background Thread 1 ] DEBUG FXGLAssetLoader      - Loading from disk: /assets/text/level.txt
11:09:37.357 [JavaFX Application Thread] DEBUG FXGLDisplay          - Showing stage
11:09:37.358 [JavaFX Application Thread] DEBUG FXGLDisplay          - Root size: 1040.0x840.0
11:09:37.358 [JavaFX Application Thread] DEBUG FXGLDisplay          - Scene size: 1040.0x840.0
11:09:37.358 [JavaFX Application Thread] DEBUG FXGLDisplay          - Stage size: 1058.0x885.0
11:09:37.619 [FXGL Background Thread 1 ] DEBUG GameWorld            - Resetting game world
11:09:37.619 [FXGL Background Thread 1 ] TRACE EntityWorld          - Resetting entity world
11:09:37.623 [FXGL Background Thread 1 ] DEBUG GameScene            - Entity added to scene
11:09:37.624 [FXGL Background Thread 1 ] DEBUG GameScene            - Added MainViewComponent
11:09:37.628 [FXGL Background Thread 1 ] DEBUG GameScene            - Creating render group for layer: BACKGROUND(0)
11:09:37.632 [FXGL Background Thread 1 ] DEBUG GameScene            - Removed MainViewComponent
11:09:37.634 [FXGL Background Thread 1 ] DEBUG PhysicsWorld         - Resetting physics world
11:09:37.635 [FXGL Background Thread 1 ] DEBUG GameScene            - Resetting game scene
11:09:37.635 [FXGL Background Thread 1 ] DEBUG GameWorld            - Setting level: com.almasb.fxgl.gameplay.Level@66c1874f
11:09:37.636 [FXGL Background Thread 1 ] DEBUG InitAppTask          - Initializing Physics
11:09:37.636 [FXGL Background Thread 1 ] DEBUG InitAppTask          - Initializing UI
11:09:37.637 [FXGL Background Thread 1 ] DEBUG InitAppTask          - Initialization Complete
11:09:37.639 [JavaFX Application Thread] DEBUG FXGLInput            - Clearing active input actions
11:09:37.639 [JavaFX Application Thread] DEBUG FXGLMasterTimer      - Starting master timer
11:09:37.639 [JavaFX Application Thread] DEBUG GameApplication      - State: LOADING -> PLAYING
11:09:37.645 [JavaFX Application Thread] DEBUG FXGLEventBus         - Firing event: FXGLEvent[type=RESUME]
11:09:37.652 [JavaFX Application Thread] DEBUG GameScene            - Entity added to scene
11:09:37.652 [JavaFX Application Thread] DEBUG GameScene            - Added MainViewComponent
11:09:37.653 [JavaFX Application Thread] DEBUG GameScene            - Creating render group for layer: PLAYGROUND(1073741823)
11:09:37.653 [JavaFX Application Thread] DEBUG GameScene            - Entity added to scene
11:09:37.653 [JavaFX Application Thread] DEBUG GameScene            - Added MainViewComponent
11:09:37.654 [JavaFX Application Thread] DEBUG GameScene            - Entity added to scene
11:09:37.654 [JavaFX Application Thread] DEBUG GameScene            - Added MainViewComponent
11:09:37.654 [JavaFX Application Thread] DEBUG GameScene            - Entity added to scene
11:09:37.654 [JavaFX Application Thread] DEBUG GameScene            - Added MainViewComponent
11:09:37.655 [JavaFX Application Thread] DEBUG GameScene            - Entity added to scene
11:09:37.655 [JavaFX Application Thread] DEBUG GameScene            - Added MainViewComponent
11:09:37.655 [JavaFX Application Thread] DEBUG GameScene            - Entity added to scene
11:09:37.656 [JavaFX Application Thread] DEBUG GameScene            - Added MainViewComponent
11:09:37.656 [JavaFX Application Thread] DEBUG GameScene            - Entity added to scene
11:09:37.656 [JavaFX Application Thread] DEBUG GameScene            - Added MainViewComponent
11:09:37.656 [JavaFX Application Thread] DEBUG GameScene            - Entity added to scene
11:09:37.656 [JavaFX Application Thread] DEBUG GameScene            - Added MainViewComponent
11:09:37.657 [JavaFX Application Thread] DEBUG GameScene            - Entity added to scene
11:09:37.657 [JavaFX Application Thread] DEBUG GameScene            - Added MainViewComponent
11:09:37.657 [JavaFX Application Thread] DEBUG GameScene            - Entity added to scene
11:09:37.657 [JavaFX Application Thread] DEBUG GameScene            - Added MainViewComponent
11:09:37.657 [JavaFX Application Thread] DEBUG GameScene            - Entity added to scene
11:09:37.658 [JavaFX Application Thread] DEBUG GameScene            - Added MainViewComponent
11:09:37.658 [JavaFX Application Thread] DEBUG GameScene            - Entity added to scene
11:09:37.658 [JavaFX Application Thread] DEBUG GameScene            - Added MainViewComponent
11:09:37.658 [JavaFX Application Thread] DEBUG GameScene            - Entity added to scene
11:09:37.658 [JavaFX Application Thread] DEBUG GameScene            - Added MainViewComponent
11:09:37.659 [JavaFX Application Thread] DEBUG GameScene            - Entity added to scene
11:09:37.659 [JavaFX Application Thread] DEBUG GameScene            - Added MainViewComponent
11:09:37.659 [JavaFX Application Thread] DEBUG GameScene            - Entity added to scene
11:09:37.659 [JavaFX Application Thread] DEBUG GameScene            - Added MainViewComponent
11:09:37.660 [JavaFX Application Thread] DEBUG GameScene            - Entity added to scene
11:09:37.660 [JavaFX Application Thread] DEBUG GameScene            - Added MainViewComponent
11:09:37.660 [JavaFX Application Thread] DEBUG GameScene            - Entity added to scene
11:09:37.661 [JavaFX Application Thread] DEBUG GameScene            - Added MainViewComponent
11:09:37.661 [JavaFX Application Thread] DEBUG GameScene            - Entity added to scene
11:09:37.661 [JavaFX Application Thread] DEBUG GameScene            - Added MainViewComponent
11:09:37.662 [JavaFX Application Thread] DEBUG GameScene            - Entity added to scene
11:09:37.662 [JavaFX Application Thread] DEBUG GameScene            - Added MainViewComponent
11:09:37.662 [JavaFX Application Thread] DEBUG GameScene            - Entity added to scene
11:09:37.662 [JavaFX Application Thread] DEBUG GameScene            - Added MainViewComponent
11:09:37.663 [JavaFX Application Thread] DEBUG GameScene            - Entity added to scene
11:09:37.663 [JavaFX Application Thread] DEBUG GameScene            - Added MainViewComponent
11:09:37.663 [JavaFX Application Thread] DEBUG GameScene            - Entity added to scene
11:09:37.663 [JavaFX Application Thread] DEBUG GameScene            - Added MainViewComponent
11:09:37.665 [JavaFX Application Thread] DEBUG GameScene            - Entity added to scene
11:09:37.665 [JavaFX Application Thread] DEBUG GameScene            - Added MainViewComponent
11:09:37.666 [JavaFX Application Thread] DEBUG GameScene            - Entity added to scene
11:09:37.666 [JavaFX Application Thread] DEBUG GameScene            - Added MainViewComponent
11:09:37.666 [JavaFX Application Thread] DEBUG GameScene            - Entity added to scene
11:09:37.667 [JavaFX Application Thread] DEBUG GameScene            - Added MainViewComponent
11:09:37.667 [JavaFX Application Thread] DEBUG GameScene            - Entity added to scene
11:09:37.667 [JavaFX Application Thread] DEBUG GameScene            - Added MainViewComponent
11:09:37.668 [JavaFX Application Thread] DEBUG GameScene            - Entity added to scene
11:09:37.668 [JavaFX Application Thread] DEBUG GameScene            - Added MainViewComponent
11:09:37.668 [JavaFX Application Thread] DEBUG GameScene            - Entity added to scene
11:09:37.668 [JavaFX Application Thread] DEBUG GameScene            - Added MainViewComponent
11:09:37.669 [JavaFX Application Thread] DEBUG GameScene            - Entity added to scene
11:09:37.669 [JavaFX Application Thread] DEBUG GameScene            - Added MainViewComponent
11:09:37.669 [JavaFX Application Thread] DEBUG GameScene            - Entity added to scene
11:09:37.669 [JavaFX Application Thread] DEBUG GameScene            - Added MainViewComponent
11:09:37.670 [JavaFX Application Thread] DEBUG GameScene            - Entity added to scene
11:09:37.670 [JavaFX Application Thread] DEBUG GameScene            - Added MainViewComponent
11:09:37.671 [JavaFX Application Thread] DEBUG GameScene            - Entity added to scene
11:09:37.671 [JavaFX Application Thread] DEBUG GameScene            - Added MainViewComponent
11:09:37.672 [JavaFX Application Thread] DEBUG GameScene            - Entity added to scene
11:09:37.672 [JavaFX Application Thread] DEBUG GameScene            - Added MainViewComponent
11:09:37.672 [JavaFX Application Thread] DEBUG GameScene            - Entity added to scene
11:09:37.672 [JavaFX Application Thread] DEBUG GameScene            - Added MainViewComponent
11:09:37.672 [JavaFX Application Thread] DEBUG GameScene            - Entity added to scene
11:09:37.672 [JavaFX Application Thread] DEBUG GameScene            - Added MainViewComponent
11:09:37.673 [JavaFX Application Thread] DEBUG GameScene            - Entity added to scene
11:09:37.673 [JavaFX Application Thread] DEBUG GameScene            - Added MainViewComponent
11:09:37.674 [JavaFX Application Thread] DEBUG GameScene            - Entity added to scene
11:09:37.674 [JavaFX Application Thread] DEBUG GameScene            - Added MainViewComponent
11:09:37.674 [JavaFX Application Thread] DEBUG GameScene            - Entity added to scene
11:09:37.674 [JavaFX Application Thread] DEBUG GameScene            - Added MainViewComponent
11:09:37.675 [JavaFX Application Thread] DEBUG GameScene            - Entity added to scene
11:09:37.675 [JavaFX Application Thread] DEBUG GameScene            - Added MainViewComponent
11:09:37.675 [JavaFX Application Thread] DEBUG GameScene            - Entity added to scene
11:09:37.675 [JavaFX Application Thread] DEBUG GameScene            - Added MainViewComponent
11:09:37.676 [JavaFX Application Thread] DEBUG GameScene            - Entity added to scene
11:09:37.676 [JavaFX Application Thread] DEBUG GameScene            - Added MainViewComponent
11:09:37.676 [JavaFX Application Thread] DEBUG GameScene            - Entity added to scene
11:09:37.676 [JavaFX Application Thread] DEBUG GameScene            - Added MainViewComponent
11:09:37.677 [JavaFX Application Thread] DEBUG GameScene            - Entity added to scene
11:09:37.677 [JavaFX Application Thread] DEBUG GameScene            - Added MainViewComponent
11:09:37.677 [JavaFX Application Thread] DEBUG GameScene            - Entity added to scene
11:09:37.677 [JavaFX Application Thread] DEBUG GameScene            - Added MainViewComponent
11:09:37.678 [JavaFX Application Thread] DEBUG GameScene            - Entity added to scene
11:09:37.678 [JavaFX Application Thread] DEBUG GameScene            - Added MainViewComponent
11:09:37.678 [JavaFX Application Thread] DEBUG GameScene            - Entity added to scene
11:09:37.678 [JavaFX Application Thread] DEBUG GameScene            - Added MainViewComponent
11:09:37.679 [JavaFX Application Thread] DEBUG GameScene            - Entity added to scene
11:09:37.679 [JavaFX Application Thread] DEBUG GameScene            - Added MainViewComponent
11:09:37.680 [JavaFX Application Thread] DEBUG GameScene            - Entity added to scene
11:09:37.680 [JavaFX Application Thread] DEBUG GameScene            - Added MainViewComponent
11:09:37.680 [JavaFX Application Thread] DEBUG GameScene            - Entity added to scene
11:09:37.680 [JavaFX Application Thread] DEBUG GameScene            - Added MainViewComponent
11:09:37.681 [JavaFX Application Thread] DEBUG GameScene            - Entity added to scene
11:09:37.681 [JavaFX Application Thread] DEBUG GameScene            - Added MainViewComponent
11:09:37.682 [JavaFX Application Thread] DEBUG GameScene            - Entity added to scene
11:09:37.682 [JavaFX Application Thread] DEBUG GameScene            - Added MainViewComponent
11:09:37.685 [JavaFX Application Thread] DEBUG GameScene            - Entity added to scene
11:09:37.685 [JavaFX Application Thread] DEBUG GameScene            - Added MainViewComponent
11:09:37.685 [JavaFX Application Thread] DEBUG GameScene            - Entity added to scene
11:09:37.685 [JavaFX Application Thread] DEBUG GameScene            - Added MainViewComponent
11:09:37.686 [JavaFX Application Thread] DEBUG GameScene            - Entity added to scene
11:09:37.686 [JavaFX Application Thread] DEBUG GameScene            - Added MainViewComponent
11:09:37.686 [JavaFX Application Thread] DEBUG GameScene            - Entity added to scene
11:09:37.686 [JavaFX Application Thread] DEBUG GameScene            - Added MainViewComponent
11:09:37.687 [JavaFX Application Thread] DEBUG GameScene            - Entity added to scene
11:09:37.687 [JavaFX Application Thread] DEBUG GameScene            - Added MainViewComponent
11:09:37.688 [JavaFX Application Thread] DEBUG GameScene            - Entity added to scene
11:09:37.688 [JavaFX Application Thread] DEBUG GameScene            - Added MainViewComponent
11:09:37.688 [JavaFX Application Thread] DEBUG GameScene            - Entity added to scene
11:09:37.688 [JavaFX Application Thread] DEBUG GameScene            - Added MainViewComponent
11:09:37.689 [JavaFX Application Thread] DEBUG GameScene            - Entity added to scene
11:09:37.689 [JavaFX Application Thread] DEBUG GameScene            - Added MainViewComponent
11:09:37.689 [JavaFX Application Thread] DEBUG GameScene            - Entity added to scene
11:09:37.689 [JavaFX Application Thread] DEBUG GameScene            - Added MainViewComponent
11:09:37.690 [JavaFX Application Thread] DEBUG GameScene            - Entity added to scene
11:09:37.690 [JavaFX Application Thread] DEBUG GameScene            - Added MainViewComponent
11:09:37.690 [JavaFX Application Thread] DEBUG GameScene            - Entity added to scene
11:09:37.690 [JavaFX Application Thread] DEBUG GameScene            - Added MainViewComponent
11:09:37.691 [JavaFX Application Thread] DEBUG GameScene            - Entity added to scene
11:09:37.691 [JavaFX Application Thread] DEBUG GameScene            - Added MainViewComponent
11:09:37.691 [JavaFX Application Thread] DEBUG GameScene            - Entity added to scene
11:09:37.691 [JavaFX Application Thread] DEBUG GameScene            - Added MainViewComponent
11:09:37.691 [JavaFX Application Thread] DEBUG GameScene            - Entity added to scene
11:09:37.692 [JavaFX Application Thread] DEBUG GameScene            - Added MainViewComponent
11:09:37.692 [JavaFX Application Thread] DEBUG GameScene            - Entity added to scene
11:09:37.692 [JavaFX Application Thread] DEBUG GameScene            - Added MainViewComponent
11:09:37.692 [JavaFX Application Thread] DEBUG GameScene            - Entity added to scene
11:09:37.693 [JavaFX Application Thread] DEBUG GameScene            - Added MainViewComponent
11:09:37.693 [JavaFX Application Thread] DEBUG GameScene            - Entity added to scene
11:09:37.693 [JavaFX Application Thread] DEBUG GameScene            - Added MainViewComponent
11:09:37.694 [JavaFX Application Thread] DEBUG GameScene            - Entity added to scene
11:09:37.694 [JavaFX Application Thread] DEBUG GameScene            - Added MainViewComponent
11:09:37.694 [JavaFX Application Thread] DEBUG GameScene            - Entity added to scene
11:09:37.694 [JavaFX Application Thread] DEBUG GameScene            - Added MainViewComponent
11:09:37.694 [JavaFX Application Thread] DEBUG GameScene            - Entity added to scene
11:09:37.695 [JavaFX Application Thread] DEBUG GameScene            - Added MainViewComponent
11:09:37.695 [JavaFX Application Thread] DEBUG GameScene            - Entity added to scene
11:09:37.695 [JavaFX Application Thread] DEBUG GameScene            - Added MainViewComponent
11:09:37.696 [JavaFX Application Thread] DEBUG GameScene            - Entity added to scene
11:09:37.696 [JavaFX Application Thread] DEBUG GameScene            - Added MainViewComponent
11:09:37.696 [JavaFX Application Thread] DEBUG GameScene            - Entity added to scene
11:09:37.696 [JavaFX Application Thread] DEBUG GameScene            - Added MainViewComponent
11:09:37.697 [JavaFX Application Thread] DEBUG GameScene            - Entity added to scene
11:09:37.697 [JavaFX Application Thread] DEBUG GameScene            - Added MainViewComponent
11:09:37.697 [JavaFX Application Thread] DEBUG GameScene            - Entity added to scene
11:09:37.697 [JavaFX Application Thread] DEBUG GameScene            - Added MainViewComponent
11:09:37.697 [JavaFX Application Thread] DEBUG GameScene            - Entity added to scene
11:09:37.698 [JavaFX Application Thread] DEBUG GameScene            - Added MainViewComponent
11:09:37.698 [JavaFX Application Thread] DEBUG GameScene            - Entity added to scene
11:09:37.698 [JavaFX Application Thread] DEBUG GameScene            - Added MainViewComponent
11:09:37.698 [JavaFX Application Thread] DEBUG GameScene            - Entity added to scene
11:09:37.699 [JavaFX Application Thread] DEBUG GameScene            - Added MainViewComponent
11:09:37.699 [JavaFX Application Thread] DEBUG GameScene            - Entity added to scene
11:09:37.699 [JavaFX Application Thread] DEBUG GameScene            - Added MainViewComponent
11:09:37.700 [JavaFX Application Thread] DEBUG GameScene            - Entity added to scene
11:09:37.700 [JavaFX Application Thread] DEBUG GameScene            - Added MainViewComponent
11:09:37.700 [JavaFX Application Thread] DEBUG GameScene            - Entity added to scene
11:09:37.701 [JavaFX Application Thread] DEBUG GameScene            - Added MainViewComponent
11:09:37.701 [JavaFX Application Thread] DEBUG GameScene            - Entity added to scene
11:09:37.701 [JavaFX Application Thread] DEBUG GameScene            - Added MainViewComponent
11:09:37.701 [JavaFX Application Thread] DEBUG GameScene            - Entity added to scene
11:09:37.701 [JavaFX Application Thread] DEBUG GameScene            - Added MainViewComponent
11:09:37.701 [JavaFX Application Thread] DEBUG GameScene            - Entity added to scene
11:09:37.701 [JavaFX Application Thread] DEBUG GameScene            - Added MainViewComponent
11:09:37.702 [JavaFX Application Thread] DEBUG GameScene            - Entity added to scene
11:09:37.702 [JavaFX Application Thread] DEBUG GameScene            - Added MainViewComponent
11:09:37.702 [JavaFX Application Thread] DEBUG GameScene            - Entity added to scene
11:09:37.702 [JavaFX Application Thread] DEBUG GameScene            - Added MainViewComponent
11:09:37.702 [JavaFX Application Thread] DEBUG GameScene            - Entity added to scene
11:09:37.702 [JavaFX Application Thread] DEBUG GameScene            - Added MainViewComponent
11:09:37.702 [JavaFX Application Thread] DEBUG GameScene            - Entity added to scene
11:09:37.702 [JavaFX Application Thread] DEBUG GameScene            - Added MainViewComponent
11:09:37.702 [JavaFX Application Thread] DEBUG GameScene            - Entity added to scene
11:09:37.702 [JavaFX Application Thread] DEBUG GameScene            - Added MainViewComponent
11:09:37.703 [JavaFX Application Thread] DEBUG GameScene            - Entity added to scene
11:09:37.703 [JavaFX Application Thread] DEBUG GameScene            - Added MainViewComponent
11:09:37.703 [JavaFX Application Thread] DEBUG GameScene            - Entity added to scene
11:09:37.703 [JavaFX Application Thread] DEBUG GameScene            - Added MainViewComponent
11:09:37.703 [JavaFX Application Thread] DEBUG GameScene            - Entity added to scene
11:09:37.703 [JavaFX Application Thread] DEBUG GameScene            - Added MainViewComponent
11:09:37.704 [JavaFX Application Thread] DEBUG GameScene            - Entity added to scene
11:09:37.704 [JavaFX Application Thread] DEBUG GameScene            - Added MainViewComponent
11:09:37.705 [JavaFX Application Thread] DEBUG GameScene            - Entity added to scene
11:09:37.705 [JavaFX Application Thread] DEBUG GameScene            - Added MainViewComponent
11:09:37.705 [JavaFX Application Thread] DEBUG GameScene            - Entity added to scene
11:09:37.705 [JavaFX Application Thread] DEBUG GameScene            - Added MainViewComponent
11:09:37.705 [JavaFX Application Thread] DEBUG GameScene            - Entity added to scene
11:09:37.705 [JavaFX Application Thread] DEBUG GameScene            - Added MainViewComponent
11:09:37.705 [JavaFX Application Thread] DEBUG GameScene            - Entity added to scene
11:09:37.705 [JavaFX Application Thread] DEBUG GameScene            - Added MainViewComponent
11:09:37.706 [JavaFX Application Thread] DEBUG GameScene            - Entity added to scene
11:09:37.706 [JavaFX Application Thread] DEBUG GameScene            - Added MainViewComponent
11:09:37.706 [JavaFX Application Thread] DEBUG GameScene            - Entity added to scene
11:09:37.706 [JavaFX Application Thread] DEBUG GameScene            - Added MainViewComponent
11:09:37.706 [JavaFX Application Thread] DEBUG GameScene            - Entity added to scene
11:09:37.706 [JavaFX Application Thread] DEBUG GameScene            - Added MainViewComponent
11:09:37.707 [JavaFX Application Thread] DEBUG GameScene            - Entity added to scene
11:09:37.707 [JavaFX Application Thread] DEBUG GameScene            - Added MainViewComponent
11:09:37.707 [JavaFX Application Thread] DEBUG GameScene            - Entity added to scene
11:09:37.707 [JavaFX Application Thread] DEBUG GameScene            - Added MainViewComponent
11:09:37.708 [JavaFX Application Thread] DEBUG GameScene            - Entity added to scene
11:09:37.708 [JavaFX Application Thread] DEBUG GameScene            - Added MainViewComponent
11:09:37.708 [JavaFX Application Thread] DEBUG GameScene            - Entity added to scene
11:09:37.708 [JavaFX Application Thread] DEBUG GameScene            - Added MainViewComponent
11:09:37.708 [JavaFX Application Thread] DEBUG GameScene            - Entity added to scene
11:09:37.708 [JavaFX Application Thread] DEBUG GameScene            - Added MainViewComponent
11:09:37.708 [JavaFX Application Thread] DEBUG GameScene            - Entity added to scene
11:09:37.708 [JavaFX Application Thread] DEBUG GameScene            - Added MainViewComponent
11:09:37.708 [JavaFX Application Thread] DEBUG GameScene            - Entity added to scene
11:09:37.709 [JavaFX Application Thread] DEBUG GameScene            - Added MainViewComponent
11:09:37.709 [JavaFX Application Thread] DEBUG GameScene            - Entity added to scene
11:09:37.709 [JavaFX Application Thread] DEBUG GameScene            - Added MainViewComponent
11:09:37.709 [JavaFX Application Thread] DEBUG GameScene            - Entity added to scene
11:09:37.709 [JavaFX Application Thread] DEBUG GameScene            - Added MainViewComponent
11:09:37.709 [JavaFX Application Thread] DEBUG GameScene            - Entity added to scene
11:09:37.709 [JavaFX Application Thread] DEBUG GameScene            - Added MainViewComponent
11:09:37.709 [JavaFX Application Thread] DEBUG GameScene            - Entity added to scene
11:09:37.709 [JavaFX Application Thread] DEBUG GameScene            - Added MainViewComponent
11:09:37.709 [JavaFX Application Thread] DEBUG GameScene            - Entity added to scene
11:09:37.710 [JavaFX Application Thread] DEBUG GameScene            - Added MainViewComponent
11:09:37.710 [JavaFX Application Thread] DEBUG GameScene            - Entity added to scene
11:09:37.710 [JavaFX Application Thread] DEBUG GameScene            - Added MainViewComponent
11:09:37.710 [JavaFX Application Thread] DEBUG GameScene            - Entity added to scene
11:09:37.710 [JavaFX Application Thread] DEBUG GameScene            - Added MainViewComponent
11:09:37.710 [JavaFX Application Thread] DEBUG GameScene            - Entity added to scene
11:09:37.710 [JavaFX Application Thread] DEBUG GameScene            - Added MainViewComponent
11:09:37.710 [JavaFX Application Thread] DEBUG GameScene            - Entity added to scene
11:09:37.710 [JavaFX Application Thread] DEBUG GameScene            - Added MainViewComponent
11:09:37.710 [JavaFX Application Thread] DEBUG GameScene            - Entity added to scene
11:09:37.710 [JavaFX Application Thread] DEBUG GameScene            - Added MainViewComponent
11:09:37.711 [JavaFX Application Thread] DEBUG GameScene            - Entity added to scene
11:09:37.711 [JavaFX Application Thread] DEBUG GameScene            - Added MainViewComponent
11:09:37.711 [JavaFX Application Thread] DEBUG GameScene            - Entity added to scene
11:09:37.711 [JavaFX Application Thread] DEBUG GameScene            - Added MainViewComponent
11:09:37.711 [JavaFX Application Thread] DEBUG GameScene            - Entity added to scene
11:09:37.711 [JavaFX Application Thread] DEBUG GameScene            - Added MainViewComponent
11:09:37.712 [JavaFX Application Thread] DEBUG GameScene            - Entity added to scene
11:09:37.712 [JavaFX Application Thread] DEBUG GameScene            - Added MainViewComponent
11:09:37.712 [JavaFX Application Thread] DEBUG GameScene            - Entity added to scene
11:09:37.712 [JavaFX Application Thread] DEBUG GameScene            - Added MainViewComponent
11:09:37.712 [JavaFX Application Thread] DEBUG GameScene            - Entity added to scene
11:09:37.712 [JavaFX Application Thread] DEBUG GameScene            - Added MainViewComponent
11:09:37.713 [JavaFX Application Thread] DEBUG GameScene            - Entity added to scene
11:09:37.713 [JavaFX Application Thread] DEBUG GameScene            - Added MainViewComponent
11:09:37.713 [JavaFX Application Thread] DEBUG GameScene            - Entity added to scene
11:09:37.713 [JavaFX Application Thread] DEBUG GameScene            - Added MainViewComponent
11:09:37.714 [JavaFX Application Thread] DEBUG GameScene            - Entity added to scene
11:09:37.714 [JavaFX Application Thread] DEBUG GameScene            - Added MainViewComponent
11:09:37.714 [JavaFX Application Thread] DEBUG GameScene            - Entity added to scene
11:09:37.715 [JavaFX Application Thread] DEBUG GameScene            - Added MainViewComponent
11:09:37.716 [JavaFX Application Thread] DEBUG GameScene            - Entity added to scene
11:09:37.716 [JavaFX Application Thread] DEBUG GameScene            - Added MainViewComponent
11:09:37.717 [JavaFX Application Thread] DEBUG GameScene            - Entity added to scene
11:09:37.717 [JavaFX Application Thread] DEBUG GameScene            - Added MainViewComponent
11:09:37.717 [JavaFX Application Thread] DEBUG GameScene            - Entity added to scene
11:09:37.717 [JavaFX Application Thread] DEBUG GameScene            - Added MainViewComponent
11:09:37.717 [JavaFX Application Thread] DEBUG GameScene            - Entity added to scene
11:09:37.717 [JavaFX Application Thread] DEBUG GameScene            - Added MainViewComponent
11:09:37.718 [JavaFX Application Thread] DEBUG GameScene            - Entity added to scene
11:09:37.718 [JavaFX Application Thread] DEBUG GameScene            - Added MainViewComponent
11:09:37.718 [JavaFX Application Thread] DEBUG GameScene            - Entity added to scene
11:09:37.718 [JavaFX Application Thread] DEBUG GameScene            - Added MainViewComponent
11:09:37.718 [JavaFX Application Thread] DEBUG GameScene            - Entity added to scene
11:09:37.718 [JavaFX Application Thread] DEBUG GameScene            - Added MainViewComponent
11:09:37.719 [JavaFX Application Thread] DEBUG GameScene            - Entity added to scene
11:09:37.719 [JavaFX Application Thread] DEBUG GameScene            - Added MainViewComponent
11:09:37.719 [JavaFX Application Thread] DEBUG GameScene            - Entity added to scene
11:09:37.719 [JavaFX Application Thread] DEBUG GameScene            - Added MainViewComponent
11:09:37.719 [JavaFX Application Thread] DEBUG GameScene            - Entity added to scene
11:09:37.719 [JavaFX Application Thread] DEBUG GameScene            - Added MainViewComponent
11:09:37.719 [JavaFX Application Thread] DEBUG GameScene            - Entity added to scene
11:09:37.719 [JavaFX Application Thread] DEBUG GameScene            - Added MainViewComponent
11:09:37.720 [JavaFX Application Thread] DEBUG GameScene            - Entity added to scene
11:09:37.720 [JavaFX Application Thread] DEBUG GameScene            - Added MainViewComponent
11:09:37.720 [JavaFX Application Thread] DEBUG GameScene            - Entity added to scene
11:09:37.720 [JavaFX Application Thread] DEBUG GameScene            - Added MainViewComponent
11:09:37.720 [JavaFX Application Thread] DEBUG GameScene            - Entity added to scene
11:09:37.720 [JavaFX Application Thread] DEBUG GameScene            - Added MainViewComponent
11:09:37.720 [JavaFX Application Thread] DEBUG GameScene            - Entity added to scene
11:09:37.720 [JavaFX Application Thread] DEBUG GameScene            - Added MainViewComponent
11:09:37.721 [JavaFX Application Thread] DEBUG GameScene            - Entity added to scene
11:09:37.721 [JavaFX Application Thread] DEBUG GameScene            - Added MainViewComponent
11:09:37.721 [JavaFX Application Thread] DEBUG GameScene            - Entity added to scene
11:09:37.721 [JavaFX Application Thread] DEBUG GameScene            - Added MainViewComponent
11:09:37.721 [JavaFX Application Thread] DEBUG GameScene            - Entity added to scene
11:09:37.721 [JavaFX Application Thread] DEBUG GameScene            - Added MainViewComponent
11:09:37.721 [JavaFX Application Thread] DEBUG GameScene            - Entity added to scene
11:09:37.721 [JavaFX Application Thread] DEBUG GameScene            - Added MainViewComponent
11:09:37.722 [JavaFX Application Thread] DEBUG GameScene            - Entity added to scene
11:09:37.722 [JavaFX Application Thread] DEBUG GameScene            - Added MainViewComponent
11:09:37.722 [JavaFX Application Thread] DEBUG GameScene            - Entity added to scene
11:09:37.722 [JavaFX Application Thread] DEBUG GameScene            - Added MainViewComponent
11:09:37.722 [JavaFX Application Thread] DEBUG GameScene            - Entity added to scene
11:09:37.722 [JavaFX Application Thread] DEBUG GameScene            - Added MainViewComponent
11:09:37.722 [JavaFX Application Thread] DEBUG GameScene            - Entity added to scene
11:09:37.722 [JavaFX Application Thread] DEBUG GameScene            - Added MainViewComponent
11:09:37.723 [JavaFX Application Thread] DEBUG GameScene            - Entity added to scene
11:09:37.723 [JavaFX Application Thread] DEBUG GameScene            - Added MainViewComponent
11:09:37.723 [JavaFX Application Thread] DEBUG GameScene            - Entity added to scene
11:09:37.723 [JavaFX Application Thread] DEBUG GameScene            - Added MainViewComponent
11:09:37.723 [JavaFX Application Thread] DEBUG GameScene            - Entity added to scene
11:09:37.723 [JavaFX Application Thread] DEBUG GameScene            - Added MainViewComponent
11:09:37.723 [JavaFX Application Thread] DEBUG GameScene            - Entity added to scene
11:09:37.723 [JavaFX Application Thread] DEBUG GameScene            - Added MainViewComponent
11:09:37.723 [JavaFX Application Thread] DEBUG GameScene            - Entity added to scene
11:09:37.723 [JavaFX Application Thread] DEBUG GameScene            - Added MainViewComponent
11:09:37.724 [JavaFX Application Thread] DEBUG GameScene            - Entity added to scene
11:09:37.724 [JavaFX Application Thread] DEBUG GameScene            - Added MainViewComponent
11:09:37.724 [JavaFX Application Thread] DEBUG GameScene            - Entity added to scene
11:09:37.724 [JavaFX Application Thread] DEBUG GameScene            - Added MainViewComponent
11:09:37.724 [JavaFX Application Thread] DEBUG GameScene            - Entity added to scene
11:09:37.724 [JavaFX Application Thread] DEBUG GameScene            - Added MainViewComponent
11:09:37.724 [JavaFX Application Thread] DEBUG GameScene            - Entity added to scene
11:09:37.724 [JavaFX Application Thread] DEBUG GameScene            - Added MainViewComponent
11:09:37.725 [JavaFX Application Thread] DEBUG GameScene            - Entity added to scene
11:09:37.725 [JavaFX Application Thread] DEBUG GameScene            - Added MainViewComponent
11:09:37.725 [JavaFX Application Thread] DEBUG GameScene            - Entity added to scene
11:09:37.725 [JavaFX Application Thread] DEBUG GameScene            - Added MainViewComponent
11:09:37.725 [JavaFX Application Thread] DEBUG GameScene            - Entity added to scene
11:09:37.725 [JavaFX Application Thread] DEBUG GameScene            - Added MainViewComponent
11:09:37.725 [JavaFX Application Thread] DEBUG GameScene            - Entity added to scene
11:09:37.725 [JavaFX Application Thread] DEBUG GameScene            - Added MainViewComponent
11:09:37.726 [JavaFX Application Thread] DEBUG GameScene            - Entity added to scene
11:09:37.726 [JavaFX Application Thread] DEBUG GameScene            - Added MainViewComponent
11:09:37.726 [JavaFX Application Thread] DEBUG GameScene            - Entity added to scene
11:09:37.726 [JavaFX Application Thread] DEBUG GameScene            - Added MainViewComponent
11:09:37.727 [JavaFX Application Thread] DEBUG GameScene            - Entity added to scene
11:09:37.727 [JavaFX Application Thread] DEBUG GameScene            - Added MainViewComponent
11:09:37.727 [JavaFX Application Thread] DEBUG GameScene            - Entity added to scene
11:09:37.727 [JavaFX Application Thread] DEBUG GameScene            - Added MainViewComponent
11:09:37.727 [JavaFX Application Thread] DEBUG GameScene            - Entity added to scene
11:09:37.727 [JavaFX Application Thread] DEBUG GameScene            - Added MainViewComponent
11:09:37.727 [JavaFX Application Thread] DEBUG GameScene            - Entity added to scene
11:09:37.727 [JavaFX Application Thread] DEBUG GameScene            - Added MainViewComponent
11:09:37.727 [JavaFX Application Thread] DEBUG GameScene            - Entity added to scene
11:09:37.727 [JavaFX Application Thread] DEBUG GameScene            - Added MainViewComponent
11:09:37.728 [JavaFX Application Thread] DEBUG GameScene            - Entity added to scene
11:09:37.728 [JavaFX Application Thread] DEBUG GameScene            - Added MainViewComponent
11:09:37.728 [JavaFX Application Thread] DEBUG GameScene            - Entity added to scene
11:09:37.728 [JavaFX Application Thread] DEBUG GameScene            - Added MainViewComponent
11:09:37.728 [JavaFX Application Thread] DEBUG GameScene            - Entity added to scene
11:09:37.728 [JavaFX Application Thread] DEBUG GameScene            - Added MainViewComponent
11:09:37.728 [JavaFX Application Thread] DEBUG GameScene            - Entity added to scene
11:09:37.728 [JavaFX Application Thread] DEBUG GameScene            - Added MainViewComponent
11:09:37.728 [JavaFX Application Thread] DEBUG GameScene            - Entity added to scene
11:09:37.729 [JavaFX Application Thread] DEBUG GameScene            - Added MainViewComponent
11:09:37.729 [JavaFX Application Thread] DEBUG GameScene            - Entity added to scene
11:09:37.729 [JavaFX Application Thread] DEBUG GameScene            - Added MainViewComponent
11:09:37.729 [JavaFX Application Thread] DEBUG GameScene            - Entity added to scene
11:09:37.729 [JavaFX Application Thread] DEBUG GameScene            - Added MainViewComponent
11:09:37.729 [JavaFX Application Thread] DEBUG GameScene            - Entity added to scene
11:09:37.729 [JavaFX Application Thread] DEBUG GameScene            - Added MainViewComponent
11:09:37.729 [JavaFX Application Thread] DEBUG GameScene            - Entity added to scene
11:09:37.729 [JavaFX Application Thread] DEBUG GameScene            - Added MainViewComponent
11:09:37.729 [JavaFX Application Thread] DEBUG GameScene            - Entity added to scene
11:09:37.729 [JavaFX Application Thread] DEBUG GameScene            - Added MainViewComponent
11:09:37.730 [JavaFX Application Thread] DEBUG GameScene            - Entity added to scene
11:09:37.730 [JavaFX Application Thread] DEBUG GameScene            - Added MainViewComponent
11:09:37.730 [JavaFX Application Thread] DEBUG GameScene            - Entity added to scene
11:09:37.730 [JavaFX Application Thread] DEBUG GameScene            - Added MainViewComponent
11:09:37.730 [JavaFX Application Thread] DEBUG GameScene            - Entity added to scene
11:09:37.730 [JavaFX Application Thread] DEBUG GameScene            - Added MainViewComponent
11:09:37.730 [JavaFX Application Thread] DEBUG GameScene            - Entity added to scene
11:09:37.730 [JavaFX Application Thread] DEBUG GameScene            - Added MainViewComponent
11:09:37.731 [JavaFX Application Thread] DEBUG GameScene            - Entity added to scene
11:09:37.731 [JavaFX Application Thread] DEBUG GameScene            - Added MainViewComponent
11:09:37.732 [JavaFX Application Thread] DEBUG GameScene            - Entity added to scene
11:09:37.732 [JavaFX Application Thread] DEBUG GameScene            - Added MainViewComponent
11:09:37.732 [JavaFX Application Thread] DEBUG GameScene            - Entity added to scene
11:09:37.732 [JavaFX Application Thread] DEBUG GameScene            - Added MainViewComponent
11:09:37.732 [JavaFX Application Thread] DEBUG GameScene            - Entity added to scene
11:09:37.732 [JavaFX Application Thread] DEBUG GameScene            - Added MainViewComponent
11:09:37.732 [JavaFX Application Thread] DEBUG GameScene            - Entity added to scene
11:09:37.732 [JavaFX Application Thread] DEBUG GameScene            - Added MainViewComponent
11:09:37.732 [JavaFX Application Thread] DEBUG GameScene            - Entity added to scene
11:09:37.732 [JavaFX Application Thread] DEBUG GameScene            - Added MainViewComponent
11:09:37.733 [JavaFX Application Thread] DEBUG GameScene            - Entity added to scene
11:09:37.733 [JavaFX Application Thread] DEBUG GameScene            - Added MainViewComponent
11:09:37.733 [JavaFX Application Thread] DEBUG GameScene            - Entity added to scene
11:09:37.733 [JavaFX Application Thread] DEBUG GameScene            - Added MainViewComponent
11:09:37.733 [JavaFX Application Thread] DEBUG GameScene            - Entity added to scene
11:09:37.733 [JavaFX Application Thread] DEBUG GameScene            - Added MainViewComponent
11:09:37.733 [JavaFX Application Thread] DEBUG GameScene            - Entity added to scene
11:09:37.733 [JavaFX Application Thread] DEBUG GameScene            - Added MainViewComponent
11:09:37.733 [JavaFX Application Thread] DEBUG GameScene            - Entity added to scene
11:09:37.733 [JavaFX Application Thread] DEBUG GameScene            - Added MainViewComponent
11:09:37.733 [JavaFX Application Thread] DEBUG GameScene            - Entity added to scene
11:09:37.733 [JavaFX Application Thread] DEBUG GameScene            - Added MainViewComponent
11:09:37.734 [JavaFX Application Thread] DEBUG GameScene            - Entity added to scene
11:09:37.734 [JavaFX Application Thread] DEBUG GameScene            - Added MainViewComponent
11:09:37.734 [JavaFX Application Thread] DEBUG GameScene            - Entity added to scene
11:09:37.734 [JavaFX Application Thread] DEBUG GameScene            - Added MainViewComponent
11:09:37.734 [JavaFX Application Thread] DEBUG GameScene            - Entity added to scene
11:09:37.734 [JavaFX Application Thread] DEBUG GameScene            - Added MainViewComponent
11:09:37.734 [JavaFX Application Thread] DEBUG GameScene            - Entity added to scene
11:09:37.735 [JavaFX Application Thread] DEBUG GameScene            - Added MainViewComponent
11:09:37.735 [JavaFX Application Thread] DEBUG GameScene            - Entity added to scene
11:09:37.735 [JavaFX Application Thread] DEBUG GameScene            - Added MainViewComponent
11:09:37.735 [JavaFX Application Thread] DEBUG GameScene            - Entity added to scene
11:09:37.735 [JavaFX Application Thread] DEBUG GameScene            - Added MainViewComponent
11:09:37.736 [JavaFX Application Thread] DEBUG GameScene            - Entity added to scene
11:09:37.736 [JavaFX Application Thread] DEBUG GameScene            - Added MainViewComponent
11:09:37.736 [JavaFX Application Thread] DEBUG GameScene            - Entity added to scene
11:09:37.736 [JavaFX Application Thread] DEBUG GameScene            - Added MainViewComponent
11:09:37.736 [JavaFX Application Thread] DEBUG GameScene            - Entity added to scene
11:09:37.737 [JavaFX Application Thread] DEBUG GameScene            - Added MainViewComponent
11:09:37.737 [JavaFX Application Thread] DEBUG GameScene            - Entity added to scene
11:09:37.737 [JavaFX Application Thread] DEBUG GameScene            - Added MainViewComponent
11:09:37.738 [JavaFX Application Thread] DEBUG GameScene            - Entity added to scene
11:09:37.738 [JavaFX Application Thread] DEBUG GameScene            - Added MainViewComponent
11:09:37.738 [JavaFX Application Thread] DEBUG GameScene            - Entity added to scene
11:09:37.738 [JavaFX Application Thread] DEBUG GameScene            - Added MainViewComponent
11:09:37.739 [JavaFX Application Thread] DEBUG GameScene            - Entity added to scene
11:09:37.739 [JavaFX Application Thread] DEBUG GameScene            - Added MainViewComponent
11:09:37.739 [JavaFX Application Thread] DEBUG GameScene            - Entity added to scene
11:09:37.739 [JavaFX Application Thread] DEBUG GameScene            - Added MainViewComponent
11:09:37.739 [JavaFX Application Thread] DEBUG GameScene            - Entity added to scene
11:09:37.740 [JavaFX Application Thread] DEBUG GameScene            - Added MainViewComponent
11:09:37.740 [JavaFX Application Thread] DEBUG GameScene            - Entity added to scene
11:09:37.740 [JavaFX Application Thread] DEBUG GameScene            - Added MainViewComponent
11:09:37.740 [JavaFX Application Thread] DEBUG GameScene            - Entity added to scene
11:09:37.740 [JavaFX Application Thread] DEBUG GameScene            - Added MainViewComponent
11:09:37.741 [JavaFX Application Thread] DEBUG GameScene            - Entity added to scene
11:09:37.741 [JavaFX Application Thread] DEBUG GameScene            - Added MainViewComponent
11:09:37.741 [JavaFX Application Thread] DEBUG GameScene            - Entity added to scene
11:09:37.741 [JavaFX Application Thread] DEBUG GameScene            - Added MainViewComponent
11:09:37.741 [JavaFX Application Thread] DEBUG GameScene            - Entity added to scene
11:09:37.741 [JavaFX Application Thread] DEBUG GameScene            - Added MainViewComponent
11:09:37.741 [JavaFX Application Thread] DEBUG GameScene            - Entity added to scene
11:09:37.741 [JavaFX Application Thread] DEBUG GameScene            - Added MainViewComponent
11:09:37.741 [JavaFX Application Thread] DEBUG GameScene            - Entity added to scene
11:09:37.741 [JavaFX Application Thread] DEBUG GameScene            - Added MainViewComponent
11:09:37.742 [JavaFX Application Thread] DEBUG GameScene            - Entity added to scene
11:09:37.742 [JavaFX Application Thread] DEBUG GameScene            - Added MainViewComponent
11:09:37.742 [JavaFX Application Thread] DEBUG GameScene            - Entity added to scene
11:09:37.742 [JavaFX Application Thread] DEBUG GameScene            - Added MainViewComponent
11:09:37.742 [JavaFX Application Thread] DEBUG GameScene            - Entity added to scene
11:09:37.742 [JavaFX Application Thread] DEBUG GameScene            - Added MainViewComponent
11:09:37.742 [JavaFX Application Thread] DEBUG GameScene            - Entity added to scene
11:09:37.742 [JavaFX Application Thread] DEBUG GameScene            - Added MainViewComponent
11:09:37.742 [JavaFX Application Thread] DEBUG GameScene            - Entity added to scene
11:09:37.742 [JavaFX Application Thread] DEBUG GameScene            - Added MainViewComponent
11:09:37.742 [JavaFX Application Thread] DEBUG GameScene            - Entity added to scene
11:09:37.742 [JavaFX Application Thread] DEBUG GameScene            - Added MainViewComponent
11:09:37.743 [JavaFX Application Thread] DEBUG GameScene            - Entity added to scene
11:09:37.743 [JavaFX Application Thread] DEBUG GameScene            - Added MainViewComponent
11:09:37.743 [JavaFX Application Thread] DEBUG GameScene            - Entity added to scene
11:09:37.743 [JavaFX Application Thread] DEBUG GameScene            - Added MainViewComponent
11:09:37.743 [JavaFX Application Thread] DEBUG GameScene            - Entity added to scene
11:09:37.743 [JavaFX Application Thread] DEBUG GameScene            - Added MainViewComponent
11:09:37.743 [JavaFX Application Thread] DEBUG GameScene            - Entity added to scene
11:09:37.743 [JavaFX Application Thread] DEBUG GameScene            - Added MainViewComponent
11:09:37.743 [JavaFX Application Thread] DEBUG GameScene            - Entity added to scene
11:09:37.743 [JavaFX Application Thread] DEBUG GameScene            - Added MainViewComponent
11:09:37.743 [JavaFX Application Thread] DEBUG GameScene            - Entity added to scene
11:09:37.743 [JavaFX Application Thread] DEBUG GameScene            - Added MainViewComponent
11:09:37.744 [JavaFX Application Thread] DEBUG GameScene            - Entity added to scene
11:09:37.744 [JavaFX Application Thread] DEBUG GameScene            - Added MainViewComponent
11:09:37.744 [JavaFX Application Thread] DEBUG GameScene            - Entity added to scene
11:09:37.744 [JavaFX Application Thread] DEBUG GameScene            - Added MainViewComponent
11:09:37.744 [JavaFX Application Thread] DEBUG GameScene            - Entity added to scene
11:09:37.744 [JavaFX Application Thread] DEBUG GameScene            - Added MainViewComponent
11:09:37.744 [JavaFX Application Thread] DEBUG GameScene            - Entity added to scene
11:09:37.744 [JavaFX Application Thread] DEBUG GameScene            - Added MainViewComponent
11:09:37.744 [JavaFX Application Thread] DEBUG GameScene            - Entity added to scene
11:09:37.744 [JavaFX Application Thread] DEBUG GameScene            - Added MainViewComponent
11:09:37.744 [JavaFX Application Thread] DEBUG GameScene            - Entity added to scene
11:09:37.744 [JavaFX Application Thread] DEBUG GameScene            - Added MainViewComponent
11:09:37.745 [JavaFX Application Thread] DEBUG GameScene            - Entity added to scene
11:09:37.745 [JavaFX Application Thread] DEBUG GameScene            - Added MainViewComponent
11:09:37.745 [JavaFX Application Thread] DEBUG GameScene            - Entity added to scene
11:09:37.745 [JavaFX Application Thread] DEBUG GameScene            - Added MainViewComponent
11:09:37.745 [JavaFX Application Thread] DEBUG GameScene            - Entity added to scene
11:09:37.745 [JavaFX Application Thread] DEBUG GameScene            - Added MainViewComponent
11:09:37.745 [JavaFX Application Thread] DEBUG GameScene            - Entity added to scene
11:09:37.745 [JavaFX Application Thread] DEBUG GameScene            - Added MainViewComponent
11:09:37.745 [JavaFX Application Thread] DEBUG GameScene            - Entity added to scene
11:09:37.745 [JavaFX Application Thread] DEBUG GameScene            - Added MainViewComponent
11:09:37.745 [JavaFX Application Thread] DEBUG GameScene            - Entity added to scene
11:09:37.745 [JavaFX Application Thread] DEBUG GameScene            - Added MainViewComponent
11:09:37.746 [JavaFX Application Thread] DEBUG GameScene            - Entity added to scene
11:09:37.746 [JavaFX Application Thread] DEBUG GameScene            - Added MainViewComponent
11:09:37.746 [JavaFX Application Thread] DEBUG GameScene            - Entity added to scene
11:09:37.746 [JavaFX Application Thread] DEBUG GameScene            - Added MainViewComponent
11:09:37.746 [JavaFX Application Thread] DEBUG GameScene            - Entity added to scene
11:09:37.746 [JavaFX Application Thread] DEBUG GameScene            - Added MainViewComponent
11:09:37.746 [JavaFX Application Thread] DEBUG GameScene            - Entity added to scene
11:09:37.746 [JavaFX Application Thread] DEBUG GameScene            - Added MainViewComponent
11:09:37.746 [JavaFX Application Thread] DEBUG GameScene            - Entity added to scene
11:09:37.746 [JavaFX Application Thread] DEBUG GameScene            - Added MainViewComponent
11:09:37.747 [JavaFX Application Thread] DEBUG GameScene            - Entity added to scene
11:09:37.747 [JavaFX Application Thread] DEBUG GameScene            - Added MainViewComponent
11:09:37.747 [JavaFX Application Thread] DEBUG GameScene            - Entity added to scene
11:09:37.747 [JavaFX Application Thread] DEBUG GameScene            - Added MainViewComponent
11:09:37.747 [JavaFX Application Thread] DEBUG GameScene            - Entity added to scene
11:09:37.748 [JavaFX Application Thread] DEBUG GameScene            - Added MainViewComponent
11:09:37.748 [JavaFX Application Thread] DEBUG GameScene            - Entity added to scene
11:09:37.748 [JavaFX Application Thread] DEBUG GameScene            - Added MainViewComponent
11:09:37.748 [JavaFX Application Thread] DEBUG GameScene            - Entity added to scene
11:09:37.748 [JavaFX Application Thread] DEBUG GameScene            - Added MainViewComponent
11:09:37.748 [JavaFX Application Thread] DEBUG GameScene            - Entity added to scene
11:09:37.748 [JavaFX Application Thread] DEBUG GameScene            - Added MainViewComponent
11:09:37.749 [JavaFX Application Thread] DEBUG GameScene            - Entity added to scene
11:09:37.749 [JavaFX Application Thread] DEBUG GameScene            - Added MainViewComponent
11:09:37.749 [JavaFX Application Thread] DEBUG GameScene            - Entity added to scene
11:09:37.749 [JavaFX Application Thread] DEBUG GameScene            - Added MainViewComponent
11:09:37.749 [JavaFX Application Thread] DEBUG GameScene            - Entity added to scene
11:09:37.749 [JavaFX Application Thread] DEBUG GameScene            - Added MainViewComponent
11:09:37.750 [JavaFX Application Thread] DEBUG GameScene            - Entity added to scene
11:09:37.750 [JavaFX Application Thread] DEBUG GameScene            - Added MainViewComponent
11:09:37.750 [JavaFX Application Thread] DEBUG GameScene            - Entity added to scene
11:09:37.750 [JavaFX Application Thread] DEBUG GameScene            - Added MainViewComponent
11:09:37.750 [JavaFX Application Thread] DEBUG GameScene            - Entity added to scene
11:09:37.750 [JavaFX Application Thread] DEBUG GameScene            - Added MainViewComponent
11:09:37.751 [JavaFX Application Thread] DEBUG GameScene            - Entity added to scene
11:09:37.751 [JavaFX Application Thread] DEBUG GameScene            - Added MainViewComponent
11:09:37.751 [JavaFX Application Thread] DEBUG GameScene            - Entity added to scene
11:09:37.751 [JavaFX Application Thread] DEBUG GameScene            - Added MainViewComponent
11:09:37.751 [JavaFX Application Thread] DEBUG GameScene            - Entity added to scene
11:09:37.751 [JavaFX Application Thread] DEBUG GameScene            - Added MainViewComponent
11:09:37.752 [JavaFX Application Thread] DEBUG GameScene            - Entity added to scene
11:09:37.752 [JavaFX Application Thread] DEBUG GameScene            - Added MainViewComponent
11:09:37.752 [JavaFX Application Thread] DEBUG GameScene            - Entity added to scene
11:09:37.752 [JavaFX Application Thread] DEBUG GameScene            - Added MainViewComponent
11:09:37.752 [JavaFX Application Thread] DEBUG GameScene            - Entity added to scene
11:09:37.752 [JavaFX Application Thread] DEBUG GameScene            - Added MainViewComponent
11:09:37.752 [JavaFX Application Thread] DEBUG GameScene            - Entity added to scene
11:09:37.752 [JavaFX Application Thread] DEBUG GameScene            - Added MainViewComponent
11:09:37.752 [JavaFX Application Thread] DEBUG GameScene            - Entity added to scene
11:09:37.752 [JavaFX Application Thread] DEBUG GameScene            - Added MainViewComponent
11:09:37.752 [JavaFX Application Thread] DEBUG GameScene            - Entity added to scene
11:09:37.752 [JavaFX Application Thread] DEBUG GameScene            - Added MainViewComponent
11:09:37.752 [JavaFX Application Thread] DEBUG GameScene            - Entity added to scene
11:09:37.752 [JavaFX Application Thread] DEBUG GameScene            - Added MainViewComponent
11:09:37.753 [JavaFX Application Thread] DEBUG GameScene            - Entity added to scene
11:09:37.753 [JavaFX Application Thread] DEBUG GameScene            - Added MainViewComponent
11:09:37.753 [JavaFX Application Thread] DEBUG GameScene            - Entity added to scene
11:09:37.753 [JavaFX Application Thread] DEBUG GameScene            - Added MainViewComponent
11:09:37.753 [JavaFX Application Thread] DEBUG GameScene            - Entity added to scene
11:09:37.753 [JavaFX Application Thread] DEBUG GameScene            - Added MainViewComponent
11:09:37.753 [JavaFX Application Thread] DEBUG GameScene            - Entity added to scene
11:09:37.753 [JavaFX Application Thread] DEBUG GameScene            - Added MainViewComponent
11:09:37.753 [JavaFX Application Thread] DEBUG GameScene            - Entity added to scene
11:09:37.753 [JavaFX Application Thread] DEBUG GameScene            - Added MainViewComponent
11:09:37.753 [JavaFX Application Thread] DEBUG GameScene            - Entity added to scene
11:09:37.753 [JavaFX Application Thread] DEBUG GameScene            - Added MainViewComponent
11:09:37.753 [JavaFX Application Thread] DEBUG GameScene            - Entity added to scene
11:09:37.753 [JavaFX Application Thread] DEBUG GameScene            - Added MainViewComponent
11:09:37.754 [JavaFX Application Thread] DEBUG GameScene            - Entity added to scene
11:09:37.754 [JavaFX Application Thread] DEBUG GameScene            - Added MainViewComponent
11:09:37.754 [JavaFX Application Thread] DEBUG GameScene            - Entity added to scene
11:09:37.754 [JavaFX Application Thread] DEBUG GameScene            - Added MainViewComponent
11:09:37.754 [JavaFX Application Thread] DEBUG GameScene            - Entity added to scene
11:09:37.754 [JavaFX Application Thread] DEBUG GameScene            - Added MainViewComponent
11:09:37.754 [JavaFX Application Thread] DEBUG GameScene            - Entity added to scene
11:09:37.754 [JavaFX Application Thread] DEBUG GameScene            - Added MainViewComponent
11:09:37.754 [JavaFX Application Thread] DEBUG GameScene            - Entity added to scene
11:09:37.754 [JavaFX Application Thread] DEBUG GameScene            - Added MainViewComponent
11:09:37.754 [JavaFX Application Thread] DEBUG GameScene            - Entity added to scene
11:09:37.754 [JavaFX Application Thread] DEBUG GameScene            - Added MainViewComponent
11:09:37.755 [JavaFX Application Thread] DEBUG GameScene            - Entity added to scene
11:09:37.755 [JavaFX Application Thread] DEBUG GameScene            - Added MainViewComponent
11:09:37.755 [JavaFX Application Thread] DEBUG GameScene            - Entity added to scene
11:09:37.755 [JavaFX Application Thread] DEBUG GameScene            - Added MainViewComponent
11:09:37.755 [JavaFX Application Thread] DEBUG GameScene            - Creating render group for layer: TOP(2147483647)
11:09:37.755 [JavaFX Application Thread] DEBUG GameScene            - Entity added to scene
11:09:37.755 [JavaFX Application Thread] DEBUG GameScene            - Added MainViewComponent
11:09:37.755 [JavaFX Application Thread] DEBUG GameScene            - Entity added to scene
11:09:37.755 [JavaFX Application Thread] DEBUG GameScene            - Added MainViewComponent
11:09:37.756 [JavaFX Application Thread] DEBUG GameScene            - Entity added to scene
11:09:37.756 [JavaFX Application Thread] DEBUG GameScene            - Added MainViewComponent
11:09:37.756 [JavaFX Application Thread] DEBUG GameScene            - Entity added to scene
11:09:37.756 [JavaFX Application Thread] DEBUG GameScene            - Added MainViewComponent
11:09:37.756 [JavaFX Application Thread] DEBUG GameScene            - Entity added to scene
11:09:37.756 [JavaFX Application Thread] DEBUG GameScene            - Added MainViewComponent
11:09:37.756 [JavaFX Application Thread] DEBUG GameScene            - Entity added to scene
11:09:37.756 [JavaFX Application Thread] DEBUG GameScene            - Added MainViewComponent
11:09:37.756 [JavaFX Application Thread] DEBUG GameScene            - Entity added to scene
11:09:37.756 [JavaFX Application Thread] DEBUG GameScene            - Added MainViewComponent
11:09:37.756 [JavaFX Application Thread] DEBUG GameScene            - Entity added to scene
11:09:37.756 [JavaFX Application Thread] DEBUG GameScene            - Added MainViewComponent
11:09:37.757 [JavaFX Application Thread] DEBUG GameScene            - Entity added to scene
11:09:37.757 [JavaFX Application Thread] DEBUG GameScene            - Added MainViewComponent
11:09:37.757 [JavaFX Application Thread] DEBUG GameScene            - Entity added to scene
11:09:37.757 [JavaFX Application Thread] DEBUG GameScene            - Added MainViewComponent
11:09:37.757 [JavaFX Application Thread] DEBUG GameScene            - Entity added to scene
11:09:37.757 [JavaFX Application Thread] DEBUG GameScene            - Added MainViewComponent
11:09:37.758 [JavaFX Application Thread] DEBUG GameScene            - Entity added to scene
11:09:37.758 [JavaFX Application Thread] DEBUG GameScene            - Added MainViewComponent
11:09:37.758 [JavaFX Application Thread] DEBUG GameScene            - Entity added to scene
11:09:37.758 [JavaFX Application Thread] DEBUG GameScene            - Added MainViewComponent
11:09:37.759 [JavaFX Application Thread] DEBUG GameScene            - Entity added to scene
11:09:37.759 [JavaFX Application Thread] DEBUG GameScene            - Added MainViewComponent
11:09:37.759 [JavaFX Application Thread] DEBUG GameScene            - Entity added to scene
11:09:37.759 [JavaFX Application Thread] DEBUG GameScene            - Added MainViewComponent
11:09:37.759 [JavaFX Application Thread] DEBUG GameScene            - Entity added to scene
11:09:37.759 [JavaFX Application Thread] DEBUG GameScene            - Added MainViewComponent
11:09:37.760 [JavaFX Application Thread] DEBUG GameScene            - Entity added to scene
11:09:37.760 [JavaFX Application Thread] DEBUG GameScene            - Added MainViewComponent
11:09:37.760 [JavaFX Application Thread] DEBUG GameScene            - Entity added to scene
11:09:37.760 [JavaFX Application Thread] DEBUG GameScene            - Added MainViewComponent
11:09:37.760 [JavaFX Application Thread] DEBUG GameScene            - Entity added to scene
11:09:37.760 [JavaFX Application Thread] DEBUG GameScene            - Added MainViewComponent
11:09:37.761 [JavaFX Application Thread] DEBUG GameScene            - Entity added to scene
11:09:37.761 [JavaFX Application Thread] DEBUG GameScene            - Added MainViewComponent
11:09:37.761 [JavaFX Application Thread] DEBUG GameScene            - Entity added to scene
11:09:37.761 [JavaFX Application Thread] DEBUG GameScene            - Added MainViewComponent
11:09:37.762 [JavaFX Application Thread] DEBUG GameScene            - Entity added to scene
11:09:37.762 [JavaFX Application Thread] DEBUG GameScene            - Added MainViewComponent
11:09:37.762 [JavaFX Application Thread] DEBUG GameScene            - Entity added to scene
11:09:37.762 [JavaFX Application Thread] DEBUG GameScene            - Added MainViewComponent
11:09:37.763 [JavaFX Application Thread] DEBUG GameScene            - Entity added to scene
11:09:37.763 [JavaFX Application Thread] DEBUG GameScene            - Added MainViewComponent
11:09:37.763 [JavaFX Application Thread] DEBUG GameScene            - Entity added to scene
11:09:37.763 [JavaFX Application Thread] DEBUG GameScene            - Added MainViewComponent
11:09:37.764 [JavaFX Application Thread] DEBUG GameScene            - Entity added to scene
11:09:37.764 [JavaFX Application Thread] DEBUG GameScene            - Added MainViewComponent
11:09:37.764 [JavaFX Application Thread] DEBUG GameScene            - Entity added to scene
11:09:37.764 [JavaFX Application Thread] DEBUG GameScene            - Added MainViewComponent
11:09:37.765 [JavaFX Application Thread] DEBUG GameScene            - Entity added to scene
11:09:37.765 [JavaFX Application Thread] DEBUG GameScene            - Added MainViewComponent
11:09:37.765 [JavaFX Application Thread] DEBUG GameScene            - Entity added to scene
11:09:37.765 [JavaFX Application Thread] DEBUG GameScene            - Added MainViewComponent
11:09:37.766 [JavaFX Application Thread] DEBUG GameScene            - Entity added to scene
11:09:37.766 [JavaFX Application Thread] DEBUG GameScene            - Added MainViewComponent
11:09:37.766 [JavaFX Application Thread] DEBUG GameScene            - Entity added to scene
11:09:37.766 [JavaFX Application Thread] DEBUG GameScene            - Added MainViewComponent
11:09:37.766 [JavaFX Application Thread] DEBUG GameScene            - Entity added to scene
11:09:37.766 [JavaFX Application Thread] DEBUG GameScene            - Added MainViewComponent
11:09:37.766 [JavaFX Application Thread] DEBUG GameScene            - Entity added to scene
11:09:37.766 [JavaFX Application Thread] DEBUG GameScene            - Added MainViewComponent
11:09:37.766 [JavaFX Application Thread] DEBUG GameScene            - Entity added to scene
11:09:37.766 [JavaFX Application Thread] DEBUG GameScene            - Added MainViewComponent
11:09:37.767 [JavaFX Application Thread] DEBUG GameScene            - Entity added to scene
11:09:37.767 [JavaFX Application Thread] DEBUG GameScene            - Added MainViewComponent
11:09:37.767 [JavaFX Application Thread] DEBUG GameScene            - Entity added to scene
11:09:37.767 [JavaFX Application Thread] DEBUG GameScene            - Added MainViewComponent
11:09:37.767 [JavaFX Application Thread] DEBUG GameScene            - Entity added to scene
11:09:37.767 [JavaFX Application Thread] DEBUG GameScene            - Added MainViewComponent
11:09:37.767 [JavaFX Application Thread] DEBUG GameScene            - Entity added to scene
11:09:37.767 [JavaFX Application Thread] DEBUG GameScene            - Added MainViewComponent
11:09:37.767 [JavaFX Application Thread] DEBUG GameScene            - Entity added to scene
11:09:37.767 [JavaFX Application Thread] DEBUG GameScene            - Added MainViewComponent
11:09:37.767 [JavaFX Application Thread] DEBUG GameScene            - Entity added to scene
11:09:37.767 [JavaFX Application Thread] DEBUG GameScene            - Added MainViewComponent
11:09:37.768 [JavaFX Application Thread] DEBUG GameScene            - Entity added to scene
11:09:37.768 [JavaFX Application Thread] DEBUG GameScene            - Added MainViewComponent
11:09:37.768 [JavaFX Application Thread] DEBUG GameScene            - Entity added to scene
11:09:37.768 [JavaFX Application Thread] DEBUG GameScene            - Added MainViewComponent
11:09:37.768 [JavaFX Application Thread] DEBUG GameScene            - Entity added to scene
11:09:37.768 [JavaFX Application Thread] DEBUG GameScene            - Added MainViewComponent
11:09:37.768 [JavaFX Application Thread] DEBUG GameScene            - Entity added to scene
11:09:37.768 [JavaFX Application Thread] DEBUG GameScene            - Added MainViewComponent
11:09:37.768 [JavaFX Application Thread] DEBUG GameScene            - Entity added to scene
11:09:37.768 [JavaFX Application Thread] DEBUG GameScene            - Added MainViewComponent
11:09:37.768 [JavaFX Application Thread] DEBUG GameScene            - Entity added to scene
11:09:37.768 [JavaFX Application Thread] DEBUG GameScene            - Added MainViewComponent
11:09:37.768 [JavaFX Application Thread] DEBUG GameScene            - Entity added to scene
11:09:37.768 [JavaFX Application Thread] DEBUG GameScene            - Added MainViewComponent
11:09:37.769 [JavaFX Application Thread] DEBUG GameScene            - Entity added to scene
11:09:37.769 [JavaFX Application Thread] DEBUG GameScene            - Added MainViewComponent
11:09:37.769 [JavaFX Application Thread] DEBUG GameScene            - Entity added to scene
11:09:37.769 [JavaFX Application Thread] DEBUG GameScene            - Added MainViewComponent
11:09:37.769 [JavaFX Application Thread] DEBUG GameScene            - Entity added to scene
11:09:37.769 [JavaFX Application Thread] DEBUG GameScene            - Added MainViewComponent
11:09:37.769 [JavaFX Application Thread] DEBUG GameScene            - Entity added to scene
11:09:37.769 [JavaFX Application Thread] DEBUG GameScene            - Added MainViewComponent
11:09:37.769 [JavaFX Application Thread] DEBUG GameScene            - Entity added to scene
11:09:37.769 [JavaFX Application Thread] DEBUG GameScene            - Added MainViewComponent
11:09:37.770 [JavaFX Application Thread] DEBUG GameScene            - Entity added to scene
11:09:37.770 [JavaFX Application Thread] DEBUG GameScene            - Added MainViewComponent
11:09:37.770 [JavaFX Application Thread] DEBUG GameScene            - Entity added to scene
11:09:37.770 [JavaFX Application Thread] DEBUG GameScene            - Added MainViewComponent
11:09:37.770 [JavaFX Application Thread] DEBUG GameScene            - Entity added to scene
11:09:37.770 [JavaFX Application Thread] DEBUG GameScene            - Added MainViewComponent
11:09:37.770 [JavaFX Application Thread] DEBUG GameScene            - Entity added to scene
11:09:37.770 [JavaFX Application Thread] DEBUG GameScene            - Added MainViewComponent
11:09:37.771 [JavaFX Application Thread] DEBUG GameScene            - Entity added to scene
11:09:37.771 [JavaFX Application Thread] DEBUG GameScene            - Added MainViewComponent
11:09:37.771 [JavaFX Application Thread] DEBUG GameScene            - Entity added to scene
11:09:37.771 [JavaFX Application Thread] DEBUG GameScene            - Added MainViewComponent
11:09:37.771 [JavaFX Application Thread] DEBUG GameScene            - Entity added to scene
11:09:37.771 [JavaFX Application Thread] DEBUG GameScene            - Added MainViewComponent
11:09:37.771 [JavaFX Application Thread] DEBUG GameScene            - Entity added to scene
11:09:37.772 [JavaFX Application Thread] DEBUG GameScene            - Added MainViewComponent
11:09:37.772 [JavaFX Application Thread] DEBUG GameScene            - Entity added to scene
11:09:37.772 [JavaFX Application Thread] DEBUG GameScene            - Added MainViewComponent
11:09:37.772 [JavaFX Application Thread] DEBUG GameScene            - Entity added to scene
11:09:37.772 [JavaFX Application Thread] DEBUG GameScene            - Added MainViewComponent
11:09:37.772 [JavaFX Application Thread] DEBUG GameScene            - Entity added to scene
11:09:37.773 [JavaFX Application Thread] DEBUG GameScene            - Added MainViewComponent
11:09:37.773 [JavaFX Application Thread] DEBUG GameScene            - Entity added to scene
11:09:37.773 [JavaFX Application Thread] DEBUG GameScene            - Added MainViewComponent
11:09:37.773 [JavaFX Application Thread] DEBUG GameScene            - Entity added to scene
11:09:37.773 [JavaFX Application Thread] DEBUG GameScene            - Added MainViewComponent
11:09:37.774 [JavaFX Application Thread] DEBUG GameScene            - Entity added to scene
11:09:37.774 [JavaFX Application Thread] DEBUG GameScene            - Added MainViewComponent
11:09:37.774 [JavaFX Application Thread] DEBUG GameScene            - Entity added to scene
11:09:37.774 [JavaFX Application Thread] DEBUG GameScene            - Added MainViewComponent
11:09:37.774 [JavaFX Application Thread] DEBUG GameScene            - Entity added to scene
11:09:37.774 [JavaFX Application Thread] DEBUG GameScene            - Added MainViewComponent
11:09:37.775 [JavaFX Application Thread] DEBUG GameScene            - Entity added to scene
11:09:37.775 [JavaFX Application Thread] DEBUG GameScene            - Added MainViewComponent
11:09:37.775 [JavaFX Application Thread] DEBUG GameScene            - Entity added to scene
11:09:37.775 [JavaFX Application Thread] DEBUG GameScene            - Added MainViewComponent
11:09:37.775 [JavaFX Application Thread] DEBUG GameScene            - Entity added to scene
11:09:37.775 [JavaFX Application Thread] DEBUG GameScene            - Added MainViewComponent
11:09:37.776 [JavaFX Application Thread] DEBUG GameScene            - Entity added to scene
11:09:37.776 [JavaFX Application Thread] DEBUG GameScene            - Added MainViewComponent
11:09:37.776 [JavaFX Application Thread] DEBUG GameScene            - Entity added to scene
11:09:37.776 [JavaFX Application Thread] DEBUG GameScene            - Added MainViewComponent
11:09:37.776 [JavaFX Application Thread] DEBUG GameScene            - Entity added to scene
11:09:37.777 [JavaFX Application Thread] DEBUG GameScene            - Added MainViewComponent
11:09:37.777 [JavaFX Application Thread] DEBUG GameScene            - Entity added to scene
11:09:37.777 [JavaFX Application Thread] DEBUG GameScene            - Added MainViewComponent
11:09:37.777 [JavaFX Application Thread] DEBUG GameScene            - Entity added to scene
11:09:37.777 [JavaFX Application Thread] DEBUG GameScene            - Added MainViewComponent
11:09:37.777 [JavaFX Application Thread] DEBUG GameScene            - Entity added to scene
11:09:37.777 [JavaFX Application Thread] DEBUG GameScene            - Added MainViewComponent
11:09:37.778 [JavaFX Application Thread] DEBUG GameScene            - Entity added to scene
11:09:37.778 [JavaFX Application Thread] DEBUG GameScene            - Added MainViewComponent
11:09:37.778 [JavaFX Application Thread] DEBUG GameScene            - Entity added to scene
11:09:37.778 [JavaFX Application Thread] DEBUG GameScene            - Added MainViewComponent
11:09:37.778 [JavaFX Application Thread] DEBUG GameScene            - Entity added to scene
11:09:37.778 [JavaFX Application Thread] DEBUG GameScene            - Added MainViewComponent
11:09:37.779 [JavaFX Application Thread] DEBUG GameScene            - Entity added to scene
11:09:37.779 [JavaFX Application Thread] DEBUG GameScene            - Added MainViewComponent
11:09:37.779 [JavaFX Application Thread] DEBUG GameScene            - Entity added to scene
11:09:37.779 [JavaFX Application Thread] DEBUG GameScene            - Added MainViewComponent
11:09:37.780 [JavaFX Application Thread] DEBUG GameScene            - Entity added to scene
11:09:37.780 [JavaFX Application Thread] DEBUG GameScene            - Added MainViewComponent
11:09:37.780 [JavaFX Application Thread] DEBUG GameScene            - Entity added to scene
11:09:37.780 [JavaFX Application Thread] DEBUG GameScene            - Added MainViewComponent
11:09:37.781 [JavaFX Application Thread] DEBUG GameScene            - Entity added to scene
11:09:37.781 [JavaFX Application Thread] DEBUG GameScene            - Added MainViewComponent
11:09:37.781 [JavaFX Application Thread] DEBUG GameScene            - Entity added to scene
11:09:37.781 [JavaFX Application Thread] DEBUG GameScene            - Added MainViewComponent
11:09:37.781 [JavaFX Application Thread] DEBUG GameScene            - Entity added to scene
11:09:37.781 [JavaFX Application Thread] DEBUG GameScene            - Added MainViewComponent
11:09:37.782 [JavaFX Application Thread] DEBUG GameScene            - Entity added to scene
11:09:37.782 [JavaFX Application Thread] DEBUG GameScene            - Added MainViewComponent
11:09:37.782 [JavaFX Application Thread] DEBUG GameScene            - Entity added to scene
11:09:37.782 [JavaFX Application Thread] DEBUG GameScene            - Added MainViewComponent
11:09:37.783 [JavaFX Application Thread] DEBUG GameScene            - Entity added to scene
11:09:37.783 [JavaFX Application Thread] DEBUG GameScene            - Added MainViewComponent
11:09:37.783 [JavaFX Application Thread] DEBUG GameScene            - Entity added to scene
11:09:37.783 [JavaFX Application Thread] DEBUG GameScene            - Added MainViewComponent
11:09:37.783 [JavaFX Application Thread] DEBUG GameScene            - Entity added to scene
11:09:37.783 [JavaFX Application Thread] DEBUG GameScene            - Added MainViewComponent
11:09:37.783 [JavaFX Application Thread] DEBUG GameScene            - Entity added to scene
11:09:37.783 [JavaFX Application Thread] DEBUG GameScene            - Added MainViewComponent
11:09:37.783 [JavaFX Application Thread] DEBUG GameScene            - Entity added to scene
11:09:37.783 [JavaFX Application Thread] DEBUG GameScene            - Added MainViewComponent
11:09:37.783 [JavaFX Application Thread] DEBUG GameScene            - Entity added to scene
11:09:37.783 [JavaFX Application Thread] DEBUG GameScene            - Added MainViewComponent
11:09:37.784 [JavaFX Application Thread] DEBUG GameScene            - Entity added to scene
11:09:37.784 [JavaFX Application Thread] DEBUG GameScene            - Added MainViewComponent
11:09:37.784 [JavaFX Application Thread] DEBUG GameScene            - Entity added to scene
11:09:37.784 [JavaFX Application Thread] DEBUG GameScene            - Added MainViewComponent
11:09:37.784 [JavaFX Application Thread] DEBUG GameScene            - Entity added to scene
11:09:37.784 [JavaFX Application Thread] DEBUG GameScene            - Added MainViewComponent
11:09:37.785 [JavaFX Application Thread] DEBUG GameScene            - Entity added to scene
11:09:37.785 [JavaFX Application Thread] DEBUG GameScene            - Added MainViewComponent
11:09:37.785 [JavaFX Application Thread] DEBUG GameScene            - Entity added to scene
11:09:37.785 [JavaFX Application Thread] DEBUG GameScene            - Added MainViewComponent
11:09:37.785 [JavaFX Application Thread] DEBUG GameScene            - Entity added to scene
11:09:37.785 [JavaFX Application Thread] DEBUG GameScene            - Added MainViewComponent
11:09:37.786 [JavaFX Application Thread] DEBUG GameScene            - Entity added to scene
11:09:37.786 [JavaFX Application Thread] DEBUG GameScene            - Added MainViewComponent
11:09:37.786 [JavaFX Application Thread] DEBUG GameScene            - Entity added to scene
11:09:37.786 [JavaFX Application Thread] DEBUG GameScene            - Added MainViewComponent
11:09:37.787 [JavaFX Application Thread] DEBUG GameScene            - Entity added to scene
11:09:37.787 [JavaFX Application Thread] DEBUG GameScene            - Added MainViewComponent
11:09:41.943 [JavaFX Application Thread] DEBUG FXGLEventBus         - Firing event: DisplayEvent[type=DIALOG_OPENED]
11:09:41.943 [JavaFX Application Thread] DEBUG FXGLInput            - Clearing active input actions
11:09:41.944 [JavaFX Application Thread] DEBUG FXGLMasterTimer      - Stopping master timer
11:09:41.944 [JavaFX Application Thread] DEBUG GameApplication      - State: PLAYING -> PAUSED
11:09:41.944 [JavaFX Application Thread] DEBUG FXGLEventBus         - Firing event: FXGLEvent[type=PAUSE]
11:09:41.944 [JavaFX Application Thread] DEBUG FXGLInput            - Clearing active input actions
11:09:43.223 [JavaFX Application Thread] DEBUG FXGLEventBus         - Firing event: DisplayEvent[type=DIALOG_CLOSED]
11:09:43.223 [JavaFX Application Thread] DEBUG FXGLInput            - Clearing active input actions
11:09:43.223 [JavaFX Application Thread] DEBUG FXGLMasterTimer      - Starting master timer
11:09:43.223 [JavaFX Application Thread] DEBUG GameApplication      - State: PAUSED -> PLAYING
11:09:43.223 [JavaFX Application Thread] DEBUG FXGLEventBus         - Firing event: FXGLEvent[type=RESUME]
11:09:43.223 [JavaFX Application Thread] DEBUG FXGLEventBus         - Firing event: DisplayEvent[type=CLOSE_REQUEST]
11:09:43.224 [JavaFX Application Thread] DEBUG FXGLEventBus         - Firing event: FXGLEvent[type=EXIT]
11:09:43.225 [JavaFX Application Thread] DEBUG FXGL                 - Saving FXGL system data
11:09:43.226 [JavaFX Application Thread] DEBUG IOTask               - Executing task: writeDataTask(system/fxgl.bundle)
11:09:43.228 [JavaFX Application Thread] DEBUG FS                   - Writing to: system\fxgl.bundle
11:09:43.231 [JavaFX Application Thread] DEBUG IOTask               - Task succeeded: writeDataTask(system/fxgl.bundle)
