11:24:08.614 [FXGL Launcher Thread     ] DEBUG FXGLLoggerFactory    - Service [LoggerFactory] initialized
11:24:08.621 [FXGL Launcher Thread     ] DEBUG FXGL                 - FXGL configuration complete
11:24:08.621 [FXGL Launcher Thread     ] DEBUG FXGL                 - Loading FXGL system data
11:24:08.626 [FXGL Launcher Thread     ] DEBUG IOTask               - Executing task: readDataTask(system/fxgl.bundle)
11:24:08.628 [FXGL Launcher Thread     ] DEBUG FS                   - Reading from: system\fxgl.bundle
11:24:08.636 [FXGL Launcher Thread     ] DEBUG IOTask               - Task succeeded: readDataTask(system/fxgl.bundle)
11:24:08.636 [FXGL Launcher Thread     ] DEBUG Bundle               - Logging bundle: FXGL
11:24:08.637 [FXGL Launcher Thread     ] DEBUG Bundle               - FXGL.offline.timer.version.check=2017-01-18T11:24:23.393
11:24:08.656 [JavaFX Application Thread] DEBUG UpdaterTask          - Checking for updates
11:24:08.751 [JavaFX Application Thread] DEBUG FXGLEventBus         - Service [EventBus] initialized
11:24:08.754 [JavaFX Application Thread] DEBUG FXGLExecutor         - Service [Executor] initialized
11:24:08.756 [JavaFX Application Thread] DEBUG IOTask               - Showing dialog
11:24:08.759 [FXGL Background Thread 1 ] DEBUG IOTask               - Executing task: openStream(https://raw.githubusercontent.com/AlmasB/FXGL/master/pom.xml)
11:24:08.759 [FXGL Background Thread 1 ] DEBUG IOTask               - Executing task: openStream(https://raw.githubusercontent.com/AlmasB/FXGL/master/pom.xml)
11:24:09.300 [JavaFX Application Thread] DEBUG IOTask               - fail(): Dismissing dialog
11:24:09.301 [JavaFX Application Thread] WARN  IOTask               - Task failed: openStream(https://raw.githubusercontent.com/AlmasB/FXGL/master/pom.xml) Error: javax.net.ssl.SSLHandshakeException: sun.security.validator.ValidatorException: PKIX path building failed: sun.security.provider.certpath.SunCertPathBuilderException: unable to find valid certification path to requested target
11:24:09.301 [JavaFX Application Thread] WARN  UpdaterTask          - Failed to find updates: javax.net.ssl.SSLHandshakeException: sun.security.validator.ValidatorException: PKIX path building failed: sun.security.provider.certpath.SunCertPathBuilderException: unable to find valid certification path to requested target
11:24:10.755 [FXGL Launcher Thread     ] DEBUG GameApplication      - Configuring GameApplication
11:24:10.761 [FXGL Launcher Thread     ] DEBUG FXGLExceptionHandler - Service [ExceptionHandler] initialized
11:24:10.761 [FXGL Launcher Thread     ] DEBUG PreInitTask          - Injecting gameWorld & physicsWorld
11:24:10.775 [FXGL Launcher Thread     ] DEBUG GameWorld            - Game world initialized
11:24:10.856 [FXGL Launcher Thread     ] DEBUG FXGLPooler           - Service [Pooler] initialized with default size = 128
11:24:10.856 [FXGL Launcher Thread     ] DEBUG PhysicsWorld         - Physics world initialized: appHeight=840.0, physics.ppm=50.0
11:24:10.858 [FXGL Launcher Thread     ] DEBUG FXGLInput            - Service [Input] initialized
11:24:10.879 [FXGL Launcher Thread     ] DEBUG FXGLInput            - Registered new binding: Screenshot - P
11:24:10.879 [FXGL Launcher Thread     ] DEBUG FXGLInput            - Registered new binding: Dev Options - CTRL+0
11:24:10.881 [FXGL Launcher Thread     ] DEBUG FXGLInput            - Registered new binding: Up - W
11:24:10.882 [FXGL Launcher Thread     ] DEBUG FXGLInput            - Registered new binding: Left - A
11:24:10.882 [FXGL Launcher Thread     ] DEBUG FXGLInput            - Registered new binding: Down - S
11:24:10.882 [FXGL Launcher Thread     ] DEBUG FXGLInput            - Registered new binding: Right - D
11:24:10.903 [FXGL Launcher Thread     ] DEBUG GameScene            - Game scene initialized: 960.0x840.0
11:24:10.906 [FXGL Launcher Thread     ] DEBUG FXGLAssetLoader      - Service [AssetLoader] initialized: cacheSize=35
11:24:10.908 [FXGL Launcher Thread     ] DEBUG FXGLAssetLoader      - Loading from disk: /assets/sounds/system/notification.wav
11:24:10.930 [FXGL Launcher Thread     ] DEBUG FXGLAssetLoader      - Loading from disk: /assets/sounds/menu/select.wav
11:24:10.933 [FXGL Launcher Thread     ] DEBUG FXGLAssetLoader      - Loading from disk: /assets/sounds/menu/back.wav
11:24:10.935 [FXGL Launcher Thread     ] DEBUG FXGLAssetLoader      - Loading from disk: /assets/sounds/menu/press.wav
11:24:10.937 [FXGL Launcher Thread     ] DEBUG FXGLAssetLoader      - Loading from disk: /assets/ui/fonts/Copperplate_Gothic_Light_Regular.ttf
11:24:10.943 [FXGL Launcher Thread     ] DEBUG FXGLAssetLoader      - Loading from disk: /assets/ui/css/fxgl.css
11:24:10.943 [FXGL Launcher Thread     ] DEBUG FXGLAssetLoader      - Loading from disk: /assets/ui/icons/fxgl_icon.png
11:24:10.974 [FXGL Launcher Thread     ] DEBUG FXGLAssetLoader      - Loading from disk: /assets/ui/css/fxgl_dark.css
11:24:10.984 [FXGL Launcher Thread     ] DEBUG FXGLDisplay          - Target size: DoubleProperty [value: 960.0] x DoubleProperty [value: 840.0] @ 1.0
11:24:10.984 [FXGL Launcher Thread     ] DEBUG FXGLDisplay          - New size:    960.0 x 840.0 @ DoubleProperty [value: 1.0]
11:24:10.985 [FXGL Launcher Thread     ] DEBUG FXGLDisplay          - Service [Display] initialized
11:24:10.985 [FXGL Launcher Thread     ] DEBUG FXGLDisplay          - Using CSS: CSS(externalForm=jar:file:/C:/Computer%20Science/Game%20Design/3rd/Pacman/lib/fxgl-0.2.9-uber.jar!/assets/ui/css/fxgl_dark.css)
11:24:10.986 [FXGL Launcher Thread     ] DEBUG InitScenesTask       - Injecting loadingScene & gameScene
11:24:11.004 [FXGL Launcher Thread     ] DEBUG FXGLMasterTimer      - Service [MasterTimer] initialized
11:24:11.006 [FXGL Launcher Thread     ] DEBUG FXGLAudioPlayer      - Service [AudioPlayer] initialized
11:24:11.013 [FXGL Launcher Thread     ] DEBUG GameApplication      - Starting new game
11:24:11.015 [FXGL Launcher Thread     ] DEBUG GameApplication      - Initializing App
11:24:11.018 [FXGL Launcher Thread     ] DEBUG FXGLInput            - Clearing active input actions
11:24:11.018 [FXGL Launcher Thread     ] DEBUG FXGLMasterTimer      - Stopping master timer
11:24:11.019 [FXGL Launcher Thread     ] DEBUG GameApplication      - State: STARTUP -> PAUSED
11:24:11.020 [FXGL Launcher Thread     ] DEBUG FXGLEventBus         - Firing event: FXGLEvent[type=PAUSE]
11:24:11.021 [FXGL Launcher Thread     ] DEBUG FXGLInput            - Clearing active input actions
11:24:11.021 [FXGL Launcher Thread     ] DEBUG FXGLMasterTimer      - Resetting ticks and clearing all actions
11:24:11.021 [FXGL Launcher Thread     ] DEBUG GameWorld            - Resetting game world
11:24:11.021 [FXGL Launcher Thread     ] TRACE EntityWorld          - Resetting entity world
11:24:11.024 [FXGL Launcher Thread     ] DEBUG PhysicsWorld         - Resetting physics world
11:24:11.024 [FXGL Launcher Thread     ] DEBUG GameScene            - Resetting game scene
11:24:11.024 [FXGL Launcher Thread     ] DEBUG FXGLEventBus         - Firing event: FXGLEvent[type=RESET]
11:24:11.106 [FXGL Launcher Thread     ] DEBUG GameApplication      - State: PAUSED -> LOADING
11:24:11.140 [FXGL Background Thread 1 ] DEBUG InitAppTask          - Initializing Assets
11:24:11.142 [FXGL Background Thread 1 ] DEBUG InitAppTask          - Initializing Game
11:24:11.147 [FXGL Background Thread 1 ] DEBUG FXGLAssetLoader      - Loading from disk: /assets/text/level.txt
11:24:11.255 [JavaFX Application Thread] DEBUG FXGLDisplay          - Showing stage
11:24:11.255 [JavaFX Application Thread] DEBUG FXGLDisplay          - Root size: 960.0x840.0
11:24:11.256 [JavaFX Application Thread] DEBUG FXGLDisplay          - Scene size: 960.0x840.0
11:24:11.256 [JavaFX Application Thread] DEBUG FXGLDisplay          - Stage size: 978.0x885.0
11:24:11.487 [FXGL Background Thread 1 ] DEBUG GameWorld            - Resetting game world
11:24:11.488 [FXGL Background Thread 1 ] TRACE EntityWorld          - Resetting entity world
11:24:11.488 [FXGL Background Thread 1 ] DEBUG PhysicsWorld         - Resetting physics world
11:24:11.488 [FXGL Background Thread 1 ] DEBUG GameScene            - Resetting game scene
11:24:11.488 [FXGL Background Thread 1 ] DEBUG GameWorld            - Setting level: com.almasb.fxgl.gameplay.Level@77e4d579
11:24:11.489 [FXGL Background Thread 1 ] DEBUG InitAppTask          - Initializing Physics
11:24:11.492 [FXGL Background Thread 1 ] DEBUG InitAppTask          - Initializing UI
11:24:11.493 [FXGL Background Thread 1 ] DEBUG FXGLAssetLoader      - Loading from disk: /assets/ui/pacman_ui.fxml
11:24:11.555 [FXGL Background Thread 1 ] DEBUG GameScene            - Adding UI node: Pane@2d2dad2c
11:24:11.555 [FXGL Background Thread 1 ] DEBUG InitAppTask          - Initialization Complete
11:24:11.558 [JavaFX Application Thread] DEBUG FXGLInput            - Clearing active input actions
11:24:11.559 [JavaFX Application Thread] DEBUG FXGLMasterTimer      - Starting master timer
11:24:11.559 [JavaFX Application Thread] DEBUG GameApplication      - State: LOADING -> PLAYING
11:24:11.577 [JavaFX Application Thread] DEBUG FXGLEventBus         - Firing event: FXGLEvent[type=RESUME]
11:24:11.585 [JavaFX Application Thread] DEBUG GameScene            - Entity added to scene
11:24:11.585 [JavaFX Application Thread] DEBUG GameScene            - Added MainViewComponent
11:24:11.589 [JavaFX Application Thread] DEBUG GameScene            - Creating render group for layer: PLAYGROUND(1073741823)
11:24:11.594 [JavaFX Application Thread] DEBUG GameScene            - Entity added to scene
11:24:11.594 [JavaFX Application Thread] DEBUG GameScene            - Added MainViewComponent
11:24:11.595 [JavaFX Application Thread] DEBUG GameScene            - Entity added to scene
11:24:11.595 [JavaFX Application Thread] DEBUG GameScene            - Added MainViewComponent
11:24:11.595 [JavaFX Application Thread] DEBUG GameScene            - Entity added to scene
11:24:11.595 [JavaFX Application Thread] DEBUG GameScene            - Added MainViewComponent
11:24:11.596 [JavaFX Application Thread] DEBUG GameScene            - Entity added to scene
11:24:11.596 [JavaFX Application Thread] DEBUG GameScene            - Added MainViewComponent
11:24:11.598 [JavaFX Application Thread] DEBUG GameScene            - Entity added to scene
11:24:11.598 [JavaFX Application Thread] DEBUG GameScene            - Added MainViewComponent
11:24:11.599 [JavaFX Application Thread] DEBUG GameScene            - Entity added to scene
11:24:11.600 [JavaFX Application Thread] DEBUG GameScene            - Added MainViewComponent
11:24:11.600 [JavaFX Application Thread] DEBUG GameScene            - Entity added to scene
11:24:11.600 [JavaFX Application Thread] DEBUG GameScene            - Added MainViewComponent
11:24:11.600 [JavaFX Application Thread] DEBUG GameScene            - Entity added to scene
11:24:11.601 [JavaFX Application Thread] DEBUG GameScene            - Added MainViewComponent
11:24:11.601 [JavaFX Application Thread] DEBUG GameScene            - Entity added to scene
11:24:11.601 [JavaFX Application Thread] DEBUG GameScene            - Added MainViewComponent
11:24:11.601 [JavaFX Application Thread] DEBUG GameScene            - Entity added to scene
11:24:11.601 [JavaFX Application Thread] DEBUG GameScene            - Added MainViewComponent
11:24:11.602 [JavaFX Application Thread] DEBUG GameScene            - Entity added to scene
11:24:11.602 [JavaFX Application Thread] DEBUG GameScene            - Added MainViewComponent
11:24:11.602 [JavaFX Application Thread] DEBUG GameScene            - Entity added to scene
11:24:11.602 [JavaFX Application Thread] DEBUG GameScene            - Added MainViewComponent
11:24:11.603 [JavaFX Application Thread] DEBUG GameScene            - Entity added to scene
11:24:11.603 [JavaFX Application Thread] DEBUG GameScene            - Added MainViewComponent
11:24:11.606 [JavaFX Application Thread] DEBUG GameScene            - Entity added to scene
11:24:11.606 [JavaFX Application Thread] DEBUG GameScene            - Added MainViewComponent
11:24:11.607 [JavaFX Application Thread] DEBUG GameScene            - Entity added to scene
11:24:11.607 [JavaFX Application Thread] DEBUG GameScene            - Added MainViewComponent
11:24:11.607 [JavaFX Application Thread] DEBUG GameScene            - Entity added to scene
11:24:11.607 [JavaFX Application Thread] DEBUG GameScene            - Added MainViewComponent
11:24:11.608 [JavaFX Application Thread] DEBUG GameScene            - Entity added to scene
11:24:11.608 [JavaFX Application Thread] DEBUG GameScene            - Added MainViewComponent
11:24:11.608 [JavaFX Application Thread] DEBUG GameScene            - Entity added to scene
11:24:11.609 [JavaFX Application Thread] DEBUG GameScene            - Added MainViewComponent
11:24:11.609 [JavaFX Application Thread] DEBUG GameScene            - Entity added to scene
11:24:11.609 [JavaFX Application Thread] DEBUG GameScene            - Added MainViewComponent
11:24:11.610 [JavaFX Application Thread] DEBUG GameScene            - Entity added to scene
11:24:11.610 [JavaFX Application Thread] DEBUG GameScene            - Added MainViewComponent
11:24:11.611 [JavaFX Application Thread] DEBUG GameScene            - Entity added to scene
11:24:11.611 [JavaFX Application Thread] DEBUG GameScene            - Added MainViewComponent
11:24:11.611 [JavaFX Application Thread] DEBUG GameScene            - Entity added to scene
11:24:11.611 [JavaFX Application Thread] DEBUG GameScene            - Added MainViewComponent
11:24:11.615 [JavaFX Application Thread] DEBUG GameScene            - Entity added to scene
11:24:11.615 [JavaFX Application Thread] DEBUG GameScene            - Added MainViewComponent
11:24:11.616 [JavaFX Application Thread] DEBUG GameScene            - Entity added to scene
11:24:11.616 [JavaFX Application Thread] DEBUG GameScene            - Added MainViewComponent
11:24:11.617 [JavaFX Application Thread] DEBUG GameScene            - Entity added to scene
11:24:11.617 [JavaFX Application Thread] DEBUG GameScene            - Added MainViewComponent
11:24:11.617 [JavaFX Application Thread] DEBUG GameScene            - Entity added to scene
11:24:11.617 [JavaFX Application Thread] DEBUG GameScene            - Added MainViewComponent
11:24:11.618 [JavaFX Application Thread] DEBUG GameScene            - Entity added to scene
11:24:11.618 [JavaFX Application Thread] DEBUG GameScene            - Added MainViewComponent
11:24:11.619 [JavaFX Application Thread] DEBUG GameScene            - Entity added to scene
11:24:11.619 [JavaFX Application Thread] DEBUG GameScene            - Added MainViewComponent
11:24:11.619 [JavaFX Application Thread] DEBUG GameScene            - Entity added to scene
11:24:11.619 [JavaFX Application Thread] DEBUG GameScene            - Added MainViewComponent
11:24:11.620 [JavaFX Application Thread] DEBUG GameScene            - Entity added to scene
11:24:11.620 [JavaFX Application Thread] DEBUG GameScene            - Added MainViewComponent
11:24:11.620 [JavaFX Application Thread] DEBUG GameScene            - Entity added to scene
11:24:11.620 [JavaFX Application Thread] DEBUG GameScene            - Added MainViewComponent
11:24:11.621 [JavaFX Application Thread] DEBUG GameScene            - Entity added to scene
11:24:11.621 [JavaFX Application Thread] DEBUG GameScene            - Added MainViewComponent
11:24:11.621 [JavaFX Application Thread] DEBUG GameScene            - Entity added to scene
11:24:11.621 [JavaFX Application Thread] DEBUG GameScene            - Added MainViewComponent
11:24:11.621 [JavaFX Application Thread] DEBUG GameScene            - Entity added to scene
11:24:11.621 [JavaFX Application Thread] DEBUG GameScene            - Added MainViewComponent
11:24:11.622 [JavaFX Application Thread] DEBUG GameScene            - Entity added to scene
11:24:11.622 [JavaFX Application Thread] DEBUG GameScene            - Added MainViewComponent
11:24:11.622 [JavaFX Application Thread] DEBUG GameScene            - Entity added to scene
11:24:11.622 [JavaFX Application Thread] DEBUG GameScene            - Added MainViewComponent
11:24:11.623 [JavaFX Application Thread] DEBUG GameScene            - Entity added to scene
11:24:11.623 [JavaFX Application Thread] DEBUG GameScene            - Added MainViewComponent
11:24:11.623 [JavaFX Application Thread] DEBUG GameScene            - Entity added to scene
11:24:11.623 [JavaFX Application Thread] DEBUG GameScene            - Added MainViewComponent
11:24:11.624 [JavaFX Application Thread] DEBUG GameScene            - Entity added to scene
11:24:11.624 [JavaFX Application Thread] DEBUG GameScene            - Added MainViewComponent
11:24:11.624 [JavaFX Application Thread] DEBUG GameScene            - Entity added to scene
11:24:11.624 [JavaFX Application Thread] DEBUG GameScene            - Added MainViewComponent
11:24:11.624 [JavaFX Application Thread] DEBUG GameScene            - Entity added to scene
11:24:11.625 [JavaFX Application Thread] DEBUG GameScene            - Added MainViewComponent
11:24:11.625 [JavaFX Application Thread] DEBUG GameScene            - Entity added to scene
11:24:11.625 [JavaFX Application Thread] DEBUG GameScene            - Added MainViewComponent
11:24:11.625 [JavaFX Application Thread] DEBUG GameScene            - Entity added to scene
11:24:11.625 [JavaFX Application Thread] DEBUG GameScene            - Added MainViewComponent
11:24:11.626 [JavaFX Application Thread] DEBUG GameScene            - Entity added to scene
11:24:11.626 [JavaFX Application Thread] DEBUG GameScene            - Added MainViewComponent
11:24:11.626 [JavaFX Application Thread] DEBUG GameScene            - Entity added to scene
11:24:11.626 [JavaFX Application Thread] DEBUG GameScene            - Added MainViewComponent
11:24:11.627 [JavaFX Application Thread] DEBUG GameScene            - Entity added to scene
11:24:11.627 [JavaFX Application Thread] DEBUG GameScene            - Added MainViewComponent
11:24:11.627 [JavaFX Application Thread] DEBUG GameScene            - Entity added to scene
11:24:11.627 [JavaFX Application Thread] DEBUG GameScene            - Added MainViewComponent
11:24:11.628 [JavaFX Application Thread] DEBUG GameScene            - Entity added to scene
11:24:11.628 [JavaFX Application Thread] DEBUG GameScene            - Added MainViewComponent
11:24:11.628 [JavaFX Application Thread] DEBUG GameScene            - Entity added to scene
11:24:11.628 [JavaFX Application Thread] DEBUG GameScene            - Added MainViewComponent
11:24:11.628 [JavaFX Application Thread] DEBUG GameScene            - Entity added to scene
11:24:11.628 [JavaFX Application Thread] DEBUG GameScene            - Added MainViewComponent
11:24:11.629 [JavaFX Application Thread] DEBUG GameScene            - Entity added to scene
11:24:11.629 [JavaFX Application Thread] DEBUG GameScene            - Added MainViewComponent
11:24:11.629 [JavaFX Application Thread] DEBUG GameScene            - Entity added to scene
11:24:11.629 [JavaFX Application Thread] DEBUG GameScene            - Added MainViewComponent
11:24:11.629 [JavaFX Application Thread] DEBUG GameScene            - Entity added to scene
11:24:11.629 [JavaFX Application Thread] DEBUG GameScene            - Added MainViewComponent
11:24:11.630 [JavaFX Application Thread] DEBUG GameScene            - Entity added to scene
11:24:11.630 [JavaFX Application Thread] DEBUG GameScene            - Added MainViewComponent
11:24:11.631 [JavaFX Application Thread] DEBUG GameScene            - Entity added to scene
11:24:11.632 [JavaFX Application Thread] DEBUG GameScene            - Added MainViewComponent
11:24:11.632 [JavaFX Application Thread] DEBUG GameScene            - Entity added to scene
11:24:11.632 [JavaFX Application Thread] DEBUG GameScene            - Added MainViewComponent
11:24:11.632 [JavaFX Application Thread] DEBUG GameScene            - Entity added to scene
11:24:11.632 [JavaFX Application Thread] DEBUG GameScene            - Added MainViewComponent
11:24:11.633 [JavaFX Application Thread] DEBUG GameScene            - Entity added to scene
11:24:11.633 [JavaFX Application Thread] DEBUG GameScene            - Added MainViewComponent
11:24:11.633 [JavaFX Application Thread] DEBUG GameScene            - Entity added to scene
11:24:11.633 [JavaFX Application Thread] DEBUG GameScene            - Added MainViewComponent
11:24:11.634 [JavaFX Application Thread] DEBUG GameScene            - Entity added to scene
11:24:11.634 [JavaFX Application Thread] DEBUG GameScene            - Added MainViewComponent
11:24:11.634 [JavaFX Application Thread] DEBUG GameScene            - Entity added to scene
11:24:11.634 [JavaFX Application Thread] DEBUG GameScene            - Added MainViewComponent
11:24:11.635 [JavaFX Application Thread] DEBUG GameScene            - Entity added to scene
11:24:11.635 [JavaFX Application Thread] DEBUG GameScene            - Added MainViewComponent
11:24:11.635 [JavaFX Application Thread] DEBUG GameScene            - Entity added to scene
11:24:11.635 [JavaFX Application Thread] DEBUG GameScene            - Added MainViewComponent
11:24:11.635 [JavaFX Application Thread] DEBUG GameScene            - Entity added to scene
11:24:11.636 [JavaFX Application Thread] DEBUG GameScene            - Added MainViewComponent
11:24:11.636 [JavaFX Application Thread] DEBUG GameScene            - Entity added to scene
11:24:11.636 [JavaFX Application Thread] DEBUG GameScene            - Added MainViewComponent
11:24:11.636 [JavaFX Application Thread] DEBUG GameScene            - Entity added to scene
11:24:11.636 [JavaFX Application Thread] DEBUG GameScene            - Added MainViewComponent
11:24:11.637 [JavaFX Application Thread] DEBUG GameScene            - Entity added to scene
11:24:11.637 [JavaFX Application Thread] DEBUG GameScene            - Added MainViewComponent
11:24:11.637 [JavaFX Application Thread] DEBUG GameScene            - Entity added to scene
11:24:11.637 [JavaFX Application Thread] DEBUG GameScene            - Added MainViewComponent
11:24:11.637 [JavaFX Application Thread] DEBUG GameScene            - Entity added to scene
11:24:11.637 [JavaFX Application Thread] DEBUG GameScene            - Added MainViewComponent
11:24:11.638 [JavaFX Application Thread] DEBUG GameScene            - Entity added to scene
11:24:11.638 [JavaFX Application Thread] DEBUG GameScene            - Added MainViewComponent
11:24:11.638 [JavaFX Application Thread] DEBUG GameScene            - Entity added to scene
11:24:11.638 [JavaFX Application Thread] DEBUG GameScene            - Added MainViewComponent
11:24:11.638 [JavaFX Application Thread] DEBUG GameScene            - Entity added to scene
11:24:11.638 [JavaFX Application Thread] DEBUG GameScene            - Added MainViewComponent
11:24:11.639 [JavaFX Application Thread] DEBUG GameScene            - Entity added to scene
11:24:11.639 [JavaFX Application Thread] DEBUG GameScene            - Added MainViewComponent
11:24:11.640 [JavaFX Application Thread] DEBUG GameScene            - Entity added to scene
11:24:11.640 [JavaFX Application Thread] DEBUG GameScene            - Added MainViewComponent
11:24:11.640 [JavaFX Application Thread] DEBUG GameScene            - Entity added to scene
11:24:11.640 [JavaFX Application Thread] DEBUG GameScene            - Added MainViewComponent
11:24:11.641 [JavaFX Application Thread] DEBUG GameScene            - Entity added to scene
11:24:11.641 [JavaFX Application Thread] DEBUG GameScene            - Added MainViewComponent
11:24:11.641 [JavaFX Application Thread] DEBUG GameScene            - Entity added to scene
11:24:11.641 [JavaFX Application Thread] DEBUG GameScene            - Added MainViewComponent
11:24:11.641 [JavaFX Application Thread] DEBUG GameScene            - Entity added to scene
11:24:11.641 [JavaFX Application Thread] DEBUG GameScene            - Added MainViewComponent
11:24:11.642 [JavaFX Application Thread] DEBUG GameScene            - Entity added to scene
11:24:11.642 [JavaFX Application Thread] DEBUG GameScene            - Added MainViewComponent
11:24:11.642 [JavaFX Application Thread] DEBUG GameScene            - Entity added to scene
11:24:11.642 [JavaFX Application Thread] DEBUG GameScene            - Added MainViewComponent
11:24:11.642 [JavaFX Application Thread] DEBUG GameScene            - Entity added to scene
11:24:11.642 [JavaFX Application Thread] DEBUG GameScene            - Added MainViewComponent
11:24:11.645 [JavaFX Application Thread] DEBUG GameScene            - Entity added to scene
11:24:11.645 [JavaFX Application Thread] DEBUG GameScene            - Added MainViewComponent
11:24:11.646 [JavaFX Application Thread] DEBUG GameScene            - Entity added to scene
11:24:11.646 [JavaFX Application Thread] DEBUG GameScene            - Added MainViewComponent
11:24:11.647 [JavaFX Application Thread] DEBUG GameScene            - Entity added to scene
11:24:11.647 [JavaFX Application Thread] DEBUG GameScene            - Added MainViewComponent
11:24:11.648 [JavaFX Application Thread] DEBUG GameScene            - Entity added to scene
11:24:11.648 [JavaFX Application Thread] DEBUG GameScene            - Added MainViewComponent
11:24:11.648 [JavaFX Application Thread] DEBUG GameScene            - Entity added to scene
11:24:11.648 [JavaFX Application Thread] DEBUG GameScene            - Added MainViewComponent
11:24:11.649 [JavaFX Application Thread] DEBUG GameScene            - Entity added to scene
11:24:11.649 [JavaFX Application Thread] DEBUG GameScene            - Added MainViewComponent
11:24:11.651 [JavaFX Application Thread] DEBUG GameScene            - Entity added to scene
11:24:11.651 [JavaFX Application Thread] DEBUG GameScene            - Added MainViewComponent
11:24:11.651 [JavaFX Application Thread] DEBUG GameScene            - Entity added to scene
11:24:11.652 [JavaFX Application Thread] DEBUG GameScene            - Added MainViewComponent
11:24:11.652 [JavaFX Application Thread] DEBUG GameScene            - Entity added to scene
11:24:11.652 [JavaFX Application Thread] DEBUG GameScene            - Added MainViewComponent
11:24:11.653 [JavaFX Application Thread] DEBUG GameScene            - Entity added to scene
11:24:11.653 [JavaFX Application Thread] DEBUG GameScene            - Added MainViewComponent
11:24:11.653 [JavaFX Application Thread] DEBUG GameScene            - Entity added to scene
11:24:11.653 [JavaFX Application Thread] DEBUG GameScene            - Added MainViewComponent
11:24:11.653 [JavaFX Application Thread] DEBUG GameScene            - Entity added to scene
11:24:11.654 [JavaFX Application Thread] DEBUG GameScene            - Added MainViewComponent
11:24:11.654 [JavaFX Application Thread] DEBUG GameScene            - Entity added to scene
11:24:11.654 [JavaFX Application Thread] DEBUG GameScene            - Added MainViewComponent
11:24:11.655 [JavaFX Application Thread] DEBUG GameScene            - Entity added to scene
11:24:11.655 [JavaFX Application Thread] DEBUG GameScene            - Added MainViewComponent
11:24:11.655 [JavaFX Application Thread] DEBUG GameScene            - Entity added to scene
11:24:11.655 [JavaFX Application Thread] DEBUG GameScene            - Added MainViewComponent
11:24:11.656 [JavaFX Application Thread] DEBUG GameScene            - Entity added to scene
11:24:11.656 [JavaFX Application Thread] DEBUG GameScene            - Added MainViewComponent
11:24:11.656 [JavaFX Application Thread] DEBUG GameScene            - Entity added to scene
11:24:11.656 [JavaFX Application Thread] DEBUG GameScene            - Added MainViewComponent
11:24:11.656 [JavaFX Application Thread] DEBUG GameScene            - Entity added to scene
11:24:11.657 [JavaFX Application Thread] DEBUG GameScene            - Added MainViewComponent
11:24:11.657 [JavaFX Application Thread] DEBUG GameScene            - Entity added to scene
11:24:11.657 [JavaFX Application Thread] DEBUG GameScene            - Added MainViewComponent
11:24:11.657 [JavaFX Application Thread] DEBUG GameScene            - Entity added to scene
11:24:11.657 [JavaFX Application Thread] DEBUG GameScene            - Added MainViewComponent
11:24:11.658 [JavaFX Application Thread] DEBUG GameScene            - Entity added to scene
11:24:11.658 [JavaFX Application Thread] DEBUG GameScene            - Added MainViewComponent
11:24:11.659 [JavaFX Application Thread] DEBUG GameScene            - Entity added to scene
11:24:11.659 [JavaFX Application Thread] DEBUG GameScene            - Added MainViewComponent
11:24:11.659 [JavaFX Application Thread] DEBUG GameScene            - Entity added to scene
11:24:11.659 [JavaFX Application Thread] DEBUG GameScene            - Added MainViewComponent
11:24:11.660 [JavaFX Application Thread] DEBUG GameScene            - Entity added to scene
11:24:11.660 [JavaFX Application Thread] DEBUG GameScene            - Added MainViewComponent
11:24:11.660 [JavaFX Application Thread] DEBUG GameScene            - Entity added to scene
11:24:11.660 [JavaFX Application Thread] DEBUG GameScene            - Added MainViewComponent
11:24:11.660 [JavaFX Application Thread] DEBUG GameScene            - Entity added to scene
11:24:11.660 [JavaFX Application Thread] DEBUG GameScene            - Added MainViewComponent
11:24:11.661 [JavaFX Application Thread] DEBUG GameScene            - Entity added to scene
11:24:11.661 [JavaFX Application Thread] DEBUG GameScene            - Added MainViewComponent
11:24:11.661 [JavaFX Application Thread] DEBUG GameScene            - Entity added to scene
11:24:11.661 [JavaFX Application Thread] DEBUG GameScene            - Added MainViewComponent
11:24:11.661 [JavaFX Application Thread] DEBUG GameScene            - Entity added to scene
11:24:11.661 [JavaFX Application Thread] DEBUG GameScene            - Added MainViewComponent
11:24:11.662 [JavaFX Application Thread] DEBUG GameScene            - Entity added to scene
11:24:11.662 [JavaFX Application Thread] DEBUG GameScene            - Added MainViewComponent
11:24:11.662 [JavaFX Application Thread] DEBUG GameScene            - Entity added to scene
11:24:11.662 [JavaFX Application Thread] DEBUG GameScene            - Added MainViewComponent
11:24:11.662 [JavaFX Application Thread] DEBUG GameScene            - Entity added to scene
11:24:11.662 [JavaFX Application Thread] DEBUG GameScene            - Added MainViewComponent
11:24:11.662 [JavaFX Application Thread] DEBUG GameScene            - Entity added to scene
11:24:11.662 [JavaFX Application Thread] DEBUG GameScene            - Added MainViewComponent
11:24:11.663 [JavaFX Application Thread] DEBUG GameScene            - Entity added to scene
11:24:11.663 [JavaFX Application Thread] DEBUG GameScene            - Added MainViewComponent
11:24:11.664 [JavaFX Application Thread] DEBUG GameScene            - Entity added to scene
11:24:11.664 [JavaFX Application Thread] DEBUG GameScene            - Added MainViewComponent
11:24:11.664 [JavaFX Application Thread] DEBUG GameScene            - Entity added to scene
11:24:11.665 [JavaFX Application Thread] DEBUG GameScene            - Added MainViewComponent
11:24:11.665 [JavaFX Application Thread] DEBUG GameScene            - Entity added to scene
11:24:11.665 [JavaFX Application Thread] DEBUG GameScene            - Added MainViewComponent
11:24:11.665 [JavaFX Application Thread] DEBUG GameScene            - Entity added to scene
11:24:11.665 [JavaFX Application Thread] DEBUG GameScene            - Added MainViewComponent
11:24:11.665 [JavaFX Application Thread] DEBUG GameScene            - Entity added to scene
11:24:11.665 [JavaFX Application Thread] DEBUG GameScene            - Added MainViewComponent
11:24:11.666 [JavaFX Application Thread] DEBUG GameScene            - Entity added to scene
11:24:11.666 [JavaFX Application Thread] DEBUG GameScene            - Added MainViewComponent
11:24:11.666 [JavaFX Application Thread] DEBUG GameScene            - Entity added to scene
11:24:11.666 [JavaFX Application Thread] DEBUG GameScene            - Added MainViewComponent
11:24:11.666 [JavaFX Application Thread] DEBUG GameScene            - Entity added to scene
11:24:11.666 [JavaFX Application Thread] DEBUG GameScene            - Added MainViewComponent
11:24:11.666 [JavaFX Application Thread] DEBUG GameScene            - Entity added to scene
11:24:11.667 [JavaFX Application Thread] DEBUG GameScene            - Added MainViewComponent
11:24:11.667 [JavaFX Application Thread] DEBUG GameScene            - Entity added to scene
11:24:11.667 [JavaFX Application Thread] DEBUG GameScene            - Added MainViewComponent
11:24:11.667 [JavaFX Application Thread] DEBUG GameScene            - Entity added to scene
11:24:11.667 [JavaFX Application Thread] DEBUG GameScene            - Added MainViewComponent
11:24:11.667 [JavaFX Application Thread] DEBUG GameScene            - Entity added to scene
11:24:11.667 [JavaFX Application Thread] DEBUG GameScene            - Added MainViewComponent
11:24:11.668 [JavaFX Application Thread] DEBUG GameScene            - Entity added to scene
11:24:11.668 [JavaFX Application Thread] DEBUG GameScene            - Added MainViewComponent
11:24:11.668 [JavaFX Application Thread] DEBUG GameScene            - Entity added to scene
11:24:11.668 [JavaFX Application Thread] DEBUG GameScene            - Added MainViewComponent
11:24:11.668 [JavaFX Application Thread] DEBUG GameScene            - Entity added to scene
11:24:11.668 [JavaFX Application Thread] DEBUG GameScene            - Added MainViewComponent
11:24:11.669 [JavaFX Application Thread] DEBUG GameScene            - Entity added to scene
11:24:11.669 [JavaFX Application Thread] DEBUG GameScene            - Added MainViewComponent
11:24:11.669 [JavaFX Application Thread] DEBUG GameScene            - Entity added to scene
11:24:11.669 [JavaFX Application Thread] DEBUG GameScene            - Added MainViewComponent
11:24:11.669 [JavaFX Application Thread] DEBUG GameScene            - Entity added to scene
11:24:11.669 [JavaFX Application Thread] DEBUG GameScene            - Added MainViewComponent
11:24:11.669 [JavaFX Application Thread] DEBUG GameScene            - Entity added to scene
11:24:11.669 [JavaFX Application Thread] DEBUG GameScene            - Added MainViewComponent
11:24:11.669 [JavaFX Application Thread] DEBUG GameScene            - Entity added to scene
11:24:11.669 [JavaFX Application Thread] DEBUG GameScene            - Added MainViewComponent
11:24:11.669 [JavaFX Application Thread] DEBUG GameScene            - Entity added to scene
11:24:11.669 [JavaFX Application Thread] DEBUG GameScene            - Added MainViewComponent
11:24:11.670 [JavaFX Application Thread] DEBUG GameScene            - Entity added to scene
11:24:11.670 [JavaFX Application Thread] DEBUG GameScene            - Added MainViewComponent
11:24:11.670 [JavaFX Application Thread] DEBUG GameScene            - Entity added to scene
11:24:11.670 [JavaFX Application Thread] DEBUG GameScene            - Added MainViewComponent
11:24:11.670 [JavaFX Application Thread] DEBUG GameScene            - Entity added to scene
11:24:11.670 [JavaFX Application Thread] DEBUG GameScene            - Added MainViewComponent
11:24:11.670 [JavaFX Application Thread] DEBUG GameScene            - Entity added to scene
11:24:11.670 [JavaFX Application Thread] DEBUG GameScene            - Added MainViewComponent
11:24:11.670 [JavaFX Application Thread] DEBUG GameScene            - Entity added to scene
11:24:11.671 [JavaFX Application Thread] DEBUG GameScene            - Added MainViewComponent
11:24:11.671 [JavaFX Application Thread] DEBUG GameScene            - Entity added to scene
11:24:11.671 [JavaFX Application Thread] DEBUG GameScene            - Added MainViewComponent
11:24:11.671 [JavaFX Application Thread] DEBUG GameScene            - Entity added to scene
11:24:11.671 [JavaFX Application Thread] DEBUG GameScene            - Added MainViewComponent
11:24:11.671 [JavaFX Application Thread] DEBUG GameScene            - Entity added to scene
11:24:11.671 [JavaFX Application Thread] DEBUG GameScene            - Added MainViewComponent
11:24:11.671 [JavaFX Application Thread] DEBUG GameScene            - Entity added to scene
11:24:11.671 [JavaFX Application Thread] DEBUG GameScene            - Added MainViewComponent
11:24:11.672 [JavaFX Application Thread] DEBUG GameScene            - Entity added to scene
11:24:11.672 [JavaFX Application Thread] DEBUG GameScene            - Added MainViewComponent
11:24:11.672 [JavaFX Application Thread] DEBUG GameScene            - Entity added to scene
11:24:11.672 [JavaFX Application Thread] DEBUG GameScene            - Added MainViewComponent
11:24:11.672 [JavaFX Application Thread] DEBUG GameScene            - Entity added to scene
11:24:11.672 [JavaFX Application Thread] DEBUG GameScene            - Added MainViewComponent
11:24:11.673 [JavaFX Application Thread] DEBUG GameScene            - Entity added to scene
11:24:11.673 [JavaFX Application Thread] DEBUG GameScene            - Added MainViewComponent
11:24:11.673 [JavaFX Application Thread] DEBUG GameScene            - Entity added to scene
11:24:11.673 [JavaFX Application Thread] DEBUG GameScene            - Added MainViewComponent
11:24:11.673 [JavaFX Application Thread] DEBUG GameScene            - Entity added to scene
11:24:11.673 [JavaFX Application Thread] DEBUG GameScene            - Added MainViewComponent
11:24:11.673 [JavaFX Application Thread] DEBUG GameScene            - Entity added to scene
11:24:11.673 [JavaFX Application Thread] DEBUG GameScene            - Added MainViewComponent
11:24:11.673 [JavaFX Application Thread] DEBUG GameScene            - Entity added to scene
11:24:11.674 [JavaFX Application Thread] DEBUG GameScene            - Added MainViewComponent
11:24:11.674 [JavaFX Application Thread] DEBUG GameScene            - Entity added to scene
11:24:11.674 [JavaFX Application Thread] DEBUG GameScene            - Added MainViewComponent
11:24:11.674 [JavaFX Application Thread] DEBUG GameScene            - Entity added to scene
11:24:11.674 [JavaFX Application Thread] DEBUG GameScene            - Added MainViewComponent
11:24:11.674 [JavaFX Application Thread] DEBUG GameScene            - Entity added to scene
11:24:11.674 [JavaFX Application Thread] DEBUG GameScene            - Added MainViewComponent
11:24:11.674 [JavaFX Application Thread] DEBUG GameScene            - Entity added to scene
11:24:11.674 [JavaFX Application Thread] DEBUG GameScene            - Added MainViewComponent
11:24:11.674 [JavaFX Application Thread] DEBUG GameScene            - Entity added to scene
11:24:11.674 [JavaFX Application Thread] DEBUG GameScene            - Added MainViewComponent
11:24:11.675 [JavaFX Application Thread] DEBUG GameScene            - Entity added to scene
11:24:11.675 [JavaFX Application Thread] DEBUG GameScene            - Added MainViewComponent
11:24:11.675 [JavaFX Application Thread] DEBUG GameScene            - Entity added to scene
11:24:11.675 [JavaFX Application Thread] DEBUG GameScene            - Added MainViewComponent
11:24:11.675 [JavaFX Application Thread] DEBUG GameScene            - Entity added to scene
11:24:11.675 [JavaFX Application Thread] DEBUG GameScene            - Added MainViewComponent
11:24:11.675 [JavaFX Application Thread] DEBUG GameScene            - Entity added to scene
11:24:11.675 [JavaFX Application Thread] DEBUG GameScene            - Added MainViewComponent
11:24:11.676 [JavaFX Application Thread] DEBUG GameScene            - Entity added to scene
11:24:11.676 [JavaFX Application Thread] DEBUG GameScene            - Added MainViewComponent
11:24:11.676 [JavaFX Application Thread] DEBUG GameScene            - Entity added to scene
11:24:11.676 [JavaFX Application Thread] DEBUG GameScene            - Added MainViewComponent
11:24:11.676 [JavaFX Application Thread] DEBUG GameScene            - Entity added to scene
11:24:11.676 [JavaFX Application Thread] DEBUG GameScene            - Added MainViewComponent
11:24:11.677 [JavaFX Application Thread] DEBUG GameScene            - Entity added to scene
11:24:11.677 [JavaFX Application Thread] DEBUG GameScene            - Added MainViewComponent
11:24:11.677 [JavaFX Application Thread] DEBUG GameScene            - Entity added to scene
11:24:11.677 [JavaFX Application Thread] DEBUG GameScene            - Added MainViewComponent
11:24:11.677 [JavaFX Application Thread] DEBUG GameScene            - Entity added to scene
11:24:11.677 [JavaFX Application Thread] DEBUG GameScene            - Added MainViewComponent
11:24:11.677 [JavaFX Application Thread] DEBUG GameScene            - Entity added to scene
11:24:11.677 [JavaFX Application Thread] DEBUG GameScene            - Added MainViewComponent
11:24:11.678 [JavaFX Application Thread] DEBUG GameScene            - Entity added to scene
11:24:11.678 [JavaFX Application Thread] DEBUG GameScene            - Added MainViewComponent
11:24:11.678 [JavaFX Application Thread] DEBUG GameScene            - Entity added to scene
11:24:11.678 [JavaFX Application Thread] DEBUG GameScene            - Added MainViewComponent
11:24:11.678 [JavaFX Application Thread] DEBUG GameScene            - Entity added to scene
11:24:11.678 [JavaFX Application Thread] DEBUG GameScene            - Added MainViewComponent
11:24:11.678 [JavaFX Application Thread] DEBUG GameScene            - Entity added to scene
11:24:11.678 [JavaFX Application Thread] DEBUG GameScene            - Added MainViewComponent
11:24:11.678 [JavaFX Application Thread] DEBUG GameScene            - Entity added to scene
11:24:11.678 [JavaFX Application Thread] DEBUG GameScene            - Added MainViewComponent
11:24:11.678 [JavaFX Application Thread] DEBUG GameScene            - Entity added to scene
11:24:11.679 [JavaFX Application Thread] DEBUG GameScene            - Added MainViewComponent
11:24:11.679 [JavaFX Application Thread] DEBUG GameScene            - Entity added to scene
11:24:11.679 [JavaFX Application Thread] DEBUG GameScene            - Added MainViewComponent
11:24:11.679 [JavaFX Application Thread] DEBUG GameScene            - Entity added to scene
11:24:11.679 [JavaFX Application Thread] DEBUG GameScene            - Added MainViewComponent
11:24:11.679 [JavaFX Application Thread] DEBUG GameScene            - Entity added to scene
11:24:11.679 [JavaFX Application Thread] DEBUG GameScene            - Added MainViewComponent
11:24:11.679 [JavaFX Application Thread] DEBUG GameScene            - Entity added to scene
11:24:11.679 [JavaFX Application Thread] DEBUG GameScene            - Added MainViewComponent
11:24:11.679 [JavaFX Application Thread] DEBUG GameScene            - Entity added to scene
11:24:11.679 [JavaFX Application Thread] DEBUG GameScene            - Added MainViewComponent
11:24:11.679 [JavaFX Application Thread] DEBUG GameScene            - Entity added to scene
11:24:11.680 [JavaFX Application Thread] DEBUG GameScene            - Added MainViewComponent
11:24:11.680 [JavaFX Application Thread] DEBUG GameScene            - Entity added to scene
11:24:11.680 [JavaFX Application Thread] DEBUG GameScene            - Added MainViewComponent
11:24:11.680 [JavaFX Application Thread] DEBUG GameScene            - Entity added to scene
11:24:11.680 [JavaFX Application Thread] DEBUG GameScene            - Added MainViewComponent
11:24:11.680 [JavaFX Application Thread] DEBUG GameScene            - Entity added to scene
11:24:11.680 [JavaFX Application Thread] DEBUG GameScene            - Added MainViewComponent
11:24:11.680 [JavaFX Application Thread] DEBUG GameScene            - Entity added to scene
11:24:11.680 [JavaFX Application Thread] DEBUG GameScene            - Added MainViewComponent
11:24:11.680 [JavaFX Application Thread] DEBUG GameScene            - Entity added to scene
11:24:11.681 [JavaFX Application Thread] DEBUG GameScene            - Added MainViewComponent
11:24:11.681 [JavaFX Application Thread] DEBUG GameScene            - Entity added to scene
11:24:11.681 [JavaFX Application Thread] DEBUG GameScene            - Added MainViewComponent
11:24:11.681 [JavaFX Application Thread] DEBUG GameScene            - Entity added to scene
11:24:11.681 [JavaFX Application Thread] DEBUG GameScene            - Added MainViewComponent
11:24:11.681 [JavaFX Application Thread] DEBUG GameScene            - Entity added to scene
11:24:11.681 [JavaFX Application Thread] DEBUG GameScene            - Added MainViewComponent
11:24:11.681 [JavaFX Application Thread] DEBUG GameScene            - Entity added to scene
11:24:11.681 [JavaFX Application Thread] DEBUG GameScene            - Added MainViewComponent
11:24:11.681 [JavaFX Application Thread] DEBUG GameScene            - Entity added to scene
11:24:11.681 [JavaFX Application Thread] DEBUG GameScene            - Added MainViewComponent
11:24:11.681 [JavaFX Application Thread] DEBUG GameScene            - Entity added to scene
11:24:11.681 [JavaFX Application Thread] DEBUG GameScene            - Added MainViewComponent
11:24:11.682 [JavaFX Application Thread] DEBUG GameScene            - Entity added to scene
11:24:11.682 [JavaFX Application Thread] DEBUG GameScene            - Added MainViewComponent
11:24:11.682 [JavaFX Application Thread] DEBUG GameScene            - Entity added to scene
11:24:11.682 [JavaFX Application Thread] DEBUG GameScene            - Added MainViewComponent
11:24:11.682 [JavaFX Application Thread] DEBUG GameScene            - Entity added to scene
11:24:11.682 [JavaFX Application Thread] DEBUG GameScene            - Added MainViewComponent
11:24:11.682 [JavaFX Application Thread] DEBUG GameScene            - Entity added to scene
11:24:11.682 [JavaFX Application Thread] DEBUG GameScene            - Added MainViewComponent
11:24:11.682 [JavaFX Application Thread] DEBUG GameScene            - Entity added to scene
11:24:11.682 [JavaFX Application Thread] DEBUG GameScene            - Added MainViewComponent
11:24:11.682 [JavaFX Application Thread] DEBUG GameScene            - Entity added to scene
11:24:11.682 [JavaFX Application Thread] DEBUG GameScene            - Added MainViewComponent
11:24:11.683 [JavaFX Application Thread] DEBUG GameScene            - Entity added to scene
11:24:11.683 [JavaFX Application Thread] DEBUG GameScene            - Added MainViewComponent
11:24:11.683 [JavaFX Application Thread] DEBUG GameScene            - Entity added to scene
11:24:11.683 [JavaFX Application Thread] DEBUG GameScene            - Added MainViewComponent
11:24:11.683 [JavaFX Application Thread] DEBUG GameScene            - Entity added to scene
11:24:11.683 [JavaFX Application Thread] DEBUG GameScene            - Added MainViewComponent
11:24:11.683 [JavaFX Application Thread] DEBUG GameScene            - Entity added to scene
11:24:11.683 [JavaFX Application Thread] DEBUG GameScene            - Added MainViewComponent
11:24:11.683 [JavaFX Application Thread] DEBUG GameScene            - Entity added to scene
11:24:11.683 [JavaFX Application Thread] DEBUG GameScene            - Added MainViewComponent
11:24:11.684 [JavaFX Application Thread] DEBUG GameScene            - Entity added to scene
11:24:11.684 [JavaFX Application Thread] DEBUG GameScene            - Added MainViewComponent
11:24:11.684 [JavaFX Application Thread] DEBUG GameScene            - Entity added to scene
11:24:11.684 [JavaFX Application Thread] DEBUG GameScene            - Added MainViewComponent
11:24:11.684 [JavaFX Application Thread] DEBUG GameScene            - Entity added to scene
11:24:11.684 [JavaFX Application Thread] DEBUG GameScene            - Added MainViewComponent
11:24:11.685 [JavaFX Application Thread] DEBUG GameScene            - Entity added to scene
11:24:11.685 [JavaFX Application Thread] DEBUG GameScene            - Added MainViewComponent
11:24:11.685 [JavaFX Application Thread] DEBUG GameScene            - Entity added to scene
11:24:11.685 [JavaFX Application Thread] DEBUG GameScene            - Added MainViewComponent
11:24:11.685 [JavaFX Application Thread] DEBUG GameScene            - Entity added to scene
11:24:11.685 [JavaFX Application Thread] DEBUG GameScene            - Added MainViewComponent
11:24:11.686 [JavaFX Application Thread] DEBUG GameScene            - Entity added to scene
11:24:11.686 [JavaFX Application Thread] DEBUG GameScene            - Added MainViewComponent
11:24:11.686 [JavaFX Application Thread] DEBUG GameScene            - Entity added to scene
11:24:11.686 [JavaFX Application Thread] DEBUG GameScene            - Added MainViewComponent
11:24:11.686 [JavaFX Application Thread] DEBUG GameScene            - Entity added to scene
11:24:11.687 [JavaFX Application Thread] DEBUG GameScene            - Added MainViewComponent
11:24:11.687 [JavaFX Application Thread] DEBUG GameScene            - Entity added to scene
11:24:11.687 [JavaFX Application Thread] DEBUG GameScene            - Added MainViewComponent
11:24:11.688 [JavaFX Application Thread] DEBUG GameScene            - Entity added to scene
11:24:11.688 [JavaFX Application Thread] DEBUG GameScene            - Added MainViewComponent
11:24:11.688 [JavaFX Application Thread] DEBUG GameScene            - Entity added to scene
11:24:11.688 [JavaFX Application Thread] DEBUG GameScene            - Added MainViewComponent
11:24:11.688 [JavaFX Application Thread] DEBUG GameScene            - Entity added to scene
11:24:11.688 [JavaFX Application Thread] DEBUG GameScene            - Added MainViewComponent
11:24:11.689 [JavaFX Application Thread] DEBUG GameScene            - Entity added to scene
11:24:11.689 [JavaFX Application Thread] DEBUG GameScene            - Added MainViewComponent
11:24:11.689 [JavaFX Application Thread] DEBUG GameScene            - Entity added to scene
11:24:11.689 [JavaFX Application Thread] DEBUG GameScene            - Added MainViewComponent
11:24:11.689 [JavaFX Application Thread] DEBUG GameScene            - Entity added to scene
11:24:11.689 [JavaFX Application Thread] DEBUG GameScene            - Added MainViewComponent
11:24:11.689 [JavaFX Application Thread] DEBUG GameScene            - Entity added to scene
11:24:11.689 [JavaFX Application Thread] DEBUG GameScene            - Added MainViewComponent
11:24:11.689 [JavaFX Application Thread] DEBUG GameScene            - Entity added to scene
11:24:11.689 [JavaFX Application Thread] DEBUG GameScene            - Added MainViewComponent
11:24:11.689 [JavaFX Application Thread] DEBUG GameScene            - Entity added to scene
11:24:11.689 [JavaFX Application Thread] DEBUG GameScene            - Added MainViewComponent
11:24:11.690 [JavaFX Application Thread] DEBUG GameScene            - Entity added to scene
11:24:11.690 [JavaFX Application Thread] DEBUG GameScene            - Added MainViewComponent
11:24:11.690 [JavaFX Application Thread] DEBUG GameScene            - Entity added to scene
11:24:11.690 [JavaFX Application Thread] DEBUG GameScene            - Added MainViewComponent
11:24:11.690 [JavaFX Application Thread] DEBUG GameScene            - Entity added to scene
11:24:11.690 [JavaFX Application Thread] DEBUG GameScene            - Added MainViewComponent
11:24:11.690 [JavaFX Application Thread] DEBUG GameScene            - Entity added to scene
11:24:11.690 [JavaFX Application Thread] DEBUG GameScene            - Added MainViewComponent
11:24:11.690 [JavaFX Application Thread] DEBUG GameScene            - Entity added to scene
11:24:11.690 [JavaFX Application Thread] DEBUG GameScene            - Added MainViewComponent
11:24:11.690 [JavaFX Application Thread] DEBUG GameScene            - Entity added to scene
11:24:11.690 [JavaFX Application Thread] DEBUG GameScene            - Added MainViewComponent
11:24:11.690 [JavaFX Application Thread] DEBUG GameScene            - Entity added to scene
11:24:11.690 [JavaFX Application Thread] DEBUG GameScene            - Added MainViewComponent
11:24:11.691 [JavaFX Application Thread] DEBUG GameScene            - Entity added to scene
11:24:11.691 [JavaFX Application Thread] DEBUG GameScene            - Added MainViewComponent
11:24:11.691 [JavaFX Application Thread] DEBUG GameScene            - Entity added to scene
11:24:11.691 [JavaFX Application Thread] DEBUG GameScene            - Added MainViewComponent
11:24:11.691 [JavaFX Application Thread] DEBUG GameScene            - Entity added to scene
11:24:11.691 [JavaFX Application Thread] DEBUG GameScene            - Added MainViewComponent
11:24:11.692 [JavaFX Application Thread] DEBUG GameScene            - Entity added to scene
11:24:11.692 [JavaFX Application Thread] DEBUG GameScene            - Added MainViewComponent
11:24:11.692 [JavaFX Application Thread] DEBUG GameScene            - Entity added to scene
11:24:11.692 [JavaFX Application Thread] DEBUG GameScene            - Added MainViewComponent
11:24:11.692 [JavaFX Application Thread] DEBUG GameScene            - Entity added to scene
11:24:11.692 [JavaFX Application Thread] DEBUG GameScene            - Added MainViewComponent
11:24:11.693 [JavaFX Application Thread] DEBUG GameScene            - Entity added to scene
11:24:11.693 [JavaFX Application Thread] DEBUG GameScene            - Added MainViewComponent
11:24:11.693 [JavaFX Application Thread] DEBUG GameScene            - Entity added to scene
11:24:11.693 [JavaFX Application Thread] DEBUG GameScene            - Added MainViewComponent
11:24:11.693 [JavaFX Application Thread] DEBUG GameScene            - Entity added to scene
11:24:11.693 [JavaFX Application Thread] DEBUG GameScene            - Added MainViewComponent
11:24:11.693 [JavaFX Application Thread] DEBUG GameScene            - Entity added to scene
11:24:11.693 [JavaFX Application Thread] DEBUG GameScene            - Added MainViewComponent
11:24:11.693 [JavaFX Application Thread] DEBUG GameScene            - Entity added to scene
11:24:11.693 [JavaFX Application Thread] DEBUG GameScene            - Added MainViewComponent
11:24:11.694 [JavaFX Application Thread] DEBUG GameScene            - Entity added to scene
11:24:11.694 [JavaFX Application Thread] DEBUG GameScene            - Added MainViewComponent
11:24:11.694 [JavaFX Application Thread] DEBUG GameScene            - Entity added to scene
11:24:11.694 [JavaFX Application Thread] DEBUG GameScene            - Added MainViewComponent
11:24:11.694 [JavaFX Application Thread] DEBUG GameScene            - Entity added to scene
11:24:11.694 [JavaFX Application Thread] DEBUG GameScene            - Added MainViewComponent
11:24:11.694 [JavaFX Application Thread] DEBUG GameScene            - Entity added to scene
11:24:11.694 [JavaFX Application Thread] DEBUG GameScene            - Added MainViewComponent
11:24:11.694 [JavaFX Application Thread] DEBUG GameScene            - Entity added to scene
11:24:11.694 [JavaFX Application Thread] DEBUG GameScene            - Added MainViewComponent
11:24:11.694 [JavaFX Application Thread] DEBUG GameScene            - Entity added to scene
11:24:11.694 [JavaFX Application Thread] DEBUG GameScene            - Added MainViewComponent
11:24:11.694 [JavaFX Application Thread] DEBUG GameScene            - Entity added to scene
11:24:11.694 [JavaFX Application Thread] DEBUG GameScene            - Added MainViewComponent
11:24:11.695 [JavaFX Application Thread] DEBUG GameScene            - Entity added to scene
11:24:11.695 [JavaFX Application Thread] DEBUG GameScene            - Added MainViewComponent
11:24:11.695 [JavaFX Application Thread] DEBUG GameScene            - Entity added to scene
11:24:11.695 [JavaFX Application Thread] DEBUG GameScene            - Added MainViewComponent
11:24:11.695 [JavaFX Application Thread] DEBUG GameScene            - Entity added to scene
11:24:11.695 [JavaFX Application Thread] DEBUG GameScene            - Added MainViewComponent
11:24:11.695 [JavaFX Application Thread] DEBUG GameScene            - Entity added to scene
11:24:11.695 [JavaFX Application Thread] DEBUG GameScene            - Added MainViewComponent
11:24:11.695 [JavaFX Application Thread] DEBUG GameScene            - Entity added to scene
11:24:11.695 [JavaFX Application Thread] DEBUG GameScene            - Added MainViewComponent
11:24:11.695 [JavaFX Application Thread] DEBUG GameScene            - Entity added to scene
11:24:11.695 [JavaFX Application Thread] DEBUG GameScene            - Added MainViewComponent
11:24:11.696 [JavaFX Application Thread] DEBUG GameScene            - Entity added to scene
11:24:11.696 [JavaFX Application Thread] DEBUG GameScene            - Added MainViewComponent
11:24:11.696 [JavaFX Application Thread] DEBUG GameScene            - Entity added to scene
11:24:11.696 [JavaFX Application Thread] DEBUG GameScene            - Added MainViewComponent
11:24:11.696 [JavaFX Application Thread] DEBUG GameScene            - Entity added to scene
11:24:11.696 [JavaFX Application Thread] DEBUG GameScene            - Added MainViewComponent
11:24:11.697 [JavaFX Application Thread] DEBUG GameScene            - Entity added to scene
11:24:11.697 [JavaFX Application Thread] DEBUG GameScene            - Added MainViewComponent
11:24:11.697 [JavaFX Application Thread] DEBUG GameScene            - Entity added to scene
11:24:11.697 [JavaFX Application Thread] DEBUG GameScene            - Added MainViewComponent
11:24:11.697 [JavaFX Application Thread] DEBUG GameScene            - Entity added to scene
11:24:11.697 [JavaFX Application Thread] DEBUG GameScene            - Added MainViewComponent
11:24:11.698 [JavaFX Application Thread] DEBUG GameScene            - Entity added to scene
11:24:11.698 [JavaFX Application Thread] DEBUG GameScene            - Added MainViewComponent
11:24:11.698 [JavaFX Application Thread] DEBUG GameScene            - Entity added to scene
11:24:11.698 [JavaFX Application Thread] DEBUG GameScene            - Added MainViewComponent
11:24:11.698 [JavaFX Application Thread] DEBUG GameScene            - Entity added to scene
11:24:11.698 [JavaFX Application Thread] DEBUG GameScene            - Added MainViewComponent
11:24:11.699 [JavaFX Application Thread] DEBUG GameScene            - Entity added to scene
11:24:11.699 [JavaFX Application Thread] DEBUG GameScene            - Added MainViewComponent
11:24:11.699 [JavaFX Application Thread] DEBUG GameScene            - Entity added to scene
11:24:11.699 [JavaFX Application Thread] DEBUG GameScene            - Added MainViewComponent
11:24:11.699 [JavaFX Application Thread] DEBUG GameScene            - Entity added to scene
11:24:11.699 [JavaFX Application Thread] DEBUG GameScene            - Added MainViewComponent
11:24:11.699 [JavaFX Application Thread] DEBUG GameScene            - Entity added to scene
11:24:11.700 [JavaFX Application Thread] DEBUG GameScene            - Added MainViewComponent
11:24:11.700 [JavaFX Application Thread] DEBUG GameScene            - Entity added to scene
11:24:11.700 [JavaFX Application Thread] DEBUG GameScene            - Added MainViewComponent
11:24:11.700 [JavaFX Application Thread] DEBUG GameScene            - Entity added to scene
11:24:11.700 [JavaFX Application Thread] DEBUG GameScene            - Added MainViewComponent
11:24:11.700 [JavaFX Application Thread] DEBUG GameScene            - Entity added to scene
11:24:11.700 [JavaFX Application Thread] DEBUG GameScene            - Added MainViewComponent
11:24:11.701 [JavaFX Application Thread] DEBUG GameScene            - Entity added to scene
11:24:11.701 [JavaFX Application Thread] DEBUG GameScene            - Added MainViewComponent
11:24:11.701 [JavaFX Application Thread] DEBUG GameScene            - Entity added to scene
11:24:11.701 [JavaFX Application Thread] DEBUG GameScene            - Added MainViewComponent
11:24:11.701 [JavaFX Application Thread] DEBUG GameScene            - Entity added to scene
11:24:11.701 [JavaFX Application Thread] DEBUG GameScene            - Added MainViewComponent
11:24:11.701 [JavaFX Application Thread] DEBUG GameScene            - Entity added to scene
11:24:11.701 [JavaFX Application Thread] DEBUG GameScene            - Added MainViewComponent
11:24:11.702 [JavaFX Application Thread] DEBUG GameScene            - Entity added to scene
11:24:11.702 [JavaFX Application Thread] DEBUG GameScene            - Added MainViewComponent
11:24:11.702 [JavaFX Application Thread] DEBUG GameScene            - Entity added to scene
11:24:11.702 [JavaFX Application Thread] DEBUG GameScene            - Added MainViewComponent
11:24:11.702 [JavaFX Application Thread] DEBUG GameScene            - Entity added to scene
11:24:11.702 [JavaFX Application Thread] DEBUG GameScene            - Added MainViewComponent
11:24:11.702 [JavaFX Application Thread] DEBUG GameScene            - Entity added to scene
11:24:11.702 [JavaFX Application Thread] DEBUG GameScene            - Added MainViewComponent
11:24:11.703 [JavaFX Application Thread] DEBUG GameScene            - Entity added to scene
11:24:11.703 [JavaFX Application Thread] DEBUG GameScene            - Added MainViewComponent
11:24:11.703 [JavaFX Application Thread] DEBUG GameScene            - Entity added to scene
11:24:11.703 [JavaFX Application Thread] DEBUG GameScene            - Added MainViewComponent
11:24:11.703 [JavaFX Application Thread] DEBUG GameScene            - Entity added to scene
11:24:11.703 [JavaFX Application Thread] DEBUG GameScene            - Added MainViewComponent
11:24:11.703 [JavaFX Application Thread] DEBUG GameScene            - Entity added to scene
11:24:11.704 [JavaFX Application Thread] DEBUG GameScene            - Added MainViewComponent
11:24:11.704 [JavaFX Application Thread] DEBUG GameScene            - Entity added to scene
11:24:11.704 [JavaFX Application Thread] DEBUG GameScene            - Added MainViewComponent
11:24:11.704 [JavaFX Application Thread] DEBUG GameScene            - Entity added to scene
11:24:11.704 [JavaFX Application Thread] DEBUG GameScene            - Added MainViewComponent
11:24:11.704 [JavaFX Application Thread] DEBUG GameScene            - Entity added to scene
11:24:11.704 [JavaFX Application Thread] DEBUG GameScene            - Added MainViewComponent
11:24:11.704 [JavaFX Application Thread] DEBUG GameScene            - Entity added to scene
11:24:11.705 [JavaFX Application Thread] DEBUG GameScene            - Added MainViewComponent
11:24:11.705 [JavaFX Application Thread] DEBUG GameScene            - Entity added to scene
11:24:11.705 [JavaFX Application Thread] DEBUG GameScene            - Added MainViewComponent
11:24:11.705 [JavaFX Application Thread] DEBUG GameScene            - Entity added to scene
11:24:11.705 [JavaFX Application Thread] DEBUG GameScene            - Added MainViewComponent
11:24:11.705 [JavaFX Application Thread] DEBUG GameScene            - Entity added to scene
11:24:11.705 [JavaFX Application Thread] DEBUG GameScene            - Added MainViewComponent
11:24:11.706 [JavaFX Application Thread] DEBUG GameScene            - Entity added to scene
11:24:11.706 [JavaFX Application Thread] DEBUG GameScene            - Added MainViewComponent
11:24:11.706 [JavaFX Application Thread] DEBUG GameScene            - Entity added to scene
11:24:11.706 [JavaFX Application Thread] DEBUG GameScene            - Added MainViewComponent
11:24:11.706 [JavaFX Application Thread] DEBUG GameScene            - Entity added to scene
11:24:11.706 [JavaFX Application Thread] DEBUG GameScene            - Added MainViewComponent
11:24:11.706 [JavaFX Application Thread] DEBUG GameScene            - Creating render group for layer: TOP(2147483647)
11:24:11.707 [JavaFX Application Thread] DEBUG GameScene            - Entity added to scene
11:24:11.707 [JavaFX Application Thread] DEBUG GameScene            - Added MainViewComponent
11:24:11.707 [JavaFX Application Thread] DEBUG GameScene            - Entity added to scene
11:24:11.707 [JavaFX Application Thread] DEBUG GameScene            - Added MainViewComponent
11:24:11.707 [JavaFX Application Thread] DEBUG GameScene            - Entity added to scene
11:24:11.707 [JavaFX Application Thread] DEBUG GameScene            - Added MainViewComponent
11:24:11.707 [JavaFX Application Thread] DEBUG GameScene            - Entity added to scene
11:24:11.708 [JavaFX Application Thread] DEBUG GameScene            - Added MainViewComponent
11:24:11.708 [JavaFX Application Thread] DEBUG GameScene            - Entity added to scene
11:24:11.708 [JavaFX Application Thread] DEBUG GameScene            - Added MainViewComponent
11:24:11.708 [JavaFX Application Thread] DEBUG GameScene            - Entity added to scene
11:24:11.708 [JavaFX Application Thread] DEBUG GameScene            - Added MainViewComponent
11:24:11.708 [JavaFX Application Thread] DEBUG GameScene            - Entity added to scene
11:24:11.708 [JavaFX Application Thread] DEBUG GameScene            - Added MainViewComponent
11:24:11.708 [JavaFX Application Thread] DEBUG GameScene            - Entity added to scene
11:24:11.708 [JavaFX Application Thread] DEBUG GameScene            - Added MainViewComponent
11:24:11.709 [JavaFX Application Thread] DEBUG GameScene            - Entity added to scene
11:24:11.709 [JavaFX Application Thread] DEBUG GameScene            - Added MainViewComponent
11:24:11.709 [JavaFX Application Thread] DEBUG GameScene            - Entity added to scene
11:24:11.709 [JavaFX Application Thread] DEBUG GameScene            - Added MainViewComponent
11:24:11.709 [JavaFX Application Thread] DEBUG GameScene            - Entity added to scene
11:24:11.709 [JavaFX Application Thread] DEBUG GameScene            - Added MainViewComponent
11:24:11.709 [JavaFX Application Thread] DEBUG GameScene            - Entity added to scene
11:24:11.709 [JavaFX Application Thread] DEBUG GameScene            - Added MainViewComponent
11:24:11.710 [JavaFX Application Thread] DEBUG GameScene            - Entity added to scene
11:24:11.710 [JavaFX Application Thread] DEBUG GameScene            - Added MainViewComponent
11:24:11.710 [JavaFX Application Thread] DEBUG GameScene            - Entity added to scene
11:24:11.710 [JavaFX Application Thread] DEBUG GameScene            - Added MainViewComponent
11:24:11.710 [JavaFX Application Thread] DEBUG GameScene            - Entity added to scene
11:24:11.710 [JavaFX Application Thread] DEBUG GameScene            - Added MainViewComponent
11:24:11.710 [JavaFX Application Thread] DEBUG GameScene            - Entity added to scene
11:24:11.710 [JavaFX Application Thread] DEBUG GameScene            - Added MainViewComponent
11:24:11.711 [JavaFX Application Thread] DEBUG GameScene            - Entity added to scene
11:24:11.711 [JavaFX Application Thread] DEBUG GameScene            - Added MainViewComponent
11:24:11.711 [JavaFX Application Thread] DEBUG GameScene            - Entity added to scene
11:24:11.711 [JavaFX Application Thread] DEBUG GameScene            - Added MainViewComponent
11:24:11.711 [JavaFX Application Thread] DEBUG GameScene            - Entity added to scene
11:24:11.711 [JavaFX Application Thread] DEBUG GameScene            - Added MainViewComponent
11:24:11.711 [JavaFX Application Thread] DEBUG GameScene            - Entity added to scene
11:24:11.711 [JavaFX Application Thread] DEBUG GameScene            - Added MainViewComponent
11:24:11.711 [JavaFX Application Thread] DEBUG GameScene            - Entity added to scene
11:24:11.711 [JavaFX Application Thread] DEBUG GameScene            - Added MainViewComponent
11:24:11.711 [JavaFX Application Thread] DEBUG GameScene            - Entity added to scene
11:24:11.711 [JavaFX Application Thread] DEBUG GameScene            - Added MainViewComponent
11:24:11.712 [JavaFX Application Thread] DEBUG GameScene            - Entity added to scene
11:24:11.712 [JavaFX Application Thread] DEBUG GameScene            - Added MainViewComponent
11:24:11.712 [JavaFX Application Thread] DEBUG GameScene            - Entity added to scene
11:24:11.712 [JavaFX Application Thread] DEBUG GameScene            - Added MainViewComponent
11:24:11.712 [JavaFX Application Thread] DEBUG GameScene            - Entity added to scene
11:24:11.712 [JavaFX Application Thread] DEBUG GameScene            - Added MainViewComponent
11:24:11.712 [JavaFX Application Thread] DEBUG GameScene            - Entity added to scene
11:24:11.712 [JavaFX Application Thread] DEBUG GameScene            - Added MainViewComponent
11:24:11.712 [JavaFX Application Thread] DEBUG GameScene            - Entity added to scene
11:24:11.712 [JavaFX Application Thread] DEBUG GameScene            - Added MainViewComponent
11:24:11.713 [JavaFX Application Thread] DEBUG GameScene            - Entity added to scene
11:24:11.713 [JavaFX Application Thread] DEBUG GameScene            - Added MainViewComponent
11:24:11.713 [JavaFX Application Thread] DEBUG GameScene            - Entity added to scene
11:24:11.713 [JavaFX Application Thread] DEBUG GameScene            - Added MainViewComponent
11:24:11.713 [JavaFX Application Thread] DEBUG GameScene            - Entity added to scene
11:24:11.713 [JavaFX Application Thread] DEBUG GameScene            - Added MainViewComponent
11:24:11.713 [JavaFX Application Thread] DEBUG GameScene            - Entity added to scene
11:24:11.713 [JavaFX Application Thread] DEBUG GameScene            - Added MainViewComponent
11:24:11.713 [JavaFX Application Thread] DEBUG GameScene            - Entity added to scene
11:24:11.713 [JavaFX Application Thread] DEBUG GameScene            - Added MainViewComponent
11:24:11.713 [JavaFX Application Thread] DEBUG GameScene            - Entity added to scene
11:24:11.713 [JavaFX Application Thread] DEBUG GameScene            - Added MainViewComponent
11:24:11.713 [JavaFX Application Thread] DEBUG GameScene            - Entity added to scene
11:24:11.713 [JavaFX Application Thread] DEBUG GameScene            - Added MainViewComponent
11:24:11.713 [JavaFX Application Thread] DEBUG GameScene            - Entity added to scene
11:24:11.713 [JavaFX Application Thread] DEBUG GameScene            - Added MainViewComponent
11:24:11.714 [JavaFX Application Thread] DEBUG GameScene            - Entity added to scene
11:24:11.714 [JavaFX Application Thread] DEBUG GameScene            - Added MainViewComponent
11:24:11.714 [JavaFX Application Thread] DEBUG GameScene            - Entity added to scene
11:24:11.714 [JavaFX Application Thread] DEBUG GameScene            - Added MainViewComponent
11:24:11.714 [JavaFX Application Thread] DEBUG GameScene            - Entity added to scene
11:24:11.714 [JavaFX Application Thread] DEBUG GameScene            - Added MainViewComponent
11:24:11.714 [JavaFX Application Thread] DEBUG GameScene            - Entity added to scene
11:24:11.714 [JavaFX Application Thread] DEBUG GameScene            - Added MainViewComponent
11:24:11.715 [JavaFX Application Thread] DEBUG GameScene            - Entity added to scene
11:24:11.715 [JavaFX Application Thread] DEBUG GameScene            - Added MainViewComponent
11:24:11.715 [JavaFX Application Thread] DEBUG GameScene            - Entity added to scene
11:24:11.715 [JavaFX Application Thread] DEBUG GameScene            - Added MainViewComponent
11:24:11.715 [JavaFX Application Thread] DEBUG GameScene            - Entity added to scene
11:24:11.715 [JavaFX Application Thread] DEBUG GameScene            - Added MainViewComponent
11:24:11.715 [JavaFX Application Thread] DEBUG GameScene            - Entity added to scene
11:24:11.715 [JavaFX Application Thread] DEBUG GameScene            - Added MainViewComponent
11:24:11.716 [JavaFX Application Thread] DEBUG GameScene            - Entity added to scene
11:24:11.716 [JavaFX Application Thread] DEBUG GameScene            - Added MainViewComponent
11:24:11.716 [JavaFX Application Thread] DEBUG GameScene            - Entity added to scene
11:24:11.716 [JavaFX Application Thread] DEBUG GameScene            - Added MainViewComponent
11:24:11.716 [JavaFX Application Thread] DEBUG GameScene            - Entity added to scene
11:24:11.716 [JavaFX Application Thread] DEBUG GameScene            - Added MainViewComponent
11:24:11.716 [JavaFX Application Thread] DEBUG GameScene            - Entity added to scene
11:24:11.716 [JavaFX Application Thread] DEBUG GameScene            - Added MainViewComponent
11:24:11.717 [JavaFX Application Thread] DEBUG GameScene            - Entity added to scene
11:24:11.717 [JavaFX Application Thread] DEBUG GameScene            - Added MainViewComponent
11:24:11.717 [JavaFX Application Thread] DEBUG GameScene            - Entity added to scene
11:24:11.717 [JavaFX Application Thread] DEBUG GameScene            - Added MainViewComponent
11:24:11.717 [JavaFX Application Thread] DEBUG GameScene            - Entity added to scene
11:24:11.723 [JavaFX Application Thread] DEBUG GameScene            - Added MainViewComponent
11:24:11.723 [JavaFX Application Thread] DEBUG GameScene            - Entity added to scene
11:24:11.723 [JavaFX Application Thread] DEBUG GameScene            - Added MainViewComponent
11:24:11.724 [JavaFX Application Thread] DEBUG GameScene            - Entity added to scene
11:24:11.724 [JavaFX Application Thread] DEBUG GameScene            - Added MainViewComponent
11:24:11.724 [JavaFX Application Thread] DEBUG GameScene            - Entity added to scene
11:24:11.724 [JavaFX Application Thread] DEBUG GameScene            - Added MainViewComponent
11:24:11.724 [JavaFX Application Thread] DEBUG GameScene            - Entity added to scene
11:24:11.724 [JavaFX Application Thread] DEBUG GameScene            - Added MainViewComponent
11:24:11.724 [JavaFX Application Thread] DEBUG GameScene            - Entity added to scene
11:24:11.724 [JavaFX Application Thread] DEBUG GameScene            - Added MainViewComponent
11:24:11.724 [JavaFX Application Thread] DEBUG GameScene            - Entity added to scene
11:24:11.724 [JavaFX Application Thread] DEBUG GameScene            - Added MainViewComponent
11:24:11.725 [JavaFX Application Thread] DEBUG GameScene            - Entity added to scene
11:24:11.725 [JavaFX Application Thread] DEBUG GameScene            - Added MainViewComponent
11:24:11.725 [JavaFX Application Thread] DEBUG GameScene            - Entity added to scene
11:24:11.725 [JavaFX Application Thread] DEBUG GameScene            - Added MainViewComponent
11:24:11.725 [JavaFX Application Thread] DEBUG GameScene            - Entity added to scene
11:24:11.725 [JavaFX Application Thread] DEBUG GameScene            - Added MainViewComponent
11:24:11.725 [JavaFX Application Thread] DEBUG GameScene            - Entity added to scene
11:24:11.725 [JavaFX Application Thread] DEBUG GameScene            - Added MainViewComponent
11:24:11.726 [JavaFX Application Thread] DEBUG GameScene            - Entity added to scene
11:24:11.726 [JavaFX Application Thread] DEBUG GameScene            - Added MainViewComponent
11:24:11.726 [JavaFX Application Thread] DEBUG GameScene            - Entity added to scene
11:24:11.726 [JavaFX Application Thread] DEBUG GameScene            - Added MainViewComponent
11:24:11.726 [JavaFX Application Thread] DEBUG GameScene            - Entity added to scene
11:24:11.726 [JavaFX Application Thread] DEBUG GameScene            - Added MainViewComponent
11:24:11.726 [JavaFX Application Thread] DEBUG GameScene            - Entity added to scene
11:24:11.726 [JavaFX Application Thread] DEBUG GameScene            - Added MainViewComponent
11:24:11.726 [JavaFX Application Thread] DEBUG GameScene            - Entity added to scene
11:24:11.726 [JavaFX Application Thread] DEBUG GameScene            - Added MainViewComponent
11:24:11.727 [JavaFX Application Thread] DEBUG GameScene            - Entity added to scene
11:24:11.727 [JavaFX Application Thread] DEBUG GameScene            - Added MainViewComponent
11:24:11.727 [JavaFX Application Thread] DEBUG GameScene            - Entity added to scene
11:24:11.727 [JavaFX Application Thread] DEBUG GameScene            - Added MainViewComponent
11:24:11.727 [JavaFX Application Thread] DEBUG GameScene            - Entity added to scene
11:24:11.727 [JavaFX Application Thread] DEBUG GameScene            - Added MainViewComponent
11:24:11.727 [JavaFX Application Thread] DEBUG GameScene            - Entity added to scene
11:24:11.727 [JavaFX Application Thread] DEBUG GameScene            - Added MainViewComponent
11:24:11.727 [JavaFX Application Thread] DEBUG GameScene            - Entity added to scene
11:24:11.727 [JavaFX Application Thread] DEBUG GameScene            - Added MainViewComponent
11:24:11.727 [JavaFX Application Thread] DEBUG GameScene            - Entity added to scene
11:24:11.727 [JavaFX Application Thread] DEBUG GameScene            - Added MainViewComponent
11:24:11.728 [JavaFX Application Thread] DEBUG GameScene            - Entity added to scene
11:24:11.728 [JavaFX Application Thread] DEBUG GameScene            - Added MainViewComponent
11:24:11.728 [JavaFX Application Thread] DEBUG GameScene            - Entity added to scene
11:24:11.728 [JavaFX Application Thread] DEBUG GameScene            - Added MainViewComponent
11:24:11.728 [JavaFX Application Thread] DEBUG GameScene            - Entity added to scene
11:24:11.728 [JavaFX Application Thread] DEBUG GameScene            - Added MainViewComponent
11:24:11.728 [JavaFX Application Thread] DEBUG GameScene            - Entity added to scene
11:24:11.728 [JavaFX Application Thread] DEBUG GameScene            - Added MainViewComponent
11:24:11.728 [JavaFX Application Thread] DEBUG GameScene            - Entity added to scene
11:24:11.728 [JavaFX Application Thread] DEBUG GameScene            - Added MainViewComponent
11:24:11.728 [JavaFX Application Thread] DEBUG GameScene            - Entity added to scene
11:24:11.728 [JavaFX Application Thread] DEBUG GameScene            - Added MainViewComponent
11:24:11.729 [JavaFX Application Thread] DEBUG GameScene            - Entity added to scene
11:24:11.729 [JavaFX Application Thread] DEBUG GameScene            - Added MainViewComponent
11:24:11.729 [JavaFX Application Thread] DEBUG GameScene            - Entity added to scene
11:24:11.729 [JavaFX Application Thread] DEBUG GameScene            - Added MainViewComponent
11:24:11.729 [JavaFX Application Thread] DEBUG GameScene            - Entity added to scene
11:24:11.729 [JavaFX Application Thread] DEBUG GameScene            - Added MainViewComponent
11:24:11.729 [JavaFX Application Thread] DEBUG GameScene            - Entity added to scene
11:24:11.729 [JavaFX Application Thread] DEBUG GameScene            - Added MainViewComponent
11:24:11.729 [JavaFX Application Thread] DEBUG GameScene            - Entity added to scene
11:24:11.730 [JavaFX Application Thread] DEBUG GameScene            - Added MainViewComponent
11:24:11.730 [JavaFX Application Thread] DEBUG GameScene            - Entity added to scene
11:24:11.730 [JavaFX Application Thread] DEBUG GameScene            - Added MainViewComponent
11:24:11.730 [JavaFX Application Thread] DEBUG GameScene            - Entity added to scene
11:24:11.730 [JavaFX Application Thread] DEBUG GameScene            - Added MainViewComponent
11:24:11.730 [JavaFX Application Thread] DEBUG GameScene            - Entity added to scene
11:24:11.730 [JavaFX Application Thread] DEBUG GameScene            - Added MainViewComponent
11:24:11.730 [JavaFX Application Thread] DEBUG GameScene            - Entity added to scene
11:24:11.731 [JavaFX Application Thread] DEBUG GameScene            - Added MainViewComponent
11:24:11.731 [JavaFX Application Thread] DEBUG GameScene            - Entity added to scene
11:24:11.731 [JavaFX Application Thread] DEBUG GameScene            - Added MainViewComponent
11:24:11.731 [JavaFX Application Thread] DEBUG GameScene            - Entity added to scene
11:24:11.731 [JavaFX Application Thread] DEBUG GameScene            - Added MainViewComponent
11:24:11.731 [JavaFX Application Thread] DEBUG GameScene            - Entity added to scene
11:24:11.731 [JavaFX Application Thread] DEBUG GameScene            - Added MainViewComponent
11:24:11.731 [JavaFX Application Thread] DEBUG GameScene            - Entity added to scene
11:24:11.731 [JavaFX Application Thread] DEBUG GameScene            - Added MainViewComponent
11:24:11.731 [JavaFX Application Thread] DEBUG GameScene            - Entity added to scene
11:24:11.731 [JavaFX Application Thread] DEBUG GameScene            - Added MainViewComponent
11:24:11.732 [JavaFX Application Thread] DEBUG GameScene            - Entity added to scene
11:24:11.732 [JavaFX Application Thread] DEBUG GameScene            - Added MainViewComponent
11:24:11.732 [JavaFX Application Thread] DEBUG GameScene            - Entity added to scene
11:24:11.732 [JavaFX Application Thread] DEBUG GameScene            - Added MainViewComponent
11:24:11.732 [JavaFX Application Thread] DEBUG GameScene            - Entity added to scene
11:24:11.732 [JavaFX Application Thread] DEBUG GameScene            - Added MainViewComponent
11:24:11.733 [JavaFX Application Thread] DEBUG GameScene            - Entity added to scene
11:24:11.733 [JavaFX Application Thread] DEBUG GameScene            - Added MainViewComponent
11:24:11.733 [JavaFX Application Thread] DEBUG GameScene            - Entity added to scene
11:24:11.733 [JavaFX Application Thread] DEBUG GameScene            - Added MainViewComponent
11:24:11.733 [JavaFX Application Thread] DEBUG GameScene            - Entity added to scene
11:24:11.733 [JavaFX Application Thread] DEBUG GameScene            - Added MainViewComponent
11:24:11.733 [JavaFX Application Thread] DEBUG GameScene            - Entity added to scene
11:24:11.733 [JavaFX Application Thread] DEBUG GameScene            - Added MainViewComponent
11:24:11.733 [JavaFX Application Thread] DEBUG GameScene            - Entity added to scene
11:24:11.733 [JavaFX Application Thread] DEBUG GameScene            - Added MainViewComponent
11:24:11.733 [JavaFX Application Thread] DEBUG GameScene            - Entity added to scene
11:24:11.733 [JavaFX Application Thread] DEBUG GameScene            - Added MainViewComponent
11:24:11.734 [JavaFX Application Thread] DEBUG GameScene            - Entity added to scene
11:24:11.734 [JavaFX Application Thread] DEBUG GameScene            - Added MainViewComponent
11:24:11.734 [JavaFX Application Thread] DEBUG GameScene            - Entity added to scene
11:24:11.734 [JavaFX Application Thread] DEBUG GameScene            - Added MainViewComponent
11:24:11.734 [JavaFX Application Thread] DEBUG GameScene            - Entity added to scene
11:24:11.734 [JavaFX Application Thread] DEBUG GameScene            - Added MainViewComponent
11:24:11.734 [JavaFX Application Thread] DEBUG GameScene            - Entity added to scene
11:24:11.734 [JavaFX Application Thread] DEBUG GameScene            - Added MainViewComponent
11:24:11.734 [JavaFX Application Thread] DEBUG GameScene            - Entity added to scene
11:24:11.734 [JavaFX Application Thread] DEBUG GameScene            - Added MainViewComponent
11:24:11.734 [JavaFX Application Thread] DEBUG GameScene            - Creating render group for layer: BACKGROUND(0)
11:24:18.512 [JavaFX Application Thread] DEBUG GameScene            - Entity removed from scene
11:24:18.512 [JavaFX Application Thread] DEBUG GameScene            - Removed MainViewComponent
11:24:18.654 [JavaFX Application Thread] DEBUG GameScene            - Entity removed from scene
11:24:18.655 [JavaFX Application Thread] DEBUG GameScene            - Removed MainViewComponent
11:24:18.782 [JavaFX Application Thread] DEBUG GameScene            - Entity removed from scene
11:24:18.782 [JavaFX Application Thread] DEBUG GameScene            - Removed MainViewComponent
11:24:19.201 [JavaFX Application Thread] DEBUG GameScene            - Entity removed from scene
11:24:19.201 [JavaFX Application Thread] DEBUG GameScene            - Removed MainViewComponent
11:24:19.328 [JavaFX Application Thread] DEBUG GameScene            - Entity removed from scene
11:24:19.328 [JavaFX Application Thread] DEBUG GameScene            - Removed MainViewComponent
11:24:19.455 [JavaFX Application Thread] DEBUG GameScene            - Entity removed from scene
11:24:19.455 [JavaFX Application Thread] DEBUG GameScene            - Removed MainViewComponent
11:24:19.585 [JavaFX Application Thread] DEBUG GameScene            - Entity removed from scene
11:24:19.585 [JavaFX Application Thread] DEBUG GameScene            - Removed MainViewComponent
11:24:19.713 [JavaFX Application Thread] DEBUG GameScene            - Entity removed from scene
11:24:19.713 [JavaFX Application Thread] DEBUG GameScene            - Removed MainViewComponent
11:24:19.859 [JavaFX Application Thread] DEBUG GameScene            - Entity removed from scene
11:24:19.859 [JavaFX Application Thread] DEBUG GameScene            - Removed MainViewComponent
11:24:19.985 [JavaFX Application Thread] DEBUG GameScene            - Entity removed from scene
11:24:19.985 [JavaFX Application Thread] DEBUG GameScene            - Removed MainViewComponent
11:24:20.113 [JavaFX Application Thread] DEBUG GameScene            - Entity removed from scene
11:24:20.113 [JavaFX Application Thread] DEBUG GameScene            - Removed MainViewComponent
11:24:20.259 [JavaFX Application Thread] DEBUG GameScene            - Entity removed from scene
11:24:20.260 [JavaFX Application Thread] DEBUG GameScene            - Removed MainViewComponent
11:24:21.166 [JavaFX Application Thread] DEBUG GameScene            - Entity removed from scene
11:24:21.166 [JavaFX Application Thread] DEBUG GameScene            - Removed MainViewComponent
11:24:21.297 [JavaFX Application Thread] DEBUG GameScene            - Entity removed from scene
11:24:21.297 [JavaFX Application Thread] DEBUG GameScene            - Removed MainViewComponent
11:24:21.486 [JavaFX Application Thread] DEBUG GameScene            - Entity removed from scene
11:24:21.487 [JavaFX Application Thread] DEBUG GameScene            - Removed MainViewComponent
11:24:22.463 [JavaFX Application Thread] FATAL FXGLExceptionHandler - Uncaught Exception:
11:24:22.464 [JavaFX Application Thread] FATAL FXGLExceptionHandler - 

Exception occurred: java.lang.NullPointerException : null
E: com.gamedesign.pacman.control.PlayerControl.onUpdate(PlayerControl.java:37)
E: com.almasb.ents.Entity.update(Entity.java:545)
E: com.almasb.ents.EntityWorld.update(EntityWorld.java:263)
E: com.almasb.fxgl.gameplay.GameWorld.onUpdateEvent(GameWorld.java:88)
E: com.almasb.fxgl.time.FXGLMasterTimer.handle(FXGLMasterTimer.kt:143)
E: javafx.animation.AnimationTimer$AnimationTimerReceiver.lambda$handle$485(AnimationTimer.java:57)
E: java.security.AccessController.doPrivileged(Native Method)
E: javafx.animation.AnimationTimer$AnimationTimerReceiver.handle(AnimationTimer.java:56)
E: com.sun.scenario.animation.AbstractMasterTimer.timePulseImpl(AbstractMasterTimer.java:357)
E: com.sun.scenario.animation.AbstractMasterTimer$MainLoop.run(AbstractMasterTimer.java:267)
E: com.sun.javafx.tk.quantum.QuantumToolkit.pulse(QuantumToolkit.java:506)
E: com.sun.javafx.tk.quantum.QuantumToolkit.pulse(QuantumToolkit.java:490)
E: com.sun.javafx.tk.quantum.QuantumToolkit.lambda$runToolkit$405(QuantumToolkit.java:319)
E: com.sun.glass.ui.InvokeLaterDispatcher$Future.run(InvokeLaterDispatcher.java:95)
E: com.sun.glass.ui.win.WinApplication._runLoop(Native Method)
E: com.sun.glass.ui.win.WinApplication.lambda$null$149(WinApplication.java:191)
E: java.lang.Thread.run(Thread.java:745)

11:24:22.464 [JavaFX Application Thread] FATAL FXGLExceptionHandler - Application will now exit
11:24:22.465 [JavaFX Application Thread] DEBUG FXGLInput            - Clearing active input actions
11:24:22.465 [JavaFX Application Thread] DEBUG FXGLMasterTimer      - Stopping master timer
11:24:22.465 [JavaFX Application Thread] DEBUG GameApplication      - State: PLAYING -> PAUSED
11:24:22.465 [JavaFX Application Thread] DEBUG FXGLEventBus         - Firing event: FXGLEvent[type=PAUSE]
11:24:24.978 [JavaFX Application Thread] DEBUG FXGLEventBus         - Firing event: FXGLEvent[type=EXIT]
11:24:24.978 [JavaFX Application Thread] DEBUG FXGL                 - Saving FXGL system data
11:24:24.979 [JavaFX Application Thread] DEBUG IOTask               - Executing task: writeDataTask(system/fxgl.bundle)
11:24:24.981 [JavaFX Application Thread] DEBUG FS                   - Writing to: system\fxgl.bundle
11:24:24.983 [JavaFX Application Thread] DEBUG IOTask               - Task succeeded: writeDataTask(system/fxgl.bundle)
