11:23:05.590 [FXGL Launcher Thread     ] DEBUG FXGLLoggerFactory    - Service [LoggerFactory] initialized
11:23:05.595 [FXGL Launcher Thread     ] DEBUG FXGL                 - FXGL configuration complete
11:23:05.595 [FXGL Launcher Thread     ] DEBUG FXGL                 - Loading FXGL system data
11:23:05.599 [FXGL Launcher Thread     ] DEBUG IOTask               - Executing task: readDataTask(system/fxgl.bundle)
11:23:05.601 [FXGL Launcher Thread     ] DEBUG FS                   - Reading from: system\fxgl.bundle
11:23:05.607 [FXGL Launcher Thread     ] DEBUG IOTask               - Task succeeded: readDataTask(system/fxgl.bundle)
11:23:05.607 [FXGL Launcher Thread     ] DEBUG Bundle               - Logging bundle: FXGL
11:23:05.607 [FXGL Launcher Thread     ] DEBUG Bundle               - FXGL.offline.timer.version.check=2017-01-18T11:24:23.393
11:23:05.613 [JavaFX Application Thread] DEBUG UpdaterTask          - Checking for updates
11:23:05.690 [JavaFX Application Thread] DEBUG FXGLEventBus         - Service [EventBus] initialized
11:23:05.693 [JavaFX Application Thread] DEBUG FXGLExecutor         - Service [Executor] initialized
11:23:05.695 [JavaFX Application Thread] DEBUG IOTask               - Showing dialog
11:23:05.697 [FXGL Background Thread 1 ] DEBUG IOTask               - Executing task: openStream(https://raw.githubusercontent.com/AlmasB/FXGL/master/pom.xml)
11:23:05.697 [FXGL Background Thread 1 ] DEBUG IOTask               - Executing task: openStream(https://raw.githubusercontent.com/AlmasB/FXGL/master/pom.xml)
11:23:06.232 [JavaFX Application Thread] DEBUG IOTask               - fail(): Dismissing dialog
11:23:06.232 [JavaFX Application Thread] WARN  IOTask               - Task failed: openStream(https://raw.githubusercontent.com/AlmasB/FXGL/master/pom.xml) Error: javax.net.ssl.SSLHandshakeException: sun.security.validator.ValidatorException: PKIX path building failed: sun.security.provider.certpath.SunCertPathBuilderException: unable to find valid certification path to requested target
11:23:06.233 [JavaFX Application Thread] WARN  UpdaterTask          - Failed to find updates: javax.net.ssl.SSLHandshakeException: sun.security.validator.ValidatorException: PKIX path building failed: sun.security.provider.certpath.SunCertPathBuilderException: unable to find valid certification path to requested target
11:23:07.695 [FXGL Launcher Thread     ] DEBUG GameApplication      - Configuring GameApplication
11:23:07.708 [FXGL Launcher Thread     ] DEBUG FXGLExceptionHandler - Service [ExceptionHandler] initialized
11:23:07.709 [FXGL Launcher Thread     ] DEBUG PreInitTask          - Injecting gameWorld & physicsWorld
11:23:07.721 [FXGL Launcher Thread     ] DEBUG GameWorld            - Game world initialized
11:23:07.791 [FXGL Launcher Thread     ] DEBUG FXGLPooler           - Service [Pooler] initialized with default size = 128
11:23:07.792 [FXGL Launcher Thread     ] DEBUG PhysicsWorld         - Physics world initialized: appHeight=840.0, physics.ppm=50.0
11:23:07.793 [FXGL Launcher Thread     ] DEBUG FXGLInput            - Service [Input] initialized
11:23:07.815 [FXGL Launcher Thread     ] DEBUG FXGLInput            - Registered new binding: Screenshot - P
11:23:07.815 [FXGL Launcher Thread     ] DEBUG FXGLInput            - Registered new binding: Dev Options - CTRL+0
11:23:07.817 [FXGL Launcher Thread     ] DEBUG FXGLInput            - Registered new binding: Up - W
11:23:07.817 [FXGL Launcher Thread     ] DEBUG FXGLInput            - Registered new binding: Left - A
11:23:07.817 [FXGL Launcher Thread     ] DEBUG FXGLInput            - Registered new binding: Down - S
11:23:07.817 [FXGL Launcher Thread     ] DEBUG FXGLInput            - Registered new binding: Right - D
11:23:07.842 [FXGL Launcher Thread     ] DEBUG GameScene            - Game scene initialized: 960.0x840.0
11:23:07.847 [FXGL Launcher Thread     ] DEBUG FXGLAssetLoader      - Service [AssetLoader] initialized: cacheSize=35
11:23:07.850 [FXGL Launcher Thread     ] DEBUG FXGLAssetLoader      - Loading from disk: /assets/sounds/system/notification.wav
11:23:07.872 [FXGL Launcher Thread     ] DEBUG FXGLAssetLoader      - Loading from disk: /assets/sounds/menu/select.wav
11:23:07.874 [FXGL Launcher Thread     ] DEBUG FXGLAssetLoader      - Loading from disk: /assets/sounds/menu/back.wav
11:23:07.875 [FXGL Launcher Thread     ] DEBUG FXGLAssetLoader      - Loading from disk: /assets/sounds/menu/press.wav
11:23:07.877 [FXGL Launcher Thread     ] DEBUG FXGLAssetLoader      - Loading from disk: /assets/ui/fonts/Copperplate_Gothic_Light_Regular.ttf
11:23:07.884 [FXGL Launcher Thread     ] DEBUG FXGLAssetLoader      - Loading from disk: /assets/ui/css/fxgl.css
11:23:07.884 [FXGL Launcher Thread     ] DEBUG FXGLAssetLoader      - Loading from disk: /assets/ui/icons/fxgl_icon.png
11:23:07.911 [FXGL Launcher Thread     ] DEBUG FXGLAssetLoader      - Loading from disk: /assets/ui/css/fxgl_dark.css
11:23:07.922 [FXGL Launcher Thread     ] DEBUG FXGLDisplay          - Target size: DoubleProperty [value: 960.0] x DoubleProperty [value: 840.0] @ 1.0
11:23:07.922 [FXGL Launcher Thread     ] DEBUG FXGLDisplay          - New size:    960.0 x 840.0 @ DoubleProperty [value: 1.0]
11:23:07.923 [FXGL Launcher Thread     ] DEBUG FXGLDisplay          - Service [Display] initialized
11:23:07.923 [FXGL Launcher Thread     ] DEBUG FXGLDisplay          - Using CSS: CSS(externalForm=jar:file:/C:/Computer%20Science/Game%20Design/3rd/Pacman/lib/fxgl-0.2.9-uber.jar!/assets/ui/css/fxgl_dark.css)
11:23:07.923 [FXGL Launcher Thread     ] DEBUG InitScenesTask       - Injecting loadingScene & gameScene
11:23:07.942 [FXGL Launcher Thread     ] DEBUG FXGLMasterTimer      - Service [MasterTimer] initialized
11:23:07.946 [FXGL Launcher Thread     ] DEBUG FXGLAudioPlayer      - Service [AudioPlayer] initialized
11:23:07.954 [FXGL Launcher Thread     ] DEBUG GameApplication      - Starting new game
11:23:07.955 [FXGL Launcher Thread     ] DEBUG GameApplication      - Initializing App
11:23:07.957 [FXGL Launcher Thread     ] DEBUG FXGLInput            - Clearing active input actions
11:23:07.957 [FXGL Launcher Thread     ] DEBUG FXGLMasterTimer      - Stopping master timer
11:23:07.957 [FXGL Launcher Thread     ] DEBUG GameApplication      - State: STARTUP -> PAUSED
11:23:07.958 [FXGL Launcher Thread     ] DEBUG FXGLEventBus         - Firing event: FXGLEvent[type=PAUSE]
11:23:07.959 [FXGL Launcher Thread     ] DEBUG FXGLInput            - Clearing active input actions
11:23:07.959 [FXGL Launcher Thread     ] DEBUG FXGLMasterTimer      - Resetting ticks and clearing all actions
11:23:07.959 [FXGL Launcher Thread     ] DEBUG GameWorld            - Resetting game world
11:23:07.959 [FXGL Launcher Thread     ] TRACE EntityWorld          - Resetting entity world
11:23:07.961 [FXGL Launcher Thread     ] DEBUG PhysicsWorld         - Resetting physics world
11:23:07.961 [FXGL Launcher Thread     ] DEBUG GameScene            - Resetting game scene
11:23:07.961 [FXGL Launcher Thread     ] DEBUG FXGLEventBus         - Firing event: FXGLEvent[type=RESET]
11:23:08.031 [FXGL Launcher Thread     ] DEBUG GameApplication      - State: PAUSED -> LOADING
11:23:08.063 [FXGL Background Thread 1 ] DEBUG InitAppTask          - Initializing Assets
11:23:08.064 [FXGL Background Thread 1 ] DEBUG InitAppTask          - Initializing Game
11:23:08.070 [FXGL Background Thread 1 ] DEBUG FXGLAssetLoader      - Loading from disk: /assets/text/level.txt
11:23:08.174 [JavaFX Application Thread] DEBUG FXGLDisplay          - Showing stage
11:23:08.174 [JavaFX Application Thread] DEBUG FXGLDisplay          - Root size: 960.0x840.0
11:23:08.174 [JavaFX Application Thread] DEBUG FXGLDisplay          - Scene size: 960.0x840.0
11:23:08.174 [JavaFX Application Thread] DEBUG FXGLDisplay          - Stage size: 978.0x885.0
11:23:08.406 [FXGL Background Thread 1 ] DEBUG GameWorld            - Resetting game world
11:23:08.406 [FXGL Background Thread 1 ] TRACE EntityWorld          - Resetting entity world
11:23:08.406 [FXGL Background Thread 1 ] DEBUG PhysicsWorld         - Resetting physics world
11:23:08.406 [FXGL Background Thread 1 ] DEBUG GameScene            - Resetting game scene
11:23:08.406 [FXGL Background Thread 1 ] DEBUG GameWorld            - Setting level: com.almasb.fxgl.gameplay.Level@761d9932
11:23:08.408 [FXGL Background Thread 1 ] DEBUG InitAppTask          - Initializing Physics
11:23:08.409 [FXGL Background Thread 1 ] DEBUG InitAppTask          - Initializing UI
11:23:08.410 [FXGL Background Thread 1 ] DEBUG FXGLAssetLoader      - Loading from disk: /assets/ui/pacman_ui.fxml
11:23:08.453 [FXGL Background Thread 1 ] DEBUG GameScene            - Adding UI node: Pane@3d9651cd
11:23:08.453 [FXGL Background Thread 1 ] DEBUG InitAppTask          - Initialization Complete
11:23:08.455 [JavaFX Application Thread] DEBUG FXGLInput            - Clearing active input actions
11:23:08.455 [JavaFX Application Thread] DEBUG FXGLMasterTimer      - Starting master timer
11:23:08.455 [JavaFX Application Thread] DEBUG GameApplication      - State: LOADING -> PLAYING
11:23:08.465 [JavaFX Application Thread] DEBUG FXGLEventBus         - Firing event: FXGLEvent[type=RESUME]
11:23:08.474 [JavaFX Application Thread] DEBUG GameScene            - Entity added to scene
11:23:08.474 [JavaFX Application Thread] DEBUG GameScene            - Added MainViewComponent
11:23:08.477 [JavaFX Application Thread] DEBUG GameScene            - Creating render group for layer: PLAYGROUND(1073741823)
11:23:08.484 [JavaFX Application Thread] DEBUG GameScene            - Entity added to scene
11:23:08.484 [JavaFX Application Thread] DEBUG GameScene            - Added MainViewComponent
11:23:08.486 [JavaFX Application Thread] DEBUG GameScene            - Entity added to scene
11:23:08.486 [JavaFX Application Thread] DEBUG GameScene            - Added MainViewComponent
11:23:08.486 [JavaFX Application Thread] DEBUG GameScene            - Entity added to scene
11:23:08.486 [JavaFX Application Thread] DEBUG GameScene            - Added MainViewComponent
11:23:08.486 [JavaFX Application Thread] DEBUG GameScene            - Entity added to scene
11:23:08.486 [JavaFX Application Thread] DEBUG GameScene            - Added MainViewComponent
11:23:08.487 [JavaFX Application Thread] DEBUG GameScene            - Entity added to scene
11:23:08.487 [JavaFX Application Thread] DEBUG GameScene            - Added MainViewComponent
11:23:08.487 [JavaFX Application Thread] DEBUG GameScene            - Entity added to scene
11:23:08.487 [JavaFX Application Thread] DEBUG GameScene            - Added MainViewComponent
11:23:08.487 [JavaFX Application Thread] DEBUG GameScene            - Entity added to scene
11:23:08.487 [JavaFX Application Thread] DEBUG GameScene            - Added MainViewComponent
11:23:08.487 [JavaFX Application Thread] DEBUG GameScene            - Entity added to scene
11:23:08.487 [JavaFX Application Thread] DEBUG GameScene            - Added MainViewComponent
11:23:08.488 [JavaFX Application Thread] DEBUG GameScene            - Entity added to scene
11:23:08.488 [JavaFX Application Thread] DEBUG GameScene            - Added MainViewComponent
11:23:08.488 [JavaFX Application Thread] DEBUG GameScene            - Entity added to scene
11:23:08.488 [JavaFX Application Thread] DEBUG GameScene            - Added MainViewComponent
11:23:08.488 [JavaFX Application Thread] DEBUG GameScene            - Entity added to scene
11:23:08.488 [JavaFX Application Thread] DEBUG GameScene            - Added MainViewComponent
11:23:08.489 [JavaFX Application Thread] DEBUG GameScene            - Entity added to scene
11:23:08.489 [JavaFX Application Thread] DEBUG GameScene            - Added MainViewComponent
11:23:08.489 [JavaFX Application Thread] DEBUG GameScene            - Entity added to scene
11:23:08.489 [JavaFX Application Thread] DEBUG GameScene            - Added MainViewComponent
11:23:08.489 [JavaFX Application Thread] DEBUG GameScene            - Entity added to scene
11:23:08.489 [JavaFX Application Thread] DEBUG GameScene            - Added MainViewComponent
11:23:08.489 [JavaFX Application Thread] DEBUG GameScene            - Entity added to scene
11:23:08.489 [JavaFX Application Thread] DEBUG GameScene            - Added MainViewComponent
11:23:08.491 [JavaFX Application Thread] DEBUG GameScene            - Entity added to scene
11:23:08.491 [JavaFX Application Thread] DEBUG GameScene            - Added MainViewComponent
11:23:08.491 [JavaFX Application Thread] DEBUG GameScene            - Entity added to scene
11:23:08.492 [JavaFX Application Thread] DEBUG GameScene            - Added MainViewComponent
11:23:08.492 [JavaFX Application Thread] DEBUG GameScene            - Entity added to scene
11:23:08.493 [JavaFX Application Thread] DEBUG GameScene            - Added MainViewComponent
11:23:08.493 [JavaFX Application Thread] DEBUG GameScene            - Entity added to scene
11:23:08.493 [JavaFX Application Thread] DEBUG GameScene            - Added MainViewComponent
11:23:08.494 [JavaFX Application Thread] DEBUG GameScene            - Entity added to scene
11:23:08.494 [JavaFX Application Thread] DEBUG GameScene            - Added MainViewComponent
11:23:08.494 [JavaFX Application Thread] DEBUG GameScene            - Entity added to scene
11:23:08.496 [JavaFX Application Thread] DEBUG GameScene            - Added MainViewComponent
11:23:08.496 [JavaFX Application Thread] DEBUG GameScene            - Entity added to scene
11:23:08.497 [JavaFX Application Thread] DEBUG GameScene            - Added MainViewComponent
11:23:08.499 [JavaFX Application Thread] DEBUG GameScene            - Entity added to scene
11:23:08.499 [JavaFX Application Thread] DEBUG GameScene            - Added MainViewComponent
11:23:08.499 [JavaFX Application Thread] DEBUG GameScene            - Entity added to scene
11:23:08.499 [JavaFX Application Thread] DEBUG GameScene            - Added MainViewComponent
11:23:08.500 [JavaFX Application Thread] DEBUG GameScene            - Entity added to scene
11:23:08.500 [JavaFX Application Thread] DEBUG GameScene            - Added MainViewComponent
11:23:08.500 [JavaFX Application Thread] DEBUG GameScene            - Entity added to scene
11:23:08.500 [JavaFX Application Thread] DEBUG GameScene            - Added MainViewComponent
11:23:08.501 [JavaFX Application Thread] DEBUG GameScene            - Entity added to scene
11:23:08.501 [JavaFX Application Thread] DEBUG GameScene            - Added MainViewComponent
11:23:08.501 [JavaFX Application Thread] DEBUG GameScene            - Entity added to scene
11:23:08.501 [JavaFX Application Thread] DEBUG GameScene            - Added MainViewComponent
11:23:08.502 [JavaFX Application Thread] DEBUG GameScene            - Entity added to scene
11:23:08.502 [JavaFX Application Thread] DEBUG GameScene            - Added MainViewComponent
11:23:08.503 [JavaFX Application Thread] DEBUG GameScene            - Entity added to scene
11:23:08.503 [JavaFX Application Thread] DEBUG GameScene            - Added MainViewComponent
11:23:08.503 [JavaFX Application Thread] DEBUG GameScene            - Entity added to scene
11:23:08.503 [JavaFX Application Thread] DEBUG GameScene            - Added MainViewComponent
11:23:08.504 [JavaFX Application Thread] DEBUG GameScene            - Entity added to scene
11:23:08.504 [JavaFX Application Thread] DEBUG GameScene            - Added MainViewComponent
11:23:08.504 [JavaFX Application Thread] DEBUG GameScene            - Entity added to scene
11:23:08.504 [JavaFX Application Thread] DEBUG GameScene            - Added MainViewComponent
11:23:08.505 [JavaFX Application Thread] DEBUG GameScene            - Entity added to scene
11:23:08.505 [JavaFX Application Thread] DEBUG GameScene            - Added MainViewComponent
11:23:08.505 [JavaFX Application Thread] DEBUG GameScene            - Entity added to scene
11:23:08.505 [JavaFX Application Thread] DEBUG GameScene            - Added MainViewComponent
11:23:08.506 [JavaFX Application Thread] DEBUG GameScene            - Entity added to scene
11:23:08.506 [JavaFX Application Thread] DEBUG GameScene            - Added MainViewComponent
11:23:08.506 [JavaFX Application Thread] DEBUG GameScene            - Entity added to scene
11:23:08.506 [JavaFX Application Thread] DEBUG GameScene            - Added MainViewComponent
11:23:08.506 [JavaFX Application Thread] DEBUG GameScene            - Entity added to scene
11:23:08.507 [JavaFX Application Thread] DEBUG GameScene            - Added MainViewComponent
11:23:08.507 [JavaFX Application Thread] DEBUG GameScene            - Entity added to scene
11:23:08.507 [JavaFX Application Thread] DEBUG GameScene            - Added MainViewComponent
11:23:08.508 [JavaFX Application Thread] DEBUG GameScene            - Entity added to scene
11:23:08.508 [JavaFX Application Thread] DEBUG GameScene            - Added MainViewComponent
11:23:08.508 [JavaFX Application Thread] DEBUG GameScene            - Entity added to scene
11:23:08.508 [JavaFX Application Thread] DEBUG GameScene            - Added MainViewComponent
11:23:08.509 [JavaFX Application Thread] DEBUG GameScene            - Entity added to scene
11:23:08.509 [JavaFX Application Thread] DEBUG GameScene            - Added MainViewComponent
11:23:08.509 [JavaFX Application Thread] DEBUG GameScene            - Entity added to scene
11:23:08.509 [JavaFX Application Thread] DEBUG GameScene            - Added MainViewComponent
11:23:08.510 [JavaFX Application Thread] DEBUG GameScene            - Entity added to scene
11:23:08.510 [JavaFX Application Thread] DEBUG GameScene            - Added MainViewComponent
11:23:08.510 [JavaFX Application Thread] DEBUG GameScene            - Entity added to scene
11:23:08.510 [JavaFX Application Thread] DEBUG GameScene            - Added MainViewComponent
11:23:08.511 [JavaFX Application Thread] DEBUG GameScene            - Entity added to scene
11:23:08.511 [JavaFX Application Thread] DEBUG GameScene            - Added MainViewComponent
11:23:08.511 [JavaFX Application Thread] DEBUG GameScene            - Entity added to scene
11:23:08.512 [JavaFX Application Thread] DEBUG GameScene            - Added MainViewComponent
11:23:08.513 [JavaFX Application Thread] DEBUG GameScene            - Entity added to scene
11:23:08.513 [JavaFX Application Thread] DEBUG GameScene            - Added MainViewComponent
11:23:08.513 [JavaFX Application Thread] DEBUG GameScene            - Entity added to scene
11:23:08.513 [JavaFX Application Thread] DEBUG GameScene            - Added MainViewComponent
11:23:08.514 [JavaFX Application Thread] DEBUG GameScene            - Entity added to scene
11:23:08.514 [JavaFX Application Thread] DEBUG GameScene            - Added MainViewComponent
11:23:08.521 [JavaFX Application Thread] DEBUG GameScene            - Entity added to scene
11:23:08.521 [JavaFX Application Thread] DEBUG GameScene            - Added MainViewComponent
11:23:08.522 [JavaFX Application Thread] DEBUG GameScene            - Entity added to scene
11:23:08.522 [JavaFX Application Thread] DEBUG GameScene            - Added MainViewComponent
11:23:08.523 [JavaFX Application Thread] DEBUG GameScene            - Entity added to scene
11:23:08.523 [JavaFX Application Thread] DEBUG GameScene            - Added MainViewComponent
11:23:08.524 [JavaFX Application Thread] DEBUG GameScene            - Entity added to scene
11:23:08.524 [JavaFX Application Thread] DEBUG GameScene            - Added MainViewComponent
11:23:08.524 [JavaFX Application Thread] DEBUG GameScene            - Entity added to scene
11:23:08.525 [JavaFX Application Thread] DEBUG GameScene            - Added MainViewComponent
11:23:08.525 [JavaFX Application Thread] DEBUG GameScene            - Entity added to scene
11:23:08.525 [JavaFX Application Thread] DEBUG GameScene            - Added MainViewComponent
11:23:08.525 [JavaFX Application Thread] DEBUG GameScene            - Entity added to scene
11:23:08.525 [JavaFX Application Thread] DEBUG GameScene            - Added MainViewComponent
11:23:08.526 [JavaFX Application Thread] DEBUG GameScene            - Entity added to scene
11:23:08.526 [JavaFX Application Thread] DEBUG GameScene            - Added MainViewComponent
11:23:08.527 [JavaFX Application Thread] DEBUG GameScene            - Entity added to scene
11:23:08.527 [JavaFX Application Thread] DEBUG GameScene            - Added MainViewComponent
11:23:08.527 [JavaFX Application Thread] DEBUG GameScene            - Entity added to scene
11:23:08.527 [JavaFX Application Thread] DEBUG GameScene            - Added MainViewComponent
11:23:08.528 [JavaFX Application Thread] DEBUG GameScene            - Entity added to scene
11:23:08.528 [JavaFX Application Thread] DEBUG GameScene            - Added MainViewComponent
11:23:08.528 [JavaFX Application Thread] DEBUG GameScene            - Entity added to scene
11:23:08.529 [JavaFX Application Thread] DEBUG GameScene            - Added MainViewComponent
11:23:08.529 [JavaFX Application Thread] DEBUG GameScene            - Entity added to scene
11:23:08.530 [JavaFX Application Thread] DEBUG GameScene            - Added MainViewComponent
11:23:08.530 [JavaFX Application Thread] DEBUG GameScene            - Entity added to scene
11:23:08.530 [JavaFX Application Thread] DEBUG GameScene            - Added MainViewComponent
11:23:08.531 [JavaFX Application Thread] DEBUG GameScene            - Entity added to scene
11:23:08.531 [JavaFX Application Thread] DEBUG GameScene            - Added MainViewComponent
11:23:08.531 [JavaFX Application Thread] DEBUG GameScene            - Entity added to scene
11:23:08.531 [JavaFX Application Thread] DEBUG GameScene            - Added MainViewComponent
11:23:08.532 [JavaFX Application Thread] DEBUG GameScene            - Entity added to scene
11:23:08.532 [JavaFX Application Thread] DEBUG GameScene            - Added MainViewComponent
11:23:08.532 [JavaFX Application Thread] DEBUG GameScene            - Entity added to scene
11:23:08.532 [JavaFX Application Thread] DEBUG GameScene            - Added MainViewComponent
11:23:08.533 [JavaFX Application Thread] DEBUG GameScene            - Entity added to scene
11:23:08.533 [JavaFX Application Thread] DEBUG GameScene            - Added MainViewComponent
11:23:08.533 [JavaFX Application Thread] DEBUG GameScene            - Entity added to scene
11:23:08.533 [JavaFX Application Thread] DEBUG GameScene            - Added MainViewComponent
11:23:08.533 [JavaFX Application Thread] DEBUG GameScene            - Entity added to scene
11:23:08.533 [JavaFX Application Thread] DEBUG GameScene            - Added MainViewComponent
11:23:08.534 [JavaFX Application Thread] DEBUG GameScene            - Entity added to scene
11:23:08.534 [JavaFX Application Thread] DEBUG GameScene            - Added MainViewComponent
11:23:08.534 [JavaFX Application Thread] DEBUG GameScene            - Entity added to scene
11:23:08.534 [JavaFX Application Thread] DEBUG GameScene            - Added MainViewComponent
11:23:08.534 [JavaFX Application Thread] DEBUG GameScene            - Entity added to scene
11:23:08.534 [JavaFX Application Thread] DEBUG GameScene            - Added MainViewComponent
11:23:08.535 [JavaFX Application Thread] DEBUG GameScene            - Entity added to scene
11:23:08.535 [JavaFX Application Thread] DEBUG GameScene            - Added MainViewComponent
11:23:08.535 [JavaFX Application Thread] DEBUG GameScene            - Entity added to scene
11:23:08.535 [JavaFX Application Thread] DEBUG GameScene            - Added MainViewComponent
11:23:08.536 [JavaFX Application Thread] DEBUG GameScene            - Entity added to scene
11:23:08.536 [JavaFX Application Thread] DEBUG GameScene            - Added MainViewComponent
11:23:08.536 [JavaFX Application Thread] DEBUG GameScene            - Entity added to scene
11:23:08.536 [JavaFX Application Thread] DEBUG GameScene            - Added MainViewComponent
11:23:08.537 [JavaFX Application Thread] DEBUG GameScene            - Entity added to scene
11:23:08.537 [JavaFX Application Thread] DEBUG GameScene            - Added MainViewComponent
11:23:08.537 [JavaFX Application Thread] DEBUG GameScene            - Entity added to scene
11:23:08.537 [JavaFX Application Thread] DEBUG GameScene            - Added MainViewComponent
11:23:08.537 [JavaFX Application Thread] DEBUG GameScene            - Entity added to scene
11:23:08.538 [JavaFX Application Thread] DEBUG GameScene            - Added MainViewComponent
11:23:08.538 [JavaFX Application Thread] DEBUG GameScene            - Entity added to scene
11:23:08.538 [JavaFX Application Thread] DEBUG GameScene            - Added MainViewComponent
11:23:08.538 [JavaFX Application Thread] DEBUG GameScene            - Entity added to scene
11:23:08.538 [JavaFX Application Thread] DEBUG GameScene            - Added MainViewComponent
11:23:08.538 [JavaFX Application Thread] DEBUG GameScene            - Entity added to scene
11:23:08.539 [JavaFX Application Thread] DEBUG GameScene            - Added MainViewComponent
11:23:08.539 [JavaFX Application Thread] DEBUG GameScene            - Entity added to scene
11:23:08.539 [JavaFX Application Thread] DEBUG GameScene            - Added MainViewComponent
11:23:08.539 [JavaFX Application Thread] DEBUG GameScene            - Entity added to scene
11:23:08.539 [JavaFX Application Thread] DEBUG GameScene            - Added MainViewComponent
11:23:08.540 [JavaFX Application Thread] DEBUG GameScene            - Entity added to scene
11:23:08.540 [JavaFX Application Thread] DEBUG GameScene            - Added MainViewComponent
11:23:08.540 [JavaFX Application Thread] DEBUG GameScene            - Entity added to scene
11:23:08.540 [JavaFX Application Thread] DEBUG GameScene            - Added MainViewComponent
11:23:08.540 [JavaFX Application Thread] DEBUG GameScene            - Entity added to scene
11:23:08.540 [JavaFX Application Thread] DEBUG GameScene            - Added MainViewComponent
11:23:08.541 [JavaFX Application Thread] DEBUG GameScene            - Entity added to scene
11:23:08.541 [JavaFX Application Thread] DEBUG GameScene            - Added MainViewComponent
11:23:08.541 [JavaFX Application Thread] DEBUG GameScene            - Entity added to scene
11:23:08.541 [JavaFX Application Thread] DEBUG GameScene            - Added MainViewComponent
11:23:08.541 [JavaFX Application Thread] DEBUG GameScene            - Entity added to scene
11:23:08.541 [JavaFX Application Thread] DEBUG GameScene            - Added MainViewComponent
11:23:08.542 [JavaFX Application Thread] DEBUG GameScene            - Entity added to scene
11:23:08.542 [JavaFX Application Thread] DEBUG GameScene            - Added MainViewComponent
11:23:08.542 [JavaFX Application Thread] DEBUG GameScene            - Entity added to scene
11:23:08.542 [JavaFX Application Thread] DEBUG GameScene            - Added MainViewComponent
11:23:08.542 [JavaFX Application Thread] DEBUG GameScene            - Entity added to scene
11:23:08.542 [JavaFX Application Thread] DEBUG GameScene            - Added MainViewComponent
11:23:08.542 [JavaFX Application Thread] DEBUG GameScene            - Entity added to scene
11:23:08.542 [JavaFX Application Thread] DEBUG GameScene            - Added MainViewComponent
11:23:08.542 [JavaFX Application Thread] DEBUG GameScene            - Entity added to scene
11:23:08.542 [JavaFX Application Thread] DEBUG GameScene            - Added MainViewComponent
11:23:08.543 [JavaFX Application Thread] DEBUG GameScene            - Entity added to scene
11:23:08.543 [JavaFX Application Thread] DEBUG GameScene            - Added MainViewComponent
11:23:08.543 [JavaFX Application Thread] DEBUG GameScene            - Entity added to scene
11:23:08.543 [JavaFX Application Thread] DEBUG GameScene            - Added MainViewComponent
11:23:08.543 [JavaFX Application Thread] DEBUG GameScene            - Entity added to scene
11:23:08.543 [JavaFX Application Thread] DEBUG GameScene            - Added MainViewComponent
11:23:08.543 [JavaFX Application Thread] DEBUG GameScene            - Entity added to scene
11:23:08.543 [JavaFX Application Thread] DEBUG GameScene            - Added MainViewComponent
11:23:08.543 [JavaFX Application Thread] DEBUG GameScene            - Entity added to scene
11:23:08.543 [JavaFX Application Thread] DEBUG GameScene            - Added MainViewComponent
11:23:08.543 [JavaFX Application Thread] DEBUG GameScene            - Entity added to scene
11:23:08.543 [JavaFX Application Thread] DEBUG GameScene            - Added MainViewComponent
11:23:08.544 [JavaFX Application Thread] DEBUG GameScene            - Entity added to scene
11:23:08.544 [JavaFX Application Thread] DEBUG GameScene            - Added MainViewComponent
11:23:08.544 [JavaFX Application Thread] DEBUG GameScene            - Entity added to scene
11:23:08.544 [JavaFX Application Thread] DEBUG GameScene            - Added MainViewComponent
11:23:08.544 [JavaFX Application Thread] DEBUG GameScene            - Entity added to scene
11:23:08.544 [JavaFX Application Thread] DEBUG GameScene            - Added MainViewComponent
11:23:08.544 [JavaFX Application Thread] DEBUG GameScene            - Entity added to scene
11:23:08.544 [JavaFX Application Thread] DEBUG GameScene            - Added MainViewComponent
11:23:08.544 [JavaFX Application Thread] DEBUG GameScene            - Entity added to scene
11:23:08.544 [JavaFX Application Thread] DEBUG GameScene            - Added MainViewComponent
11:23:08.544 [JavaFX Application Thread] DEBUG GameScene            - Entity added to scene
11:23:08.544 [JavaFX Application Thread] DEBUG GameScene            - Added MainViewComponent
11:23:08.545 [JavaFX Application Thread] DEBUG GameScene            - Entity added to scene
11:23:08.545 [JavaFX Application Thread] DEBUG GameScene            - Added MainViewComponent
11:23:08.545 [JavaFX Application Thread] DEBUG GameScene            - Entity added to scene
11:23:08.545 [JavaFX Application Thread] DEBUG GameScene            - Added MainViewComponent
11:23:08.545 [JavaFX Application Thread] DEBUG GameScene            - Entity added to scene
11:23:08.545 [JavaFX Application Thread] DEBUG GameScene            - Added MainViewComponent
11:23:08.545 [JavaFX Application Thread] DEBUG GameScene            - Entity added to scene
11:23:08.545 [JavaFX Application Thread] DEBUG GameScene            - Added MainViewComponent
11:23:08.545 [JavaFX Application Thread] DEBUG GameScene            - Entity added to scene
11:23:08.545 [JavaFX Application Thread] DEBUG GameScene            - Added MainViewComponent
11:23:08.546 [JavaFX Application Thread] DEBUG GameScene            - Entity added to scene
11:23:08.546 [JavaFX Application Thread] DEBUG GameScene            - Added MainViewComponent
11:23:08.546 [JavaFX Application Thread] DEBUG GameScene            - Entity added to scene
11:23:08.546 [JavaFX Application Thread] DEBUG GameScene            - Added MainViewComponent
11:23:08.546 [JavaFX Application Thread] DEBUG GameScene            - Entity added to scene
11:23:08.546 [JavaFX Application Thread] DEBUG GameScene            - Added MainViewComponent
11:23:08.546 [JavaFX Application Thread] DEBUG GameScene            - Entity added to scene
11:23:08.546 [JavaFX Application Thread] DEBUG GameScene            - Added MainViewComponent
11:23:08.546 [JavaFX Application Thread] DEBUG GameScene            - Entity added to scene
11:23:08.546 [JavaFX Application Thread] DEBUG GameScene            - Added MainViewComponent
11:23:08.546 [JavaFX Application Thread] DEBUG GameScene            - Entity added to scene
11:23:08.546 [JavaFX Application Thread] DEBUG GameScene            - Added MainViewComponent
11:23:08.546 [JavaFX Application Thread] DEBUG GameScene            - Entity added to scene
11:23:08.546 [JavaFX Application Thread] DEBUG GameScene            - Added MainViewComponent
11:23:08.547 [JavaFX Application Thread] DEBUG GameScene            - Entity added to scene
11:23:08.547 [JavaFX Application Thread] DEBUG GameScene            - Added MainViewComponent
11:23:08.547 [JavaFX Application Thread] DEBUG GameScene            - Entity added to scene
11:23:08.547 [JavaFX Application Thread] DEBUG GameScene            - Added MainViewComponent
11:23:08.547 [JavaFX Application Thread] DEBUG GameScene            - Entity added to scene
11:23:08.547 [JavaFX Application Thread] DEBUG GameScene            - Added MainViewComponent
11:23:08.547 [JavaFX Application Thread] DEBUG GameScene            - Entity added to scene
11:23:08.547 [JavaFX Application Thread] DEBUG GameScene            - Added MainViewComponent
11:23:08.547 [JavaFX Application Thread] DEBUG GameScene            - Entity added to scene
11:23:08.547 [JavaFX Application Thread] DEBUG GameScene            - Added MainViewComponent
11:23:08.548 [JavaFX Application Thread] DEBUG GameScene            - Entity added to scene
11:23:08.548 [JavaFX Application Thread] DEBUG GameScene            - Added MainViewComponent
11:23:08.548 [JavaFX Application Thread] DEBUG GameScene            - Entity added to scene
11:23:08.549 [JavaFX Application Thread] DEBUG GameScene            - Added MainViewComponent
11:23:08.549 [JavaFX Application Thread] DEBUG GameScene            - Entity added to scene
11:23:08.549 [JavaFX Application Thread] DEBUG GameScene            - Added MainViewComponent
11:23:08.549 [JavaFX Application Thread] DEBUG GameScene            - Entity added to scene
11:23:08.550 [JavaFX Application Thread] DEBUG GameScene            - Added MainViewComponent
11:23:08.550 [JavaFX Application Thread] DEBUG GameScene            - Entity added to scene
11:23:08.550 [JavaFX Application Thread] DEBUG GameScene            - Added MainViewComponent
11:23:08.550 [JavaFX Application Thread] DEBUG GameScene            - Entity added to scene
11:23:08.550 [JavaFX Application Thread] DEBUG GameScene            - Added MainViewComponent
11:23:08.550 [JavaFX Application Thread] DEBUG GameScene            - Entity added to scene
11:23:08.550 [JavaFX Application Thread] DEBUG GameScene            - Added MainViewComponent
11:23:08.551 [JavaFX Application Thread] DEBUG GameScene            - Entity added to scene
11:23:08.551 [JavaFX Application Thread] DEBUG GameScene            - Added MainViewComponent
11:23:08.551 [JavaFX Application Thread] DEBUG GameScene            - Entity added to scene
11:23:08.551 [JavaFX Application Thread] DEBUG GameScene            - Added MainViewComponent
11:23:08.551 [JavaFX Application Thread] DEBUG GameScene            - Entity added to scene
11:23:08.551 [JavaFX Application Thread] DEBUG GameScene            - Added MainViewComponent
11:23:08.551 [JavaFX Application Thread] DEBUG GameScene            - Entity added to scene
11:23:08.552 [JavaFX Application Thread] DEBUG GameScene            - Added MainViewComponent
11:23:08.552 [JavaFX Application Thread] DEBUG GameScene            - Entity added to scene
11:23:08.552 [JavaFX Application Thread] DEBUG GameScene            - Added MainViewComponent
11:23:08.552 [JavaFX Application Thread] DEBUG GameScene            - Entity added to scene
11:23:08.552 [JavaFX Application Thread] DEBUG GameScene            - Added MainViewComponent
11:23:08.552 [JavaFX Application Thread] DEBUG GameScene            - Entity added to scene
11:23:08.552 [JavaFX Application Thread] DEBUG GameScene            - Added MainViewComponent
11:23:08.553 [JavaFX Application Thread] DEBUG GameScene            - Entity added to scene
11:23:08.553 [JavaFX Application Thread] DEBUG GameScene            - Added MainViewComponent
11:23:08.553 [JavaFX Application Thread] DEBUG GameScene            - Entity added to scene
11:23:08.553 [JavaFX Application Thread] DEBUG GameScene            - Added MainViewComponent
11:23:08.553 [JavaFX Application Thread] DEBUG GameScene            - Entity added to scene
11:23:08.553 [JavaFX Application Thread] DEBUG GameScene            - Added MainViewComponent
11:23:08.553 [JavaFX Application Thread] DEBUG GameScene            - Entity added to scene
11:23:08.553 [JavaFX Application Thread] DEBUG GameScene            - Added MainViewComponent
11:23:08.554 [JavaFX Application Thread] DEBUG GameScene            - Entity added to scene
11:23:08.554 [JavaFX Application Thread] DEBUG GameScene            - Added MainViewComponent
11:23:08.554 [JavaFX Application Thread] DEBUG GameScene            - Entity added to scene
11:23:08.554 [JavaFX Application Thread] DEBUG GameScene            - Added MainViewComponent
11:23:08.554 [JavaFX Application Thread] DEBUG GameScene            - Entity added to scene
11:23:08.554 [JavaFX Application Thread] DEBUG GameScene            - Added MainViewComponent
11:23:08.554 [JavaFX Application Thread] DEBUG GameScene            - Entity added to scene
11:23:08.554 [JavaFX Application Thread] DEBUG GameScene            - Added MainViewComponent
11:23:08.554 [JavaFX Application Thread] DEBUG GameScene            - Entity added to scene
11:23:08.554 [JavaFX Application Thread] DEBUG GameScene            - Added MainViewComponent
11:23:08.555 [JavaFX Application Thread] DEBUG GameScene            - Entity added to scene
11:23:08.555 [JavaFX Application Thread] DEBUG GameScene            - Added MainViewComponent
11:23:08.555 [JavaFX Application Thread] DEBUG GameScene            - Entity added to scene
11:23:08.555 [JavaFX Application Thread] DEBUG GameScene            - Added MainViewComponent
11:23:08.555 [JavaFX Application Thread] DEBUG GameScene            - Entity added to scene
11:23:08.555 [JavaFX Application Thread] DEBUG GameScene            - Added MainViewComponent
11:23:08.555 [JavaFX Application Thread] DEBUG GameScene            - Entity added to scene
11:23:08.555 [JavaFX Application Thread] DEBUG GameScene            - Added MainViewComponent
11:23:08.555 [JavaFX Application Thread] DEBUG GameScene            - Entity added to scene
11:23:08.555 [JavaFX Application Thread] DEBUG GameScene            - Added MainViewComponent
11:23:08.556 [JavaFX Application Thread] DEBUG GameScene            - Entity added to scene
11:23:08.556 [JavaFX Application Thread] DEBUG GameScene            - Added MainViewComponent
11:23:08.556 [JavaFX Application Thread] DEBUG GameScene            - Entity added to scene
11:23:08.556 [JavaFX Application Thread] DEBUG GameScene            - Added MainViewComponent
11:23:08.556 [JavaFX Application Thread] DEBUG GameScene            - Entity added to scene
11:23:08.556 [JavaFX Application Thread] DEBUG GameScene            - Added MainViewComponent
11:23:08.556 [JavaFX Application Thread] DEBUG GameScene            - Entity added to scene
11:23:08.556 [JavaFX Application Thread] DEBUG GameScene            - Added MainViewComponent
11:23:08.557 [JavaFX Application Thread] DEBUG GameScene            - Entity added to scene
11:23:08.557 [JavaFX Application Thread] DEBUG GameScene            - Added MainViewComponent
11:23:08.557 [JavaFX Application Thread] DEBUG GameScene            - Entity added to scene
11:23:08.557 [JavaFX Application Thread] DEBUG GameScene            - Added MainViewComponent
11:23:08.557 [JavaFX Application Thread] DEBUG GameScene            - Entity added to scene
11:23:08.557 [JavaFX Application Thread] DEBUG GameScene            - Added MainViewComponent
11:23:08.557 [JavaFX Application Thread] DEBUG GameScene            - Entity added to scene
11:23:08.557 [JavaFX Application Thread] DEBUG GameScene            - Added MainViewComponent
11:23:08.558 [JavaFX Application Thread] DEBUG GameScene            - Entity added to scene
11:23:08.558 [JavaFX Application Thread] DEBUG GameScene            - Added MainViewComponent
11:23:08.558 [JavaFX Application Thread] DEBUG GameScene            - Entity added to scene
11:23:08.558 [JavaFX Application Thread] DEBUG GameScene            - Added MainViewComponent
11:23:08.558 [JavaFX Application Thread] DEBUG GameScene            - Entity added to scene
11:23:08.558 [JavaFX Application Thread] DEBUG GameScene            - Added MainViewComponent
11:23:08.558 [JavaFX Application Thread] DEBUG GameScene            - Entity added to scene
11:23:08.558 [JavaFX Application Thread] DEBUG GameScene            - Added MainViewComponent
11:23:08.558 [JavaFX Application Thread] DEBUG GameScene            - Entity added to scene
11:23:08.558 [JavaFX Application Thread] DEBUG GameScene            - Added MainViewComponent
11:23:08.559 [JavaFX Application Thread] DEBUG GameScene            - Entity added to scene
11:23:08.559 [JavaFX Application Thread] DEBUG GameScene            - Added MainViewComponent
11:23:08.559 [JavaFX Application Thread] DEBUG GameScene            - Entity added to scene
11:23:08.559 [JavaFX Application Thread] DEBUG GameScene            - Added MainViewComponent
11:23:08.559 [JavaFX Application Thread] DEBUG GameScene            - Entity added to scene
11:23:08.559 [JavaFX Application Thread] DEBUG GameScene            - Added MainViewComponent
11:23:08.559 [JavaFX Application Thread] DEBUG GameScene            - Entity added to scene
11:23:08.559 [JavaFX Application Thread] DEBUG GameScene            - Added MainViewComponent
11:23:08.560 [JavaFX Application Thread] DEBUG GameScene            - Entity added to scene
11:23:08.560 [JavaFX Application Thread] DEBUG GameScene            - Added MainViewComponent
11:23:08.560 [JavaFX Application Thread] DEBUG GameScene            - Entity added to scene
11:23:08.560 [JavaFX Application Thread] DEBUG GameScene            - Added MainViewComponent
11:23:08.560 [JavaFX Application Thread] DEBUG GameScene            - Entity added to scene
11:23:08.560 [JavaFX Application Thread] DEBUG GameScene            - Added MainViewComponent
11:23:08.560 [JavaFX Application Thread] DEBUG GameScene            - Entity added to scene
11:23:08.560 [JavaFX Application Thread] DEBUG GameScene            - Added MainViewComponent
11:23:08.560 [JavaFX Application Thread] DEBUG GameScene            - Entity added to scene
11:23:08.560 [JavaFX Application Thread] DEBUG GameScene            - Added MainViewComponent
11:23:08.560 [JavaFX Application Thread] DEBUG GameScene            - Entity added to scene
11:23:08.560 [JavaFX Application Thread] DEBUG GameScene            - Added MainViewComponent
11:23:08.560 [JavaFX Application Thread] DEBUG GameScene            - Entity added to scene
11:23:08.560 [JavaFX Application Thread] DEBUG GameScene            - Added MainViewComponent
11:23:08.561 [JavaFX Application Thread] DEBUG GameScene            - Entity added to scene
11:23:08.561 [JavaFX Application Thread] DEBUG GameScene            - Added MainViewComponent
11:23:08.561 [JavaFX Application Thread] DEBUG GameScene            - Entity added to scene
11:23:08.561 [JavaFX Application Thread] DEBUG GameScene            - Added MainViewComponent
11:23:08.561 [JavaFX Application Thread] DEBUG GameScene            - Entity added to scene
11:23:08.561 [JavaFX Application Thread] DEBUG GameScene            - Added MainViewComponent
11:23:08.561 [JavaFX Application Thread] DEBUG GameScene            - Entity added to scene
11:23:08.561 [JavaFX Application Thread] DEBUG GameScene            - Added MainViewComponent
11:23:08.562 [JavaFX Application Thread] DEBUG GameScene            - Entity added to scene
11:23:08.562 [JavaFX Application Thread] DEBUG GameScene            - Added MainViewComponent
11:23:08.562 [JavaFX Application Thread] DEBUG GameScene            - Entity added to scene
11:23:08.562 [JavaFX Application Thread] DEBUG GameScene            - Added MainViewComponent
11:23:08.563 [JavaFX Application Thread] DEBUG GameScene            - Entity added to scene
11:23:08.563 [JavaFX Application Thread] DEBUG GameScene            - Added MainViewComponent
11:23:08.563 [JavaFX Application Thread] DEBUG GameScene            - Entity added to scene
11:23:08.563 [JavaFX Application Thread] DEBUG GameScene            - Added MainViewComponent
11:23:08.563 [JavaFX Application Thread] DEBUG GameScene            - Entity added to scene
11:23:08.563 [JavaFX Application Thread] DEBUG GameScene            - Added MainViewComponent
11:23:08.564 [JavaFX Application Thread] DEBUG GameScene            - Entity added to scene
11:23:08.564 [JavaFX Application Thread] DEBUG GameScene            - Added MainViewComponent
11:23:08.564 [JavaFX Application Thread] DEBUG GameScene            - Entity added to scene
11:23:08.564 [JavaFX Application Thread] DEBUG GameScene            - Added MainViewComponent
11:23:08.564 [JavaFX Application Thread] DEBUG GameScene            - Entity added to scene
11:23:08.564 [JavaFX Application Thread] DEBUG GameScene            - Added MainViewComponent
11:23:08.564 [JavaFX Application Thread] DEBUG GameScene            - Entity added to scene
11:23:08.564 [JavaFX Application Thread] DEBUG GameScene            - Added MainViewComponent
11:23:08.564 [JavaFX Application Thread] DEBUG GameScene            - Entity added to scene
11:23:08.564 [JavaFX Application Thread] DEBUG GameScene            - Added MainViewComponent
11:23:08.565 [JavaFX Application Thread] DEBUG GameScene            - Entity added to scene
11:23:08.565 [JavaFX Application Thread] DEBUG GameScene            - Added MainViewComponent
11:23:08.565 [JavaFX Application Thread] DEBUG GameScene            - Entity added to scene
11:23:08.565 [JavaFX Application Thread] DEBUG GameScene            - Added MainViewComponent
11:23:08.565 [JavaFX Application Thread] DEBUG GameScene            - Entity added to scene
11:23:08.565 [JavaFX Application Thread] DEBUG GameScene            - Added MainViewComponent
11:23:08.565 [JavaFX Application Thread] DEBUG GameScene            - Entity added to scene
11:23:08.565 [JavaFX Application Thread] DEBUG GameScene            - Added MainViewComponent
11:23:08.566 [JavaFX Application Thread] DEBUG GameScene            - Entity added to scene
11:23:08.566 [JavaFX Application Thread] DEBUG GameScene            - Added MainViewComponent
11:23:08.566 [JavaFX Application Thread] DEBUG GameScene            - Entity added to scene
11:23:08.566 [JavaFX Application Thread] DEBUG GameScene            - Added MainViewComponent
11:23:08.566 [JavaFX Application Thread] DEBUG GameScene            - Entity added to scene
11:23:08.566 [JavaFX Application Thread] DEBUG GameScene            - Added MainViewComponent
11:23:08.566 [JavaFX Application Thread] DEBUG GameScene            - Entity added to scene
11:23:08.566 [JavaFX Application Thread] DEBUG GameScene            - Added MainViewComponent
11:23:08.566 [JavaFX Application Thread] DEBUG GameScene            - Entity added to scene
11:23:08.566 [JavaFX Application Thread] DEBUG GameScene            - Added MainViewComponent
11:23:08.567 [JavaFX Application Thread] DEBUG GameScene            - Entity added to scene
11:23:08.567 [JavaFX Application Thread] DEBUG GameScene            - Added MainViewComponent
11:23:08.567 [JavaFX Application Thread] DEBUG GameScene            - Entity added to scene
11:23:08.567 [JavaFX Application Thread] DEBUG GameScene            - Added MainViewComponent
11:23:08.567 [JavaFX Application Thread] DEBUG GameScene            - Entity added to scene
11:23:08.567 [JavaFX Application Thread] DEBUG GameScene            - Added MainViewComponent
11:23:08.567 [JavaFX Application Thread] DEBUG GameScene            - Entity added to scene
11:23:08.567 [JavaFX Application Thread] DEBUG GameScene            - Added MainViewComponent
11:23:08.567 [JavaFX Application Thread] DEBUG GameScene            - Entity added to scene
11:23:08.567 [JavaFX Application Thread] DEBUG GameScene            - Added MainViewComponent
11:23:08.567 [JavaFX Application Thread] DEBUG GameScene            - Entity added to scene
11:23:08.567 [JavaFX Application Thread] DEBUG GameScene            - Added MainViewComponent
11:23:08.568 [JavaFX Application Thread] DEBUG GameScene            - Entity added to scene
11:23:08.568 [JavaFX Application Thread] DEBUG GameScene            - Added MainViewComponent
11:23:08.568 [JavaFX Application Thread] DEBUG GameScene            - Entity added to scene
11:23:08.568 [JavaFX Application Thread] DEBUG GameScene            - Added MainViewComponent
11:23:08.568 [JavaFX Application Thread] DEBUG GameScene            - Entity added to scene
11:23:08.568 [JavaFX Application Thread] DEBUG GameScene            - Added MainViewComponent
11:23:08.569 [JavaFX Application Thread] DEBUG GameScene            - Entity added to scene
11:23:08.569 [JavaFX Application Thread] DEBUG GameScene            - Added MainViewComponent
11:23:08.569 [JavaFX Application Thread] DEBUG GameScene            - Entity added to scene
11:23:08.569 [JavaFX Application Thread] DEBUG GameScene            - Added MainViewComponent
11:23:08.569 [JavaFX Application Thread] DEBUG GameScene            - Entity added to scene
11:23:08.570 [JavaFX Application Thread] DEBUG GameScene            - Added MainViewComponent
11:23:08.570 [JavaFX Application Thread] DEBUG GameScene            - Entity added to scene
11:23:08.570 [JavaFX Application Thread] DEBUG GameScene            - Added MainViewComponent
11:23:08.570 [JavaFX Application Thread] DEBUG GameScene            - Entity added to scene
11:23:08.571 [JavaFX Application Thread] DEBUG GameScene            - Added MainViewComponent
11:23:08.571 [JavaFX Application Thread] DEBUG GameScene            - Entity added to scene
11:23:08.571 [JavaFX Application Thread] DEBUG GameScene            - Added MainViewComponent
11:23:08.571 [JavaFX Application Thread] DEBUG GameScene            - Entity added to scene
11:23:08.571 [JavaFX Application Thread] DEBUG GameScene            - Added MainViewComponent
11:23:08.572 [JavaFX Application Thread] DEBUG GameScene            - Entity added to scene
11:23:08.572 [JavaFX Application Thread] DEBUG GameScene            - Added MainViewComponent
11:23:08.572 [JavaFX Application Thread] DEBUG GameScene            - Entity added to scene
11:23:08.572 [JavaFX Application Thread] DEBUG GameScene            - Added MainViewComponent
11:23:08.572 [JavaFX Application Thread] DEBUG GameScene            - Entity added to scene
11:23:08.572 [JavaFX Application Thread] DEBUG GameScene            - Added MainViewComponent
11:23:08.573 [JavaFX Application Thread] DEBUG GameScene            - Entity added to scene
11:23:08.573 [JavaFX Application Thread] DEBUG GameScene            - Added MainViewComponent
11:23:08.573 [JavaFX Application Thread] DEBUG GameScene            - Entity added to scene
11:23:08.573 [JavaFX Application Thread] DEBUG GameScene            - Added MainViewComponent
11:23:08.573 [JavaFX Application Thread] DEBUG GameScene            - Entity added to scene
11:23:08.573 [JavaFX Application Thread] DEBUG GameScene            - Added MainViewComponent
11:23:08.574 [JavaFX Application Thread] DEBUG GameScene            - Entity added to scene
11:23:08.574 [JavaFX Application Thread] DEBUG GameScene            - Added MainViewComponent
11:23:08.574 [JavaFX Application Thread] DEBUG GameScene            - Entity added to scene
11:23:08.574 [JavaFX Application Thread] DEBUG GameScene            - Added MainViewComponent
11:23:08.574 [JavaFX Application Thread] DEBUG GameScene            - Entity added to scene
11:23:08.574 [JavaFX Application Thread] DEBUG GameScene            - Added MainViewComponent
11:23:08.575 [JavaFX Application Thread] DEBUG GameScene            - Entity added to scene
11:23:08.575 [JavaFX Application Thread] DEBUG GameScene            - Added MainViewComponent
11:23:08.575 [JavaFX Application Thread] DEBUG GameScene            - Entity added to scene
11:23:08.575 [JavaFX Application Thread] DEBUG GameScene            - Added MainViewComponent
11:23:08.575 [JavaFX Application Thread] DEBUG GameScene            - Entity added to scene
11:23:08.575 [JavaFX Application Thread] DEBUG GameScene            - Added MainViewComponent
11:23:08.575 [JavaFX Application Thread] DEBUG GameScene            - Entity added to scene
11:23:08.575 [JavaFX Application Thread] DEBUG GameScene            - Added MainViewComponent
11:23:08.576 [JavaFX Application Thread] DEBUG GameScene            - Entity added to scene
11:23:08.576 [JavaFX Application Thread] DEBUG GameScene            - Added MainViewComponent
11:23:08.576 [JavaFX Application Thread] DEBUG GameScene            - Entity added to scene
11:23:08.576 [JavaFX Application Thread] DEBUG GameScene            - Added MainViewComponent
11:23:08.576 [JavaFX Application Thread] DEBUG GameScene            - Entity added to scene
11:23:08.576 [JavaFX Application Thread] DEBUG GameScene            - Added MainViewComponent
11:23:08.576 [JavaFX Application Thread] DEBUG GameScene            - Entity added to scene
11:23:08.576 [JavaFX Application Thread] DEBUG GameScene            - Added MainViewComponent
11:23:08.577 [JavaFX Application Thread] DEBUG GameScene            - Entity added to scene
11:23:08.577 [JavaFX Application Thread] DEBUG GameScene            - Added MainViewComponent
11:23:08.577 [JavaFX Application Thread] DEBUG GameScene            - Entity added to scene
11:23:08.577 [JavaFX Application Thread] DEBUG GameScene            - Added MainViewComponent
11:23:08.577 [JavaFX Application Thread] DEBUG GameScene            - Entity added to scene
11:23:08.577 [JavaFX Application Thread] DEBUG GameScene            - Added MainViewComponent
11:23:08.577 [JavaFX Application Thread] DEBUG GameScene            - Entity added to scene
11:23:08.577 [JavaFX Application Thread] DEBUG GameScene            - Added MainViewComponent
11:23:08.578 [JavaFX Application Thread] DEBUG GameScene            - Entity added to scene
11:23:08.578 [JavaFX Application Thread] DEBUG GameScene            - Added MainViewComponent
11:23:08.578 [JavaFX Application Thread] DEBUG GameScene            - Entity added to scene
11:23:08.578 [JavaFX Application Thread] DEBUG GameScene            - Added MainViewComponent
11:23:08.578 [JavaFX Application Thread] DEBUG GameScene            - Entity added to scene
11:23:08.578 [JavaFX Application Thread] DEBUG GameScene            - Added MainViewComponent
11:23:08.578 [JavaFX Application Thread] DEBUG GameScene            - Entity added to scene
11:23:08.578 [JavaFX Application Thread] DEBUG GameScene            - Added MainViewComponent
11:23:08.579 [JavaFX Application Thread] DEBUG GameScene            - Entity added to scene
11:23:08.579 [JavaFX Application Thread] DEBUG GameScene            - Added MainViewComponent
11:23:08.579 [JavaFX Application Thread] DEBUG GameScene            - Entity added to scene
11:23:08.579 [JavaFX Application Thread] DEBUG GameScene            - Added MainViewComponent
11:23:08.579 [JavaFX Application Thread] DEBUG GameScene            - Entity added to scene
11:23:08.579 [JavaFX Application Thread] DEBUG GameScene            - Added MainViewComponent
11:23:08.579 [JavaFX Application Thread] DEBUG GameScene            - Entity added to scene
11:23:08.579 [JavaFX Application Thread] DEBUG GameScene            - Added MainViewComponent
11:23:08.580 [JavaFX Application Thread] DEBUG GameScene            - Entity added to scene
11:23:08.580 [JavaFX Application Thread] DEBUG GameScene            - Added MainViewComponent
11:23:08.580 [JavaFX Application Thread] DEBUG GameScene            - Entity added to scene
11:23:08.580 [JavaFX Application Thread] DEBUG GameScene            - Added MainViewComponent
11:23:08.580 [JavaFX Application Thread] DEBUG GameScene            - Entity added to scene
11:23:08.580 [JavaFX Application Thread] DEBUG GameScene            - Added MainViewComponent
11:23:08.580 [JavaFX Application Thread] DEBUG GameScene            - Entity added to scene
11:23:08.580 [JavaFX Application Thread] DEBUG GameScene            - Added MainViewComponent
11:23:08.580 [JavaFX Application Thread] DEBUG GameScene            - Entity added to scene
11:23:08.580 [JavaFX Application Thread] DEBUG GameScene            - Added MainViewComponent
11:23:08.580 [JavaFX Application Thread] DEBUG GameScene            - Entity added to scene
11:23:08.580 [JavaFX Application Thread] DEBUG GameScene            - Added MainViewComponent
11:23:08.581 [JavaFX Application Thread] DEBUG GameScene            - Entity added to scene
11:23:08.581 [JavaFX Application Thread] DEBUG GameScene            - Added MainViewComponent
11:23:08.581 [JavaFX Application Thread] DEBUG GameScene            - Entity added to scene
11:23:08.581 [JavaFX Application Thread] DEBUG GameScene            - Added MainViewComponent
11:23:08.582 [JavaFX Application Thread] DEBUG GameScene            - Entity added to scene
11:23:08.582 [JavaFX Application Thread] DEBUG GameScene            - Added MainViewComponent
11:23:08.582 [JavaFX Application Thread] DEBUG GameScene            - Entity added to scene
11:23:08.582 [JavaFX Application Thread] DEBUG GameScene            - Added MainViewComponent
11:23:08.582 [JavaFX Application Thread] DEBUG GameScene            - Entity added to scene
11:23:08.583 [JavaFX Application Thread] DEBUG GameScene            - Added MainViewComponent
11:23:08.583 [JavaFX Application Thread] DEBUG GameScene            - Entity added to scene
11:23:08.583 [JavaFX Application Thread] DEBUG GameScene            - Added MainViewComponent
11:23:08.583 [JavaFX Application Thread] DEBUG GameScene            - Entity added to scene
11:23:08.583 [JavaFX Application Thread] DEBUG GameScene            - Added MainViewComponent
11:23:08.584 [JavaFX Application Thread] DEBUG GameScene            - Entity added to scene
11:23:08.584 [JavaFX Application Thread] DEBUG GameScene            - Added MainViewComponent
11:23:08.584 [JavaFX Application Thread] DEBUG GameScene            - Entity added to scene
11:23:08.584 [JavaFX Application Thread] DEBUG GameScene            - Added MainViewComponent
11:23:08.584 [JavaFX Application Thread] DEBUG GameScene            - Entity added to scene
11:23:08.584 [JavaFX Application Thread] DEBUG GameScene            - Added MainViewComponent
11:23:08.585 [JavaFX Application Thread] DEBUG GameScene            - Entity added to scene
11:23:08.585 [JavaFX Application Thread] DEBUG GameScene            - Added MainViewComponent
11:23:08.585 [JavaFX Application Thread] DEBUG GameScene            - Entity added to scene
11:23:08.585 [JavaFX Application Thread] DEBUG GameScene            - Added MainViewComponent
11:23:08.585 [JavaFX Application Thread] DEBUG GameScene            - Entity added to scene
11:23:08.585 [JavaFX Application Thread] DEBUG GameScene            - Added MainViewComponent
11:23:08.586 [JavaFX Application Thread] DEBUG GameScene            - Entity added to scene
11:23:08.586 [JavaFX Application Thread] DEBUG GameScene            - Added MainViewComponent
11:23:08.586 [JavaFX Application Thread] DEBUG GameScene            - Entity added to scene
11:23:08.586 [JavaFX Application Thread] DEBUG GameScene            - Added MainViewComponent
11:23:08.586 [JavaFX Application Thread] DEBUG GameScene            - Entity added to scene
11:23:08.586 [JavaFX Application Thread] DEBUG GameScene            - Added MainViewComponent
11:23:08.586 [JavaFX Application Thread] DEBUG GameScene            - Entity added to scene
11:23:08.587 [JavaFX Application Thread] DEBUG GameScene            - Added MainViewComponent
11:23:08.587 [JavaFX Application Thread] DEBUG GameScene            - Entity added to scene
11:23:08.587 [JavaFX Application Thread] DEBUG GameScene            - Added MainViewComponent
11:23:08.587 [JavaFX Application Thread] DEBUG GameScene            - Entity added to scene
11:23:08.587 [JavaFX Application Thread] DEBUG GameScene            - Added MainViewComponent
11:23:08.587 [JavaFX Application Thread] DEBUG GameScene            - Entity added to scene
11:23:08.587 [JavaFX Application Thread] DEBUG GameScene            - Added MainViewComponent
11:23:08.588 [JavaFX Application Thread] DEBUG GameScene            - Entity added to scene
11:23:08.588 [JavaFX Application Thread] DEBUG GameScene            - Added MainViewComponent
11:23:08.588 [JavaFX Application Thread] DEBUG GameScene            - Entity added to scene
11:23:08.588 [JavaFX Application Thread] DEBUG GameScene            - Added MainViewComponent
11:23:08.588 [JavaFX Application Thread] DEBUG GameScene            - Entity added to scene
11:23:08.588 [JavaFX Application Thread] DEBUG GameScene            - Added MainViewComponent
11:23:08.588 [JavaFX Application Thread] DEBUG GameScene            - Entity added to scene
11:23:08.588 [JavaFX Application Thread] DEBUG GameScene            - Added MainViewComponent
11:23:08.589 [JavaFX Application Thread] DEBUG GameScene            - Entity added to scene
11:23:08.589 [JavaFX Application Thread] DEBUG GameScene            - Added MainViewComponent
11:23:08.589 [JavaFX Application Thread] DEBUG GameScene            - Entity added to scene
11:23:08.589 [JavaFX Application Thread] DEBUG GameScene            - Added MainViewComponent
11:23:08.590 [JavaFX Application Thread] DEBUG GameScene            - Entity added to scene
11:23:08.590 [JavaFX Application Thread] DEBUG GameScene            - Added MainViewComponent
11:23:08.590 [JavaFX Application Thread] DEBUG GameScene            - Entity added to scene
11:23:08.590 [JavaFX Application Thread] DEBUG GameScene            - Added MainViewComponent
11:23:08.590 [JavaFX Application Thread] DEBUG GameScene            - Entity added to scene
11:23:08.590 [JavaFX Application Thread] DEBUG GameScene            - Added MainViewComponent
11:23:08.590 [JavaFX Application Thread] DEBUG GameScene            - Entity added to scene
11:23:08.590 [JavaFX Application Thread] DEBUG GameScene            - Added MainViewComponent
11:23:08.591 [JavaFX Application Thread] DEBUG GameScene            - Entity added to scene
11:23:08.591 [JavaFX Application Thread] DEBUG GameScene            - Added MainViewComponent
11:23:08.591 [JavaFX Application Thread] DEBUG GameScene            - Entity added to scene
11:23:08.591 [JavaFX Application Thread] DEBUG GameScene            - Added MainViewComponent
11:23:08.591 [JavaFX Application Thread] DEBUG GameScene            - Entity added to scene
11:23:08.591 [JavaFX Application Thread] DEBUG GameScene            - Added MainViewComponent
11:23:08.591 [JavaFX Application Thread] DEBUG GameScene            - Entity added to scene
11:23:08.591 [JavaFX Application Thread] DEBUG GameScene            - Added MainViewComponent
11:23:08.591 [JavaFX Application Thread] DEBUG GameScene            - Entity added to scene
11:23:08.591 [JavaFX Application Thread] DEBUG GameScene            - Added MainViewComponent
11:23:08.592 [JavaFX Application Thread] DEBUG GameScene            - Entity added to scene
11:23:08.592 [JavaFX Application Thread] DEBUG GameScene            - Added MainViewComponent
11:23:08.592 [JavaFX Application Thread] DEBUG GameScene            - Entity added to scene
11:23:08.592 [JavaFX Application Thread] DEBUG GameScene            - Added MainViewComponent
11:23:08.592 [JavaFX Application Thread] DEBUG GameScene            - Entity added to scene
11:23:08.592 [JavaFX Application Thread] DEBUG GameScene            - Added MainViewComponent
11:23:08.592 [JavaFX Application Thread] DEBUG GameScene            - Entity added to scene
11:23:08.592 [JavaFX Application Thread] DEBUG GameScene            - Added MainViewComponent
11:23:08.592 [JavaFX Application Thread] DEBUG GameScene            - Creating render group for layer: TOP(2147483647)
11:23:08.593 [JavaFX Application Thread] DEBUG GameScene            - Entity added to scene
11:23:08.593 [JavaFX Application Thread] DEBUG GameScene            - Added MainViewComponent
11:23:08.593 [JavaFX Application Thread] DEBUG GameScene            - Entity added to scene
11:23:08.593 [JavaFX Application Thread] DEBUG GameScene            - Added MainViewComponent
11:23:08.594 [JavaFX Application Thread] DEBUG GameScene            - Entity added to scene
11:23:08.594 [JavaFX Application Thread] DEBUG GameScene            - Added MainViewComponent
11:23:08.594 [JavaFX Application Thread] DEBUG GameScene            - Entity added to scene
11:23:08.594 [JavaFX Application Thread] DEBUG GameScene            - Added MainViewComponent
11:23:08.594 [JavaFX Application Thread] DEBUG GameScene            - Entity added to scene
11:23:08.594 [JavaFX Application Thread] DEBUG GameScene            - Added MainViewComponent
11:23:08.595 [JavaFX Application Thread] DEBUG GameScene            - Entity added to scene
11:23:08.595 [JavaFX Application Thread] DEBUG GameScene            - Added MainViewComponent
11:23:08.595 [JavaFX Application Thread] DEBUG GameScene            - Entity added to scene
11:23:08.596 [JavaFX Application Thread] DEBUG GameScene            - Added MainViewComponent
11:23:08.597 [JavaFX Application Thread] DEBUG GameScene            - Entity added to scene
11:23:08.597 [JavaFX Application Thread] DEBUG GameScene            - Added MainViewComponent
11:23:08.598 [JavaFX Application Thread] DEBUG GameScene            - Entity added to scene
11:23:08.598 [JavaFX Application Thread] DEBUG GameScene            - Added MainViewComponent
11:23:08.598 [JavaFX Application Thread] DEBUG GameScene            - Entity added to scene
11:23:08.598 [JavaFX Application Thread] DEBUG GameScene            - Added MainViewComponent
11:23:08.598 [JavaFX Application Thread] DEBUG GameScene            - Entity added to scene
11:23:08.598 [JavaFX Application Thread] DEBUG GameScene            - Added MainViewComponent
11:23:08.599 [JavaFX Application Thread] DEBUG GameScene            - Entity added to scene
11:23:08.599 [JavaFX Application Thread] DEBUG GameScene            - Added MainViewComponent
11:23:08.599 [JavaFX Application Thread] DEBUG GameScene            - Entity added to scene
11:23:08.599 [JavaFX Application Thread] DEBUG GameScene            - Added MainViewComponent
11:23:08.599 [JavaFX Application Thread] DEBUG GameScene            - Entity added to scene
11:23:08.599 [JavaFX Application Thread] DEBUG GameScene            - Added MainViewComponent
11:23:08.599 [JavaFX Application Thread] DEBUG GameScene            - Entity added to scene
11:23:08.600 [JavaFX Application Thread] DEBUG GameScene            - Added MainViewComponent
11:23:08.600 [JavaFX Application Thread] DEBUG GameScene            - Entity added to scene
11:23:08.600 [JavaFX Application Thread] DEBUG GameScene            - Added MainViewComponent
11:23:08.600 [JavaFX Application Thread] DEBUG GameScene            - Entity added to scene
11:23:08.600 [JavaFX Application Thread] DEBUG GameScene            - Added MainViewComponent
11:23:08.600 [JavaFX Application Thread] DEBUG GameScene            - Entity added to scene
11:23:08.600 [JavaFX Application Thread] DEBUG GameScene            - Added MainViewComponent
11:23:08.600 [JavaFX Application Thread] DEBUG GameScene            - Entity added to scene
11:23:08.600 [JavaFX Application Thread] DEBUG GameScene            - Added MainViewComponent
11:23:08.601 [JavaFX Application Thread] DEBUG GameScene            - Entity added to scene
11:23:08.601 [JavaFX Application Thread] DEBUG GameScene            - Added MainViewComponent
11:23:08.601 [JavaFX Application Thread] DEBUG GameScene            - Entity added to scene
11:23:08.601 [JavaFX Application Thread] DEBUG GameScene            - Added MainViewComponent
11:23:08.601 [JavaFX Application Thread] DEBUG GameScene            - Entity added to scene
11:23:08.601 [JavaFX Application Thread] DEBUG GameScene            - Added MainViewComponent
11:23:08.601 [JavaFX Application Thread] DEBUG GameScene            - Entity added to scene
11:23:08.601 [JavaFX Application Thread] DEBUG GameScene            - Added MainViewComponent
11:23:08.602 [JavaFX Application Thread] DEBUG GameScene            - Entity added to scene
11:23:08.602 [JavaFX Application Thread] DEBUG GameScene            - Added MainViewComponent
11:23:08.602 [JavaFX Application Thread] DEBUG GameScene            - Entity added to scene
11:23:08.602 [JavaFX Application Thread] DEBUG GameScene            - Added MainViewComponent
11:23:08.602 [JavaFX Application Thread] DEBUG GameScene            - Entity added to scene
11:23:08.602 [JavaFX Application Thread] DEBUG GameScene            - Added MainViewComponent
11:23:08.602 [JavaFX Application Thread] DEBUG GameScene            - Entity added to scene
11:23:08.602 [JavaFX Application Thread] DEBUG GameScene            - Added MainViewComponent
11:23:08.603 [JavaFX Application Thread] DEBUG GameScene            - Entity added to scene
11:23:08.603 [JavaFX Application Thread] DEBUG GameScene            - Added MainViewComponent
11:23:08.603 [JavaFX Application Thread] DEBUG GameScene            - Entity added to scene
11:23:08.603 [JavaFX Application Thread] DEBUG GameScene            - Added MainViewComponent
11:23:08.603 [JavaFX Application Thread] DEBUG GameScene            - Entity added to scene
11:23:08.603 [JavaFX Application Thread] DEBUG GameScene            - Added MainViewComponent
11:23:08.604 [JavaFX Application Thread] DEBUG GameScene            - Entity added to scene
11:23:08.604 [JavaFX Application Thread] DEBUG GameScene            - Added MainViewComponent
11:23:08.604 [JavaFX Application Thread] DEBUG GameScene            - Entity added to scene
11:23:08.604 [JavaFX Application Thread] DEBUG GameScene            - Added MainViewComponent
11:23:08.604 [JavaFX Application Thread] DEBUG GameScene            - Entity added to scene
11:23:08.604 [JavaFX Application Thread] DEBUG GameScene            - Added MainViewComponent
11:23:08.604 [JavaFX Application Thread] DEBUG GameScene            - Entity added to scene
11:23:08.604 [JavaFX Application Thread] DEBUG GameScene            - Added MainViewComponent
11:23:08.604 [JavaFX Application Thread] DEBUG GameScene            - Entity added to scene
11:23:08.605 [JavaFX Application Thread] DEBUG GameScene            - Added MainViewComponent
11:23:08.605 [JavaFX Application Thread] DEBUG GameScene            - Entity added to scene
11:23:08.605 [JavaFX Application Thread] DEBUG GameScene            - Added MainViewComponent
11:23:08.605 [JavaFX Application Thread] DEBUG GameScene            - Entity added to scene
11:23:08.605 [JavaFX Application Thread] DEBUG GameScene            - Added MainViewComponent
11:23:08.605 [JavaFX Application Thread] DEBUG GameScene            - Entity added to scene
11:23:08.605 [JavaFX Application Thread] DEBUG GameScene            - Added MainViewComponent
11:23:08.605 [JavaFX Application Thread] DEBUG GameScene            - Entity added to scene
11:23:08.605 [JavaFX Application Thread] DEBUG GameScene            - Added MainViewComponent
11:23:08.606 [JavaFX Application Thread] DEBUG GameScene            - Entity added to scene
11:23:08.606 [JavaFX Application Thread] DEBUG GameScene            - Added MainViewComponent
11:23:08.606 [JavaFX Application Thread] DEBUG GameScene            - Entity added to scene
11:23:08.606 [JavaFX Application Thread] DEBUG GameScene            - Added MainViewComponent
11:23:08.606 [JavaFX Application Thread] DEBUG GameScene            - Entity added to scene
11:23:08.606 [JavaFX Application Thread] DEBUG GameScene            - Added MainViewComponent
11:23:08.606 [JavaFX Application Thread] DEBUG GameScene            - Entity added to scene
11:23:08.606 [JavaFX Application Thread] DEBUG GameScene            - Added MainViewComponent
11:23:08.606 [JavaFX Application Thread] DEBUG GameScene            - Entity added to scene
11:23:08.606 [JavaFX Application Thread] DEBUG GameScene            - Added MainViewComponent
11:23:08.607 [JavaFX Application Thread] DEBUG GameScene            - Entity added to scene
11:23:08.607 [JavaFX Application Thread] DEBUG GameScene            - Added MainViewComponent
11:23:08.607 [JavaFX Application Thread] DEBUG GameScene            - Entity added to scene
11:23:08.607 [JavaFX Application Thread] DEBUG GameScene            - Added MainViewComponent
11:23:08.607 [JavaFX Application Thread] DEBUG GameScene            - Entity added to scene
11:23:08.607 [JavaFX Application Thread] DEBUG GameScene            - Added MainViewComponent
11:23:08.607 [JavaFX Application Thread] DEBUG GameScene            - Entity added to scene
11:23:08.607 [JavaFX Application Thread] DEBUG GameScene            - Added MainViewComponent
11:23:08.608 [JavaFX Application Thread] DEBUG GameScene            - Entity added to scene
11:23:08.608 [JavaFX Application Thread] DEBUG GameScene            - Added MainViewComponent
11:23:08.608 [JavaFX Application Thread] DEBUG GameScene            - Entity added to scene
11:23:08.608 [JavaFX Application Thread] DEBUG GameScene            - Added MainViewComponent
11:23:08.608 [JavaFX Application Thread] DEBUG GameScene            - Entity added to scene
11:23:08.608 [JavaFX Application Thread] DEBUG GameScene            - Added MainViewComponent
11:23:08.608 [JavaFX Application Thread] DEBUG GameScene            - Entity added to scene
11:23:08.608 [JavaFX Application Thread] DEBUG GameScene            - Added MainViewComponent
11:23:08.609 [JavaFX Application Thread] DEBUG GameScene            - Entity added to scene
11:23:08.609 [JavaFX Application Thread] DEBUG GameScene            - Added MainViewComponent
11:23:08.609 [JavaFX Application Thread] DEBUG GameScene            - Entity added to scene
11:23:08.609 [JavaFX Application Thread] DEBUG GameScene            - Added MainViewComponent
11:23:08.609 [JavaFX Application Thread] DEBUG GameScene            - Entity added to scene
11:23:08.609 [JavaFX Application Thread] DEBUG GameScene            - Added MainViewComponent
11:23:08.609 [JavaFX Application Thread] DEBUG GameScene            - Entity added to scene
11:23:08.609 [JavaFX Application Thread] DEBUG GameScene            - Added MainViewComponent
11:23:08.610 [JavaFX Application Thread] DEBUG GameScene            - Entity added to scene
11:23:08.610 [JavaFX Application Thread] DEBUG GameScene            - Added MainViewComponent
11:23:08.610 [JavaFX Application Thread] DEBUG GameScene            - Entity added to scene
11:23:08.610 [JavaFX Application Thread] DEBUG GameScene            - Added MainViewComponent
11:23:08.610 [JavaFX Application Thread] DEBUG GameScene            - Entity added to scene
11:23:08.610 [JavaFX Application Thread] DEBUG GameScene            - Added MainViewComponent
11:23:08.611 [JavaFX Application Thread] DEBUG GameScene            - Entity added to scene
11:23:08.611 [JavaFX Application Thread] DEBUG GameScene            - Added MainViewComponent
11:23:08.611 [JavaFX Application Thread] DEBUG GameScene            - Entity added to scene
11:23:08.611 [JavaFX Application Thread] DEBUG GameScene            - Added MainViewComponent
11:23:08.611 [JavaFX Application Thread] DEBUG GameScene            - Entity added to scene
11:23:08.611 [JavaFX Application Thread] DEBUG GameScene            - Added MainViewComponent
11:23:08.611 [JavaFX Application Thread] DEBUG GameScene            - Entity added to scene
11:23:08.611 [JavaFX Application Thread] DEBUG GameScene            - Added MainViewComponent
11:23:08.612 [JavaFX Application Thread] DEBUG GameScene            - Entity added to scene
11:23:08.612 [JavaFX Application Thread] DEBUG GameScene            - Added MainViewComponent
11:23:08.612 [JavaFX Application Thread] DEBUG GameScene            - Entity added to scene
11:23:08.612 [JavaFX Application Thread] DEBUG GameScene            - Added MainViewComponent
11:23:08.612 [JavaFX Application Thread] DEBUG GameScene            - Entity added to scene
11:23:08.612 [JavaFX Application Thread] DEBUG GameScene            - Added MainViewComponent
11:23:08.613 [JavaFX Application Thread] DEBUG GameScene            - Entity added to scene
11:23:08.613 [JavaFX Application Thread] DEBUG GameScene            - Added MainViewComponent
11:23:08.613 [JavaFX Application Thread] DEBUG GameScene            - Entity added to scene
11:23:08.613 [JavaFX Application Thread] DEBUG GameScene            - Added MainViewComponent
11:23:08.613 [JavaFX Application Thread] DEBUG GameScene            - Entity added to scene
11:23:08.613 [JavaFX Application Thread] DEBUG GameScene            - Added MainViewComponent
11:23:08.613 [JavaFX Application Thread] DEBUG GameScene            - Entity added to scene
11:23:08.613 [JavaFX Application Thread] DEBUG GameScene            - Added MainViewComponent
11:23:08.614 [JavaFX Application Thread] DEBUG GameScene            - Entity added to scene
11:23:08.614 [JavaFX Application Thread] DEBUG GameScene            - Added MainViewComponent
11:23:08.614 [JavaFX Application Thread] DEBUG GameScene            - Entity added to scene
11:23:08.614 [JavaFX Application Thread] DEBUG GameScene            - Added MainViewComponent
11:23:08.614 [JavaFX Application Thread] DEBUG GameScene            - Entity added to scene
11:23:08.614 [JavaFX Application Thread] DEBUG GameScene            - Added MainViewComponent
11:23:08.614 [JavaFX Application Thread] DEBUG GameScene            - Entity added to scene
11:23:08.614 [JavaFX Application Thread] DEBUG GameScene            - Added MainViewComponent
11:23:08.614 [JavaFX Application Thread] DEBUG GameScene            - Entity added to scene
11:23:08.614 [JavaFX Application Thread] DEBUG GameScene            - Added MainViewComponent
11:23:08.615 [JavaFX Application Thread] DEBUG GameScene            - Entity added to scene
11:23:08.615 [JavaFX Application Thread] DEBUG GameScene            - Added MainViewComponent
11:23:08.615 [JavaFX Application Thread] DEBUG GameScene            - Entity added to scene
11:23:08.615 [JavaFX Application Thread] DEBUG GameScene            - Added MainViewComponent
11:23:08.615 [JavaFX Application Thread] DEBUG GameScene            - Entity added to scene
11:23:08.615 [JavaFX Application Thread] DEBUG GameScene            - Added MainViewComponent
11:23:08.615 [JavaFX Application Thread] DEBUG GameScene            - Entity added to scene
11:23:08.615 [JavaFX Application Thread] DEBUG GameScene            - Added MainViewComponent
11:23:08.615 [JavaFX Application Thread] DEBUG GameScene            - Entity added to scene
11:23:08.616 [JavaFX Application Thread] DEBUG GameScene            - Added MainViewComponent
11:23:08.616 [JavaFX Application Thread] DEBUG GameScene            - Entity added to scene
11:23:08.616 [JavaFX Application Thread] DEBUG GameScene            - Added MainViewComponent
11:23:08.616 [JavaFX Application Thread] DEBUG GameScene            - Entity added to scene
11:23:08.616 [JavaFX Application Thread] DEBUG GameScene            - Added MainViewComponent
11:23:08.616 [JavaFX Application Thread] DEBUG GameScene            - Entity added to scene
11:23:08.616 [JavaFX Application Thread] DEBUG GameScene            - Added MainViewComponent
11:23:08.616 [JavaFX Application Thread] DEBUG GameScene            - Entity added to scene
11:23:08.616 [JavaFX Application Thread] DEBUG GameScene            - Added MainViewComponent
11:23:08.616 [JavaFX Application Thread] DEBUG GameScene            - Entity added to scene
11:23:08.617 [JavaFX Application Thread] DEBUG GameScene            - Added MainViewComponent
11:23:08.617 [JavaFX Application Thread] DEBUG GameScene            - Entity added to scene
11:23:08.617 [JavaFX Application Thread] DEBUG GameScene            - Added MainViewComponent
11:23:08.617 [JavaFX Application Thread] DEBUG GameScene            - Entity added to scene
11:23:08.617 [JavaFX Application Thread] DEBUG GameScene            - Added MainViewComponent
11:23:08.617 [JavaFX Application Thread] DEBUG GameScene            - Entity added to scene
11:23:08.617 [JavaFX Application Thread] DEBUG GameScene            - Added MainViewComponent
11:23:08.617 [JavaFX Application Thread] DEBUG GameScene            - Entity added to scene
11:23:08.617 [JavaFX Application Thread] DEBUG GameScene            - Added MainViewComponent
11:23:08.618 [JavaFX Application Thread] DEBUG GameScene            - Entity added to scene
11:23:08.618 [JavaFX Application Thread] DEBUG GameScene            - Added MainViewComponent
11:23:08.618 [JavaFX Application Thread] DEBUG GameScene            - Entity added to scene
11:23:08.618 [JavaFX Application Thread] DEBUG GameScene            - Added MainViewComponent
11:23:08.618 [JavaFX Application Thread] DEBUG GameScene            - Entity added to scene
11:23:08.618 [JavaFX Application Thread] DEBUG GameScene            - Added MainViewComponent
11:23:08.618 [JavaFX Application Thread] DEBUG GameScene            - Entity added to scene
11:23:08.618 [JavaFX Application Thread] DEBUG GameScene            - Added MainViewComponent
11:23:08.619 [JavaFX Application Thread] DEBUG GameScene            - Entity added to scene
11:23:08.619 [JavaFX Application Thread] DEBUG GameScene            - Added MainViewComponent
11:23:08.619 [JavaFX Application Thread] DEBUG GameScene            - Entity added to scene
11:23:08.619 [JavaFX Application Thread] DEBUG GameScene            - Added MainViewComponent
11:23:08.619 [JavaFX Application Thread] DEBUG GameScene            - Entity added to scene
11:23:08.619 [JavaFX Application Thread] DEBUG GameScene            - Added MainViewComponent
11:23:08.619 [JavaFX Application Thread] DEBUG GameScene            - Entity added to scene
11:23:08.619 [JavaFX Application Thread] DEBUG GameScene            - Added MainViewComponent
11:23:08.620 [JavaFX Application Thread] DEBUG GameScene            - Entity added to scene
11:23:08.620 [JavaFX Application Thread] DEBUG GameScene            - Added MainViewComponent
11:23:08.620 [JavaFX Application Thread] DEBUG GameScene            - Entity added to scene
11:23:08.620 [JavaFX Application Thread] DEBUG GameScene            - Added MainViewComponent
11:23:08.620 [JavaFX Application Thread] DEBUG GameScene            - Entity added to scene
11:23:08.620 [JavaFX Application Thread] DEBUG GameScene            - Added MainViewComponent
11:23:08.620 [JavaFX Application Thread] DEBUG GameScene            - Entity added to scene
11:23:08.620 [JavaFX Application Thread] DEBUG GameScene            - Added MainViewComponent
11:23:08.621 [JavaFX Application Thread] DEBUG GameScene            - Entity added to scene
11:23:08.621 [JavaFX Application Thread] DEBUG GameScene            - Added MainViewComponent
11:23:08.621 [JavaFX Application Thread] DEBUG GameScene            - Entity added to scene
11:23:08.621 [JavaFX Application Thread] DEBUG GameScene            - Added MainViewComponent
11:23:08.621 [JavaFX Application Thread] DEBUG GameScene            - Entity added to scene
11:23:08.621 [JavaFX Application Thread] DEBUG GameScene            - Added MainViewComponent
11:23:08.621 [JavaFX Application Thread] DEBUG GameScene            - Entity added to scene
11:23:08.621 [JavaFX Application Thread] DEBUG GameScene            - Added MainViewComponent
11:23:08.621 [JavaFX Application Thread] DEBUG GameScene            - Creating render group for layer: BACKGROUND(0)
11:23:10.664 [JavaFX Application Thread] DEBUG GameScene            - Entity removed from scene
11:23:10.665 [JavaFX Application Thread] DEBUG GameScene            - Removed MainViewComponent
11:23:11.035 [JavaFX Application Thread] DEBUG GameScene            - Entity removed from scene
11:23:11.035 [JavaFX Application Thread] DEBUG GameScene            - Removed MainViewComponent
11:23:11.170 [JavaFX Application Thread] DEBUG GameScene            - Entity removed from scene
11:23:11.170 [JavaFX Application Thread] DEBUG GameScene            - Removed MainViewComponent
11:23:11.501 [JavaFX Application Thread] DEBUG GameScene            - Entity removed from scene
11:23:11.501 [JavaFX Application Thread] DEBUG GameScene            - Removed MainViewComponent
11:23:11.645 [JavaFX Application Thread] DEBUG GameScene            - Entity removed from scene
11:23:11.645 [JavaFX Application Thread] DEBUG GameScene            - Removed MainViewComponent
11:23:11.771 [JavaFX Application Thread] DEBUG GameScene            - Entity removed from scene
11:23:11.771 [JavaFX Application Thread] DEBUG GameScene            - Removed MainViewComponent
11:23:11.900 [JavaFX Application Thread] DEBUG GameScene            - Entity removed from scene
11:23:11.900 [JavaFX Application Thread] DEBUG GameScene            - Removed MainViewComponent
11:23:12.017 [JavaFX Application Thread] DEBUG GameScene            - Entity removed from scene
11:23:12.017 [JavaFX Application Thread] DEBUG GameScene            - Removed MainViewComponent
11:23:12.157 [JavaFX Application Thread] DEBUG GameScene            - Entity removed from scene
11:23:12.157 [JavaFX Application Thread] DEBUG GameScene            - Removed MainViewComponent
11:23:12.285 [JavaFX Application Thread] DEBUG GameScene            - Entity removed from scene
11:23:12.285 [JavaFX Application Thread] DEBUG GameScene            - Removed MainViewComponent
11:23:12.417 [JavaFX Application Thread] DEBUG GameScene            - Entity removed from scene
11:23:12.417 [JavaFX Application Thread] DEBUG GameScene            - Removed MainViewComponent
11:23:12.538 [JavaFX Application Thread] DEBUG GameScene            - Entity removed from scene
11:23:12.538 [JavaFX Application Thread] DEBUG GameScene            - Removed MainViewComponent
11:23:12.667 [JavaFX Application Thread] DEBUG GameScene            - Entity removed from scene
11:23:12.667 [JavaFX Application Thread] DEBUG GameScene            - Removed MainViewComponent
11:23:12.795 [JavaFX Application Thread] DEBUG GameScene            - Entity removed from scene
11:23:12.795 [JavaFX Application Thread] DEBUG GameScene            - Removed MainViewComponent
11:23:13.132 [JavaFX Application Thread] FATAL FXGLExceptionHandler - Uncaught Exception:
11:23:13.133 [JavaFX Application Thread] FATAL FXGLExceptionHandler - 

Exception occurred: java.lang.NullPointerException : null
E: com.gamedesign.pacman.control.PlayerControl.onUpdate(PlayerControl.java:37)
E: com.almasb.ents.Entity.update(Entity.java:545)
E: com.almasb.ents.EntityWorld.update(EntityWorld.java:263)
E: com.almasb.fxgl.gameplay.GameWorld.onUpdateEvent(GameWorld.java:88)
E: com.almasb.fxgl.time.FXGLMasterTimer.handle(FXGLMasterTimer.kt:143)
E: javafx.animation.AnimationTimer$AnimationTimerReceiver.lambda$handle$485(AnimationTimer.java:57)
E: java.security.AccessController.doPrivileged(Native Method)
E: javafx.animation.AnimationTimer$AnimationTimerReceiver.handle(AnimationTimer.java:56)
E: com.sun.scenario.animation.AbstractMasterTimer.timePulseImpl(AbstractMasterTimer.java:357)
E: com.sun.scenario.animation.AbstractMasterTimer$MainLoop.run(AbstractMasterTimer.java:267)
E: com.sun.javafx.tk.quantum.QuantumToolkit.pulse(QuantumToolkit.java:506)
E: com.sun.javafx.tk.quantum.QuantumToolkit.pulse(QuantumToolkit.java:490)
E: com.sun.javafx.tk.quantum.QuantumToolkit.lambda$runToolkit$405(QuantumToolkit.java:319)
E: com.sun.glass.ui.InvokeLaterDispatcher$Future.run(InvokeLaterDispatcher.java:95)
E: com.sun.glass.ui.win.WinApplication._runLoop(Native Method)
E: com.sun.glass.ui.win.WinApplication.lambda$null$149(WinApplication.java:191)
E: java.lang.Thread.run(Thread.java:745)

11:23:13.133 [JavaFX Application Thread] FATAL FXGLExceptionHandler - Application will now exit
11:23:13.133 [JavaFX Application Thread] DEBUG FXGLInput            - Clearing active input actions
11:23:13.133 [JavaFX Application Thread] DEBUG FXGLMasterTimer      - Stopping master timer
11:23:13.133 [JavaFX Application Thread] DEBUG GameApplication      - State: PLAYING -> PAUSED
11:23:13.133 [JavaFX Application Thread] DEBUG FXGLEventBus         - Firing event: FXGLEvent[type=PAUSE]
11:24:03.143 [JavaFX Application Thread] DEBUG FXGLEventBus         - Firing event: FXGLEvent[type=EXIT]
11:24:03.144 [JavaFX Application Thread] DEBUG FXGL                 - Saving FXGL system data
11:24:03.145 [JavaFX Application Thread] DEBUG IOTask               - Executing task: writeDataTask(system/fxgl.bundle)
11:24:03.147 [JavaFX Application Thread] DEBUG FS                   - Writing to: system\fxgl.bundle
11:24:03.150 [JavaFX Application Thread] DEBUG IOTask               - Task succeeded: writeDataTask(system/fxgl.bundle)
