11:08:23.315 [FXGL Launcher Thread     ] DEBUG FXGLLoggerFactory    - Service [LoggerFactory] initialized
11:08:23.320 [FXGL Launcher Thread     ] DEBUG FXGL                 - FXGL configuration complete
11:08:23.320 [FXGL Launcher Thread     ] DEBUG FXGL                 - Loading FXGL system data
11:08:23.324 [FXGL Launcher Thread     ] DEBUG IOTask               - Executing task: readDataTask(system/fxgl.bundle)
11:08:23.326 [FXGL Launcher Thread     ] DEBUG FS                   - Reading from: system\fxgl.bundle
11:08:23.332 [FXGL Launcher Thread     ] DEBUG IOTask               - Task succeeded: readDataTask(system/fxgl.bundle)
11:08:23.332 [FXGL Launcher Thread     ] DEBUG Bundle               - Logging bundle: FXGL
11:08:23.333 [FXGL Launcher Thread     ] DEBUG Bundle               - FXGL.offline.timer.version.check=2017-01-18T11:24:23.393
11:08:23.350 [JavaFX Application Thread] DEBUG UpdaterTask          - Checking for updates
11:08:23.420 [JavaFX Application Thread] DEBUG FXGLEventBus         - Service [EventBus] initialized
11:08:23.422 [JavaFX Application Thread] DEBUG FXGLExecutor         - Service [Executor] initialized
11:08:23.424 [JavaFX Application Thread] DEBUG IOTask               - Showing dialog
11:08:23.426 [FXGL Background Thread 1 ] DEBUG IOTask               - Executing task: openStream(https://raw.githubusercontent.com/AlmasB/FXGL/master/pom.xml)
11:08:23.426 [FXGL Background Thread 1 ] DEBUG IOTask               - Executing task: openStream(https://raw.githubusercontent.com/AlmasB/FXGL/master/pom.xml)
11:08:23.963 [JavaFX Application Thread] DEBUG IOTask               - fail(): Dismissing dialog
11:08:23.964 [JavaFX Application Thread] WARN  IOTask               - Task failed: openStream(https://raw.githubusercontent.com/AlmasB/FXGL/master/pom.xml) Error: javax.net.ssl.SSLHandshakeException: sun.security.validator.ValidatorException: PKIX path building failed: sun.security.provider.certpath.SunCertPathBuilderException: unable to find valid certification path to requested target
11:08:23.964 [JavaFX Application Thread] WARN  UpdaterTask          - Failed to find updates: javax.net.ssl.SSLHandshakeException: sun.security.validator.ValidatorException: PKIX path building failed: sun.security.provider.certpath.SunCertPathBuilderException: unable to find valid certification path to requested target
11:08:29.314 [FXGL Launcher Thread     ] DEBUG GameApplication      - Configuring GameApplication
11:08:29.343 [FXGL Launcher Thread     ] DEBUG FXGLExceptionHandler - Service [ExceptionHandler] initialized
11:08:29.344 [FXGL Launcher Thread     ] DEBUG PreInitTask          - Injecting gameWorld & physicsWorld
11:08:29.360 [FXGL Launcher Thread     ] DEBUG GameWorld            - Game world initialized
11:08:29.455 [FXGL Launcher Thread     ] DEBUG FXGLPooler           - Service [Pooler] initialized with default size = 128
11:08:29.456 [FXGL Launcher Thread     ] DEBUG PhysicsWorld         - Physics world initialized: appHeight=840.0, physics.ppm=50.0
11:08:29.477 [FXGL Launcher Thread     ] DEBUG FXGLInput            - Service [Input] initialized
11:08:29.505 [FXGL Launcher Thread     ] DEBUG FXGLInput            - Registered new binding: Screenshot - P
11:08:29.505 [FXGL Launcher Thread     ] DEBUG FXGLInput            - Registered new binding: Dev Options - CTRL+0
11:08:29.512 [FXGL Launcher Thread     ] DEBUG FXGLInput            - Registered new binding: Up - W
11:08:29.512 [FXGL Launcher Thread     ] DEBUG FXGLInput            - Registered new binding: Left - A
11:08:29.512 [FXGL Launcher Thread     ] DEBUG FXGLInput            - Registered new binding: Down - S
11:08:29.513 [FXGL Launcher Thread     ] DEBUG FXGLInput            - Registered new binding: Right - D
11:08:29.544 [FXGL Launcher Thread     ] DEBUG GameScene            - Game scene initialized: 960.0x840.0
11:08:29.551 [FXGL Launcher Thread     ] DEBUG FXGLAssetLoader      - Service [AssetLoader] initialized: cacheSize=35
11:08:29.555 [FXGL Launcher Thread     ] DEBUG FXGLAssetLoader      - Loading from disk: /assets/sounds/system/notification.wav
11:08:29.585 [FXGL Launcher Thread     ] DEBUG FXGLAssetLoader      - Loading from disk: /assets/sounds/menu/select.wav
11:08:29.588 [FXGL Launcher Thread     ] DEBUG FXGLAssetLoader      - Loading from disk: /assets/sounds/menu/back.wav
11:08:29.593 [FXGL Launcher Thread     ] DEBUG FXGLAssetLoader      - Loading from disk: /assets/sounds/menu/press.wav
11:08:29.596 [FXGL Launcher Thread     ] DEBUG FXGLAssetLoader      - Loading from disk: /assets/ui/fonts/Copperplate_Gothic_Light_Regular.ttf
11:08:29.606 [FXGL Launcher Thread     ] DEBUG FXGLAssetLoader      - Loading from disk: /assets/ui/css/fxgl.css
11:08:29.606 [FXGL Launcher Thread     ] DEBUG FXGLAssetLoader      - Loading from disk: /assets/ui/icons/fxgl_icon.png
11:08:29.645 [FXGL Launcher Thread     ] DEBUG FXGLAssetLoader      - Loading from disk: /assets/ui/css/fxgl_dark.css
11:08:29.663 [FXGL Launcher Thread     ] DEBUG FXGLDisplay          - Target size: DoubleProperty [value: 960.0] x DoubleProperty [value: 840.0] @ 1.0
11:08:29.663 [FXGL Launcher Thread     ] DEBUG FXGLDisplay          - New size:    960.0 x 840.0 @ DoubleProperty [value: 1.0]
11:08:29.664 [FXGL Launcher Thread     ] DEBUG FXGLDisplay          - Service [Display] initialized
11:08:29.664 [FXGL Launcher Thread     ] DEBUG FXGLDisplay          - Using CSS: CSS(externalForm=jar:file:/C:/Computer%20Science/Game%20Design/3rd/Pacman/lib/fxgl-0.2.9-uber.jar!/assets/ui/css/fxgl_dark.css)
11:08:29.665 [FXGL Launcher Thread     ] DEBUG InitScenesTask       - Injecting loadingScene & gameScene
11:08:29.695 [FXGL Launcher Thread     ] DEBUG FXGLMasterTimer      - Service [MasterTimer] initialized
11:08:29.699 [FXGL Launcher Thread     ] DEBUG FXGLAudioPlayer      - Service [AudioPlayer] initialized
11:08:29.711 [FXGL Launcher Thread     ] DEBUG GameApplication      - Starting new game
11:08:29.712 [FXGL Launcher Thread     ] DEBUG GameApplication      - Initializing App
11:08:29.714 [FXGL Launcher Thread     ] DEBUG FXGLInput            - Clearing active input actions
11:08:29.714 [FXGL Launcher Thread     ] DEBUG FXGLMasterTimer      - Stopping master timer
11:08:29.715 [FXGL Launcher Thread     ] DEBUG GameApplication      - State: STARTUP -> PAUSED
11:08:29.716 [FXGL Launcher Thread     ] DEBUG FXGLEventBus         - Firing event: FXGLEvent[type=PAUSE]
11:08:29.717 [FXGL Launcher Thread     ] DEBUG FXGLInput            - Clearing active input actions
11:08:29.717 [FXGL Launcher Thread     ] DEBUG FXGLMasterTimer      - Resetting ticks and clearing all actions
11:08:29.717 [FXGL Launcher Thread     ] DEBUG GameWorld            - Resetting game world
11:08:29.717 [FXGL Launcher Thread     ] TRACE EntityWorld          - Resetting entity world
11:08:29.720 [FXGL Launcher Thread     ] DEBUG PhysicsWorld         - Resetting physics world
11:08:29.721 [FXGL Launcher Thread     ] DEBUG GameScene            - Resetting game scene
11:08:29.721 [FXGL Launcher Thread     ] DEBUG FXGLEventBus         - Firing event: FXGLEvent[type=RESET]
11:08:29.805 [FXGL Launcher Thread     ] DEBUG GameApplication      - State: PAUSED -> LOADING
11:08:29.860 [FXGL Background Thread 1 ] DEBUG InitAppTask          - Initializing Assets
11:08:29.861 [FXGL Background Thread 1 ] DEBUG InitAppTask          - Initializing Game
11:08:29.871 [FXGL Background Thread 1 ] DEBUG FXGLAssetLoader      - Loading from disk: /assets/text/level.txt
11:08:29.902 [JavaFX Application Thread] DEBUG FXGLDisplay          - Showing stage
11:08:29.902 [JavaFX Application Thread] DEBUG FXGLDisplay          - Root size: 960.0x840.0
11:08:29.902 [JavaFX Application Thread] DEBUG FXGLDisplay          - Scene size: 960.0x840.0
11:08:29.902 [JavaFX Application Thread] DEBUG FXGLDisplay          - Stage size: 978.0x885.0
11:08:30.323 [FXGL Background Thread 1 ] DEBUG GameWorld            - Resetting game world
11:08:30.323 [FXGL Background Thread 1 ] TRACE EntityWorld          - Resetting entity world
11:08:30.323 [FXGL Background Thread 1 ] DEBUG PhysicsWorld         - Resetting physics world
11:08:30.323 [FXGL Background Thread 1 ] DEBUG GameScene            - Resetting game scene
11:08:30.324 [FXGL Background Thread 1 ] DEBUG GameWorld            - Setting level: com.almasb.fxgl.gameplay.Level@298a7d86
11:08:30.325 [FXGL Background Thread 1 ] DEBUG InitAppTask          - Initializing Physics
11:08:30.326 [FXGL Background Thread 1 ] DEBUG InitAppTask          - Initializing UI
11:08:30.327 [FXGL Background Thread 1 ] DEBUG FXGLAssetLoader      - Loading from disk: /assets/ui/pacman_ui.fxml
11:08:30.389 [FXGL Background Thread 1 ] DEBUG GameScene            - Adding UI node: Pane@31828af4
11:08:30.389 [FXGL Background Thread 1 ] DEBUG InitAppTask          - Initialization Complete
11:08:30.392 [JavaFX Application Thread] DEBUG FXGLInput            - Clearing active input actions
11:08:30.393 [JavaFX Application Thread] DEBUG FXGLMasterTimer      - Starting master timer
11:08:30.393 [JavaFX Application Thread] DEBUG GameApplication      - State: LOADING -> PLAYING
11:08:30.402 [JavaFX Application Thread] DEBUG FXGLEventBus         - Firing event: FXGLEvent[type=RESUME]
11:08:30.411 [JavaFX Application Thread] DEBUG GameScene            - Entity added to scene
11:08:30.412 [JavaFX Application Thread] DEBUG GameScene            - Added MainViewComponent
11:08:30.416 [JavaFX Application Thread] DEBUG GameScene            - Creating render group for layer: PLAYGROUND(1073741823)
11:08:30.419 [JavaFX Application Thread] DEBUG GameScene            - Entity added to scene
11:08:30.420 [JavaFX Application Thread] DEBUG GameScene            - Added MainViewComponent
11:08:30.420 [JavaFX Application Thread] DEBUG GameScene            - Entity added to scene
11:08:30.420 [JavaFX Application Thread] DEBUG GameScene            - Added MainViewComponent
11:08:30.421 [JavaFX Application Thread] DEBUG GameScene            - Entity added to scene
11:08:30.421 [JavaFX Application Thread] DEBUG GameScene            - Added MainViewComponent
11:08:30.421 [JavaFX Application Thread] DEBUG GameScene            - Entity added to scene
11:08:30.421 [JavaFX Application Thread] DEBUG GameScene            - Added MainViewComponent
11:08:30.422 [JavaFX Application Thread] DEBUG GameScene            - Entity added to scene
11:08:30.422 [JavaFX Application Thread] DEBUG GameScene            - Added MainViewComponent
11:08:30.422 [JavaFX Application Thread] DEBUG GameScene            - Entity added to scene
11:08:30.423 [JavaFX Application Thread] DEBUG GameScene            - Added MainViewComponent
11:08:30.423 [JavaFX Application Thread] DEBUG GameScene            - Entity added to scene
11:08:30.423 [JavaFX Application Thread] DEBUG GameScene            - Added MainViewComponent
11:08:30.424 [JavaFX Application Thread] DEBUG GameScene            - Entity added to scene
11:08:30.424 [JavaFX Application Thread] DEBUG GameScene            - Added MainViewComponent
11:08:30.424 [JavaFX Application Thread] DEBUG GameScene            - Entity added to scene
11:08:30.424 [JavaFX Application Thread] DEBUG GameScene            - Added MainViewComponent
11:08:30.425 [JavaFX Application Thread] DEBUG GameScene            - Entity added to scene
11:08:30.425 [JavaFX Application Thread] DEBUG GameScene            - Added MainViewComponent
11:08:30.425 [JavaFX Application Thread] DEBUG GameScene            - Entity added to scene
11:08:30.425 [JavaFX Application Thread] DEBUG GameScene            - Added MainViewComponent
11:08:30.426 [JavaFX Application Thread] DEBUG GameScene            - Entity added to scene
11:08:30.426 [JavaFX Application Thread] DEBUG GameScene            - Added MainViewComponent
11:08:30.426 [JavaFX Application Thread] DEBUG GameScene            - Entity added to scene
11:08:30.426 [JavaFX Application Thread] DEBUG GameScene            - Added MainViewComponent
11:08:30.427 [JavaFX Application Thread] DEBUG GameScene            - Entity added to scene
11:08:30.427 [JavaFX Application Thread] DEBUG GameScene            - Added MainViewComponent
11:08:30.427 [JavaFX Application Thread] DEBUG GameScene            - Entity added to scene
11:08:30.427 [JavaFX Application Thread] DEBUG GameScene            - Added MainViewComponent
11:08:30.427 [JavaFX Application Thread] DEBUG GameScene            - Entity added to scene
11:08:30.428 [JavaFX Application Thread] DEBUG GameScene            - Added MainViewComponent
11:08:30.428 [JavaFX Application Thread] DEBUG GameScene            - Entity added to scene
11:08:30.428 [JavaFX Application Thread] DEBUG GameScene            - Added MainViewComponent
11:08:30.428 [JavaFX Application Thread] DEBUG GameScene            - Entity added to scene
11:08:30.428 [JavaFX Application Thread] DEBUG GameScene            - Added MainViewComponent
11:08:30.429 [JavaFX Application Thread] DEBUG GameScene            - Entity added to scene
11:08:30.429 [JavaFX Application Thread] DEBUG GameScene            - Added MainViewComponent
11:08:30.429 [JavaFX Application Thread] DEBUG GameScene            - Entity added to scene
11:08:30.429 [JavaFX Application Thread] DEBUG GameScene            - Added MainViewComponent
11:08:30.429 [JavaFX Application Thread] DEBUG GameScene            - Entity added to scene
11:08:30.430 [JavaFX Application Thread] DEBUG GameScene            - Added MainViewComponent
11:08:30.430 [JavaFX Application Thread] DEBUG GameScene            - Entity added to scene
11:08:30.430 [JavaFX Application Thread] DEBUG GameScene            - Added MainViewComponent
11:08:30.430 [JavaFX Application Thread] DEBUG GameScene            - Entity added to scene
11:08:30.430 [JavaFX Application Thread] DEBUG GameScene            - Added MainViewComponent
11:08:30.431 [JavaFX Application Thread] DEBUG GameScene            - Entity added to scene
11:08:30.431 [JavaFX Application Thread] DEBUG GameScene            - Added MainViewComponent
11:08:30.431 [JavaFX Application Thread] DEBUG GameScene            - Entity added to scene
11:08:30.431 [JavaFX Application Thread] DEBUG GameScene            - Added MainViewComponent
11:08:30.431 [JavaFX Application Thread] DEBUG GameScene            - Entity added to scene
11:08:30.432 [JavaFX Application Thread] DEBUG GameScene            - Added MainViewComponent
11:08:30.432 [JavaFX Application Thread] DEBUG GameScene            - Entity added to scene
11:08:30.432 [JavaFX Application Thread] DEBUG GameScene            - Added MainViewComponent
11:08:30.432 [JavaFX Application Thread] DEBUG GameScene            - Entity added to scene
11:08:30.432 [JavaFX Application Thread] DEBUG GameScene            - Added MainViewComponent
11:08:30.433 [JavaFX Application Thread] DEBUG GameScene            - Entity added to scene
11:08:30.433 [JavaFX Application Thread] DEBUG GameScene            - Added MainViewComponent
11:08:30.433 [JavaFX Application Thread] DEBUG GameScene            - Entity added to scene
11:08:30.433 [JavaFX Application Thread] DEBUG GameScene            - Added MainViewComponent
11:08:30.433 [JavaFX Application Thread] DEBUG GameScene            - Entity added to scene
11:08:30.433 [JavaFX Application Thread] DEBUG GameScene            - Added MainViewComponent
11:08:30.433 [JavaFX Application Thread] DEBUG GameScene            - Entity added to scene
11:08:30.434 [JavaFX Application Thread] DEBUG GameScene            - Added MainViewComponent
11:08:30.434 [JavaFX Application Thread] DEBUG GameScene            - Entity added to scene
11:08:30.434 [JavaFX Application Thread] DEBUG GameScene            - Added MainViewComponent
11:08:30.434 [JavaFX Application Thread] DEBUG GameScene            - Entity added to scene
11:08:30.434 [JavaFX Application Thread] DEBUG GameScene            - Added MainViewComponent
11:08:30.434 [JavaFX Application Thread] DEBUG GameScene            - Entity added to scene
11:08:30.435 [JavaFX Application Thread] DEBUG GameScene            - Added MainViewComponent
11:08:30.435 [JavaFX Application Thread] DEBUG GameScene            - Entity added to scene
11:08:30.435 [JavaFX Application Thread] DEBUG GameScene            - Added MainViewComponent
11:08:30.435 [JavaFX Application Thread] DEBUG GameScene            - Entity added to scene
11:08:30.435 [JavaFX Application Thread] DEBUG GameScene            - Added MainViewComponent
11:08:30.436 [JavaFX Application Thread] DEBUG GameScene            - Entity added to scene
11:08:30.436 [JavaFX Application Thread] DEBUG GameScene            - Added MainViewComponent
11:08:30.436 [JavaFX Application Thread] DEBUG GameScene            - Entity added to scene
11:08:30.436 [JavaFX Application Thread] DEBUG GameScene            - Added MainViewComponent
11:08:30.436 [JavaFX Application Thread] DEBUG GameScene            - Entity added to scene
11:08:30.436 [JavaFX Application Thread] DEBUG GameScene            - Added MainViewComponent
11:08:30.437 [JavaFX Application Thread] DEBUG GameScene            - Entity added to scene
11:08:30.437 [JavaFX Application Thread] DEBUG GameScene            - Added MainViewComponent
11:08:30.437 [JavaFX Application Thread] DEBUG GameScene            - Entity added to scene
11:08:30.437 [JavaFX Application Thread] DEBUG GameScene            - Added MainViewComponent
11:08:30.437 [JavaFX Application Thread] DEBUG GameScene            - Entity added to scene
11:08:30.438 [JavaFX Application Thread] DEBUG GameScene            - Added MainViewComponent
11:08:30.438 [JavaFX Application Thread] DEBUG GameScene            - Entity added to scene
11:08:30.438 [JavaFX Application Thread] DEBUG GameScene            - Added MainViewComponent
11:08:30.438 [JavaFX Application Thread] DEBUG GameScene            - Entity added to scene
11:08:30.438 [JavaFX Application Thread] DEBUG GameScene            - Added MainViewComponent
11:08:30.439 [JavaFX Application Thread] DEBUG GameScene            - Entity added to scene
11:08:30.439 [JavaFX Application Thread] DEBUG GameScene            - Added MainViewComponent
11:08:30.440 [JavaFX Application Thread] DEBUG GameScene            - Entity added to scene
11:08:30.440 [JavaFX Application Thread] DEBUG GameScene            - Added MainViewComponent
11:08:30.441 [JavaFX Application Thread] DEBUG GameScene            - Entity added to scene
11:08:30.441 [JavaFX Application Thread] DEBUG GameScene            - Added MainViewComponent
11:08:30.441 [JavaFX Application Thread] DEBUG GameScene            - Entity added to scene
11:08:30.441 [JavaFX Application Thread] DEBUG GameScene            - Added MainViewComponent
11:08:30.442 [JavaFX Application Thread] DEBUG GameScene            - Entity added to scene
11:08:30.442 [JavaFX Application Thread] DEBUG GameScene            - Added MainViewComponent
11:08:30.442 [JavaFX Application Thread] DEBUG GameScene            - Entity added to scene
11:08:30.442 [JavaFX Application Thread] DEBUG GameScene            - Added MainViewComponent
11:08:30.443 [JavaFX Application Thread] DEBUG GameScene            - Entity added to scene
11:08:30.443 [JavaFX Application Thread] DEBUG GameScene            - Added MainViewComponent
11:08:30.443 [JavaFX Application Thread] DEBUG GameScene            - Entity added to scene
11:08:30.443 [JavaFX Application Thread] DEBUG GameScene            - Added MainViewComponent
11:08:30.443 [JavaFX Application Thread] DEBUG GameScene            - Entity added to scene
11:08:30.443 [JavaFX Application Thread] DEBUG GameScene            - Added MainViewComponent
11:08:30.444 [JavaFX Application Thread] DEBUG GameScene            - Entity added to scene
11:08:30.444 [JavaFX Application Thread] DEBUG GameScene            - Added MainViewComponent
11:08:30.444 [JavaFX Application Thread] DEBUG GameScene            - Entity added to scene
11:08:30.444 [JavaFX Application Thread] DEBUG GameScene            - Added MainViewComponent
11:08:30.444 [JavaFX Application Thread] DEBUG GameScene            - Entity added to scene
11:08:30.444 [JavaFX Application Thread] DEBUG GameScene            - Added MainViewComponent
11:08:30.445 [JavaFX Application Thread] DEBUG GameScene            - Entity added to scene
11:08:30.445 [JavaFX Application Thread] DEBUG GameScene            - Added MainViewComponent
11:08:30.445 [JavaFX Application Thread] DEBUG GameScene            - Entity added to scene
11:08:30.445 [JavaFX Application Thread] DEBUG GameScene            - Added MainViewComponent
11:08:30.445 [JavaFX Application Thread] DEBUG GameScene            - Entity added to scene
11:08:30.445 [JavaFX Application Thread] DEBUG GameScene            - Added MainViewComponent
11:08:30.445 [JavaFX Application Thread] DEBUG GameScene            - Entity added to scene
11:08:30.445 [JavaFX Application Thread] DEBUG GameScene            - Added MainViewComponent
11:08:30.446 [JavaFX Application Thread] DEBUG GameScene            - Entity added to scene
11:08:30.446 [JavaFX Application Thread] DEBUG GameScene            - Added MainViewComponent
11:08:30.446 [JavaFX Application Thread] DEBUG GameScene            - Entity added to scene
11:08:30.446 [JavaFX Application Thread] DEBUG GameScene            - Added MainViewComponent
11:08:30.446 [JavaFX Application Thread] DEBUG GameScene            - Entity added to scene
11:08:30.446 [JavaFX Application Thread] DEBUG GameScene            - Added MainViewComponent
11:08:30.447 [JavaFX Application Thread] DEBUG GameScene            - Entity added to scene
11:08:30.447 [JavaFX Application Thread] DEBUG GameScene            - Added MainViewComponent
11:08:30.447 [JavaFX Application Thread] DEBUG GameScene            - Entity added to scene
11:08:30.447 [JavaFX Application Thread] DEBUG GameScene            - Added MainViewComponent
11:08:30.447 [JavaFX Application Thread] DEBUG GameScene            - Entity added to scene
11:08:30.447 [JavaFX Application Thread] DEBUG GameScene            - Added MainViewComponent
11:08:30.447 [JavaFX Application Thread] DEBUG GameScene            - Entity added to scene
11:08:30.448 [JavaFX Application Thread] DEBUG GameScene            - Added MainViewComponent
11:08:30.448 [JavaFX Application Thread] DEBUG GameScene            - Entity added to scene
11:08:30.449 [JavaFX Application Thread] DEBUG GameScene            - Added MainViewComponent
11:08:30.449 [JavaFX Application Thread] DEBUG GameScene            - Entity added to scene
11:08:30.449 [JavaFX Application Thread] DEBUG GameScene            - Added MainViewComponent
11:08:30.450 [JavaFX Application Thread] DEBUG GameScene            - Entity added to scene
11:08:30.450 [JavaFX Application Thread] DEBUG GameScene            - Added MainViewComponent
11:08:30.451 [JavaFX Application Thread] DEBUG GameScene            - Entity added to scene
11:08:30.451 [JavaFX Application Thread] DEBUG GameScene            - Added MainViewComponent
11:08:30.451 [JavaFX Application Thread] DEBUG GameScene            - Entity added to scene
11:08:30.451 [JavaFX Application Thread] DEBUG GameScene            - Added MainViewComponent
11:08:30.451 [JavaFX Application Thread] DEBUG GameScene            - Entity added to scene
11:08:30.452 [JavaFX Application Thread] DEBUG GameScene            - Added MainViewComponent
11:08:30.452 [JavaFX Application Thread] DEBUG GameScene            - Entity added to scene
11:08:30.452 [JavaFX Application Thread] DEBUG GameScene            - Added MainViewComponent
11:08:30.452 [JavaFX Application Thread] DEBUG GameScene            - Entity added to scene
11:08:30.453 [JavaFX Application Thread] DEBUG GameScene            - Added MainViewComponent
11:08:30.456 [JavaFX Application Thread] DEBUG GameScene            - Entity added to scene
11:08:30.456 [JavaFX Application Thread] DEBUG GameScene            - Added MainViewComponent
11:08:30.456 [JavaFX Application Thread] DEBUG GameScene            - Entity added to scene
11:08:30.457 [JavaFX Application Thread] DEBUG GameScene            - Added MainViewComponent
11:08:30.457 [JavaFX Application Thread] DEBUG GameScene            - Entity added to scene
11:08:30.457 [JavaFX Application Thread] DEBUG GameScene            - Added MainViewComponent
11:08:30.458 [JavaFX Application Thread] DEBUG GameScene            - Entity added to scene
11:08:30.458 [JavaFX Application Thread] DEBUG GameScene            - Added MainViewComponent
11:08:30.459 [JavaFX Application Thread] DEBUG GameScene            - Entity added to scene
11:08:30.459 [JavaFX Application Thread] DEBUG GameScene            - Added MainViewComponent
11:08:30.460 [JavaFX Application Thread] DEBUG GameScene            - Entity added to scene
11:08:30.460 [JavaFX Application Thread] DEBUG GameScene            - Added MainViewComponent
11:08:30.461 [JavaFX Application Thread] DEBUG GameScene            - Entity added to scene
11:08:30.461 [JavaFX Application Thread] DEBUG GameScene            - Added MainViewComponent
11:08:30.461 [JavaFX Application Thread] DEBUG GameScene            - Entity added to scene
11:08:30.461 [JavaFX Application Thread] DEBUG GameScene            - Added MainViewComponent
11:08:30.461 [JavaFX Application Thread] DEBUG GameScene            - Entity added to scene
11:08:30.462 [JavaFX Application Thread] DEBUG GameScene            - Added MainViewComponent
11:08:30.462 [JavaFX Application Thread] DEBUG GameScene            - Entity added to scene
11:08:30.462 [JavaFX Application Thread] DEBUG GameScene            - Added MainViewComponent
11:08:30.462 [JavaFX Application Thread] DEBUG GameScene            - Entity added to scene
11:08:30.463 [JavaFX Application Thread] DEBUG GameScene            - Added MainViewComponent
11:08:30.464 [JavaFX Application Thread] DEBUG GameScene            - Entity added to scene
11:08:30.464 [JavaFX Application Thread] DEBUG GameScene            - Added MainViewComponent
11:08:30.464 [JavaFX Application Thread] DEBUG GameScene            - Entity added to scene
11:08:30.464 [JavaFX Application Thread] DEBUG GameScene            - Added MainViewComponent
11:08:30.464 [JavaFX Application Thread] DEBUG GameScene            - Entity added to scene
11:08:30.464 [JavaFX Application Thread] DEBUG GameScene            - Added MainViewComponent
11:08:30.465 [JavaFX Application Thread] DEBUG GameScene            - Entity added to scene
11:08:30.465 [JavaFX Application Thread] DEBUG GameScene            - Added MainViewComponent
11:08:30.465 [JavaFX Application Thread] DEBUG GameScene            - Entity added to scene
11:08:30.465 [JavaFX Application Thread] DEBUG GameScene            - Added MainViewComponent
11:08:30.465 [JavaFX Application Thread] DEBUG GameScene            - Entity added to scene
11:08:30.465 [JavaFX Application Thread] DEBUG GameScene            - Added MainViewComponent
11:08:30.466 [JavaFX Application Thread] DEBUG GameScene            - Entity added to scene
11:08:30.466 [JavaFX Application Thread] DEBUG GameScene            - Added MainViewComponent
11:08:30.466 [JavaFX Application Thread] DEBUG GameScene            - Entity added to scene
11:08:30.466 [JavaFX Application Thread] DEBUG GameScene            - Added MainViewComponent
11:08:30.467 [JavaFX Application Thread] DEBUG GameScene            - Entity added to scene
11:08:30.467 [JavaFX Application Thread] DEBUG GameScene            - Added MainViewComponent
11:08:30.467 [JavaFX Application Thread] DEBUG GameScene            - Entity added to scene
11:08:30.467 [JavaFX Application Thread] DEBUG GameScene            - Added MainViewComponent
11:08:30.468 [JavaFX Application Thread] DEBUG GameScene            - Entity added to scene
11:08:30.468 [JavaFX Application Thread] DEBUG GameScene            - Added MainViewComponent
11:08:30.468 [JavaFX Application Thread] DEBUG GameScene            - Entity added to scene
11:08:30.468 [JavaFX Application Thread] DEBUG GameScene            - Added MainViewComponent
11:08:30.468 [JavaFX Application Thread] DEBUG GameScene            - Entity added to scene
11:08:30.469 [JavaFX Application Thread] DEBUG GameScene            - Added MainViewComponent
11:08:30.469 [JavaFX Application Thread] DEBUG GameScene            - Entity added to scene
11:08:30.469 [JavaFX Application Thread] DEBUG GameScene            - Added MainViewComponent
11:08:30.469 [JavaFX Application Thread] DEBUG GameScene            - Entity added to scene
11:08:30.470 [JavaFX Application Thread] DEBUG GameScene            - Added MainViewComponent
11:08:30.470 [JavaFX Application Thread] DEBUG GameScene            - Entity added to scene
11:08:30.470 [JavaFX Application Thread] DEBUG GameScene            - Added MainViewComponent
11:08:30.470 [JavaFX Application Thread] DEBUG GameScene            - Entity added to scene
11:08:30.470 [JavaFX Application Thread] DEBUG GameScene            - Added MainViewComponent
11:08:30.471 [JavaFX Application Thread] DEBUG GameScene            - Entity added to scene
11:08:30.471 [JavaFX Application Thread] DEBUG GameScene            - Added MainViewComponent
11:08:30.471 [JavaFX Application Thread] DEBUG GameScene            - Entity added to scene
11:08:30.471 [JavaFX Application Thread] DEBUG GameScene            - Added MainViewComponent
11:08:30.472 [JavaFX Application Thread] DEBUG GameScene            - Entity added to scene
11:08:30.472 [JavaFX Application Thread] DEBUG GameScene            - Added MainViewComponent
11:08:30.472 [JavaFX Application Thread] DEBUG GameScene            - Entity added to scene
11:08:30.472 [JavaFX Application Thread] DEBUG GameScene            - Added MainViewComponent
11:08:30.472 [JavaFX Application Thread] DEBUG GameScene            - Entity added to scene
11:08:30.472 [JavaFX Application Thread] DEBUG GameScene            - Added MainViewComponent
11:08:30.473 [JavaFX Application Thread] DEBUG GameScene            - Entity added to scene
11:08:30.473 [JavaFX Application Thread] DEBUG GameScene            - Added MainViewComponent
11:08:30.474 [JavaFX Application Thread] DEBUG GameScene            - Entity added to scene
11:08:30.474 [JavaFX Application Thread] DEBUG GameScene            - Added MainViewComponent
11:08:30.474 [JavaFX Application Thread] DEBUG GameScene            - Entity added to scene
11:08:30.474 [JavaFX Application Thread] DEBUG GameScene            - Added MainViewComponent
11:08:30.474 [JavaFX Application Thread] DEBUG GameScene            - Entity added to scene
11:08:30.475 [JavaFX Application Thread] DEBUG GameScene            - Added MainViewComponent
11:08:30.475 [JavaFX Application Thread] DEBUG GameScene            - Entity added to scene
11:08:30.475 [JavaFX Application Thread] DEBUG GameScene            - Added MainViewComponent
11:08:30.475 [JavaFX Application Thread] DEBUG GameScene            - Entity added to scene
11:08:30.475 [JavaFX Application Thread] DEBUG GameScene            - Added MainViewComponent
11:08:30.476 [JavaFX Application Thread] DEBUG GameScene            - Entity added to scene
11:08:30.476 [JavaFX Application Thread] DEBUG GameScene            - Added MainViewComponent
11:08:30.476 [JavaFX Application Thread] DEBUG GameScene            - Entity added to scene
11:08:30.476 [JavaFX Application Thread] DEBUG GameScene            - Added MainViewComponent
11:08:30.477 [JavaFX Application Thread] DEBUG GameScene            - Entity added to scene
11:08:30.480 [JavaFX Application Thread] DEBUG GameScene            - Added MainViewComponent
11:08:30.481 [JavaFX Application Thread] DEBUG GameScene            - Entity added to scene
11:08:30.481 [JavaFX Application Thread] DEBUG GameScene            - Added MainViewComponent
11:08:30.481 [JavaFX Application Thread] DEBUG GameScene            - Entity added to scene
11:08:30.481 [JavaFX Application Thread] DEBUG GameScene            - Added MainViewComponent
11:08:30.481 [JavaFX Application Thread] DEBUG GameScene            - Entity added to scene
11:08:30.482 [JavaFX Application Thread] DEBUG GameScene            - Added MainViewComponent
11:08:30.482 [JavaFX Application Thread] DEBUG GameScene            - Entity added to scene
11:08:30.482 [JavaFX Application Thread] DEBUG GameScene            - Added MainViewComponent
11:08:30.482 [JavaFX Application Thread] DEBUG GameScene            - Entity added to scene
11:08:30.482 [JavaFX Application Thread] DEBUG GameScene            - Added MainViewComponent
11:08:30.483 [JavaFX Application Thread] DEBUG GameScene            - Entity added to scene
11:08:30.483 [JavaFX Application Thread] DEBUG GameScene            - Added MainViewComponent
11:08:30.483 [JavaFX Application Thread] DEBUG GameScene            - Entity added to scene
11:08:30.483 [JavaFX Application Thread] DEBUG GameScene            - Added MainViewComponent
11:08:30.484 [JavaFX Application Thread] DEBUG GameScene            - Entity added to scene
11:08:30.484 [JavaFX Application Thread] DEBUG GameScene            - Added MainViewComponent
11:08:30.484 [JavaFX Application Thread] DEBUG GameScene            - Entity added to scene
11:08:30.484 [JavaFX Application Thread] DEBUG GameScene            - Added MainViewComponent
11:08:30.485 [JavaFX Application Thread] DEBUG GameScene            - Entity added to scene
11:08:30.485 [JavaFX Application Thread] DEBUG GameScene            - Added MainViewComponent
11:08:30.485 [JavaFX Application Thread] DEBUG GameScene            - Entity added to scene
11:08:30.486 [JavaFX Application Thread] DEBUG GameScene            - Added MainViewComponent
11:08:30.486 [JavaFX Application Thread] DEBUG GameScene            - Entity added to scene
11:08:30.486 [JavaFX Application Thread] DEBUG GameScene            - Added MainViewComponent
11:08:30.486 [JavaFX Application Thread] DEBUG GameScene            - Entity added to scene
11:08:30.486 [JavaFX Application Thread] DEBUG GameScene            - Added MainViewComponent
11:08:30.487 [JavaFX Application Thread] DEBUG GameScene            - Entity added to scene
11:08:30.487 [JavaFX Application Thread] DEBUG GameScene            - Added MainViewComponent
11:08:30.487 [JavaFX Application Thread] DEBUG GameScene            - Entity added to scene
11:08:30.487 [JavaFX Application Thread] DEBUG GameScene            - Added MainViewComponent
11:08:30.487 [JavaFX Application Thread] DEBUG GameScene            - Entity added to scene
11:08:30.488 [JavaFX Application Thread] DEBUG GameScene            - Added MainViewComponent
11:08:30.488 [JavaFX Application Thread] DEBUG GameScene            - Entity added to scene
11:08:30.488 [JavaFX Application Thread] DEBUG GameScene            - Added MainViewComponent
11:08:30.489 [JavaFX Application Thread] DEBUG GameScene            - Entity added to scene
11:08:30.489 [JavaFX Application Thread] DEBUG GameScene            - Added MainViewComponent
11:08:30.489 [JavaFX Application Thread] DEBUG GameScene            - Entity added to scene
11:08:30.489 [JavaFX Application Thread] DEBUG GameScene            - Added MainViewComponent
11:08:30.489 [JavaFX Application Thread] DEBUG GameScene            - Entity added to scene
11:08:30.489 [JavaFX Application Thread] DEBUG GameScene            - Added MainViewComponent
11:08:30.490 [JavaFX Application Thread] DEBUG GameScene            - Entity added to scene
11:08:30.490 [JavaFX Application Thread] DEBUG GameScene            - Added MainViewComponent
11:08:30.490 [JavaFX Application Thread] DEBUG GameScene            - Entity added to scene
11:08:30.490 [JavaFX Application Thread] DEBUG GameScene            - Added MainViewComponent
11:08:30.490 [JavaFX Application Thread] DEBUG GameScene            - Entity added to scene
11:08:30.491 [JavaFX Application Thread] DEBUG GameScene            - Added MainViewComponent
11:08:30.491 [JavaFX Application Thread] DEBUG GameScene            - Entity added to scene
11:08:30.491 [JavaFX Application Thread] DEBUG GameScene            - Added MainViewComponent
11:08:30.492 [JavaFX Application Thread] DEBUG GameScene            - Entity added to scene
11:08:30.492 [JavaFX Application Thread] DEBUG GameScene            - Added MainViewComponent
11:08:30.492 [JavaFX Application Thread] DEBUG GameScene            - Entity added to scene
11:08:30.492 [JavaFX Application Thread] DEBUG GameScene            - Added MainViewComponent
11:08:30.493 [JavaFX Application Thread] DEBUG GameScene            - Entity added to scene
11:08:30.493 [JavaFX Application Thread] DEBUG GameScene            - Added MainViewComponent
11:08:30.493 [JavaFX Application Thread] DEBUG GameScene            - Entity added to scene
11:08:30.493 [JavaFX Application Thread] DEBUG GameScene            - Added MainViewComponent
11:08:30.493 [JavaFX Application Thread] DEBUG GameScene            - Entity added to scene
11:08:30.493 [JavaFX Application Thread] DEBUG GameScene            - Added MainViewComponent
11:08:30.494 [JavaFX Application Thread] DEBUG GameScene            - Entity added to scene
11:08:30.494 [JavaFX Application Thread] DEBUG GameScene            - Added MainViewComponent
11:08:30.494 [JavaFX Application Thread] DEBUG GameScene            - Entity added to scene
11:08:30.494 [JavaFX Application Thread] DEBUG GameScene            - Added MainViewComponent
11:08:30.494 [JavaFX Application Thread] DEBUG GameScene            - Entity added to scene
11:08:30.494 [JavaFX Application Thread] DEBUG GameScene            - Added MainViewComponent
11:08:30.495 [JavaFX Application Thread] DEBUG GameScene            - Entity added to scene
11:08:30.495 [JavaFX Application Thread] DEBUG GameScene            - Added MainViewComponent
11:08:30.495 [JavaFX Application Thread] DEBUG GameScene            - Entity added to scene
11:08:30.495 [JavaFX Application Thread] DEBUG GameScene            - Added MainViewComponent
11:08:30.495 [JavaFX Application Thread] DEBUG GameScene            - Entity added to scene
11:08:30.495 [JavaFX Application Thread] DEBUG GameScene            - Added MainViewComponent
11:08:30.495 [JavaFX Application Thread] DEBUG GameScene            - Entity added to scene
11:08:30.495 [JavaFX Application Thread] DEBUG GameScene            - Added MainViewComponent
11:08:30.496 [JavaFX Application Thread] DEBUG GameScene            - Entity added to scene
11:08:30.496 [JavaFX Application Thread] DEBUG GameScene            - Added MainViewComponent
11:08:30.496 [JavaFX Application Thread] DEBUG GameScene            - Entity added to scene
11:08:30.496 [JavaFX Application Thread] DEBUG GameScene            - Added MainViewComponent
11:08:30.496 [JavaFX Application Thread] DEBUG GameScene            - Entity added to scene
11:08:30.497 [JavaFX Application Thread] DEBUG GameScene            - Added MainViewComponent
11:08:30.497 [JavaFX Application Thread] DEBUG GameScene            - Entity added to scene
11:08:30.497 [JavaFX Application Thread] DEBUG GameScene            - Added MainViewComponent
11:08:30.497 [JavaFX Application Thread] DEBUG GameScene            - Entity added to scene
11:08:30.497 [JavaFX Application Thread] DEBUG GameScene            - Added MainViewComponent
11:08:30.497 [JavaFX Application Thread] DEBUG GameScene            - Entity added to scene
11:08:30.497 [JavaFX Application Thread] DEBUG GameScene            - Added MainViewComponent
11:08:30.498 [JavaFX Application Thread] DEBUG GameScene            - Entity added to scene
11:08:30.498 [JavaFX Application Thread] DEBUG GameScene            - Added MainViewComponent
11:08:30.498 [JavaFX Application Thread] DEBUG GameScene            - Entity added to scene
11:08:30.498 [JavaFX Application Thread] DEBUG GameScene            - Added MainViewComponent
11:08:30.498 [JavaFX Application Thread] DEBUG GameScene            - Entity added to scene
11:08:30.498 [JavaFX Application Thread] DEBUG GameScene            - Added MainViewComponent
11:08:30.498 [JavaFX Application Thread] DEBUG GameScene            - Entity added to scene
11:08:30.498 [JavaFX Application Thread] DEBUG GameScene            - Added MainViewComponent
11:08:30.499 [JavaFX Application Thread] DEBUG GameScene            - Entity added to scene
11:08:30.499 [JavaFX Application Thread] DEBUG GameScene            - Added MainViewComponent
11:08:30.499 [JavaFX Application Thread] DEBUG GameScene            - Entity added to scene
11:08:30.499 [JavaFX Application Thread] DEBUG GameScene            - Added MainViewComponent
11:08:30.499 [JavaFX Application Thread] DEBUG GameScene            - Entity added to scene
11:08:30.500 [JavaFX Application Thread] DEBUG GameScene            - Added MainViewComponent
11:08:30.500 [JavaFX Application Thread] DEBUG GameScene            - Entity added to scene
11:08:30.500 [JavaFX Application Thread] DEBUG GameScene            - Added MainViewComponent
11:08:30.500 [JavaFX Application Thread] DEBUG GameScene            - Entity added to scene
11:08:30.500 [JavaFX Application Thread] DEBUG GameScene            - Added MainViewComponent
11:08:30.501 [JavaFX Application Thread] DEBUG GameScene            - Entity added to scene
11:08:30.501 [JavaFX Application Thread] DEBUG GameScene            - Added MainViewComponent
11:08:30.501 [JavaFX Application Thread] DEBUG GameScene            - Entity added to scene
11:08:30.501 [JavaFX Application Thread] DEBUG GameScene            - Added MainViewComponent
11:08:30.502 [JavaFX Application Thread] DEBUG GameScene            - Entity added to scene
11:08:30.502 [JavaFX Application Thread] DEBUG GameScene            - Added MainViewComponent
11:08:30.502 [JavaFX Application Thread] DEBUG GameScene            - Entity added to scene
11:08:30.502 [JavaFX Application Thread] DEBUG GameScene            - Added MainViewComponent
11:08:30.502 [JavaFX Application Thread] DEBUG GameScene            - Entity added to scene
11:08:30.502 [JavaFX Application Thread] DEBUG GameScene            - Added MainViewComponent
11:08:30.503 [JavaFX Application Thread] DEBUG GameScene            - Entity added to scene
11:08:30.503 [JavaFX Application Thread] DEBUG GameScene            - Added MainViewComponent
11:08:30.503 [JavaFX Application Thread] DEBUG GameScene            - Entity added to scene
11:08:30.503 [JavaFX Application Thread] DEBUG GameScene            - Added MainViewComponent
11:08:30.504 [JavaFX Application Thread] DEBUG GameScene            - Entity added to scene
11:08:30.504 [JavaFX Application Thread] DEBUG GameScene            - Added MainViewComponent
11:08:30.504 [JavaFX Application Thread] DEBUG GameScene            - Entity added to scene
11:08:30.504 [JavaFX Application Thread] DEBUG GameScene            - Added MainViewComponent
11:08:30.505 [JavaFX Application Thread] DEBUG GameScene            - Entity added to scene
11:08:30.505 [JavaFX Application Thread] DEBUG GameScene            - Added MainViewComponent
11:08:30.505 [JavaFX Application Thread] DEBUG GameScene            - Entity added to scene
11:08:30.505 [JavaFX Application Thread] DEBUG GameScene            - Added MainViewComponent
11:08:30.506 [JavaFX Application Thread] DEBUG GameScene            - Entity added to scene
11:08:30.506 [JavaFX Application Thread] DEBUG GameScene            - Added MainViewComponent
11:08:30.506 [JavaFX Application Thread] DEBUG GameScene            - Entity added to scene
11:08:30.506 [JavaFX Application Thread] DEBUG GameScene            - Added MainViewComponent
11:08:30.506 [JavaFX Application Thread] DEBUG GameScene            - Entity added to scene
11:08:30.507 [JavaFX Application Thread] DEBUG GameScene            - Added MainViewComponent
11:08:30.507 [JavaFX Application Thread] DEBUG GameScene            - Entity added to scene
11:08:30.507 [JavaFX Application Thread] DEBUG GameScene            - Added MainViewComponent
11:08:30.507 [JavaFX Application Thread] DEBUG GameScene            - Entity added to scene
11:08:30.507 [JavaFX Application Thread] DEBUG GameScene            - Added MainViewComponent
11:08:30.508 [JavaFX Application Thread] DEBUG GameScene            - Entity added to scene
11:08:30.508 [JavaFX Application Thread] DEBUG GameScene            - Added MainViewComponent
11:08:30.508 [JavaFX Application Thread] DEBUG GameScene            - Entity added to scene
11:08:30.508 [JavaFX Application Thread] DEBUG GameScene            - Added MainViewComponent
11:08:30.509 [JavaFX Application Thread] DEBUG GameScene            - Entity added to scene
11:08:30.509 [JavaFX Application Thread] DEBUG GameScene            - Added MainViewComponent
11:08:30.509 [JavaFX Application Thread] DEBUG GameScene            - Entity added to scene
11:08:30.510 [JavaFX Application Thread] DEBUG GameScene            - Added MainViewComponent
11:08:30.511 [JavaFX Application Thread] DEBUG GameScene            - Entity added to scene
11:08:30.511 [JavaFX Application Thread] DEBUG GameScene            - Added MainViewComponent
11:08:30.511 [JavaFX Application Thread] DEBUG GameScene            - Entity added to scene
11:08:30.511 [JavaFX Application Thread] DEBUG GameScene            - Added MainViewComponent
11:08:30.512 [JavaFX Application Thread] DEBUG GameScene            - Entity added to scene
11:08:30.512 [JavaFX Application Thread] DEBUG GameScene            - Added MainViewComponent
11:08:30.512 [JavaFX Application Thread] DEBUG GameScene            - Entity added to scene
11:08:30.513 [JavaFX Application Thread] DEBUG GameScene            - Added MainViewComponent
11:08:30.513 [JavaFX Application Thread] DEBUG GameScene            - Entity added to scene
11:08:30.513 [JavaFX Application Thread] DEBUG GameScene            - Added MainViewComponent
11:08:30.513 [JavaFX Application Thread] DEBUG GameScene            - Entity added to scene
11:08:30.514 [JavaFX Application Thread] DEBUG GameScene            - Added MainViewComponent
11:08:30.514 [JavaFX Application Thread] DEBUG GameScene            - Entity added to scene
11:08:30.514 [JavaFX Application Thread] DEBUG GameScene            - Added MainViewComponent
11:08:30.514 [JavaFX Application Thread] DEBUG GameScene            - Entity added to scene
11:08:30.514 [JavaFX Application Thread] DEBUG GameScene            - Added MainViewComponent
11:08:30.515 [JavaFX Application Thread] DEBUG GameScene            - Entity added to scene
11:08:30.515 [JavaFX Application Thread] DEBUG GameScene            - Added MainViewComponent
11:08:30.515 [JavaFX Application Thread] DEBUG GameScene            - Entity added to scene
11:08:30.515 [JavaFX Application Thread] DEBUG GameScene            - Added MainViewComponent
11:08:30.515 [JavaFX Application Thread] DEBUG GameScene            - Entity added to scene
11:08:30.515 [JavaFX Application Thread] DEBUG GameScene            - Added MainViewComponent
11:08:30.515 [JavaFX Application Thread] DEBUG GameScene            - Entity added to scene
11:08:30.515 [JavaFX Application Thread] DEBUG GameScene            - Added MainViewComponent
11:08:30.516 [JavaFX Application Thread] DEBUG GameScene            - Entity added to scene
11:08:30.516 [JavaFX Application Thread] DEBUG GameScene            - Added MainViewComponent
11:08:30.516 [JavaFX Application Thread] DEBUG GameScene            - Entity added to scene
11:08:30.516 [JavaFX Application Thread] DEBUG GameScene            - Added MainViewComponent
11:08:30.516 [JavaFX Application Thread] DEBUG GameScene            - Entity added to scene
11:08:30.516 [JavaFX Application Thread] DEBUG GameScene            - Added MainViewComponent
11:08:30.517 [JavaFX Application Thread] DEBUG GameScene            - Entity added to scene
11:08:30.517 [JavaFX Application Thread] DEBUG GameScene            - Added MainViewComponent
11:08:30.517 [JavaFX Application Thread] DEBUG GameScene            - Entity added to scene
11:08:30.517 [JavaFX Application Thread] DEBUG GameScene            - Added MainViewComponent
11:08:30.517 [JavaFX Application Thread] DEBUG GameScene            - Entity added to scene
11:08:30.517 [JavaFX Application Thread] DEBUG GameScene            - Added MainViewComponent
11:08:30.517 [JavaFX Application Thread] DEBUG GameScene            - Entity added to scene
11:08:30.517 [JavaFX Application Thread] DEBUG GameScene            - Added MainViewComponent
11:08:30.517 [JavaFX Application Thread] DEBUG GameScene            - Entity added to scene
11:08:30.518 [JavaFX Application Thread] DEBUG GameScene            - Added MainViewComponent
11:08:30.518 [JavaFX Application Thread] DEBUG GameScene            - Entity added to scene
11:08:30.518 [JavaFX Application Thread] DEBUG GameScene            - Added MainViewComponent
11:08:30.518 [JavaFX Application Thread] DEBUG GameScene            - Entity added to scene
11:08:30.518 [JavaFX Application Thread] DEBUG GameScene            - Added MainViewComponent
11:08:30.518 [JavaFX Application Thread] DEBUG GameScene            - Entity added to scene
11:08:30.518 [JavaFX Application Thread] DEBUG GameScene            - Added MainViewComponent
11:08:30.519 [JavaFX Application Thread] DEBUG GameScene            - Entity added to scene
11:08:30.525 [JavaFX Application Thread] DEBUG GameScene            - Added MainViewComponent
11:08:30.526 [JavaFX Application Thread] DEBUG GameScene            - Entity added to scene
11:08:30.526 [JavaFX Application Thread] DEBUG GameScene            - Added MainViewComponent
11:08:30.526 [JavaFX Application Thread] DEBUG GameScene            - Entity added to scene
11:08:30.526 [JavaFX Application Thread] DEBUG GameScene            - Added MainViewComponent
11:08:30.527 [JavaFX Application Thread] DEBUG GameScene            - Entity added to scene
11:08:30.527 [JavaFX Application Thread] DEBUG GameScene            - Added MainViewComponent
11:08:30.527 [JavaFX Application Thread] DEBUG GameScene            - Entity added to scene
11:08:30.527 [JavaFX Application Thread] DEBUG GameScene            - Added MainViewComponent
11:08:30.527 [JavaFX Application Thread] DEBUG GameScene            - Entity added to scene
11:08:30.528 [JavaFX Application Thread] DEBUG GameScene            - Added MainViewComponent
11:08:30.528 [JavaFX Application Thread] DEBUG GameScene            - Entity added to scene
11:08:30.528 [JavaFX Application Thread] DEBUG GameScene            - Added MainViewComponent
11:08:30.528 [JavaFX Application Thread] DEBUG GameScene            - Entity added to scene
11:08:30.528 [JavaFX Application Thread] DEBUG GameScene            - Added MainViewComponent
11:08:30.528 [JavaFX Application Thread] DEBUG GameScene            - Entity added to scene
11:08:30.528 [JavaFX Application Thread] DEBUG GameScene            - Added MainViewComponent
11:08:30.529 [JavaFX Application Thread] DEBUG GameScene            - Entity added to scene
11:08:30.529 [JavaFX Application Thread] DEBUG GameScene            - Added MainViewComponent
11:08:30.529 [JavaFX Application Thread] DEBUG GameScene            - Entity added to scene
11:08:30.529 [JavaFX Application Thread] DEBUG GameScene            - Added MainViewComponent
11:08:30.529 [JavaFX Application Thread] DEBUG GameScene            - Entity added to scene
11:08:30.529 [JavaFX Application Thread] DEBUG GameScene            - Added MainViewComponent
11:08:30.530 [JavaFX Application Thread] DEBUG GameScene            - Entity added to scene
11:08:30.530 [JavaFX Application Thread] DEBUG GameScene            - Added MainViewComponent
11:08:30.530 [JavaFX Application Thread] DEBUG GameScene            - Entity added to scene
11:08:30.530 [JavaFX Application Thread] DEBUG GameScene            - Added MainViewComponent
11:08:30.530 [JavaFX Application Thread] DEBUG GameScene            - Entity added to scene
11:08:30.530 [JavaFX Application Thread] DEBUG GameScene            - Added MainViewComponent
11:08:30.530 [JavaFX Application Thread] DEBUG GameScene            - Entity added to scene
11:08:30.531 [JavaFX Application Thread] DEBUG GameScene            - Added MainViewComponent
11:08:30.531 [JavaFX Application Thread] DEBUG GameScene            - Entity added to scene
11:08:30.531 [JavaFX Application Thread] DEBUG GameScene            - Added MainViewComponent
11:08:30.531 [JavaFX Application Thread] DEBUG GameScene            - Entity added to scene
11:08:30.531 [JavaFX Application Thread] DEBUG GameScene            - Added MainViewComponent
11:08:30.531 [JavaFX Application Thread] DEBUG GameScene            - Entity added to scene
11:08:30.531 [JavaFX Application Thread] DEBUG GameScene            - Added MainViewComponent
11:08:30.531 [JavaFX Application Thread] DEBUG GameScene            - Entity added to scene
11:08:30.532 [JavaFX Application Thread] DEBUG GameScene            - Added MainViewComponent
11:08:30.532 [JavaFX Application Thread] DEBUG GameScene            - Entity added to scene
11:08:30.532 [JavaFX Application Thread] DEBUG GameScene            - Added MainViewComponent
11:08:30.532 [JavaFX Application Thread] DEBUG GameScene            - Entity added to scene
11:08:30.532 [JavaFX Application Thread] DEBUG GameScene            - Added MainViewComponent
11:08:30.532 [JavaFX Application Thread] DEBUG GameScene            - Entity added to scene
11:08:30.532 [JavaFX Application Thread] DEBUG GameScene            - Added MainViewComponent
11:08:30.533 [JavaFX Application Thread] DEBUG GameScene            - Entity added to scene
11:08:30.533 [JavaFX Application Thread] DEBUG GameScene            - Added MainViewComponent
11:08:30.533 [JavaFX Application Thread] DEBUG GameScene            - Entity added to scene
11:08:30.533 [JavaFX Application Thread] DEBUG GameScene            - Added MainViewComponent
11:08:30.534 [JavaFX Application Thread] DEBUG GameScene            - Entity added to scene
11:08:30.534 [JavaFX Application Thread] DEBUG GameScene            - Added MainViewComponent
11:08:30.534 [JavaFX Application Thread] DEBUG GameScene            - Entity added to scene
11:08:30.534 [JavaFX Application Thread] DEBUG GameScene            - Added MainViewComponent
11:08:30.535 [JavaFX Application Thread] DEBUG GameScene            - Entity added to scene
11:08:30.535 [JavaFX Application Thread] DEBUG GameScene            - Added MainViewComponent
11:08:30.535 [JavaFX Application Thread] DEBUG GameScene            - Entity added to scene
11:08:30.535 [JavaFX Application Thread] DEBUG GameScene            - Added MainViewComponent
11:08:30.535 [JavaFX Application Thread] DEBUG GameScene            - Entity added to scene
11:08:30.535 [JavaFX Application Thread] DEBUG GameScene            - Added MainViewComponent
11:08:30.536 [JavaFX Application Thread] DEBUG GameScene            - Entity added to scene
11:08:30.536 [JavaFX Application Thread] DEBUG GameScene            - Added MainViewComponent
11:08:30.536 [JavaFX Application Thread] DEBUG GameScene            - Entity added to scene
11:08:30.536 [JavaFX Application Thread] DEBUG GameScene            - Added MainViewComponent
11:08:30.537 [JavaFX Application Thread] DEBUG GameScene            - Entity added to scene
11:08:30.537 [JavaFX Application Thread] DEBUG GameScene            - Added MainViewComponent
11:08:30.537 [JavaFX Application Thread] DEBUG GameScene            - Entity added to scene
11:08:30.538 [JavaFX Application Thread] DEBUG GameScene            - Added MainViewComponent
11:08:30.538 [JavaFX Application Thread] DEBUG GameScene            - Entity added to scene
11:08:30.538 [JavaFX Application Thread] DEBUG GameScene            - Added MainViewComponent
11:08:30.538 [JavaFX Application Thread] DEBUG GameScene            - Entity added to scene
11:08:30.538 [JavaFX Application Thread] DEBUG GameScene            - Added MainViewComponent
11:08:30.538 [JavaFX Application Thread] DEBUG GameScene            - Entity added to scene
11:08:30.539 [JavaFX Application Thread] DEBUG GameScene            - Added MainViewComponent
11:08:30.539 [JavaFX Application Thread] DEBUG GameScene            - Entity added to scene
11:08:30.539 [JavaFX Application Thread] DEBUG GameScene            - Added MainViewComponent
11:08:30.539 [JavaFX Application Thread] DEBUG GameScene            - Entity added to scene
11:08:30.539 [JavaFX Application Thread] DEBUG GameScene            - Added MainViewComponent
11:08:30.540 [JavaFX Application Thread] DEBUG GameScene            - Entity added to scene
11:08:30.540 [JavaFX Application Thread] DEBUG GameScene            - Added MainViewComponent
11:08:30.540 [JavaFX Application Thread] DEBUG GameScene            - Entity added to scene
11:08:30.540 [JavaFX Application Thread] DEBUG GameScene            - Added MainViewComponent
11:08:30.540 [JavaFX Application Thread] DEBUG GameScene            - Entity added to scene
11:08:30.541 [JavaFX Application Thread] DEBUG GameScene            - Added MainViewComponent
11:08:30.541 [JavaFX Application Thread] DEBUG GameScene            - Entity added to scene
11:08:30.541 [JavaFX Application Thread] DEBUG GameScene            - Added MainViewComponent
11:08:30.541 [JavaFX Application Thread] DEBUG GameScene            - Entity added to scene
11:08:30.541 [JavaFX Application Thread] DEBUG GameScene            - Added MainViewComponent
11:08:30.542 [JavaFX Application Thread] DEBUG GameScene            - Entity added to scene
11:08:30.542 [JavaFX Application Thread] DEBUG GameScene            - Added MainViewComponent
11:08:30.542 [JavaFX Application Thread] DEBUG GameScene            - Entity added to scene
11:08:30.542 [JavaFX Application Thread] DEBUG GameScene            - Added MainViewComponent
11:08:30.542 [JavaFX Application Thread] DEBUG GameScene            - Entity added to scene
11:08:30.543 [JavaFX Application Thread] DEBUG GameScene            - Added MainViewComponent
11:08:30.543 [JavaFX Application Thread] DEBUG GameScene            - Entity added to scene
11:08:30.543 [JavaFX Application Thread] DEBUG GameScene            - Added MainViewComponent
11:08:30.543 [JavaFX Application Thread] DEBUG GameScene            - Entity added to scene
11:08:30.544 [JavaFX Application Thread] DEBUG GameScene            - Added MainViewComponent
11:08:30.544 [JavaFX Application Thread] DEBUG GameScene            - Entity added to scene
11:08:30.544 [JavaFX Application Thread] DEBUG GameScene            - Added MainViewComponent
11:08:30.545 [JavaFX Application Thread] DEBUG GameScene            - Entity added to scene
11:08:30.545 [JavaFX Application Thread] DEBUG GameScene            - Added MainViewComponent
11:08:30.545 [JavaFX Application Thread] DEBUG GameScene            - Entity added to scene
11:08:30.545 [JavaFX Application Thread] DEBUG GameScene            - Added MainViewComponent
11:08:30.545 [JavaFX Application Thread] DEBUG GameScene            - Entity added to scene
11:08:30.545 [JavaFX Application Thread] DEBUG GameScene            - Added MainViewComponent
11:08:30.545 [JavaFX Application Thread] DEBUG GameScene            - Entity added to scene
11:08:30.546 [JavaFX Application Thread] DEBUG GameScene            - Added MainViewComponent
11:08:30.546 [JavaFX Application Thread] DEBUG GameScene            - Entity added to scene
11:08:30.546 [JavaFX Application Thread] DEBUG GameScene            - Added MainViewComponent
11:08:30.546 [JavaFX Application Thread] DEBUG GameScene            - Entity added to scene
11:08:30.546 [JavaFX Application Thread] DEBUG GameScene            - Added MainViewComponent
11:08:30.546 [JavaFX Application Thread] DEBUG GameScene            - Entity added to scene
11:08:30.546 [JavaFX Application Thread] DEBUG GameScene            - Added MainViewComponent
11:08:30.547 [JavaFX Application Thread] DEBUG GameScene            - Entity added to scene
11:08:30.547 [JavaFX Application Thread] DEBUG GameScene            - Added MainViewComponent
11:08:30.547 [JavaFX Application Thread] DEBUG GameScene            - Entity added to scene
11:08:30.547 [JavaFX Application Thread] DEBUG GameScene            - Added MainViewComponent
11:08:30.547 [JavaFX Application Thread] DEBUG GameScene            - Entity added to scene
11:08:30.547 [JavaFX Application Thread] DEBUG GameScene            - Added MainViewComponent
11:08:30.548 [JavaFX Application Thread] DEBUG GameScene            - Entity added to scene
11:08:30.548 [JavaFX Application Thread] DEBUG GameScene            - Added MainViewComponent
11:08:30.548 [JavaFX Application Thread] DEBUG GameScene            - Entity added to scene
11:08:30.548 [JavaFX Application Thread] DEBUG GameScene            - Added MainViewComponent
11:08:30.551 [JavaFX Application Thread] DEBUG GameScene            - Entity added to scene
11:08:30.551 [JavaFX Application Thread] DEBUG GameScene            - Added MainViewComponent
11:08:30.552 [JavaFX Application Thread] DEBUG GameScene            - Entity added to scene
11:08:30.552 [JavaFX Application Thread] DEBUG GameScene            - Added MainViewComponent
11:08:30.553 [JavaFX Application Thread] DEBUG GameScene            - Entity added to scene
11:08:30.553 [JavaFX Application Thread] DEBUG GameScene            - Added MainViewComponent
11:08:30.553 [JavaFX Application Thread] DEBUG GameScene            - Entity added to scene
11:08:30.553 [JavaFX Application Thread] DEBUG GameScene            - Added MainViewComponent
11:08:30.554 [JavaFX Application Thread] DEBUG GameScene            - Entity added to scene
11:08:30.554 [JavaFX Application Thread] DEBUG GameScene            - Added MainViewComponent
11:08:30.554 [JavaFX Application Thread] DEBUG GameScene            - Entity added to scene
11:08:30.554 [JavaFX Application Thread] DEBUG GameScene            - Added MainViewComponent
11:08:30.554 [JavaFX Application Thread] DEBUG GameScene            - Entity added to scene
11:08:30.554 [JavaFX Application Thread] DEBUG GameScene            - Added MainViewComponent
11:08:30.554 [JavaFX Application Thread] DEBUG GameScene            - Entity added to scene
11:08:30.554 [JavaFX Application Thread] DEBUG GameScene            - Added MainViewComponent
11:08:30.554 [JavaFX Application Thread] DEBUG GameScene            - Entity added to scene
11:08:30.555 [JavaFX Application Thread] DEBUG GameScene            - Added MainViewComponent
11:08:30.555 [JavaFX Application Thread] DEBUG GameScene            - Entity added to scene
11:08:30.555 [JavaFX Application Thread] DEBUG GameScene            - Added MainViewComponent
11:08:30.555 [JavaFX Application Thread] DEBUG GameScene            - Creating render group for layer: TOP(2147483647)
11:08:30.555 [JavaFX Application Thread] DEBUG GameScene            - Entity added to scene
11:08:30.555 [JavaFX Application Thread] DEBUG GameScene            - Added MainViewComponent
11:08:30.555 [JavaFX Application Thread] DEBUG GameScene            - Entity added to scene
11:08:30.555 [JavaFX Application Thread] DEBUG GameScene            - Added MainViewComponent
11:08:30.555 [JavaFX Application Thread] DEBUG GameScene            - Entity added to scene
11:08:30.555 [JavaFX Application Thread] DEBUG GameScene            - Added MainViewComponent
11:08:30.556 [JavaFX Application Thread] DEBUG GameScene            - Entity added to scene
11:08:30.556 [JavaFX Application Thread] DEBUG GameScene            - Added MainViewComponent
11:08:30.556 [JavaFX Application Thread] DEBUG GameScene            - Entity added to scene
11:08:30.556 [JavaFX Application Thread] DEBUG GameScene            - Added MainViewComponent
11:08:30.556 [JavaFX Application Thread] DEBUG GameScene            - Entity added to scene
11:08:30.556 [JavaFX Application Thread] DEBUG GameScene            - Added MainViewComponent
11:08:30.556 [JavaFX Application Thread] DEBUG GameScene            - Entity added to scene
11:08:30.556 [JavaFX Application Thread] DEBUG GameScene            - Added MainViewComponent
11:08:30.557 [JavaFX Application Thread] DEBUG GameScene            - Entity added to scene
11:08:30.557 [JavaFX Application Thread] DEBUG GameScene            - Added MainViewComponent
11:08:30.557 [JavaFX Application Thread] DEBUG GameScene            - Entity added to scene
11:08:30.557 [JavaFX Application Thread] DEBUG GameScene            - Added MainViewComponent
11:08:30.557 [JavaFX Application Thread] DEBUG GameScene            - Entity added to scene
11:08:30.557 [JavaFX Application Thread] DEBUG GameScene            - Added MainViewComponent
11:08:30.558 [JavaFX Application Thread] DEBUG GameScene            - Entity added to scene
11:08:30.558 [JavaFX Application Thread] DEBUG GameScene            - Added MainViewComponent
11:08:30.558 [JavaFX Application Thread] DEBUG GameScene            - Entity added to scene
11:08:30.559 [JavaFX Application Thread] DEBUG GameScene            - Added MainViewComponent
11:08:30.559 [JavaFX Application Thread] DEBUG GameScene            - Entity added to scene
11:08:30.559 [JavaFX Application Thread] DEBUG GameScene            - Added MainViewComponent
11:08:30.559 [JavaFX Application Thread] DEBUG GameScene            - Entity added to scene
11:08:30.559 [JavaFX Application Thread] DEBUG GameScene            - Added MainViewComponent
11:08:30.560 [JavaFX Application Thread] DEBUG GameScene            - Entity added to scene
11:08:30.560 [JavaFX Application Thread] DEBUG GameScene            - Added MainViewComponent
11:08:30.560 [JavaFX Application Thread] DEBUG GameScene            - Entity added to scene
11:08:30.560 [JavaFX Application Thread] DEBUG GameScene            - Added MainViewComponent
11:08:30.560 [JavaFX Application Thread] DEBUG GameScene            - Entity added to scene
11:08:30.560 [JavaFX Application Thread] DEBUG GameScene            - Added MainViewComponent
11:08:30.561 [JavaFX Application Thread] DEBUG GameScene            - Entity added to scene
11:08:30.561 [JavaFX Application Thread] DEBUG GameScene            - Added MainViewComponent
11:08:30.561 [JavaFX Application Thread] DEBUG GameScene            - Entity added to scene
11:08:30.561 [JavaFX Application Thread] DEBUG GameScene            - Added MainViewComponent
11:08:30.561 [JavaFX Application Thread] DEBUG GameScene            - Entity added to scene
11:08:30.562 [JavaFX Application Thread] DEBUG GameScene            - Added MainViewComponent
11:08:30.562 [JavaFX Application Thread] DEBUG GameScene            - Entity added to scene
11:08:30.562 [JavaFX Application Thread] DEBUG GameScene            - Added MainViewComponent
11:08:30.563 [JavaFX Application Thread] DEBUG GameScene            - Entity added to scene
11:08:30.563 [JavaFX Application Thread] DEBUG GameScene            - Added MainViewComponent
11:08:30.565 [JavaFX Application Thread] DEBUG GameScene            - Entity added to scene
11:08:30.565 [JavaFX Application Thread] DEBUG GameScene            - Added MainViewComponent
11:08:30.565 [JavaFX Application Thread] DEBUG GameScene            - Entity added to scene
11:08:30.565 [JavaFX Application Thread] DEBUG GameScene            - Added MainViewComponent
11:08:30.566 [JavaFX Application Thread] DEBUG GameScene            - Entity added to scene
11:08:30.566 [JavaFX Application Thread] DEBUG GameScene            - Added MainViewComponent
11:08:30.567 [JavaFX Application Thread] DEBUG GameScene            - Entity added to scene
11:08:30.567 [JavaFX Application Thread] DEBUG GameScene            - Added MainViewComponent
11:08:30.567 [JavaFX Application Thread] DEBUG GameScene            - Entity added to scene
11:08:30.567 [JavaFX Application Thread] DEBUG GameScene            - Added MainViewComponent
11:08:30.568 [JavaFX Application Thread] DEBUG GameScene            - Entity added to scene
11:08:30.569 [JavaFX Application Thread] DEBUG GameScene            - Added MainViewComponent
11:08:30.569 [JavaFX Application Thread] DEBUG GameScene            - Entity added to scene
11:08:30.569 [JavaFX Application Thread] DEBUG GameScene            - Added MainViewComponent
11:08:30.569 [JavaFX Application Thread] DEBUG GameScene            - Entity added to scene
11:08:30.569 [JavaFX Application Thread] DEBUG GameScene            - Added MainViewComponent
11:08:30.570 [JavaFX Application Thread] DEBUG GameScene            - Entity added to scene
11:08:30.570 [JavaFX Application Thread] DEBUG GameScene            - Added MainViewComponent
11:08:30.570 [JavaFX Application Thread] DEBUG GameScene            - Entity added to scene
11:08:30.570 [JavaFX Application Thread] DEBUG GameScene            - Added MainViewComponent
11:08:30.570 [JavaFX Application Thread] DEBUG GameScene            - Entity added to scene
11:08:30.570 [JavaFX Application Thread] DEBUG GameScene            - Added MainViewComponent
11:08:30.571 [JavaFX Application Thread] DEBUG GameScene            - Entity added to scene
11:08:30.571 [JavaFX Application Thread] DEBUG GameScene            - Added MainViewComponent
11:08:30.571 [JavaFX Application Thread] DEBUG GameScene            - Entity added to scene
11:08:30.571 [JavaFX Application Thread] DEBUG GameScene            - Added MainViewComponent
11:08:30.571 [JavaFX Application Thread] DEBUG GameScene            - Entity added to scene
11:08:30.571 [JavaFX Application Thread] DEBUG GameScene            - Added MainViewComponent
11:08:30.571 [JavaFX Application Thread] DEBUG GameScene            - Entity added to scene
11:08:30.571 [JavaFX Application Thread] DEBUG GameScene            - Added MainViewComponent
11:08:30.572 [JavaFX Application Thread] DEBUG GameScene            - Entity added to scene
11:08:30.572 [JavaFX Application Thread] DEBUG GameScene            - Added MainViewComponent
11:08:30.572 [JavaFX Application Thread] DEBUG GameScene            - Entity added to scene
11:08:30.572 [JavaFX Application Thread] DEBUG GameScene            - Added MainViewComponent
11:08:30.572 [JavaFX Application Thread] DEBUG GameScene            - Entity added to scene
11:08:30.572 [JavaFX Application Thread] DEBUG GameScene            - Added MainViewComponent
11:08:30.572 [JavaFX Application Thread] DEBUG GameScene            - Entity added to scene
11:08:30.573 [JavaFX Application Thread] DEBUG GameScene            - Added MainViewComponent
11:08:30.573 [JavaFX Application Thread] DEBUG GameScene            - Entity added to scene
11:08:30.573 [JavaFX Application Thread] DEBUG GameScene            - Added MainViewComponent
11:08:30.574 [JavaFX Application Thread] DEBUG GameScene            - Entity added to scene
11:08:30.574 [JavaFX Application Thread] DEBUG GameScene            - Added MainViewComponent
11:08:30.574 [JavaFX Application Thread] DEBUG GameScene            - Entity added to scene
11:08:30.574 [JavaFX Application Thread] DEBUG GameScene            - Added MainViewComponent
11:08:30.575 [JavaFX Application Thread] DEBUG GameScene            - Entity added to scene
11:08:30.575 [JavaFX Application Thread] DEBUG GameScene            - Added MainViewComponent
11:08:30.575 [JavaFX Application Thread] DEBUG GameScene            - Entity added to scene
11:08:30.575 [JavaFX Application Thread] DEBUG GameScene            - Added MainViewComponent
11:08:30.576 [JavaFX Application Thread] DEBUG GameScene            - Entity added to scene
11:08:30.576 [JavaFX Application Thread] DEBUG GameScene            - Added MainViewComponent
11:08:30.576 [JavaFX Application Thread] DEBUG GameScene            - Entity added to scene
11:08:30.576 [JavaFX Application Thread] DEBUG GameScene            - Added MainViewComponent
11:08:30.577 [JavaFX Application Thread] DEBUG GameScene            - Entity added to scene
11:08:30.577 [JavaFX Application Thread] DEBUG GameScene            - Added MainViewComponent
11:08:30.577 [JavaFX Application Thread] DEBUG GameScene            - Entity added to scene
11:08:30.577 [JavaFX Application Thread] DEBUG GameScene            - Added MainViewComponent
11:08:30.577 [JavaFX Application Thread] DEBUG GameScene            - Entity added to scene
11:08:30.578 [JavaFX Application Thread] DEBUG GameScene            - Added MainViewComponent
11:08:30.578 [JavaFX Application Thread] DEBUG GameScene            - Entity added to scene
11:08:30.578 [JavaFX Application Thread] DEBUG GameScene            - Added MainViewComponent
11:08:30.578 [JavaFX Application Thread] DEBUG GameScene            - Entity added to scene
11:08:30.578 [JavaFX Application Thread] DEBUG GameScene            - Added MainViewComponent
11:08:30.579 [JavaFX Application Thread] DEBUG GameScene            - Entity added to scene
11:08:30.579 [JavaFX Application Thread] DEBUG GameScene            - Added MainViewComponent
11:08:30.579 [JavaFX Application Thread] DEBUG GameScene            - Entity added to scene
11:08:30.579 [JavaFX Application Thread] DEBUG GameScene            - Added MainViewComponent
11:08:30.580 [JavaFX Application Thread] DEBUG GameScene            - Entity added to scene
11:08:30.580 [JavaFX Application Thread] DEBUG GameScene            - Added MainViewComponent
11:08:30.580 [JavaFX Application Thread] DEBUG GameScene            - Entity added to scene
11:08:30.580 [JavaFX Application Thread] DEBUG GameScene            - Added MainViewComponent
11:08:30.581 [JavaFX Application Thread] DEBUG GameScene            - Entity added to scene
11:08:30.581 [JavaFX Application Thread] DEBUG GameScene            - Added MainViewComponent
11:08:30.581 [JavaFX Application Thread] DEBUG GameScene            - Entity added to scene
11:08:30.581 [JavaFX Application Thread] DEBUG GameScene            - Added MainViewComponent
11:08:30.581 [JavaFX Application Thread] DEBUG GameScene            - Entity added to scene
11:08:30.581 [JavaFX Application Thread] DEBUG GameScene            - Added MainViewComponent
11:08:30.582 [JavaFX Application Thread] DEBUG GameScene            - Entity added to scene
11:08:30.582 [JavaFX Application Thread] DEBUG GameScene            - Added MainViewComponent
11:08:30.582 [JavaFX Application Thread] DEBUG GameScene            - Entity added to scene
11:08:30.582 [JavaFX Application Thread] DEBUG GameScene            - Added MainViewComponent
11:08:30.582 [JavaFX Application Thread] DEBUG GameScene            - Entity added to scene
11:08:30.582 [JavaFX Application Thread] DEBUG GameScene            - Added MainViewComponent
11:08:30.583 [JavaFX Application Thread] DEBUG GameScene            - Entity added to scene
11:08:30.583 [JavaFX Application Thread] DEBUG GameScene            - Added MainViewComponent
11:08:30.583 [JavaFX Application Thread] DEBUG GameScene            - Entity added to scene
11:08:30.583 [JavaFX Application Thread] DEBUG GameScene            - Added MainViewComponent
11:08:30.583 [JavaFX Application Thread] DEBUG GameScene            - Entity added to scene
11:08:30.584 [JavaFX Application Thread] DEBUG GameScene            - Added MainViewComponent
11:08:30.584 [JavaFX Application Thread] DEBUG GameScene            - Entity added to scene
11:08:30.584 [JavaFX Application Thread] DEBUG GameScene            - Added MainViewComponent
11:08:30.584 [JavaFX Application Thread] DEBUG GameScene            - Entity added to scene
11:08:30.584 [JavaFX Application Thread] DEBUG GameScene            - Added MainViewComponent
11:08:30.584 [JavaFX Application Thread] DEBUG GameScene            - Entity added to scene
11:08:30.584 [JavaFX Application Thread] DEBUG GameScene            - Added MainViewComponent
11:08:30.585 [JavaFX Application Thread] DEBUG GameScene            - Entity added to scene
11:08:30.585 [JavaFX Application Thread] DEBUG GameScene            - Added MainViewComponent
11:08:30.585 [JavaFX Application Thread] DEBUG GameScene            - Entity added to scene
11:08:30.585 [JavaFX Application Thread] DEBUG GameScene            - Added MainViewComponent
11:08:30.585 [JavaFX Application Thread] DEBUG GameScene            - Entity added to scene
11:08:30.585 [JavaFX Application Thread] DEBUG GameScene            - Added MainViewComponent
11:08:30.586 [JavaFX Application Thread] DEBUG GameScene            - Entity added to scene
11:08:30.586 [JavaFX Application Thread] DEBUG GameScene            - Added MainViewComponent
11:08:30.586 [JavaFX Application Thread] DEBUG GameScene            - Entity added to scene
11:08:30.586 [JavaFX Application Thread] DEBUG GameScene            - Added MainViewComponent
11:08:30.586 [JavaFX Application Thread] DEBUG GameScene            - Entity added to scene
11:08:30.586 [JavaFX Application Thread] DEBUG GameScene            - Added MainViewComponent
11:08:30.587 [JavaFX Application Thread] DEBUG GameScene            - Entity added to scene
11:08:30.587 [JavaFX Application Thread] DEBUG GameScene            - Added MainViewComponent
11:08:30.587 [JavaFX Application Thread] DEBUG GameScene            - Entity added to scene
11:08:30.587 [JavaFX Application Thread] DEBUG GameScene            - Added MainViewComponent
11:08:30.587 [JavaFX Application Thread] DEBUG GameScene            - Entity added to scene
11:08:30.587 [JavaFX Application Thread] DEBUG GameScene            - Added MainViewComponent
11:08:30.587 [JavaFX Application Thread] DEBUG GameScene            - Entity added to scene
11:08:30.587 [JavaFX Application Thread] DEBUG GameScene            - Added MainViewComponent
11:08:30.588 [JavaFX Application Thread] DEBUG GameScene            - Entity added to scene
11:08:30.588 [JavaFX Application Thread] DEBUG GameScene            - Added MainViewComponent
11:08:30.588 [JavaFX Application Thread] DEBUG GameScene            - Entity added to scene
11:08:30.588 [JavaFX Application Thread] DEBUG GameScene            - Added MainViewComponent
11:08:30.588 [JavaFX Application Thread] DEBUG GameScene            - Entity added to scene
11:08:30.588 [JavaFX Application Thread] DEBUG GameScene            - Added MainViewComponent
11:08:30.588 [JavaFX Application Thread] DEBUG GameScene            - Entity added to scene
11:08:30.589 [JavaFX Application Thread] DEBUG GameScene            - Added MainViewComponent
11:08:30.589 [JavaFX Application Thread] DEBUG GameScene            - Entity added to scene
11:08:30.589 [JavaFX Application Thread] DEBUG GameScene            - Added MainViewComponent
11:08:30.589 [JavaFX Application Thread] DEBUG GameScene            - Entity added to scene
11:08:30.589 [JavaFX Application Thread] DEBUG GameScene            - Added MainViewComponent
11:08:30.589 [JavaFX Application Thread] DEBUG GameScene            - Entity added to scene
11:08:30.589 [JavaFX Application Thread] DEBUG GameScene            - Added MainViewComponent
11:08:30.590 [JavaFX Application Thread] DEBUG GameScene            - Entity added to scene
11:08:30.590 [JavaFX Application Thread] DEBUG GameScene            - Added MainViewComponent
11:08:30.590 [JavaFX Application Thread] DEBUG GameScene            - Entity added to scene
11:08:30.590 [JavaFX Application Thread] DEBUG GameScene            - Added MainViewComponent
11:08:30.590 [JavaFX Application Thread] DEBUG GameScene            - Entity added to scene
11:08:30.590 [JavaFX Application Thread] DEBUG GameScene            - Added MainViewComponent
11:08:30.590 [JavaFX Application Thread] DEBUG GameScene            - Entity added to scene
11:08:30.590 [JavaFX Application Thread] DEBUG GameScene            - Added MainViewComponent
11:08:30.591 [JavaFX Application Thread] DEBUG GameScene            - Entity added to scene
11:08:30.591 [JavaFX Application Thread] DEBUG GameScene            - Added MainViewComponent
11:08:30.591 [JavaFX Application Thread] DEBUG GameScene            - Entity added to scene
11:08:30.591 [JavaFX Application Thread] DEBUG GameScene            - Added MainViewComponent
11:08:30.591 [JavaFX Application Thread] DEBUG GameScene            - Entity added to scene
11:08:30.591 [JavaFX Application Thread] DEBUG GameScene            - Added MainViewComponent
11:08:30.591 [JavaFX Application Thread] DEBUG GameScene            - Entity added to scene
11:08:30.591 [JavaFX Application Thread] DEBUG GameScene            - Added MainViewComponent
11:08:30.591 [JavaFX Application Thread] DEBUG GameScene            - Entity added to scene
11:08:30.591 [JavaFX Application Thread] DEBUG GameScene            - Added MainViewComponent
11:08:30.592 [JavaFX Application Thread] DEBUG GameScene            - Entity added to scene
11:08:30.592 [JavaFX Application Thread] DEBUG GameScene            - Added MainViewComponent
11:08:30.592 [JavaFX Application Thread] DEBUG GameScene            - Entity added to scene
11:08:30.592 [JavaFX Application Thread] DEBUG GameScene            - Added MainViewComponent
11:08:30.592 [JavaFX Application Thread] DEBUG GameScene            - Entity added to scene
11:08:30.592 [JavaFX Application Thread] DEBUG GameScene            - Added MainViewComponent
11:08:30.592 [JavaFX Application Thread] DEBUG GameScene            - Entity added to scene
11:08:30.593 [JavaFX Application Thread] DEBUG GameScene            - Added MainViewComponent
11:08:30.593 [JavaFX Application Thread] DEBUG GameScene            - Entity added to scene
11:08:30.593 [JavaFX Application Thread] DEBUG GameScene            - Added MainViewComponent
11:08:30.593 [JavaFX Application Thread] DEBUG GameScene            - Entity added to scene
11:08:30.593 [JavaFX Application Thread] DEBUG GameScene            - Added MainViewComponent
11:08:30.593 [JavaFX Application Thread] DEBUG GameScene            - Entity added to scene
11:08:30.594 [JavaFX Application Thread] DEBUG GameScene            - Added MainViewComponent
11:08:30.594 [JavaFX Application Thread] DEBUG GameScene            - Entity added to scene
11:08:30.594 [JavaFX Application Thread] DEBUG GameScene            - Added MainViewComponent
11:08:30.594 [JavaFX Application Thread] DEBUG GameScene            - Entity added to scene
11:08:30.594 [JavaFX Application Thread] DEBUG GameScene            - Added MainViewComponent
11:08:30.595 [JavaFX Application Thread] DEBUG GameScene            - Entity added to scene
11:08:30.595 [JavaFX Application Thread] DEBUG GameScene            - Added MainViewComponent
11:08:30.595 [JavaFX Application Thread] DEBUG GameScene            - Creating render group for layer: BACKGROUND(0)
11:08:39.931 [JavaFX Application Thread] DEBUG FXGLEventBus         - Firing event: DisplayEvent[type=DIALOG_OPENED]
11:08:39.931 [JavaFX Application Thread] DEBUG FXGLInput            - Clearing active input actions
11:08:39.931 [JavaFX Application Thread] DEBUG FXGLMasterTimer      - Stopping master timer
11:08:39.931 [JavaFX Application Thread] DEBUG GameApplication      - State: PLAYING -> PAUSED
11:08:39.931 [JavaFX Application Thread] DEBUG FXGLEventBus         - Firing event: FXGLEvent[type=PAUSE]
11:08:39.931 [JavaFX Application Thread] DEBUG FXGLInput            - Clearing active input actions
11:08:47.871 [JavaFX Application Thread] DEBUG FXGLEventBus         - Firing event: DisplayEvent[type=DIALOG_CLOSED]
11:08:47.872 [JavaFX Application Thread] DEBUG FXGLInput            - Clearing active input actions
11:08:47.872 [JavaFX Application Thread] DEBUG FXGLMasterTimer      - Starting master timer
11:08:47.872 [JavaFX Application Thread] DEBUG GameApplication      - State: PAUSED -> PLAYING
11:08:47.872 [JavaFX Application Thread] DEBUG FXGLEventBus         - Firing event: FXGLEvent[type=RESUME]
11:08:47.872 [JavaFX Application Thread] DEBUG FXGLEventBus         - Firing event: DisplayEvent[type=CLOSE_REQUEST]
11:08:47.874 [JavaFX Application Thread] DEBUG FXGLEventBus         - Firing event: FXGLEvent[type=EXIT]
11:08:47.875 [JavaFX Application Thread] DEBUG FXGL                 - Saving FXGL system data
11:08:47.879 [JavaFX Application Thread] DEBUG IOTask               - Executing task: writeDataTask(system/fxgl.bundle)
11:08:47.883 [JavaFX Application Thread] DEBUG FS                   - Writing to: system\fxgl.bundle
11:08:47.891 [JavaFX Application Thread] DEBUG IOTask               - Task succeeded: writeDataTask(system/fxgl.bundle)
