11:22:28.016 [FXGL Launcher Thread     ] DEBUG FXGLLoggerFactory    - Service [LoggerFactory] initialized
11:22:28.021 [FXGL Launcher Thread     ] DEBUG FXGL                 - FXGL configuration complete
11:22:28.021 [FXGL Launcher Thread     ] DEBUG FXGL                 - Loading FXGL system data
11:22:28.025 [FXGL Launcher Thread     ] DEBUG IOTask               - Executing task: readDataTask(system/fxgl.bundle)
11:22:28.028 [FXGL Launcher Thread     ] DEBUG FS                   - Reading from: system\fxgl.bundle
11:22:28.034 [FXGL Launcher Thread     ] DEBUG IOTask               - Task succeeded: readDataTask(system/fxgl.bundle)
11:22:28.034 [FXGL Launcher Thread     ] DEBUG Bundle               - Logging bundle: FXGL
11:22:28.034 [FXGL Launcher Thread     ] DEBUG Bundle               - FXGL.offline.timer.version.check=2017-01-18T11:24:23.393
11:22:28.040 [JavaFX Application Thread] DEBUG UpdaterTask          - Checking for updates
11:22:28.123 [JavaFX Application Thread] DEBUG FXGLEventBus         - Service [EventBus] initialized
11:22:28.125 [JavaFX Application Thread] DEBUG FXGLExecutor         - Service [Executor] initialized
11:22:28.128 [JavaFX Application Thread] DEBUG IOTask               - Showing dialog
11:22:28.130 [FXGL Background Thread 1 ] DEBUG IOTask               - Executing task: openStream(https://raw.githubusercontent.com/AlmasB/FXGL/master/pom.xml)
11:22:28.130 [FXGL Background Thread 1 ] DEBUG IOTask               - Executing task: openStream(https://raw.githubusercontent.com/AlmasB/FXGL/master/pom.xml)
11:22:28.676 [JavaFX Application Thread] DEBUG IOTask               - fail(): Dismissing dialog
11:22:28.677 [JavaFX Application Thread] WARN  IOTask               - Task failed: openStream(https://raw.githubusercontent.com/AlmasB/FXGL/master/pom.xml) Error: javax.net.ssl.SSLHandshakeException: sun.security.validator.ValidatorException: PKIX path building failed: sun.security.provider.certpath.SunCertPathBuilderException: unable to find valid certification path to requested target
11:22:28.677 [JavaFX Application Thread] WARN  UpdaterTask          - Failed to find updates: javax.net.ssl.SSLHandshakeException: sun.security.validator.ValidatorException: PKIX path building failed: sun.security.provider.certpath.SunCertPathBuilderException: unable to find valid certification path to requested target
11:22:30.140 [FXGL Launcher Thread     ] DEBUG GameApplication      - Configuring GameApplication
11:22:30.153 [FXGL Launcher Thread     ] DEBUG FXGLExceptionHandler - Service [ExceptionHandler] initialized
11:22:30.153 [FXGL Launcher Thread     ] DEBUG PreInitTask          - Injecting gameWorld & physicsWorld
11:22:30.165 [FXGL Launcher Thread     ] DEBUG GameWorld            - Game world initialized
11:22:30.242 [FXGL Launcher Thread     ] DEBUG FXGLPooler           - Service [Pooler] initialized with default size = 128
11:22:30.243 [FXGL Launcher Thread     ] DEBUG PhysicsWorld         - Physics world initialized: appHeight=840.0, physics.ppm=50.0
11:22:30.244 [FXGL Launcher Thread     ] DEBUG FXGLInput            - Service [Input] initialized
11:22:30.266 [FXGL Launcher Thread     ] DEBUG FXGLInput            - Registered new binding: Screenshot - P
11:22:30.266 [FXGL Launcher Thread     ] DEBUG FXGLInput            - Registered new binding: Dev Options - CTRL+0
11:22:30.268 [FXGL Launcher Thread     ] DEBUG FXGLInput            - Registered new binding: Up - W
11:22:30.268 [FXGL Launcher Thread     ] DEBUG FXGLInput            - Registered new binding: Left - A
11:22:30.268 [FXGL Launcher Thread     ] DEBUG FXGLInput            - Registered new binding: Down - S
11:22:30.268 [FXGL Launcher Thread     ] DEBUG FXGLInput            - Registered new binding: Right - D
11:22:30.294 [FXGL Launcher Thread     ] DEBUG GameScene            - Game scene initialized: 960.0x840.0
11:22:30.298 [FXGL Launcher Thread     ] DEBUG FXGLAssetLoader      - Service [AssetLoader] initialized: cacheSize=35
11:22:30.300 [FXGL Launcher Thread     ] DEBUG FXGLAssetLoader      - Loading from disk: /assets/sounds/system/notification.wav
11:22:30.330 [FXGL Launcher Thread     ] DEBUG FXGLAssetLoader      - Loading from disk: /assets/sounds/menu/select.wav
11:22:30.333 [FXGL Launcher Thread     ] DEBUG FXGLAssetLoader      - Loading from disk: /assets/sounds/menu/back.wav
11:22:30.335 [FXGL Launcher Thread     ] DEBUG FXGLAssetLoader      - Loading from disk: /assets/sounds/menu/press.wav
11:22:30.338 [FXGL Launcher Thread     ] DEBUG FXGLAssetLoader      - Loading from disk: /assets/ui/fonts/Copperplate_Gothic_Light_Regular.ttf
11:22:30.345 [FXGL Launcher Thread     ] DEBUG FXGLAssetLoader      - Loading from disk: /assets/ui/css/fxgl.css
11:22:30.345 [FXGL Launcher Thread     ] DEBUG FXGLAssetLoader      - Loading from disk: /assets/ui/icons/fxgl_icon.png
11:22:30.381 [FXGL Launcher Thread     ] DEBUG FXGLAssetLoader      - Loading from disk: /assets/ui/css/fxgl_dark.css
11:22:30.390 [FXGL Launcher Thread     ] DEBUG FXGLDisplay          - Target size: DoubleProperty [value: 960.0] x DoubleProperty [value: 840.0] @ 1.0
11:22:30.390 [FXGL Launcher Thread     ] DEBUG FXGLDisplay          - New size:    960.0 x 840.0 @ DoubleProperty [value: 1.0]
11:22:30.391 [FXGL Launcher Thread     ] DEBUG FXGLDisplay          - Service [Display] initialized
11:22:30.392 [FXGL Launcher Thread     ] DEBUG FXGLDisplay          - Using CSS: CSS(externalForm=jar:file:/C:/Computer%20Science/Game%20Design/3rd/Pacman/lib/fxgl-0.2.9-uber.jar!/assets/ui/css/fxgl_dark.css)
11:22:30.392 [FXGL Launcher Thread     ] DEBUG InitScenesTask       - Injecting loadingScene & gameScene
11:22:30.415 [FXGL Launcher Thread     ] DEBUG FXGLMasterTimer      - Service [MasterTimer] initialized
11:22:30.418 [FXGL Launcher Thread     ] DEBUG FXGLAudioPlayer      - Service [AudioPlayer] initialized
11:22:30.426 [FXGL Launcher Thread     ] DEBUG GameApplication      - Starting new game
11:22:30.428 [FXGL Launcher Thread     ] DEBUG GameApplication      - Initializing App
11:22:30.429 [FXGL Launcher Thread     ] DEBUG FXGLInput            - Clearing active input actions
11:22:30.430 [FXGL Launcher Thread     ] DEBUG FXGLMasterTimer      - Stopping master timer
11:22:30.430 [FXGL Launcher Thread     ] DEBUG GameApplication      - State: STARTUP -> PAUSED
11:22:30.431 [FXGL Launcher Thread     ] DEBUG FXGLEventBus         - Firing event: FXGLEvent[type=PAUSE]
11:22:30.431 [FXGL Launcher Thread     ] DEBUG FXGLInput            - Clearing active input actions
11:22:30.432 [FXGL Launcher Thread     ] DEBUG FXGLMasterTimer      - Resetting ticks and clearing all actions
11:22:30.432 [FXGL Launcher Thread     ] DEBUG GameWorld            - Resetting game world
11:22:30.432 [FXGL Launcher Thread     ] TRACE EntityWorld          - Resetting entity world
11:22:30.434 [FXGL Launcher Thread     ] DEBUG PhysicsWorld         - Resetting physics world
11:22:30.434 [FXGL Launcher Thread     ] DEBUG GameScene            - Resetting game scene
11:22:30.434 [FXGL Launcher Thread     ] DEBUG FXGLEventBus         - Firing event: FXGLEvent[type=RESET]
11:22:30.499 [FXGL Launcher Thread     ] DEBUG GameApplication      - State: PAUSED -> LOADING
11:22:30.538 [FXGL Background Thread 1 ] DEBUG InitAppTask          - Initializing Assets
11:22:30.539 [FXGL Background Thread 1 ] DEBUG InitAppTask          - Initializing Game
11:22:30.546 [FXGL Background Thread 1 ] DEBUG FXGLAssetLoader      - Loading from disk: /assets/text/level.txt
11:22:30.632 [JavaFX Application Thread] DEBUG FXGLDisplay          - Showing stage
11:22:30.632 [JavaFX Application Thread] DEBUG FXGLDisplay          - Root size: 960.0x840.0
11:22:30.632 [JavaFX Application Thread] DEBUG FXGLDisplay          - Scene size: 960.0x840.0
11:22:30.632 [JavaFX Application Thread] DEBUG FXGLDisplay          - Stage size: 978.0x885.0
11:22:30.885 [FXGL Background Thread 1 ] DEBUG GameWorld            - Resetting game world
11:22:30.886 [FXGL Background Thread 1 ] TRACE EntityWorld          - Resetting entity world
11:22:30.886 [FXGL Background Thread 1 ] DEBUG PhysicsWorld         - Resetting physics world
11:22:30.886 [FXGL Background Thread 1 ] DEBUG GameScene            - Resetting game scene
11:22:30.886 [FXGL Background Thread 1 ] DEBUG GameWorld            - Setting level: com.almasb.fxgl.gameplay.Level@6f0c0d1c
11:22:30.889 [FXGL Background Thread 1 ] DEBUG InitAppTask          - Initializing Physics
11:22:30.890 [FXGL Background Thread 1 ] DEBUG InitAppTask          - Initializing UI
11:22:30.894 [FXGL Background Thread 1 ] DEBUG FXGLAssetLoader      - Loading from disk: /assets/ui/pacman_ui.fxml
11:22:30.948 [FXGL Background Thread 1 ] DEBUG GameScene            - Adding UI node: Pane@7f9fb4f8
11:22:30.948 [FXGL Background Thread 1 ] DEBUG InitAppTask          - Initialization Complete
11:22:30.950 [JavaFX Application Thread] DEBUG FXGLInput            - Clearing active input actions
11:22:30.951 [JavaFX Application Thread] DEBUG FXGLMasterTimer      - Starting master timer
11:22:30.951 [JavaFX Application Thread] DEBUG GameApplication      - State: LOADING -> PLAYING
11:22:30.960 [JavaFX Application Thread] DEBUG FXGLEventBus         - Firing event: FXGLEvent[type=RESUME]
11:22:30.965 [JavaFX Application Thread] DEBUG GameScene            - Entity added to scene
11:22:30.965 [JavaFX Application Thread] DEBUG GameScene            - Added MainViewComponent
11:22:30.967 [JavaFX Application Thread] DEBUG GameScene            - Creating render group for layer: PLAYGROUND(1073741823)
11:22:30.970 [JavaFX Application Thread] DEBUG GameScene            - Entity added to scene
11:22:30.971 [JavaFX Application Thread] DEBUG GameScene            - Added MainViewComponent
11:22:30.971 [JavaFX Application Thread] DEBUG GameScene            - Entity added to scene
11:22:30.971 [JavaFX Application Thread] DEBUG GameScene            - Added MainViewComponent
11:22:30.971 [JavaFX Application Thread] DEBUG GameScene            - Entity added to scene
11:22:30.971 [JavaFX Application Thread] DEBUG GameScene            - Added MainViewComponent
11:22:30.971 [JavaFX Application Thread] DEBUG GameScene            - Entity added to scene
11:22:30.972 [JavaFX Application Thread] DEBUG GameScene            - Added MainViewComponent
11:22:30.972 [JavaFX Application Thread] DEBUG GameScene            - Entity added to scene
11:22:30.972 [JavaFX Application Thread] DEBUG GameScene            - Added MainViewComponent
11:22:30.972 [JavaFX Application Thread] DEBUG GameScene            - Entity added to scene
11:22:30.972 [JavaFX Application Thread] DEBUG GameScene            - Added MainViewComponent
11:22:30.973 [JavaFX Application Thread] DEBUG GameScene            - Entity added to scene
11:22:30.973 [JavaFX Application Thread] DEBUG GameScene            - Added MainViewComponent
11:22:30.973 [JavaFX Application Thread] DEBUG GameScene            - Entity added to scene
11:22:30.973 [JavaFX Application Thread] DEBUG GameScene            - Added MainViewComponent
11:22:30.973 [JavaFX Application Thread] DEBUG GameScene            - Entity added to scene
11:22:30.973 [JavaFX Application Thread] DEBUG GameScene            - Added MainViewComponent
11:22:30.974 [JavaFX Application Thread] DEBUG GameScene            - Entity added to scene
11:22:30.974 [JavaFX Application Thread] DEBUG GameScene            - Added MainViewComponent
11:22:30.974 [JavaFX Application Thread] DEBUG GameScene            - Entity added to scene
11:22:30.974 [JavaFX Application Thread] DEBUG GameScene            - Added MainViewComponent
11:22:30.974 [JavaFX Application Thread] DEBUG GameScene            - Entity added to scene
11:22:30.974 [JavaFX Application Thread] DEBUG GameScene            - Added MainViewComponent
11:22:30.975 [JavaFX Application Thread] DEBUG GameScene            - Entity added to scene
11:22:30.975 [JavaFX Application Thread] DEBUG GameScene            - Added MainViewComponent
11:22:30.975 [JavaFX Application Thread] DEBUG GameScene            - Entity added to scene
11:22:30.975 [JavaFX Application Thread] DEBUG GameScene            - Added MainViewComponent
11:22:30.975 [JavaFX Application Thread] DEBUG GameScene            - Entity added to scene
11:22:30.975 [JavaFX Application Thread] DEBUG GameScene            - Added MainViewComponent
11:22:30.976 [JavaFX Application Thread] DEBUG GameScene            - Entity added to scene
11:22:30.976 [JavaFX Application Thread] DEBUG GameScene            - Added MainViewComponent
11:22:30.976 [JavaFX Application Thread] DEBUG GameScene            - Entity added to scene
11:22:30.976 [JavaFX Application Thread] DEBUG GameScene            - Added MainViewComponent
11:22:30.976 [JavaFX Application Thread] DEBUG GameScene            - Entity added to scene
11:22:30.976 [JavaFX Application Thread] DEBUG GameScene            - Added MainViewComponent
11:22:30.977 [JavaFX Application Thread] DEBUG GameScene            - Entity added to scene
11:22:30.977 [JavaFX Application Thread] DEBUG GameScene            - Added MainViewComponent
11:22:30.977 [JavaFX Application Thread] DEBUG GameScene            - Entity added to scene
11:22:30.977 [JavaFX Application Thread] DEBUG GameScene            - Added MainViewComponent
11:22:30.977 [JavaFX Application Thread] DEBUG GameScene            - Entity added to scene
11:22:30.977 [JavaFX Application Thread] DEBUG GameScene            - Added MainViewComponent
11:22:30.977 [JavaFX Application Thread] DEBUG GameScene            - Entity added to scene
11:22:30.977 [JavaFX Application Thread] DEBUG GameScene            - Added MainViewComponent
11:22:30.978 [JavaFX Application Thread] DEBUG GameScene            - Entity added to scene
11:22:30.978 [JavaFX Application Thread] DEBUG GameScene            - Added MainViewComponent
11:22:30.978 [JavaFX Application Thread] DEBUG GameScene            - Entity added to scene
11:22:30.978 [JavaFX Application Thread] DEBUG GameScene            - Added MainViewComponent
11:22:30.978 [JavaFX Application Thread] DEBUG GameScene            - Entity added to scene
11:22:30.978 [JavaFX Application Thread] DEBUG GameScene            - Added MainViewComponent
11:22:30.978 [JavaFX Application Thread] DEBUG GameScene            - Entity added to scene
11:22:30.978 [JavaFX Application Thread] DEBUG GameScene            - Added MainViewComponent
11:22:30.978 [JavaFX Application Thread] DEBUG GameScene            - Entity added to scene
11:22:30.979 [JavaFX Application Thread] DEBUG GameScene            - Added MainViewComponent
11:22:30.979 [JavaFX Application Thread] DEBUG GameScene            - Entity added to scene
11:22:30.979 [JavaFX Application Thread] DEBUG GameScene            - Added MainViewComponent
11:22:30.979 [JavaFX Application Thread] DEBUG GameScene            - Entity added to scene
11:22:30.979 [JavaFX Application Thread] DEBUG GameScene            - Added MainViewComponent
11:22:30.979 [JavaFX Application Thread] DEBUG GameScene            - Entity added to scene
11:22:30.979 [JavaFX Application Thread] DEBUG GameScene            - Added MainViewComponent
11:22:30.979 [JavaFX Application Thread] DEBUG GameScene            - Entity added to scene
11:22:30.979 [JavaFX Application Thread] DEBUG GameScene            - Added MainViewComponent
11:22:30.980 [JavaFX Application Thread] DEBUG GameScene            - Entity added to scene
11:22:30.980 [JavaFX Application Thread] DEBUG GameScene            - Added MainViewComponent
11:22:30.980 [JavaFX Application Thread] DEBUG GameScene            - Entity added to scene
11:22:30.980 [JavaFX Application Thread] DEBUG GameScene            - Added MainViewComponent
11:22:30.980 [JavaFX Application Thread] DEBUG GameScene            - Entity added to scene
11:22:30.980 [JavaFX Application Thread] DEBUG GameScene            - Added MainViewComponent
11:22:30.980 [JavaFX Application Thread] DEBUG GameScene            - Creating render group for layer: TOP(2147483647)
11:22:30.980 [JavaFX Application Thread] DEBUG GameScene            - Entity added to scene
11:22:30.980 [JavaFX Application Thread] DEBUG GameScene            - Added MainViewComponent
11:22:30.981 [JavaFX Application Thread] DEBUG GameScene            - Entity added to scene
11:22:30.981 [JavaFX Application Thread] DEBUG GameScene            - Added MainViewComponent
11:22:30.981 [JavaFX Application Thread] DEBUG GameScene            - Entity added to scene
11:22:30.981 [JavaFX Application Thread] DEBUG GameScene            - Added MainViewComponent
11:22:30.981 [JavaFX Application Thread] DEBUG GameScene            - Entity added to scene
11:22:30.981 [JavaFX Application Thread] DEBUG GameScene            - Added MainViewComponent
11:22:30.981 [JavaFX Application Thread] DEBUG GameScene            - Entity added to scene
11:22:30.981 [JavaFX Application Thread] DEBUG GameScene            - Added MainViewComponent
11:22:30.982 [JavaFX Application Thread] DEBUG GameScene            - Entity added to scene
11:22:30.982 [JavaFX Application Thread] DEBUG GameScene            - Added MainViewComponent
11:22:30.982 [JavaFX Application Thread] DEBUG GameScene            - Entity added to scene
11:22:30.982 [JavaFX Application Thread] DEBUG GameScene            - Added MainViewComponent
11:22:30.982 [JavaFX Application Thread] DEBUG GameScene            - Entity added to scene
11:22:30.982 [JavaFX Application Thread] DEBUG GameScene            - Added MainViewComponent
11:22:30.983 [JavaFX Application Thread] DEBUG GameScene            - Entity added to scene
11:22:30.983 [JavaFX Application Thread] DEBUG GameScene            - Added MainViewComponent
11:22:30.983 [JavaFX Application Thread] DEBUG GameScene            - Entity added to scene
11:22:30.983 [JavaFX Application Thread] DEBUG GameScene            - Added MainViewComponent
11:22:30.983 [JavaFX Application Thread] DEBUG GameScene            - Entity added to scene
11:22:30.983 [JavaFX Application Thread] DEBUG GameScene            - Added MainViewComponent
11:22:30.983 [JavaFX Application Thread] DEBUG GameScene            - Entity added to scene
11:22:30.983 [JavaFX Application Thread] DEBUG GameScene            - Added MainViewComponent
11:22:30.984 [JavaFX Application Thread] DEBUG GameScene            - Entity added to scene
11:22:30.984 [JavaFX Application Thread] DEBUG GameScene            - Added MainViewComponent
11:22:30.984 [JavaFX Application Thread] DEBUG GameScene            - Entity added to scene
11:22:30.984 [JavaFX Application Thread] DEBUG GameScene            - Added MainViewComponent
11:22:30.984 [JavaFX Application Thread] DEBUG GameScene            - Entity added to scene
11:22:30.984 [JavaFX Application Thread] DEBUG GameScene            - Added MainViewComponent
11:22:30.984 [JavaFX Application Thread] DEBUG GameScene            - Entity added to scene
11:22:30.984 [JavaFX Application Thread] DEBUG GameScene            - Added MainViewComponent
11:22:30.984 [JavaFX Application Thread] DEBUG GameScene            - Entity added to scene
11:22:30.984 [JavaFX Application Thread] DEBUG GameScene            - Added MainViewComponent
11:22:30.985 [JavaFX Application Thread] DEBUG GameScene            - Entity added to scene
11:22:30.985 [JavaFX Application Thread] DEBUG GameScene            - Added MainViewComponent
11:22:30.985 [JavaFX Application Thread] DEBUG GameScene            - Entity added to scene
11:22:30.985 [JavaFX Application Thread] DEBUG GameScene            - Added MainViewComponent
11:22:30.985 [JavaFX Application Thread] DEBUG GameScene            - Entity added to scene
11:22:30.985 [JavaFX Application Thread] DEBUG GameScene            - Added MainViewComponent
11:22:30.985 [JavaFX Application Thread] DEBUG GameScene            - Entity added to scene
11:22:30.985 [JavaFX Application Thread] DEBUG GameScene            - Added MainViewComponent
11:22:30.985 [JavaFX Application Thread] DEBUG GameScene            - Entity added to scene
11:22:30.985 [JavaFX Application Thread] DEBUG GameScene            - Added MainViewComponent
11:22:30.986 [JavaFX Application Thread] DEBUG GameScene            - Entity added to scene
11:22:30.986 [JavaFX Application Thread] DEBUG GameScene            - Added MainViewComponent
11:22:30.986 [JavaFX Application Thread] DEBUG GameScene            - Entity added to scene
11:22:30.986 [JavaFX Application Thread] DEBUG GameScene            - Added MainViewComponent
11:22:30.986 [JavaFX Application Thread] DEBUG GameScene            - Entity added to scene
11:22:30.986 [JavaFX Application Thread] DEBUG GameScene            - Added MainViewComponent
11:22:30.987 [JavaFX Application Thread] DEBUG GameScene            - Entity added to scene
11:22:30.987 [JavaFX Application Thread] DEBUG GameScene            - Added MainViewComponent
11:22:30.987 [JavaFX Application Thread] DEBUG GameScene            - Entity added to scene
11:22:30.987 [JavaFX Application Thread] DEBUG GameScene            - Added MainViewComponent
11:22:30.987 [JavaFX Application Thread] DEBUG GameScene            - Entity added to scene
11:22:30.987 [JavaFX Application Thread] DEBUG GameScene            - Added MainViewComponent
11:22:30.987 [JavaFX Application Thread] DEBUG GameScene            - Entity added to scene
11:22:30.988 [JavaFX Application Thread] DEBUG GameScene            - Added MainViewComponent
11:22:30.988 [JavaFX Application Thread] DEBUG GameScene            - Entity added to scene
11:22:30.988 [JavaFX Application Thread] DEBUG GameScene            - Added MainViewComponent
11:22:30.988 [JavaFX Application Thread] DEBUG GameScene            - Entity added to scene
11:22:30.988 [JavaFX Application Thread] DEBUG GameScene            - Added MainViewComponent
11:22:30.988 [JavaFX Application Thread] DEBUG GameScene            - Entity added to scene
11:22:30.988 [JavaFX Application Thread] DEBUG GameScene            - Added MainViewComponent
11:22:30.988 [JavaFX Application Thread] DEBUG GameScene            - Entity added to scene
11:22:30.988 [JavaFX Application Thread] DEBUG GameScene            - Added MainViewComponent
11:22:30.988 [JavaFX Application Thread] DEBUG GameScene            - Entity added to scene
11:22:30.989 [JavaFX Application Thread] DEBUG GameScene            - Added MainViewComponent
11:22:30.989 [JavaFX Application Thread] DEBUG GameScene            - Entity added to scene
11:22:30.989 [JavaFX Application Thread] DEBUG GameScene            - Added MainViewComponent
11:22:30.989 [JavaFX Application Thread] DEBUG GameScene            - Entity added to scene
11:22:30.989 [JavaFX Application Thread] DEBUG GameScene            - Added MainViewComponent
11:22:30.990 [JavaFX Application Thread] DEBUG GameScene            - Entity added to scene
11:22:30.990 [JavaFX Application Thread] DEBUG GameScene            - Added MainViewComponent
11:22:30.991 [JavaFX Application Thread] DEBUG GameScene            - Entity added to scene
11:22:30.991 [JavaFX Application Thread] DEBUG GameScene            - Added MainViewComponent
11:22:30.992 [JavaFX Application Thread] DEBUG GameScene            - Entity added to scene
11:22:30.992 [JavaFX Application Thread] DEBUG GameScene            - Added MainViewComponent
11:22:30.992 [JavaFX Application Thread] DEBUG GameScene            - Entity added to scene
11:22:30.992 [JavaFX Application Thread] DEBUG GameScene            - Added MainViewComponent
11:22:30.992 [JavaFX Application Thread] DEBUG GameScene            - Entity added to scene
11:22:30.992 [JavaFX Application Thread] DEBUG GameScene            - Added MainViewComponent
11:22:30.993 [JavaFX Application Thread] DEBUG GameScene            - Entity added to scene
11:22:30.993 [JavaFX Application Thread] DEBUG GameScene            - Added MainViewComponent
11:22:30.993 [JavaFX Application Thread] DEBUG GameScene            - Entity added to scene
11:22:30.993 [JavaFX Application Thread] DEBUG GameScene            - Added MainViewComponent
11:22:30.993 [JavaFX Application Thread] DEBUG GameScene            - Entity added to scene
11:22:30.993 [JavaFX Application Thread] DEBUG GameScene            - Added MainViewComponent
11:22:30.994 [JavaFX Application Thread] DEBUG GameScene            - Entity added to scene
11:22:30.994 [JavaFX Application Thread] DEBUG GameScene            - Added MainViewComponent
11:22:30.994 [JavaFX Application Thread] DEBUG GameScene            - Entity added to scene
11:22:30.994 [JavaFX Application Thread] DEBUG GameScene            - Added MainViewComponent
11:22:30.994 [JavaFX Application Thread] DEBUG GameScene            - Entity added to scene
11:22:30.994 [JavaFX Application Thread] DEBUG GameScene            - Added MainViewComponent
11:22:30.994 [JavaFX Application Thread] DEBUG GameScene            - Entity added to scene
11:22:30.994 [JavaFX Application Thread] DEBUG GameScene            - Added MainViewComponent
11:22:30.995 [JavaFX Application Thread] DEBUG GameScene            - Entity added to scene
11:22:30.995 [JavaFX Application Thread] DEBUG GameScene            - Added MainViewComponent
11:22:30.995 [JavaFX Application Thread] DEBUG GameScene            - Entity added to scene
11:22:30.995 [JavaFX Application Thread] DEBUG GameScene            - Added MainViewComponent
11:22:30.995 [JavaFX Application Thread] DEBUG GameScene            - Entity added to scene
11:22:30.995 [JavaFX Application Thread] DEBUG GameScene            - Added MainViewComponent
11:22:30.995 [JavaFX Application Thread] DEBUG GameScene            - Entity added to scene
11:22:30.995 [JavaFX Application Thread] DEBUG GameScene            - Added MainViewComponent
11:22:30.996 [JavaFX Application Thread] DEBUG GameScene            - Entity added to scene
11:22:30.996 [JavaFX Application Thread] DEBUG GameScene            - Added MainViewComponent
11:22:30.996 [JavaFX Application Thread] DEBUG GameScene            - Entity added to scene
11:22:30.996 [JavaFX Application Thread] DEBUG GameScene            - Added MainViewComponent
11:22:30.996 [JavaFX Application Thread] DEBUG GameScene            - Entity added to scene
11:22:30.996 [JavaFX Application Thread] DEBUG GameScene            - Added MainViewComponent
11:22:30.996 [JavaFX Application Thread] DEBUG GameScene            - Entity added to scene
11:22:30.996 [JavaFX Application Thread] DEBUG GameScene            - Added MainViewComponent
11:22:30.997 [JavaFX Application Thread] DEBUG GameScene            - Entity added to scene
11:22:30.997 [JavaFX Application Thread] DEBUG GameScene            - Added MainViewComponent
11:22:30.997 [JavaFX Application Thread] DEBUG GameScene            - Entity added to scene
11:22:30.997 [JavaFX Application Thread] DEBUG GameScene            - Added MainViewComponent
11:22:30.998 [JavaFX Application Thread] DEBUG GameScene            - Entity added to scene
11:22:30.998 [JavaFX Application Thread] DEBUG GameScene            - Added MainViewComponent
11:22:30.998 [JavaFX Application Thread] DEBUG GameScene            - Entity added to scene
11:22:30.999 [JavaFX Application Thread] DEBUG GameScene            - Added MainViewComponent
11:22:30.999 [JavaFX Application Thread] DEBUG GameScene            - Entity added to scene
11:22:30.999 [JavaFX Application Thread] DEBUG GameScene            - Added MainViewComponent
11:22:31.000 [JavaFX Application Thread] DEBUG GameScene            - Entity added to scene
11:22:31.000 [JavaFX Application Thread] DEBUG GameScene            - Added MainViewComponent
11:22:31.000 [JavaFX Application Thread] DEBUG GameScene            - Entity added to scene
11:22:31.000 [JavaFX Application Thread] DEBUG GameScene            - Added MainViewComponent
11:22:31.000 [JavaFX Application Thread] DEBUG GameScene            - Entity added to scene
11:22:31.000 [JavaFX Application Thread] DEBUG GameScene            - Added MainViewComponent
11:22:31.000 [JavaFX Application Thread] DEBUG GameScene            - Entity added to scene
11:22:31.000 [JavaFX Application Thread] DEBUG GameScene            - Added MainViewComponent
11:22:31.001 [JavaFX Application Thread] DEBUG GameScene            - Entity added to scene
11:22:31.001 [JavaFX Application Thread] DEBUG GameScene            - Added MainViewComponent
11:22:31.001 [JavaFX Application Thread] DEBUG GameScene            - Entity added to scene
11:22:31.001 [JavaFX Application Thread] DEBUG GameScene            - Added MainViewComponent
11:22:31.001 [JavaFX Application Thread] DEBUG GameScene            - Entity added to scene
11:22:31.001 [JavaFX Application Thread] DEBUG GameScene            - Added MainViewComponent
11:22:31.001 [JavaFX Application Thread] DEBUG GameScene            - Entity added to scene
11:22:31.001 [JavaFX Application Thread] DEBUG GameScene            - Added MainViewComponent
11:22:31.001 [JavaFX Application Thread] DEBUG GameScene            - Entity added to scene
11:22:31.002 [JavaFX Application Thread] DEBUG GameScene            - Added MainViewComponent
11:22:31.002 [JavaFX Application Thread] DEBUG GameScene            - Entity added to scene
11:22:31.002 [JavaFX Application Thread] DEBUG GameScene            - Added MainViewComponent
11:22:31.002 [JavaFX Application Thread] DEBUG GameScene            - Entity added to scene
11:22:31.002 [JavaFX Application Thread] DEBUG GameScene            - Added MainViewComponent
11:22:31.002 [JavaFX Application Thread] DEBUG GameScene            - Entity added to scene
11:22:31.002 [JavaFX Application Thread] DEBUG GameScene            - Added MainViewComponent
11:22:31.003 [JavaFX Application Thread] DEBUG GameScene            - Entity added to scene
11:22:31.003 [JavaFX Application Thread] DEBUG GameScene            - Added MainViewComponent
11:22:31.003 [JavaFX Application Thread] DEBUG GameScene            - Entity added to scene
11:22:31.003 [JavaFX Application Thread] DEBUG GameScene            - Added MainViewComponent
11:22:31.003 [JavaFX Application Thread] DEBUG GameScene            - Entity added to scene
11:22:31.003 [JavaFX Application Thread] DEBUG GameScene            - Added MainViewComponent
11:22:31.003 [JavaFX Application Thread] DEBUG GameScene            - Entity added to scene
11:22:31.003 [JavaFX Application Thread] DEBUG GameScene            - Added MainViewComponent
11:22:31.004 [JavaFX Application Thread] DEBUG GameScene            - Entity added to scene
11:22:31.004 [JavaFX Application Thread] DEBUG GameScene            - Added MainViewComponent
11:22:31.004 [JavaFX Application Thread] DEBUG GameScene            - Entity added to scene
11:22:31.004 [JavaFX Application Thread] DEBUG GameScene            - Added MainViewComponent
11:22:31.004 [JavaFX Application Thread] DEBUG GameScene            - Entity added to scene
11:22:31.004 [JavaFX Application Thread] DEBUG GameScene            - Added MainViewComponent
11:22:31.004 [JavaFX Application Thread] DEBUG GameScene            - Entity added to scene
11:22:31.004 [JavaFX Application Thread] DEBUG GameScene            - Added MainViewComponent
11:22:31.004 [JavaFX Application Thread] DEBUG GameScene            - Entity added to scene
11:22:31.004 [JavaFX Application Thread] DEBUG GameScene            - Added MainViewComponent
11:22:31.004 [JavaFX Application Thread] DEBUG GameScene            - Entity added to scene
11:22:31.005 [JavaFX Application Thread] DEBUG GameScene            - Added MainViewComponent
11:22:31.005 [JavaFX Application Thread] DEBUG GameScene            - Entity added to scene
11:22:31.005 [JavaFX Application Thread] DEBUG GameScene            - Added MainViewComponent
11:22:31.005 [JavaFX Application Thread] DEBUG GameScene            - Entity added to scene
11:22:31.005 [JavaFX Application Thread] DEBUG GameScene            - Added MainViewComponent
11:22:31.005 [JavaFX Application Thread] DEBUG GameScene            - Entity added to scene
11:22:31.005 [JavaFX Application Thread] DEBUG GameScene            - Added MainViewComponent
11:22:31.005 [JavaFX Application Thread] DEBUG GameScene            - Entity added to scene
11:22:31.005 [JavaFX Application Thread] DEBUG GameScene            - Added MainViewComponent
11:22:31.006 [JavaFX Application Thread] DEBUG GameScene            - Entity added to scene
11:22:31.006 [JavaFX Application Thread] DEBUG GameScene            - Added MainViewComponent
11:22:31.006 [JavaFX Application Thread] DEBUG GameScene            - Entity added to scene
11:22:31.007 [JavaFX Application Thread] DEBUG GameScene            - Added MainViewComponent
11:22:31.007 [JavaFX Application Thread] DEBUG GameScene            - Entity added to scene
11:22:31.007 [JavaFX Application Thread] DEBUG GameScene            - Added MainViewComponent
11:22:31.007 [JavaFX Application Thread] DEBUG GameScene            - Entity added to scene
11:22:31.007 [JavaFX Application Thread] DEBUG GameScene            - Added MainViewComponent
11:22:31.008 [JavaFX Application Thread] DEBUG GameScene            - Entity added to scene
11:22:31.008 [JavaFX Application Thread] DEBUG GameScene            - Added MainViewComponent
11:22:31.008 [JavaFX Application Thread] DEBUG GameScene            - Entity added to scene
11:22:31.008 [JavaFX Application Thread] DEBUG GameScene            - Added MainViewComponent
11:22:31.008 [JavaFX Application Thread] DEBUG GameScene            - Entity added to scene
11:22:31.009 [JavaFX Application Thread] DEBUG GameScene            - Added MainViewComponent
11:22:31.009 [JavaFX Application Thread] DEBUG GameScene            - Entity added to scene
11:22:31.009 [JavaFX Application Thread] DEBUG GameScene            - Added MainViewComponent
11:22:31.009 [JavaFX Application Thread] DEBUG GameScene            - Entity added to scene
11:22:31.009 [JavaFX Application Thread] DEBUG GameScene            - Added MainViewComponent
11:22:31.009 [JavaFX Application Thread] DEBUG GameScene            - Entity added to scene
11:22:31.009 [JavaFX Application Thread] DEBUG GameScene            - Added MainViewComponent
11:22:31.009 [JavaFX Application Thread] DEBUG GameScene            - Entity added to scene
11:22:31.009 [JavaFX Application Thread] DEBUG GameScene            - Added MainViewComponent
11:22:31.010 [JavaFX Application Thread] DEBUG GameScene            - Entity added to scene
11:22:31.010 [JavaFX Application Thread] DEBUG GameScene            - Added MainViewComponent
11:22:31.010 [JavaFX Application Thread] DEBUG GameScene            - Entity added to scene
11:22:31.010 [JavaFX Application Thread] DEBUG GameScene            - Added MainViewComponent
11:22:31.010 [JavaFX Application Thread] DEBUG GameScene            - Entity added to scene
11:22:31.010 [JavaFX Application Thread] DEBUG GameScene            - Added MainViewComponent
11:22:31.010 [JavaFX Application Thread] DEBUG GameScene            - Entity added to scene
11:22:31.010 [JavaFX Application Thread] DEBUG GameScene            - Added MainViewComponent
11:22:31.010 [JavaFX Application Thread] DEBUG GameScene            - Entity added to scene
11:22:31.010 [JavaFX Application Thread] DEBUG GameScene            - Added MainViewComponent
11:22:31.010 [JavaFX Application Thread] DEBUG GameScene            - Entity added to scene
11:22:31.010 [JavaFX Application Thread] DEBUG GameScene            - Added MainViewComponent
11:22:31.011 [JavaFX Application Thread] DEBUG GameScene            - Entity added to scene
11:22:31.011 [JavaFX Application Thread] DEBUG GameScene            - Added MainViewComponent
11:22:31.011 [JavaFX Application Thread] DEBUG GameScene            - Entity added to scene
11:22:31.011 [JavaFX Application Thread] DEBUG GameScene            - Added MainViewComponent
11:22:31.011 [JavaFX Application Thread] DEBUG GameScene            - Entity added to scene
11:22:31.011 [JavaFX Application Thread] DEBUG GameScene            - Added MainViewComponent
11:22:31.011 [JavaFX Application Thread] DEBUG GameScene            - Entity added to scene
11:22:31.011 [JavaFX Application Thread] DEBUG GameScene            - Added MainViewComponent
11:22:31.011 [JavaFX Application Thread] DEBUG GameScene            - Entity added to scene
11:22:31.011 [JavaFX Application Thread] DEBUG GameScene            - Added MainViewComponent
11:22:31.012 [JavaFX Application Thread] DEBUG GameScene            - Entity added to scene
11:22:31.012 [JavaFX Application Thread] DEBUG GameScene            - Added MainViewComponent
11:22:31.012 [JavaFX Application Thread] DEBUG GameScene            - Entity added to scene
11:22:31.012 [JavaFX Application Thread] DEBUG GameScene            - Added MainViewComponent
11:22:31.012 [JavaFX Application Thread] DEBUG GameScene            - Entity added to scene
11:22:31.012 [JavaFX Application Thread] DEBUG GameScene            - Added MainViewComponent
11:22:31.012 [JavaFX Application Thread] DEBUG GameScene            - Entity added to scene
11:22:31.012 [JavaFX Application Thread] DEBUG GameScene            - Added MainViewComponent
11:22:31.012 [JavaFX Application Thread] DEBUG GameScene            - Entity added to scene
11:22:31.013 [JavaFX Application Thread] DEBUG GameScene            - Added MainViewComponent
11:22:31.013 [JavaFX Application Thread] DEBUG GameScene            - Entity added to scene
11:22:31.013 [JavaFX Application Thread] DEBUG GameScene            - Added MainViewComponent
11:22:31.013 [JavaFX Application Thread] DEBUG GameScene            - Entity added to scene
11:22:31.013 [JavaFX Application Thread] DEBUG GameScene            - Added MainViewComponent
11:22:31.013 [JavaFX Application Thread] DEBUG GameScene            - Entity added to scene
11:22:31.013 [JavaFX Application Thread] DEBUG GameScene            - Added MainViewComponent
11:22:31.013 [JavaFX Application Thread] DEBUG GameScene            - Entity added to scene
11:22:31.013 [JavaFX Application Thread] DEBUG GameScene            - Added MainViewComponent
11:22:31.013 [JavaFX Application Thread] DEBUG GameScene            - Entity added to scene
11:22:31.013 [JavaFX Application Thread] DEBUG GameScene            - Added MainViewComponent
11:22:31.013 [JavaFX Application Thread] DEBUG GameScene            - Entity added to scene
11:22:31.013 [JavaFX Application Thread] DEBUG GameScene            - Added MainViewComponent
11:22:31.014 [JavaFX Application Thread] DEBUG GameScene            - Entity added to scene
11:22:31.014 [JavaFX Application Thread] DEBUG GameScene            - Added MainViewComponent
11:22:31.014 [JavaFX Application Thread] DEBUG GameScene            - Entity added to scene
11:22:31.014 [JavaFX Application Thread] DEBUG GameScene            - Added MainViewComponent
11:22:31.014 [JavaFX Application Thread] DEBUG GameScene            - Entity added to scene
11:22:31.015 [JavaFX Application Thread] DEBUG GameScene            - Added MainViewComponent
11:22:31.015 [JavaFX Application Thread] DEBUG GameScene            - Entity added to scene
11:22:31.015 [JavaFX Application Thread] DEBUG GameScene            - Added MainViewComponent
11:22:31.015 [JavaFX Application Thread] DEBUG GameScene            - Entity added to scene
11:22:31.015 [JavaFX Application Thread] DEBUG GameScene            - Added MainViewComponent
11:22:31.015 [JavaFX Application Thread] DEBUG GameScene            - Entity added to scene
11:22:31.015 [JavaFX Application Thread] DEBUG GameScene            - Added MainViewComponent
11:22:31.016 [JavaFX Application Thread] DEBUG GameScene            - Entity added to scene
11:22:31.016 [JavaFX Application Thread] DEBUG GameScene            - Added MainViewComponent
11:22:31.016 [JavaFX Application Thread] DEBUG GameScene            - Entity added to scene
11:22:31.016 [JavaFX Application Thread] DEBUG GameScene            - Added MainViewComponent
11:22:31.016 [JavaFX Application Thread] DEBUG GameScene            - Entity added to scene
11:22:31.016 [JavaFX Application Thread] DEBUG GameScene            - Added MainViewComponent
11:22:31.016 [JavaFX Application Thread] DEBUG GameScene            - Entity added to scene
11:22:31.017 [JavaFX Application Thread] DEBUG GameScene            - Added MainViewComponent
11:22:31.017 [JavaFX Application Thread] DEBUG GameScene            - Entity added to scene
11:22:31.017 [JavaFX Application Thread] DEBUG GameScene            - Added MainViewComponent
11:22:31.017 [JavaFX Application Thread] DEBUG GameScene            - Entity added to scene
11:22:31.017 [JavaFX Application Thread] DEBUG GameScene            - Added MainViewComponent
11:22:31.017 [JavaFX Application Thread] DEBUG GameScene            - Entity added to scene
11:22:31.017 [JavaFX Application Thread] DEBUG GameScene            - Added MainViewComponent
11:22:31.017 [JavaFX Application Thread] DEBUG GameScene            - Entity added to scene
11:22:31.017 [JavaFX Application Thread] DEBUG GameScene            - Added MainViewComponent
11:22:31.018 [JavaFX Application Thread] DEBUG GameScene            - Entity added to scene
11:22:31.018 [JavaFX Application Thread] DEBUG GameScene            - Added MainViewComponent
11:22:31.018 [JavaFX Application Thread] DEBUG GameScene            - Entity added to scene
11:22:31.018 [JavaFX Application Thread] DEBUG GameScene            - Added MainViewComponent
11:22:31.018 [JavaFX Application Thread] DEBUG GameScene            - Entity added to scene
11:22:31.018 [JavaFX Application Thread] DEBUG GameScene            - Added MainViewComponent
11:22:31.018 [JavaFX Application Thread] DEBUG GameScene            - Entity added to scene
11:22:31.018 [JavaFX Application Thread] DEBUG GameScene            - Added MainViewComponent
11:22:31.018 [JavaFX Application Thread] DEBUG GameScene            - Entity added to scene
11:22:31.019 [JavaFX Application Thread] DEBUG GameScene            - Added MainViewComponent
11:22:31.019 [JavaFX Application Thread] DEBUG GameScene            - Entity added to scene
11:22:31.019 [JavaFX Application Thread] DEBUG GameScene            - Added MainViewComponent
11:22:31.019 [JavaFX Application Thread] DEBUG GameScene            - Entity added to scene
11:22:31.019 [JavaFX Application Thread] DEBUG GameScene            - Added MainViewComponent
11:22:31.019 [JavaFX Application Thread] DEBUG GameScene            - Entity added to scene
11:22:31.019 [JavaFX Application Thread] DEBUG GameScene            - Added MainViewComponent
11:22:31.019 [JavaFX Application Thread] DEBUG GameScene            - Entity added to scene
11:22:31.019 [JavaFX Application Thread] DEBUG GameScene            - Added MainViewComponent
11:22:31.019 [JavaFX Application Thread] DEBUG GameScene            - Entity added to scene
11:22:31.019 [JavaFX Application Thread] DEBUG GameScene            - Added MainViewComponent
11:22:31.019 [JavaFX Application Thread] DEBUG GameScene            - Entity added to scene
11:22:31.019 [JavaFX Application Thread] DEBUG GameScene            - Added MainViewComponent
11:22:31.020 [JavaFX Application Thread] DEBUG GameScene            - Entity added to scene
11:22:31.020 [JavaFX Application Thread] DEBUG GameScene            - Added MainViewComponent
11:22:31.020 [JavaFX Application Thread] DEBUG GameScene            - Entity added to scene
11:22:31.020 [JavaFX Application Thread] DEBUG GameScene            - Added MainViewComponent
11:22:31.020 [JavaFX Application Thread] DEBUG GameScene            - Entity added to scene
11:22:31.020 [JavaFX Application Thread] DEBUG GameScene            - Added MainViewComponent
11:22:31.020 [JavaFX Application Thread] DEBUG GameScene            - Entity added to scene
11:22:31.020 [JavaFX Application Thread] DEBUG GameScene            - Added MainViewComponent
11:22:31.020 [JavaFX Application Thread] DEBUG GameScene            - Entity added to scene
11:22:31.020 [JavaFX Application Thread] DEBUG GameScene            - Added MainViewComponent
11:22:31.020 [JavaFX Application Thread] DEBUG GameScene            - Entity added to scene
11:22:31.021 [JavaFX Application Thread] DEBUG GameScene            - Added MainViewComponent
11:22:31.021 [JavaFX Application Thread] DEBUG GameScene            - Entity added to scene
11:22:31.021 [JavaFX Application Thread] DEBUG GameScene            - Added MainViewComponent
11:22:31.021 [JavaFX Application Thread] DEBUG GameScene            - Entity added to scene
11:22:31.021 [JavaFX Application Thread] DEBUG GameScene            - Added MainViewComponent
11:22:31.021 [JavaFX Application Thread] DEBUG GameScene            - Entity added to scene
11:22:31.021 [JavaFX Application Thread] DEBUG GameScene            - Added MainViewComponent
11:22:31.022 [JavaFX Application Thread] DEBUG GameScene            - Entity added to scene
11:22:31.022 [JavaFX Application Thread] DEBUG GameScene            - Added MainViewComponent
11:22:31.022 [JavaFX Application Thread] DEBUG GameScene            - Entity added to scene
11:22:31.022 [JavaFX Application Thread] DEBUG GameScene            - Added MainViewComponent
11:22:31.023 [JavaFX Application Thread] DEBUG GameScene            - Entity added to scene
11:22:31.023 [JavaFX Application Thread] DEBUG GameScene            - Added MainViewComponent
11:22:31.024 [JavaFX Application Thread] DEBUG GameScene            - Entity added to scene
11:22:31.024 [JavaFX Application Thread] DEBUG GameScene            - Added MainViewComponent
11:22:31.024 [JavaFX Application Thread] DEBUG GameScene            - Entity added to scene
11:22:31.024 [JavaFX Application Thread] DEBUG GameScene            - Added MainViewComponent
11:22:31.024 [JavaFX Application Thread] DEBUG GameScene            - Entity added to scene
11:22:31.024 [JavaFX Application Thread] DEBUG GameScene            - Added MainViewComponent
11:22:31.024 [JavaFX Application Thread] DEBUG GameScene            - Entity added to scene
11:22:31.024 [JavaFX Application Thread] DEBUG GameScene            - Added MainViewComponent
11:22:31.024 [JavaFX Application Thread] DEBUG GameScene            - Entity added to scene
11:22:31.024 [JavaFX Application Thread] DEBUG GameScene            - Added MainViewComponent
11:22:31.024 [JavaFX Application Thread] DEBUG GameScene            - Entity added to scene
11:22:31.025 [JavaFX Application Thread] DEBUG GameScene            - Added MainViewComponent
11:22:31.025 [JavaFX Application Thread] DEBUG GameScene            - Entity added to scene
11:22:31.025 [JavaFX Application Thread] DEBUG GameScene            - Added MainViewComponent
11:22:31.025 [JavaFX Application Thread] DEBUG GameScene            - Entity added to scene
11:22:31.025 [JavaFX Application Thread] DEBUG GameScene            - Added MainViewComponent
11:22:31.025 [JavaFX Application Thread] DEBUG GameScene            - Entity added to scene
11:22:31.025 [JavaFX Application Thread] DEBUG GameScene            - Added MainViewComponent
11:22:31.025 [JavaFX Application Thread] DEBUG GameScene            - Entity added to scene
11:22:31.025 [JavaFX Application Thread] DEBUG GameScene            - Added MainViewComponent
11:22:31.025 [JavaFX Application Thread] DEBUG GameScene            - Entity added to scene
11:22:31.025 [JavaFX Application Thread] DEBUG GameScene            - Added MainViewComponent
11:22:31.025 [JavaFX Application Thread] DEBUG GameScene            - Entity added to scene
11:22:31.026 [JavaFX Application Thread] DEBUG GameScene            - Added MainViewComponent
11:22:31.026 [JavaFX Application Thread] DEBUG GameScene            - Entity added to scene
11:22:31.026 [JavaFX Application Thread] DEBUG GameScene            - Added MainViewComponent
11:22:31.026 [JavaFX Application Thread] DEBUG GameScene            - Entity added to scene
11:22:31.026 [JavaFX Application Thread] DEBUG GameScene            - Added MainViewComponent
11:22:31.026 [JavaFX Application Thread] DEBUG GameScene            - Entity added to scene
11:22:31.026 [JavaFX Application Thread] DEBUG GameScene            - Added MainViewComponent
11:22:31.026 [JavaFX Application Thread] DEBUG GameScene            - Entity added to scene
11:22:31.026 [JavaFX Application Thread] DEBUG GameScene            - Added MainViewComponent
11:22:31.026 [JavaFX Application Thread] DEBUG GameScene            - Entity added to scene
11:22:31.026 [JavaFX Application Thread] DEBUG GameScene            - Added MainViewComponent
11:22:31.026 [JavaFX Application Thread] DEBUG GameScene            - Entity added to scene
11:22:31.026 [JavaFX Application Thread] DEBUG GameScene            - Added MainViewComponent
11:22:31.027 [JavaFX Application Thread] DEBUG GameScene            - Entity added to scene
11:22:31.027 [JavaFX Application Thread] DEBUG GameScene            - Added MainViewComponent
11:22:31.027 [JavaFX Application Thread] DEBUG GameScene            - Entity added to scene
11:22:31.027 [JavaFX Application Thread] DEBUG GameScene            - Added MainViewComponent
11:22:31.027 [JavaFX Application Thread] DEBUG GameScene            - Entity added to scene
11:22:31.027 [JavaFX Application Thread] DEBUG GameScene            - Added MainViewComponent
11:22:31.028 [JavaFX Application Thread] DEBUG GameScene            - Entity added to scene
11:22:31.028 [JavaFX Application Thread] DEBUG GameScene            - Added MainViewComponent
11:22:31.029 [JavaFX Application Thread] DEBUG GameScene            - Entity added to scene
11:22:31.029 [JavaFX Application Thread] DEBUG GameScene            - Added MainViewComponent
11:22:31.029 [JavaFX Application Thread] DEBUG GameScene            - Entity added to scene
11:22:31.029 [JavaFX Application Thread] DEBUG GameScene            - Added MainViewComponent
11:22:31.029 [JavaFX Application Thread] DEBUG GameScene            - Entity added to scene
11:22:31.030 [JavaFX Application Thread] DEBUG GameScene            - Added MainViewComponent
11:22:31.030 [JavaFX Application Thread] DEBUG GameScene            - Entity added to scene
11:22:31.030 [JavaFX Application Thread] DEBUG GameScene            - Added MainViewComponent
11:22:31.031 [JavaFX Application Thread] DEBUG GameScene            - Entity added to scene
11:22:31.031 [JavaFX Application Thread] DEBUG GameScene            - Added MainViewComponent
11:22:31.031 [JavaFX Application Thread] DEBUG GameScene            - Entity added to scene
11:22:31.031 [JavaFX Application Thread] DEBUG GameScene            - Added MainViewComponent
11:22:31.032 [JavaFX Application Thread] DEBUG GameScene            - Entity added to scene
11:22:31.032 [JavaFX Application Thread] DEBUG GameScene            - Added MainViewComponent
11:22:31.032 [JavaFX Application Thread] DEBUG GameScene            - Entity added to scene
11:22:31.032 [JavaFX Application Thread] DEBUG GameScene            - Added MainViewComponent
11:22:31.032 [JavaFX Application Thread] DEBUG GameScene            - Entity added to scene
11:22:31.032 [JavaFX Application Thread] DEBUG GameScene            - Added MainViewComponent
11:22:31.033 [JavaFX Application Thread] DEBUG GameScene            - Entity added to scene
11:22:31.033 [JavaFX Application Thread] DEBUG GameScene            - Added MainViewComponent
11:22:31.033 [JavaFX Application Thread] DEBUG GameScene            - Entity added to scene
11:22:31.033 [JavaFX Application Thread] DEBUG GameScene            - Added MainViewComponent
11:22:31.033 [JavaFX Application Thread] DEBUG GameScene            - Entity added to scene
11:22:31.033 [JavaFX Application Thread] DEBUG GameScene            - Added MainViewComponent
11:22:31.033 [JavaFX Application Thread] DEBUG GameScene            - Entity added to scene
11:22:31.033 [JavaFX Application Thread] DEBUG GameScene            - Added MainViewComponent
11:22:31.033 [JavaFX Application Thread] DEBUG GameScene            - Entity added to scene
11:22:31.033 [JavaFX Application Thread] DEBUG GameScene            - Added MainViewComponent
11:22:31.033 [JavaFX Application Thread] DEBUG GameScene            - Entity added to scene
11:22:31.034 [JavaFX Application Thread] DEBUG GameScene            - Added MainViewComponent
11:22:31.034 [JavaFX Application Thread] DEBUG GameScene            - Entity added to scene
11:22:31.034 [JavaFX Application Thread] DEBUG GameScene            - Added MainViewComponent
11:22:31.034 [JavaFX Application Thread] DEBUG GameScene            - Entity added to scene
11:22:31.034 [JavaFX Application Thread] DEBUG GameScene            - Added MainViewComponent
11:22:31.034 [JavaFX Application Thread] DEBUG GameScene            - Entity added to scene
11:22:31.034 [JavaFX Application Thread] DEBUG GameScene            - Added MainViewComponent
11:22:31.034 [JavaFX Application Thread] DEBUG GameScene            - Entity added to scene
11:22:31.035 [JavaFX Application Thread] DEBUG GameScene            - Added MainViewComponent
11:22:31.035 [JavaFX Application Thread] DEBUG GameScene            - Entity added to scene
11:22:31.035 [JavaFX Application Thread] DEBUG GameScene            - Added MainViewComponent
11:22:31.035 [JavaFX Application Thread] DEBUG GameScene            - Entity added to scene
11:22:31.035 [JavaFX Application Thread] DEBUG GameScene            - Added MainViewComponent
11:22:31.035 [JavaFX Application Thread] DEBUG GameScene            - Entity added to scene
11:22:31.035 [JavaFX Application Thread] DEBUG GameScene            - Added MainViewComponent
11:22:31.035 [JavaFX Application Thread] DEBUG GameScene            - Entity added to scene
11:22:31.035 [JavaFX Application Thread] DEBUG GameScene            - Added MainViewComponent
11:22:31.035 [JavaFX Application Thread] DEBUG GameScene            - Entity added to scene
11:22:31.036 [JavaFX Application Thread] DEBUG GameScene            - Added MainViewComponent
11:22:31.036 [JavaFX Application Thread] DEBUG GameScene            - Entity added to scene
11:22:31.036 [JavaFX Application Thread] DEBUG GameScene            - Added MainViewComponent
11:22:31.036 [JavaFX Application Thread] DEBUG GameScene            - Entity added to scene
11:22:31.036 [JavaFX Application Thread] DEBUG GameScene            - Added MainViewComponent
11:22:31.036 [JavaFX Application Thread] DEBUG GameScene            - Entity added to scene
11:22:31.036 [JavaFX Application Thread] DEBUG GameScene            - Added MainViewComponent
11:22:31.036 [JavaFX Application Thread] DEBUG GameScene            - Entity added to scene
11:22:31.036 [JavaFX Application Thread] DEBUG GameScene            - Added MainViewComponent
11:22:31.037 [JavaFX Application Thread] DEBUG GameScene            - Entity added to scene
11:22:31.037 [JavaFX Application Thread] DEBUG GameScene            - Added MainViewComponent
11:22:31.037 [JavaFX Application Thread] DEBUG GameScene            - Entity added to scene
11:22:31.037 [JavaFX Application Thread] DEBUG GameScene            - Added MainViewComponent
11:22:31.037 [JavaFX Application Thread] DEBUG GameScene            - Entity added to scene
11:22:31.037 [JavaFX Application Thread] DEBUG GameScene            - Added MainViewComponent
11:22:31.038 [JavaFX Application Thread] DEBUG GameScene            - Entity added to scene
11:22:31.038 [JavaFX Application Thread] DEBUG GameScene            - Added MainViewComponent
11:22:31.038 [JavaFX Application Thread] DEBUG GameScene            - Entity added to scene
11:22:31.038 [JavaFX Application Thread] DEBUG GameScene            - Added MainViewComponent
11:22:31.038 [JavaFX Application Thread] DEBUG GameScene            - Entity added to scene
11:22:31.038 [JavaFX Application Thread] DEBUG GameScene            - Added MainViewComponent
11:22:31.038 [JavaFX Application Thread] DEBUG GameScene            - Entity added to scene
11:22:31.039 [JavaFX Application Thread] DEBUG GameScene            - Added MainViewComponent
11:22:31.039 [JavaFX Application Thread] DEBUG GameScene            - Entity added to scene
11:22:31.039 [JavaFX Application Thread] DEBUG GameScene            - Added MainViewComponent
11:22:31.039 [JavaFX Application Thread] DEBUG GameScene            - Entity added to scene
11:22:31.040 [JavaFX Application Thread] DEBUG GameScene            - Added MainViewComponent
11:22:31.040 [JavaFX Application Thread] DEBUG GameScene            - Entity added to scene
11:22:31.040 [JavaFX Application Thread] DEBUG GameScene            - Added MainViewComponent
11:22:31.041 [JavaFX Application Thread] DEBUG GameScene            - Entity added to scene
11:22:31.041 [JavaFX Application Thread] DEBUG GameScene            - Added MainViewComponent
11:22:31.041 [JavaFX Application Thread] DEBUG GameScene            - Entity added to scene
11:22:31.041 [JavaFX Application Thread] DEBUG GameScene            - Added MainViewComponent
11:22:31.041 [JavaFX Application Thread] DEBUG GameScene            - Entity added to scene
11:22:31.041 [JavaFX Application Thread] DEBUG GameScene            - Added MainViewComponent
11:22:31.041 [JavaFX Application Thread] DEBUG GameScene            - Entity added to scene
11:22:31.041 [JavaFX Application Thread] DEBUG GameScene            - Added MainViewComponent
11:22:31.041 [JavaFX Application Thread] DEBUG GameScene            - Entity added to scene
11:22:31.041 [JavaFX Application Thread] DEBUG GameScene            - Added MainViewComponent
11:22:31.042 [JavaFX Application Thread] DEBUG GameScene            - Entity added to scene
11:22:31.042 [JavaFX Application Thread] DEBUG GameScene            - Added MainViewComponent
11:22:31.042 [JavaFX Application Thread] DEBUG GameScene            - Entity added to scene
11:22:31.042 [JavaFX Application Thread] DEBUG GameScene            - Added MainViewComponent
11:22:31.042 [JavaFX Application Thread] DEBUG GameScene            - Entity added to scene
11:22:31.042 [JavaFX Application Thread] DEBUG GameScene            - Added MainViewComponent
11:22:31.042 [JavaFX Application Thread] DEBUG GameScene            - Entity added to scene
11:22:31.042 [JavaFX Application Thread] DEBUG GameScene            - Added MainViewComponent
11:22:31.042 [JavaFX Application Thread] DEBUG GameScene            - Entity added to scene
11:22:31.042 [JavaFX Application Thread] DEBUG GameScene            - Added MainViewComponent
11:22:31.042 [JavaFX Application Thread] DEBUG GameScene            - Entity added to scene
11:22:31.042 [JavaFX Application Thread] DEBUG GameScene            - Added MainViewComponent
11:22:31.043 [JavaFX Application Thread] DEBUG GameScene            - Entity added to scene
11:22:31.043 [JavaFX Application Thread] DEBUG GameScene            - Added MainViewComponent
11:22:31.043 [JavaFX Application Thread] DEBUG GameScene            - Entity added to scene
11:22:31.043 [JavaFX Application Thread] DEBUG GameScene            - Added MainViewComponent
11:22:31.043 [JavaFX Application Thread] DEBUG GameScene            - Entity added to scene
11:22:31.043 [JavaFX Application Thread] DEBUG GameScene            - Added MainViewComponent
11:22:31.043 [JavaFX Application Thread] DEBUG GameScene            - Entity added to scene
11:22:31.043 [JavaFX Application Thread] DEBUG GameScene            - Added MainViewComponent
11:22:31.043 [JavaFX Application Thread] DEBUG GameScene            - Entity added to scene
11:22:31.043 [JavaFX Application Thread] DEBUG GameScene            - Added MainViewComponent
11:22:31.044 [JavaFX Application Thread] DEBUG GameScene            - Entity added to scene
11:22:31.044 [JavaFX Application Thread] DEBUG GameScene            - Added MainViewComponent
11:22:31.044 [JavaFX Application Thread] DEBUG GameScene            - Entity added to scene
11:22:31.044 [JavaFX Application Thread] DEBUG GameScene            - Added MainViewComponent
11:22:31.044 [JavaFX Application Thread] DEBUG GameScene            - Entity added to scene
11:22:31.044 [JavaFX Application Thread] DEBUG GameScene            - Added MainViewComponent
11:22:31.045 [JavaFX Application Thread] DEBUG GameScene            - Entity added to scene
11:22:31.045 [JavaFX Application Thread] DEBUG GameScene            - Added MainViewComponent
11:22:31.045 [JavaFX Application Thread] DEBUG GameScene            - Entity added to scene
11:22:31.045 [JavaFX Application Thread] DEBUG GameScene            - Added MainViewComponent
11:22:31.045 [JavaFX Application Thread] DEBUG GameScene            - Entity added to scene
11:22:31.045 [JavaFX Application Thread] DEBUG GameScene            - Added MainViewComponent
11:22:31.046 [JavaFX Application Thread] DEBUG GameScene            - Entity added to scene
11:22:31.047 [JavaFX Application Thread] DEBUG GameScene            - Added MainViewComponent
11:22:31.047 [JavaFX Application Thread] DEBUG GameScene            - Entity added to scene
11:22:31.047 [JavaFX Application Thread] DEBUG GameScene            - Added MainViewComponent
11:22:31.047 [JavaFX Application Thread] DEBUG GameScene            - Entity added to scene
11:22:31.047 [JavaFX Application Thread] DEBUG GameScene            - Added MainViewComponent
11:22:31.048 [JavaFX Application Thread] DEBUG GameScene            - Entity added to scene
11:22:31.048 [JavaFX Application Thread] DEBUG GameScene            - Added MainViewComponent
11:22:31.048 [JavaFX Application Thread] DEBUG GameScene            - Entity added to scene
11:22:31.048 [JavaFX Application Thread] DEBUG GameScene            - Added MainViewComponent
11:22:31.048 [JavaFX Application Thread] DEBUG GameScene            - Entity added to scene
11:22:31.048 [JavaFX Application Thread] DEBUG GameScene            - Added MainViewComponent
11:22:31.048 [JavaFX Application Thread] DEBUG GameScene            - Entity added to scene
11:22:31.049 [JavaFX Application Thread] DEBUG GameScene            - Added MainViewComponent
11:22:31.049 [JavaFX Application Thread] DEBUG GameScene            - Entity added to scene
11:22:31.049 [JavaFX Application Thread] DEBUG GameScene            - Added MainViewComponent
11:22:31.049 [JavaFX Application Thread] DEBUG GameScene            - Entity added to scene
11:22:31.049 [JavaFX Application Thread] DEBUG GameScene            - Added MainViewComponent
11:22:31.049 [JavaFX Application Thread] DEBUG GameScene            - Entity added to scene
11:22:31.049 [JavaFX Application Thread] DEBUG GameScene            - Added MainViewComponent
11:22:31.050 [JavaFX Application Thread] DEBUG GameScene            - Entity added to scene
11:22:31.050 [JavaFX Application Thread] DEBUG GameScene            - Added MainViewComponent
11:22:31.051 [JavaFX Application Thread] DEBUG GameScene            - Entity added to scene
11:22:31.051 [JavaFX Application Thread] DEBUG GameScene            - Added MainViewComponent
11:22:31.051 [JavaFX Application Thread] DEBUG GameScene            - Entity added to scene
11:22:31.051 [JavaFX Application Thread] DEBUG GameScene            - Added MainViewComponent
11:22:31.051 [JavaFX Application Thread] DEBUG GameScene            - Entity added to scene
11:22:31.051 [JavaFX Application Thread] DEBUG GameScene            - Added MainViewComponent
11:22:31.051 [JavaFX Application Thread] DEBUG GameScene            - Entity added to scene
11:22:31.052 [JavaFX Application Thread] DEBUG GameScene            - Added MainViewComponent
11:22:31.052 [JavaFX Application Thread] DEBUG GameScene            - Entity added to scene
11:22:31.052 [JavaFX Application Thread] DEBUG GameScene            - Added MainViewComponent
11:22:31.052 [JavaFX Application Thread] DEBUG GameScene            - Entity added to scene
11:22:31.052 [JavaFX Application Thread] DEBUG GameScene            - Added MainViewComponent
11:22:31.052 [JavaFX Application Thread] DEBUG GameScene            - Entity added to scene
11:22:31.053 [JavaFX Application Thread] DEBUG GameScene            - Added MainViewComponent
11:22:31.053 [JavaFX Application Thread] DEBUG GameScene            - Entity added to scene
11:22:31.053 [JavaFX Application Thread] DEBUG GameScene            - Added MainViewComponent
11:22:31.053 [JavaFX Application Thread] DEBUG GameScene            - Entity added to scene
11:22:31.053 [JavaFX Application Thread] DEBUG GameScene            - Added MainViewComponent
11:22:31.054 [JavaFX Application Thread] DEBUG GameScene            - Entity added to scene
11:22:31.054 [JavaFX Application Thread] DEBUG GameScene            - Added MainViewComponent
11:22:31.054 [JavaFX Application Thread] DEBUG GameScene            - Entity added to scene
11:22:31.054 [JavaFX Application Thread] DEBUG GameScene            - Added MainViewComponent
11:22:31.055 [JavaFX Application Thread] DEBUG GameScene            - Entity added to scene
11:22:31.055 [JavaFX Application Thread] DEBUG GameScene            - Added MainViewComponent
11:22:31.055 [JavaFX Application Thread] DEBUG GameScene            - Entity added to scene
11:22:31.055 [JavaFX Application Thread] DEBUG GameScene            - Added MainViewComponent
11:22:31.055 [JavaFX Application Thread] DEBUG GameScene            - Entity added to scene
11:22:31.055 [JavaFX Application Thread] DEBUG GameScene            - Added MainViewComponent
11:22:31.056 [JavaFX Application Thread] DEBUG GameScene            - Entity added to scene
11:22:31.056 [JavaFX Application Thread] DEBUG GameScene            - Added MainViewComponent
11:22:31.056 [JavaFX Application Thread] DEBUG GameScene            - Entity added to scene
11:22:31.056 [JavaFX Application Thread] DEBUG GameScene            - Added MainViewComponent
11:22:31.056 [JavaFX Application Thread] DEBUG GameScene            - Entity added to scene
11:22:31.057 [JavaFX Application Thread] DEBUG GameScene            - Added MainViewComponent
11:22:31.057 [JavaFX Application Thread] DEBUG GameScene            - Entity added to scene
11:22:31.057 [JavaFX Application Thread] DEBUG GameScene            - Added MainViewComponent
11:22:31.057 [JavaFX Application Thread] DEBUG GameScene            - Entity added to scene
11:22:31.057 [JavaFX Application Thread] DEBUG GameScene            - Added MainViewComponent
11:22:31.057 [JavaFX Application Thread] DEBUG GameScene            - Entity added to scene
11:22:31.057 [JavaFX Application Thread] DEBUG GameScene            - Added MainViewComponent
11:22:31.058 [JavaFX Application Thread] DEBUG GameScene            - Entity added to scene
11:22:31.058 [JavaFX Application Thread] DEBUG GameScene            - Added MainViewComponent
11:22:31.058 [JavaFX Application Thread] DEBUG GameScene            - Entity added to scene
11:22:31.058 [JavaFX Application Thread] DEBUG GameScene            - Added MainViewComponent
11:22:31.058 [JavaFX Application Thread] DEBUG GameScene            - Entity added to scene
11:22:31.058 [JavaFX Application Thread] DEBUG GameScene            - Added MainViewComponent
11:22:31.058 [JavaFX Application Thread] DEBUG GameScene            - Entity added to scene
11:22:31.058 [JavaFX Application Thread] DEBUG GameScene            - Added MainViewComponent
11:22:31.059 [JavaFX Application Thread] DEBUG GameScene            - Entity added to scene
11:22:31.059 [JavaFX Application Thread] DEBUG GameScene            - Added MainViewComponent
11:22:31.059 [JavaFX Application Thread] DEBUG GameScene            - Entity added to scene
11:22:31.059 [JavaFX Application Thread] DEBUG GameScene            - Added MainViewComponent
11:22:31.059 [JavaFX Application Thread] DEBUG GameScene            - Entity added to scene
11:22:31.059 [JavaFX Application Thread] DEBUG GameScene            - Added MainViewComponent
11:22:31.059 [JavaFX Application Thread] DEBUG GameScene            - Entity added to scene
11:22:31.059 [JavaFX Application Thread] DEBUG GameScene            - Added MainViewComponent
11:22:31.060 [JavaFX Application Thread] DEBUG GameScene            - Entity added to scene
11:22:31.060 [JavaFX Application Thread] DEBUG GameScene            - Added MainViewComponent
11:22:31.060 [JavaFX Application Thread] DEBUG GameScene            - Entity added to scene
11:22:31.060 [JavaFX Application Thread] DEBUG GameScene            - Added MainViewComponent
11:22:31.060 [JavaFX Application Thread] DEBUG GameScene            - Entity added to scene
11:22:31.060 [JavaFX Application Thread] DEBUG GameScene            - Added MainViewComponent
11:22:31.060 [JavaFX Application Thread] DEBUG GameScene            - Entity added to scene
11:22:31.060 [JavaFX Application Thread] DEBUG GameScene            - Added MainViewComponent
11:22:31.061 [JavaFX Application Thread] DEBUG GameScene            - Entity added to scene
11:22:31.061 [JavaFX Application Thread] DEBUG GameScene            - Added MainViewComponent
11:22:31.061 [JavaFX Application Thread] DEBUG GameScene            - Entity added to scene
11:22:31.061 [JavaFX Application Thread] DEBUG GameScene            - Added MainViewComponent
11:22:31.061 [JavaFX Application Thread] DEBUG GameScene            - Entity added to scene
11:22:31.061 [JavaFX Application Thread] DEBUG GameScene            - Added MainViewComponent
11:22:31.061 [JavaFX Application Thread] DEBUG GameScene            - Entity added to scene
11:22:31.061 [JavaFX Application Thread] DEBUG GameScene            - Added MainViewComponent
11:22:31.061 [JavaFX Application Thread] DEBUG GameScene            - Entity added to scene
11:22:31.061 [JavaFX Application Thread] DEBUG GameScene            - Added MainViewComponent
11:22:31.062 [JavaFX Application Thread] DEBUG GameScene            - Entity added to scene
11:22:31.062 [JavaFX Application Thread] DEBUG GameScene            - Added MainViewComponent
11:22:31.062 [JavaFX Application Thread] DEBUG GameScene            - Entity added to scene
11:22:31.062 [JavaFX Application Thread] DEBUG GameScene            - Added MainViewComponent
11:22:31.062 [JavaFX Application Thread] DEBUG GameScene            - Entity added to scene
11:22:31.062 [JavaFX Application Thread] DEBUG GameScene            - Added MainViewComponent
11:22:31.063 [JavaFX Application Thread] DEBUG GameScene            - Entity added to scene
11:22:31.063 [JavaFX Application Thread] DEBUG GameScene            - Added MainViewComponent
11:22:31.063 [JavaFX Application Thread] DEBUG GameScene            - Entity added to scene
11:22:31.063 [JavaFX Application Thread] DEBUG GameScene            - Added MainViewComponent
11:22:31.063 [JavaFX Application Thread] DEBUG GameScene            - Entity added to scene
11:22:31.063 [JavaFX Application Thread] DEBUG GameScene            - Added MainViewComponent
11:22:31.063 [JavaFX Application Thread] DEBUG GameScene            - Entity added to scene
11:22:31.063 [JavaFX Application Thread] DEBUG GameScene            - Added MainViewComponent
11:22:31.063 [JavaFX Application Thread] DEBUG GameScene            - Entity added to scene
11:22:31.063 [JavaFX Application Thread] DEBUG GameScene            - Added MainViewComponent
11:22:31.064 [JavaFX Application Thread] DEBUG GameScene            - Entity added to scene
11:22:31.064 [JavaFX Application Thread] DEBUG GameScene            - Added MainViewComponent
11:22:31.064 [JavaFX Application Thread] DEBUG GameScene            - Entity added to scene
11:22:31.064 [JavaFX Application Thread] DEBUG GameScene            - Added MainViewComponent
11:22:31.064 [JavaFX Application Thread] DEBUG GameScene            - Entity added to scene
11:22:31.064 [JavaFX Application Thread] DEBUG GameScene            - Added MainViewComponent
11:22:31.064 [JavaFX Application Thread] DEBUG GameScene            - Entity added to scene
11:22:31.064 [JavaFX Application Thread] DEBUG GameScene            - Added MainViewComponent
11:22:31.064 [JavaFX Application Thread] DEBUG GameScene            - Entity added to scene
11:22:31.064 [JavaFX Application Thread] DEBUG GameScene            - Added MainViewComponent
11:22:31.065 [JavaFX Application Thread] DEBUG GameScene            - Entity added to scene
11:22:31.065 [JavaFX Application Thread] DEBUG GameScene            - Added MainViewComponent
11:22:31.065 [JavaFX Application Thread] DEBUG GameScene            - Entity added to scene
11:22:31.065 [JavaFX Application Thread] DEBUG GameScene            - Added MainViewComponent
11:22:31.065 [JavaFX Application Thread] DEBUG GameScene            - Entity added to scene
11:22:31.065 [JavaFX Application Thread] DEBUG GameScene            - Added MainViewComponent
11:22:31.065 [JavaFX Application Thread] DEBUG GameScene            - Entity added to scene
11:22:31.065 [JavaFX Application Thread] DEBUG GameScene            - Added MainViewComponent
11:22:31.065 [JavaFX Application Thread] DEBUG GameScene            - Entity added to scene
11:22:31.065 [JavaFX Application Thread] DEBUG GameScene            - Added MainViewComponent
11:22:31.066 [JavaFX Application Thread] DEBUG GameScene            - Entity added to scene
11:22:31.066 [JavaFX Application Thread] DEBUG GameScene            - Added MainViewComponent
11:22:31.066 [JavaFX Application Thread] DEBUG GameScene            - Entity added to scene
11:22:31.066 [JavaFX Application Thread] DEBUG GameScene            - Added MainViewComponent
11:22:31.066 [JavaFX Application Thread] DEBUG GameScene            - Entity added to scene
11:22:31.067 [JavaFX Application Thread] DEBUG GameScene            - Added MainViewComponent
11:22:31.067 [JavaFX Application Thread] DEBUG GameScene            - Entity added to scene
11:22:31.067 [JavaFX Application Thread] DEBUG GameScene            - Added MainViewComponent
11:22:31.067 [JavaFX Application Thread] DEBUG GameScene            - Entity added to scene
11:22:31.067 [JavaFX Application Thread] DEBUG GameScene            - Added MainViewComponent
11:22:31.067 [JavaFX Application Thread] DEBUG GameScene            - Entity added to scene
11:22:31.067 [JavaFX Application Thread] DEBUG GameScene            - Added MainViewComponent
11:22:31.067 [JavaFX Application Thread] DEBUG GameScene            - Entity added to scene
11:22:31.067 [JavaFX Application Thread] DEBUG GameScene            - Added MainViewComponent
11:22:31.068 [JavaFX Application Thread] DEBUG GameScene            - Entity added to scene
11:22:31.068 [JavaFX Application Thread] DEBUG GameScene            - Added MainViewComponent
11:22:31.068 [JavaFX Application Thread] DEBUG GameScene            - Entity added to scene
11:22:31.068 [JavaFX Application Thread] DEBUG GameScene            - Added MainViewComponent
11:22:31.068 [JavaFX Application Thread] DEBUG GameScene            - Entity added to scene
11:22:31.068 [JavaFX Application Thread] DEBUG GameScene            - Added MainViewComponent
11:22:31.068 [JavaFX Application Thread] DEBUG GameScene            - Entity added to scene
11:22:31.068 [JavaFX Application Thread] DEBUG GameScene            - Added MainViewComponent
11:22:31.068 [JavaFX Application Thread] DEBUG GameScene            - Entity added to scene
11:22:31.068 [JavaFX Application Thread] DEBUG GameScene            - Added MainViewComponent
11:22:31.069 [JavaFX Application Thread] DEBUG GameScene            - Entity added to scene
11:22:31.069 [JavaFX Application Thread] DEBUG GameScene            - Added MainViewComponent
11:22:31.069 [JavaFX Application Thread] DEBUG GameScene            - Entity added to scene
11:22:31.069 [JavaFX Application Thread] DEBUG GameScene            - Added MainViewComponent
11:22:31.069 [JavaFX Application Thread] DEBUG GameScene            - Entity added to scene
11:22:31.069 [JavaFX Application Thread] DEBUG GameScene            - Added MainViewComponent
11:22:31.069 [JavaFX Application Thread] DEBUG GameScene            - Entity added to scene
11:22:31.069 [JavaFX Application Thread] DEBUG GameScene            - Added MainViewComponent
11:22:31.069 [JavaFX Application Thread] DEBUG GameScene            - Entity added to scene
11:22:31.069 [JavaFX Application Thread] DEBUG GameScene            - Added MainViewComponent
11:22:31.070 [JavaFX Application Thread] DEBUG GameScene            - Entity added to scene
11:22:31.070 [JavaFX Application Thread] DEBUG GameScene            - Added MainViewComponent
11:22:31.070 [JavaFX Application Thread] DEBUG GameScene            - Entity added to scene
11:22:31.070 [JavaFX Application Thread] DEBUG GameScene            - Added MainViewComponent
11:22:31.070 [JavaFX Application Thread] DEBUG GameScene            - Entity added to scene
11:22:31.070 [JavaFX Application Thread] DEBUG GameScene            - Added MainViewComponent
11:22:31.070 [JavaFX Application Thread] DEBUG GameScene            - Entity added to scene
11:22:31.070 [JavaFX Application Thread] DEBUG GameScene            - Added MainViewComponent
11:22:31.071 [JavaFX Application Thread] DEBUG GameScene            - Entity added to scene
11:22:31.071 [JavaFX Application Thread] DEBUG GameScene            - Added MainViewComponent
11:22:31.071 [JavaFX Application Thread] DEBUG GameScene            - Entity added to scene
11:22:31.071 [JavaFX Application Thread] DEBUG GameScene            - Added MainViewComponent
11:22:31.071 [JavaFX Application Thread] DEBUG GameScene            - Entity added to scene
11:22:31.071 [JavaFX Application Thread] DEBUG GameScene            - Added MainViewComponent
11:22:31.071 [JavaFX Application Thread] DEBUG GameScene            - Entity added to scene
11:22:31.071 [JavaFX Application Thread] DEBUG GameScene            - Added MainViewComponent
11:22:31.072 [JavaFX Application Thread] DEBUG GameScene            - Entity added to scene
11:22:31.072 [JavaFX Application Thread] DEBUG GameScene            - Added MainViewComponent
11:22:31.072 [JavaFX Application Thread] DEBUG GameScene            - Entity added to scene
11:22:31.072 [JavaFX Application Thread] DEBUG GameScene            - Added MainViewComponent
11:22:31.072 [JavaFX Application Thread] DEBUG GameScene            - Entity added to scene
11:22:31.072 [JavaFX Application Thread] DEBUG GameScene            - Added MainViewComponent
11:22:31.072 [JavaFX Application Thread] DEBUG GameScene            - Entity added to scene
11:22:31.072 [JavaFX Application Thread] DEBUG GameScene            - Added MainViewComponent
11:22:31.072 [JavaFX Application Thread] DEBUG GameScene            - Entity added to scene
11:22:31.072 [JavaFX Application Thread] DEBUG GameScene            - Added MainViewComponent
11:22:31.072 [JavaFX Application Thread] DEBUG GameScene            - Entity added to scene
11:22:31.072 [JavaFX Application Thread] DEBUG GameScene            - Added MainViewComponent
11:22:31.073 [JavaFX Application Thread] DEBUG GameScene            - Entity added to scene
11:22:31.073 [JavaFX Application Thread] DEBUG GameScene            - Added MainViewComponent
11:22:31.073 [JavaFX Application Thread] DEBUG GameScene            - Entity added to scene
11:22:31.073 [JavaFX Application Thread] DEBUG GameScene            - Added MainViewComponent
11:22:31.073 [JavaFX Application Thread] DEBUG GameScene            - Entity added to scene
11:22:31.073 [JavaFX Application Thread] DEBUG GameScene            - Added MainViewComponent
11:22:31.073 [JavaFX Application Thread] DEBUG GameScene            - Entity added to scene
11:22:31.073 [JavaFX Application Thread] DEBUG GameScene            - Added MainViewComponent
11:22:31.073 [JavaFX Application Thread] DEBUG GameScene            - Entity added to scene
11:22:31.073 [JavaFX Application Thread] DEBUG GameScene            - Added MainViewComponent
11:22:31.073 [JavaFX Application Thread] DEBUG GameScene            - Entity added to scene
11:22:31.073 [JavaFX Application Thread] DEBUG GameScene            - Added MainViewComponent
11:22:31.074 [JavaFX Application Thread] DEBUG GameScene            - Entity added to scene
11:22:31.074 [JavaFX Application Thread] DEBUG GameScene            - Added MainViewComponent
11:22:31.074 [JavaFX Application Thread] DEBUG GameScene            - Entity added to scene
11:22:31.074 [JavaFX Application Thread] DEBUG GameScene            - Added MainViewComponent
11:22:31.074 [JavaFX Application Thread] DEBUG GameScene            - Entity added to scene
11:22:31.074 [JavaFX Application Thread] DEBUG GameScene            - Added MainViewComponent
11:22:31.074 [JavaFX Application Thread] DEBUG GameScene            - Entity added to scene
11:22:31.074 [JavaFX Application Thread] DEBUG GameScene            - Added MainViewComponent
11:22:31.074 [JavaFX Application Thread] DEBUG GameScene            - Entity added to scene
11:22:31.074 [JavaFX Application Thread] DEBUG GameScene            - Added MainViewComponent
11:22:31.075 [JavaFX Application Thread] DEBUG GameScene            - Entity added to scene
11:22:31.075 [JavaFX Application Thread] DEBUG GameScene            - Added MainViewComponent
11:22:31.075 [JavaFX Application Thread] DEBUG GameScene            - Entity added to scene
11:22:31.075 [JavaFX Application Thread] DEBUG GameScene            - Added MainViewComponent
11:22:31.075 [JavaFX Application Thread] DEBUG GameScene            - Entity added to scene
11:22:31.075 [JavaFX Application Thread] DEBUG GameScene            - Added MainViewComponent
11:22:31.075 [JavaFX Application Thread] DEBUG GameScene            - Entity added to scene
11:22:31.075 [JavaFX Application Thread] DEBUG GameScene            - Added MainViewComponent
11:22:31.075 [JavaFX Application Thread] DEBUG GameScene            - Entity added to scene
11:22:31.075 [JavaFX Application Thread] DEBUG GameScene            - Added MainViewComponent
11:22:31.076 [JavaFX Application Thread] DEBUG GameScene            - Entity added to scene
11:22:31.076 [JavaFX Application Thread] DEBUG GameScene            - Added MainViewComponent
11:22:31.076 [JavaFX Application Thread] DEBUG GameScene            - Entity added to scene
11:22:31.076 [JavaFX Application Thread] DEBUG GameScene            - Added MainViewComponent
11:22:31.076 [JavaFX Application Thread] DEBUG GameScene            - Entity added to scene
11:22:31.076 [JavaFX Application Thread] DEBUG GameScene            - Added MainViewComponent
11:22:31.076 [JavaFX Application Thread] DEBUG GameScene            - Entity added to scene
11:22:31.076 [JavaFX Application Thread] DEBUG GameScene            - Added MainViewComponent
11:22:31.076 [JavaFX Application Thread] DEBUG GameScene            - Entity added to scene
11:22:31.076 [JavaFX Application Thread] DEBUG GameScene            - Added MainViewComponent
11:22:31.077 [JavaFX Application Thread] DEBUG GameScene            - Entity added to scene
11:22:31.077 [JavaFX Application Thread] DEBUG GameScene            - Added MainViewComponent
11:22:31.077 [JavaFX Application Thread] DEBUG GameScene            - Entity added to scene
11:22:31.077 [JavaFX Application Thread] DEBUG GameScene            - Added MainViewComponent
11:22:31.077 [JavaFX Application Thread] DEBUG GameScene            - Creating render group for layer: BACKGROUND(0)
11:22:34.572 [JavaFX Application Thread] DEBUG GameScene            - Entity removed from scene
11:22:34.573 [JavaFX Application Thread] DEBUG GameScene            - Removed MainViewComponent
11:22:41.799 [JavaFX Application Thread] DEBUG GameScene            - Entity removed from scene
11:22:41.799 [JavaFX Application Thread] DEBUG GameScene            - Removed MainViewComponent
11:22:41.942 [JavaFX Application Thread] DEBUG GameScene            - Entity removed from scene
11:22:41.942 [JavaFX Application Thread] DEBUG GameScene            - Removed MainViewComponent
11:22:42.071 [JavaFX Application Thread] DEBUG GameScene            - Entity removed from scene
11:22:42.071 [JavaFX Application Thread] DEBUG GameScene            - Removed MainViewComponent
11:22:42.199 [JavaFX Application Thread] DEBUG GameScene            - Entity removed from scene
11:22:42.199 [JavaFX Application Thread] DEBUG GameScene            - Removed MainViewComponent
11:22:43.033 [JavaFX Application Thread] DEBUG GameScene            - Entity removed from scene
11:22:43.033 [JavaFX Application Thread] DEBUG GameScene            - Removed MainViewComponent
11:22:43.174 [JavaFX Application Thread] DEBUG GameScene            - Entity removed from scene
11:22:43.174 [JavaFX Application Thread] DEBUG GameScene            - Removed MainViewComponent
11:22:43.302 [JavaFX Application Thread] DEBUG GameScene            - Entity removed from scene
11:22:43.302 [JavaFX Application Thread] DEBUG GameScene            - Removed MainViewComponent
11:22:44.346 [JavaFX Application Thread] DEBUG GameScene            - Entity removed from scene
11:22:44.346 [JavaFX Application Thread] DEBUG GameScene            - Removed MainViewComponent
11:22:47.064 [JavaFX Application Thread] DEBUG GameScene            - Entity removed from scene
11:22:47.064 [JavaFX Application Thread] DEBUG GameScene            - Removed MainViewComponent
11:22:47.209 [JavaFX Application Thread] DEBUG GameScene            - Entity removed from scene
11:22:47.209 [JavaFX Application Thread] DEBUG GameScene            - Removed MainViewComponent
11:22:47.336 [JavaFX Application Thread] DEBUG GameScene            - Entity removed from scene
11:22:47.336 [JavaFX Application Thread] DEBUG GameScene            - Removed MainViewComponent
11:22:48.200 [JavaFX Application Thread] DEBUG GameScene            - Entity removed from scene
11:22:48.200 [JavaFX Application Thread] DEBUG GameScene            - Removed MainViewComponent
11:22:48.328 [JavaFX Application Thread] DEBUG GameScene            - Entity removed from scene
11:22:48.329 [JavaFX Application Thread] DEBUG GameScene            - Removed MainViewComponent
11:22:48.661 [JavaFX Application Thread] DEBUG GameScene            - Entity removed from scene
11:22:48.661 [JavaFX Application Thread] DEBUG GameScene            - Removed MainViewComponent
11:22:48.934 [JavaFX Application Thread] DEBUG GameScene            - Entity removed from scene
11:22:48.934 [JavaFX Application Thread] DEBUG GameScene            - Removed MainViewComponent
11:22:49.061 [JavaFX Application Thread] DEBUG GameScene            - Entity removed from scene
11:22:49.061 [JavaFX Application Thread] DEBUG GameScene            - Removed MainViewComponent
11:22:49.191 [JavaFX Application Thread] DEBUG GameScene            - Entity removed from scene
11:22:49.191 [JavaFX Application Thread] DEBUG GameScene            - Removed MainViewComponent
11:22:49.414 [JavaFX Application Thread] DEBUG GameScene            - Entity removed from scene
11:22:49.414 [JavaFX Application Thread] DEBUG GameScene            - Removed MainViewComponent
11:22:49.545 [JavaFX Application Thread] DEBUG GameScene            - Entity removed from scene
11:22:49.545 [JavaFX Application Thread] DEBUG GameScene            - Removed MainViewComponent
11:22:49.701 [JavaFX Application Thread] DEBUG GameScene            - Entity removed from scene
11:22:49.701 [JavaFX Application Thread] DEBUG GameScene            - Removed MainViewComponent
11:25:50.018 [JavaFX Application Thread] DEBUG FXGLEventBus         - Firing event: DisplayEvent[type=DIALOG_OPENED]
11:25:50.019 [JavaFX Application Thread] DEBUG FXGLInput            - Clearing active input actions
11:25:50.019 [JavaFX Application Thread] DEBUG FXGLMasterTimer      - Stopping master timer
11:25:50.019 [JavaFX Application Thread] DEBUG GameApplication      - State: PLAYING -> PAUSED
11:25:50.019 [JavaFX Application Thread] DEBUG FXGLEventBus         - Firing event: FXGLEvent[type=PAUSE]
11:25:50.019 [JavaFX Application Thread] DEBUG FXGLInput            - Clearing active input actions
11:25:52.232 [JavaFX Application Thread] DEBUG FXGLEventBus         - Firing event: DisplayEvent[type=DIALOG_CLOSED]
11:25:52.232 [JavaFX Application Thread] DEBUG FXGLInput            - Clearing active input actions
11:25:52.233 [JavaFX Application Thread] DEBUG FXGLMasterTimer      - Starting master timer
11:25:52.233 [JavaFX Application Thread] DEBUG GameApplication      - State: PAUSED -> PLAYING
11:25:52.233 [JavaFX Application Thread] DEBUG FXGLEventBus         - Firing event: FXGLEvent[type=RESUME]
11:25:52.233 [JavaFX Application Thread] DEBUG FXGLEventBus         - Firing event: DisplayEvent[type=CLOSE_REQUEST]
11:25:52.234 [JavaFX Application Thread] DEBUG FXGLEventBus         - Firing event: FXGLEvent[type=EXIT]
11:25:52.235 [JavaFX Application Thread] DEBUG FXGL                 - Saving FXGL system data
11:25:52.238 [JavaFX Application Thread] DEBUG IOTask               - Executing task: writeDataTask(system/fxgl.bundle)
11:25:52.242 [JavaFX Application Thread] DEBUG FS                   - Writing to: system\fxgl.bundle
11:25:52.250 [JavaFX Application Thread] DEBUG IOTask               - Task succeeded: writeDataTask(system/fxgl.bundle)
