11:27:15.490 [FXGL Launcher Thread     ] DEBUG FXGLLoggerFactory    - Service [LoggerFactory] initialized
11:27:15.497 [FXGL Launcher Thread     ] DEBUG FXGL                 - FXGL configuration complete
11:27:15.497 [FXGL Launcher Thread     ] DEBUG FXGL                 - Loading FXGL system data
11:27:15.500 [FXGL Launcher Thread     ] DEBUG IOTask               - Executing task: readDataTask(system/fxgl.bundle)
11:27:15.502 [FXGL Launcher Thread     ] DEBUG FS                   - Reading from: system\fxgl.bundle
11:27:15.508 [FXGL Launcher Thread     ] DEBUG IOTask               - Task succeeded: readDataTask(system/fxgl.bundle)
11:27:15.508 [FXGL Launcher Thread     ] DEBUG Bundle               - Logging bundle: FXGL
11:27:15.509 [FXGL Launcher Thread     ] DEBUG Bundle               - FXGL.offline.timer.version.check=2017-01-18T11:24:23.393
11:27:15.517 [JavaFX Application Thread] DEBUG UpdaterTask          - Checking for updates
11:27:15.610 [JavaFX Application Thread] DEBUG FXGLEventBus         - Service [EventBus] initialized
11:27:15.613 [JavaFX Application Thread] DEBUG FXGLExecutor         - Service [Executor] initialized
11:27:15.616 [JavaFX Application Thread] DEBUG IOTask               - Showing dialog
11:27:15.618 [FXGL Background Thread 1 ] DEBUG IOTask               - Executing task: openStream(https://raw.githubusercontent.com/AlmasB/FXGL/master/pom.xml)
11:27:15.619 [FXGL Background Thread 1 ] DEBUG IOTask               - Executing task: openStream(https://raw.githubusercontent.com/AlmasB/FXGL/master/pom.xml)
11:27:16.145 [JavaFX Application Thread] DEBUG IOTask               - fail(): Dismissing dialog
11:27:16.146 [JavaFX Application Thread] WARN  IOTask               - Task failed: openStream(https://raw.githubusercontent.com/AlmasB/FXGL/master/pom.xml) Error: javax.net.ssl.SSLHandshakeException: sun.security.validator.ValidatorException: PKIX path building failed: sun.security.provider.certpath.SunCertPathBuilderException: unable to find valid certification path to requested target
11:27:16.146 [JavaFX Application Thread] WARN  UpdaterTask          - Failed to find updates: javax.net.ssl.SSLHandshakeException: sun.security.validator.ValidatorException: PKIX path building failed: sun.security.provider.certpath.SunCertPathBuilderException: unable to find valid certification path to requested target
11:27:17.101 [FXGL Launcher Thread     ] DEBUG GameApplication      - Configuring GameApplication
11:27:17.106 [FXGL Launcher Thread     ] DEBUG FXGLExceptionHandler - Service [ExceptionHandler] initialized
11:27:17.106 [FXGL Launcher Thread     ] DEBUG PreInitTask          - Injecting gameWorld & physicsWorld
11:27:17.117 [FXGL Launcher Thread     ] DEBUG GameWorld            - Game world initialized
11:27:17.181 [FXGL Launcher Thread     ] DEBUG FXGLPooler           - Service [Pooler] initialized with default size = 128
11:27:17.181 [FXGL Launcher Thread     ] DEBUG PhysicsWorld         - Physics world initialized: appHeight=840.0, physics.ppm=50.0
11:27:17.184 [FXGL Launcher Thread     ] DEBUG FXGLInput            - Service [Input] initialized
11:27:17.207 [FXGL Launcher Thread     ] DEBUG FXGLInput            - Registered new binding: Screenshot - P
11:27:17.208 [FXGL Launcher Thread     ] DEBUG FXGLInput            - Registered new binding: Dev Options - CTRL+0
11:27:17.208 [FXGL Launcher Thread     ] DEBUG FXGLInput            - Registered new binding: Up - W
11:27:17.208 [FXGL Launcher Thread     ] DEBUG FXGLInput            - Registered new binding: Left - A
11:27:17.208 [FXGL Launcher Thread     ] DEBUG FXGLInput            - Registered new binding: Down - S
11:27:17.209 [FXGL Launcher Thread     ] DEBUG FXGLInput            - Registered new binding: Right - D
11:27:17.237 [FXGL Launcher Thread     ] DEBUG GameScene            - Game scene initialized: 1040.0x840.0
11:27:17.241 [FXGL Launcher Thread     ] DEBUG FXGLAssetLoader      - Service [AssetLoader] initialized: cacheSize=35
11:27:17.244 [FXGL Launcher Thread     ] DEBUG FXGLAssetLoader      - Loading from disk: /assets/sounds/system/notification.wav
11:27:17.267 [FXGL Launcher Thread     ] DEBUG FXGLAssetLoader      - Loading from disk: /assets/sounds/menu/select.wav
11:27:17.268 [FXGL Launcher Thread     ] DEBUG FXGLAssetLoader      - Loading from disk: /assets/sounds/menu/back.wav
11:27:17.270 [FXGL Launcher Thread     ] DEBUG FXGLAssetLoader      - Loading from disk: /assets/sounds/menu/press.wav
11:27:17.272 [FXGL Launcher Thread     ] DEBUG FXGLAssetLoader      - Loading from disk: /assets/ui/fonts/Copperplate_Gothic_Light_Regular.ttf
11:27:17.278 [FXGL Launcher Thread     ] DEBUG FXGLAssetLoader      - Loading from disk: /assets/ui/css/fxgl.css
11:27:17.279 [FXGL Launcher Thread     ] DEBUG FXGLAssetLoader      - Loading from disk: /assets/ui/icons/fxgl_icon.png
11:27:17.308 [FXGL Launcher Thread     ] DEBUG FXGLAssetLoader      - Loading from disk: /assets/ui/css/fxgl_dark.css
11:27:17.319 [FXGL Launcher Thread     ] DEBUG FXGLDisplay          - Target size: DoubleProperty [value: 1040.0] x DoubleProperty [value: 840.0] @ 1.0
11:27:17.319 [FXGL Launcher Thread     ] DEBUG FXGLDisplay          - New size:    1040.0 x 840.0 @ DoubleProperty [value: 1.0]
11:27:17.319 [FXGL Launcher Thread     ] DEBUG FXGLDisplay          - Service [Display] initialized
11:27:17.319 [FXGL Launcher Thread     ] DEBUG FXGLDisplay          - Using CSS: CSS(externalForm=jar:file:/C:/Computer%20Science/Game%20Design/3rd/Pacman/lib/fxgl-0.2.9-uber.jar!/assets/ui/css/fxgl_dark.css)
11:27:17.320 [FXGL Launcher Thread     ] DEBUG InitScenesTask       - Injecting loadingScene & gameScene
11:27:17.339 [FXGL Launcher Thread     ] DEBUG FXGLMasterTimer      - Service [MasterTimer] initialized
11:27:17.342 [FXGL Launcher Thread     ] DEBUG FXGLAudioPlayer      - Service [AudioPlayer] initialized
11:27:17.352 [FXGL Launcher Thread     ] DEBUG GameApplication      - Starting new game
11:27:17.353 [FXGL Launcher Thread     ] DEBUG GameApplication      - Initializing App
11:27:17.355 [FXGL Launcher Thread     ] DEBUG FXGLInput            - Clearing active input actions
11:27:17.356 [FXGL Launcher Thread     ] DEBUG FXGLMasterTimer      - Stopping master timer
11:27:17.356 [FXGL Launcher Thread     ] DEBUG GameApplication      - State: STARTUP -> PAUSED
11:27:17.356 [FXGL Launcher Thread     ] DEBUG FXGLEventBus         - Firing event: FXGLEvent[type=PAUSE]
11:27:17.357 [FXGL Launcher Thread     ] DEBUG FXGLInput            - Clearing active input actions
11:27:17.357 [FXGL Launcher Thread     ] DEBUG FXGLMasterTimer      - Resetting ticks and clearing all actions
11:27:17.357 [FXGL Launcher Thread     ] DEBUG GameWorld            - Resetting game world
11:27:17.357 [FXGL Launcher Thread     ] TRACE EntityWorld          - Resetting entity world
11:27:17.360 [FXGL Launcher Thread     ] DEBUG PhysicsWorld         - Resetting physics world
11:27:17.360 [FXGL Launcher Thread     ] DEBUG GameScene            - Resetting game scene
11:27:17.360 [FXGL Launcher Thread     ] DEBUG FXGLEventBus         - Firing event: FXGLEvent[type=RESET]
11:27:17.360 [FXGL Launcher Thread     ] DEBUG GameApplication      - State: PAUSED -> LOADING
11:27:17.397 [FXGL Background Thread 1 ] DEBUG InitAppTask          - Initializing Assets
11:27:17.398 [FXGL Background Thread 1 ] DEBUG InitAppTask          - Initializing Game
11:27:17.402 [FXGL Background Thread 1 ] DEBUG FXGLAssetLoader      - Loading from disk: /assets/text/level.txt
11:27:17.519 [JavaFX Application Thread] DEBUG FXGLDisplay          - Showing stage
11:27:17.520 [JavaFX Application Thread] DEBUG FXGLDisplay          - Root size: 1040.0x840.0
11:27:17.520 [JavaFX Application Thread] DEBUG FXGLDisplay          - Scene size: 1040.0x840.0
11:27:17.520 [JavaFX Application Thread] DEBUG FXGLDisplay          - Stage size: 1058.0x885.0
11:27:17.731 [FXGL Background Thread 1 ] DEBUG GameWorld            - Resetting game world
11:27:17.731 [FXGL Background Thread 1 ] TRACE EntityWorld          - Resetting entity world
11:27:17.731 [FXGL Background Thread 1 ] DEBUG PhysicsWorld         - Resetting physics world
11:27:17.731 [FXGL Background Thread 1 ] DEBUG GameScene            - Resetting game scene
11:27:17.732 [FXGL Background Thread 1 ] DEBUG GameWorld            - Setting level: com.almasb.fxgl.gameplay.Level@51fae396
11:27:17.733 [FXGL Background Thread 1 ] DEBUG InitAppTask          - Initializing Physics
11:27:17.733 [FXGL Background Thread 1 ] DEBUG InitAppTask          - Initializing UI
11:27:17.733 [FXGL Background Thread 1 ] DEBUG InitAppTask          - Initialization Complete
11:27:17.737 [JavaFX Application Thread] DEBUG FXGLInput            - Clearing active input actions
11:27:17.738 [JavaFX Application Thread] DEBUG FXGLMasterTimer      - Starting master timer
11:27:17.739 [JavaFX Application Thread] DEBUG GameApplication      - State: LOADING -> PLAYING
11:27:17.747 [JavaFX Application Thread] DEBUG FXGLEventBus         - Firing event: FXGLEvent[type=RESUME]
11:27:17.755 [JavaFX Application Thread] DEBUG GameScene            - Entity added to scene
11:27:17.756 [JavaFX Application Thread] DEBUG GameScene            - Added MainViewComponent
11:27:17.759 [JavaFX Application Thread] DEBUG GameScene            - Creating render group for layer: BACKGROUND(1000)
11:27:17.769 [JavaFX Application Thread] DEBUG GameScene            - Entity added to scene
11:27:17.769 [JavaFX Application Thread] DEBUG GameScene            - Added MainViewComponent
11:27:17.770 [JavaFX Application Thread] DEBUG GameScene            - Entity added to scene
11:27:17.770 [JavaFX Application Thread] DEBUG GameScene            - Added MainViewComponent
11:27:17.770 [JavaFX Application Thread] DEBUG GameScene            - Entity added to scene
11:27:17.771 [JavaFX Application Thread] DEBUG GameScene            - Added MainViewComponent
11:27:17.771 [JavaFX Application Thread] DEBUG GameScene            - Entity added to scene
11:27:17.771 [JavaFX Application Thread] DEBUG GameScene            - Added MainViewComponent
11:27:17.772 [JavaFX Application Thread] DEBUG GameScene            - Entity added to scene
11:27:17.772 [JavaFX Application Thread] DEBUG GameScene            - Added MainViewComponent
11:27:17.772 [JavaFX Application Thread] DEBUG GameScene            - Entity added to scene
11:27:17.772 [JavaFX Application Thread] DEBUG GameScene            - Added MainViewComponent
11:27:17.773 [JavaFX Application Thread] DEBUG GameScene            - Entity added to scene
11:27:17.773 [JavaFX Application Thread] DEBUG GameScene            - Added MainViewComponent
11:27:17.774 [JavaFX Application Thread] DEBUG GameScene            - Entity added to scene
11:27:17.775 [JavaFX Application Thread] DEBUG GameScene            - Added MainViewComponent
11:27:17.775 [JavaFX Application Thread] DEBUG GameScene            - Entity added to scene
11:27:17.775 [JavaFX Application Thread] DEBUG GameScene            - Added MainViewComponent
11:27:17.778 [JavaFX Application Thread] DEBUG GameScene            - Entity added to scene
11:27:17.778 [JavaFX Application Thread] DEBUG GameScene            - Added MainViewComponent
11:27:17.780 [JavaFX Application Thread] DEBUG GameScene            - Entity added to scene
11:27:17.780 [JavaFX Application Thread] DEBUG GameScene            - Added MainViewComponent
11:27:17.780 [JavaFX Application Thread] DEBUG GameScene            - Entity added to scene
11:27:17.780 [JavaFX Application Thread] DEBUG GameScene            - Added MainViewComponent
11:27:17.781 [JavaFX Application Thread] DEBUG GameScene            - Entity added to scene
11:27:17.781 [JavaFX Application Thread] DEBUG GameScene            - Added MainViewComponent
11:27:17.781 [JavaFX Application Thread] DEBUG GameScene            - Entity added to scene
11:27:17.781 [JavaFX Application Thread] DEBUG GameScene            - Added MainViewComponent
11:27:17.782 [JavaFX Application Thread] DEBUG GameScene            - Entity added to scene
11:27:17.782 [JavaFX Application Thread] DEBUG GameScene            - Added MainViewComponent
11:27:17.782 [JavaFX Application Thread] DEBUG GameScene            - Entity added to scene
11:27:17.782 [JavaFX Application Thread] DEBUG GameScene            - Added MainViewComponent
11:27:17.783 [JavaFX Application Thread] DEBUG GameScene            - Entity added to scene
11:27:17.783 [JavaFX Application Thread] DEBUG GameScene            - Added MainViewComponent
11:27:17.784 [JavaFX Application Thread] DEBUG GameScene            - Entity added to scene
11:27:17.784 [JavaFX Application Thread] DEBUG GameScene            - Added MainViewComponent
11:27:17.784 [JavaFX Application Thread] DEBUG GameScene            - Entity added to scene
11:27:17.784 [JavaFX Application Thread] DEBUG GameScene            - Added MainViewComponent
11:27:17.785 [JavaFX Application Thread] DEBUG GameScene            - Entity added to scene
11:27:17.785 [JavaFX Application Thread] DEBUG GameScene            - Added MainViewComponent
11:27:17.786 [JavaFX Application Thread] DEBUG GameScene            - Entity added to scene
11:27:17.786 [JavaFX Application Thread] DEBUG GameScene            - Added MainViewComponent
11:27:17.787 [JavaFX Application Thread] DEBUG GameScene            - Entity added to scene
11:27:17.787 [JavaFX Application Thread] DEBUG GameScene            - Added MainViewComponent
11:27:17.788 [JavaFX Application Thread] DEBUG GameScene            - Entity added to scene
11:27:17.790 [JavaFX Application Thread] DEBUG GameScene            - Added MainViewComponent
11:27:17.791 [JavaFX Application Thread] DEBUG GameScene            - Entity added to scene
11:27:17.791 [JavaFX Application Thread] DEBUG GameScene            - Added MainViewComponent
11:27:17.792 [JavaFX Application Thread] DEBUG GameScene            - Entity added to scene
11:27:17.792 [JavaFX Application Thread] DEBUG GameScene            - Added MainViewComponent
11:27:17.794 [JavaFX Application Thread] DEBUG GameScene            - Entity added to scene
11:27:17.795 [JavaFX Application Thread] DEBUG GameScene            - Added MainViewComponent
11:27:17.796 [JavaFX Application Thread] DEBUG GameScene            - Entity added to scene
11:27:17.797 [JavaFX Application Thread] DEBUG GameScene            - Added MainViewComponent
11:27:17.797 [JavaFX Application Thread] DEBUG GameScene            - Entity added to scene
11:27:17.797 [JavaFX Application Thread] DEBUG GameScene            - Added MainViewComponent
11:27:17.798 [JavaFX Application Thread] DEBUG GameScene            - Entity added to scene
11:27:17.798 [JavaFX Application Thread] DEBUG GameScene            - Added MainViewComponent
11:27:17.798 [JavaFX Application Thread] DEBUG GameScene            - Entity added to scene
11:27:17.798 [JavaFX Application Thread] DEBUG GameScene            - Added MainViewComponent
11:27:17.799 [JavaFX Application Thread] DEBUG GameScene            - Entity added to scene
11:27:17.799 [JavaFX Application Thread] DEBUG GameScene            - Added MainViewComponent
11:27:17.799 [JavaFX Application Thread] DEBUG GameScene            - Entity added to scene
11:27:17.799 [JavaFX Application Thread] DEBUG GameScene            - Added MainViewComponent
11:27:17.800 [JavaFX Application Thread] DEBUG GameScene            - Entity added to scene
11:27:17.800 [JavaFX Application Thread] DEBUG GameScene            - Added MainViewComponent
11:27:17.800 [JavaFX Application Thread] DEBUG GameScene            - Entity added to scene
11:27:17.800 [JavaFX Application Thread] DEBUG GameScene            - Added MainViewComponent
11:27:17.800 [JavaFX Application Thread] DEBUG GameScene            - Entity added to scene
11:27:17.800 [JavaFX Application Thread] DEBUG GameScene            - Added MainViewComponent
11:27:17.801 [JavaFX Application Thread] DEBUG GameScene            - Entity added to scene
11:27:17.801 [JavaFX Application Thread] DEBUG GameScene            - Added MainViewComponent
11:27:17.801 [JavaFX Application Thread] DEBUG GameScene            - Entity added to scene
11:27:17.801 [JavaFX Application Thread] DEBUG GameScene            - Added MainViewComponent
11:27:17.801 [JavaFX Application Thread] DEBUG GameScene            - Entity added to scene
11:27:17.802 [JavaFX Application Thread] DEBUG GameScene            - Added MainViewComponent
11:27:17.802 [JavaFX Application Thread] DEBUG GameScene            - Entity added to scene
11:27:17.802 [JavaFX Application Thread] DEBUG GameScene            - Added MainViewComponent
11:27:17.802 [JavaFX Application Thread] DEBUG GameScene            - Entity added to scene
11:27:17.803 [JavaFX Application Thread] DEBUG GameScene            - Added MainViewComponent
11:27:17.803 [JavaFX Application Thread] DEBUG GameScene            - Entity added to scene
11:27:17.803 [JavaFX Application Thread] DEBUG GameScene            - Added MainViewComponent
11:27:17.803 [JavaFX Application Thread] DEBUG GameScene            - Entity added to scene
11:27:17.803 [JavaFX Application Thread] DEBUG GameScene            - Added MainViewComponent
11:27:17.804 [JavaFX Application Thread] DEBUG GameScene            - Entity added to scene
11:27:17.804 [JavaFX Application Thread] DEBUG GameScene            - Added MainViewComponent
11:27:17.804 [JavaFX Application Thread] DEBUG GameScene            - Entity added to scene
11:27:17.804 [JavaFX Application Thread] DEBUG GameScene            - Added MainViewComponent
11:27:17.804 [JavaFX Application Thread] DEBUG GameScene            - Entity added to scene
11:27:17.804 [JavaFX Application Thread] DEBUG GameScene            - Added MainViewComponent
11:27:17.805 [JavaFX Application Thread] DEBUG GameScene            - Entity added to scene
11:27:17.805 [JavaFX Application Thread] DEBUG GameScene            - Added MainViewComponent
11:27:17.805 [JavaFX Application Thread] DEBUG GameScene            - Entity added to scene
11:27:17.805 [JavaFX Application Thread] DEBUG GameScene            - Added MainViewComponent
11:27:17.805 [JavaFX Application Thread] DEBUG GameScene            - Entity added to scene
11:27:17.805 [JavaFX Application Thread] DEBUG GameScene            - Added MainViewComponent
11:27:17.806 [JavaFX Application Thread] DEBUG GameScene            - Entity added to scene
11:27:17.806 [JavaFX Application Thread] DEBUG GameScene            - Added MainViewComponent
11:27:17.806 [JavaFX Application Thread] DEBUG GameScene            - Entity added to scene
11:27:17.806 [JavaFX Application Thread] DEBUG GameScene            - Added MainViewComponent
11:27:17.806 [JavaFX Application Thread] DEBUG GameScene            - Entity added to scene
11:27:17.807 [JavaFX Application Thread] DEBUG GameScene            - Added MainViewComponent
11:27:17.807 [JavaFX Application Thread] DEBUG GameScene            - Entity added to scene
11:27:17.807 [JavaFX Application Thread] DEBUG GameScene            - Added MainViewComponent
11:27:17.807 [JavaFX Application Thread] DEBUG GameScene            - Entity added to scene
11:27:17.807 [JavaFX Application Thread] DEBUG GameScene            - Added MainViewComponent
11:27:17.807 [JavaFX Application Thread] DEBUG GameScene            - Entity added to scene
11:27:17.807 [JavaFX Application Thread] DEBUG GameScene            - Added MainViewComponent
11:27:17.808 [JavaFX Application Thread] DEBUG GameScene            - Entity added to scene
11:27:17.808 [JavaFX Application Thread] DEBUG GameScene            - Added MainViewComponent
11:27:17.808 [JavaFX Application Thread] DEBUG GameScene            - Entity added to scene
11:27:17.808 [JavaFX Application Thread] DEBUG GameScene            - Added MainViewComponent
11:27:17.809 [JavaFX Application Thread] DEBUG GameScene            - Entity added to scene
11:27:17.809 [JavaFX Application Thread] DEBUG GameScene            - Added MainViewComponent
11:27:17.809 [JavaFX Application Thread] DEBUG GameScene            - Entity added to scene
11:27:17.809 [JavaFX Application Thread] DEBUG GameScene            - Added MainViewComponent
11:27:17.810 [JavaFX Application Thread] DEBUG GameScene            - Entity added to scene
11:27:17.810 [JavaFX Application Thread] DEBUG GameScene            - Added MainViewComponent
11:27:17.811 [JavaFX Application Thread] DEBUG GameScene            - Entity added to scene
11:27:17.811 [JavaFX Application Thread] DEBUG GameScene            - Added MainViewComponent
11:27:17.813 [JavaFX Application Thread] DEBUG GameScene            - Entity added to scene
11:27:17.813 [JavaFX Application Thread] DEBUG GameScene            - Added MainViewComponent
11:27:17.813 [JavaFX Application Thread] DEBUG GameScene            - Entity added to scene
11:27:17.813 [JavaFX Application Thread] DEBUG GameScene            - Added MainViewComponent
11:27:17.813 [JavaFX Application Thread] DEBUG GameScene            - Entity added to scene
11:27:17.814 [JavaFX Application Thread] DEBUG GameScene            - Added MainViewComponent
11:27:17.814 [JavaFX Application Thread] DEBUG GameScene            - Entity added to scene
11:27:17.814 [JavaFX Application Thread] DEBUG GameScene            - Added MainViewComponent
11:27:17.814 [JavaFX Application Thread] DEBUG GameScene            - Entity added to scene
11:27:17.814 [JavaFX Application Thread] DEBUG GameScene            - Added MainViewComponent
11:27:17.815 [JavaFX Application Thread] DEBUG GameScene            - Entity added to scene
11:27:17.815 [JavaFX Application Thread] DEBUG GameScene            - Added MainViewComponent
11:27:17.815 [JavaFX Application Thread] DEBUG GameScene            - Entity added to scene
11:27:17.815 [JavaFX Application Thread] DEBUG GameScene            - Added MainViewComponent
11:27:17.815 [JavaFX Application Thread] DEBUG GameScene            - Entity added to scene
11:27:17.815 [JavaFX Application Thread] DEBUG GameScene            - Added MainViewComponent
11:27:17.816 [JavaFX Application Thread] DEBUG GameScene            - Entity added to scene
11:27:17.816 [JavaFX Application Thread] DEBUG GameScene            - Added MainViewComponent
11:27:17.816 [JavaFX Application Thread] DEBUG GameScene            - Entity added to scene
11:27:17.816 [JavaFX Application Thread] DEBUG GameScene            - Added MainViewComponent
11:27:17.816 [JavaFX Application Thread] DEBUG GameScene            - Entity added to scene
11:27:17.816 [JavaFX Application Thread] DEBUG GameScene            - Added MainViewComponent
11:27:17.817 [JavaFX Application Thread] DEBUG GameScene            - Entity added to scene
11:27:17.817 [JavaFX Application Thread] DEBUG GameScene            - Added MainViewComponent
11:27:17.817 [JavaFX Application Thread] DEBUG GameScene            - Entity added to scene
11:27:17.817 [JavaFX Application Thread] DEBUG GameScene            - Added MainViewComponent
11:27:17.817 [JavaFX Application Thread] DEBUG GameScene            - Entity added to scene
11:27:17.817 [JavaFX Application Thread] DEBUG GameScene            - Added MainViewComponent
11:27:17.817 [JavaFX Application Thread] DEBUG GameScene            - Entity added to scene
11:27:17.818 [JavaFX Application Thread] DEBUG GameScene            - Added MainViewComponent
11:27:17.818 [JavaFX Application Thread] DEBUG GameScene            - Entity added to scene
11:27:17.818 [JavaFX Application Thread] DEBUG GameScene            - Added MainViewComponent
11:27:17.818 [JavaFX Application Thread] DEBUG GameScene            - Entity added to scene
11:27:17.818 [JavaFX Application Thread] DEBUG GameScene            - Added MainViewComponent
11:27:17.818 [JavaFX Application Thread] DEBUG GameScene            - Entity added to scene
11:27:17.818 [JavaFX Application Thread] DEBUG GameScene            - Added MainViewComponent
11:27:17.819 [JavaFX Application Thread] DEBUG GameScene            - Entity added to scene
11:27:17.819 [JavaFX Application Thread] DEBUG GameScene            - Added MainViewComponent
11:27:17.821 [JavaFX Application Thread] DEBUG GameScene            - Entity added to scene
11:27:17.821 [JavaFX Application Thread] DEBUG GameScene            - Added MainViewComponent
11:27:17.821 [JavaFX Application Thread] DEBUG GameScene            - Entity added to scene
11:27:17.821 [JavaFX Application Thread] DEBUG GameScene            - Added MainViewComponent
11:27:17.822 [JavaFX Application Thread] DEBUG GameScene            - Entity added to scene
11:27:17.822 [JavaFX Application Thread] DEBUG GameScene            - Added MainViewComponent
11:27:17.822 [JavaFX Application Thread] DEBUG GameScene            - Entity added to scene
11:27:17.822 [JavaFX Application Thread] DEBUG GameScene            - Added MainViewComponent
11:27:17.822 [JavaFX Application Thread] DEBUG GameScene            - Entity added to scene
11:27:17.822 [JavaFX Application Thread] DEBUG GameScene            - Added MainViewComponent
11:27:17.823 [JavaFX Application Thread] DEBUG GameScene            - Entity added to scene
11:27:17.823 [JavaFX Application Thread] DEBUG GameScene            - Added MainViewComponent
11:27:17.823 [JavaFX Application Thread] DEBUG GameScene            - Entity added to scene
11:27:17.823 [JavaFX Application Thread] DEBUG GameScene            - Added MainViewComponent
11:27:17.823 [JavaFX Application Thread] DEBUG GameScene            - Entity added to scene
11:27:17.823 [JavaFX Application Thread] DEBUG GameScene            - Added MainViewComponent
11:27:17.824 [JavaFX Application Thread] DEBUG GameScene            - Entity added to scene
11:27:17.824 [JavaFX Application Thread] DEBUG GameScene            - Added MainViewComponent
11:27:17.824 [JavaFX Application Thread] DEBUG GameScene            - Entity added to scene
11:27:17.824 [JavaFX Application Thread] DEBUG GameScene            - Added MainViewComponent
11:27:17.824 [JavaFX Application Thread] DEBUG GameScene            - Entity added to scene
11:27:17.824 [JavaFX Application Thread] DEBUG GameScene            - Added MainViewComponent
11:27:17.825 [JavaFX Application Thread] DEBUG GameScene            - Entity added to scene
11:27:17.825 [JavaFX Application Thread] DEBUG GameScene            - Added MainViewComponent
11:27:17.825 [JavaFX Application Thread] DEBUG GameScene            - Entity added to scene
11:27:17.825 [JavaFX Application Thread] DEBUG GameScene            - Added MainViewComponent
11:27:17.825 [JavaFX Application Thread] DEBUG GameScene            - Entity added to scene
11:27:17.825 [JavaFX Application Thread] DEBUG GameScene            - Added MainViewComponent
11:27:17.826 [JavaFX Application Thread] DEBUG GameScene            - Entity added to scene
11:27:17.826 [JavaFX Application Thread] DEBUG GameScene            - Added MainViewComponent
11:27:17.828 [JavaFX Application Thread] DEBUG GameScene            - Entity added to scene
11:27:17.828 [JavaFX Application Thread] DEBUG GameScene            - Added MainViewComponent
11:27:17.828 [JavaFX Application Thread] DEBUG GameScene            - Entity added to scene
11:27:17.828 [JavaFX Application Thread] DEBUG GameScene            - Added MainViewComponent
11:27:17.828 [JavaFX Application Thread] DEBUG GameScene            - Entity added to scene
11:27:17.828 [JavaFX Application Thread] DEBUG GameScene            - Added MainViewComponent
11:27:17.829 [JavaFX Application Thread] DEBUG GameScene            - Entity added to scene
11:27:17.829 [JavaFX Application Thread] DEBUG GameScene            - Added MainViewComponent
11:27:17.829 [JavaFX Application Thread] DEBUG GameScene            - Entity added to scene
11:27:17.829 [JavaFX Application Thread] DEBUG GameScene            - Added MainViewComponent
11:27:17.829 [JavaFX Application Thread] DEBUG GameScene            - Entity added to scene
11:27:17.829 [JavaFX Application Thread] DEBUG GameScene            - Added MainViewComponent
11:27:17.830 [JavaFX Application Thread] DEBUG GameScene            - Entity added to scene
11:27:17.830 [JavaFX Application Thread] DEBUG GameScene            - Added MainViewComponent
11:27:17.830 [JavaFX Application Thread] DEBUG GameScene            - Entity added to scene
11:27:17.830 [JavaFX Application Thread] DEBUG GameScene            - Added MainViewComponent
11:27:17.831 [JavaFX Application Thread] DEBUG GameScene            - Entity added to scene
11:27:17.831 [JavaFX Application Thread] DEBUG GameScene            - Added MainViewComponent
11:27:17.831 [JavaFX Application Thread] DEBUG GameScene            - Entity added to scene
11:27:17.831 [JavaFX Application Thread] DEBUG GameScene            - Added MainViewComponent
11:27:17.831 [JavaFX Application Thread] DEBUG GameScene            - Entity added to scene
11:27:17.831 [JavaFX Application Thread] DEBUG GameScene            - Added MainViewComponent
11:27:17.831 [JavaFX Application Thread] DEBUG GameScene            - Entity added to scene
11:27:17.831 [JavaFX Application Thread] DEBUG GameScene            - Added MainViewComponent
11:27:17.832 [JavaFX Application Thread] DEBUG GameScene            - Entity added to scene
11:27:17.832 [JavaFX Application Thread] DEBUG GameScene            - Added MainViewComponent
11:27:17.832 [JavaFX Application Thread] DEBUG GameScene            - Entity added to scene
11:27:17.832 [JavaFX Application Thread] DEBUG GameScene            - Added MainViewComponent
11:27:17.832 [JavaFX Application Thread] DEBUG GameScene            - Entity added to scene
11:27:17.832 [JavaFX Application Thread] DEBUG GameScene            - Added MainViewComponent
11:27:17.832 [JavaFX Application Thread] DEBUG GameScene            - Entity added to scene
11:27:17.832 [JavaFX Application Thread] DEBUG GameScene            - Added MainViewComponent
11:27:17.832 [JavaFX Application Thread] DEBUG GameScene            - Entity added to scene
11:27:17.832 [JavaFX Application Thread] DEBUG GameScene            - Added MainViewComponent
11:27:17.833 [JavaFX Application Thread] DEBUG GameScene            - Entity added to scene
11:27:17.833 [JavaFX Application Thread] DEBUG GameScene            - Added MainViewComponent
11:27:17.833 [JavaFX Application Thread] DEBUG GameScene            - Entity added to scene
11:27:17.833 [JavaFX Application Thread] DEBUG GameScene            - Added MainViewComponent
11:27:17.833 [JavaFX Application Thread] DEBUG GameScene            - Entity added to scene
11:27:17.833 [JavaFX Application Thread] DEBUG GameScene            - Added MainViewComponent
11:27:17.834 [JavaFX Application Thread] DEBUG GameScene            - Entity added to scene
11:27:17.834 [JavaFX Application Thread] DEBUG GameScene            - Added MainViewComponent
11:27:17.834 [JavaFX Application Thread] DEBUG GameScene            - Entity added to scene
11:27:17.834 [JavaFX Application Thread] DEBUG GameScene            - Added MainViewComponent
11:27:17.834 [JavaFX Application Thread] DEBUG GameScene            - Entity added to scene
11:27:17.834 [JavaFX Application Thread] DEBUG GameScene            - Added MainViewComponent
11:27:17.835 [JavaFX Application Thread] DEBUG GameScene            - Entity added to scene
11:27:17.835 [JavaFX Application Thread] DEBUG GameScene            - Added MainViewComponent
11:27:17.835 [JavaFX Application Thread] DEBUG GameScene            - Entity added to scene
11:27:17.835 [JavaFX Application Thread] DEBUG GameScene            - Added MainViewComponent
11:27:17.835 [JavaFX Application Thread] DEBUG GameScene            - Entity added to scene
11:27:17.835 [JavaFX Application Thread] DEBUG GameScene            - Added MainViewComponent
11:27:17.835 [JavaFX Application Thread] DEBUG GameScene            - Entity added to scene
11:27:17.835 [JavaFX Application Thread] DEBUG GameScene            - Added MainViewComponent
11:27:17.836 [JavaFX Application Thread] DEBUG GameScene            - Entity added to scene
11:27:17.836 [JavaFX Application Thread] DEBUG GameScene            - Added MainViewComponent
11:27:17.836 [JavaFX Application Thread] DEBUG GameScene            - Entity added to scene
11:27:17.836 [JavaFX Application Thread] DEBUG GameScene            - Added MainViewComponent
11:27:17.837 [JavaFX Application Thread] DEBUG GameScene            - Entity added to scene
11:27:17.837 [JavaFX Application Thread] DEBUG GameScene            - Added MainViewComponent
11:27:17.837 [JavaFX Application Thread] DEBUG GameScene            - Entity added to scene
11:27:17.837 [JavaFX Application Thread] DEBUG GameScene            - Added MainViewComponent
11:27:17.838 [JavaFX Application Thread] DEBUG GameScene            - Entity added to scene
11:27:17.838 [JavaFX Application Thread] DEBUG GameScene            - Added MainViewComponent
11:27:17.838 [JavaFX Application Thread] DEBUG GameScene            - Entity added to scene
11:27:17.838 [JavaFX Application Thread] DEBUG GameScene            - Added MainViewComponent
11:27:17.839 [JavaFX Application Thread] DEBUG GameScene            - Entity added to scene
11:27:17.839 [JavaFX Application Thread] DEBUG GameScene            - Added MainViewComponent
11:27:17.839 [JavaFX Application Thread] DEBUG GameScene            - Entity added to scene
11:27:17.840 [JavaFX Application Thread] DEBUG GameScene            - Added MainViewComponent
11:27:17.840 [JavaFX Application Thread] DEBUG GameScene            - Entity added to scene
11:27:17.840 [JavaFX Application Thread] DEBUG GameScene            - Added MainViewComponent
11:27:17.840 [JavaFX Application Thread] DEBUG GameScene            - Entity added to scene
11:27:17.840 [JavaFX Application Thread] DEBUG GameScene            - Added MainViewComponent
11:27:17.841 [JavaFX Application Thread] DEBUG GameScene            - Entity added to scene
11:27:17.841 [JavaFX Application Thread] DEBUG GameScene            - Added MainViewComponent
11:27:17.841 [JavaFX Application Thread] DEBUG GameScene            - Entity added to scene
11:27:17.841 [JavaFX Application Thread] DEBUG GameScene            - Added MainViewComponent
11:27:17.841 [JavaFX Application Thread] DEBUG GameScene            - Entity added to scene
11:27:17.841 [JavaFX Application Thread] DEBUG GameScene            - Added MainViewComponent
11:27:17.841 [JavaFX Application Thread] DEBUG GameScene            - Entity added to scene
11:27:17.841 [JavaFX Application Thread] DEBUG GameScene            - Added MainViewComponent
11:27:17.841 [JavaFX Application Thread] DEBUG GameScene            - Entity added to scene
11:27:17.841 [JavaFX Application Thread] DEBUG GameScene            - Added MainViewComponent
11:27:17.842 [JavaFX Application Thread] DEBUG GameScene            - Entity added to scene
11:27:17.842 [JavaFX Application Thread] DEBUG GameScene            - Added MainViewComponent
11:27:17.842 [JavaFX Application Thread] DEBUG GameScene            - Entity added to scene
11:27:17.842 [JavaFX Application Thread] DEBUG GameScene            - Added MainViewComponent
11:27:17.842 [JavaFX Application Thread] DEBUG GameScene            - Entity added to scene
11:27:17.842 [JavaFX Application Thread] DEBUG GameScene            - Added MainViewComponent
11:27:17.843 [JavaFX Application Thread] DEBUG GameScene            - Entity added to scene
11:27:17.843 [JavaFX Application Thread] DEBUG GameScene            - Added MainViewComponent
11:27:17.843 [JavaFX Application Thread] DEBUG GameScene            - Entity added to scene
11:27:17.843 [JavaFX Application Thread] DEBUG GameScene            - Added MainViewComponent
11:27:17.844 [JavaFX Application Thread] DEBUG GameScene            - Entity added to scene
11:27:17.844 [JavaFX Application Thread] DEBUG GameScene            - Added MainViewComponent
11:27:17.844 [JavaFX Application Thread] DEBUG GameScene            - Entity added to scene
11:27:17.844 [JavaFX Application Thread] DEBUG GameScene            - Added MainViewComponent
11:27:17.844 [JavaFX Application Thread] DEBUG GameScene            - Entity added to scene
11:27:17.844 [JavaFX Application Thread] DEBUG GameScene            - Added MainViewComponent
11:27:17.844 [JavaFX Application Thread] DEBUG GameScene            - Entity added to scene
11:27:17.844 [JavaFX Application Thread] DEBUG GameScene            - Added MainViewComponent
11:27:17.844 [JavaFX Application Thread] DEBUG GameScene            - Entity added to scene
11:27:17.844 [JavaFX Application Thread] DEBUG GameScene            - Added MainViewComponent
11:27:17.845 [JavaFX Application Thread] DEBUG GameScene            - Entity added to scene
11:27:17.845 [JavaFX Application Thread] DEBUG GameScene            - Added MainViewComponent
11:27:17.845 [JavaFX Application Thread] DEBUG GameScene            - Entity added to scene
11:27:17.845 [JavaFX Application Thread] DEBUG GameScene            - Added MainViewComponent
11:27:17.845 [JavaFX Application Thread] DEBUG GameScene            - Entity added to scene
11:27:17.845 [JavaFX Application Thread] DEBUG GameScene            - Added MainViewComponent
11:27:17.846 [JavaFX Application Thread] DEBUG GameScene            - Entity added to scene
11:27:17.846 [JavaFX Application Thread] DEBUG GameScene            - Added MainViewComponent
11:27:17.846 [JavaFX Application Thread] DEBUG GameScene            - Entity added to scene
11:27:17.846 [JavaFX Application Thread] DEBUG GameScene            - Added MainViewComponent
11:27:17.846 [JavaFX Application Thread] DEBUG GameScene            - Entity added to scene
11:27:17.846 [JavaFX Application Thread] DEBUG GameScene            - Added MainViewComponent
11:27:17.847 [JavaFX Application Thread] DEBUG GameScene            - Entity added to scene
11:27:17.847 [JavaFX Application Thread] DEBUG GameScene            - Added MainViewComponent
11:27:17.847 [JavaFX Application Thread] DEBUG GameScene            - Entity added to scene
11:27:17.847 [JavaFX Application Thread] DEBUG GameScene            - Added MainViewComponent
11:27:17.847 [JavaFX Application Thread] DEBUG GameScene            - Entity added to scene
11:27:17.847 [JavaFX Application Thread] DEBUG GameScene            - Added MainViewComponent
11:27:17.848 [JavaFX Application Thread] DEBUG GameScene            - Entity added to scene
11:27:17.848 [JavaFX Application Thread] DEBUG GameScene            - Added MainViewComponent
11:27:17.848 [JavaFX Application Thread] DEBUG GameScene            - Entity added to scene
11:27:17.848 [JavaFX Application Thread] DEBUG GameScene            - Added MainViewComponent
11:27:17.848 [JavaFX Application Thread] DEBUG GameScene            - Entity added to scene
11:27:17.848 [JavaFX Application Thread] DEBUG GameScene            - Added MainViewComponent
11:27:17.849 [JavaFX Application Thread] DEBUG GameScene            - Entity added to scene
11:27:17.849 [JavaFX Application Thread] DEBUG GameScene            - Added MainViewComponent
11:27:17.849 [JavaFX Application Thread] DEBUG GameScene            - Entity added to scene
11:27:17.849 [JavaFX Application Thread] DEBUG GameScene            - Added MainViewComponent
11:27:17.849 [JavaFX Application Thread] DEBUG GameScene            - Entity added to scene
11:27:17.849 [JavaFX Application Thread] DEBUG GameScene            - Added MainViewComponent
11:27:17.849 [JavaFX Application Thread] DEBUG GameScene            - Entity added to scene
11:27:17.849 [JavaFX Application Thread] DEBUG GameScene            - Added MainViewComponent
11:27:17.849 [JavaFX Application Thread] DEBUG GameScene            - Entity added to scene
11:27:17.849 [JavaFX Application Thread] DEBUG GameScene            - Added MainViewComponent
11:27:17.849 [JavaFX Application Thread] DEBUG GameScene            - Entity added to scene
11:27:17.849 [JavaFX Application Thread] DEBUG GameScene            - Added MainViewComponent
11:27:17.850 [JavaFX Application Thread] DEBUG GameScene            - Entity added to scene
11:27:17.850 [JavaFX Application Thread] DEBUG GameScene            - Added MainViewComponent
11:27:17.850 [JavaFX Application Thread] DEBUG GameScene            - Entity added to scene
11:27:17.850 [JavaFX Application Thread] DEBUG GameScene            - Added MainViewComponent
11:27:17.850 [JavaFX Application Thread] DEBUG GameScene            - Entity added to scene
11:27:17.850 [JavaFX Application Thread] DEBUG GameScene            - Added MainViewComponent
11:27:17.851 [JavaFX Application Thread] DEBUG GameScene            - Entity added to scene
11:27:17.851 [JavaFX Application Thread] DEBUG GameScene            - Added MainViewComponent
11:27:17.851 [JavaFX Application Thread] DEBUG GameScene            - Entity added to scene
11:27:17.851 [JavaFX Application Thread] DEBUG GameScene            - Added MainViewComponent
11:27:17.851 [JavaFX Application Thread] DEBUG GameScene            - Entity added to scene
11:27:17.851 [JavaFX Application Thread] DEBUG GameScene            - Added MainViewComponent
11:27:17.852 [JavaFX Application Thread] DEBUG GameScene            - Entity added to scene
11:27:17.852 [JavaFX Application Thread] DEBUG GameScene            - Added MainViewComponent
11:27:17.852 [JavaFX Application Thread] DEBUG GameScene            - Entity added to scene
11:27:17.852 [JavaFX Application Thread] DEBUG GameScene            - Added MainViewComponent
11:27:17.852 [JavaFX Application Thread] DEBUG GameScene            - Entity added to scene
11:27:17.852 [JavaFX Application Thread] DEBUG GameScene            - Added MainViewComponent
11:27:17.852 [JavaFX Application Thread] DEBUG GameScene            - Entity added to scene
11:27:17.852 [JavaFX Application Thread] DEBUG GameScene            - Added MainViewComponent
11:27:17.852 [JavaFX Application Thread] DEBUG GameScene            - Entity added to scene
11:27:17.852 [JavaFX Application Thread] DEBUG GameScene            - Added MainViewComponent
11:27:17.853 [JavaFX Application Thread] DEBUG GameScene            - Entity added to scene
11:27:17.853 [JavaFX Application Thread] DEBUG GameScene            - Added MainViewComponent
11:27:17.853 [JavaFX Application Thread] DEBUG GameScene            - Entity added to scene
11:27:17.853 [JavaFX Application Thread] DEBUG GameScene            - Added MainViewComponent
11:27:17.853 [JavaFX Application Thread] DEBUG GameScene            - Entity added to scene
11:27:17.853 [JavaFX Application Thread] DEBUG GameScene            - Added MainViewComponent
11:27:17.853 [JavaFX Application Thread] DEBUG GameScene            - Entity added to scene
11:27:17.853 [JavaFX Application Thread] DEBUG GameScene            - Added MainViewComponent
11:27:17.853 [JavaFX Application Thread] DEBUG GameScene            - Entity added to scene
11:27:17.853 [JavaFX Application Thread] DEBUG GameScene            - Added MainViewComponent
11:27:17.853 [JavaFX Application Thread] DEBUG GameScene            - Entity added to scene
11:27:17.853 [JavaFX Application Thread] DEBUG GameScene            - Added MainViewComponent
11:27:17.853 [JavaFX Application Thread] DEBUG GameScene            - Entity added to scene
11:27:17.854 [JavaFX Application Thread] DEBUG GameScene            - Added MainViewComponent
11:27:17.854 [JavaFX Application Thread] DEBUG GameScene            - Entity added to scene
11:27:17.854 [JavaFX Application Thread] DEBUG GameScene            - Added MainViewComponent
11:27:17.854 [JavaFX Application Thread] DEBUG GameScene            - Entity added to scene
11:27:17.854 [JavaFX Application Thread] DEBUG GameScene            - Added MainViewComponent
11:27:17.854 [JavaFX Application Thread] DEBUG GameScene            - Entity added to scene
11:27:17.854 [JavaFX Application Thread] DEBUG GameScene            - Added MainViewComponent
11:27:17.855 [JavaFX Application Thread] DEBUG GameScene            - Entity added to scene
11:27:17.855 [JavaFX Application Thread] DEBUG GameScene            - Added MainViewComponent
11:27:17.855 [JavaFX Application Thread] DEBUG GameScene            - Entity added to scene
11:27:17.855 [JavaFX Application Thread] DEBUG GameScene            - Added MainViewComponent
11:27:17.855 [JavaFX Application Thread] DEBUG GameScene            - Entity added to scene
11:27:17.855 [JavaFX Application Thread] DEBUG GameScene            - Added MainViewComponent
11:27:17.856 [JavaFX Application Thread] DEBUG GameScene            - Entity added to scene
11:27:17.856 [JavaFX Application Thread] DEBUG GameScene            - Added MainViewComponent
11:27:17.856 [JavaFX Application Thread] DEBUG GameScene            - Entity added to scene
11:27:17.856 [JavaFX Application Thread] DEBUG GameScene            - Added MainViewComponent
11:27:17.856 [JavaFX Application Thread] DEBUG GameScene            - Entity added to scene
11:27:17.856 [JavaFX Application Thread] DEBUG GameScene            - Added MainViewComponent
11:27:17.857 [JavaFX Application Thread] DEBUG GameScene            - Entity added to scene
11:27:17.857 [JavaFX Application Thread] DEBUG GameScene            - Added MainViewComponent
11:27:17.857 [JavaFX Application Thread] DEBUG GameScene            - Entity added to scene
11:27:17.857 [JavaFX Application Thread] DEBUG GameScene            - Added MainViewComponent
11:27:17.857 [JavaFX Application Thread] DEBUG GameScene            - Entity added to scene
11:27:17.857 [JavaFX Application Thread] DEBUG GameScene            - Added MainViewComponent
11:27:17.858 [JavaFX Application Thread] DEBUG GameScene            - Entity added to scene
11:27:17.858 [JavaFX Application Thread] DEBUG GameScene            - Added MainViewComponent
11:27:17.858 [JavaFX Application Thread] DEBUG GameScene            - Entity added to scene
11:27:17.858 [JavaFX Application Thread] DEBUG GameScene            - Added MainViewComponent
11:27:17.859 [JavaFX Application Thread] DEBUG GameScene            - Entity added to scene
11:27:17.859 [JavaFX Application Thread] DEBUG GameScene            - Added MainViewComponent
11:27:17.861 [JavaFX Application Thread] DEBUG GameScene            - Entity added to scene
11:27:17.861 [JavaFX Application Thread] DEBUG GameScene            - Added MainViewComponent
11:27:17.861 [JavaFX Application Thread] DEBUG GameScene            - Entity added to scene
11:27:17.861 [JavaFX Application Thread] DEBUG GameScene            - Added MainViewComponent
11:27:17.861 [JavaFX Application Thread] DEBUG GameScene            - Entity added to scene
11:27:17.861 [JavaFX Application Thread] DEBUG GameScene            - Added MainViewComponent
11:27:17.862 [JavaFX Application Thread] DEBUG GameScene            - Entity added to scene
11:27:17.862 [JavaFX Application Thread] DEBUG GameScene            - Added MainViewComponent
11:27:17.862 [JavaFX Application Thread] DEBUG GameScene            - Entity added to scene
11:27:17.862 [JavaFX Application Thread] DEBUG GameScene            - Added MainViewComponent
11:27:17.862 [JavaFX Application Thread] DEBUG GameScene            - Entity added to scene
11:27:17.862 [JavaFX Application Thread] DEBUG GameScene            - Added MainViewComponent
11:27:17.862 [JavaFX Application Thread] DEBUG GameScene            - Entity added to scene
11:27:17.862 [JavaFX Application Thread] DEBUG GameScene            - Added MainViewComponent
11:27:17.863 [JavaFX Application Thread] DEBUG GameScene            - Entity added to scene
11:27:17.863 [JavaFX Application Thread] DEBUG GameScene            - Added MainViewComponent
11:27:17.863 [JavaFX Application Thread] DEBUG GameScene            - Entity added to scene
11:27:17.863 [JavaFX Application Thread] DEBUG GameScene            - Added MainViewComponent
11:27:17.863 [JavaFX Application Thread] DEBUG GameScene            - Entity added to scene
11:27:17.863 [JavaFX Application Thread] DEBUG GameScene            - Added MainViewComponent
11:27:17.863 [JavaFX Application Thread] DEBUG GameScene            - Entity added to scene
11:27:17.864 [JavaFX Application Thread] DEBUG GameScene            - Added MainViewComponent
11:27:17.864 [JavaFX Application Thread] DEBUG GameScene            - Entity added to scene
11:27:17.864 [JavaFX Application Thread] DEBUG GameScene            - Added MainViewComponent
11:27:17.864 [JavaFX Application Thread] DEBUG GameScene            - Entity added to scene
11:27:17.864 [JavaFX Application Thread] DEBUG GameScene            - Added MainViewComponent
11:27:17.864 [JavaFX Application Thread] DEBUG GameScene            - Entity added to scene
11:27:17.865 [JavaFX Application Thread] DEBUG GameScene            - Added MainViewComponent
11:27:17.865 [JavaFX Application Thread] DEBUG GameScene            - Entity added to scene
11:27:17.865 [JavaFX Application Thread] DEBUG GameScene            - Added MainViewComponent
11:27:17.865 [JavaFX Application Thread] DEBUG GameScene            - Entity added to scene
11:27:17.865 [JavaFX Application Thread] DEBUG GameScene            - Added MainViewComponent
11:27:17.866 [JavaFX Application Thread] DEBUG GameScene            - Entity added to scene
11:27:17.866 [JavaFX Application Thread] DEBUG GameScene            - Added MainViewComponent
11:27:17.867 [JavaFX Application Thread] DEBUG GameScene            - Entity added to scene
11:27:17.867 [JavaFX Application Thread] DEBUG GameScene            - Added MainViewComponent
11:27:17.868 [JavaFX Application Thread] DEBUG GameScene            - Entity added to scene
11:27:17.868 [JavaFX Application Thread] DEBUG GameScene            - Added MainViewComponent
11:27:17.868 [JavaFX Application Thread] DEBUG GameScene            - Entity added to scene
11:27:17.868 [JavaFX Application Thread] DEBUG GameScene            - Added MainViewComponent
11:27:17.868 [JavaFX Application Thread] DEBUG GameScene            - Entity added to scene
11:27:17.868 [JavaFX Application Thread] DEBUG GameScene            - Added MainViewComponent
11:27:17.869 [JavaFX Application Thread] DEBUG GameScene            - Entity added to scene
11:27:17.869 [JavaFX Application Thread] DEBUG GameScene            - Added MainViewComponent
11:27:17.869 [JavaFX Application Thread] DEBUG GameScene            - Entity added to scene
11:27:17.869 [JavaFX Application Thread] DEBUG GameScene            - Added MainViewComponent
11:27:17.869 [JavaFX Application Thread] DEBUG GameScene            - Entity added to scene
11:27:17.869 [JavaFX Application Thread] DEBUG GameScene            - Added MainViewComponent
11:27:17.869 [JavaFX Application Thread] DEBUG GameScene            - Entity added to scene
11:27:17.869 [JavaFX Application Thread] DEBUG GameScene            - Added MainViewComponent
11:27:17.870 [JavaFX Application Thread] DEBUG GameScene            - Entity added to scene
11:27:17.870 [JavaFX Application Thread] DEBUG GameScene            - Added MainViewComponent
11:27:17.870 [JavaFX Application Thread] DEBUG GameScene            - Entity added to scene
11:27:17.870 [JavaFX Application Thread] DEBUG GameScene            - Added MainViewComponent
11:27:17.870 [JavaFX Application Thread] DEBUG GameScene            - Entity added to scene
11:27:17.870 [JavaFX Application Thread] DEBUG GameScene            - Added MainViewComponent
11:27:17.870 [JavaFX Application Thread] DEBUG GameScene            - Entity added to scene
11:27:17.870 [JavaFX Application Thread] DEBUG GameScene            - Added MainViewComponent
11:27:17.870 [JavaFX Application Thread] DEBUG GameScene            - Entity added to scene
11:27:17.870 [JavaFX Application Thread] DEBUG GameScene            - Added MainViewComponent
11:27:17.871 [JavaFX Application Thread] DEBUG GameScene            - Entity added to scene
11:27:17.871 [JavaFX Application Thread] DEBUG GameScene            - Added MainViewComponent
11:27:17.871 [JavaFX Application Thread] DEBUG GameScene            - Entity added to scene
11:27:17.871 [JavaFX Application Thread] DEBUG GameScene            - Added MainViewComponent
11:27:17.871 [JavaFX Application Thread] DEBUG GameScene            - Entity added to scene
11:27:17.871 [JavaFX Application Thread] DEBUG GameScene            - Added MainViewComponent
11:27:17.871 [JavaFX Application Thread] DEBUG GameScene            - Entity added to scene
11:27:17.871 [JavaFX Application Thread] DEBUG GameScene            - Added MainViewComponent
11:27:17.872 [JavaFX Application Thread] DEBUG GameScene            - Entity added to scene
11:27:17.872 [JavaFX Application Thread] DEBUG GameScene            - Added MainViewComponent
11:27:17.872 [JavaFX Application Thread] DEBUG GameScene            - Entity added to scene
11:27:17.872 [JavaFX Application Thread] DEBUG GameScene            - Added MainViewComponent
11:27:17.872 [JavaFX Application Thread] DEBUG GameScene            - Entity added to scene
11:27:17.872 [JavaFX Application Thread] DEBUG GameScene            - Added MainViewComponent
11:27:17.873 [JavaFX Application Thread] DEBUG GameScene            - Entity added to scene
11:27:17.873 [JavaFX Application Thread] DEBUG GameScene            - Added MainViewComponent
11:27:17.873 [JavaFX Application Thread] DEBUG GameScene            - Entity added to scene
11:27:17.873 [JavaFX Application Thread] DEBUG GameScene            - Added MainViewComponent
11:27:17.873 [JavaFX Application Thread] DEBUG GameScene            - Entity added to scene
11:27:17.873 [JavaFX Application Thread] DEBUG GameScene            - Added MainViewComponent
11:27:17.874 [JavaFX Application Thread] DEBUG GameScene            - Entity added to scene
11:27:17.874 [JavaFX Application Thread] DEBUG GameScene            - Added MainViewComponent
11:27:17.874 [JavaFX Application Thread] DEBUG GameScene            - Entity added to scene
11:27:17.874 [JavaFX Application Thread] DEBUG GameScene            - Added MainViewComponent
11:27:17.874 [JavaFX Application Thread] DEBUG GameScene            - Entity added to scene
11:27:17.874 [JavaFX Application Thread] DEBUG GameScene            - Added MainViewComponent
11:27:17.874 [JavaFX Application Thread] DEBUG GameScene            - Entity added to scene
11:27:17.874 [JavaFX Application Thread] DEBUG GameScene            - Added MainViewComponent
11:27:17.874 [JavaFX Application Thread] DEBUG GameScene            - Entity added to scene
11:27:17.874 [JavaFX Application Thread] DEBUG GameScene            - Added MainViewComponent
11:27:17.875 [JavaFX Application Thread] DEBUG GameScene            - Entity added to scene
11:27:17.875 [JavaFX Application Thread] DEBUG GameScene            - Added MainViewComponent
11:27:17.875 [JavaFX Application Thread] DEBUG GameScene            - Entity added to scene
11:27:17.875 [JavaFX Application Thread] DEBUG GameScene            - Added MainViewComponent
11:27:17.875 [JavaFX Application Thread] DEBUG GameScene            - Entity added to scene
11:27:17.875 [JavaFX Application Thread] DEBUG GameScene            - Added MainViewComponent
11:27:17.875 [JavaFX Application Thread] DEBUG GameScene            - Entity added to scene
11:27:17.875 [JavaFX Application Thread] DEBUG GameScene            - Added MainViewComponent
11:27:17.876 [JavaFX Application Thread] DEBUG GameScene            - Entity added to scene
11:27:17.876 [JavaFX Application Thread] DEBUG GameScene            - Added MainViewComponent
11:27:17.876 [JavaFX Application Thread] DEBUG GameScene            - Entity added to scene
11:27:17.876 [JavaFX Application Thread] DEBUG GameScene            - Added MainViewComponent
11:27:17.876 [JavaFX Application Thread] DEBUG GameScene            - Entity added to scene
11:27:17.876 [JavaFX Application Thread] DEBUG GameScene            - Added MainViewComponent
11:27:17.876 [JavaFX Application Thread] DEBUG GameScene            - Entity added to scene
11:27:17.876 [JavaFX Application Thread] DEBUG GameScene            - Added MainViewComponent
11:27:17.876 [JavaFX Application Thread] DEBUG GameScene            - Entity added to scene
11:27:17.877 [JavaFX Application Thread] DEBUG GameScene            - Added MainViewComponent
11:27:17.877 [JavaFX Application Thread] DEBUG GameScene            - Entity added to scene
11:27:17.877 [JavaFX Application Thread] DEBUG GameScene            - Added MainViewComponent
11:27:17.877 [JavaFX Application Thread] DEBUG GameScene            - Entity added to scene
11:27:17.877 [JavaFX Application Thread] DEBUG GameScene            - Added MainViewComponent
11:27:17.877 [JavaFX Application Thread] DEBUG GameScene            - Entity added to scene
11:27:17.877 [JavaFX Application Thread] DEBUG GameScene            - Added MainViewComponent
11:27:17.878 [JavaFX Application Thread] DEBUG GameScene            - Entity added to scene
11:27:17.878 [JavaFX Application Thread] DEBUG GameScene            - Added MainViewComponent
11:27:17.878 [JavaFX Application Thread] DEBUG GameScene            - Entity added to scene
11:27:17.878 [JavaFX Application Thread] DEBUG GameScene            - Added MainViewComponent
11:27:17.878 [JavaFX Application Thread] DEBUG GameScene            - Entity added to scene
11:27:17.878 [JavaFX Application Thread] DEBUG GameScene            - Added MainViewComponent
11:27:17.880 [JavaFX Application Thread] DEBUG GameScene            - Entity added to scene
11:27:17.880 [JavaFX Application Thread] DEBUG GameScene            - Added MainViewComponent
11:27:17.880 [JavaFX Application Thread] DEBUG GameScene            - Entity added to scene
11:27:17.880 [JavaFX Application Thread] DEBUG GameScene            - Added MainViewComponent
11:27:17.881 [JavaFX Application Thread] DEBUG GameScene            - Entity added to scene
11:27:17.881 [JavaFX Application Thread] DEBUG GameScene            - Added MainViewComponent
11:27:17.881 [JavaFX Application Thread] DEBUG GameScene            - Entity added to scene
11:27:17.881 [JavaFX Application Thread] DEBUG GameScene            - Added MainViewComponent
11:27:17.881 [JavaFX Application Thread] DEBUG GameScene            - Entity added to scene
11:27:17.881 [JavaFX Application Thread] DEBUG GameScene            - Added MainViewComponent
11:27:17.881 [JavaFX Application Thread] DEBUG GameScene            - Entity added to scene
11:27:17.881 [JavaFX Application Thread] DEBUG GameScene            - Added MainViewComponent
11:27:17.882 [JavaFX Application Thread] DEBUG GameScene            - Entity added to scene
11:27:17.882 [JavaFX Application Thread] DEBUG GameScene            - Added MainViewComponent
11:27:17.882 [JavaFX Application Thread] DEBUG GameScene            - Entity added to scene
11:27:17.882 [JavaFX Application Thread] DEBUG GameScene            - Added MainViewComponent
11:27:17.882 [JavaFX Application Thread] DEBUG GameScene            - Entity added to scene
11:27:17.882 [JavaFX Application Thread] DEBUG GameScene            - Added MainViewComponent
11:27:17.882 [JavaFX Application Thread] DEBUG GameScene            - Entity added to scene
11:27:17.882 [JavaFX Application Thread] DEBUG GameScene            - Added MainViewComponent
11:27:17.882 [JavaFX Application Thread] DEBUG GameScene            - Entity added to scene
11:27:17.882 [JavaFX Application Thread] DEBUG GameScene            - Added MainViewComponent
11:27:17.883 [JavaFX Application Thread] DEBUG GameScene            - Entity added to scene
11:27:17.883 [JavaFX Application Thread] DEBUG GameScene            - Added MainViewComponent
11:27:17.883 [JavaFX Application Thread] DEBUG GameScene            - Entity added to scene
11:27:17.883 [JavaFX Application Thread] DEBUG GameScene            - Added MainViewComponent
11:27:17.883 [JavaFX Application Thread] DEBUG GameScene            - Entity added to scene
11:27:17.883 [JavaFX Application Thread] DEBUG GameScene            - Added MainViewComponent
11:27:17.883 [JavaFX Application Thread] DEBUG GameScene            - Entity added to scene
11:27:17.883 [JavaFX Application Thread] DEBUG GameScene            - Added MainViewComponent
11:27:17.883 [JavaFX Application Thread] DEBUG GameScene            - Entity added to scene
11:27:17.883 [JavaFX Application Thread] DEBUG GameScene            - Added MainViewComponent
11:27:17.884 [JavaFX Application Thread] DEBUG GameScene            - Entity added to scene
11:27:17.884 [JavaFX Application Thread] DEBUG GameScene            - Added MainViewComponent
11:27:17.884 [JavaFX Application Thread] DEBUG GameScene            - Entity added to scene
11:27:17.884 [JavaFX Application Thread] DEBUG GameScene            - Added MainViewComponent
11:27:17.884 [JavaFX Application Thread] DEBUG GameScene            - Entity added to scene
11:27:17.884 [JavaFX Application Thread] DEBUG GameScene            - Added MainViewComponent
11:27:17.884 [JavaFX Application Thread] DEBUG GameScene            - Entity added to scene
11:27:17.884 [JavaFX Application Thread] DEBUG GameScene            - Added MainViewComponent
11:27:17.885 [JavaFX Application Thread] DEBUG GameScene            - Entity added to scene
11:27:17.885 [JavaFX Application Thread] DEBUG GameScene            - Added MainViewComponent
11:27:17.885 [JavaFX Application Thread] DEBUG GameScene            - Entity added to scene
11:27:17.885 [JavaFX Application Thread] DEBUG GameScene            - Added MainViewComponent
11:27:17.885 [JavaFX Application Thread] DEBUG GameScene            - Entity added to scene
11:27:17.885 [JavaFX Application Thread] DEBUG GameScene            - Added MainViewComponent
11:27:17.885 [JavaFX Application Thread] DEBUG GameScene            - Entity added to scene
11:27:17.885 [JavaFX Application Thread] DEBUG GameScene            - Added MainViewComponent
11:27:17.885 [JavaFX Application Thread] DEBUG GameScene            - Entity added to scene
11:27:17.885 [JavaFX Application Thread] DEBUG GameScene            - Added MainViewComponent
11:27:17.886 [JavaFX Application Thread] DEBUG GameScene            - Entity added to scene
11:27:17.886 [JavaFX Application Thread] DEBUG GameScene            - Added MainViewComponent
11:27:17.886 [JavaFX Application Thread] DEBUG GameScene            - Entity added to scene
11:27:17.886 [JavaFX Application Thread] DEBUG GameScene            - Added MainViewComponent
11:27:17.886 [JavaFX Application Thread] DEBUG GameScene            - Creating render group for layer: TOP(2147483647)
11:27:17.886 [JavaFX Application Thread] DEBUG GameScene            - Entity added to scene
11:27:17.886 [JavaFX Application Thread] DEBUG GameScene            - Added MainViewComponent
11:27:17.887 [JavaFX Application Thread] DEBUG GameScene            - Entity added to scene
11:27:17.887 [JavaFX Application Thread] DEBUG GameScene            - Added MainViewComponent
11:27:17.887 [JavaFX Application Thread] DEBUG GameScene            - Entity added to scene
11:27:17.887 [JavaFX Application Thread] DEBUG GameScene            - Added MainViewComponent
11:27:17.887 [JavaFX Application Thread] DEBUG GameScene            - Entity added to scene
11:27:17.887 [JavaFX Application Thread] DEBUG GameScene            - Added MainViewComponent
11:27:17.887 [JavaFX Application Thread] DEBUG GameScene            - Entity added to scene
11:27:17.887 [JavaFX Application Thread] DEBUG GameScene            - Added MainViewComponent
11:27:17.888 [JavaFX Application Thread] DEBUG GameScene            - Entity added to scene
11:27:17.888 [JavaFX Application Thread] DEBUG GameScene            - Added MainViewComponent
11:27:17.888 [JavaFX Application Thread] DEBUG GameScene            - Entity added to scene
11:27:17.888 [JavaFX Application Thread] DEBUG GameScene            - Added MainViewComponent
11:27:17.888 [JavaFX Application Thread] DEBUG GameScene            - Entity added to scene
11:27:17.888 [JavaFX Application Thread] DEBUG GameScene            - Added MainViewComponent
11:27:17.888 [JavaFX Application Thread] DEBUG GameScene            - Entity added to scene
11:27:17.888 [JavaFX Application Thread] DEBUG GameScene            - Added MainViewComponent
11:27:17.888 [JavaFX Application Thread] DEBUG GameScene            - Entity added to scene
11:27:17.889 [JavaFX Application Thread] DEBUG GameScene            - Added MainViewComponent
11:27:17.889 [JavaFX Application Thread] DEBUG GameScene            - Entity added to scene
11:27:17.889 [JavaFX Application Thread] DEBUG GameScene            - Added MainViewComponent
11:27:17.889 [JavaFX Application Thread] DEBUG GameScene            - Entity added to scene
11:27:17.889 [JavaFX Application Thread] DEBUG GameScene            - Added MainViewComponent
11:27:17.889 [JavaFX Application Thread] DEBUG GameScene            - Entity added to scene
11:27:17.889 [JavaFX Application Thread] DEBUG GameScene            - Added MainViewComponent
11:27:17.890 [JavaFX Application Thread] DEBUG GameScene            - Entity added to scene
11:27:17.890 [JavaFX Application Thread] DEBUG GameScene            - Added MainViewComponent
11:27:17.890 [JavaFX Application Thread] DEBUG GameScene            - Entity added to scene
11:27:17.890 [JavaFX Application Thread] DEBUG GameScene            - Added MainViewComponent
11:27:17.890 [JavaFX Application Thread] DEBUG GameScene            - Entity added to scene
11:27:17.890 [JavaFX Application Thread] DEBUG GameScene            - Added MainViewComponent
11:27:17.891 [JavaFX Application Thread] DEBUG GameScene            - Entity added to scene
11:27:17.891 [JavaFX Application Thread] DEBUG GameScene            - Added MainViewComponent
11:27:17.891 [JavaFX Application Thread] DEBUG GameScene            - Entity added to scene
11:27:17.891 [JavaFX Application Thread] DEBUG GameScene            - Added MainViewComponent
11:27:17.891 [JavaFX Application Thread] DEBUG GameScene            - Entity added to scene
11:27:17.891 [JavaFX Application Thread] DEBUG GameScene            - Added MainViewComponent
11:27:17.891 [JavaFX Application Thread] DEBUG GameScene            - Entity added to scene
11:27:17.891 [JavaFX Application Thread] DEBUG GameScene            - Added MainViewComponent
11:27:17.892 [JavaFX Application Thread] DEBUG GameScene            - Entity added to scene
11:27:17.892 [JavaFX Application Thread] DEBUG GameScene            - Added MainViewComponent
11:27:17.892 [JavaFX Application Thread] DEBUG GameScene            - Entity added to scene
11:27:17.892 [JavaFX Application Thread] DEBUG GameScene            - Added MainViewComponent
11:27:17.892 [JavaFX Application Thread] DEBUG GameScene            - Entity added to scene
11:27:17.892 [JavaFX Application Thread] DEBUG GameScene            - Added MainViewComponent
11:27:17.893 [JavaFX Application Thread] DEBUG GameScene            - Entity added to scene
11:27:17.893 [JavaFX Application Thread] DEBUG GameScene            - Added MainViewComponent
11:27:17.893 [JavaFX Application Thread] DEBUG GameScene            - Entity added to scene
11:27:17.893 [JavaFX Application Thread] DEBUG GameScene            - Added MainViewComponent
11:27:17.893 [JavaFX Application Thread] DEBUG GameScene            - Entity added to scene
11:27:17.893 [JavaFX Application Thread] DEBUG GameScene            - Added MainViewComponent
11:27:17.893 [JavaFX Application Thread] DEBUG GameScene            - Entity added to scene
11:27:17.894 [JavaFX Application Thread] DEBUG GameScene            - Added MainViewComponent
11:27:17.894 [JavaFX Application Thread] DEBUG GameScene            - Entity added to scene
11:27:17.894 [JavaFX Application Thread] DEBUG GameScene            - Added MainViewComponent
11:27:17.894 [JavaFX Application Thread] DEBUG GameScene            - Entity added to scene
11:27:17.894 [JavaFX Application Thread] DEBUG GameScene            - Added MainViewComponent
11:27:17.894 [JavaFX Application Thread] DEBUG GameScene            - Entity added to scene
11:27:17.894 [JavaFX Application Thread] DEBUG GameScene            - Added MainViewComponent
11:27:17.894 [JavaFX Application Thread] DEBUG GameScene            - Entity added to scene
11:27:17.894 [JavaFX Application Thread] DEBUG GameScene            - Added MainViewComponent
11:27:17.895 [JavaFX Application Thread] DEBUG GameScene            - Entity added to scene
11:27:17.895 [JavaFX Application Thread] DEBUG GameScene            - Added MainViewComponent
11:27:17.895 [JavaFX Application Thread] DEBUG GameScene            - Entity added to scene
11:27:17.895 [JavaFX Application Thread] DEBUG GameScene            - Added MainViewComponent
11:27:17.895 [JavaFX Application Thread] DEBUG GameScene            - Entity added to scene
11:27:17.895 [JavaFX Application Thread] DEBUG GameScene            - Added MainViewComponent
11:27:17.895 [JavaFX Application Thread] DEBUG GameScene            - Entity added to scene
11:27:17.895 [JavaFX Application Thread] DEBUG GameScene            - Added MainViewComponent
11:27:17.895 [JavaFX Application Thread] DEBUG GameScene            - Entity added to scene
11:27:17.895 [JavaFX Application Thread] DEBUG GameScene            - Added MainViewComponent
11:27:17.896 [JavaFX Application Thread] DEBUG GameScene            - Entity added to scene
11:27:17.896 [JavaFX Application Thread] DEBUG GameScene            - Added MainViewComponent
11:27:17.896 [JavaFX Application Thread] DEBUG GameScene            - Entity added to scene
11:27:17.896 [JavaFX Application Thread] DEBUG GameScene            - Added MainViewComponent
11:27:17.896 [JavaFX Application Thread] DEBUG GameScene            - Entity added to scene
11:27:17.896 [JavaFX Application Thread] DEBUG GameScene            - Added MainViewComponent
11:27:17.896 [JavaFX Application Thread] DEBUG GameScene            - Entity added to scene
11:27:17.896 [JavaFX Application Thread] DEBUG GameScene            - Added MainViewComponent
11:27:17.896 [JavaFX Application Thread] DEBUG GameScene            - Entity added to scene
11:27:17.897 [JavaFX Application Thread] DEBUG GameScene            - Added MainViewComponent
11:27:17.897 [JavaFX Application Thread] DEBUG GameScene            - Entity added to scene
11:27:17.897 [JavaFX Application Thread] DEBUG GameScene            - Added MainViewComponent
11:27:17.897 [JavaFX Application Thread] DEBUG GameScene            - Entity added to scene
11:27:17.897 [JavaFX Application Thread] DEBUG GameScene            - Added MainViewComponent
11:27:17.897 [JavaFX Application Thread] DEBUG GameScene            - Entity added to scene
11:27:17.897 [JavaFX Application Thread] DEBUG GameScene            - Added MainViewComponent
11:27:17.897 [JavaFX Application Thread] DEBUG GameScene            - Entity added to scene
11:27:17.897 [JavaFX Application Thread] DEBUG GameScene            - Added MainViewComponent
11:27:17.897 [JavaFX Application Thread] DEBUG GameScene            - Entity added to scene
11:27:17.897 [JavaFX Application Thread] DEBUG GameScene            - Added MainViewComponent
11:27:17.898 [JavaFX Application Thread] DEBUG GameScene            - Entity added to scene
11:27:17.898 [JavaFX Application Thread] DEBUG GameScene            - Added MainViewComponent
11:27:17.898 [JavaFX Application Thread] DEBUG GameScene            - Entity added to scene
11:27:17.898 [JavaFX Application Thread] DEBUG GameScene            - Added MainViewComponent
11:27:17.898 [JavaFX Application Thread] DEBUG GameScene            - Entity added to scene
11:27:17.898 [JavaFX Application Thread] DEBUG GameScene            - Added MainViewComponent
11:27:17.898 [JavaFX Application Thread] DEBUG GameScene            - Entity added to scene
11:27:17.898 [JavaFX Application Thread] DEBUG GameScene            - Added MainViewComponent
11:27:17.898 [JavaFX Application Thread] DEBUG GameScene            - Entity added to scene
11:27:17.898 [JavaFX Application Thread] DEBUG GameScene            - Added MainViewComponent
11:27:17.899 [JavaFX Application Thread] DEBUG GameScene            - Entity added to scene
11:27:17.899 [JavaFX Application Thread] DEBUG GameScene            - Added MainViewComponent
11:27:17.899 [JavaFX Application Thread] DEBUG GameScene            - Entity added to scene
11:27:17.899 [JavaFX Application Thread] DEBUG GameScene            - Added MainViewComponent
11:27:17.899 [JavaFX Application Thread] DEBUG GameScene            - Entity added to scene
11:27:17.899 [JavaFX Application Thread] DEBUG GameScene            - Added MainViewComponent
11:27:17.899 [JavaFX Application Thread] DEBUG GameScene            - Entity added to scene
11:27:17.899 [JavaFX Application Thread] DEBUG GameScene            - Added MainViewComponent
11:27:17.899 [JavaFX Application Thread] DEBUG GameScene            - Entity added to scene
11:27:17.899 [JavaFX Application Thread] DEBUG GameScene            - Added MainViewComponent
11:27:17.900 [JavaFX Application Thread] DEBUG GameScene            - Entity added to scene
11:27:17.900 [JavaFX Application Thread] DEBUG GameScene            - Added MainViewComponent
11:27:17.900 [JavaFX Application Thread] DEBUG GameScene            - Entity added to scene
11:27:17.900 [JavaFX Application Thread] DEBUG GameScene            - Added MainViewComponent
11:27:17.900 [JavaFX Application Thread] DEBUG GameScene            - Entity added to scene
11:27:17.900 [JavaFX Application Thread] DEBUG GameScene            - Added MainViewComponent
11:27:17.900 [JavaFX Application Thread] DEBUG GameScene            - Entity added to scene
11:27:17.900 [JavaFX Application Thread] DEBUG GameScene            - Added MainViewComponent
11:27:17.901 [JavaFX Application Thread] DEBUG GameScene            - Entity added to scene
11:27:17.901 [JavaFX Application Thread] DEBUG GameScene            - Added MainViewComponent
11:27:17.901 [JavaFX Application Thread] DEBUG GameScene            - Entity added to scene
11:27:17.901 [JavaFX Application Thread] DEBUG GameScene            - Added MainViewComponent
11:27:17.901 [JavaFX Application Thread] DEBUG GameScene            - Entity added to scene
11:27:17.901 [JavaFX Application Thread] DEBUG GameScene            - Added MainViewComponent
11:27:17.901 [JavaFX Application Thread] DEBUG GameScene            - Entity added to scene
11:27:17.901 [JavaFX Application Thread] DEBUG GameScene            - Added MainViewComponent
11:27:17.902 [JavaFX Application Thread] DEBUG GameScene            - Entity added to scene
11:27:17.902 [JavaFX Application Thread] DEBUG GameScene            - Added MainViewComponent
11:27:17.902 [JavaFX Application Thread] DEBUG GameScene            - Entity added to scene
11:27:17.902 [JavaFX Application Thread] DEBUG GameScene            - Added MainViewComponent
11:27:17.902 [JavaFX Application Thread] DEBUG GameScene            - Entity added to scene
11:27:17.902 [JavaFX Application Thread] DEBUG GameScene            - Added MainViewComponent
11:27:17.902 [JavaFX Application Thread] DEBUG GameScene            - Entity added to scene
11:27:17.902 [JavaFX Application Thread] DEBUG GameScene            - Added MainViewComponent
11:27:17.902 [JavaFX Application Thread] DEBUG GameScene            - Entity added to scene
11:27:17.902 [JavaFX Application Thread] DEBUG GameScene            - Added MainViewComponent
11:27:17.907 [JavaFX Application Thread] DEBUG GameScene            - Entity added to scene
11:27:17.907 [JavaFX Application Thread] DEBUG GameScene            - Added MainViewComponent
11:27:17.908 [JavaFX Application Thread] DEBUG GameScene            - Entity added to scene
11:27:17.908 [JavaFX Application Thread] DEBUG GameScene            - Added MainViewComponent
11:27:17.908 [JavaFX Application Thread] DEBUG GameScene            - Entity added to scene
11:27:17.908 [JavaFX Application Thread] DEBUG GameScene            - Added MainViewComponent
11:27:17.908 [JavaFX Application Thread] DEBUG GameScene            - Entity added to scene
11:27:17.908 [JavaFX Application Thread] DEBUG GameScene            - Added MainViewComponent
11:27:17.908 [JavaFX Application Thread] DEBUG GameScene            - Entity added to scene
11:27:17.908 [JavaFX Application Thread] DEBUG GameScene            - Added MainViewComponent
11:27:17.909 [JavaFX Application Thread] DEBUG GameScene            - Entity added to scene
11:27:17.909 [JavaFX Application Thread] DEBUG GameScene            - Added MainViewComponent
11:27:17.909 [JavaFX Application Thread] DEBUG GameScene            - Entity added to scene
11:27:17.909 [JavaFX Application Thread] DEBUG GameScene            - Added MainViewComponent
11:27:17.909 [JavaFX Application Thread] DEBUG GameScene            - Entity added to scene
11:27:17.909 [JavaFX Application Thread] DEBUG GameScene            - Added MainViewComponent
11:27:17.909 [JavaFX Application Thread] DEBUG GameScene            - Entity added to scene
11:27:17.909 [JavaFX Application Thread] DEBUG GameScene            - Added MainViewComponent
11:27:17.909 [JavaFX Application Thread] DEBUG GameScene            - Entity added to scene
11:27:17.909 [JavaFX Application Thread] DEBUG GameScene            - Added MainViewComponent
11:27:17.910 [JavaFX Application Thread] DEBUG GameScene            - Entity added to scene
11:27:17.910 [JavaFX Application Thread] DEBUG GameScene            - Added MainViewComponent
11:27:17.910 [JavaFX Application Thread] DEBUG GameScene            - Entity added to scene
11:27:17.910 [JavaFX Application Thread] DEBUG GameScene            - Added MainViewComponent
11:27:17.910 [JavaFX Application Thread] DEBUG GameScene            - Entity added to scene
11:27:17.910 [JavaFX Application Thread] DEBUG GameScene            - Added MainViewComponent
11:27:17.910 [JavaFX Application Thread] DEBUG GameScene            - Entity added to scene
11:27:17.910 [JavaFX Application Thread] DEBUG GameScene            - Added MainViewComponent
11:27:17.910 [JavaFX Application Thread] DEBUG GameScene            - Entity added to scene
11:27:17.910 [JavaFX Application Thread] DEBUG GameScene            - Added MainViewComponent
11:27:17.910 [JavaFX Application Thread] DEBUG GameScene            - Entity added to scene
11:27:17.911 [JavaFX Application Thread] DEBUG GameScene            - Added MainViewComponent
11:27:17.911 [JavaFX Application Thread] DEBUG GameScene            - Entity added to scene
11:27:17.911 [JavaFX Application Thread] DEBUG GameScene            - Added MainViewComponent
11:27:17.911 [JavaFX Application Thread] DEBUG GameScene            - Entity added to scene
11:27:17.911 [JavaFX Application Thread] DEBUG GameScene            - Added MainViewComponent
11:27:17.911 [JavaFX Application Thread] DEBUG GameScene            - Entity added to scene
11:27:17.911 [JavaFX Application Thread] DEBUG GameScene            - Added MainViewComponent
11:27:17.911 [JavaFX Application Thread] DEBUG GameScene            - Entity added to scene
11:27:17.911 [JavaFX Application Thread] DEBUG GameScene            - Added MainViewComponent
11:27:17.913 [JavaFX Application Thread] DEBUG GameScene            - Entity added to scene
11:27:17.913 [JavaFX Application Thread] DEBUG GameScene            - Added MainViewComponent
11:27:17.914 [JavaFX Application Thread] DEBUG GameScene            - Entity added to scene
11:27:17.914 [JavaFX Application Thread] DEBUG GameScene            - Added MainViewComponent
11:27:17.914 [JavaFX Application Thread] DEBUG GameScene            - Entity added to scene
11:27:17.914 [JavaFX Application Thread] DEBUG GameScene            - Added MainViewComponent
11:27:17.914 [JavaFX Application Thread] DEBUG GameScene            - Entity added to scene
11:27:17.914 [JavaFX Application Thread] DEBUG GameScene            - Added MainViewComponent
11:27:17.915 [JavaFX Application Thread] DEBUG GameScene            - Entity added to scene
11:27:17.915 [JavaFX Application Thread] DEBUG GameScene            - Added MainViewComponent
11:27:17.916 [JavaFX Application Thread] DEBUG GameScene            - Entity added to scene
11:27:17.916 [JavaFX Application Thread] DEBUG GameScene            - Added MainViewComponent
11:27:17.916 [JavaFX Application Thread] DEBUG GameScene            - Entity added to scene
11:27:17.916 [JavaFX Application Thread] DEBUG GameScene            - Added MainViewComponent
11:27:17.916 [JavaFX Application Thread] DEBUG GameScene            - Entity added to scene
11:27:17.916 [JavaFX Application Thread] DEBUG GameScene            - Added MainViewComponent
11:27:17.916 [JavaFX Application Thread] DEBUG GameScene            - Entity added to scene
11:27:17.916 [JavaFX Application Thread] DEBUG GameScene            - Added MainViewComponent
11:27:17.916 [JavaFX Application Thread] DEBUG GameScene            - Entity added to scene
11:27:17.916 [JavaFX Application Thread] DEBUG GameScene            - Added MainViewComponent
11:27:17.916 [JavaFX Application Thread] DEBUG GameScene            - Entity added to scene
11:27:17.916 [JavaFX Application Thread] DEBUG GameScene            - Added MainViewComponent
11:27:17.917 [JavaFX Application Thread] DEBUG GameScene            - Entity added to scene
11:27:17.917 [JavaFX Application Thread] DEBUG GameScene            - Added MainViewComponent
11:27:17.917 [JavaFX Application Thread] DEBUG GameScene            - Entity added to scene
11:27:17.917 [JavaFX Application Thread] DEBUG GameScene            - Added MainViewComponent
11:27:17.917 [JavaFX Application Thread] DEBUG GameScene            - Entity added to scene
11:27:17.917 [JavaFX Application Thread] DEBUG GameScene            - Added MainViewComponent
11:27:17.917 [JavaFX Application Thread] DEBUG GameScene            - Entity added to scene
11:27:17.917 [JavaFX Application Thread] DEBUG GameScene            - Added MainViewComponent
11:27:17.917 [JavaFX Application Thread] DEBUG GameScene            - Entity added to scene
11:27:17.917 [JavaFX Application Thread] DEBUG GameScene            - Added MainViewComponent
11:27:25.039 [JavaFX Application Thread] DEBUG FXGLEventBus         - Firing event: DisplayEvent[type=DIALOG_OPENED]
11:27:25.040 [JavaFX Application Thread] DEBUG FXGLInput            - Clearing active input actions
11:27:25.041 [JavaFX Application Thread] DEBUG FXGLMasterTimer      - Stopping master timer
11:27:25.041 [JavaFX Application Thread] DEBUG GameApplication      - State: PLAYING -> PAUSED
11:27:25.041 [JavaFX Application Thread] DEBUG FXGLEventBus         - Firing event: FXGLEvent[type=PAUSE]
11:27:25.041 [JavaFX Application Thread] DEBUG FXGLInput            - Clearing active input actions
11:27:25.940 [JavaFX Application Thread] DEBUG FXGLEventBus         - Firing event: DisplayEvent[type=DIALOG_CLOSED]
11:27:25.941 [JavaFX Application Thread] DEBUG FXGLInput            - Clearing active input actions
11:27:25.941 [JavaFX Application Thread] DEBUG FXGLMasterTimer      - Starting master timer
11:27:25.941 [JavaFX Application Thread] DEBUG GameApplication      - State: PAUSED -> PLAYING
11:27:25.941 [JavaFX Application Thread] DEBUG FXGLEventBus         - Firing event: FXGLEvent[type=RESUME]
11:27:25.941 [JavaFX Application Thread] DEBUG FXGLEventBus         - Firing event: DisplayEvent[type=CLOSE_REQUEST]
11:27:25.943 [JavaFX Application Thread] DEBUG FXGLEventBus         - Firing event: FXGLEvent[type=EXIT]
11:27:25.943 [JavaFX Application Thread] DEBUG FXGL                 - Saving FXGL system data
11:27:25.947 [JavaFX Application Thread] DEBUG IOTask               - Executing task: writeDataTask(system/fxgl.bundle)
11:27:25.950 [JavaFX Application Thread] DEBUG FS                   - Writing to: system\fxgl.bundle
11:27:25.959 [JavaFX Application Thread] DEBUG IOTask               - Task succeeded: writeDataTask(system/fxgl.bundle)
